#XSPEC version: 12.11.0
#Build Date/Time: Thu Jul  2 16:22:45 2020
#
!XSPEC12> show data
#
#1 file 1 spectrum 
#Spectrum 1  Spectral Data File: /home/thaddaeus/FMU/Steiner/thaddaeus/1050360104/jspipe/js_ni1050360104_0mpu7_silver_GTI0.jsgrp
#Net count rate (cts/s) for Spectrum:1  7.144e+03 +/- 5.664e+00 (100.0 % total)
# Assigned to Data Group 1 and Plot Group 1
#  Noticed Channels:  22-254
#  Telescope: NICER Instrument: XTI  Channel Type: PI
#  Exposure Time: 222.8 sec
# Using fit statistic: pgstat
# Using Background File                /home/thaddaeus/FMU/Steiner/thaddaeus/1050360104/jspipe/js_ni1050360104_0mpu7_silver_GTI0.bg
#  Background Exposure Time: 222.8 sec
# Using Response (RMF) File            /home/thaddaeus/FMU/Steiner/thaddaeus/nicer_d49_55575341.rmf for Source 1
# Using Auxiliary Response (ARF) File  /home/thaddaeus/FMU/Steiner/thaddaeus/nicer_d49_55575341.arf
#
#
!XSPEC12> show fit
#
#Fit statistic  : PG-Statistic                1147.53     using 233 bins.
#
#Test statistic : Chi-Squared                 1180.42     using 233 bins.
# Null hypothesis probability of 3.49e-128 with 228 degrees of freedom
#
!XSPEC12> show param
#
#Parameters defined:
#========================================================================
#Model TBabs<1>(diskbb<2> + nthComp<3>) Source No.: 1   Active/On
#Model Model Component  Parameter  Unit     Value
# par  comp
#   1    1   TBabs      nH         10^22    3.58019      +/-  5.28545E-02  
#   2    2   diskbb     Tin        keV      0.273372     +/-  4.86155E-02  
#   3    2   diskbb     norm                9.49813E-08  +/-  6.00964E+11  
#   4    3   nthComp    Gamma               2.09445      +/-  7.04041E-03  
#   5    3   nthComp    kT_e       keV      100.000      frozen
#   6    3   nthComp    kT_bb      keV      0.273372     = p2
#   7    3   nthComp    inp_type   0/1      1.00000      frozen
#   8    3   nthComp    Redshift            0.0          frozen
#   9    3   nthComp    norm                25.1182      +/-  1.94821      
#________________________________________________________________________
#
#
!XSPEC12> log none
#