#XSPEC version: 12.11.0
#Build Date/Time: Thu Jul  2 16:22:45 2020
#
!XSPEC12> show data
#
#1 file 1 spectrum 
#Spectrum 1  Spectral Data File: /home/thaddaeus/FMU/Steiner/thaddaeus/1050360105/jspipe/js_ni1050360105_0mpu7_silver_GTI0.jsgrp
#Net count rate (cts/s) for Spectrum:1  4.776e+03 +/- 4.925e+00 (99.9 % total)
# Assigned to Data Group 1 and Plot Group 1
#  Noticed Channels:  76-214
#  Telescope: NICER Instrument: XTI  Channel Type: PI
#  Exposure Time: 197.1 sec
# Using fit statistic: pgstat
# Using Background File                /home/thaddaeus/FMU/Steiner/thaddaeus/1050360105/jspipe/js_ni1050360105_0mpu7_silver_GTI0.bg
#  Background Exposure Time: 197.1 sec
# Using Response (RMF) File            /home/thaddaeus/FMU/Steiner/thaddaeus/nicer_d49_55575341.rmf for Source 1
# Using Auxiliary Response (ARF) File  /home/thaddaeus/FMU/Steiner/thaddaeus/nicer_d49_55575341.arf
#
#
!XSPEC12> show param
#
#Parameters defined:
#========================================================================
#Model TBfeo<1>*simpl<2>*diskbb<3> Source No.: 1   Active/On
#Model Model Component  Parameter  Unit     Value
# par  comp
#   1    1   TBfeo      nH         10^22    3.61809      +/-  0.724986     
#   2    1   TBfeo      O                   0.216085     +/-  0.443417     
#   3    1   TBfeo      Fe                  3.38149      +/-  0.862214     
#   4    1   TBfeo      redshift            0.0          frozen
#   5    2   simpl      Gamma               2.07488      +/-  6.75406E-02  
#   6    2   simpl      FracSctr            0.548931     +/-  3.91535E-02  
#   7    2   simpl      UpScOnly            1.00000      frozen
#   8    3   diskbb     Tin        keV      0.606945     +/-  6.55422E-02  
#   9    3   diskbb     norm                2.60399E+04  +/-  1.24946E+04  
#________________________________________________________________________
#
#
!XSPEC12> show fit
#
#Fit statistic  : PG-Statistic                 143.37     using 139 bins.
#
#Test statistic : Chi-Squared                  143.85     using 139 bins.
# Null hypothesis probability of 2.27e-01 with 132 degrees of freedom
#
!XSPEC12> log none
#