#XSPEC version: 12.11.0
#Build Date/Time: Thu Jul  2 16:22:45 2020
#
!XSPEC12> show data
#
#1 file 1 spectrum 
#Spectrum 1  Spectral Data File: /home/thaddaeus/FMU/Steiner/thaddaeus/1050360106/jspipe/js_ni1050360106_0mpu7_silver_GTI0.jsgrp
#Net count rate (cts/s) for Spectrum:1  4.364e+03 +/- 2.299e+00 (100.0 % total)
# Assigned to Data Group 1 and Plot Group 1
#  Noticed Channels:  76-214
#  Telescope: NICER Instrument: XTI  Channel Type: PI
#  Exposure Time: 825.7 sec
# Using fit statistic: pgstat
# Using Background File                /home/thaddaeus/FMU/Steiner/thaddaeus/1050360106/jspipe/js_ni1050360106_0mpu7_silver_GTI0.bg
#  Background Exposure Time: 825.7 sec
# Using Response (RMF) File            /home/thaddaeus/FMU/Steiner/thaddaeus/nicer_d49_55575341.rmf for Source 1
# Using Auxiliary Response (ARF) File  /home/thaddaeus/FMU/Steiner/thaddaeus/nicer_d49_55575341.arf
#
#
!XSPEC12> show param
#
#Parameters defined:
#========================================================================
#Model TBfeo<1>*simpl<2>*diskbb<3> + gaussian<4> Source No.: 1   Active/On
#Model Model Component  Parameter  Unit     Value
# par  comp
#   1    1   TBfeo      nH         10^22    3.97616      +/-  0.385764     
#   2    1   TBfeo      O                   0.812487     +/-  0.453720     
#   3    1   TBfeo      Fe                  2.07284      +/-  0.363989     
#   4    1   TBfeo      redshift            0.0          frozen
#   5    2   simpl      Gamma               1.98900      +/-  3.88696E-02  
#   6    2   simpl      FracSctr            0.489159     +/-  8.22519E-02  
#   7    2   simpl      UpScOnly            1.00000      frozen
#   8    3   diskbb     Tin        keV      0.421152     +/-  3.90733E-02  
#   9    3   diskbb     norm                1.19589E+05  +/-  6.78733E+04  
#  10    4   gaussian   LineE      keV      6.45159      +/-  8.32043E-02  
#  11    4   gaussian   Sigma      keV      0.531637     +/-  0.108664     
#  12    4   gaussian   norm                2.69152E-02  +/-  9.87330E-03  
#________________________________________________________________________
#
#
!XSPEC12> show fit
#
#Fit statistic  : PG-Statistic                 140.31     using 139 bins.
#
#Test statistic : Chi-Squared                  140.68     using 139 bins.
# Null hypothesis probability of 2.27e-01 with 129 degrees of freedom
#
!XSPEC12> log none
#