#XSPEC version: 12.11.0
#Build Date/Time: Thu Jul  2 16:22:45 2020
#
!XSPEC12> chatter 10
#
!XSPEC12> show data
#
#1 file 1 spectrum 
#Spectrum 1  Spectral Data File: /home/thaddaeus/FMU/Steiner/thaddaeus/1130360275/jspipe/js_ni1130360275_0mpu7_silver_GTI0.jsgrp
#Net count rate (cts/s) for Spectrum:1  3.584e+00 +/- 6.816e-02 (91.8 % total)
# Assigned to Data Group 1 and Plot Group 1
#  Noticed Channels:  35-210
#  Telescope: NICER Instrument: XTI  Channel Type: PI
#  Exposure Time: 846.3 sec
# Using fit statistic: pgstat
# Using Background File                /home/thaddaeus/FMU/Steiner/thaddaeus/1130360275/jspipe/js_ni1130360275_0mpu7_silver_GTI0.bg
#  Background Exposure Time: 846.3 sec
# Using Response (RMF) File            /home/thaddaeus/FMU/Steiner/thaddaeus/nicer_d49_55575341.rmf for Source 1
# Using Auxiliary Response (ARF) File  /home/thaddaeus/FMU/Steiner/thaddaeus/nicer_d49_55575341.arf
#
#
!XSPEC12> show fit
#
#Fit statistic  : PG-Statistic                 183.52     using 176 bins.
#
#Test statistic : Chi-Squared                  182.66     using 176 bins.
# Null hypothesis probability of 2.57e-01 with 171 degrees of freedom
#
!XSPEC12> show param
#
#Parameters defined:
#========================================================================
#Model TBabs<1>*simpl<2>*diskbb<3> Source No.: 1   Active/On
#Model Model Component  Parameter  Unit     Value
# par  comp
#   1    1   TBabs      nH         10^22    2.59365      +/-  1.31024      
#   2    2   simpl      Gamma               2.87114      +/-  16.7545      
#   3    2   simpl      FracSctr            0.990052     +/-  394.082      
#   4    2   simpl      UpScOnly            1.00000      frozen
#   5    3   diskbb     Tin        keV      1.59450      +/-  314.503      
#   6    3   diskbb     norm                0.245711     +/-  145.867      
#________________________________________________________________________
#
#
!XSPEC12> log none
#