#XSPEC version: 12.11.0
#Build Date/Time: Thu Jul  2 16:22:45 2020
#
!XSPEC12> chatter 10
#
!XSPEC12> show data
#
#1 file 1 spectrum 
#Spectrum 1  Spectral Data File: /home/thaddaeus/FMU/Steiner/thaddaeus/1130360276/jspipe/js_ni1130360276_0mpu7_silver_GTI0.jsgrp
#Net count rate (cts/s) for Spectrum:1  4.345e+00 +/- 7.394e-02 (92.5 % total)
# Assigned to Data Group 1 and Plot Group 1
#  Noticed Channels:  37-231
#  Telescope: NICER Instrument: XTI  Channel Type: PI
#  Exposure Time: 864.8 sec
# Using fit statistic: pgstat
# Using Background File                /home/thaddaeus/FMU/Steiner/thaddaeus/1130360276/jspipe/js_ni1130360276_0mpu7_silver_GTI0.bg
#  Background Exposure Time: 864.8 sec
# Using Response (RMF) File            /home/thaddaeus/FMU/Steiner/thaddaeus/nicer_d49_55575341.rmf for Source 1
# Using Auxiliary Response (ARF) File  /home/thaddaeus/FMU/Steiner/thaddaeus/nicer_d49_55575341.arf
#
#
!XSPEC12> show fit
#
#Fit statistic  : PG-Statistic                 190.57     using 195 bins.
#
#Test statistic : Chi-Squared                  204.88     using 195 bins.
# Null hypothesis probability of 2.18e-01 with 190 degrees of freedom
#
!XSPEC12> show param
#
#Parameters defined:
#========================================================================
#Model TBabs<1>*simpl<2>*diskbb<3> Source No.: 1   Active/On
#Model Model Component  Parameter  Unit     Value
# par  comp
#   1    1   TBabs      nH         10^22    2.59365      +/-  0.206163     
#   2    2   simpl      Gamma               1.39365      +/-  1.62984      
#   3    2   simpl      FracSctr            0.855697     +/-  1.38989      
#   4    2   simpl      UpScOnly            1.00000      frozen
#   5    3   diskbb     Tin        keV      1.21365      +/-  3.05584      
#   6    3   diskbb     norm                1.00306      +/-  6.50194      
#________________________________________________________________________
#
#
!XSPEC12> log none
#