#XSPEC version: 12.11.0
#Build Date/Time: Thu Jul  2 16:22:45 2020
#
!XSPEC12> chatter 10
#
!XSPEC12> show data
#
#1 file 1 spectrum 
#Spectrum 1  Spectral Data File: /home/thaddaeus/FMU/Steiner/thaddaeus/1130360284/jspipe/js_ni1130360284_0mpu7_silver_GTI0.jsgrp
#Net count rate (cts/s) for Spectrum:1  2.661e+00 +/- 5.230e-02 (89.0 % total)
# Assigned to Data Group 1 and Plot Group 1
#  Noticed Channels:  38-220
#  Telescope: NICER Instrument: XTI  Channel Type: PI
#  Exposure Time: 1108 sec
# Using fit statistic: pgstat
# Using Background File                /home/thaddaeus/FMU/Steiner/thaddaeus/1130360284/jspipe/js_ni1130360284_0mpu7_silver_GTI0.bg
#  Background Exposure Time: 1108 sec
# Using Response (RMF) File            /home/thaddaeus/FMU/Steiner/thaddaeus/nicer_d49_55575341.rmf for Source 1
# Using Auxiliary Response (ARF) File  /home/thaddaeus/FMU/Steiner/thaddaeus/nicer_d49_55575341.arf
#
#
!XSPEC12> show fit
#
#Fit statistic  : PG-Statistic                 172.14     using 183 bins.
#
#Test statistic : Chi-Squared                  175.10     using 183 bins.
# Null hypothesis probability of 5.47e-01 with 178 degrees of freedom
#
!XSPEC12> show param
#
#Parameters defined:
#========================================================================
#Model TBabs<1>*simpl<2>*diskbb<3> Source No.: 1   Active/On
#Model Model Component  Parameter  Unit     Value
# par  comp
#   1    1   TBabs      nH         10^22    2.59365      +/-  0.243607     
#   2    2   simpl      Gamma               1.39365      +/-  2.09011      
#   3    2   simpl      FracSctr            0.698237     +/-  0.713207     
#   4    2   simpl      UpScOnly            1.00000      frozen
#   5    3   diskbb     Tin        keV      1.18386      +/-  1.47829      
#   6    3   diskbb     norm                0.663180     +/-  1.70498      
#________________________________________________________________________
#
#
!XSPEC12> log none
#