#XSPEC version: 12.11.0
#Build Date/Time: Thu Jul  2 16:22:45 2020
#
!XSPEC12> chatter 10
#
!XSPEC12> show data
#
#1 file 1 spectrum 
#Spectrum 1  Spectral Data File: /home/thaddaeus/FMU/Steiner/thaddaeus/1130360203/jspipe/js_ni1130360203_0mpu7_silver_GTI0.jsgrp
#Net count rate (cts/s) for Spectrum:1  8.323e+01 +/- 3.522e-01 (99.5 % total)
# Assigned to Data Group 1 and Plot Group 1
#  Noticed Channels:  38-253
#  Telescope: NICER Instrument: XTI  Channel Type: PI
#  Exposure Time: 674.7 sec
# Using fit statistic: pgstat
# Using Background File                /home/thaddaeus/FMU/Steiner/thaddaeus/1130360203/jspipe/js_ni1130360203_0mpu7_silver_GTI0.bg
#  Background Exposure Time: 674.7 sec
# Using Response (RMF) File            /home/thaddaeus/FMU/Steiner/thaddaeus/nicer_d49_55575341.rmf for Source 1
# Using Auxiliary Response (ARF) File  /home/thaddaeus/FMU/Steiner/thaddaeus/nicer_d49_55575341.arf
#
#
!XSPEC12> show fit
#
#Fit statistic  : PG-Statistic                 238.45     using 216 bins.
#
#Test statistic : Chi-Squared                  249.37     using 216 bins.
# Null hypothesis probability of 3.61e-02 with 211 degrees of freedom
#
!XSPEC12> show param
#
#Parameters defined:
#========================================================================
#Model TBabs<1>*simpl<2>*diskbb<3> Source No.: 1   Active/On
#Model Model Component  Parameter  Unit     Value
# par  comp
#   1    1   TBabs      nH         10^22    3.26013      +/-  9.14704E-02  
#   2    2   simpl      Gamma               1.90913      +/-  3.96879E-02  
#   3    2   simpl      FracSctr            0.182027     +/-  2.06619E-02  
#   4    2   simpl      UpScOnly            1.00000      frozen
#   5    3   diskbb     Tin        keV      0.305588     +/-  1.38978E-02  
#   6    3   diskbb     norm                9845.33      +/-  3024.22      
#________________________________________________________________________
#
#
!XSPEC12> log none
#