#XSPEC version: 12.11.0
#Build Date/Time: Thu Jul  2 16:22:45 2020
#
!XSPEC12> chatter 10
#
!XSPEC12> show data
#
#1 file 1 spectrum 
#Spectrum 1  Spectral Data File: /home/thaddaeus/FMU/Steiner/thaddaeus/1130360231/jspipe/js_ni1130360231_0mpu7_silver_GTI0.jsgrp
#Net count rate (cts/s) for Spectrum:1  6.972e+01 +/- 2.485e-01 (99.4 % total)
# Assigned to Data Group 1 and Plot Group 1
#  Noticed Channels:  38-254
#  Telescope: NICER Instrument: XTI  Channel Type: PI
#  Exposure Time: 1137 sec
# Using fit statistic: pgstat
# Using Background File                /home/thaddaeus/FMU/Steiner/thaddaeus/1130360231/jspipe/js_ni1130360231_0mpu7_silver_GTI0.bg
#  Background Exposure Time: 1137 sec
# Using Response (RMF) File            /home/thaddaeus/FMU/Steiner/thaddaeus/nicer_d49_55575341.rmf for Source 1
# Using Auxiliary Response (ARF) File  /home/thaddaeus/FMU/Steiner/thaddaeus/nicer_d49_55575341.arf
#
#
!XSPEC12> show fit
#
#Fit statistic  : PG-Statistic                 275.81     using 217 bins.
#
#Test statistic : Chi-Squared                  288.41     using 217 bins.
# Null hypothesis probability of 3.74e-04 with 212 degrees of freedom
#
!XSPEC12> show param
#
#Parameters defined:
#========================================================================
#Model TBabs<1>*simpl<2>*diskbb<3> Source No.: 1   Active/On
#Model Model Component  Parameter  Unit     Value
# par  comp
#   1    1   TBabs      nH         10^22    3.02156      +/-  7.44245E-02  
#   2    2   simpl      Gamma               2.00635      +/-  3.70203E-02  
#   3    2   simpl      FracSctr            0.244316     +/-  2.04009E-02  
#   4    2   simpl      UpScOnly            1.00000      frozen
#   5    3   diskbb     Tin        keV      0.326030     +/-  1.47785E-02  
#   6    3   diskbb     norm                4825.56      +/-  1330.44      
#________________________________________________________________________
#
#
!XSPEC12> log none
#