#XSPEC version: 12.11.0
#Build Date/Time: Thu Jul  2 16:22:45 2020
#
!XSPEC12> chatter 10
#
!XSPEC12> show data
#
#1 file 1 spectrum 
#Spectrum 1  Spectral Data File: /home/thaddaeus/FMU/Steiner/thaddaeus/1130360248/jspipe/js_ni1130360248_0mpu7_silver_GTI0.jsgrp
#Net count rate (cts/s) for Spectrum:1  9.582e+00 +/- 1.282e-01 (87.6 % total)
# Assigned to Data Group 1 and Plot Group 1
#  Noticed Channels:  38-243
#  Telescope: NICER Instrument: XTI  Channel Type: PI
#  Exposure Time: 672.8 sec
# Using fit statistic: pgstat
# Using Background File                /home/thaddaeus/FMU/Steiner/thaddaeus/1130360248/jspipe/js_ni1130360248_0mpu7_silver_GTI0.bg
#  Background Exposure Time: 672.8 sec
# Using Response (RMF) File            /home/thaddaeus/FMU/Steiner/thaddaeus/nicer_d49_55575341.rmf for Source 1
# Using Auxiliary Response (ARF) File  /home/thaddaeus/FMU/Steiner/thaddaeus/nicer_d49_55575341.arf
#
#
!XSPEC12> show fit
#
#Fit statistic  : PG-Statistic                 211.58     using 206 bins.
#
#Test statistic : Chi-Squared                  225.28     using 206 bins.
# Null hypothesis probability of 1.15e-01 with 201 degrees of freedom
#
!XSPEC12> show param
#
#Parameters defined:
#========================================================================
#Model TBabs<1>*simpl<2>*diskbb<3> Source No.: 1   Active/On
#Model Model Component  Parameter  Unit     Value
# par  comp
#   1    1   TBabs      nH         10^22    2.83792      +/-  1.64999      
#   2    2   simpl      Gamma               2.06964      +/-  1.80762      
#   3    2   simpl      FracSctr            0.990052     +/-  83.8826      
#   4    2   simpl      UpScOnly            1.00000      frozen
#   5    3   diskbb     Tin        keV      1.06262      +/-  79.4220      
#   6    3   diskbb     norm                2.76398      +/-  624.768      
#________________________________________________________________________
#
#
!XSPEC12> log none
#