#XSPEC version: 12.11.0
#Build Date/Time: Thu Jul  2 16:22:45 2020
#
!XSPEC12> chatter 10
#
!XSPEC12> show data
#
#1 file 1 spectrum 
#Spectrum 1  Spectral Data File: /home/thaddaeus/FMU/Steiner/thaddaeus/1130360232/jspipe/js_ni1130360232_0mpu7_silver_GTI0.jsgrp
#Net count rate (cts/s) for Spectrum:1  5.362e+01 +/- 2.909e-01 (99.2 % total)
# Assigned to Data Group 1 and Plot Group 1
#  Noticed Channels:  38-251
#  Telescope: NICER Instrument: XTI  Channel Type: PI
#  Exposure Time: 639.4 sec
# Using fit statistic: pgstat
# Using Background File                /home/thaddaeus/FMU/Steiner/thaddaeus/1130360232/jspipe/js_ni1130360232_0mpu7_silver_GTI0.bg
#  Background Exposure Time: 639.4 sec
# Using Response (RMF) File            /home/thaddaeus/FMU/Steiner/thaddaeus/nicer_d49_55575341.rmf for Source 1
# Using Auxiliary Response (ARF) File  /home/thaddaeus/FMU/Steiner/thaddaeus/nicer_d49_55575341.arf
#
#
!XSPEC12> show fit
#
#Fit statistic  : PG-Statistic                 212.11     using 214 bins.
#
#Test statistic : Chi-Squared                  221.54     using 214 bins.
# Null hypothesis probability of 2.63e-01 with 209 degrees of freedom
#
!XSPEC12> show param
#
#Parameters defined:
#========================================================================
#Model TBabs<1>*simpl<2>*diskbb<3> Source No.: 1   Active/On
#Model Model Component  Parameter  Unit     Value
# par  comp
#   1    1   TBabs      nH         10^22    2.59634      +/-  0.110539     
#   2    2   simpl      Gamma               1.77596      +/-  6.25388E-02  
#   3    2   simpl      FracSctr            0.424911     +/-  4.27743E-02  
#   4    2   simpl      UpScOnly            1.00000      frozen
#   5    3   diskbb     Tin        keV      0.396613     +/-  4.21868E-02  
#   6    3   diskbb     norm                893.212      +/-  466.814      
#________________________________________________________________________
#
#
!XSPEC12> log none
#