#XSPEC version: 12.11.0
#Build Date/Time: Thu Jul  2 16:22:45 2020
#
!XSPEC12> chatter 10
#
!XSPEC12> show data
#
#1 file 1 spectrum 
#Spectrum 1  Spectral Data File: /home/thaddaeus/FMU/Steiner/thaddaeus/1130360205/jspipe/js_ni1130360205_0mpu7_silver_GTI0.jsgrp
#Net count rate (cts/s) for Spectrum:1  1.606e+02 +/- 6.572e-01 (99.6 % total)
# Assigned to Data Group 1 and Plot Group 1
#  Noticed Channels:  38-235
#  Telescope: NICER Instrument: XTI  Channel Type: PI
#  Exposure Time: 373.4 sec
# Using fit statistic: pgstat
# Using Background File                /home/thaddaeus/FMU/Steiner/thaddaeus/1130360205/jspipe/js_ni1130360205_0mpu7_silver_GTI0.bg
#  Background Exposure Time: 373.4 sec
# Using Response (RMF) File            /home/thaddaeus/FMU/Steiner/thaddaeus/nicer_d49_55575341.rmf for Source 1
# Using Auxiliary Response (ARF) File  /home/thaddaeus/FMU/Steiner/thaddaeus/nicer_d49_55575341.arf
#
#
!XSPEC12> show fit
#
#Fit statistic  : PG-Statistic                 235.17     using 198 bins.
#
#Test statistic : Chi-Squared                  240.69     using 198 bins.
# Null hypothesis probability of 1.12e-02 with 193 degrees of freedom
#
!XSPEC12> show param
#
#Parameters defined:
#========================================================================
#Model TBabs<1>*simpl<2>*diskbb<3> Source No.: 1   Active/On
#Model Model Component  Parameter  Unit     Value
# par  comp
#   1    1   TBabs      nH         10^22    3.26081      +/-  4.27601E-02  
#   2    2   simpl      Gamma               2.45687      +/-  0.142458     
#   3    2   simpl      FracSctr            7.59976E-02  +/-  1.06371E-02  
#   4    2   simpl      UpScOnly            1.00000      frozen
#   5    3   diskbb     Tin        keV      0.425888     +/-  9.22879E-03  
#   6    3   diskbb     norm                5459.45      +/-  680.831      
#________________________________________________________________________
#
#
!XSPEC12> log none
#