#XSPEC version: 12.11.0
#Build Date/Time: Thu Jul  2 16:22:45 2020
#
!XSPEC12> chatter 10
#
!XSPEC12> show data
#
#1 file 1 spectrum 
#Spectrum 1  Spectral Data File: /home/thaddaeus/FMU/Steiner/thaddaeus/1130360264/jspipe/js_ni1130360264_0mpu7_silver_GTI0.jsgrp
#Net count rate (cts/s) for Spectrum:1  1.375e+00 +/- 5.553e-02 (48.4 % total)
# Assigned to Data Group 1 and Plot Group 1
#  Noticed Channels:  38-251
#  Telescope: NICER Instrument: XTI  Channel Type: PI
#  Exposure Time: 980 sec
# Using fit statistic: pgstat
# Using Background File                /home/thaddaeus/FMU/Steiner/thaddaeus/1130360264/jspipe/js_ni1130360264_0mpu7_silver_GTI0.bg
#  Background Exposure Time: 980 sec
# Using Response (RMF) File            /home/thaddaeus/FMU/Steiner/thaddaeus/nicer_d49_55575341.rmf for Source 1
# Using Auxiliary Response (ARF) File  /home/thaddaeus/FMU/Steiner/thaddaeus/nicer_d49_55575341.arf
#
#
!XSPEC12> show fit
#
#Fit statistic  : PG-Statistic                 250.81     using 214 bins.
#
#Test statistic : Chi-Squared                  244.59     using 214 bins.
# Null hypothesis probability of 4.62e-02 with 209 degrees of freedom
#
!XSPEC12> show param
#
#Parameters defined:
#========================================================================
#Model TBabs<1>*simpl<2>*diskbb<3> Source No.: 1   Active/On
#Model Model Component  Parameter  Unit     Value
# par  comp
#   1    1   TBabs      nH         10^22    3.69723      +/-  6.60272      
#   2    2   simpl      Gamma               1.39365      +/-  2.60535      
#   3    2   simpl      FracSctr            0.990052     +/-  58.3675      
#   4    2   simpl      UpScOnly            1.00000      frozen
#   5    3   diskbb     Tin        keV      1.10821      +/-  160.697      
#   6    3   diskbb     norm                0.504003     +/-  225.230      
#________________________________________________________________________
#
#
!XSPEC12> log none
#