#XSPEC version: 12.11.0
#Build Date/Time: Thu Jul  2 16:22:45 2020
#
!XSPEC12> chatter 10
#
!XSPEC12> show data
#
#1 file 1 spectrum 
#Spectrum 1  Spectral Data File: /home/thaddaeus/FMU/Steiner/thaddaeus/1130360215/jspipe/js_ni1130360215_0mpu7_silver_GTI0.jsgrp
#Net count rate (cts/s) for Spectrum:1  3.268e+00 +/- 1.150e-01 (78.1 % total)
# Assigned to Data Group 1 and Plot Group 1
#  Noticed Channels:  35-182
#  Telescope: NICER Instrument: XTI  Channel Type: PI
#  Exposure Time: 318.9 sec
# Using fit statistic: pgstat
# Using Background File                /home/thaddaeus/FMU/Steiner/thaddaeus/1130360215/jspipe/js_ni1130360215_0mpu7_silver_GTI0.bg
#  Background Exposure Time: 318.9 sec
# Using Response (RMF) File            /home/thaddaeus/FMU/Steiner/thaddaeus/nicer_d49_55575341.rmf for Source 1
# Using Auxiliary Response (ARF) File  /home/thaddaeus/FMU/Steiner/thaddaeus/nicer_d49_55575341.arf
#
#
!XSPEC12> show fit
#
#Fit statistic  : PG-Statistic                 132.87     using 148 bins.
#
#Test statistic : Chi-Squared                  140.34     using 148 bins.
# Null hypothesis probability of 5.47e-01 with 143 degrees of freedom
#
!XSPEC12> show param
#
#Parameters defined:
#========================================================================
#Model TBabs<1>*simpl<2>*diskbb<3> Source No.: 1   Active/On
#Model Model Component  Parameter  Unit     Value
# par  comp
#   1    1   TBabs      nH         10^22    1.85242      +/-  0.506111     
#   2    2   simpl      Gamma               1.39365      +/-  0.982714     
#   3    2   simpl      FracSctr            0.820406     +/-  0.862683     
#   4    2   simpl      UpScOnly            1.00000      frozen
#   5    3   diskbb     Tin        keV      0.683710     +/-  1.74967      
#   6    3   diskbb     norm                4.21297      +/-  32.6095      
#________________________________________________________________________
#
#
!XSPEC12> log none
#