#XSPEC version: 12.11.0
#Build Date/Time: Thu Jul  2 16:22:45 2020
#
!XSPEC12> chatter 10
#
!XSPEC12> show data
#
#1 file 1 spectrum 
#Spectrum 1  Spectral Data File: /home/thaddaeus/FMU/Steiner/thaddaeus/2130360204/jspipe/js_ni2130360204_0mpu7_silver_GTI0.jsgrp
#Net count rate (cts/s) for Spectrum:1  1.431e+00 +/- 6.706e-02 (58.0 % total)
# Assigned to Data Group 1 and Plot Group 1
#  Noticed Channels:  32-187
#  Telescope: NICER Instrument: XTI  Channel Type: PI
#  Exposure Time: 563.8 sec
# Using fit statistic: pgstat
# Using Background File                /home/thaddaeus/FMU/Steiner/thaddaeus/2130360204/jspipe/js_ni2130360204_0mpu7_silver_GTI0.bg
#  Background Exposure Time: 563.8 sec
# Using Response (RMF) File            /home/thaddaeus/FMU/Steiner/thaddaeus/nicer_d49_55575341.rmf for Source 1
# Using Auxiliary Response (ARF) File  /home/thaddaeus/FMU/Steiner/thaddaeus/nicer_d49_55575341.arf
#
#
!XSPEC12> show fit
#
#Fit statistic  : PG-Statistic                 200.20     using 156 bins.
#
#Test statistic : Chi-Squared                  222.89     using 156 bins.
# Null hypothesis probability of 1.29e-04 with 151 degrees of freedom
#
!XSPEC12> show param
#
#Parameters defined:
#========================================================================
#Model TBabs<1>*simpl<2>*diskbb<3> Source No.: 1   Active/On
#Model Model Component  Parameter  Unit     Value
# par  comp
#   1    1   TBabs      nH         10^22    3.50915      +/-  1.27909      
#   2    2   simpl      Gamma               2.56435      +/-  4.73833      
#   3    2   simpl      FracSctr            0.990052     +/-  271.141      
#   4    2   simpl      UpScOnly            1.00000      frozen
#   5    3   diskbb     Tin        keV      0.800555     +/-  132.455      
#   6    3   diskbb     norm                1.34955      +/-  675.083      
#________________________________________________________________________
#
#
!XSPEC12> log none
#