#XSPEC version: 12.11.0
#Build Date/Time: Thu Jul  2 16:22:45 2020
#
!XSPEC12> chatter 10
#
!XSPEC12> show data
#
#1 file 1 spectrum 
#Spectrum 1  Spectral Data File: /home/thaddaeus/FMU/Steiner/thaddaeus/2130360205/jspipe/js_ni2130360205_0mpu7_silver_GTI0.jsgrp
#Net count rate (cts/s) for Spectrum:1  1.252e+00 +/- 6.707e-02 (47.2 % total)
# Assigned to Data Group 1 and Plot Group 1
#  Noticed Channels:  38-225
#  Telescope: NICER Instrument: XTI  Channel Type: PI
#  Exposure Time: 611.8 sec
# Using fit statistic: pgstat
# Using Background File                /home/thaddaeus/FMU/Steiner/thaddaeus/2130360205/jspipe/js_ni2130360205_0mpu7_silver_GTI0.bg
#  Background Exposure Time: 611.8 sec
# Using Response (RMF) File            /home/thaddaeus/FMU/Steiner/thaddaeus/nicer_d49_55575341.rmf for Source 1
# Using Auxiliary Response (ARF) File  /home/thaddaeus/FMU/Steiner/thaddaeus/nicer_d49_55575341.arf
#
#
!XSPEC12> show fit
#
#Fit statistic  : PG-Statistic                 197.33     using 188 bins.
#
#Test statistic : Chi-Squared                  194.98     using 188 bins.
# Null hypothesis probability of 2.59e-01 with 183 degrees of freedom
#
!XSPEC12> show param
#
#Parameters defined:
#========================================================================
#Model TBabs<1>*simpl<2>*diskbb<3> Source No.: 1   Active/On
#Model Model Component  Parameter  Unit     Value
# par  comp
#   1    1   TBabs      nH         10^22    2.59774      +/-  1.08908      
#   2    2   simpl      Gamma               1.39365      +/-  1.87096      
#   3    2   simpl      FracSctr            0.786252     +/-  1.22166      
#   4    2   simpl      UpScOnly            1.00000      frozen
#   5    3   diskbb     Tin        keV      0.725427     +/-  2.67424      
#   6    3   diskbb     norm                1.55099      +/-  17.0290      
#________________________________________________________________________
#
#
!XSPEC12> log none
#