#XSPEC version: 12.11.0m
#Build Date/Time: Sat Nov 21 22:38:27 2020
#
!XSPEC12> show data
#
#1 file 1 spectrum 
#Spectrum 1  Spectral Data File: /home/thaddaeus/FMU/Steiner/thaddaeus/1130360233/jspipe/js_ni1130360233_0mpu7_silver_GTI4.jsgrp
#Net count rate (cts/s) for Spectrum:1  7.262e+00 +/- 1.597e-01 (95.5 % total)
# Assigned to Data Group 1 and Plot Group 1
#  Noticed Channels:  17-40,69-195
#  Telescope: NICER Instrument: XTI  Channel Type: PI
#  Exposure Time: 298.9 sec
# Using fit statistic: pgstat
# Using Background File                /home/thaddaeus/FMU/Steiner/thaddaeus/1130360233/jspipe/js_ni1130360233_0mpu7_silver_GTI4.bg
#  Background Exposure Time: 298.9 sec
# Using Response (RMF) File            /home/thaddaeus/FMU/Steiner/thaddaeus/nicer_d49_55575341.rmf for Source 1
# Using Auxiliary Response (ARF) File  /home/thaddaeus/FMU/Steiner/thaddaeus/nicer_d49_55575341.arf
#
#
!XSPEC12> show model
#
#Current model list:
#
#Model TBabs<1>(diskbb<2> + nthComp<3>) Source No.: 1   Active/On
#      For Data Group(s): 1 
#
#   Using energies from responses.
#
#
!XSPEC12> show param
#
#Parameters defined:
#========================================================================
#Model TBabs<1>(diskbb<2> + nthComp<3>) Source No.: 1   Active/On
#Model Model Component  Parameter  Unit     Value
# par  comp
#   1    1   TBabs      nH         10^22    3.20000      frozen
#   2    2   diskbb     Tin        keV      0.128735     +/-  3.59180E-02  
#   3    2   diskbb     norm                2.55501E+05  +/-  2.19644E+05  
#   4    3   nthComp    Gamma               1.66796      +/-  6.92691E-02  
#   5    3   nthComp    kT_e       keV      100.000      frozen
#   6    3   nthComp    kT_bb      keV      0.128735     = p2
#   7    3   nthComp    inp_type   0/1      1.00000      frozen
#   8    3   nthComp    Redshift            0.0          frozen
#   9    3   nthComp    norm                2.45495E-02  +/-  2.36186E-03  
#________________________________________________________________________
#
#
!XSPEC12> show fit
#
#Fit statistic  : PG-Statistic                 193.78     using 151 bins.
#
#Test statistic : Chi-Squared                  220.63     using 151 bins.
# Null hypothesis probability of 8.12e-05 with 147 degrees of freedom
#
!XSPEC12> log none
#