#XSPEC version: 12.11.0m
#Build Date/Time: Sat Nov 21 22:38:27 2020
#
!XSPEC12> show data
#
#1 file 1 spectrum 
#Spectrum 1  Spectral Data File: /home/thaddaeus/FMU/Steiner/thaddaeus/1130360160/jspipe/js_ni1130360160_0mpu7_silver_GTI1.jsgrp
#Net count rate (cts/s) for Spectrum:1  2.122e+01 +/- 2.284e-01 (95.1 % total)
# Assigned to Data Group 1 and Plot Group 1
#  Noticed Channels:  22-54,83-191
#  Telescope: NICER Instrument: XTI  Channel Type: PI
#  Exposure Time: 428.8 sec
# Using fit statistic: pgstat
# Using Background File                /home/thaddaeus/FMU/Steiner/thaddaeus/1130360160/jspipe/js_ni1130360160_0mpu7_silver_GTI1.bg
#  Background Exposure Time: 428.8 sec
# Using Response (RMF) File            /home/thaddaeus/FMU/Steiner/thaddaeus/nicer_d49_55575341.rmf for Source 1
# Using Auxiliary Response (ARF) File  /home/thaddaeus/FMU/Steiner/thaddaeus/nicer_d49_55575341.arf
#
#
!XSPEC12> show model
#
#Current model list:
#
#Model TBabs<1>(diskbb<2> + nthComp<3>) Source No.: 1   Active/On
#      For Data Group(s): 1 
#
#   Using energies from responses.
#
#
!XSPEC12> show param
#
#Parameters defined:
#========================================================================
#Model TBabs<1>(diskbb<2> + nthComp<3>) Source No.: 1   Active/On
#Model Model Component  Parameter  Unit     Value
# par  comp
#   1    1   TBabs      nH         10^22    3.20000      frozen
#   2    2   diskbb     Tin        keV      0.359707     +/-  3.20451E-03  
#   3    2   diskbb     norm                6198.98      +/-  315.807      
#   4    3   nthComp    Gamma               1.20000      +/-  1.09540      
#   5    3   nthComp    kT_e       keV      100.000      frozen
#   6    3   nthComp    kT_bb      keV      0.359707     = p2
#   7    3   nthComp    inp_type   0/1      1.00000      frozen
#   8    3   nthComp    Redshift            0.0          frozen
#   9    3   nthComp    norm                1.41148E-03  +/-  1.27421E-03  
#________________________________________________________________________
#
#
!XSPEC12> show fit
#
#Fit statistic  : PG-Statistic                 179.04     using 142 bins.
#
#Test statistic : Chi-Squared                  190.39     using 142 bins.
# Null hypothesis probability of 2.09e-03 with 138 degrees of freedom
#
!XSPEC12> log none
#