#XSPEC version: 12.11.0m
#Build Date/Time: Sat Nov 21 22:38:27 2020
#
!XSPEC12> show data
#
#1 file 1 spectrum 
#Spectrum 1  Spectral Data File: /home/thaddaeus/FMU/Steiner/thaddaeus/1130360266/jspipe/js_ni1130360266_0mpu7_silver_GTI3.jsgrp
#Net count rate (cts/s) for Spectrum:1  8.403e-01 +/- 7.991e-02 (63.2 % total)
# Assigned to Data Group 1 and Plot Group 1
#  Noticed Channels:  19-28,49-90
#  Telescope: NICER Instrument: XTI  Channel Type: PI
#  Exposure Time: 209.9 sec
# Using fit statistic: pgstat
# Using Background File                /home/thaddaeus/FMU/Steiner/thaddaeus/1130360266/jspipe/js_ni1130360266_0mpu7_silver_GTI3.bg
#  Background Exposure Time: 209.9 sec
# Using Response (RMF) File            /home/thaddaeus/FMU/Steiner/thaddaeus/nicer_d48_u100_150_53019469.rmf for Source 1
# Using Auxiliary Response (ARF) File  /home/thaddaeus/FMU/Steiner/thaddaeus/nicer_d48_53019469.arf
#
#
!XSPEC12> show model
#
#Current model list:
#
#Model TBabs<1>*cflux<2>(diskbb<3> + nthComp<4>) Source No.: 1   Active/On
#      For Data Group(s): 1 
#
#   Using energies from responses.
#
#
!XSPEC12> show param
#
#Parameters defined:
#========================================================================
#Model TBabs<1>*cflux<2>(diskbb<3> + nthComp<4>) Source No.: 1   Active/On
#Model Model Component  Parameter  Unit     Value
# par  comp
#   1    1   TBabs      nH         10^22    3.20000      frozen
#   2    2   cflux      Emin       keV      0.500000     frozen
#   3    2   cflux      Emax       keV      10.0000      frozen
#   4    2   cflux      lg10Flux   cgs      -10.7203     +/-  7.69459E-02  
#   5    3   diskbb     Tin        keV      0.929569     +/-  0.737409     
#   6    3   diskbb     norm                0.866186     +/-  -1.00000     
#   7    4   nthComp    Gamma               1.20039      +/-  6.95350      
#   8    4   nthComp    kT_e       keV      100.000      frozen
#   9    4   nthComp    kT_bb      keV      0.929569     = p5
#  10    4   nthComp    inp_type   0/1      1.00000      frozen
#  11    4   nthComp    Redshift            0.0          frozen
#  12    4   nthComp    norm                8.36200E-04  +/-  -1.00000     
#________________________________________________________________________
#
#
!XSPEC12> log none
#