#XSPEC version: 12.11.0m
#Build Date/Time: Sat Nov 21 22:38:27 2020
#
!XSPEC12> show data
#
#1 file 1 spectrum 
#Spectrum 1  Spectral Data File: /home/thaddaeus/FMU/Steiner/thaddaeus/1130360275/jspipe/js_ni1130360275_0mpu7_silver_GTI0.jsgrp
#Net count rate (cts/s) for Spectrum:1  2.450e+00 +/- 5.790e-02 (87.4 % total)
# Assigned to Data Group 1 and Plot Group 1
#  Noticed Channels:  22-50,79-209
#  Telescope: NICER Instrument: XTI  Channel Type: PI
#  Exposure Time: 846.3 sec
# Using fit statistic: pgstat
# Using Background File                /home/thaddaeus/FMU/Steiner/thaddaeus/1130360275/jspipe/js_ni1130360275_0mpu7_silver_GTI0.bg
#  Background Exposure Time: 846.3 sec
# Using Response (RMF) File            /home/thaddaeus/FMU/Steiner/thaddaeus/nicer_d49_u150_200_55575341.rmf for Source 1
# Using Auxiliary Response (ARF) File  /home/thaddaeus/FMU/Steiner/thaddaeus/nicer_d49_55575341.arf
#
#
!XSPEC12> show model
#
#Current model list:
#
#Model TBabs<1>*cflux<2>(diskbb<3> + nthComp<4>) Source No.: 1   Active/On
#      For Data Group(s): 1 
#
#   Using energies from responses.
#
#
!XSPEC12> show param
#
#Parameters defined:
#========================================================================
#Model TBabs<1>*cflux<2>(diskbb<3> + nthComp<4>) Source No.: 1   Active/On
#Model Model Component  Parameter  Unit     Value
# par  comp
#   1    1   TBabs      nH         10^22    3.20000      frozen
#   2    2   cflux      Emin       keV      0.500000     frozen
#   3    2   cflux      Emax       keV      10.0000      frozen
#   4    2   cflux      lg10Flux   cgs      -10.2503     +/-  1.57755      
#   5    3   diskbb     Tin        keV      9.90914E-02  +/-  7.69024      
#   6    3   diskbb     norm                1.32367E-02  +/-  -1.00000     
#   7    4   nthComp    Gamma               1.53297      +/-  6.68952E-02  
#   8    4   nthComp    kT_e       keV      100.000      frozen
#   9    4   nthComp    kT_bb      keV      9.90914E-02  = p5
#  10    4   nthComp    inp_type   0/1      1.00000      frozen
#  11    4   nthComp    Redshift            0.0          frozen
#  12    4   nthComp    norm                1.00000E+24  +/-  3.18911E+37  
#________________________________________________________________________
#
#
!XSPEC12> log none
#