#XSPEC version: 12.11.0m
#Build Date/Time: Sat Nov 21 22:38:27 2020
#
!XSPEC12> show data
#
#1 file 1 spectrum 
#Spectrum 1  Spectral Data File: /home/thaddaeus/FMU/Steiner/thaddaeus/1130360262/jspipe/js_ni1130360262_0mpu7_silver_GTI0.jsgrp
#Net count rate (cts/s) for Spectrum:1  6.972e-01 +/- 4.706e-02 (64.5 % total)
# Assigned to Data Group 1 and Plot Group 1
#  Noticed Channels:  21-36,64-136
#  Telescope: NICER Instrument: XTI  Channel Type: PI
#  Exposure Time: 497.6 sec
# Using fit statistic: pgstat
# Using Background File                /home/thaddaeus/FMU/Steiner/thaddaeus/1130360262/jspipe/js_ni1130360262_0mpu7_silver_GTI0.bg
#  Background Exposure Time: 497.6 sec
# Using Response (RMF) File            /home/thaddaeus/FMU/Steiner/thaddaeus/nicer_d49_u50_100_55575341.rmf for Source 1
# Using Auxiliary Response (ARF) File  /home/thaddaeus/FMU/Steiner/thaddaeus/nicer_d49_55575341.arf
#
#
!XSPEC12> show model
#
#Current model list:
#
#Model TBabs<1>*cflux<2>(diskbb<3> + nthComp<4>) Source No.: 1   Active/On
#      For Data Group(s): 1 
#
#   Using energies from responses.
#
#
!XSPEC12> show param
#
#Parameters defined:
#========================================================================
#Model TBabs<1>*cflux<2>(diskbb<3> + nthComp<4>) Source No.: 1   Active/On
#Model Model Component  Parameter  Unit     Value
# par  comp
#   1    1   TBabs      nH         10^22    3.20000      frozen
#   2    2   cflux      Emin       keV      0.500000     frozen
#   3    2   cflux      Emax       keV      10.0000      frozen
#   4    2   cflux      lg10Flux   cgs      -10.7767     +/-  0.108857     
#   5    3   diskbb     Tin        keV      0.354742     +/-  5.75178      
#   6    3   diskbb     norm                2.91352E+06  +/-  1.60923E+15  
#   7    4   nthComp    Gamma               1.69312      +/-  0.367718     
#   8    4   nthComp    kT_e       keV      100.000      frozen
#   9    4   nthComp    kT_bb      keV      0.354742     = p5
#  10    4   nthComp    inp_type   0/1      1.00000      frozen
#  11    4   nthComp    Redshift            0.0          frozen
#  12    4   nthComp    norm                1.77596E+04  +/-  1.71910E+13  
#________________________________________________________________________
#
#
!XSPEC12> log none
#