#XSPEC version: 12.11.0m
#Build Date/Time: Sat Nov 21 22:38:27 2020
#
!XSPEC12> show data
#
#1 file 1 spectrum 
#Spectrum 1  Spectral Data File: /home/thaddaeus/FMU/Steiner/thaddaeus/1130360146/jspipe/js_ni1130360146_0mpu7_silver_GTI6.jsgrp
#Net count rate (cts/s) for Spectrum:1  2.472e+02 +/- 1.293e+00 (98.6 % total)
# Assigned to Data Group 1 and Plot Group 1
#  Noticed Channels:  22-54,83-214
#  Telescope: NICER Instrument: XTI  Channel Type: PI
#  Exposure Time: 149.9 sec
# Using fit statistic: pgstat
# Using Background File                /home/thaddaeus/FMU/Steiner/thaddaeus/1130360146/jspipe/js_ni1130360146_0mpu7_silver_GTI6.bg
#  Background Exposure Time: 149.9 sec
# Using Response (RMF) File            /home/thaddaeus/FMU/Steiner/thaddaeus/nicer_d49_u12p5_25_55575341.rmf for Source 1
# Using Auxiliary Response (ARF) File  /home/thaddaeus/FMU/Steiner/thaddaeus/nicer_d49_55575341.arf
#
#
!XSPEC12> show model
#
#Current model list:
#
#Model TBabs<1>*cflux<2>(diskbb<3> + nthComp<4>) Source No.: 1   Active/On
#      For Data Group(s): 1 
#
#   Using energies from responses.
#
#
!XSPEC12> show param
#
#Parameters defined:
#========================================================================
#Model TBabs<1>*cflux<2>(diskbb<3> + nthComp<4>) Source No.: 1   Active/On
#Model Model Component  Parameter  Unit     Value
# par  comp
#   1    1   TBabs      nH         10^22    3.20000      frozen
#   2    2   cflux      Emin       keV      0.500000     frozen
#   3    2   cflux      Emax       keV      10.0000      frozen
#   4    2   cflux      lg10Flux   cgs      -8.11646     +/-  0.193916     
#   5    3   diskbb     Tin        keV      0.601049     +/-  6.11364E-03  
#   6    3   diskbb     norm                1.00000E+24  +/-  4.10329E+36  
#   7    4   nthComp    Gamma               2.84455      +/-  4.65052E+06  
#   8    4   nthComp    kT_e       keV      100.000      frozen
#   9    4   nthComp    kT_bb      keV      0.601049     = p5
#  10    4   nthComp    inp_type   0/1      1.00000      frozen
#  11    4   nthComp    Redshift            0.0          frozen
#  12    4   nthComp    norm                5.03746E+11  +/-  8.32430E+24  
#________________________________________________________________________
#
#
!XSPEC12> log none
#