
!XSPEC12> error 1. 2 3 4 9
#Apparent non-monotonicity in statistic space detected.
#Current bracket values 0.503199, 0.502668
#and delta stat 0.988552, 1.25814
#but latest trial 0.503172 gives 3.4936
#Suggest that you check this result using the steppar command.
#Apparent non-monotonicity in statistic space detected.
#Current bracket values 0.510541, 0.548265
#and delta stat 0.480102, 9.25551
#but latest trial 0.512525 gives 0.0984469
#Suggest that you check this result using the steppar command.
#     2     0.502933     0.529403    (-0.00579769,0.0206723)
#***Warning: New best fit found, fit parameters will be set to new values.
#     2     0.503449     0.517256    (-0.00619031,0.00761647)
#***Warning: Parameter pegged at hard limit: 0
#     3            0      375.352    (-0.000342243,375.351)
#Apparent non-monotonicity in statistic space detected.
#Current bracket values 2.03817, 2.04131
#and delta stat 0.219868, 1.07933
#but latest trial 2.04109 gives 2.9175
#Suggest that you check this result using the steppar command.
#     4      2.02956      2.03974    (-0.00581505,0.00436231)
#     9      16.4453      16.7016    (-0.196963,0.059253)
#
!XSPEC12> n
#
!XSPEC12> 
#
!XSPEC12> n
#
!XSPEC12> 
#
!XSPEC12> log none
#