
!XSPEC12> error 1. 2 3 4 9
#     2    0.0983313     0.465374    (-0.0407584,0.326284)
#***Warning: New best fit found, fit parameters will be set to new values.
#     2     0.100611     0.455548    (-0.0599986,0.294939)
#Apparent non-monotonicity in statistic space detected.
#Current bracket values 22.5445, 0
#and delta stat 0.675097, 3.0125
#but latest trial 11.2722 gives 3.12795
#Suggest that you check this result using the steppar command.
#Apparent non-monotonicity in statistic space detected.
#Current bracket values 244468, 245139
#and delta stat 0.652285, 2.91954
#but latest trial 244804 gives 2.93785
#Suggest that you check this result using the steppar command.
#     3      11.2722       244804    (-5941.79,238851)
#     4      1.69429      1.97851    (-0.143407,0.140806)
#     9   0.00304466   0.00712425    (-0.00283782,0.00124177)
#
!XSPEC12> n
#
!XSPEC12> 
#
!XSPEC12> n
#
!XSPEC12> 
#
!XSPEC12> log none
#