
!XSPEC12> error 1. 2 3 4 9
#Apparent non-monotonicity in statistic space detected.
#Current bracket values 0.592966, 0.59138
#and delta stat 0, 1.08866
#but latest trial 0.591561 gives 1.08875
#Suggest that you check this result using the steppar command.
#Apparent non-monotonicity in statistic space detected.
#Current bracket values 0.595125, 0.595126
#and delta stat 0.986738, 3.07366
#but latest trial 0.595125 gives 0.986736
#Suggest that you check this result using the steppar command.
#     2     0.592173     0.595125    (-0.000794324,0.00215824)
#Apparent non-monotonicity in statistic space detected.
#Current bracket values 3742.63, 3739.63
#and delta stat 0.395516, 2.93522
#but latest trial 3741.13 gives 8.53839
#Suggest that you check this result using the steppar command.
#Apparent non-monotonicity in statistic space detected.
#Current bracket values 3820.44, 3828.42
#and delta stat 0.223976, 1.65539
#but latest trial 3827.12 gives 1.65828
#Suggest that you check this result using the steppar command.
#     3      3741.13      3824.43    (-46.3654,36.9361)
#***Warning: Parameter pegged at hard limit: 1.2
#     4            0      2.24506    (-1.20109,1.04398)
#     9   0.00112055   0.00764889    (-0.000945101,0.00558324)
#
!XSPEC12> n
#
!XSPEC12> 
#
!XSPEC12> n
#
!XSPEC12> 
#
!XSPEC12> log none
#