#XSPEC version: 12.11.0
#Build Date/Time: Thu Jul  2 16:22:45 2020
#
!XSPEC12> show data
#
#1 file 1 spectrum 
#Spectrum 1  Spectral Data File: /home/thaddaeus/FMU/Steiner/thaddaeus/1050360103/jspipe/js_ni1050360103_0mpu7_silver_GTI0.jsgrp
#Net count rate (cts/s) for Spectrum:1  2.887e+03 +/- 4.409e+00 (100.0 % total)
# Assigned to Data Group 1 and Plot Group 1
#  Noticed Channels:  25-255
#  Telescope: NICER Instrument: XTI  Channel Type: PI
#  Exposure Time: 148.5 sec
# Using fit statistic: pgstat
# Using Background File                /home/thaddaeus/FMU/Steiner/thaddaeus/1050360103/jspipe/js_ni1050360103_0mpu7_silver_GTI0.bg
#  Background Exposure Time: 148.5 sec
# Using Response (RMF) File            /home/thaddaeus/FMU/Steiner/thaddaeus/nicer_d49_55575341.rmf for Source 1
# Using Auxiliary Response (ARF) File  /home/thaddaeus/FMU/Steiner/thaddaeus/nicer_d49_55575341.arf
#
#
!XSPEC12> show fit
#
#Fit statistic  : PG-Statistic                 365.96     using 231 bins.
#
#Test statistic : Chi-Squared                  388.41     using 231 bins.
# Null hypothesis probability of 1.87e-11 with 220 degrees of freedom
#
!XSPEC12> show param
#
#Parameters defined:
#========================================================================
#Model TBabs<1>(relxill<2> + diskbb<3>) Source No.: 1   Active/On
#Model Model Component  Parameter  Unit     Value
# par  comp
#   1    1   TBabs      nH         10^22    3.08596      +/-  3.42763E-02  
#   2    2   relxill    Index1              3.00000      frozen
#   3    2   relxill    Index2              -97.8742     = p7
#   4    2   relxill    Rbr                 15.0000      frozen
#   5    2   relxill    a                   -0.629084    +/-  -1.00000     
#   6    2   relxill    Incl       deg      65.8149      +/-  -1.00000     
#   7    2   relxill    Rin                 -97.8742     +/-  -1.00000     
#   8    2   relxill    Rout                400.000      frozen
#   9    2   relxill    z                   0.0          frozen
#  10    2   relxill    gamma               1.46310      +/-  -1.00000     
#  11    2   relxill    logxi               0.983035     +/-  -1.00000     
#  12    2   relxill    Afe                 9.99993      +/-  -1.00000     
#  13    2   relxill    Ecut       keV      100.000      frozen
#  14    2   relxill    refl_frac           1.84463E-05  +/-  -1.00000     
#  15    2   relxill    norm                0.213990     +/-  6.84843E-04  
#  16    3   diskbb     Tin        keV      0.215764     +/-  0.136994     
#  17    3   diskbb     norm                2.38940E+04  +/-  8.12561E+04  
#________________________________________________________________________
#
#
!XSPEC12> log none
#