#XSPEC version: 12.11.0
#Build Date/Time: Thu Jul  2 16:22:45 2020
#
!XSPEC12> show data
#
#1 file 1 spectrum 
#Spectrum 1  Spectral Data File: /home/thaddaeus/FMU/Steiner/thaddaeus/1050360105/jspipe/js_ni1050360105_0mpu7_silver_GTI0.jsgrp
#Net count rate (cts/s) for Spectrum:1  7.541e+03 +/- 6.190e+00 (99.8 % total)
# Assigned to Data Group 1 and Plot Group 1
#  Noticed Channels:  25-255
#  Telescope: NICER Instrument: XTI  Channel Type: PI
#  Exposure Time: 197.1 sec
# Using fit statistic: pgstat
# Using Background File                /home/thaddaeus/FMU/Steiner/thaddaeus/1050360105/jspipe/js_ni1050360105_0mpu7_silver_GTI0.bg
#  Background Exposure Time: 197.1 sec
# Using Response (RMF) File            /home/thaddaeus/FMU/Steiner/thaddaeus/nicer_d49_55575341.rmf for Source 1
# Using Auxiliary Response (ARF) File  /home/thaddaeus/FMU/Steiner/thaddaeus/nicer_d49_55575341.arf
#
#
!XSPEC12> show fit
#
#Fit statistic  : PG-Statistic                 354.70     using 231 bins.
#
#Test statistic : Chi-Squared                  353.44     using 231 bins.
# Null hypothesis probability of 2.84e-08 with 220 degrees of freedom
#
!XSPEC12> show param
#
#Parameters defined:
#========================================================================
#Model TBabs<1>(relxill<2> + diskbb<3>) Source No.: 1   Active/On
#Model Model Component  Parameter  Unit     Value
# par  comp
#   1    1   TBabs      nH         10^22    3.37329      +/-  6.05466E-02  
#   2    2   relxill    Index1              3.00000      frozen
#   3    2   relxill    Index2              -1.00000     = p7
#   4    2   relxill    Rbr                 15.0000      frozen
#   5    2   relxill    a                   0.998000     +/-  6.65396      
#   6    2   relxill    Incl       deg      87.0000      +/-  37.1973      
#   7    2   relxill    Rin                 -1.00000     +/-  18.0217      
#   8    2   relxill    Rout                400.000      frozen
#   9    2   relxill    z                   0.0          frozen
#  10    2   relxill    gamma               1.84216      +/-  6.29255E-02  
#  11    2   relxill    logxi               3.70545      +/-  0.127857     
#  12    2   relxill    Afe                 1.68647      +/-  0.590312     
#  13    2   relxill    Ecut       keV      100.000      frozen
#  14    2   relxill    refl_frac           2.65523      +/-  17.6360      
#  15    2   relxill    norm                2.57482E-02  +/-  0.155549     
#  16    3   diskbb     Tin        keV      1.13155      +/-  8.30446E-02  
#  17    3   diskbb     norm                787.944      +/-  288.622      
#________________________________________________________________________
#
#
!XSPEC12> log none
#