#XSPEC version: 12.11.0
#Build Date/Time: Thu Jul  2 16:22:45 2020
#
!XSPEC12> show data
#
#1 file 1 spectrum 
#Spectrum 1  Spectral Data File: /home/thaddaeus/FMU/Steiner/thaddaeus/1050360113/jspipe/js_ni1050360113_0mpu7_silver_GTI0.jsgrp
#Net count rate (cts/s) for Spectrum:1  1.612e+04 +/- 4.356e+00 (100.0 % total)
# Assigned to Data Group 1 and Plot Group 1
#  Noticed Channels:  25-255
#  Telescope: NICER Instrument: XTI  Channel Type: PI
#  Exposure Time: 849.9 sec
# Using fit statistic: pgstat
# Using Background File                /home/thaddaeus/FMU/Steiner/thaddaeus/1050360113/jspipe/js_ni1050360113_0mpu7_silver_GTI0.bg
#  Background Exposure Time: 849.9 sec
# Using Response (RMF) File            /home/thaddaeus/FMU/Steiner/thaddaeus/nicer_d49_55575341.rmf for Source 1
# Using Auxiliary Response (ARF) File  /home/thaddaeus/FMU/Steiner/thaddaeus/nicer_d49_55575341.arf
#
#
!XSPEC12> show fit
#
#Fit statistic  : PG-Statistic                3397.15     using 231 bins.
#
#Test statistic : Chi-Squared                 3365.12     using 231 bins.
# Null hypothesis probability of 0.00e+00 with 220 degrees of freedom
#
!XSPEC12> show param
#
#Parameters defined:
#========================================================================
#Model TBabs<1>(relxill<2> + diskbb<3>) Source No.: 1   Active/On
#Model Model Component  Parameter  Unit     Value
# par  comp
#   1    1   TBabs      nH         10^22    3.50838      +/-  2.52564E-02  
#   2    2   relxill    Index1              3.00000      frozen
#   3    2   relxill    Index2              -1.00000     = p7
#   4    2   relxill    Rbr                 15.0000      frozen
#   5    2   relxill    a                   0.793331     +/-  8920.32      
#   6    2   relxill    Incl       deg      15.0120      +/-  1376.05      
#   7    2   relxill    Rin                 -1.00000     +/-  1540.07      
#   8    2   relxill    Rout                400.000      frozen
#   9    2   relxill    z                   0.0          frozen
#  10    2   relxill    gamma               1.88504      +/-  0.153591     
#  11    2   relxill    logxi               4.70000      +/-  4.22291      
#  12    2   relxill    Afe                 0.500000     +/-  10.6621      
#  13    2   relxill    Ecut       keV      100.000      frozen
#  14    2   relxill    refl_frac           0.185965     +/-  2.07567      
#  15    2   relxill    norm                0.150881     +/-  0.601799     
#  16    3   diskbb     Tin        keV      1.29994      +/-  5.43776E-02  
#  17    3   diskbb     norm                2309.83      +/-  270.902      
#________________________________________________________________________
#
#
!XSPEC12> log none
#