#XSPEC version: 12.11.0
#Build Date/Time: Thu Jul  2 16:22:45 2020
#
!XSPEC12> show data
#
#1 file 1 spectrum 
#Spectrum 1  Spectral Data File: /home/thaddaeus/FMU/Steiner/thaddaeus/1050360111/jspipe/js_ni1050360111_0mpu7_silver_GTI0.jsgrp
#Net count rate (cts/s) for Spectrum:1  1.604e+04 +/- 4.324e+00 (99.9 % total)
# Assigned to Data Group 1 and Plot Group 1
#  Noticed Channels:  25-255
#  Telescope: NICER Instrument: XTI  Channel Type: PI
#  Exposure Time: 859 sec
# Using fit statistic: pgstat
# Using Background File                /home/thaddaeus/FMU/Steiner/thaddaeus/1050360111/jspipe/js_ni1050360111_0mpu7_silver_GTI0.bg
#  Background Exposure Time: 859 sec
# Using Response (RMF) File            /home/thaddaeus/FMU/Steiner/thaddaeus/nicer_d49_55575341.rmf for Source 1
# Using Auxiliary Response (ARF) File  /home/thaddaeus/FMU/Steiner/thaddaeus/nicer_d49_55575341.arf
#
#
!XSPEC12> show fit
#
#Fit statistic  : PG-Statistic               143169.4     using 231 bins.
#
#Test statistic : Chi-Squared                177935.1     using 231 bins.
# Null hypothesis probability of 0.0e+00 with 220 degrees of freedom
#
!XSPEC12> show param
#
#Parameters defined:
#========================================================================
#Model TBabs<1>(relxill<2> + diskbb<3>) Source No.: 1   Active/On
#Model Model Component  Parameter  Unit     Value
# par  comp
#   1    1   TBabs      nH         10^22    3.94172      +/-  1.32001E-03  
#   2    2   relxill    Index1              3.00000      frozen
#   3    2   relxill    Index2              -74.9950     = p7
#   4    2   relxill    Rbr                 15.0000      frozen
#   5    2   relxill    a                   -9.20012E-02 +/-  -1.00000     
#   6    2   relxill    Incl       deg      3.63174      +/-  -1.00000     
#   7    2   relxill    Rin                 -74.9950     +/-  -1.00000     
#   8    2   relxill    Rout                400.000      frozen
#   9    2   relxill    z                   0.0          frozen
#  10    2   relxill    gamma               2.04158      +/-  -1.00000     
#  11    2   relxill    logxi               4.70000      +/-  -1.00000     
#  12    2   relxill    Afe                 0.788932     +/-  -1.00000     
#  13    2   relxill    Ecut       keV      100.000      frozen
#  14    2   relxill    refl_frac           0.791291     +/-  -1.00000     
#  15    2   relxill    norm                0.206425     +/-  8.05119E-05  
#  16    3   diskbb     Tin        keV      0.148410     +/-  -1.00000     
#  17    3   diskbb     norm                7.46323E-10  +/-  -1.00000     
#________________________________________________________________________
#
#
!XSPEC12> log none
#