#XSPEC version: 12.11.0
#Build Date/Time: Thu Jul  2 16:22:45 2020
#
!XSPEC12> show data
#
#1 file 1 spectrum 
#Spectrum 1  Spectral Data File: /home/thaddaeus/FMU/Steiner/thaddaeus/1130360145/jspipe/js_ni1130360145_0mpu7_silver_GTI0.jsgrp
#Net count rate (cts/s) for Spectrum:1  5.951e+02 +/- 1.997e+00 (99.6 % total)
# Assigned to Data Group 1 and Plot Group 1
#  Noticed Channels:  25-213
#  Telescope: NICER Instrument: XTI  Channel Type: PI
#  Exposure Time: 149.8 sec
# Using fit statistic: pgstat
# Using Background File                /home/thaddaeus/FMU/Steiner/thaddaeus/1130360145/jspipe/js_ni1130360145_0mpu7_silver_GTI0.bg
#  Background Exposure Time: 149.8 sec
# Using Response (RMF) File            /home/thaddaeus/FMU/Steiner/thaddaeus/nicer_d49_55575341.rmf for Source 1
# Using Auxiliary Response (ARF) File  /home/thaddaeus/FMU/Steiner/thaddaeus/nicer_d49_55575341.arf
#
#
!XSPEC12> show fit
#
#Fit statistic  : PG-Statistic                 190.48     using 189 bins.
#
#Test statistic : Chi-Squared                  184.17     using 189 bins.
# Null hypothesis probability of 3.60e-01 with 178 degrees of freedom
#
!XSPEC12> show param
#
#Parameters defined:
#========================================================================
#Model TBabs<1>(relxill<2> + diskbb<3>) Source No.: 1   Active/On
#Model Model Component  Parameter  Unit     Value
# par  comp
#   1    1   TBabs      nH         10^22    3.49782      +/-  0.189704     
#   2    2   relxill    Index1              3.00000      frozen
#   3    2   relxill    Index2              -1.00000     = p7
#   4    2   relxill    Rbr                 15.0000      frozen
#   5    2   relxill    a                   0.694420     +/-  825.639      
#   6    2   relxill    Incl       deg      22.9482      +/-  45.1822      
#   7    2   relxill    Rin                 -1.00000     +/-  141.766      
#   8    2   relxill    Rout                400.000      frozen
#   9    2   relxill    z                   0.0          frozen
#  10    2   relxill    gamma               3.40000      +/-  0.352498     
#  11    2   relxill    logxi               4.04024      +/-  0.387286     
#  12    2   relxill    Afe                 4.98885      +/-  2.15403      
#  13    2   relxill    Ecut       keV      100.000      frozen
#  14    2   relxill    refl_frac           999.058      +/-  8.43065E+05  
#  15    2   relxill    norm                2.40860E-05  +/-  1.11311E-02  
#  16    3   diskbb     Tin        keV      0.584351     +/-  1.07543E-02  
#  17    3   diskbb     norm                4495.76      +/-  528.858      
#________________________________________________________________________
#
#
!XSPEC12> log none
#