#XSPEC version: 12.11.0
#Build Date/Time: Thu Jul  2 16:22:45 2020
#
!XSPEC12> show data
#
#1 file 1 spectrum 
#Spectrum 1  Spectral Data File: /home/thaddaeus/FMU/Steiner/thaddaeus/1130360137/jspipe/js_ni1130360137_0mpu7_silver_GTI0.jsgrp
#Net count rate (cts/s) for Spectrum:1  1.959e+03 +/- 2.110e+00 (100.0 % total)
# Assigned to Data Group 1 and Plot Group 1
#  Noticed Channels:  25-232
#  Telescope: NICER Instrument: XTI  Channel Type: PI
#  Exposure Time: 440.2 sec
# Using fit statistic: pgstat
# Using Background File                /home/thaddaeus/FMU/Steiner/thaddaeus/1130360137/jspipe/js_ni1130360137_0mpu7_silver_GTI0.bg
#  Background Exposure Time: 440.2 sec
# Using Response (RMF) File            /home/thaddaeus/FMU/Steiner/thaddaeus/nicer_d49_55575341.rmf for Source 1
# Using Auxiliary Response (ARF) File  /home/thaddaeus/FMU/Steiner/thaddaeus/nicer_d49_55575341.arf
#
#
!XSPEC12> show fit
#
#Fit statistic  : PG-Statistic                8051.07     using 208 bins.
#
#Test statistic : Chi-Squared                14223.46     using 208 bins.
# Null hypothesis probability of 0.00e+00 with 197 degrees of freedom
#
!XSPEC12> show param
#
#Parameters defined:
#========================================================================
#Model TBabs<1>(relxill<2> + diskbb<3>) Source No.: 1   Active/On
#Model Model Component  Parameter  Unit     Value
# par  comp
#   1    1   TBabs      nH         10^22    3.60000      +/-  4.69161E-02  
#   2    2   relxill    Index1              3.00000      frozen
#   3    2   relxill    Index2              -18.8116     = p7
#   4    2   relxill    Rbr                 15.0000      frozen
#   5    2   relxill    a                   4.91894E-02  +/-  5.73286E+08  
#   6    2   relxill    Incl       deg      71.2791      +/-  4.58246E+07  
#   7    2   relxill    Rin                 -18.8116     +/-  5.46588E+07  
#   8    2   relxill    Rout                400.000      frozen
#   9    2   relxill    z                   0.0          frozen
#  10    2   relxill    gamma               3.35746      +/-  8.76951E-02  
#  11    2   relxill    logxi               4.70000      +/-  5.54533E+06  
#  12    2   relxill    Afe                 2.97149      +/-  3.31449E+07  
#  13    2   relxill    Ecut       keV      100.000      frozen
#  14    2   relxill    refl_frac           6.04693E-09  +/-  3.22398E-02  
#  15    2   relxill    norm                0.337008     +/-  9.35958E-02  
#  16    3   diskbb     Tin        keV      0.803037     +/-  9.90054E-03  
#  17    3   diskbb     norm                2084.97      +/-  158.196      
#________________________________________________________________________
#
#
!XSPEC12> log none
#