#XSPEC version: 12.11.0
#Build Date/Time: Thu Jul  2 16:22:45 2020
#
!XSPEC12> show data
#
#1 file 1 spectrum 
#Spectrum 1  Spectral Data File: /home/thaddaeus/FMU/Steiner/thaddaeus/1130360146/jspipe/js_ni1130360146_0mpu7_silver_GTI0.jsgrp
#Net count rate (cts/s) for Spectrum:1  5.696e+02 +/- 1.522e+00 (99.7 % total)
# Assigned to Data Group 1 and Plot Group 1
#  Noticed Channels:  25-210
#  Telescope: NICER Instrument: XTI  Channel Type: PI
#  Exposure Time: 246.7 sec
# Using fit statistic: pgstat
# Using Background File                /home/thaddaeus/FMU/Steiner/thaddaeus/1130360146/jspipe/js_ni1130360146_0mpu7_silver_GTI0.bg
#  Background Exposure Time: 246.7 sec
# Using Response (RMF) File            /home/thaddaeus/FMU/Steiner/thaddaeus/nicer_d49_55575341.rmf for Source 1
# Using Auxiliary Response (ARF) File  /home/thaddaeus/FMU/Steiner/thaddaeus/nicer_d49_55575341.arf
#
#
!XSPEC12> show fit
#
#Fit statistic  : PG-Statistic               107213.9     using 186 bins.
#
#Test statistic : Chi-Squared                770181.5     using 186 bins.
# Null hypothesis probability of 0.0e+00 with 175 degrees of freedom
#
!XSPEC12> show param
#
#Parameters defined:
#========================================================================
#Model TBabs<1>(relxill<2> + diskbb<3>) Source No.: 1   Active/On
#Model Model Component  Parameter  Unit     Value
# par  comp
#   1    1   TBabs      nH         10^22    3.60000      +/-  0.443689     
#   2    2   relxill    Index1              3.00000      frozen
#   3    2   relxill    Index2              -1.00000     = p7
#   4    2   relxill    Rbr                 15.0000      frozen
#   5    2   relxill    a                   0.893712     +/-  1.15661E+12  
#   6    2   relxill    Incl       deg      8.14978      +/-  2.67269E+10  
#   7    2   relxill    Rin                 -1.00000     +/-  2.53543E+11  
#   8    2   relxill    Rout                400.000      frozen
#   9    2   relxill    z                   0.0          frozen
#  10    2   relxill    gamma               3.40000      +/-  2.42167      
#  11    2   relxill    logxi               1.03023E-07  +/-  -1.00000     
#  12    2   relxill    Afe                 10.0000      +/-  1.92171E+10  
#  13    2   relxill    Ecut       keV      100.000      frozen
#  14    2   relxill    refl_frac           1.41374E-08  +/-  18.7491      
#  15    2   relxill    norm                2.57419E-02  +/-  9.36336E-02  
#  16    3   diskbb     Tin        keV      1.82983      +/-  5.67971E-02  
#  17    3   diskbb     norm                42.4601      +/-  6.12081      
#________________________________________________________________________
#
#
!XSPEC12> log none
#