#XSPEC version: 12.11.0
#Build Date/Time: Thu Jul  2 16:22:45 2020
#
!XSPEC12> show data
#
#1 file 1 spectrum 
#Spectrum 1  Spectral Data File: /home/thaddaeus/FMU/Steiner/thaddaeus/1130360102/jspipe/js_ni1130360102_0mpu7_silver_GTI0.jsgrp
#Net count rate (cts/s) for Spectrum:1  1.428e+04 +/- 3.293e+00 (100.0 % total)
# Assigned to Data Group 1 and Plot Group 1
#  Noticed Channels:  25-255
#  Telescope: NICER Instrument: XTI  Channel Type: PI
#  Exposure Time: 1317 sec
# Using fit statistic: pgstat
# Using Background File                /home/thaddaeus/FMU/Steiner/thaddaeus/1130360102/jspipe/js_ni1130360102_0mpu7_silver_GTI0.bg
#  Background Exposure Time: 1317 sec
# Using Response (RMF) File            /home/thaddaeus/FMU/Steiner/thaddaeus/nicer_d49_55575341.rmf for Source 1
# Using Auxiliary Response (ARF) File  /home/thaddaeus/FMU/Steiner/thaddaeus/nicer_d49_55575341.arf
#
#
!XSPEC12> show fit
#
#Fit statistic  : PG-Statistic                5432.51     using 231 bins.
#
#Test statistic : Chi-Squared                 5348.04     using 231 bins.
# Null hypothesis probability of 0.00e+00 with 220 degrees of freedom
#
!XSPEC12> show param
#
#Parameters defined:
#========================================================================
#Model TBabs<1>(relxill<2> + diskbb<3>) Source No.: 1   Active/On
#Model Model Component  Parameter  Unit     Value
# par  comp
#   1    1   TBabs      nH         10^22    3.53636      +/-  3.18600E-03  
#   2    2   relxill    Index1              3.00000      frozen
#   3    2   relxill    Index2              -96.3980     = p7
#   4    2   relxill    Rbr                 15.0000      frozen
#   5    2   relxill    a                   0.490643     +/-  -1.00000     
#   6    2   relxill    Incl       deg      87.0000      +/-  -1.00000     
#   7    2   relxill    Rin                 -96.3980     +/-  -1.00000     
#   8    2   relxill    Rout                400.000      frozen
#   9    2   relxill    z                   0.0          frozen
#  10    2   relxill    gamma               2.25513      +/-  -1.00000     
#  11    2   relxill    logxi               4.70000      +/-  -1.00000     
#  12    2   relxill    Afe                 0.500000     +/-  -1.00000     
#  13    2   relxill    Ecut       keV      100.000      frozen
#  14    2   relxill    refl_frac           5.36116E-05  +/-  -1.00000     
#  15    2   relxill    norm                0.140432     +/-  1.66886E-03  
#  16    3   diskbb     Tin        keV      1.27391      +/-  9.75195E-04  
#  17    3   diskbb     norm                2756.71      +/-  6.71467      
#________________________________________________________________________
#
#
!XSPEC12> log none
#