#XSPEC version: 12.11.0
#Build Date/Time: Thu Jul  2 16:22:45 2020
#
!XSPEC12> show data
#
#1 file 1 spectrum 
#Spectrum 1  Spectral Data File: /home/thaddaeus/FMU/Steiner/thaddaeus/1130360111/jspipe/js_ni1130360111_0mpu7_silver_GTI0.jsgrp
#Net count rate (cts/s) for Spectrum:1  1.169e+04 +/- 2.730e+00 (100.0 % total)
# Assigned to Data Group 1 and Plot Group 1
#  Noticed Channels:  25-255
#  Telescope: NICER Instrument: XTI  Channel Type: PI
#  Exposure Time: 1568 sec
# Using fit statistic: pgstat
# Using Background File                /home/thaddaeus/FMU/Steiner/thaddaeus/1130360111/jspipe/js_ni1130360111_0mpu7_silver_GTI0.bg
#  Background Exposure Time: 1568 sec
# Using Response (RMF) File            /home/thaddaeus/FMU/Steiner/thaddaeus/nicer_d49_55575341.rmf for Source 1
# Using Auxiliary Response (ARF) File  /home/thaddaeus/FMU/Steiner/thaddaeus/nicer_d49_55575341.arf
#
#
!XSPEC12> show fit
#
#Fit statistic  : PG-Statistic                5520.17     using 231 bins.
#
#Test statistic : Chi-Squared                 5427.94     using 231 bins.
# Null hypothesis probability of 0.00e+00 with 220 degrees of freedom
#
!XSPEC12> show param
#
#Parameters defined:
#========================================================================
#Model TBabs<1>(relxill<2> + diskbb<3>) Source No.: 1   Active/On
#Model Model Component  Parameter  Unit     Value
# par  comp
#   1    1   TBabs      nH         10^22    3.55568      +/-  1.89039E-02  
#   2    2   relxill    Index1              3.00000      frozen
#   3    2   relxill    Index2              -1.00000     = p7
#   4    2   relxill    Rbr                 15.0000      frozen
#   5    2   relxill    a                   0.931139     +/-  5354.06      
#   6    2   relxill    Incl       deg      12.6436      +/-  180.322      
#   7    2   relxill    Rin                 -1.00000     +/-  699.885      
#   8    2   relxill    Rout                400.000      frozen
#   9    2   relxill    z                   0.0          frozen
#  10    2   relxill    gamma               2.12838      +/-  0.103883     
#  11    2   relxill    logxi               4.70000      +/-  0.846471     
#  12    2   relxill    Afe                 0.500000     +/-  1.60891      
#  13    2   relxill    Ecut       keV      100.000      frozen
#  14    2   relxill    refl_frac           0.745824     +/-  3.37871      
#  15    2   relxill    norm                4.14431E-02  +/-  0.115755     
#  16    3   diskbb     Tin        keV      1.21705      +/-  9.32553E-03  
#  17    3   diskbb     norm                2435.64      +/-  73.4301      
#________________________________________________________________________
#
#
!XSPEC12> log none
#