#XSPEC version: 12.11.0
#Build Date/Time: Thu Jul  2 16:22:45 2020
#
!XSPEC12> show data
#
#1 file 1 spectrum 
#Spectrum 1  Spectral Data File: /home/thaddaeus/FMU/Steiner/thaddaeus/1130360135/jspipe/js_ni1130360135_0mpu7_silver_GTI0.jsgrp
#Net count rate (cts/s) for Spectrum:1  2.223e+03 +/- 7.197e+00 (100.0 % total)
# Assigned to Data Group 1 and Plot Group 1
#  Noticed Channels:  23-204
#  Telescope: NICER Instrument: XTI  Channel Type: PI
#  Exposure Time: 42.94 sec
# Using fit statistic: pgstat
# Using Background File                /home/thaddaeus/FMU/Steiner/thaddaeus/1130360135/jspipe/js_ni1130360135_0mpu7_silver_GTI0.bg
#  Background Exposure Time: 42.94 sec
# Using Response (RMF) File            /home/thaddaeus/FMU/Steiner/thaddaeus/nicer_d49_55575341.rmf for Source 1
# Using Auxiliary Response (ARF) File  /home/thaddaeus/FMU/Steiner/thaddaeus/nicer_d49_55575341.arf
#
#
!XSPEC12> show fit
#
#Fit statistic  : PG-Statistic                 249.33     using 182 bins.
#
#Test statistic : Chi-Squared                  275.28     using 182 bins.
# Null hypothesis probability of 7.32e-07 with 171 degrees of freedom
#
!XSPEC12> show param
#
#Parameters defined:
#========================================================================
#Model TBabs<1>(relxill<2> + diskbb<3>) Source No.: 1   Active/On
#Model Model Component  Parameter  Unit     Value
# par  comp
#   1    1   TBabs      nH         10^22    3.59997      +/-  0.178935     
#   2    2   relxill    Index1              3.00000      frozen
#   3    2   relxill    Index2              -1.12142     = p7
#   4    2   relxill    Rbr                 15.0000      frozen
#   5    2   relxill    a                   0.998000     +/-  132.953      
#   6    2   relxill    Incl       deg      17.8387      +/-  29.0878      
#   7    2   relxill    Rin                 -1.12142     +/-  134.207      
#   8    2   relxill    Rout                400.000      frozen
#   9    2   relxill    z                   0.0          frozen
#  10    2   relxill    gamma               3.40000      +/-  0.277767     
#  11    2   relxill    logxi               4.04648      +/-  0.347824     
#  12    2   relxill    Afe                 7.73800      +/-  3.28219      
#  13    2   relxill    Ecut       keV      100.000      frozen
#  14    2   relxill    refl_frac           10.0958      +/-  65.9358      
#  15    2   relxill    norm                7.33431E-03  +/-  5.09672E-02  
#  16    3   diskbb     Tin        keV      0.778848     +/-  1.24678E-02  
#  17    3   diskbb     norm                4258.19      +/-  352.917      
#________________________________________________________________________
#
#
!XSPEC12> log none
#