#XSPEC version: 12.11.0m
#Build Date/Time: Sun Oct 25 08:05:27 2020
#
!XSPEC12> show data
#
#1 file 1 spectrum 
#Spectrum 1  Spectral Data File: /home/thaddaeus/FMU/Steiner/thaddaeus/1130360134/jspipe/js_ni1130360134_0mpu7_silver_GTI0.jsgrp
#Net count rate (cts/s) for Spectrum:1  1.291e+03 +/- 3.842e+00 (100.0 % total)
# Assigned to Data Group 1 and Plot Group 1
#  Noticed Channels:  22-54,79-211
#  Telescope: NICER Instrument: XTI  Channel Type: PI
#  Exposure Time: 87.49 sec
# Using fit statistic: pgstat
# Using Background File                /home/thaddaeus/FMU/Steiner/thaddaeus/1130360134/jspipe/js_ni1130360134_0mpu7_silver_GTI0.bg
#  Background Exposure Time: 87.49 sec
# Using Response (RMF) File            /home/thaddaeus/FMU/Steiner/thaddaeus/nicer_d49_u150_200_55575341.rmf for Source 1
# Using Auxiliary Response (ARF) File  /home/thaddaeus/FMU/Steiner/thaddaeus/nicer_d49_55575341.arf
#
#
!XSPEC12> show param
#
#Parameters defined:
#========================================================================
#Model TBfeo<1>(simpl<2>(diskbb<3> + relxill<4>)) Source No.: 1   Active/On
#Model Model Component  Parameter  Unit     Value
# par  comp
#   1    1   TBfeo      nH         10^22    3.68341      frozen
#   2    1   TBfeo      O                   0.718572     frozen
#   3    1   TBfeo      Fe                  0.977861     frozen
#   4    1   TBfeo      redshift            0.0          frozen
#   5    2   simpl      Gamma               3.12035      +/-  4.21856E-02  
#   6    2   simpl      FracSctr            0.275725     +/-  6.24661E-03  
#   7    2   simpl      UpScOnly            1.00000      frozen
#   8    3   diskbb     Tin        keV      0.150000     +/-  -1.00000     
#   9    3   diskbb     norm                2.47017E+04  +/-  259.992      
#  10    4   relxill    Index1              3.00000      frozen
#  11    4   relxill    Index2              3.00000      frozen
#  12    4   relxill    Rbr                 15.0000      frozen
#  13    4   relxill    a                   0.998000     +/-  -1.00000     
#  14    4   relxill    Incl       deg      44.1265      +/-  2.75410      
#  15    4   relxill    Rin                 -1.00000     frozen
#  16    4   relxill    Rout                400.000      frozen
#  17    4   relxill    z                   0.0          frozen
#  18    4   relxill    gamma               3.12035      = p5
#  19    4   relxill    logxi               2.36622      +/-  0.226551     
#  20    4   relxill    Afe                 0.500000     +/-  -1.00000     
#  21    4   relxill    Ecut       keV      100.000      frozen
#  22    4   relxill    refl_frac           -1.00000     frozen
#  23    4   relxill    norm                0.307638     +/-  0.225459     
#________________________________________________________________________
#
#
!XSPEC12> show fit
#
#Fit statistic  : PG-Statistic               14574.28     using 166 bins.
#
#Test statistic : Chi-Squared                39674.03     using 166 bins.
# Null hypothesis probability of 0.00e+00 with 157 degrees of freedom
#
!XSPEC12> log none
#