#XSPEC version: 12.11.0m
#Build Date/Time: Sat Nov 21 22:38:27 2020
#
!XSPEC12> show data
#
#1 file 1 spectrum 
#Spectrum 1  Spectral Data File: /home/thaddaeus/FMU/Steiner/thaddaeus/1130360263/jspipe/js_ni1130360263_0mpu7_silver_GTI0.jsgrp
#Net count rate (cts/s) for Spectrum:1  6.678e-01 +/- 3.919e-02 (63.9 % total)
# Assigned to Data Group 1 and Plot Group 1
#  Noticed Channels:  22-46,75-162
#  Telescope: NICER Instrument: XTI  Channel Type: PI
#  Exposure Time: 700 sec
# Using fit statistic: pgstat
# Using Background File                /home/thaddaeus/FMU/Steiner/thaddaeus/1130360263/jspipe/js_ni1130360263_0mpu7_silver_GTI0.bg
#  Background Exposure Time: 700 sec
# Using Response (RMF) File            /home/thaddaeus/FMU/Steiner/thaddaeus/nicer_d49_u50_100_55575341.rmf for Source 1
# Using Auxiliary Response (ARF) File  /home/thaddaeus/FMU/Steiner/thaddaeus/nicer_d49_55575341.arf
#
#
!XSPEC12> show model
#
#Current model list:
#
#Model TBabs<1>(diskbb<2> + nthComp<3>) Source No.: 1   Active/On
#      For Data Group(s): 1 
#
#   Using energies from responses.
#
#
!XSPEC12> show param
#
#Parameters defined:
#========================================================================
#Model TBabs<1>(diskbb<2> + nthComp<3>) Source No.: 1   Active/On
#Model Model Component  Parameter  Unit     Value
# par  comp
#   1    1   TBabs      nH         10^22    3.20000      frozen
#   2    2   diskbb     Tin        keV      0.110461     +/-  7.84124E-02  
#   3    2   diskbb     norm                1.26574E+05  +/-  7.93486E+05  
#   4    3   nthComp    Gamma               1.76542      +/-  0.179253     
#   5    3   nthComp    kT_e       keV      100.000      frozen
#   6    3   nthComp    kT_bb      keV      0.110461     = p2
#   7    3   nthComp    inp_type   0/1      1.00000      frozen
#   8    3   nthComp    Redshift            0.0          frozen
#   9    3   nthComp    norm                2.68514E-03  +/-  6.45297E-04  
#________________________________________________________________________
#
#
!XSPEC12> show fit
#
#Fit statistic  : PG-Statistic                  87.96     using 113 bins.
#
#Test statistic : Chi-Squared                  106.82     using 113 bins.
# Null hypothesis probability of 5.41e-01 with 109 degrees of freedom
#
!XSPEC12> log none
#