#XSPEC version: 12.11.0m
#Build Date/Time: Sat Nov 21 22:38:27 2020
#
!XSPEC12> show data
#
#1 file 1 spectrum 
#Spectrum 1  Spectral Data File: /home/thaddaeus/FMU/Steiner/thaddaeus/1130360226/jspipe/js_ni1130360226_0mpu7_silver_GTI9.jsgrp
#Net count rate (cts/s) for Spectrum:1  1.181e+01 +/- 2.271e-01 (95.9 % total)
# Assigned to Data Group 1 and Plot Group 1
#  Noticed Channels:  19-41,70-203
#  Telescope: NICER Instrument: XTI  Channel Type: PI
#  Exposure Time: 238.8 sec
# Using fit statistic: pgstat
# Using Background File                /home/thaddaeus/FMU/Steiner/thaddaeus/1130360226/jspipe/js_ni1130360226_0mpu7_silver_GTI9.bg
#  Background Exposure Time: 238.8 sec
# Using Response (RMF) File            /home/thaddaeus/FMU/Steiner/thaddaeus/nicer_d49_u12p5_25_55575341.rmf for Source 1
# Using Auxiliary Response (ARF) File  /home/thaddaeus/FMU/Steiner/thaddaeus/nicer_d49_55575341.arf
#
#
!XSPEC12> show model
#
#Current model list:
#
#Model TBabs<1>(diskbb<2> + nthComp<3>) Source No.: 1   Active/On
#      For Data Group(s): 1 
#
#   Using energies from responses.
#
#
!XSPEC12> show param
#
#Parameters defined:
#========================================================================
#Model TBabs<1>(diskbb<2> + nthComp<3>) Source No.: 1   Active/On
#Model Model Component  Parameter  Unit     Value
# par  comp
#   1    1   TBabs      nH         10^22    3.20000      frozen
#   2    2   diskbb     Tin        keV      1.00005E-02  +/-  0.913891     
#   3    2   diskbb     norm                6.81622E+17  +/-  2.25985E+32  
#   4    3   nthComp    Gamma               1.65748      +/-  4.38398E-02  
#   5    3   nthComp    kT_e       keV      100.000      frozen
#   6    3   nthComp    kT_bb      keV      1.00005E-02  = p2
#   7    3   nthComp    inp_type   0/1      1.00000      frozen
#   8    3   nthComp    Redshift            0.0          frozen
#   9    3   nthComp    norm                4.09886E-02  +/-  7.77315E-03  
#________________________________________________________________________
#
#
!XSPEC12> show fit
#
#Fit statistic  : PG-Statistic                 201.98     using 157 bins.
#
#Test statistic : Chi-Squared                  222.84     using 157 bins.
# Null hypothesis probability of 1.96e-04 with 153 degrees of freedom
#
!XSPEC12> log none
#