#XSPEC version: 12.11.0m
#Build Date/Time: Sat Nov 21 22:38:27 2020
#
!XSPEC12> show data
#
#1 file 1 spectrum 
#Spectrum 1  Spectral Data File: /home/thaddaeus/FMU/Steiner/thaddaeus/1130360219/jspipe/js_ni1130360219_0mpu7_silver_GTI0.jsgrp
#Net count rate (cts/s) for Spectrum:1  1.171e+00 +/- 3.967e-02 (73.5 % total)
# Assigned to Data Group 1 and Plot Group 1
#  Noticed Channels:  21-52,81-206
#  Telescope: NICER Instrument: XTI  Channel Type: PI
#  Exposure Time: 1043 sec
# Using fit statistic: pgstat
# Using Background File                /home/thaddaeus/FMU/Steiner/thaddaeus/1130360219/jspipe/js_ni1130360219_0mpu7_silver_GTI0.bg
#  Background Exposure Time: 1043 sec
# Using Response (RMF) File            /home/thaddaeus/FMU/Steiner/thaddaeus/nicer_d49_55575341.rmf for Source 1
# Using Auxiliary Response (ARF) File  /home/thaddaeus/FMU/Steiner/thaddaeus/nicer_d49_55575341.arf
#
#
!XSPEC12> show model
#
#Current model list:
#
#Model TBabs<1>(diskbb<2> + nthComp<3>) Source No.: 1   Active/On
#      For Data Group(s): 1 
#
#   Using energies from responses.
#
#
!XSPEC12> show param
#
#Parameters defined:
#========================================================================
#Model TBabs<1>(diskbb<2> + nthComp<3>) Source No.: 1   Active/On
#Model Model Component  Parameter  Unit     Value
# par  comp
#   1    1   TBabs      nH         10^22    3.20000      frozen
#   2    2   diskbb     Tin        keV      0.159146     +/-  7.03203E-02  
#   3    2   diskbb     norm                5425.20      +/-  2.74998E+04  
#   4    3   nthComp    Gamma               1.67077      +/-  0.107099     
#   5    3   nthComp    kT_e       keV      100.000      frozen
#   6    3   nthComp    kT_bb      keV      0.159146     = p2
#   7    3   nthComp    inp_type   0/1      1.00000      frozen
#   8    3   nthComp    Redshift            0.0          frozen
#   9    3   nthComp    norm                4.00047E-03  +/-  6.05120E-04  
#________________________________________________________________________
#
#
!XSPEC12> show fit
#
#Fit statistic  : PG-Statistic                 146.15     using 158 bins.
#
#Test statistic : Chi-Squared                  169.02     using 158 bins.
# Null hypothesis probability of 1.93e-01 with 154 degrees of freedom
#
!XSPEC12> log none
#