#XSPEC version: 12.11.0m
#Build Date/Time: Sat Nov 21 22:38:27 2020
#
!XSPEC12> show data
#
#1 file 1 spectrum 
#Spectrum 1  Spectral Data File: /home/thaddaeus/FMU/Steiner/thaddaeus/1130360244/jspipe/js_ni1130360244_0mpu7_silver_GTI3.jsgrp
#Net count rate (cts/s) for Spectrum:1  1.503e+00 +/- 9.076e-02 (65.0 % total)
# Assigned to Data Group 1 and Plot Group 1
#  Noticed Channels:  22-47,75-155
#  Telescope: NICER Instrument: XTI  Channel Type: PI
#  Exposure Time: 283.9 sec
# Using fit statistic: pgstat
# Using Background File                /home/thaddaeus/FMU/Steiner/thaddaeus/1130360244/jspipe/js_ni1130360244_0mpu7_silver_GTI3.bg
#  Background Exposure Time: 283.9 sec
# Using Response (RMF) File            /home/thaddaeus/FMU/Steiner/thaddaeus/nicer_d49_55575341.rmf for Source 1
# Using Auxiliary Response (ARF) File  /home/thaddaeus/FMU/Steiner/thaddaeus/nicer_d49_55575341.arf
#
#
!XSPEC12> show model
#
#Current model list:
#
#Model TBabs<1>(diskbb<2> + nthComp<3>) Source No.: 1   Active/On
#      For Data Group(s): 1 
#
#   Using energies from responses.
#
#
!XSPEC12> show param
#
#Parameters defined:
#========================================================================
#Model TBabs<1>(diskbb<2> + nthComp<3>) Source No.: 1   Active/On
#Model Model Component  Parameter  Unit     Value
# par  comp
#   1    1   TBabs      nH         10^22    3.20000      frozen
#   2    2   diskbb     Tin        keV      2.29281E-02  +/-  2.29504E-03  
#   3    2   diskbb     norm                1.52331E+19  +/-  4.26211E+19  
#   4    3   nthComp    Gamma               1.57318      +/-  0.147634     
#   5    3   nthComp    kT_e       keV      100.000      frozen
#   6    3   nthComp    kT_bb      keV      2.29281E-02  = p2
#   7    3   nthComp    inp_type   0/1      1.00000      frozen
#   8    3   nthComp    Redshift            0.0          frozen
#   9    3   nthComp    norm                4.29512E-03  +/-  8.54910E-04  
#________________________________________________________________________
#
#
!XSPEC12> show fit
#
#Fit statistic  : PG-Statistic                  97.98     using 107 bins.
#
#Test statistic : Chi-Squared                  109.59     using 107 bins.
# Null hypothesis probability of 3.10e-01 with 103 degrees of freedom
#
!XSPEC12> log none
#