#XSPEC version: 12.11.0m
#Build Date/Time: Sat Nov 21 22:38:27 2020
#
!XSPEC12> show data
#
#1 file 1 spectrum 
#Spectrum 1  Spectral Data File: /home/thaddaeus/FMU/Steiner/thaddaeus/2130360203/jspipe/js_ni2130360203_0mpu7_silver_GTI0.jsgrp
#Net count rate (cts/s) for Spectrum:1  6.983e-01 +/- 4.678e-02 (55.1 % total)
# Assigned to Data Group 1 and Plot Group 1
#  Noticed Channels:  21-43,72-163
#  Telescope: NICER Instrument: XTI  Channel Type: PI
#  Exposure Time: 597.2 sec
# Using fit statistic: pgstat
# Using Background File                /home/thaddaeus/FMU/Steiner/thaddaeus/2130360203/jspipe/js_ni2130360203_0mpu7_silver_GTI0.bg
#  Background Exposure Time: 597.2 sec
# Using Response (RMF) File            /home/thaddaeus/FMU/Steiner/thaddaeus/nicer_d49_55575341.rmf for Source 1
# Using Auxiliary Response (ARF) File  /home/thaddaeus/FMU/Steiner/thaddaeus/nicer_d49_55575341.arf
#
#
!XSPEC12> show model
#
#Current model list:
#
#Model TBabs<1>(diskbb<2> + nthComp<3>) Source No.: 1   Active/On
#      For Data Group(s): 1 
#
#   Using energies from responses.
#
#
!XSPEC12> show param
#
#Parameters defined:
#========================================================================
#Model TBabs<1>(diskbb<2> + nthComp<3>) Source No.: 1   Active/On
#Model Model Component  Parameter  Unit     Value
# par  comp
#   1    1   TBabs      nH         10^22    3.20000      frozen
#   2    2   diskbb     Tin        keV      0.994565     +/-  3.48978      
#   3    2   diskbb     norm                1.08555E-08  +/-  1.73373      
#   4    3   nthComp    Gamma               1.84740      +/-  2.13027      
#   5    3   nthComp    kT_e       keV      100.000      frozen
#   6    3   nthComp    kT_bb      keV      0.994565     = p2
#   7    3   nthComp    inp_type   0/1      1.00000      frozen
#   8    3   nthComp    Redshift            0.0          frozen
#   9    3   nthComp    norm                1.62680E-03  +/-  7.46603E-03  
#________________________________________________________________________
#
#
!XSPEC12> show fit
#
#Fit statistic  : PG-Statistic                 145.48     using 115 bins.
#
#Test statistic : Chi-Squared                  209.20     using 115 bins.
# Null hypothesis probability of 5.20e-08 with 111 degrees of freedom
#
!XSPEC12> log none
#