
!XSPEC12> error 1. 4
#Apparent non-monotonicity in statistic space detected.
#Current bracket values -8.50761, -8.50775
#and delta stat 0.905986, 1.13456
#but latest trial -8.50766 gives 8.22749
#Suggest that you check this result using the steppar command.
#***Warning: New best fit found, fit parameters will be set to new values.
#***Warning: New best fit found, fit parameters will be set to new values.
#     4     -8.50595      -8.4997    (-0.00483854,0.00141022)
#
!XSPEC12> n
#
!XSPEC12> 
#
!XSPEC12> n
#
!XSPEC12> 
#
!XSPEC12> log none
#