#XSPEC version: 12.11.0m
#Build Date/Time: Sat Nov 21 22:38:27 2020
#
!XSPEC12> show data
#
#1 file 1 spectrum 
#Spectrum 1  Spectral Data File: /home/thaddaeus/FMU/Steiner/thaddaeus/1130360267/jspipe/js_ni1130360267_0mpu7_silver_GTI3.jsgrp
#Net count rate (cts/s) for Spectrum:1  9.956e-01 +/- 1.071e-01 (60.4 % total)
# Assigned to Data Group 1 and Plot Group 1
#  Noticed Channels:  21-31,49-82
#  Telescope: NICER Instrument: XTI  Channel Type: PI
#  Exposure Time: 144.5 sec
# Using fit statistic: pgstat
# Using Background File                /home/thaddaeus/FMU/Steiner/thaddaeus/1130360267/jspipe/js_ni1130360267_0mpu7_silver_GTI3.bg
#  Background Exposure Time: 144.5 sec
# Using Response (RMF) File            /home/thaddaeus/FMU/Steiner/thaddaeus/nicer_d49_u100_150_55575341.rmf for Source 1
# Using Auxiliary Response (ARF) File  /home/thaddaeus/FMU/Steiner/thaddaeus/nicer_d49_55575341.arf
#
#
!XSPEC12> show model
#
#Current model list:
#
#Model TBabs<1>*cflux<2>(diskbb<3> + nthComp<4>) Source No.: 1   Active/On
#      For Data Group(s): 1 
#
#   Using energies from responses.
#
#
!XSPEC12> show param
#
#Parameters defined:
#========================================================================
#Model TBabs<1>*cflux<2>(diskbb<3> + nthComp<4>) Source No.: 1   Active/On
#Model Model Component  Parameter  Unit     Value
# par  comp
#   1    1   TBabs      nH         10^22    3.20000      frozen
#   2    2   cflux      Emin       keV      0.500000     frozen
#   3    2   cflux      Emax       keV      10.0000      frozen
#   4    2   cflux      lg10Flux   cgs      -10.6509     +/-  3.03587E+05  
#   5    3   diskbb     Tin        keV      1.47690E-02  +/-  15.4300      
#   6    3   diskbb     norm                5.13646E+18  +/-  1.25215E+27  
#   7    4   nthComp    Gamma               1.43509      +/-  0.269435     
#   8    4   nthComp    kT_e       keV      100.000      frozen
#   9    4   nthComp    kT_bb      keV      1.47690E-02  = p5
#  10    4   nthComp    inp_type   0/1      1.00000      frozen
#  11    4   nthComp    Redshift            0.0          frozen
#  12    4   nthComp    norm                1.57890E-02  +/-  3.88072E+06  
#________________________________________________________________________
#
#
!XSPEC12> log none
#