#XSPEC version: 12.11.0m
#Build Date/Time: Sat Nov 21 22:38:27 2020
#
!XSPEC12> show data
#
#1 file 1 spectrum 
#Spectrum 1  Spectral Data File: /home/thaddaeus/FMU/Steiner/thaddaeus/1130360214/jspipe/js_ni1130360214_0mpu7_silver_GTI0.jsgrp
#Net count rate (cts/s) for Spectrum:1  2.674e+00 +/- 1.575e-01 (71.8 % total)
# Assigned to Data Group 1 and Plot Group 1
#  Noticed Channels:  20-41,70-138
#  Telescope: NICER Instrument: XTI  Channel Type: PI
#  Exposure Time: 150.9 sec
# Using fit statistic: pgstat
# Using Background File                /home/thaddaeus/FMU/Steiner/thaddaeus/1130360214/jspipe/js_ni1130360214_0mpu7_silver_GTI0.bg
#  Background Exposure Time: 150.9 sec
# Using Response (RMF) File            /home/thaddaeus/FMU/Steiner/thaddaeus/nicer_d49_u12p5_25_55575341.rmf for Source 1
# Using Auxiliary Response (ARF) File  /home/thaddaeus/FMU/Steiner/thaddaeus/nicer_d49_55575341.arf
#
#
!XSPEC12> show model
#
#Current model list:
#
#Model TBabs<1>*cflux<2>(diskbb<3> + nthComp<4>) Source No.: 1   Active/On
#      For Data Group(s): 1 
#
#   Using energies from responses.
#
#
!XSPEC12> show param
#
#Parameters defined:
#========================================================================
#Model TBabs<1>*cflux<2>(diskbb<3> + nthComp<4>) Source No.: 1   Active/On
#Model Model Component  Parameter  Unit     Value
# par  comp
#   1    1   TBabs      nH         10^22    3.20000      frozen
#   2    2   cflux      Emin       keV      0.500000     frozen
#   3    2   cflux      Emax       keV      10.0000      frozen
#   4    2   cflux      lg10Flux   cgs      -10.1377     +/-  4.37807E-02  
#   5    3   diskbb     Tin        keV      0.501136     +/-  0.134351     
#   6    3   diskbb     norm                2.57816E+18  +/-  2.56163E+25  
#   7    4   nthComp    Gamma               1.20006      +/-  1.04453      
#   8    4   nthComp    kT_e       keV      100.000      frozen
#   9    4   nthComp    kT_bb      keV      0.501136     = p5
#  10    4   nthComp    inp_type   0/1      1.00000      frozen
#  11    4   nthComp    Redshift            0.0          frozen
#  12    4   nthComp    norm                2.79371E+14  +/-  2.81195E+21  
#________________________________________________________________________
#
#
!XSPEC12> log none
#