#XSPEC version: 12.11.0m
#Build Date/Time: Sat Nov 21 22:38:27 2020
#
!XSPEC12> show data
#
#1 file 1 spectrum 
#Spectrum 1  Spectral Data File: /home/thaddaeus/FMU/Steiner/thaddaeus/1130360248/jspipe/js_ni1130360248_0mpu7_silver_GTI1.jsgrp
#Net count rate (cts/s) for Spectrum:1  6.841e+00 +/- 2.244e-01 (93.8 % total)
# Assigned to Data Group 1 and Plot Group 1
#  Noticed Channels:  16-33,62-165
#  Telescope: NICER Instrument: XTI  Channel Type: PI
#  Exposure Time: 144.9 sec
# Using fit statistic: pgstat
# Using Background File                /home/thaddaeus/FMU/Steiner/thaddaeus/1130360248/jspipe/js_ni1130360248_0mpu7_silver_GTI1.bg
#  Background Exposure Time: 144.9 sec
# Using Response (RMF) File            /home/thaddaeus/FMU/Steiner/thaddaeus/nicer_d49_55575341.rmf for Source 1
# Using Auxiliary Response (ARF) File  /home/thaddaeus/FMU/Steiner/thaddaeus/nicer_d49_55575341.arf
#
#
!XSPEC12> show model
#
#Current model list:
#
#Model TBabs<1>*cflux<2>(diskbb<3> + nthComp<4>) Source No.: 1   Active/On
#      For Data Group(s): 1 
#
#   Using energies from responses.
#
#
!XSPEC12> show param
#
#Parameters defined:
#========================================================================
#Model TBabs<1>*cflux<2>(diskbb<3> + nthComp<4>) Source No.: 1   Active/On
#Model Model Component  Parameter  Unit     Value
# par  comp
#   1    1   TBabs      nH         10^22    3.20000      frozen
#   2    2   cflux      Emin       keV      0.500000     frozen
#   3    2   cflux      Emax       keV      10.0000      frozen
#   4    2   cflux      lg10Flux   cgs      -9.81579     +/-  7.82200E-02  
#   5    3   diskbb     Tin        keV      0.315869     +/-  4.31142      
#   6    3   diskbb     norm                1.00000E+24  +/-  1.97109E+35  
#   7    4   nthComp    Gamma               1.65398      +/-  0.136067     
#   8    4   nthComp    kT_e       keV      100.000      frozen
#   9    4   nthComp    kT_bb      keV      0.315869     = p5
#  10    4   nthComp    inp_type   0/1      1.00000      frozen
#  11    4   nthComp    Redshift            0.0          frozen
#  12    4   nthComp    norm                1.00000E+24  +/-  1.95138E+35  
#________________________________________________________________________
#
#
!XSPEC12> log none
#