
!XSPEC12> error 1. 4
#Apparent non-monotonicity in statistic space detected.
#Current bracket values -8.48711, -8.48729
#and delta stat 0.948132, 1.03918
#but latest trial -8.48722 gives 1.03951
#Suggest that you check this result using the steppar command.
#***Warning: New best fit found, fit parameters will be set to new values.
#***Warning: New best fit found, fit parameters will be set to new values.
#***Warning: New best fit found, fit parameters will be set to new values.
#     4     -7.81788     -7.81184    (-0.0020079,0.00403124)
#
!XSPEC12> n
#
!XSPEC12> 
#
!XSPEC12> n
#
!XSPEC12> 
#
!XSPEC12> log none
#