#XSPEC version: 12.11.0m
#Build Date/Time: Sat Nov 21 22:38:27 2020
#
!XSPEC12> show data
#
#1 file 1 spectrum 
#Spectrum 1  Spectral Data File: /home/thaddaeus/FMU/Steiner/thaddaeus/2130360201/jspipe/js_ni2130360201_0mpu7_silver_GTI4.jsgrp
#Net count rate (cts/s) for Spectrum:1  1.920e+00 +/- 7.770e-02 (79.7 % total)
# Assigned to Data Group 1 and Plot Group 1
#  Noticed Channels:  18-35,64-165
#  Telescope: NICER Instrument: XTI  Channel Type: PI
#  Exposure Time: 402.7 sec
# Using fit statistic: pgstat
# Using Background File                /home/thaddaeus/FMU/Steiner/thaddaeus/2130360201/jspipe/js_ni2130360201_0mpu7_silver_GTI4.bg
#  Background Exposure Time: 402.7 sec
# Using Response (RMF) File            /home/thaddaeus/FMU/Steiner/thaddaeus/nicer_d48_u12p5_25_53019466.rmf for Source 1
# Using Auxiliary Response (ARF) File  /home/thaddaeus/FMU/Steiner/thaddaeus/nicer_d48_53019466.arf
#
#
!XSPEC12> show model
#
#Current model list:
#
#Model TBabs<1>*cflux<2>(diskbb<3> + nthComp<4>) Source No.: 1   Active/On
#      For Data Group(s): 1 
#
#   Using energies from responses.
#
#
!XSPEC12> show param
#
#Parameters defined:
#========================================================================
#Model TBabs<1>*cflux<2>(diskbb<3> + nthComp<4>) Source No.: 1   Active/On
#Model Model Component  Parameter  Unit     Value
# par  comp
#   1    1   TBabs      nH         10^22    3.20000      frozen
#   2    2   cflux      Emin       keV      0.500000     frozen
#   3    2   cflux      Emax       keV      10.0000      frozen
#   4    2   cflux      lg10Flux   cgs      -10.3958     +/-  2.04951      
#   5    3   diskbb     Tin        keV      1.000000     +/-  0.901808     
#   6    3   diskbb     norm                7.89084E-05  +/-  -1.00000     
#   7    4   nthComp    Gamma               2.13681      +/-  0.590348     
#   8    4   nthComp    kT_e       keV      100.000      frozen
#   9    4   nthComp    kT_bb      keV      1.000000     = p5
#  10    4   nthComp    inp_type   0/1      1.00000      frozen
#  11    4   nthComp    Redshift            0.0          frozen
#  12    4   nthComp    norm                2.64126E+19  +/-  4.04907E+37  
#________________________________________________________________________
#
#
!XSPEC12> log none
#