#XSPEC version: 12.11.0m
#Build Date/Time: Sat Nov 21 22:38:27 2020
#
!XSPEC12> show data
#
#1 file 1 spectrum 
#Spectrum 1  Spectral Data File: /home/thaddaeus/FMU/Steiner/thaddaeus/1050360104/jspipe/js_ni1050360104_0mpu7_silver_GTI8.jsgrp
#Net count rate (cts/s) for Spectrum:1  4.710e+03 +/- 5.507e+00 (100.0 % total)
# Assigned to Data Group 1 and Plot Group 1
#  Noticed Channels:  22-54,83-254
#  Telescope: NICER Instrument: XTI  Channel Type: PI
#  Exposure Time: 155.3 sec
# Using fit statistic: pgstat
# Using Background File                /home/thaddaeus/FMU/Steiner/thaddaeus/1050360104/jspipe/js_ni1050360104_0mpu7_silver_GTI8.bg
#  Background Exposure Time: 155.3 sec
# Using Response (RMF) File            /home/thaddaeus/FMU/Steiner/thaddaeus/nicer_d49_55575341.rmf for Source 1
# Using Auxiliary Response (ARF) File  /home/thaddaeus/FMU/Steiner/thaddaeus/nicer_d49_55575341.arf
#
#
!XSPEC12> show model
#
#Current model list:
#
#Model TBabs<1>*cflux<2>(diskbb<3> + nthComp<4>) Source No.: 1   Active/On
#      For Data Group(s): 1 
#
#   Using energies from responses.
#
#
!XSPEC12> show param
#
#Parameters defined:
#========================================================================
#Model TBabs<1>*cflux<2>(diskbb<3> + nthComp<4>) Source No.: 1   Active/On
#Model Model Component  Parameter  Unit     Value
# par  comp
#   1    1   TBabs      nH         10^22    3.20000      frozen
#   2    2   cflux      Emin       keV      0.500000     frozen
#   3    2   cflux      Emax       keV      10.0000      frozen
#   4    2   cflux      lg10Flux   cgs      -7.00070     +/-  7.76721E-03  
#   5    3   diskbb     Tin        keV      0.604258     +/-  5.58531E-03  
#   6    3   diskbb     norm                7.93278E-04  +/-  -1.00000     
#   7    4   nthComp    Gamma               2.20838      +/-  7.20546E-03  
#   8    4   nthComp    kT_e       keV      100.000      frozen
#   9    4   nthComp    kT_bb      keV      0.604258     = p5
#  10    4   nthComp    inp_type   0/1      1.00000      frozen
#  11    4   nthComp    Redshift            0.0          frozen
#  12    4   nthComp    norm                1.26390E+19  +/-  1.41532E+36  
#________________________________________________________________________
#
#
!XSPEC12> log none
#