
!XSPEC12> error 1. 2 3 4 9
#Apparent non-monotonicity in statistic space detected.
#Current bracket values 0.598605, 0.600631
#and delta stat 0, 1.01949
#but latest trial 0.600612 gives 1.18092
#Suggest that you check this result using the steppar command.
#     2     0.596647     0.599618    (-0.00195779,0.00101324)
#     3      3485.63      3620.27    (-66.0282,68.6131)
#***Warning: Parameter pegged at hard limit: 1.2
#***Warning: Parameter pegged at hard limit: 3
#     4            0            0    (-3,-3)
#***Warning: Parameter pegged at hard limit: 0
#     9            0   0.00181512    (-5.59066e-21,0.00181512)
#
!XSPEC12> n
#
!XSPEC12> 
#
!XSPEC12> n
#
!XSPEC12> 
#
!XSPEC12> log none
#