
!XSPEC12> error 1. 2 3 4 9
#     2     0.113473      0.26407    (-0.0556715,0.0949253)
#Apparent non-monotonicity in statistic space detected.
#Current bracket values 202635, 203719
#and delta stat 0.520303, 8.37711
#but latest trial 203177 gives 9.65682
#Suggest that you check this result using the steppar command.
#     3      462.774       203177    (-11411.7,191302)
#     4      1.38318      1.78771    (-0.19491,0.209618)
#     9   0.00428652   0.00753606    (-0.00135659,0.00189295)
#
!XSPEC12> n
#
!XSPEC12> 
#
!XSPEC12> n
#
!XSPEC12> 
#
!XSPEC12> log none
#