#XSPEC version: 12.11.0
#Build Date/Time: Thu Jul  2 16:22:45 2020
#
!XSPEC12> show data
#
#1 file 1 spectrum 
#Spectrum 1  Spectral Data File: /home/thaddaeus/FMU/Steiner/thaddaeus/1050360103/jspipe/js_ni1050360103_0mpu7_silver_GTI0.jsgrp
#Net count rate (cts/s) for Spectrum:1  2.887e+03 +/- 4.409e+00 (100.0 % total)
# Assigned to Data Group 1 and Plot Group 1
#  Noticed Channels:  25-255
#  Telescope: NICER Instrument: XTI  Channel Type: PI
#  Exposure Time: 148.5 sec
# Using fit statistic: pgstat
# Using Background File                /home/thaddaeus/FMU/Steiner/thaddaeus/1050360103/jspipe/js_ni1050360103_0mpu7_silver_GTI0.bg
#  Background Exposure Time: 148.5 sec
# Using Response (RMF) File            /home/thaddaeus/FMU/Steiner/thaddaeus/nicer_d49_55575341.rmf for Source 1
# Using Auxiliary Response (ARF) File  /home/thaddaeus/FMU/Steiner/thaddaeus/nicer_d49_55575341.arf
#
#
!XSPEC12> show fit
#
#Fit statistic  : PG-Statistic                 345.56     using 231 bins.
#
#Test statistic : Chi-Squared                  351.40     using 231 bins.
# Null hypothesis probability of 2.58e-08 with 218 degrees of freedom
#
!XSPEC12> show param
#
#Parameters defined:
#========================================================================
#Model TBfeo<1>(simpl<2>(diskbb<3> + relxill<4>)) Source No.: 1   Active/On
#Model Model Component  Parameter  Unit     Value
# par  comp
#   1    1   TBfeo      nH         10^22    3.64963      +/-  0.563086     
#   2    1   TBfeo      O                   0.684160     +/-  0.462067     
#   3    1   TBfeo      Fe                  1.16523      +/-  0.874355     
#   4    1   TBfeo      redshift            0.0          frozen
#   5    2   simpl      Gamma               1.89752      +/-  1.12732      
#   6    2   simpl      FracSctr            0.696052     +/-  0.380361     
#   7    2   simpl      UpScOnly            1.00000      frozen
#   8    3   diskbb     Tin        keV      0.251920     +/-  0.308663     
#   9    3   diskbb     norm                1.42838E+05  +/-  4.43724E+05  
#  10    4   relxill    Index1              8.27620      +/-  2.50543      
#  11    4   relxill    Index2              8.27620      = p10
#  12    4   relxill    Rbr                 15.0000      frozen
#  13    4   relxill    a                   0.998000     +/-  9.80637E-03  
#  14    4   relxill    Incl       deg      60.8009      +/-  7.14372      
#  15    4   relxill    Rin                 -1.00000     frozen
#  16    4   relxill    Rout                400.000      frozen
#  17    4   relxill    z                   0.0          frozen
#  18    4   relxill    gamma               1.89752      = p5
#  19    4   relxill    logxi               1.16889      +/-  12.7398      
#  20    4   relxill    Afe                 5.26385      +/-  20.6988      
#  21    4   relxill    Ecut       keV      100.000      frozen
#  22    4   relxill    refl_frac           -1.00000     frozen
#  23    4   relxill    norm                0.232924     +/-  0.708264     
#________________________________________________________________________
#
#
!XSPEC12> log none
#