#XSPEC version: 12.11.0
#Build Date/Time: Thu Jul  2 16:22:45 2020
#
!XSPEC12> show data
#
#1 file 1 spectrum 
#Spectrum 1  Spectral Data File: /home/thaddaeus/FMU/Steiner/thaddaeus/1050360104/jspipe/js_ni1050360104_0mpu7_silver_GTI0.jsgrp
#Net count rate (cts/s) for Spectrum:1  7.139e+03 +/- 5.662e+00 (100.0 % total)
# Assigned to Data Group 1 and Plot Group 1
#  Noticed Channels:  25-255
#  Telescope: NICER Instrument: XTI  Channel Type: PI
#  Exposure Time: 222.8 sec
# Using fit statistic: pgstat
# Using Background File                /home/thaddaeus/FMU/Steiner/thaddaeus/1050360104/jspipe/js_ni1050360104_0mpu7_silver_GTI0.bg
#  Background Exposure Time: 222.8 sec
# Using Response (RMF) File            /home/thaddaeus/FMU/Steiner/thaddaeus/nicer_d49_55575341.rmf for Source 1
# Using Auxiliary Response (ARF) File  /home/thaddaeus/FMU/Steiner/thaddaeus/nicer_d49_55575341.arf
#
#
!XSPEC12> show fit
#
#Fit statistic  : PG-Statistic               25681.70     using 231 bins.
#
#Test statistic : Chi-Squared                23874.96     using 231 bins.
# Null hypothesis probability of 0.00e+00 with 218 degrees of freedom
#
!XSPEC12> show param
#
#Parameters defined:
#========================================================================
#Model TBfeo<1>(simpl<2>(diskbb<3> + relxill<4>)) Source No.: 1   Active/On
#Model Model Component  Parameter  Unit     Value
# par  comp
#   1    1   TBfeo      nH         10^22    3.56330      +/-  0.244089     
#   2    1   TBfeo      O                   0.826634     +/-  0.315537     
#   3    1   TBfeo      Fe                  4.00000      +/-  0.569286     
#   4    1   TBfeo      redshift            0.0          frozen
#   5    2   simpl      Gamma               3.14161      +/-  0.128211     
#   6    2   simpl      FracSctr            0.604882     +/-  0.142972     
#   7    2   simpl      UpScOnly            1.00000      frozen
#   8    3   diskbb     Tin        keV      0.187089     +/-  9.81648E-02  
#   9    3   diskbb     norm                6.31269E+06  +/-  2.36028E+07  
#  10    4   relxill    Index1              10.00000     +/-  14.8888      
#  11    4   relxill    Index2              10.00000     = p10
#  12    4   relxill    Rbr                 15.0000      frozen
#  13    4   relxill    a                   -0.984883    +/-  0.367053     
#  14    4   relxill    Incl       deg      31.8284      +/-  1.37556      
#  15    4   relxill    Rin                 -1.00000     frozen
#  16    4   relxill    Rout                400.000      frozen
#  17    4   relxill    z                   0.0          frozen
#  18    4   relxill    gamma               3.14161      = p5
#  19    4   relxill    logxi               1.92189E-02  +/-  0.591399     
#  20    4   relxill    Afe                 0.643581     +/-  0.333186     
#  21    4   relxill    Ecut       keV      100.000      frozen
#  22    4   relxill    refl_frac           -1.00000     frozen
#  23    4   relxill    norm                4.78269      +/-  5.66467      
#________________________________________________________________________
#
#
!XSPEC12> log none
#