#XSPEC version: 12.11.0
#Build Date/Time: Thu Jul  2 16:22:45 2020
#
!XSPEC12> show data
#
#1 file 1 spectrum 
#Spectrum 1  Spectral Data File: /home/thaddaeus/FMU/Steiner/thaddaeus/1050360111/jspipe/js_ni1050360111_0mpu7_silver_GTI0.jsgrp
#Net count rate (cts/s) for Spectrum:1  1.604e+04 +/- 4.324e+00 (99.9 % total)
# Assigned to Data Group 1 and Plot Group 1
#  Noticed Channels:  25-255
#  Telescope: NICER Instrument: XTI  Channel Type: PI
#  Exposure Time: 859 sec
# Using fit statistic: pgstat
# Using Background File                /home/thaddaeus/FMU/Steiner/thaddaeus/1050360111/jspipe/js_ni1050360111_0mpu7_silver_GTI0.bg
#  Background Exposure Time: 859 sec
# Using Response (RMF) File            /home/thaddaeus/FMU/Steiner/thaddaeus/nicer_d49_55575341.rmf for Source 1
# Using Auxiliary Response (ARF) File  /home/thaddaeus/FMU/Steiner/thaddaeus/nicer_d49_55575341.arf
#
#
!XSPEC12> show fit
#
#Fit statistic  : PG-Statistic                1681.01     using 231 bins.
#
#Test statistic : Chi-Squared                 1656.01     using 231 bins.
# Null hypothesis probability of 3.08e-219 with 218 degrees of freedom
#
!XSPEC12> show param
#
#Parameters defined:
#========================================================================
#Model TBfeo<1>(simpl<2>(diskbb<3> + relxill<4>)) Source No.: 1   Active/On
#Model Model Component  Parameter  Unit     Value
# par  comp
#   1    1   TBfeo      nH         10^22    4.15753      +/-  7.80385E-02  
#   2    1   TBfeo      O                   0.673878     +/-  0.157065     
#   3    1   TBfeo      Fe                  0.909694     +/-  0.187467     
#   4    1   TBfeo      redshift            0.0          frozen
#   5    2   simpl      Gamma               3.88221      +/-  7.71388E-02  
#   6    2   simpl      FracSctr            0.769963     +/-  0.276134     
#   7    2   simpl      UpScOnly            1.00000      frozen
#   8    3   diskbb     Tin        keV      1.00550      +/-  0.123570     
#   9    3   diskbb     norm                7770.13      +/-  3298.64      
#  10    4   relxill    Index1              10.0000      +/-  8.10289      
#  11    4   relxill    Index2              10.0000      = p10
#  12    4   relxill    Rbr                 15.0000      frozen
#  13    4   relxill    a                   0.998000     +/-  1.48727E-02  
#  14    4   relxill    Incl       deg      71.3539      +/-  9.31470      
#  15    4   relxill    Rin                 -1.00000     frozen
#  16    4   relxill    Rout                400.000      frozen
#  17    4   relxill    z                   0.0          frozen
#  18    4   relxill    gamma               3.88221      = p5
#  19    4   relxill    logxi               2.97344      +/-  0.657814     
#  20    4   relxill    Afe                 10.0000      +/-  11.0141      
#  21    4   relxill    Ecut       keV      100.000      frozen
#  22    4   relxill    refl_frac           -1.00000     frozen
#  23    4   relxill    norm                1.59396      +/-  2.87866      
#________________________________________________________________________
#
#
!XSPEC12> log none
#