#XSPEC version: 12.11.0
#Build Date/Time: Thu Jul  2 16:22:45 2020
#
!XSPEC12> show data
#
#1 file 1 spectrum 
#Spectrum 1  Spectral Data File: /home/thaddaeus/FMU/Steiner/thaddaeus/1050360112/jspipe/js_ni1050360112_0mpu7_silver_GTI0.jsgrp
#Net count rate (cts/s) for Spectrum:1  1.661e+04 +/- 4.375e+00 (99.7 % total)
# Assigned to Data Group 1 and Plot Group 1
#  Noticed Channels:  25-255
#  Telescope: NICER Instrument: XTI  Channel Type: PI
#  Exposure Time: 871.4 sec
# Using fit statistic: pgstat
# Using Background File                /home/thaddaeus/FMU/Steiner/thaddaeus/1050360112/jspipe/js_ni1050360112_0mpu7_silver_GTI0.bg
#  Background Exposure Time: 871.4 sec
# Using Response (RMF) File            /home/thaddaeus/FMU/Steiner/thaddaeus/nicer_d49_55575341.rmf for Source 1
# Using Auxiliary Response (ARF) File  /home/thaddaeus/FMU/Steiner/thaddaeus/nicer_d49_55575341.arf
#
#
!XSPEC12> show fit
#
#Fit statistic  : PG-Statistic               57749.13     using 231 bins.
#
#Test statistic : Chi-Squared                61135.52     using 231 bins.
# Null hypothesis probability of 0.00e+00 with 218 degrees of freedom
#
!XSPEC12> show param
#
#Parameters defined:
#========================================================================
#Model TBfeo<1>(simpl<2>(diskbb<3> + relxill<4>)) Source No.: 1   Active/On
#Model Model Component  Parameter  Unit     Value
# par  comp
#   1    1   TBfeo      nH         10^22    3.72774      +/-  7.82144E-02  
#   2    1   TBfeo      O                   0.773360     +/-  7.32972E-02  
#   3    1   TBfeo      Fe                  0.931182     +/-  0.144242     
#   4    1   TBfeo      redshift            0.0          frozen
#   5    2   simpl      Gamma               2.37744      +/-  2.96415E-02  
#   6    2   simpl      FracSctr            5.00000E-03  +/-  1.69302E-02  
#   7    2   simpl      UpScOnly            1.00000      frozen
#   8    3   diskbb     Tin        keV      1.28627      +/-  7.17140E-03  
#   9    3   diskbb     norm                3201.03      +/-  77.0667      
#  10    4   relxill    Index1              3.27325      +/-  8.90727E-02  
#  11    4   relxill    Index2              3.27325      = p10
#  12    4   relxill    Rbr                 15.0000      frozen
#  13    4   relxill    a                   0.998000     +/-  0.858469     
#  14    4   relxill    Incl       deg      3.59033      +/-  3.46403      
#  15    4   relxill    Rin                 -1.00000     frozen
#  16    4   relxill    Rout                400.000      frozen
#  17    4   relxill    z                   0.0          frozen
#  18    4   relxill    gamma               2.37744      = p5
#  19    4   relxill    logxi               2.79214      +/-  6.36001E-02  
#  20    4   relxill    Afe                 1.29898      +/-  0.387281     
#  21    4   relxill    Ecut       keV      100.000      frozen
#  22    4   relxill    refl_frac           -1.00000     frozen
#  23    4   relxill    norm                0.297071     +/-  9.31700E-02  
#________________________________________________________________________
#
#
!XSPEC12> log none
#