#XSPEC version: 12.11.0
#Build Date/Time: Thu Jul  2 16:22:45 2020
#
!XSPEC12> show data
#
#1 file 1 spectrum 
#Spectrum 1  Spectral Data File: /home/thaddaeus/FMU/Steiner/thaddaeus/1050360108/jspipe/js_ni1050360108_0mpu7_silver_GTI0.jsgrp
#Net count rate (cts/s) for Spectrum:1  8.580e+03 +/- 3.154e+00 (99.9 % total)
# Assigned to Data Group 1 and Plot Group 1
#  Noticed Channels:  25-255
#  Telescope: NICER Instrument: XTI  Channel Type: PI
#  Exposure Time: 863.5 sec
# Using fit statistic: pgstat
# Using Background File                /home/thaddaeus/FMU/Steiner/thaddaeus/1050360108/jspipe/js_ni1050360108_0mpu7_silver_GTI0.bg
#  Background Exposure Time: 863.5 sec
# Using Response (RMF) File            /home/thaddaeus/FMU/Steiner/thaddaeus/nicer_d49_55575341.rmf for Source 1
# Using Auxiliary Response (ARF) File  /home/thaddaeus/FMU/Steiner/thaddaeus/nicer_d49_55575341.arf
#
#
!XSPEC12> show fit
#
#Fit statistic  : PG-Statistic                2168.55     using 231 bins.
#
#Test statistic : Chi-Squared                 2165.90     using 231 bins.
# Null hypothesis probability of 2.19e-317 with 218 degrees of freedom
#
!XSPEC12> show param
#
#Parameters defined:
#========================================================================
#Model TBfeo<1>(simpl<2>(diskbb<3> + relxill<4>)) Source No.: 1   Active/On
#Model Model Component  Parameter  Unit     Value
# par  comp
#   1    1   TBfeo      nH         10^22    3.81676      +/-  0.119387     
#   2    1   TBfeo      O                   0.756976     +/-  0.108658     
#   3    1   TBfeo      Fe                  1.11990      +/-  0.248076     
#   4    1   TBfeo      redshift            0.0          frozen
#   5    2   simpl      Gamma               2.31212      +/-  0.263689     
#   6    2   simpl      FracSctr            0.916273     +/-  1.96587      
#   7    2   simpl      UpScOnly            1.00000      frozen
#   8    3   diskbb     Tin        keV      0.842087     +/-  8.83685E+10  
#   9    3   diskbb     norm                5.89528E-08  +/-  5073.96      
#  10    4   relxill    Index1              2.99603      +/-  25.2095      
#  11    4   relxill    Index2              2.99603      = p10
#  12    4   relxill    Rbr                 15.0000      frozen
#  13    4   relxill    a                   0.991617     +/-  6.60034      
#  14    4   relxill    Incl       deg      52.0696      +/-  169.175      
#  15    4   relxill    Rin                 -1.00000     frozen
#  16    4   relxill    Rout                400.000      frozen
#  17    4   relxill    z                   0.0          frozen
#  18    4   relxill    gamma               2.31212      = p5
#  19    4   relxill    logxi               4.69570      +/-  8.41397      
#  20    4   relxill    Afe                 0.993058     +/-  10.2155      
#  21    4   relxill    Ecut       keV      100.000      frozen
#  22    4   relxill    refl_frac           -1.00000     frozen
#  23    4   relxill    norm                3.72384E-02  +/-  0.194088     
#________________________________________________________________________
#
#
!XSPEC12> log none
#