#XSPEC version: 12.11.0
#Build Date/Time: Thu Jul  2 16:22:45 2020
#
!XSPEC12> chatter 10
#
!XSPEC12> show data
#
#1 file 1 spectrum 
#Spectrum 1  Spectral Data File: /home/thaddaeus/FMU/Steiner/thaddaeus/1130360218/jspipe/js_ni1130360218_0mpu7_silver_GTI0.jsgrp
#Net count rate (cts/s) for Spectrum:1  1.867e+00 +/- 5.376e-02 (84.4 % total)
# Assigned to Data Group 1 and Plot Group 1
#  Noticed Channels:  33-192
#  Telescope: NICER Instrument: XTI  Channel Type: PI
#  Exposure Time: 775.7 sec
# Using fit statistic: pgstat
# Using Background File                /home/thaddaeus/FMU/Steiner/thaddaeus/1130360218/jspipe/js_ni1130360218_0mpu7_silver_GTI0.bg
#  Background Exposure Time: 775.7 sec
# Using Response (RMF) File            /home/thaddaeus/FMU/Steiner/thaddaeus/nicer_d49_55575341.rmf for Source 1
# Using Auxiliary Response (ARF) File  /home/thaddaeus/FMU/Steiner/thaddaeus/nicer_d49_55575341.arf
#
#
!XSPEC12> show fit
#
#Fit statistic  : PG-Statistic                 176.45     using 160 bins.
#
#Test statistic : Chi-Squared                  194.52     using 160 bins.
# Null hypothesis probability of 6.19e-03 with 148 degrees of freedom
#
!XSPEC12> show param
#
#Parameters defined:
#========================================================================
#Model TBfeo<1>(simpl<2>(diskbb<3> + relxill<4>)) Source No.: 1   Active/On
#Model Model Component  Parameter  Unit     Value
# par  comp
#   1    1   TBfeo      nH         10^22    2.80995      +/-  6.73235      
#   2    1   TBfeo      O                   5.00000E-02  +/-  16.2353      
#   3    1   TBfeo      Fe                  0.948573     +/-  21.1995      
#   4    1   TBfeo      redshift            0.0          frozen
#   5    2   simpl      Gamma               1.39704      +/-  3.77423      
#   6    2   simpl      FracSctr            0.990022     +/-  0.519210     
#   7    2   simpl      UpScOnly            1.00000      frozen
#   8    3   diskbb     Tin        keV      0.590254     +/-  254.086      
#   9    3   diskbb     norm                7.28615E-02  +/-  154.001      
#  10    4   relxill    Index1              3.00000      frozen
#  11    4   relxill    Index2              3.00000      frozen
#  12    4   relxill    Rbr                 15.0000      frozen
#  13    4   relxill    a                   -0.998000    +/-  48.2483      
#  14    4   relxill    Incl       deg      5.00150      +/-  2158.13      
#  15    4   relxill    Rin                 -1.00000     frozen
#  16    4   relxill    Rout                400.000      frozen
#  17    4   relxill    z                   0.0          frozen
#  18    4   relxill    gamma               1.39704      = p5
#  19    4   relxill    logxi               2.01558      +/-  7.63487      
#  20    4   relxill    Afe                 0.500000     +/-  25.7082      
#  21    4   relxill    Ecut       keV      300.000      frozen
#  22    4   relxill    refl_frac           -1.00000     frozen
#  23    4   relxill    norm                9.11573E-04  +/-  5.60611E-03  
#________________________________________________________________________
#
#
!XSPEC12> log none
#