#XSPEC version: 12.11.0
#Build Date/Time: Thu Jul  2 16:22:45 2020
#
!XSPEC12> show data
#
#1 file 1 spectrum 
#Spectrum 1  Spectral Data File: /home/thaddaeus/FMU/Steiner/thaddaeus/1130360206/jspipe/js_ni1130360206_0mpu7_silver_GTI0.jsgrp
#Net count rate (cts/s) for Spectrum:1  5.796e+01 +/- 5.315e-01 (99.2 % total)
# Assigned to Data Group 1 and Plot Group 1
#  Noticed Channels:  72-224
#  Telescope: NICER Instrument: XTI  Channel Type: PI
#  Exposure Time: 206.9 sec
# Using fit statistic: pgstat
# Using Background File                /home/thaddaeus/FMU/Steiner/thaddaeus/1130360206/jspipe/js_ni1130360206_0mpu7_silver_GTI0.bg
#  Background Exposure Time: 206.9 sec
# Using Response (RMF) File            /home/thaddaeus/FMU/Steiner/thaddaeus/nicer_d49_55575341.rmf for Source 1
# Using Auxiliary Response (ARF) File  /home/thaddaeus/FMU/Steiner/thaddaeus/nicer_d49_55575341.arf
#
#
!XSPEC12> show param
#
#Parameters defined:
#========================================================================
#Model TBfeo<1>*simpl<2>*diskbb<3> Source No.: 1   Active/On
#Model Model Component  Parameter  Unit     Value
# par  comp
#   1    1   TBfeo      nH         10^22    3.44434      +/-  4.89691      
#   2    1   TBfeo      O                   0.220823     +/-  4.23599      
#   3    1   TBfeo      Fe                  1.00668      +/-  6.05431      
#   4    1   TBfeo      redshift            0.0          frozen
#   5    2   simpl      Gamma               1.92803      +/-  0.359541     
#   6    2   simpl      FracSctr            9.69449E-02  +/-  2.98233E-02  
#   7    2   simpl      UpScOnly            1.00000      frozen
#   8    3   diskbb     Tin        keV      0.468903     +/-  7.16099E-02  
#   9    3   diskbb     norm                1949.23      +/-  2013.81      
#________________________________________________________________________
#
#
!XSPEC12> show fit
#
#Fit statistic  : PG-Statistic                 156.30     using 153 bins.
#
#Test statistic : Chi-Squared                  160.05     using 153 bins.
# Null hypothesis probability of 2.02e-01 with 146 degrees of freedom
#
!XSPEC12> log none
#