#XSPEC version: 12.11.0
#Build Date/Time: Thu Jul  2 16:22:45 2020
#
!XSPEC12> show data
#
#1 file 1 spectrum 
#Spectrum 1  Spectral Data File: /home/thaddaeus/FMU/Steiner/thaddaeus/1130360188/jspipe/js_ni1130360188_0mpu7_silver_GTI0.jsgrp
#Net count rate (cts/s) for Spectrum:1  1.528e+01 +/- 1.410e-01 (98.0 % total)
# Assigned to Data Group 1 and Plot Group 1
#  Noticed Channels:  72-247
#  Telescope: NICER Instrument: XTI  Channel Type: PI
#  Exposure Time: 785.7 sec
# Using fit statistic: pgstat
# Using Background File                /home/thaddaeus/FMU/Steiner/thaddaeus/1130360188/jspipe/js_ni1130360188_0mpu7_silver_GTI0.bg
#  Background Exposure Time: 785.7 sec
# Using Response (RMF) File            /home/thaddaeus/FMU/Steiner/thaddaeus/nicer_d49_55575341.rmf for Source 1
# Using Auxiliary Response (ARF) File  /home/thaddaeus/FMU/Steiner/thaddaeus/nicer_d49_55575341.arf
#
#
!XSPEC12> show param
#
#Parameters defined:
#========================================================================
#Model TBfeo<1>*simpl<2>*diskbb<3> Source No.: 1   Active/On
#Model Model Component  Parameter  Unit     Value
# par  comp
#   1    1   TBfeo      nH         10^22    3.44434      +/-  5.69406      
#   2    1   TBfeo      O                   0.200000     +/-  6.72652      
#   3    1   TBfeo      Fe                  9.94844E-03  +/-  4.06719      
#   4    1   TBfeo      redshift            0.0          frozen
#   5    2   simpl      Gamma               1.39389      +/-  0.951135     
#   6    2   simpl      FracSctr            0.595430     +/-  0.254412     
#   7    2   simpl      UpScOnly            1.00000      frozen
#   8    3   diskbb     Tin        keV      1.04840      +/-  0.681621     
#   9    3   diskbb     norm                7.28936      +/-  13.5210      
#________________________________________________________________________
#
#
!XSPEC12> show fit
#
#Fit statistic  : PG-Statistic                 173.28     using 176 bins.
#
#Test statistic : Chi-Squared                  177.05     using 176 bins.
# Null hypothesis probability of 3.20e-01 with 169 degrees of freedom
#
!XSPEC12> log none
#