#XSPEC version: 12.11.0
#Build Date/Time: Thu Jul  2 16:22:45 2020
#
!XSPEC12> show data
#
#1 file 1 spectrum 
#Spectrum 1  Spectral Data File: /home/thaddaeus/FMU/Steiner/thaddaeus/1130360233/jspipe/js_ni1130360233_0mpu7_silver_GTI0.jsgrp
#Net count rate (cts/s) for Spectrum:1  7.771e+00 +/- 2.167e-01 (96.3 % total)
# Assigned to Data Group 1 and Plot Group 1
#  Noticed Channels:  56-172
#  Telescope: NICER Instrument: XTI  Channel Type: PI
#  Exposure Time: 171.9 sec
# Using fit statistic: pgstat
# Using Background File                /home/thaddaeus/FMU/Steiner/thaddaeus/1130360233/jspipe/js_ni1130360233_0mpu7_silver_GTI0.bg
#  Background Exposure Time: 171.9 sec
# Using Response (RMF) File            /home/thaddaeus/FMU/Steiner/thaddaeus/nicer_d49_55575341.rmf for Source 1
# Using Auxiliary Response (ARF) File  /home/thaddaeus/FMU/Steiner/thaddaeus/nicer_d49_55575341.arf
#
#
!XSPEC12> show param
#
#Parameters defined:
#========================================================================
#Model TBfeo<1>*simpl<2>*diskbb<3> Source No.: 1   Active/On
#Model Model Component  Parameter  Unit     Value
# par  comp
#   1    1   TBfeo      nH         10^22    3.44434      +/-  17.5863      
#   2    1   TBfeo      O                   0.198868     +/-  11.0094      
#   3    1   TBfeo      Fe                  1.83339      +/-  17.4623      
#   4    1   TBfeo      redshift            0.0          frozen
#   5    2   simpl      Gamma               1.78843      +/-  4.45837      
#   6    2   simpl      FracSctr            0.685775     +/-  3.63705      
#   7    2   simpl      UpScOnly            1.00000      frozen
#   8    3   diskbb     Tin        keV      1.06801      +/-  3.94356      
#   9    3   diskbb     norm                3.35434      +/-  38.9742      
#________________________________________________________________________
#
#
!XSPEC12> show fit
#
#Fit statistic  : PG-Statistic                 134.87     using 117 bins.
#
#Test statistic : Chi-Squared                  146.51     using 117 bins.
# Null hypothesis probability of 1.14e-02 with 110 degrees of freedom
#
!XSPEC12> log none
#