#XSPEC version: 12.11.0
#Build Date/Time: Thu Jul  2 16:22:45 2020
#
!XSPEC12> show data
#
#1 file 1 spectrum 
#Spectrum 1  Spectral Data File: /home/thaddaeus/FMU/Steiner/thaddaeus/1130360201/jspipe/js_ni1130360201_0mpu7_silver_GTI0.jsgrp
#Net count rate (cts/s) for Spectrum:1  2.957e+01 +/- 1.876e-01 (98.7 % total)
# Assigned to Data Group 1 and Plot Group 1
#  Noticed Channels:  72-252
#  Telescope: NICER Instrument: XTI  Channel Type: PI
#  Exposure Time: 852.7 sec
# Using fit statistic: pgstat
# Using Background File                /home/thaddaeus/FMU/Steiner/thaddaeus/1130360201/jspipe/js_ni1130360201_0mpu7_silver_GTI0.bg
#  Background Exposure Time: 852.7 sec
# Using Response (RMF) File            /home/thaddaeus/FMU/Steiner/thaddaeus/nicer_d49_55575341.rmf for Source 1
# Using Auxiliary Response (ARF) File  /home/thaddaeus/FMU/Steiner/thaddaeus/nicer_d49_55575341.arf
#
#
!XSPEC12> show param
#
#Parameters defined:
#========================================================================
#Model TBfeo<1>*simpl<2>*diskbb<3> Source No.: 1   Active/On
#Model Model Component  Parameter  Unit     Value
# par  comp
#   1    1   TBfeo      nH         10^22    3.44434      +/-  3.98830      
#   2    1   TBfeo      O                   0.200000     +/-  6.00636      
#   3    1   TBfeo      Fe                  0.998968     +/-  2.99210      
#   4    1   TBfeo      redshift            0.0          frozen
#   5    2   simpl      Gamma               1.70151      +/-  0.239482     
#   6    2   simpl      FracSctr            0.721815     +/-  0.257443     
#   7    2   simpl      UpScOnly            1.00000      frozen
#   8    3   diskbb     Tin        keV      0.601956     +/-  0.602436     
#   9    3   diskbb     norm                97.2251      +/-  371.282      
#________________________________________________________________________
#
#
!XSPEC12> show fit
#
#Fit statistic  : PG-Statistic                 185.14     using 181 bins.
#
#Test statistic : Chi-Squared                  201.00     using 181 bins.
# Null hypothesis probability of 7.87e-02 with 174 degrees of freedom
#
!XSPEC12> log none
#