#XSPEC version: 12.11.0
#Build Date/Time: Thu Jul  2 16:22:45 2020
#
!XSPEC12> show data
#
#1 file 1 spectrum 
#Spectrum 1  Spectral Data File: /home/thaddaeus/FMU/Steiner/thaddaeus/1130360272/jspipe/js_ni1130360272_0mpu7_silver_GTI0.jsgrp
#Net count rate (cts/s) for Spectrum:1  1.271e+00 +/- 1.117e-01 (76.8 % total)
# Assigned to Data Group 1 and Plot Group 1
#  Noticed Channels:  33-74
#  Telescope: NICER Instrument: XTI  Channel Type: PI
#  Exposure Time: 133 sec
# Using fit statistic: pgstat
# Using Background File                /home/thaddaeus/FMU/Steiner/thaddaeus/1130360272/jspipe/js_ni1130360272_0mpu7_silver_GTI0.bg
#  Background Exposure Time: 133 sec
# Using Response (RMF) File            /home/thaddaeus/FMU/Steiner/thaddaeus/nicer_d49_55575341.rmf for Source 1
# Using Auxiliary Response (ARF) File  /home/thaddaeus/FMU/Steiner/thaddaeus/nicer_d49_55575341.arf
#
#
!XSPEC12> show param
#
#Parameters defined:
#========================================================================
#Model TBfeo<1>*simpl<2>*diskbb<3> Source No.: 1   Active/On
#Model Model Component  Parameter  Unit     Value
# par  comp
#   1    1   TBfeo      nH         10^22    3.54093      +/-  58.7351      
#   2    1   TBfeo      O                   1.09969      +/-  53.4298      
#   3    1   TBfeo      Fe                  1.25714      +/-  51.0001      
#   4    1   TBfeo      redshift            0.0          frozen
#   5    2   simpl      Gamma               1.39365      +/-  5.25705      
#   6    2   simpl      FracSctr            0.654269     +/-  2.45737      
#   7    2   simpl      UpScOnly            1.00000      frozen
#   8    3   diskbb     Tin        keV      0.686478     +/-  7.24637      
#   9    3   diskbb     norm                3.19897      +/-  119.945      
#________________________________________________________________________
#
#
!XSPEC12> show fit
#
#Fit statistic  : PG-Statistic                  36.56     using 42 bins.
#
#Test statistic : Chi-Squared                   35.14     using 42 bins.
# Null hypothesis probability of 4.62e-01 with 35 degrees of freedom
#
!XSPEC12> log none
#