#XSPEC version: 12.11.0
#Build Date/Time: Thu Jul  2 16:22:45 2020
#
!XSPEC12> show data
#
#1 file 1 spectrum 
#Spectrum 1  Spectral Data File: /home/thaddaeus/FMU/Steiner/thaddaeus/1130360183/jspipe/js_ni1130360183_0mpu7_silver_GTI0.jsgrp
#Net count rate (cts/s) for Spectrum:1  8.940e+01 +/- 7.005e-01 (97.6 % total)
# Assigned to Data Group 1 and Plot Group 1
#  Noticed Channels:  72-209
#  Telescope: NICER Instrument: XTI  Channel Type: PI
#  Exposure Time: 186.8 sec
# Using fit statistic: pgstat
# Using Background File                /home/thaddaeus/FMU/Steiner/thaddaeus/1130360183/jspipe/js_ni1130360183_0mpu7_silver_GTI0.bg
#  Background Exposure Time: 186.8 sec
# Using Response (RMF) File            /home/thaddaeus/FMU/Steiner/thaddaeus/nicer_d49_55575341.rmf for Source 1
# Using Auxiliary Response (ARF) File  /home/thaddaeus/FMU/Steiner/thaddaeus/nicer_d49_55575341.arf
#
#
!XSPEC12> show param
#
#Parameters defined:
#========================================================================
#Model TBfeo<1>*simpl<2>*diskbb<3> Source No.: 1   Active/On
#Model Model Component  Parameter  Unit     Value
# par  comp
#   1    1   TBfeo      nH         10^22    4.00635      +/-  3.85427      
#   2    1   TBfeo      O                   0.449132     +/-  12.6259      
#   3    1   TBfeo      Fe                  0.997802     +/-  28.3657      
#   4    1   TBfeo      redshift            0.0          frozen
#   5    2   simpl      Gamma               2.32426      +/-  2.24237      
#   6    2   simpl      FracSctr            6.99075E-03  +/-  1.71442E-02  
#   7    2   simpl      UpScOnly            1.00000      frozen
#   8    3   diskbb     Tin        keV      0.477391     +/-  4.03035E-02  
#   9    3   diskbb     norm                4772.00      +/-  4154.28      
#________________________________________________________________________
#
#
!XSPEC12> show fit
#
#Fit statistic  : PG-Statistic                 128.82     using 138 bins.
#
#Test statistic : Chi-Squared                  125.48     using 138 bins.
# Null hypothesis probability of 6.20e-01 with 131 degrees of freedom
#
!XSPEC12> log none
#