#XSPEC version: 12.11.0
#Build Date/Time: Thu Jul  2 16:22:45 2020
#
!XSPEC12> show data
#
#1 file 1 spectrum 
#Spectrum 1  Spectral Data File: /home/thaddaeus/FMU/Steiner/thaddaeus/1130360268/jspipe/js_ni1130360268_0mpu7_silver_GTI0.jsgrp
#Net count rate (cts/s) for Spectrum:1  1.520e+00 +/- 3.141e-02 (83.5 % total)
# Assigned to Data Group 1 and Plot Group 1
#  Noticed Channels:  72-240
#  Telescope: NICER Instrument: XTI  Channel Type: PI
#  Exposure Time: 1905 sec
# Using fit statistic: pgstat
# Using Background File                /home/thaddaeus/FMU/Steiner/thaddaeus/1130360268/jspipe/js_ni1130360268_0mpu7_silver_GTI0.bg
#  Background Exposure Time: 1905 sec
# Using Response (RMF) File            /home/thaddaeus/FMU/Steiner/thaddaeus/nicer_d49_55575341.rmf for Source 1
# Using Auxiliary Response (ARF) File  /home/thaddaeus/FMU/Steiner/thaddaeus/nicer_d49_55575341.arf
#
#
!XSPEC12> show param
#
#Parameters defined:
#========================================================================
#Model TBfeo<1>*simpl<2>*diskbb<3> Source No.: 1   Active/On
#Model Model Component  Parameter  Unit     Value
# par  comp
#   1    1   TBfeo      nH         10^22    3.44434      +/-  13.1051      
#   2    1   TBfeo      O                   0.217711     +/-  7.79910      
#   3    1   TBfeo      Fe                  0.957374     +/-  10.2155      
#   4    1   TBfeo      redshift            0.0          frozen
#   5    2   simpl      Gamma               1.39365      +/-  3.62899      
#   6    2   simpl      FracSctr            0.770699     +/-  2.08830      
#   7    2   simpl      UpScOnly            1.00000      frozen
#   8    3   diskbb     Tin        keV      1.21749      +/-  4.67023      
#   9    3   diskbb     norm                0.430532     +/-  4.32355      
#________________________________________________________________________
#
#
!XSPEC12> show fit
#
#Fit statistic  : PG-Statistic                 155.15     using 169 bins.
#
#Test statistic : Chi-Squared                  155.20     using 169 bins.
# Null hypothesis probability of 6.35e-01 with 162 degrees of freedom
#
!XSPEC12> log none
#