#XSPEC version: 12.11.0
#Build Date/Time: Thu Jul  2 16:22:45 2020
#
!XSPEC12> show data
#
#1 file 1 spectrum 
#Spectrum 1  Spectral Data File: /home/thaddaeus/FMU/Steiner/thaddaeus/1130360264/jspipe/js_ni1130360264_0mpu7_silver_GTI0.jsgrp
#Net count rate (cts/s) for Spectrum:1  1.213e+00 +/- 4.864e-02 (54.9 % total)
# Assigned to Data Group 1 and Plot Group 1
#  Noticed Channels:  72-250
#  Telescope: NICER Instrument: XTI  Channel Type: PI
#  Exposure Time: 980 sec
# Using fit statistic: pgstat
# Using Background File                /home/thaddaeus/FMU/Steiner/thaddaeus/1130360264/jspipe/js_ni1130360264_0mpu7_silver_GTI0.bg
#  Background Exposure Time: 980 sec
# Using Response (RMF) File            /home/thaddaeus/FMU/Steiner/thaddaeus/nicer_d49_55575341.rmf for Source 1
# Using Auxiliary Response (ARF) File  /home/thaddaeus/FMU/Steiner/thaddaeus/nicer_d49_55575341.arf
#
#
!XSPEC12> show param
#
#Parameters defined:
#========================================================================
#Model TBfeo<1>*simpl<2>*diskbb<3> Source No.: 1   Active/On
#Model Model Component  Parameter  Unit     Value
# par  comp
#   1    1   TBfeo      nH         10^22    4.00625      +/-  27.6628      
#   2    1   TBfeo      O                   1.35932      +/-  22.2358      
#   3    1   TBfeo      Fe                  0.267320     +/-  16.0352      
#   4    1   TBfeo      redshift            0.0          frozen
#   5    2   simpl      Gamma               1.39365      +/-  2.07016      
#   6    2   simpl      FracSctr            0.990064     +/-  77.9701      
#   7    2   simpl      UpScOnly            1.00000      frozen
#   8    3   diskbb     Tin        keV      0.715925     +/-  148.958      
#   9    3   diskbb     norm                1.90316      +/-  1201.96      
#________________________________________________________________________
#
#
!XSPEC12> show fit
#
#Fit statistic  : PG-Statistic                 204.46     using 179 bins.
#
#Test statistic : Chi-Squared                  188.80     using 179 bins.
# Null hypothesis probability of 1.80e-01 with 172 degrees of freedom
#
!XSPEC12> log none
#