#XSPEC version: 12.11.0
#Build Date/Time: Thu Jul  2 16:22:45 2020
#
!XSPEC12> show data
#
#1 file 1 spectrum 
#Spectrum 1  Spectral Data File: /home/thaddaeus/FMU/Steiner/thaddaeus/1130360224/jspipe/js_ni1130360224_0mpu7_silver_GTI0.jsgrp
#Net count rate (cts/s) for Spectrum:1  3.257e+00 +/- 7.592e-02 (56.8 % total)
# Assigned to Data Group 1 and Plot Group 1
#  Noticed Channels:  72-254
#  Telescope: NICER Instrument: XTI  Channel Type: PI
#  Exposure Time: 1053 sec
# Using fit statistic: pgstat
# Using Background File                /home/thaddaeus/FMU/Steiner/thaddaeus/1130360224/jspipe/js_ni1130360224_0mpu7_silver_GTI0.bg
#  Background Exposure Time: 1053 sec
# Using Response (RMF) File            /home/thaddaeus/FMU/Steiner/thaddaeus/nicer_d49_55575341.rmf for Source 1
# Using Auxiliary Response (ARF) File  /home/thaddaeus/FMU/Steiner/thaddaeus/nicer_d49_55575341.arf
#
#
!XSPEC12> show param
#
#Parameters defined:
#========================================================================
#Model TBfeo<1>*simpl<2>*diskbb<3> Source No.: 1   Active/On
#Model Model Component  Parameter  Unit     Value
# par  comp
#   1    1   TBfeo      nH         10^22    4.00635      +/-  12.9687      
#   2    1   TBfeo      O                   0.192107     +/-  8.39971      
#   3    1   TBfeo      Fe                  1.04071      +/-  12.5416      
#   4    1   TBfeo      redshift            0.0          frozen
#   5    2   simpl      Gamma               1.39365      +/-  2.27894      
#   6    2   simpl      FracSctr            0.756959     +/-  1.36900      
#   7    2   simpl      UpScOnly            1.00000      frozen
#   8    3   diskbb     Tin        keV      0.880492     +/-  3.27938      
#   9    3   diskbb     norm                2.90628      +/-  31.9540      
#________________________________________________________________________
#
#
!XSPEC12> show fit
#
#Fit statistic  : PG-Statistic                 209.48     using 183 bins.
#
#Test statistic : Chi-Squared                  206.89     using 183 bins.
# Null hypothesis probability of 5.55e-02 with 176 degrees of freedom
#
!XSPEC12> log none
#