#XSPEC version: 12.11.0
#Build Date/Time: Thu Jul  2 16:22:45 2020
#
!XSPEC12> show data
#
#1 file 1 spectrum 
#Spectrum 1  Spectral Data File: /home/thaddaeus/FMU/Steiner/thaddaeus/1130360223/jspipe/js_ni1130360223_0mpu7_silver_GTI0.jsgrp
#Net count rate (cts/s) for Spectrum:1  1.683e+00 +/- 5.637e-02 (89.6 % total)
# Assigned to Data Group 1 and Plot Group 1
#  Noticed Channels:  55-171
#  Telescope: NICER Instrument: XTI  Channel Type: PI
#  Exposure Time: 594.8 sec
# Using fit statistic: pgstat
# Using Background File                /home/thaddaeus/FMU/Steiner/thaddaeus/1130360223/jspipe/js_ni1130360223_0mpu7_silver_GTI0.bg
#  Background Exposure Time: 594.8 sec
# Using Response (RMF) File            /home/thaddaeus/FMU/Steiner/thaddaeus/nicer_d49_55575341.rmf for Source 1
# Using Auxiliary Response (ARF) File  /home/thaddaeus/FMU/Steiner/thaddaeus/nicer_d49_55575341.arf
#
#
!XSPEC12> show param
#
#Parameters defined:
#========================================================================
#Model TBfeo<1>*simpl<2>*diskbb<3> Source No.: 1   Active/On
#Model Model Component  Parameter  Unit     Value
# par  comp
#   1    1   TBfeo      nH         10^22    4.00456      +/-  21.0737      
#   2    1   TBfeo      O                   0.190659     +/-  10.6481      
#   3    1   TBfeo      Fe                  9.94854E-03  +/-  12.5906      
#   4    1   TBfeo      redshift            0.0          frozen
#   5    2   simpl      Gamma               1.39365      +/-  4.31038      
#   6    2   simpl      FracSctr            0.677518     +/-  1.66390      
#   7    2   simpl      UpScOnly            1.00000      frozen
#   8    3   diskbb     Tin        keV      1.13152      +/-  3.89760      
#   9    3   diskbb     norm                0.609533     +/-  5.62843      
#________________________________________________________________________
#
#
!XSPEC12> show fit
#
#Fit statistic  : PG-Statistic                 137.95     using 117 bins.
#
#Test statistic : Chi-Squared                  174.88     using 117 bins.
# Null hypothesis probability of 8.20e-05 with 110 degrees of freedom
#
!XSPEC12> log none
#