#XSPEC version: 12.11.0
#Build Date/Time: Thu Jul  2 16:22:45 2020
#
!XSPEC12> show data
#
#1 file 1 spectrum 
#Spectrum 1  Spectral Data File: /home/thaddaeus/FMU/Steiner/thaddaeus/1130360189/jspipe/js_ni1130360189_0mpu7_silver_GTI0.jsgrp
#Net count rate (cts/s) for Spectrum:1  1.203e+01 +/- 3.252e-01 (81.0 % total)
# Assigned to Data Group 1 and Plot Group 1
#  Noticed Channels:  66-219
#  Telescope: NICER Instrument: XTI  Channel Type: PI
#  Exposure Time: 140.9 sec
# Using fit statistic: pgstat
# Using Background File                /home/thaddaeus/FMU/Steiner/thaddaeus/1130360189/jspipe/js_ni1130360189_0mpu7_silver_GTI0.bg
#  Background Exposure Time: 140.9 sec
# Using Response (RMF) File            /home/thaddaeus/FMU/Steiner/thaddaeus/nicer_d49_55575341.rmf for Source 1
# Using Auxiliary Response (ARF) File  /home/thaddaeus/FMU/Steiner/thaddaeus/nicer_d49_55575341.arf
#
#
!XSPEC12> show param
#
#Parameters defined:
#========================================================================
#Model TBfeo<1>*simpl<2>*diskbb<3> Source No.: 1   Active/On
#Model Model Component  Parameter  Unit     Value
# par  comp
#   1    1   TBfeo      nH         10^22    3.44434      +/-  15.9696      
#   2    1   TBfeo      O                   0.200000     +/-  21.5637      
#   3    1   TBfeo      Fe                  9.94844E-03  +/-  16.4914      
#   4    1   TBfeo      redshift            0.0          frozen
#   5    2   simpl      Gamma               1.39475      +/-  4.89530      
#   6    2   simpl      FracSctr            0.523729     +/-  0.861510     
#   7    2   simpl      UpScOnly            1.00000      frozen
#   8    3   diskbb     Tin        keV      1.11886      +/-  2.22727      
#   9    3   diskbb     norm                4.68414      +/-  23.4909      
#________________________________________________________________________
#
#
!XSPEC12> show fit
#
#Fit statistic  : PG-Statistic                 151.67     using 154 bins.
#
#Test statistic : Chi-Squared                  166.11     using 154 bins.
# Null hypothesis probability of 1.34e-01 with 147 degrees of freedom
#
!XSPEC12> log none
#