#XSPEC version: 12.11.0
#Build Date/Time: Thu Jul  2 16:22:45 2020
#
!XSPEC12> show data
#
#1 file 1 spectrum 
#Spectrum 1  Spectral Data File: /home/thaddaeus/FMU/Steiner/thaddaeus/1130360270/jspipe/js_ni1130360270_0mpu7_silver_GTI0.jsgrp
#Net count rate (cts/s) for Spectrum:1  1.452e+00 +/- 4.062e-02 (47.2 % total)
# Assigned to Data Group 1 and Plot Group 1
#  Noticed Channels:  72-254
#  Telescope: NICER Instrument: XTI  Channel Type: PI
#  Exposure Time: 2117 sec
# Using fit statistic: pgstat
# Using Background File                /home/thaddaeus/FMU/Steiner/thaddaeus/1130360270/jspipe/js_ni1130360270_0mpu7_silver_GTI0.bg
#  Background Exposure Time: 2117 sec
# Using Response (RMF) File            /home/thaddaeus/FMU/Steiner/thaddaeus/nicer_d49_55575341.rmf for Source 1
# Using Auxiliary Response (ARF) File  /home/thaddaeus/FMU/Steiner/thaddaeus/nicer_d49_55575341.arf
#
#
!XSPEC12> show param
#
#Parameters defined:
#========================================================================
#Model TBfeo<1>*simpl<2>*diskbb<3> Source No.: 1   Active/On
#Model Model Component  Parameter  Unit     Value
# par  comp
#   1    1   TBfeo      nH         10^22    3.44434      +/-  15.1699      
#   2    1   TBfeo      O                   0.301186     +/-  11.6964      
#   3    1   TBfeo      Fe                  0.982435     +/-  16.6495      
#   4    1   TBfeo      redshift            0.0          frozen
#   5    2   simpl      Gamma               1.48212      +/-  2.28790      
#   6    2   simpl      FracSctr            0.990064     +/-  69.8001      
#   7    2   simpl      UpScOnly            1.00000      frozen
#   8    3   diskbb     Tin        keV      0.822987     +/-  120.754      
#   9    3   diskbb     norm                1.32115      +/-  585.418      
#________________________________________________________________________
#
#
!XSPEC12> show fit
#
#Fit statistic  : PG-Statistic                 200.27     using 183 bins.
#
#Test statistic : Chi-Squared                  186.16     using 183 bins.
# Null hypothesis probability of 2.85e-01 with 176 degrees of freedom
#
!XSPEC12> log none
#