#XSPEC version: 12.11.0
#Build Date/Time: Thu Jul  2 16:22:45 2020
#
!XSPEC12> show data
#
#1 file 1 spectrum 
#Spectrum 1  Spectral Data File: /home/thaddaeus/FMU/Steiner/thaddaeus/1130360216/jspipe/js_ni1130360216_0mpu7_silver_GTI0.jsgrp
#Net count rate (cts/s) for Spectrum:1  2.902e+00 +/- 1.416e-01 (81.2 % total)
# Assigned to Data Group 1 and Plot Group 1
#  Noticed Channels:  16-120
#  Telescope: NICER Instrument: XTI  Channel Type: PI
#  Exposure Time: 178.9 sec
# Using fit statistic: pgstat
# Using Background File                /home/thaddaeus/FMU/Steiner/thaddaeus/1130360216/jspipe/js_ni1130360216_0mpu7_silver_GTI0.bg
#  Background Exposure Time: 178.9 sec
# Using Response (RMF) File            /home/thaddaeus/FMU/Steiner/thaddaeus/nicer_d49_55575341.rmf for Source 1
# Using Auxiliary Response (ARF) File  /home/thaddaeus/FMU/Steiner/thaddaeus/nicer_d49_55575341.arf
#
#
!XSPEC12> show param
#
#Parameters defined:
#========================================================================
#Model TBfeo<1>*simpl<2>*diskbb<3> Source No.: 1   Active/On
#Model Model Component  Parameter  Unit     Value
# par  comp
#   1    1   TBfeo      nH         10^22    3.44434      +/-  10.9005      
#   2    1   TBfeo      O                   0.177289     +/-  8.77741      
#   3    1   TBfeo      Fe                  9.94844E-03  +/-  16.5357      
#   4    1   TBfeo      redshift            0.0          frozen
#   5    2   simpl      Gamma               1.39403      +/-  3.58671      
#   6    2   simpl      FracSctr            0.811702     +/-  2.79469      
#   7    2   simpl      UpScOnly            1.00000      frozen
#   8    3   diskbb     Tin        keV      1.07175      +/-  5.46490      
#   9    3   diskbb     norm                0.781658     +/-  10.9837      
#________________________________________________________________________
#
#
!XSPEC12> show fit
#
#Fit statistic  : PG-Statistic                  83.96     using 105 bins.
#
#Test statistic : Chi-Squared                   77.07     using 105 bins.
# Null hypothesis probability of 9.42e-01 with 98 degrees of freedom
#
!XSPEC12> log none
#