#XSPEC version: 12.11.0
#Build Date/Time: Thu Jul  2 16:22:45 2020
#
!XSPEC12> show data
#
#1 file 1 spectrum 
#Spectrum 1  Spectral Data File: /home/thaddaeus/FMU/Steiner/thaddaeus/1130360192/jspipe/js_ni1130360192_0mpu7_silver_GTI0.jsgrp
#Net count rate (cts/s) for Spectrum:1  4.070e+00 +/- 6.281e-02 (79.0 % total)
# Assigned to Data Group 1 and Plot Group 1
#  Noticed Channels:  25-246
#  Telescope: NICER Instrument: XTI  Channel Type: PI
#  Exposure Time: 1350 sec
# Using fit statistic: pgstat
# Using Background File                /home/thaddaeus/FMU/Steiner/thaddaeus/1130360192/jspipe/js_ni1130360192_0mpu7_silver_GTI0.bg
#  Background Exposure Time: 1350 sec
# Using Response (RMF) File            /home/thaddaeus/FMU/Steiner/thaddaeus/nicer_d49_55575341.rmf for Source 1
# Using Auxiliary Response (ARF) File  /home/thaddaeus/FMU/Steiner/thaddaeus/nicer_d49_55575341.arf
#
#
!XSPEC12> show param
#
#Parameters defined:
#========================================================================
#Model TBfeo<1>*simpl<2>*diskbb<3> Source No.: 1   Active/On
#Model Model Component  Parameter  Unit     Value
# par  comp
#   1    1   TBfeo      nH         10^22    3.44434      +/-  3.18231      
#   2    1   TBfeo      O                   0.200000     +/-  5.16327      
#   3    1   TBfeo      Fe                  9.94844E-03  +/-  5.19949      
#   4    1   TBfeo      redshift            0.0          frozen
#   5    2   simpl      Gamma               1.79443      +/-  0.604491     
#   6    2   simpl      FracSctr            0.927778     +/-  3.26109      
#   7    2   simpl      UpScOnly            1.00000      frozen
#   8    3   diskbb     Tin        keV      0.734315     +/-  3.07700      
#   9    3   diskbb     norm                3.43038      +/-  44.0509      
#________________________________________________________________________
#
#
!XSPEC12> show fit
#
#Fit statistic  : PG-Statistic                 210.18     using 222 bins.
#
#Test statistic : Chi-Squared                  208.38     using 222 bins.
# Null hypothesis probability of 6.14e-01 with 215 degrees of freedom
#
!XSPEC12> log none
#