#XSPEC version: 12.11.0
#Build Date/Time: Thu Jul  2 16:22:45 2020
#
!XSPEC12> show data
#
#1 file 1 spectrum 
#Spectrum 1  Spectral Data File: /home/thaddaeus/FMU/Steiner/thaddaeus/1130360202/jspipe/js_ni1130360202_0mpu7_silver_GTI0.jsgrp
#Net count rate (cts/s) for Spectrum:1  3.303e+01 +/- 3.443e-01 (98.9 % total)
# Assigned to Data Group 1 and Plot Group 1
#  Noticed Channels:  71-236
#  Telescope: NICER Instrument: XTI  Channel Type: PI
#  Exposure Time: 281.9 sec
# Using fit statistic: pgstat
# Using Background File                /home/thaddaeus/FMU/Steiner/thaddaeus/1130360202/jspipe/js_ni1130360202_0mpu7_silver_GTI0.bg
#  Background Exposure Time: 281.9 sec
# Using Response (RMF) File            /home/thaddaeus/FMU/Steiner/thaddaeus/nicer_d49_55575341.rmf for Source 1
# Using Auxiliary Response (ARF) File  /home/thaddaeus/FMU/Steiner/thaddaeus/nicer_d49_55575341.arf
#
#
!XSPEC12> show param
#
#Parameters defined:
#========================================================================
#Model TBfeo<1>*simpl<2>*diskbb<3> Source No.: 1   Active/On
#Model Model Component  Parameter  Unit     Value
# par  comp
#   1    1   TBfeo      nH         10^22    3.44434      +/-  6.34052      
#   2    1   TBfeo      O                   0.200000     +/-  7.77167      
#   3    1   TBfeo      Fe                  9.95002E-03  +/-  4.86096      
#   4    1   TBfeo      redshift            0.0          frozen
#   5    2   simpl      Gamma               1.39367      +/-  0.829450     
#   6    2   simpl      FracSctr            0.516404     +/-  0.162290     
#   7    2   simpl      UpScOnly            1.00000      frozen
#   8    3   diskbb     Tin        keV      0.917409     +/-  0.487275     
#   9    3   diskbb     norm                26.6861      +/-  44.7919      
#________________________________________________________________________
#
#
!XSPEC12> show fit
#
#Fit statistic  : PG-Statistic                 176.54     using 166 bins.
#
#Test statistic : Chi-Squared                  183.96     using 166 bins.
# Null hypothesis probability of 8.54e-02 with 159 degrees of freedom
#
!XSPEC12> log none
#