#XSPEC version: 12.11.0
#Build Date/Time: Thu Jul  2 16:22:45 2020
#
!XSPEC12> show data
#
#1 file 1 spectrum 
#Spectrum 1  Spectral Data File: /home/thaddaeus/FMU/Steiner/thaddaeus/1130360190/jspipe/js_ni1130360190_0mpu7_silver_GTI0.jsgrp
#Net count rate (cts/s) for Spectrum:1  7.425e+00 +/- 1.980e-01 (93.9 % total)
# Assigned to Data Group 1 and Plot Group 1
#  Noticed Channels:  59-185
#  Telescope: NICER Instrument: XTI  Channel Type: PI
#  Exposure Time: 201.9 sec
# Using fit statistic: pgstat
# Using Background File                /home/thaddaeus/FMU/Steiner/thaddaeus/1130360190/jspipe/js_ni1130360190_0mpu7_silver_GTI0.bg
#  Background Exposure Time: 201.9 sec
# Using Response (RMF) File            /home/thaddaeus/FMU/Steiner/thaddaeus/nicer_d49_55575341.rmf for Source 1
# Using Auxiliary Response (ARF) File  /home/thaddaeus/FMU/Steiner/thaddaeus/nicer_d49_55575341.arf
#
#
!XSPEC12> show param
#
#Parameters defined:
#========================================================================
#Model TBfeo<1>*simpl<2>*diskbb<3> Source No.: 1   Active/On
#Model Model Component  Parameter  Unit     Value
# par  comp
#   1    1   TBfeo      nH         10^22    3.44434      +/-  16.6246      
#   2    1   TBfeo      O                   0.200000     +/-  19.8373      
#   3    1   TBfeo      Fe                  9.94844E-03  +/-  12.7765      
#   4    1   TBfeo      redshift            0.0          frozen
#   5    2   simpl      Gamma               1.39447      +/-  7.86685      
#   6    2   simpl      FracSctr            0.541753     +/-  1.43136      
#   7    2   simpl      UpScOnly            1.00000      frozen
#   8    3   diskbb     Tin        keV      1.35861      +/-  3.69560      
#   9    3   diskbb     norm                1.45619      +/-  8.50318      
#________________________________________________________________________
#
#
!XSPEC12> show fit
#
#Fit statistic  : PG-Statistic                 119.39     using 127 bins.
#
#Test statistic : Chi-Squared                  140.25     using 127 bins.
# Null hypothesis probability of 9.98e-02 with 120 degrees of freedom
#
!XSPEC12> log none
#