#XSPEC version: 12.11.0
#Build Date/Time: Thu Jul  2 16:22:45 2020
#
!XSPEC12> show data
#
#1 file 1 spectrum 
#Spectrum 1  Spectral Data File: /home/thaddaeus/FMU/Steiner/thaddaeus/1130360231/jspipe/js_ni1130360231_0mpu7_silver_GTI0.jsgrp
#Net count rate (cts/s) for Spectrum:1  3.882e+01 +/- 1.856e-01 (99.2 % total)
# Assigned to Data Group 1 and Plot Group 1
#  Noticed Channels:  72-253
#  Telescope: NICER Instrument: XTI  Channel Type: PI
#  Exposure Time: 1137 sec
# Using fit statistic: pgstat
# Using Background File                /home/thaddaeus/FMU/Steiner/thaddaeus/1130360231/jspipe/js_ni1130360231_0mpu7_silver_GTI0.bg
#  Background Exposure Time: 1137 sec
# Using Response (RMF) File            /home/thaddaeus/FMU/Steiner/thaddaeus/nicer_d49_55575341.rmf for Source 1
# Using Auxiliary Response (ARF) File  /home/thaddaeus/FMU/Steiner/thaddaeus/nicer_d49_55575341.arf
#
#
!XSPEC12> show param
#
#Parameters defined:
#========================================================================
#Model TBfeo<1>*simpl<2>*diskbb<3> Source No.: 1   Active/On
#Model Model Component  Parameter  Unit     Value
# par  comp
#   1    1   TBfeo      nH         10^22    3.79172      +/-  2.95051      
#   2    1   TBfeo      O                   0.177289     +/-  2.27926      
#   3    1   TBfeo      Fe                  1.00117      +/-  2.13949      
#   4    1   TBfeo      redshift            0.0          frozen
#   5    2   simpl      Gamma               1.85191      +/-  0.136704     
#   6    2   simpl      FracSctr            0.340774     +/-  0.155545     
#   7    2   simpl      UpScOnly            1.00000      frozen
#   8    3   diskbb     Tin        keV      0.466616     +/-  0.116890     
#   9    3   diskbb     norm                655.820      +/-  996.663      
#________________________________________________________________________
#
#
!XSPEC12> show fit
#
#Fit statistic  : PG-Statistic                 214.24     using 182 bins.
#
#Test statistic : Chi-Squared                  235.40     using 182 bins.
# Null hypothesis probability of 1.58e-03 with 175 degrees of freedom
#
!XSPEC12> log none
#