#XSPEC version: 12.11.0
#Build Date/Time: Thu Jul  2 16:22:45 2020
#
!XSPEC12> show data
#
#1 file 1 spectrum 
#Spectrum 1  Spectral Data File: /home/thaddaeus/FMU/Steiner/thaddaeus/1130360214/jspipe/js_ni1130360214_0mpu7_silver_GTI0.jsgrp
#Net count rate (cts/s) for Spectrum:1  2.641e+00 +/- 1.474e-01 (80.8 % total)
# Assigned to Data Group 1 and Plot Group 1
#  Noticed Channels:  60-138
#  Telescope: NICER Instrument: XTI  Channel Type: PI
#  Exposure Time: 150.9 sec
# Using fit statistic: pgstat
# Using Background File                /home/thaddaeus/FMU/Steiner/thaddaeus/1130360214/jspipe/js_ni1130360214_0mpu7_silver_GTI0.bg
#  Background Exposure Time: 150.9 sec
# Using Response (RMF) File            /home/thaddaeus/FMU/Steiner/thaddaeus/nicer_d49_55575341.rmf for Source 1
# Using Auxiliary Response (ARF) File  /home/thaddaeus/FMU/Steiner/thaddaeus/nicer_d49_55575341.arf
#
#
!XSPEC12> show param
#
#Parameters defined:
#========================================================================
#Model TBfeo<1>*simpl<2>*diskbb<3> Source No.: 1   Active/On
#Model Model Component  Parameter  Unit     Value
# par  comp
#   1    1   TBfeo      nH         10^22    3.44498      +/-  33.2179      
#   2    1   TBfeo      O                   1.63827      +/-  36.5722      
#   3    1   TBfeo      Fe                  1.00376      +/-  30.4349      
#   4    1   TBfeo      redshift            0.0          frozen
#   5    2   simpl      Gamma               1.39365      +/-  2.46020      
#   6    2   simpl      FracSctr            0.385701     +/-  1.07779      
#   7    2   simpl      UpScOnly            1.00000      frozen
#   8    3   diskbb     Tin        keV      0.610693     +/-  1.53670      
#   9    3   diskbb     norm                14.6120      +/-  164.377      
#________________________________________________________________________
#
#
!XSPEC12> show fit
#
#Fit statistic  : PG-Statistic                  77.44     using 79 bins.
#
#Test statistic : Chi-Squared                   74.88     using 79 bins.
# Null hypothesis probability of 3.85e-01 with 72 degrees of freedom
#
!XSPEC12> log none
#