#XSPEC version: 12.11.0
#Build Date/Time: Thu Jul  2 16:22:45 2020
#
!XSPEC12> show data
#
#1 file 1 spectrum 
#Spectrum 1  Spectral Data File: /home/thaddaeus/FMU/Steiner/thaddaeus/1130360234/jspipe/js_ni1130360234_0mpu7_silver_GTI0.jsgrp
#Net count rate (cts/s) for Spectrum:1  5.461e+00 +/- 9.663e-02 (93.3 % total)
# Assigned to Data Group 1 and Plot Group 1
#  Noticed Channels:  68-223
#  Telescope: NICER Instrument: XTI  Channel Type: PI
#  Exposure Time: 629.8 sec
# Using fit statistic: pgstat
# Using Background File                /home/thaddaeus/FMU/Steiner/thaddaeus/1130360234/jspipe/js_ni1130360234_0mpu7_silver_GTI0.bg
#  Background Exposure Time: 629.8 sec
# Using Response (RMF) File            /home/thaddaeus/FMU/Steiner/thaddaeus/nicer_d49_55575341.rmf for Source 1
# Using Auxiliary Response (ARF) File  /home/thaddaeus/FMU/Steiner/thaddaeus/nicer_d49_55575341.arf
#
#
!XSPEC12> show param
#
#Parameters defined:
#========================================================================
#Model TBfeo<1>*simpl<2>*diskbb<3> Source No.: 1   Active/On
#Model Model Component  Parameter  Unit     Value
# par  comp
#   1    1   TBfeo      nH         10^22    3.48721      +/-  11.4442      
#   2    1   TBfeo      O                   0.177289     +/-  6.86703      
#   3    1   TBfeo      Fe                  0.955447     +/-  9.34999      
#   4    1   TBfeo      redshift            0.0          frozen
#   5    2   simpl      Gamma               1.80620      +/-  2.42278      
#   6    2   simpl      FracSctr            0.896114     +/-  6.81270      
#   7    2   simpl      UpScOnly            1.00000      frozen
#   8    3   diskbb     Tin        keV      1.04451      +/-  8.35616      
#   9    3   diskbb     norm                2.20782      +/-  53.9346      
#________________________________________________________________________
#
#
!XSPEC12> show fit
#
#Fit statistic  : PG-Statistic                 141.97     using 156 bins.
#
#Test statistic : Chi-Squared                  159.40     using 156 bins.
# Null hypothesis probability of 2.65e-01 with 149 degrees of freedom
#
!XSPEC12> log none
#