#XSPEC version: 12.11.0
#Build Date/Time: Thu Jul  2 16:22:45 2020
#
!XSPEC12> show data
#
#1 file 1 spectrum 
#Spectrum 1  Spectral Data File: /home/thaddaeus/FMU/Steiner/thaddaeus/1130360235/jspipe/js_ni1130360235_0mpu7_silver_GTI0.jsgrp
#Net count rate (cts/s) for Spectrum:1  4.272e+00 +/- 7.365e-02 (92.8 % total)
# Assigned to Data Group 1 and Plot Group 1
#  Noticed Channels:  72-239
#  Telescope: NICER Instrument: XTI  Channel Type: PI
#  Exposure Time: 853.7 sec
# Using fit statistic: pgstat
# Using Background File                /home/thaddaeus/FMU/Steiner/thaddaeus/1130360235/jspipe/js_ni1130360235_0mpu7_silver_GTI0.bg
#  Background Exposure Time: 853.7 sec
# Using Response (RMF) File            /home/thaddaeus/FMU/Steiner/thaddaeus/nicer_d49_55575341.rmf for Source 1
# Using Auxiliary Response (ARF) File  /home/thaddaeus/FMU/Steiner/thaddaeus/nicer_d49_55575341.arf
#
#
!XSPEC12> show param
#
#Parameters defined:
#========================================================================
#Model TBfeo<1>*simpl<2>*diskbb<3> Source No.: 1   Active/On
#Model Model Component  Parameter  Unit     Value
# par  comp
#   1    1   TBfeo      nH         10^22    3.44434      +/-  11.0125      
#   2    1   TBfeo      O                   0.177289     +/-  6.23798      
#   3    1   TBfeo      Fe                  9.94988E-03  +/-  7.42266      
#   4    1   TBfeo      redshift            0.0          frozen
#   5    2   simpl      Gamma               1.39365      +/-  3.85311      
#   6    2   simpl      FracSctr            0.784863     +/-  2.35608      
#   7    2   simpl      UpScOnly            1.00000      frozen
#   8    3   diskbb     Tin        keV      1.42617      +/-  5.65228      
#   9    3   diskbb     norm                0.677119     +/-  6.80584      
#________________________________________________________________________
#
#
!XSPEC12> show fit
#
#Fit statistic  : PG-Statistic                 187.13     using 168 bins.
#
#Test statistic : Chi-Squared                  190.28     using 168 bins.
# Null hypothesis probability of 5.72e-02 with 161 degrees of freedom
#
!XSPEC12> log none
#