#XSPEC version: 12.11.0
#Build Date/Time: Thu Jul  2 16:22:45 2020
#
!XSPEC12> show data
#
#1 file 1 spectrum 
#Spectrum 1  Spectral Data File: /home/thaddaeus/FMU/Steiner/thaddaeus/1130360210/jspipe/js_ni1130360210_0mpu7_silver_GTI0.jsgrp
#Net count rate (cts/s) for Spectrum:1  1.365e+01 +/- 3.343e-01 (94.9 % total)
# Assigned to Data Group 1 and Plot Group 1
#  Noticed Channels:  64-192
#  Telescope: NICER Instrument: XTI  Channel Type: PI
#  Exposure Time: 128.9 sec
# Using fit statistic: pgstat
# Using Background File                /home/thaddaeus/FMU/Steiner/thaddaeus/1130360210/jspipe/js_ni1130360210_0mpu7_silver_GTI0.bg
#  Background Exposure Time: 128.9 sec
# Using Response (RMF) File            /home/thaddaeus/FMU/Steiner/thaddaeus/nicer_d49_55575341.rmf for Source 1
# Using Auxiliary Response (ARF) File  /home/thaddaeus/FMU/Steiner/thaddaeus/nicer_d49_55575341.arf
#
#
!XSPEC12> show param
#
#Parameters defined:
#========================================================================
#Model TBfeo<1>*simpl<2>*diskbb<3> Source No.: 1   Active/On
#Model Model Component  Parameter  Unit     Value
# par  comp
#   1    1   TBfeo      nH         10^22    3.44434      +/-  15.0880      
#   2    1   TBfeo      O                   0.177289     +/-  9.53869      
#   3    1   TBfeo      Fe                  9.94844E-03  +/-  13.7972      
#   4    1   TBfeo      redshift            0.0          frozen
#   5    2   simpl      Gamma               1.39366      +/-  6.49297      
#   6    2   simpl      FracSctr            0.487198     +/-  0.881501     
#   7    2   simpl      UpScOnly            1.00000      frozen
#   8    3   diskbb     Tin        keV      1.30064      +/-  2.53505      
#   9    3   diskbb     norm                3.10281      +/-  13.3940      
#________________________________________________________________________
#
#
!XSPEC12> show fit
#
#Fit statistic  : PG-Statistic                 130.41     using 129 bins.
#
#Test statistic : Chi-Squared                  133.33     using 129 bins.
# Null hypothesis probability of 2.28e-01 with 122 degrees of freedom
#
!XSPEC12> log none
#