#XSPEC version: 12.11.0
#Build Date/Time: Thu Jul  2 16:22:45 2020
#
!XSPEC12> show data
#
#1 file 1 spectrum 
#Spectrum 1  Spectral Data File: /home/thaddaeus/FMU/Steiner/thaddaeus/1130360275/jspipe/js_ni1130360275_0mpu7_silver_GTI0.jsgrp
#Net count rate (cts/s) for Spectrum:1  2.646e+00 +/- 5.833e-02 (92.5 % total)
# Assigned to Data Group 1 and Plot Group 1
#  Noticed Channels:  69-209
#  Telescope: NICER Instrument: XTI  Channel Type: PI
#  Exposure Time: 846.3 sec
# Using fit statistic: pgstat
# Using Background File                /home/thaddaeus/FMU/Steiner/thaddaeus/1130360275/jspipe/js_ni1130360275_0mpu7_silver_GTI0.bg
#  Background Exposure Time: 846.3 sec
# Using Response (RMF) File            /home/thaddaeus/FMU/Steiner/thaddaeus/nicer_d49_55575341.rmf for Source 1
# Using Auxiliary Response (ARF) File  /home/thaddaeus/FMU/Steiner/thaddaeus/nicer_d49_55575341.arf
#
#
!XSPEC12> show param
#
#Parameters defined:
#========================================================================
#Model TBfeo<1>*simpl<2>*diskbb<3> Source No.: 1   Active/On
#Model Model Component  Parameter  Unit     Value
# par  comp
#   1    1   TBfeo      nH         10^22    3.44434      +/-  14.6154      
#   2    1   TBfeo      O                   0.199976     +/-  8.78183      
#   3    1   TBfeo      Fe                  1.25612      +/-  12.1046      
#   4    1   TBfeo      redshift            0.0          frozen
#   5    2   simpl      Gamma               1.75261      +/-  2.17738      
#   6    2   simpl      FracSctr            0.990064     +/-  80.8838      
#   7    2   simpl      UpScOnly            1.00000      frozen
#   8    3   diskbb     Tin        keV      0.942476     +/-  101.769      
#   9    3   diskbb     norm                1.47750      +/-  480.536      
#________________________________________________________________________
#
#
!XSPEC12> show fit
#
#Fit statistic  : PG-Statistic                 142.67     using 141 bins.
#
#Test statistic : Chi-Squared                  150.99     using 141 bins.
# Null hypothesis probability of 1.50e-01 with 134 degrees of freedom
#
!XSPEC12> log none
#