#XSPEC version: 12.11.0
#Build Date/Time: Thu Jul  2 16:22:45 2020
#
!XSPEC12> show data
#
#1 file 1 spectrum 
#Spectrum 1  Spectral Data File: /home/thaddaeus/FMU/Steiner/thaddaeus/1130360187/jspipe/js_ni1130360187_0mpu7_silver_GTI0.jsgrp
#Net count rate (cts/s) for Spectrum:1  3.098e+01 +/- 1.630e-01 (98.1 % total)
# Assigned to Data Group 1 and Plot Group 1
#  Noticed Channels:  72-254
#  Telescope: NICER Instrument: XTI  Channel Type: PI
#  Exposure Time: 1192 sec
# Using fit statistic: pgstat
# Using Background File                /home/thaddaeus/FMU/Steiner/thaddaeus/1130360187/jspipe/js_ni1130360187_0mpu7_silver_GTI0.bg
#  Background Exposure Time: 1192 sec
# Using Response (RMF) File            /home/thaddaeus/FMU/Steiner/thaddaeus/nicer_d49_55575341.rmf for Source 1
# Using Auxiliary Response (ARF) File  /home/thaddaeus/FMU/Steiner/thaddaeus/nicer_d49_55575341.arf
#
#
!XSPEC12> show param
#
#Parameters defined:
#========================================================================
#Model TBfeo<1>*simpl<2>*diskbb<3> Source No.: 1   Active/On
#Model Model Component  Parameter  Unit     Value
# par  comp
#   1    1   TBfeo      nH         10^22    3.44434      +/-  3.31470      
#   2    1   TBfeo      O                   0.200000     +/-  6.12294      
#   3    1   TBfeo      Fe                  1.00035      +/-  2.57309      
#   4    1   TBfeo      redshift            0.0          frozen
#   5    2   simpl      Gamma               1.85012      +/-  0.139182     
#   6    2   simpl      FracSctr            0.250353     +/-  0.176471     
#   7    2   simpl      UpScOnly            1.00000      frozen
#   8    3   diskbb     Tin        keV      0.414315     +/-  9.89490E-02  
#   9    3   diskbb     norm                1069.28      +/-  1871.92      
#________________________________________________________________________
#
#
!XSPEC12> show fit
#
#Fit statistic  : PG-Statistic                 165.70     using 183 bins.
#
#Test statistic : Chi-Squared                  181.70     using 183 bins.
# Null hypothesis probability of 3.69e-01 with 176 degrees of freedom
#
!XSPEC12> log none
#