#XSPEC version: 12.11.0
#Build Date/Time: Thu Jul  2 16:22:45 2020
#
!XSPEC12> show data
#
#1 file 1 spectrum 
#Spectrum 1  Spectral Data File: /home/thaddaeus/FMU/Steiner/thaddaeus/1130360203/jspipe/js_ni1130360203_0mpu7_silver_GTI0.jsgrp
#Net count rate (cts/s) for Spectrum:1  4.742e+01 +/- 2.660e-01 (99.4 % total)
# Assigned to Data Group 1 and Plot Group 1
#  Noticed Channels:  72-252
#  Telescope: NICER Instrument: XTI  Channel Type: PI
#  Exposure Time: 674.7 sec
# Using fit statistic: pgstat
# Using Background File                /home/thaddaeus/FMU/Steiner/thaddaeus/1130360203/jspipe/js_ni1130360203_0mpu7_silver_GTI0.bg
#  Background Exposure Time: 674.7 sec
# Using Response (RMF) File            /home/thaddaeus/FMU/Steiner/thaddaeus/nicer_d49_55575341.rmf for Source 1
# Using Auxiliary Response (ARF) File  /home/thaddaeus/FMU/Steiner/thaddaeus/nicer_d49_55575341.arf
#
#
!XSPEC12> show param
#
#Parameters defined:
#========================================================================
#Model TBfeo<1>*simpl<2>*diskbb<3> Source No.: 1   Active/On
#Model Model Component  Parameter  Unit     Value
# par  comp
#   1    1   TBfeo      nH         10^22    3.44434      +/-  3.67168      
#   2    1   TBfeo      O                   0.200000     +/-  7.09131      
#   3    1   TBfeo      Fe                  1.00465      +/-  2.57135      
#   4    1   TBfeo      redshift            0.0          frozen
#   5    2   simpl      Gamma               1.78712      +/-  0.148350     
#   6    2   simpl      FracSctr            0.381640     +/-  0.399086     
#   7    2   simpl      UpScOnly            1.00000      frozen
#   8    3   diskbb     Tin        keV      0.423736     +/-  0.166549     
#   9    3   diskbb     norm                1042.51      +/-  2769.75      
#________________________________________________________________________
#
#
!XSPEC12> show fit
#
#Fit statistic  : PG-Statistic                 195.22     using 181 bins.
#
#Test statistic : Chi-Squared                  210.22     using 181 bins.
# Null hypothesis probability of 3.17e-02 with 174 degrees of freedom
#
!XSPEC12> log none
#