#XSPEC version: 12.11.0
#Build Date/Time: Thu Jul  2 16:22:45 2020
#
!XSPEC12> show data
#
#1 file 1 spectrum 
#Spectrum 1  Spectral Data File: /home/thaddaeus/FMU/Steiner/thaddaeus/1130360208/jspipe/js_ni1130360208_0mpu7_silver_GTI0.jsgrp
#Net count rate (cts/s) for Spectrum:1  2.321e+01 +/- 1.964e-01 (98.6 % total)
# Assigned to Data Group 1 and Plot Group 1
#  Noticed Channels:  72-244
#  Telescope: NICER Instrument: XTI  Channel Type: PI
#  Exposure Time: 610.7 sec
# Using fit statistic: pgstat
# Using Background File                /home/thaddaeus/FMU/Steiner/thaddaeus/1130360208/jspipe/js_ni1130360208_0mpu7_silver_GTI0.bg
#  Background Exposure Time: 610.7 sec
# Using Response (RMF) File            /home/thaddaeus/FMU/Steiner/thaddaeus/nicer_d49_55575341.rmf for Source 1
# Using Auxiliary Response (ARF) File  /home/thaddaeus/FMU/Steiner/thaddaeus/nicer_d49_55575341.arf
#
#
!XSPEC12> show param
#
#Parameters defined:
#========================================================================
#Model TBfeo<1>*simpl<2>*diskbb<3> Source No.: 1   Active/On
#Model Model Component  Parameter  Unit     Value
# par  comp
#   1    1   TBfeo      nH         10^22    3.44434      +/-  5.28932      
#   2    1   TBfeo      O                   0.177289     +/-  4.49202      
#   3    1   TBfeo      Fe                  0.718663     +/-  4.01039      
#   4    1   TBfeo      redshift            0.0          frozen
#   5    2   simpl      Gamma               1.72307      +/-  0.262587     
#   6    2   simpl      FracSctr            0.513166     +/-  0.407880     
#   7    2   simpl      UpScOnly            1.00000      frozen
#   8    3   diskbb     Tin        keV      0.511700     +/-  0.377356     
#   9    3   diskbb     norm                180.412      +/-  661.988      
#________________________________________________________________________
#
#
!XSPEC12> show fit
#
#Fit statistic  : PG-Statistic                 206.21     using 173 bins.
#
#Test statistic : Chi-Squared                  222.26     using 173 bins.
# Null hypothesis probability of 2.32e-03 with 166 degrees of freedom
#
!XSPEC12> log none
#