#XSPEC version: 12.11.0
#Build Date/Time: Thu Jul  2 16:22:45 2020
#
!XSPEC12> show data
#
#1 file 1 spectrum 
#Spectrum 1  Spectral Data File: /home/thaddaeus/FMU/Steiner/thaddaeus/2130360203/jspipe/js_ni2130360203_0mpu7_silver_GTI0.jsgrp
#Net count rate (cts/s) for Spectrum:1  9.131e-01 +/- 4.638e-02 (72.3 % total)
# Assigned to Data Group 1 and Plot Group 1
#  Noticed Channels:  61-163
#  Telescope: NICER Instrument: XTI  Channel Type: PI
#  Exposure Time: 597.2 sec
# Using fit statistic: pgstat
# Using Background File                /home/thaddaeus/FMU/Steiner/thaddaeus/2130360203/jspipe/js_ni2130360203_0mpu7_silver_GTI0.bg
#  Background Exposure Time: 597.2 sec
# Using Response (RMF) File            /home/thaddaeus/FMU/Steiner/thaddaeus/nicer_d49_55575341.rmf for Source 1
# Using Auxiliary Response (ARF) File  /home/thaddaeus/FMU/Steiner/thaddaeus/nicer_d49_55575341.arf
#
#
!XSPEC12> show param
#
#Parameters defined:
#========================================================================
#Model TBfeo<1>*simpl<2>*diskbb<3> Source No.: 1   Active/On
#Model Model Component  Parameter  Unit     Value
# par  comp
#   1    1   TBfeo      nH         10^22    3.44434      +/-  32.4515      
#   2    1   TBfeo      O                   0.177289     +/-  24.2446      
#   3    1   TBfeo      Fe                  9.94844E-03  +/-  31.3947      
#   4    1   TBfeo      redshift            0.0          frozen
#   5    2   simpl      Gamma               1.67804      +/-  3.66732      
#   6    2   simpl      FracSctr            0.990064     +/-  203.562      
#   7    2   simpl      UpScOnly            1.00000      frozen
#   8    3   diskbb     Tin        keV      0.735614     +/-  226.077      
#   9    3   diskbb     norm                1.10544      +/-  1026.48      
#________________________________________________________________________
#
#
!XSPEC12> show fit
#
#Fit statistic  : PG-Statistic                 105.41     using 103 bins.
#
#Test statistic : Chi-Squared                  114.38     using 103 bins.
# Null hypothesis probability of 9.72e-02 with 96 degrees of freedom
#
!XSPEC12> log none
#