#XSPEC version: 12.11.0
#Build Date/Time: Thu Jul  2 16:22:45 2020
#
!XSPEC12> show data
#
#1 file 1 spectrum 
#Spectrum 1  Spectral Data File: /home/thaddaeus/FMU/Steiner/thaddaeus/2130360201/jspipe/js_ni2130360201_0mpu7_silver_GTI0.jsgrp
#Net count rate (cts/s) for Spectrum:1  1.873e+00 +/- 1.025e-01 (36.7 % total)
# Assigned to Data Group 1 and Plot Group 1
#  Noticed Channels:  72-253
#  Telescope: NICER Instrument: XTI  Channel Type: PI
#  Exposure Time: 508.5 sec
# Using fit statistic: pgstat
# Using Background File                /home/thaddaeus/FMU/Steiner/thaddaeus/2130360201/jspipe/js_ni2130360201_0mpu7_silver_GTI0.bg
#  Background Exposure Time: 508.5 sec
# Using Response (RMF) File            /home/thaddaeus/FMU/Steiner/thaddaeus/nicer_d49_55575341.rmf for Source 1
# Using Auxiliary Response (ARF) File  /home/thaddaeus/FMU/Steiner/thaddaeus/nicer_d49_55575341.arf
#
#
!XSPEC12> show param
#
#Parameters defined:
#========================================================================
#Model TBfeo<1>*simpl<2>*diskbb<3> Source No.: 1   Active/On
#Model Model Component  Parameter  Unit     Value
# par  comp
#   1    1   TBfeo      nH         10^22    4.00635      +/-  31.6822      
#   2    1   TBfeo      O                   0.584034     +/-  23.8708      
#   3    1   TBfeo      Fe                  2.27377      +/-  42.8894      
#   4    1   TBfeo      redshift            0.0          frozen
#   5    2   simpl      Gamma               2.87114      +/-  106.448      
#   6    2   simpl      FracSctr            0.593612     +/-  56.4940      
#   7    2   simpl      UpScOnly            1.00000      frozen
#   8    3   diskbb     Tin        keV      1.57007      +/-  29.0377      
#   9    3   diskbb     norm                0.250499     +/-  13.9992      
#________________________________________________________________________
#
#
!XSPEC12> show fit
#
#Fit statistic  : PG-Statistic                 197.59     using 182 bins.
#
#Test statistic : Chi-Squared                  215.85     using 182 bins.
# Null hypothesis probability of 1.93e-02 with 175 degrees of freedom
#
!XSPEC12> log none
#