#XSPEC version: 12.11.0
#Build Date/Time: Thu Jul  2 16:22:45 2020
#
!XSPEC12> chatter 10
#
!XSPEC12> show data
#
#1 file 1 spectrum 
#Spectrum 1  Spectral Data File: /home/thaddaeus/FMU/Steiner/thaddaeus/1130360217/jspipe/js_ni1130360217_0mpu7_silver_GTI0.jsgrp
#Net count rate (cts/s) for Spectrum:1  2.192e+00 +/- 5.942e-02 (87.0 % total)
# Assigned to Data Group 1 and Plot Group 1
#  Noticed Channels:  29-180
#  Telescope: NICER Instrument: XTI  Channel Type: PI
#  Exposure Time: 720.8 sec
# Using fit statistic: pgstat
# Using Background File                /home/thaddaeus/FMU/Steiner/thaddaeus/1130360217/jspipe/js_ni1130360217_0mpu7_silver_GTI0.bg
#  Background Exposure Time: 720.8 sec
# Using Response (RMF) File            /home/thaddaeus/FMU/Steiner/thaddaeus/nicer_d49_55575341.rmf for Source 1
# Using Auxiliary Response (ARF) File  /home/thaddaeus/FMU/Steiner/thaddaeus/nicer_d49_55575341.arf
#
#
!XSPEC12> show fit
#
#Fit statistic  : PG-Statistic                 143.68     using 152 bins.
#
#Test statistic : Chi-Squared                  166.82     using 152 bins.
# Null hypothesis probability of 7.58e-02 with 142 degrees of freedom
#
!XSPEC12> show param
#
#Parameters defined:
#========================================================================
#Model TBabs<1>(simpl<2>(diskbb<3> + relxill<4>)) Source No.: 1   Active/On
#Model Model Component  Parameter  Unit     Value
# par  comp
#   1    1   TBabs      nH         10^22    2.26916      +/-  2.75401      
#   2    2   simpl      Gamma               1.68326      +/-  1.83350      
#   3    2   simpl      FracSctr            0.990052     +/-  22.1573      
#   4    2   simpl      UpScOnly            1.00000      frozen
#   5    3   diskbb     Tin        keV      0.356600     +/-  11.7288      
#   6    3   diskbb     norm                20.8220      +/-  2326.87      
#   7    4   relxill    Index1              3.00000      frozen
#   8    4   relxill    Index2              3.00000      frozen
#   9    4   relxill    Rbr                 15.0000      frozen
#  10    4   relxill    a                   0.977962     +/-  12.6027      
#  11    4   relxill    Incl       deg      64.3254      +/-  4009.51      
#  12    4   relxill    Rin                 -1.00000     frozen
#  13    4   relxill    Rout                400.000      frozen
#  14    4   relxill    z                   0.0          frozen
#  15    4   relxill    gamma               1.68326      = p2
#  16    4   relxill    logxi               1.37790      +/-  41.8687      
#  17    4   relxill    Afe                 0.977976     +/-  160.949      
#  18    4   relxill    Ecut       keV      300.000      frozen
#  19    4   relxill    refl_frac           -1.00000     frozen
#  20    4   relxill    norm                4.11897E-05  +/-  1.17509E-03  
#________________________________________________________________________
#
#
!XSPEC12> log none
#