#XSPEC version: 12.11.0
#Build Date/Time: Thu Jul  2 16:22:45 2020
#
!XSPEC12> chatter 10
#
!XSPEC12> show data
#
#1 file 1 spectrum 
#Spectrum 1  Spectral Data File: /home/thaddaeus/FMU/Steiner/thaddaeus/1130360208/jspipe/js_ni1130360208_0mpu7_silver_GTI0.jsgrp
#Net count rate (cts/s) for Spectrum:1  4.023e+01 +/- 2.584e-01 (98.8 % total)
# Assigned to Data Group 1 and Plot Group 1
#  Noticed Channels:  38-245
#  Telescope: NICER Instrument: XTI  Channel Type: PI
#  Exposure Time: 610.7 sec
# Using fit statistic: pgstat
# Using Background File                /home/thaddaeus/FMU/Steiner/thaddaeus/1130360208/jspipe/js_ni1130360208_0mpu7_silver_GTI0.bg
#  Background Exposure Time: 610.7 sec
# Using Response (RMF) File            /home/thaddaeus/FMU/Steiner/thaddaeus/nicer_d49_55575341.rmf for Source 1
# Using Auxiliary Response (ARF) File  /home/thaddaeus/FMU/Steiner/thaddaeus/nicer_d49_55575341.arf
#
#
!XSPEC12> show fit
#
#Fit statistic  : PG-Statistic                 257.32     using 208 bins.
#
#Test statistic : Chi-Squared                  272.85     using 208 bins.
# Null hypothesis probability of 3.33e-04 with 198 degrees of freedom
#
!XSPEC12> show param
#
#Parameters defined:
#========================================================================
#Model TBabs<1>(simpl<2>(diskbb<3> + relxill<4>)) Source No.: 1   Active/On
#Model Model Component  Parameter  Unit     Value
# par  comp
#   1    1   TBabs      nH         10^22    2.79140      +/-  0.470710     
#   2    2   simpl      Gamma               2.87114      +/-  0.607935     
#   3    2   simpl      FracSctr            0.459814     +/-  0.528754     
#   4    2   simpl      UpScOnly            1.00000      frozen
#   5    3   diskbb     Tin        keV      0.479153     +/-  2.11496      
#   6    3   diskbb     norm                21.7020      +/-  695.220      
#   7    4   relxill    Index1              3.00000      frozen
#   8    4   relxill    Index2              3.00000      frozen
#   9    4   relxill    Rbr                 15.0000      frozen
#  10    4   relxill    a                   0.993703     +/-  0.788001     
#  11    4   relxill    Incl       deg      55.3006      +/-  6.08573      
#  12    4   relxill    Rin                 -1.00000     frozen
#  13    4   relxill    Rout                400.000      frozen
#  14    4   relxill    z                   0.0          frozen
#  15    4   relxill    gamma               2.87114      = p2
#  16    4   relxill    logxi               3.28401E-07  +/-  -1.00000     
#  17    4   relxill    Afe                 1.00545      +/-  3.08673      
#  18    4   relxill    Ecut       keV      300.000      frozen
#  19    4   relxill    refl_frac           -1.00000     frozen
#  20    4   relxill    norm                1.77626E-02  +/-  2.84232E-02  
#________________________________________________________________________
#
#
!XSPEC12> log none
#