#XSPEC version: 12.11.0
#Build Date/Time: Thu Jul  2 16:22:45 2020
#
!XSPEC12> chatter 10
#
!XSPEC12> show data
#
#1 file 1 spectrum 
#Spectrum 1  Spectral Data File: /home/thaddaeus/FMU/Steiner/thaddaeus/1130360225/jspipe/js_ni1130360225_0mpu7_silver_GTI0.jsgrp
#Net count rate (cts/s) for Spectrum:1  8.857e+00 +/- 2.037e-01 (87.5 % total)
# Assigned to Data Group 1 and Plot Group 1
#  Noticed Channels:  25-194
#  Telescope: NICER Instrument: XTI  Channel Type: PI
#  Exposure Time: 244.9 sec
# Using fit statistic: pgstat
# Using Background File                /home/thaddaeus/FMU/Steiner/thaddaeus/1130360225/jspipe/js_ni1130360225_0mpu7_silver_GTI0.bg
#  Background Exposure Time: 244.9 sec
# Using Response (RMF) File            /home/thaddaeus/FMU/Steiner/thaddaeus/nicer_d49_55575341.rmf for Source 1
# Using Auxiliary Response (ARF) File  /home/thaddaeus/FMU/Steiner/thaddaeus/nicer_d49_55575341.arf
#
#
!XSPEC12> show fit
#
#Fit statistic  : PG-Statistic                 158.87     using 170 bins.
#
#Test statistic : Chi-Squared                  180.45     using 170 bins.
# Null hypothesis probability of 1.28e-01 with 160 degrees of freedom
#
!XSPEC12> show param
#
#Parameters defined:
#========================================================================
#Model TBabs<1>(simpl<2>(diskbb<3> + relxill<4>)) Source No.: 1   Active/On
#Model Model Component  Parameter  Unit     Value
# par  comp
#   1    1   TBabs      nH         10^22    3.38106      +/-  3.84880      
#   2    2   simpl      Gamma               1.54485      +/-  8.60366      
#   3    2   simpl      FracSctr            0.990052     +/-  213.192      
#   4    2   simpl      UpScOnly            1.00000      frozen
#   5    3   diskbb     Tin        keV      0.148504     +/-  64.5417      
#   6    3   diskbb     norm                3050.70      +/-  5.08537E+06  
#   7    4   relxill    Index1              3.00000      frozen
#   8    4   relxill    Index2              3.00000      frozen
#   9    4   relxill    Rbr                 15.0000      frozen
#  10    4   relxill    a                   0.989864     +/-  191.982      
#  11    4   relxill    Incl       deg      86.1368      +/-  3.21036E+04  
#  12    4   relxill    Rin                 -1.00000     frozen
#  13    4   relxill    Rout                400.000      frozen
#  14    4   relxill    z                   0.0          frozen
#  15    4   relxill    gamma               1.54485      = p2
#  16    4   relxill    logxi               2.41623      +/-  494.651      
#  17    4   relxill    Afe                 9.32566      +/-  6.84511E+04  
#  18    4   relxill    Ecut       keV      300.000      frozen
#  19    4   relxill    refl_frac           -1.00000     frozen
#  20    4   relxill    norm                6.98660E-06  +/-  9.78341E-03  
#________________________________________________________________________
#
#
!XSPEC12> log none
#