#XSPEC version: 12.11.0
#Build Date/Time: Thu Jul  2 16:22:45 2020
#
!XSPEC12> chatter 10
#
!XSPEC12> show data
#
#1 file 1 spectrum 
#Spectrum 1  Spectral Data File: /home/thaddaeus/FMU/Steiner/thaddaeus/1130360230/jspipe/js_ni1130360230_0mpu7_silver_GTI0.jsgrp
#Net count rate (cts/s) for Spectrum:1  6.858e+01 +/- 3.331e-01 (99.5 % total)
# Assigned to Data Group 1 and Plot Group 1
#  Noticed Channels:  38-246
#  Telescope: NICER Instrument: XTI  Channel Type: PI
#  Exposure Time: 621.5 sec
# Using fit statistic: pgstat
# Using Background File                /home/thaddaeus/FMU/Steiner/thaddaeus/1130360230/jspipe/js_ni1130360230_0mpu7_silver_GTI0.bg
#  Background Exposure Time: 621.5 sec
# Using Response (RMF) File            /home/thaddaeus/FMU/Steiner/thaddaeus/nicer_d49_55575341.rmf for Source 1
# Using Auxiliary Response (ARF) File  /home/thaddaeus/FMU/Steiner/thaddaeus/nicer_d49_55575341.arf
#
#
!XSPEC12> show fit
#
#Fit statistic  : PG-Statistic                 282.73     using 209 bins.
#
#Test statistic : Chi-Squared                  275.91     using 209 bins.
# Null hypothesis probability of 2.51e-04 with 199 degrees of freedom
#
!XSPEC12> show param
#
#Parameters defined:
#========================================================================
#Model TBabs<1>(simpl<2>(diskbb<3> + relxill<4>)) Source No.: 1   Active/On
#Model Model Component  Parameter  Unit     Value
# par  comp
#   1    1   TBabs      nH         10^22    3.86251      +/-  0.375040     
#   2    2   simpl      Gamma               2.86655      +/-  0.169817     
#   3    2   simpl      FracSctr            2.90074E-02  +/-  2.49633E-02  
#   4    2   simpl      UpScOnly            1.00000      frozen
#   5    3   diskbb     Tin        keV      0.149402     +/-  1.66350E-02  
#   6    3   diskbb     norm                1.46088E+06  +/-  2.20492E+06  
#   7    4   relxill    Index1              3.00000      frozen
#   8    4   relxill    Index2              3.00000      frozen
#   9    4   relxill    Rbr                 15.0000      frozen
#  10    4   relxill    a                   0.998000     +/-  2.29673      
#  11    4   relxill    Incl       deg      5.01999      +/-  22.9967      
#  12    4   relxill    Rin                 -1.00000     frozen
#  13    4   relxill    Rout                400.000      frozen
#  14    4   relxill    z                   0.0          frozen
#  15    4   relxill    gamma               2.86655      = p2
#  16    4   relxill    logxi               2.39542      +/-  0.137617     
#  17    4   relxill    Afe                 0.500000     +/-  0.409155     
#  18    4   relxill    Ecut       keV      300.000      frozen
#  19    4   relxill    refl_frac           -1.00000     frozen
#  20    4   relxill    norm                1.72106E-02  +/-  1.78398E-02  
#________________________________________________________________________
#
#
!XSPEC12> log none
#