#XSPEC version: 12.11.0
#Build Date/Time: Thu Jul  2 16:22:45 2020
#
!XSPEC12> chatter 10
#
!XSPEC12> show data
#
#1 file 1 spectrum 
#Spectrum 1  Spectral Data File: /home/thaddaeus/FMU/Steiner/thaddaeus/1130360234/jspipe/js_ni1130360234_0mpu7_silver_GTI0.jsgrp
#Net count rate (cts/s) for Spectrum:1  7.704e+00 +/- 1.149e-01 (93.0 % total)
# Assigned to Data Group 1 and Plot Group 1
#  Noticed Channels:  34-224
#  Telescope: NICER Instrument: XTI  Channel Type: PI
#  Exposure Time: 629.8 sec
# Using fit statistic: pgstat
# Using Background File                /home/thaddaeus/FMU/Steiner/thaddaeus/1130360234/jspipe/js_ni1130360234_0mpu7_silver_GTI0.bg
#  Background Exposure Time: 629.8 sec
# Using Response (RMF) File            /home/thaddaeus/FMU/Steiner/thaddaeus/nicer_d49_55575341.rmf for Source 1
# Using Auxiliary Response (ARF) File  /home/thaddaeus/FMU/Steiner/thaddaeus/nicer_d49_55575341.arf
#
#
!XSPEC12> show fit
#
#Fit statistic  : PG-Statistic                 181.47     using 191 bins.
#
#Test statistic : Chi-Squared                  200.04     using 191 bins.
# Null hypothesis probability of 1.58e-01 with 181 degrees of freedom
#
!XSPEC12> show param
#
#Parameters defined:
#========================================================================
#Model TBabs<1>(simpl<2>(diskbb<3> + relxill<4>)) Source No.: 1   Active/On
#Model Model Component  Parameter  Unit     Value
# par  comp
#   1    1   TBabs      nH         10^22    2.26841      +/-  0.531925     
#   2    2   simpl      Gamma               1.39366      +/-  4.84589      
#   3    2   simpl      FracSctr            0.537354     +/-  0.933131     
#   4    2   simpl      UpScOnly            1.00000      frozen
#   5    3   diskbb     Tin        keV      1.31805      +/-  0.799251     
#   6    3   diskbb     norm                1.17061      +/-  3.12553      
#   7    4   relxill    Index1              3.00000      frozen
#   8    4   relxill    Index2              3.00000      frozen
#   9    4   relxill    Rbr                 15.0000      frozen
#  10    4   relxill    a                   0.986328     +/-  3.63971      
#  11    4   relxill    Incl       deg      19.6789      +/-  20.3829      
#  12    4   relxill    Rin                 -1.00000     frozen
#  13    4   relxill    Rout                400.000      frozen
#  14    4   relxill    z                   0.0          frozen
#  15    4   relxill    gamma               1.39366      = p2
#  16    4   relxill    logxi               0.746702     +/-  166.308      
#  17    4   relxill    Afe                 10.00000     +/-  518.891      
#  18    4   relxill    Ecut       keV      300.000      frozen
#  19    4   relxill    refl_frac           -1.00000     frozen
#  20    4   relxill    norm                5.81480E-04  +/-  5.08115E-02  
#________________________________________________________________________
#
#
!XSPEC12> log none
#