#XSPEC version: 12.11.0
#Build Date/Time: Thu Jul  2 16:22:45 2020
#
!XSPEC12> chatter 10
#
!XSPEC12> show data
#
#1 file 1 spectrum 
#Spectrum 1  Spectral Data File: /home/thaddaeus/FMU/Steiner/thaddaeus/1130360206/jspipe/js_ni1130360206_0mpu7_silver_GTI0.jsgrp
#Net count rate (cts/s) for Spectrum:1  1.314e+02 +/- 7.990e-01 (99.5 % total)
# Assigned to Data Group 1 and Plot Group 1
#  Noticed Channels:  38-225
#  Telescope: NICER Instrument: XTI  Channel Type: PI
#  Exposure Time: 206.9 sec
# Using fit statistic: pgstat
# Using Background File                /home/thaddaeus/FMU/Steiner/thaddaeus/1130360206/jspipe/js_ni1130360206_0mpu7_silver_GTI0.bg
#  Background Exposure Time: 206.9 sec
# Using Response (RMF) File            /home/thaddaeus/FMU/Steiner/thaddaeus/nicer_d49_55575341.rmf for Source 1
# Using Auxiliary Response (ARF) File  /home/thaddaeus/FMU/Steiner/thaddaeus/nicer_d49_55575341.arf
#
#
!XSPEC12> show fit
#
#Fit statistic  : PG-Statistic                 194.15     using 188 bins.
#
#Test statistic : Chi-Squared                  197.45     using 188 bins.
# Null hypothesis probability of 1.51e-01 with 178 degrees of freedom
#
!XSPEC12> show param
#
#Parameters defined:
#========================================================================
#Model TBabs<1>(simpl<2>(diskbb<3> + relxill<4>)) Source No.: 1   Active/On
#Model Model Component  Parameter  Unit     Value
# par  comp
#   1    1   TBabs      nH         10^22    3.41163      +/-  0.192692     
#   2    2   simpl      Gamma               2.87114      +/-  1.32137      
#   3    2   simpl      FracSctr            0.132851     +/-  6.36932E-02  
#   4    2   simpl      UpScOnly            1.00000      frozen
#   5    3   diskbb     Tin        keV      0.354201     +/-  3.86278E-02  
#   6    3   diskbb     norm                1.13673E+04  +/-  5666.16      
#   7    4   relxill    Index1              3.00000      frozen
#   8    4   relxill    Index2              3.00000      frozen
#   9    4   relxill    Rbr                 15.0000      frozen
#  10    4   relxill    a                   0.517613     +/-  1.36502      
#  11    4   relxill    Incl       deg      54.5255      +/-  6.82493      
#  12    4   relxill    Rin                 -1.00000     frozen
#  13    4   relxill    Rout                400.000      frozen
#  14    4   relxill    z                   0.0          frozen
#  15    4   relxill    gamma               2.87114      = p2
#  16    4   relxill    logxi               0.631324     +/-  11.7784      
#  17    4   relxill    Afe                 3.16401      +/-  13.5909      
#  18    4   relxill    Ecut       keV      300.000      frozen
#  19    4   relxill    refl_frac           -1.00000     frozen
#  20    4   relxill    norm                6.45256E-03  +/-  6.07106E-02  
#________________________________________________________________________
#
#
!XSPEC12> log none
#