#XSPEC version: 12.11.0
#Build Date/Time: Thu Jul  2 16:22:45 2020
#
!XSPEC12> chatter 10
#
!XSPEC12> show data
#
#1 file 1 spectrum 
#Spectrum 1  Spectral Data File: /home/thaddaeus/FMU/Steiner/thaddaeus/1130360274/jspipe/js_ni1130360274_0mpu7_silver_GTI0.jsgrp
#Net count rate (cts/s) for Spectrum:1  3.026e+00 +/- 5.105e-02 (91.8 % total)
# Assigned to Data Group 1 and Plot Group 1
#  Noticed Channels:  38-224
#  Telescope: NICER Instrument: XTI  Channel Type: PI
#  Exposure Time: 1278 sec
# Using fit statistic: pgstat
# Using Background File                /home/thaddaeus/FMU/Steiner/thaddaeus/1130360274/jspipe/js_ni1130360274_0mpu7_silver_GTI0.bg
#  Background Exposure Time: 1278 sec
# Using Response (RMF) File            /home/thaddaeus/FMU/Steiner/thaddaeus/nicer_d49_55575341.rmf for Source 1
# Using Auxiliary Response (ARF) File  /home/thaddaeus/FMU/Steiner/thaddaeus/nicer_d49_55575341.arf
#
#
!XSPEC12> show fit
#
#Fit statistic  : PG-Statistic                 202.98     using 187 bins.
#
#Test statistic : Chi-Squared                  252.18     using 187 bins.
# Null hypothesis probability of 1.76e-04 with 177 degrees of freedom
#
!XSPEC12> show param
#
#Parameters defined:
#========================================================================
#Model TBabs<1>(simpl<2>(diskbb<3> + relxill<4>)) Source No.: 1   Active/On
#Model Model Component  Parameter  Unit     Value
# par  comp
#   1    1   TBabs      nH         10^22    2.64961      +/-  0.494830     
#   2    2   simpl      Gamma               1.39736      +/-  0.670411     
#   3    2   simpl      FracSctr            0.990052     +/-  0.638778     
#   4    2   simpl      UpScOnly            1.00000      frozen
#   5    3   diskbb     Tin        keV      0.648378     +/-  -1.00000     
#   6    3   diskbb     norm                4.40773E-18  +/-  -1.00000     
#   7    4   relxill    Index1              3.00000      frozen
#   8    4   relxill    Index2              3.00000      frozen
#   9    4   relxill    Rbr                 15.0000      frozen
#  10    4   relxill    a                   0.949246     +/-  1.54721      
#  11    4   relxill    Incl       deg      42.9318      +/-  264.745      
#  12    4   relxill    Rin                 -1.00000     frozen
#  13    4   relxill    Rout                400.000      frozen
#  14    4   relxill    z                   0.0          frozen
#  15    4   relxill    gamma               1.39736      = p2
#  16    4   relxill    logxi               2.35126      +/-  0.741635     
#  17    4   relxill    Afe                 9.40480      +/-  135.269      
#  18    4   relxill    Ecut       keV      300.000      frozen
#  19    4   relxill    refl_frac           -1.00000     frozen
#  20    4   relxill    norm                7.56421E-04  +/-  1.81991E-03  
#________________________________________________________________________
#
#
!XSPEC12> log none
#