#XSPEC version: 12.11.0
#Build Date/Time: Thu Jul  2 16:22:45 2020
#
!XSPEC12> chatter 10
#
!XSPEC12> show data
#
#1 file 1 spectrum 
#Spectrum 1  Spectral Data File: /home/thaddaeus/FMU/Steiner/thaddaeus/1130360188/jspipe/js_ni1130360188_0mpu7_silver_GTI0.jsgrp
#Net count rate (cts/s) for Spectrum:1  2.427e+01 +/- 1.776e-01 (98.1 % total)
# Assigned to Data Group 1 and Plot Group 1
#  Noticed Channels:  38-248
#  Telescope: NICER Instrument: XTI  Channel Type: PI
#  Exposure Time: 785.7 sec
# Using fit statistic: pgstat
# Using Background File                /home/thaddaeus/FMU/Steiner/thaddaeus/1130360188/jspipe/js_ni1130360188_0mpu7_silver_GTI0.bg
#  Background Exposure Time: 785.7 sec
# Using Response (RMF) File            /home/thaddaeus/FMU/Steiner/thaddaeus/nicer_d49_55575341.rmf for Source 1
# Using Auxiliary Response (ARF) File  /home/thaddaeus/FMU/Steiner/thaddaeus/nicer_d49_55575341.arf
#
#
!XSPEC12> show fit
#
#Fit statistic  : PG-Statistic                 198.13     using 211 bins.
#
#Test statistic : Chi-Squared                  203.22     using 211 bins.
# Null hypothesis probability of 4.43e-01 with 201 degrees of freedom
#
!XSPEC12> show param
#
#Parameters defined:
#========================================================================
#Model TBabs<1>(simpl<2>(diskbb<3> + relxill<4>)) Source No.: 1   Active/On
#Model Model Component  Parameter  Unit     Value
# par  comp
#   1    1   TBabs      nH         10^22    3.55840      +/-  0.408281     
#   2    2   simpl      Gamma               2.86317      +/-  0.928572     
#   3    2   simpl      FracSctr            6.28996E-02  +/-  4.12963E-02  
#   4    2   simpl      UpScOnly            1.00000      frozen
#   5    3   diskbb     Tin        keV      0.164304     +/-  2.59644E-02  
#   6    3   diskbb     norm                1.55868E+05  +/-  2.94084E+05  
#   7    4   relxill    Index1              3.00000      frozen
#   8    4   relxill    Index2              3.00000      frozen
#   9    4   relxill    Rbr                 15.0000      frozen
#  10    4   relxill    a                   0.998000     +/-  0.676585     
#  11    4   relxill    Incl       deg      58.5916      +/-  5.17758      
#  12    4   relxill    Rin                 -1.00000     frozen
#  13    4   relxill    Rout                400.000      frozen
#  14    4   relxill    z                   0.0          frozen
#  15    4   relxill    gamma               2.86317      = p2
#  16    4   relxill    logxi               0.528544     +/-  0.956550     
#  17    4   relxill    Afe                 0.500000     +/-  1.13778      
#  18    4   relxill    Ecut       keV      300.000      frozen
#  19    4   relxill    refl_frac           -1.00000     frozen
#  20    4   relxill    norm                1.20122E-02  +/-  3.68538E-02  
#________________________________________________________________________
#
#
!XSPEC12> log none
#