#XSPEC version: 12.11.0
#Build Date/Time: Thu Jul  2 16:22:45 2020
#
!XSPEC12> chatter 10
#
!XSPEC12> show data
#
#1 file 1 spectrum 
#Spectrum 1  Spectral Data File: /home/thaddaeus/FMU/Steiner/thaddaeus/1130360218/jspipe/js_ni1130360218_0mpu7_silver_GTI0.jsgrp
#Net count rate (cts/s) for Spectrum:1  1.867e+00 +/- 5.376e-02 (84.4 % total)
# Assigned to Data Group 1 and Plot Group 1
#  Noticed Channels:  33-192
#  Telescope: NICER Instrument: XTI  Channel Type: PI
#  Exposure Time: 775.7 sec
# Using fit statistic: pgstat
# Using Background File                /home/thaddaeus/FMU/Steiner/thaddaeus/1130360218/jspipe/js_ni1130360218_0mpu7_silver_GTI0.bg
#  Background Exposure Time: 775.7 sec
# Using Response (RMF) File            /home/thaddaeus/FMU/Steiner/thaddaeus/nicer_d49_55575341.rmf for Source 1
# Using Auxiliary Response (ARF) File  /home/thaddaeus/FMU/Steiner/thaddaeus/nicer_d49_55575341.arf
#
#
!XSPEC12> show fit
#
#Fit statistic  : PG-Statistic                 166.48     using 160 bins.
#
#Test statistic : Chi-Squared                  177.03     using 160 bins.
# Null hypothesis probability of 6.50e-02 with 150 degrees of freedom
#
!XSPEC12> show param
#
#Parameters defined:
#========================================================================
#Model TBabs<1>(simpl<2>(diskbb<3> + relxill<4>)) Source No.: 1   Active/On
#Model Model Component  Parameter  Unit     Value
# par  comp
#   1    1   TBabs      nH         10^22    2.01539      +/-  0.615690     
#   2    2   simpl      Gamma               1.39392      +/-  3.63344      
#   3    2   simpl      FracSctr            9.47224E-02  +/-  2.85008      
#   4    2   simpl      UpScOnly            1.00000      frozen
#   5    3   diskbb     Tin        keV      1.10041      +/-  1.74277      
#   6    3   diskbb     norm                0.374367     +/-  2.12420      
#   7    4   relxill    Index1              3.00000      frozen
#   8    4   relxill    Index2              3.00000      frozen
#   9    4   relxill    Rbr                 15.0000      frozen
#  10    4   relxill    a                   0.997980     +/-  7.34332      
#  11    4   relxill    Incl       deg      3.60530      +/-  34.8382      
#  12    4   relxill    Rin                 -1.00000     frozen
#  13    4   relxill    Rout                400.000      frozen
#  14    4   relxill    z                   0.0          frozen
#  15    4   relxill    gamma               1.39392      = p2
#  16    4   relxill    logxi               0.140017     +/-  62.1929      
#  17    4   relxill    Afe                 1.62859      +/-  12.1726      
#  18    4   relxill    Ecut       keV      300.000      frozen
#  19    4   relxill    refl_frac           -1.00000     frozen
#  20    4   relxill    norm                4.33841E-04  +/-  2.84189E-03  
#________________________________________________________________________
#
#
!XSPEC12> log none
#