#XSPEC version: 12.11.0
#Build Date/Time: Thu Jul  2 16:22:45 2020
#
!XSPEC12> chatter 10
#
!XSPEC12> show data
#
#1 file 1 spectrum 
#Spectrum 1  Spectral Data File: /home/thaddaeus/FMU/Steiner/thaddaeus/1130360182/jspipe/js_ni1130360182_0mpu7_silver_GTI0.jsgrp
#Net count rate (cts/s) for Spectrum:1  2.099e+02 +/- 5.447e-01 (98.1 % total)
# Assigned to Data Group 1 and Plot Group 1
#  Noticed Channels:  38-255
#  Telescope: NICER Instrument: XTI  Channel Type: PI
#  Exposure Time: 722.4 sec
# Using fit statistic: pgstat
# Using Background File                /home/thaddaeus/FMU/Steiner/thaddaeus/1130360182/jspipe/js_ni1130360182_0mpu7_silver_GTI0.bg
#  Background Exposure Time: 722.4 sec
# Using Response (RMF) File            /home/thaddaeus/FMU/Steiner/thaddaeus/nicer_d49_55575341.rmf for Source 1
# Using Auxiliary Response (ARF) File  /home/thaddaeus/FMU/Steiner/thaddaeus/nicer_d49_55575341.arf
#
#
!XSPEC12> show fit
#
#Fit statistic  : PG-Statistic                 311.38     using 218 bins.
#
#Test statistic : Chi-Squared                  353.97     using 218 bins.
# Null hypothesis probability of 1.12e-09 with 208 degrees of freedom
#
!XSPEC12> show param
#
#Parameters defined:
#========================================================================
#Model TBabs<1>(simpl<2>(diskbb<3> + relxill<4>)) Source No.: 1   Active/On
#Model Model Component  Parameter  Unit     Value
# par  comp
#   1    1   TBabs      nH         10^22    3.19275      +/-  2.47062E-02  
#   2    2   simpl      Gamma               2.87114      +/-  18.5448      
#   3    2   simpl      FracSctr            4.98981E-03  +/-  3.42995E-02  
#   4    2   simpl      UpScOnly            1.00000      frozen
#   5    3   diskbb     Tin        keV      0.487933     +/-  7.56335E-03  
#   6    3   diskbb     norm                3919.89      +/-  304.330      
#   7    4   relxill    Index1              3.00000      frozen
#   8    4   relxill    Index2              3.00000      frozen
#   9    4   relxill    Rbr                 15.0000      frozen
#  10    4   relxill    a                   0.998000     +/-  3.88882E+07  
#  11    4   relxill    Incl       deg      4.05066      +/-  1.52818E+08  
#  12    4   relxill    Rin                 -1.00000     frozen
#  13    4   relxill    Rout                400.000      frozen
#  14    4   relxill    z                   0.0          frozen
#  15    4   relxill    gamma               2.87114      = p2
#  16    4   relxill    logxi               4.29602E-07  +/-  -1.00000     
#  17    4   relxill    Afe                 9.04386      +/-  7.57955E+08  
#  18    4   relxill    Ecut       keV      300.000      frozen
#  19    4   relxill    refl_frac           -1.00000     frozen
#  20    4   relxill    norm                4.94909E-10  +/-  9.97510E-03  
#________________________________________________________________________
#
#
!XSPEC12> log none
#