#XSPEC version: 12.11.0
#Build Date/Time: Thu Jul  2 16:22:45 2020
#
!XSPEC12> chatter 10
#
!XSPEC12> show data
#
#1 file 1 spectrum 
#Spectrum 1  Spectral Data File: /home/thaddaeus/FMU/Steiner/thaddaeus/1130360270/jspipe/js_ni1130360270_0mpu7_silver_GTI0.jsgrp
#Net count rate (cts/s) for Spectrum:1  1.946e+00 +/- 4.630e-02 (48.7 % total)
# Assigned to Data Group 1 and Plot Group 1
#  Noticed Channels:  38-255
#  Telescope: NICER Instrument: XTI  Channel Type: PI
#  Exposure Time: 2117 sec
# Using fit statistic: pgstat
# Using Background File                /home/thaddaeus/FMU/Steiner/thaddaeus/1130360270/jspipe/js_ni1130360270_0mpu7_silver_GTI0.bg
#  Background Exposure Time: 2117 sec
# Using Response (RMF) File            /home/thaddaeus/FMU/Steiner/thaddaeus/nicer_d49_55575341.rmf for Source 1
# Using Auxiliary Response (ARF) File  /home/thaddaeus/FMU/Steiner/thaddaeus/nicer_d49_55575341.arf
#
#
!XSPEC12> show fit
#
#Fit statistic  : PG-Statistic                 235.89     using 218 bins.
#
#Test statistic : Chi-Squared                  221.40     using 218 bins.
# Null hypothesis probability of 2.49e-01 with 208 degrees of freedom
#
!XSPEC12> show param
#
#Parameters defined:
#========================================================================
#Model TBabs<1>(simpl<2>(diskbb<3> + relxill<4>)) Source No.: 1   Active/On
#Model Model Component  Parameter  Unit     Value
# par  comp
#   1    1   TBabs      nH         10^22    3.07543      +/-  5.18094      
#   2    2   simpl      Gamma               1.39365      +/-  250.888      
#   3    2   simpl      FracSctr            4.98981E-03  +/-  451.725      
#   4    2   simpl      UpScOnly            1.00000      frozen
#   5    3   diskbb     Tin        keV      0.720017     +/-  11.7391      
#   6    3   diskbb     norm                0.463633     +/-  165.159      
#   7    4   relxill    Index1              3.00000      frozen
#   8    4   relxill    Index2              3.00000      frozen
#   9    4   relxill    Rbr                 15.0000      frozen
#  10    4   relxill    a                   0.998000     +/-  772.645      
#  11    4   relxill    Incl       deg      3.59033      +/-  1.40057E+05  
#  12    4   relxill    Rin                 -1.00000     frozen
#  13    4   relxill    Rout                400.000      frozen
#  14    4   relxill    z                   0.0          frozen
#  15    4   relxill    gamma               1.39365      = p2
#  16    4   relxill    logxi               4.70000      +/-  1923.72      
#  17    4   relxill    Afe                 1.33887      +/-  6411.55      
#  18    4   relxill    Ecut       keV      300.000      frozen
#  19    4   relxill    refl_frac           -1.00000     frozen
#  20    4   relxill    norm                5.76432E-05  +/-  3.56445E-02  
#________________________________________________________________________
#
#
!XSPEC12> log none
#