#XSPEC version: 12.11.0
#Build Date/Time: Thu Jul  2 16:22:45 2020
#
!XSPEC12> chatter 10
#
!XSPEC12> show data
#
#1 file 1 spectrum 
#Spectrum 1  Spectral Data File: /home/thaddaeus/FMU/Steiner/thaddaeus/1130360223/jspipe/js_ni1130360223_0mpu7_silver_GTI0.jsgrp
#Net count rate (cts/s) for Spectrum:1  2.338e+00 +/- 6.666e-02 (89.1 % total)
# Assigned to Data Group 1 and Plot Group 1
#  Noticed Channels:  24-171
#  Telescope: NICER Instrument: XTI  Channel Type: PI
#  Exposure Time: 594.8 sec
# Using fit statistic: pgstat
# Using Background File                /home/thaddaeus/FMU/Steiner/thaddaeus/1130360223/jspipe/js_ni1130360223_0mpu7_silver_GTI0.bg
#  Background Exposure Time: 594.8 sec
# Using Response (RMF) File            /home/thaddaeus/FMU/Steiner/thaddaeus/nicer_d49_55575341.rmf for Source 1
# Using Auxiliary Response (ARF) File  /home/thaddaeus/FMU/Steiner/thaddaeus/nicer_d49_55575341.arf
#
#
!XSPEC12> show fit
#
#Fit statistic  : PG-Statistic                 174.26     using 148 bins.
#
#Test statistic : Chi-Squared                  217.60     using 148 bins.
# Null hypothesis probability of 1.80e-05 with 138 degrees of freedom
#
!XSPEC12> show param
#
#Parameters defined:
#========================================================================
#Model TBabs<1>(simpl<2>(diskbb<3> + relxill<4>)) Source No.: 1   Active/On
#Model Model Component  Parameter  Unit     Value
# par  comp
#   1    1   TBabs      nH         10^22    2.37614      +/-  0.755310     
#   2    2   simpl      Gamma               1.39365      +/-  8.70652      
#   3    2   simpl      FracSctr            0.384642     +/-  2.90346      
#   4    2   simpl      UpScOnly            1.00000      frozen
#   5    3   diskbb     Tin        keV      1.30814      +/-  2.57852      
#   6    3   diskbb     norm                0.348736     +/-  1.77584      
#   7    4   relxill    Index1              3.00000      frozen
#   8    4   relxill    Index2              3.00000      frozen
#   9    4   relxill    Rbr                 15.0000      frozen
#  10    4   relxill    a                   0.998000     +/-  0.913568     
#  11    4   relxill    Incl       deg      62.7080      +/-  12.0395      
#  12    4   relxill    Rin                 -1.00000     frozen
#  13    4   relxill    Rout                400.000      frozen
#  14    4   relxill    z                   0.0          frozen
#  15    4   relxill    gamma               1.39365      = p2
#  16    4   relxill    logxi               1.57614      +/-  64.1980      
#  17    4   relxill    Afe                 10.00000     +/-  598.661      
#  18    4   relxill    Ecut       keV      300.000      frozen
#  19    4   relxill    refl_frac           -1.00000     frozen
#  20    4   relxill    norm                1.92650E-04  +/-  9.59397E-03  
#________________________________________________________________________
#
#
!XSPEC12> log none
#