#XSPEC version: 12.11.0
#Build Date/Time: Thu Jul  2 16:22:45 2020
#
!XSPEC12> chatter 10
#
!XSPEC12> show data
#
#1 file 1 spectrum 
#Spectrum 1  Spectral Data File: /home/thaddaeus/FMU/Steiner/thaddaeus/1130360210/jspipe/js_ni1130360210_0mpu7_silver_GTI0.jsgrp
#Net count rate (cts/s) for Spectrum:1  2.146e+01 +/- 4.182e-01 (95.2 % total)
# Assigned to Data Group 1 and Plot Group 1
#  Noticed Channels:  29-193
#  Telescope: NICER Instrument: XTI  Channel Type: PI
#  Exposure Time: 128.9 sec
# Using fit statistic: pgstat
# Using Background File                /home/thaddaeus/FMU/Steiner/thaddaeus/1130360210/jspipe/js_ni1130360210_0mpu7_silver_GTI0.bg
#  Background Exposure Time: 128.9 sec
# Using Response (RMF) File            /home/thaddaeus/FMU/Steiner/thaddaeus/nicer_d49_55575341.rmf for Source 1
# Using Auxiliary Response (ARF) File  /home/thaddaeus/FMU/Steiner/thaddaeus/nicer_d49_55575341.arf
#
#
!XSPEC12> show fit
#
#Fit statistic  : PG-Statistic                 166.92     using 165 bins.
#
#Test statistic : Chi-Squared                  172.23     using 165 bins.
# Null hypothesis probability of 1.63e-01 with 155 degrees of freedom
#
!XSPEC12> show param
#
#Parameters defined:
#========================================================================
#Model TBabs<1>(simpl<2>(diskbb<3> + relxill<4>)) Source No.: 1   Active/On
#Model Model Component  Parameter  Unit     Value
# par  comp
#   1    1   TBabs      nH         10^22    1.94838      +/-  4.36101      
#   2    2   simpl      Gamma               1.69956      +/-  504.768      
#   3    2   simpl      FracSctr            0.990010     +/-  1801.50      
#   4    2   simpl      UpScOnly            1.00000      frozen
#   5    3   diskbb     Tin        keV      0.528216     +/-  1289.27      
#   6    3   diskbb     norm                56.6624      +/-  3.94300E+05  
#   7    4   relxill    Index1              3.00000      frozen
#   8    4   relxill    Index2              3.00000      frozen
#   9    4   relxill    Rbr                 15.0000      frozen
#  10    4   relxill    a                   -0.561138    +/-  5.67409E+07  
#  11    4   relxill    Incl       deg      10.8846      +/-  7.22573E+08  
#  12    4   relxill    Rin                 -1.00000     frozen
#  13    4   relxill    Rout                400.000      frozen
#  14    4   relxill    z                   0.0          frozen
#  15    4   relxill    gamma               1.69956      = p2
#  16    4   relxill    logxi               1.21944      +/-  3.63562E+07  
#  17    4   relxill    Afe                 8.63279      +/-  1.39234E+08  
#  18    4   relxill    Ecut       keV      300.000      frozen
#  19    4   relxill    refl_frac           -1.00000     frozen
#  20    4   relxill    norm                3.23665E-08  +/-  0.308546     
#________________________________________________________________________
#
#
!XSPEC12> log none
#