#XSPEC version: 12.11.0
#Build Date/Time: Thu Jul  2 16:22:45 2020
#
!XSPEC12> chatter 10
#
!XSPEC12> show data
#
#1 file 1 spectrum 
#Spectrum 1  Spectral Data File: /home/thaddaeus/FMU/Steiner/thaddaeus/1130360209/jspipe/js_ni1130360209_0mpu7_silver_GTI0.jsgrp
#Net count rate (cts/s) for Spectrum:1  2.877e+01 +/- 3.055e-01 (97.4 % total)
# Assigned to Data Group 1 and Plot Group 1
#  Noticed Channels:  36-225
#  Telescope: NICER Instrument: XTI  Channel Type: PI
#  Exposure Time: 316.8 sec
# Using fit statistic: pgstat
# Using Background File                /home/thaddaeus/FMU/Steiner/thaddaeus/1130360209/jspipe/js_ni1130360209_0mpu7_silver_GTI0.bg
#  Background Exposure Time: 316.8 sec
# Using Response (RMF) File            /home/thaddaeus/FMU/Steiner/thaddaeus/nicer_d49_55575341.rmf for Source 1
# Using Auxiliary Response (ARF) File  /home/thaddaeus/FMU/Steiner/thaddaeus/nicer_d49_55575341.arf
#
#
!XSPEC12> show fit
#
#Fit statistic  : PG-Statistic                 209.51     using 190 bins.
#
#Test statistic : Chi-Squared                  240.41     using 190 bins.
# Null hypothesis probability of 1.76e-03 with 180 degrees of freedom
#
!XSPEC12> show param
#
#Parameters defined:
#========================================================================
#Model TBabs<1>(simpl<2>(diskbb<3> + relxill<4>)) Source No.: 1   Active/On
#Model Model Component  Parameter  Unit     Value
# par  comp
#   1    1   TBabs      nH         10^22    2.84461      +/-  0.488616     
#   2    2   simpl      Gamma               2.82181      +/-  1.18172      
#   3    2   simpl      FracSctr            0.307036     +/-  0.608275     
#   4    2   simpl      UpScOnly            1.00000      frozen
#   5    3   diskbb     Tin        keV      0.267482     +/-  1.66600      
#   6    3   diskbb     norm                225.819      +/-  8996.35      
#   7    4   relxill    Index1              3.00000      frozen
#   8    4   relxill    Index2              3.00000      frozen
#   9    4   relxill    Rbr                 15.0000      frozen
#  10    4   relxill    a                   0.998000     +/-  3.40379      
#  11    4   relxill    Incl       deg      3.63533      +/-  28.5293      
#  12    4   relxill    Rin                 -1.00000     frozen
#  13    4   relxill    Rout                400.000      frozen
#  14    4   relxill    z                   0.0          frozen
#  15    4   relxill    gamma               2.82181      = p2
#  16    4   relxill    logxi               0.321100     +/-  0.925795     
#  17    4   relxill    Afe                 1.73700      +/-  4.87644      
#  18    4   relxill    Ecut       keV      300.000      frozen
#  19    4   relxill    refl_frac           -1.00000     frozen
#  20    4   relxill    norm                1.90540E-02  +/-  8.22363E-02  
#________________________________________________________________________
#
#
!XSPEC12> log none
#