#XSPEC version: 12.11.0
#Build Date/Time: Thu Jul  2 16:22:45 2020
#
!XSPEC12> chatter 10
#
!XSPEC12> show data
#
#1 file 1 spectrum 
#Spectrum 1  Spectral Data File: /home/thaddaeus/FMU/Steiner/thaddaeus/1130360211/jspipe/js_ni1130360211_0mpu7_silver_GTI0.jsgrp
#Net count rate (cts/s) for Spectrum:1  1.675e+01 +/- 3.175e-01 (94.0 % total)
# Assigned to Data Group 1 and Plot Group 1
#  Noticed Channels:  32-201
#  Telescope: NICER Instrument: XTI  Channel Type: PI
#  Exposure Time: 176.9 sec
# Using fit statistic: pgstat
# Using Background File                /home/thaddaeus/FMU/Steiner/thaddaeus/1130360211/jspipe/js_ni1130360211_0mpu7_silver_GTI0.bg
#  Background Exposure Time: 176.9 sec
# Using Response (RMF) File            /home/thaddaeus/FMU/Steiner/thaddaeus/nicer_d49_55575341.rmf for Source 1
# Using Auxiliary Response (ARF) File  /home/thaddaeus/FMU/Steiner/thaddaeus/nicer_d49_55575341.arf
#
#
!XSPEC12> show fit
#
#Fit statistic  : PG-Statistic                 186.62     using 170 bins.
#
#Test statistic : Chi-Squared                  234.01     using 170 bins.
# Null hypothesis probability of 1.23e-04 with 160 degrees of freedom
#
!XSPEC12> show param
#
#Parameters defined:
#========================================================================
#Model TBabs<1>(simpl<2>(diskbb<3> + relxill<4>)) Source No.: 1   Active/On
#Model Model Component  Parameter  Unit     Value
# par  comp
#   1    1   TBabs      nH         10^22    1.90520      +/-  2.31742      
#   2    2   simpl      Gamma               1.39979      +/-  3.16775      
#   3    2   simpl      FracSctr            0.990052     +/-  2.35716      
#   4    2   simpl      UpScOnly            1.00000      frozen
#   5    3   diskbb     Tin        keV      0.781948     +/-  21.3833      
#   6    3   diskbb     norm                3.10451      +/-  331.464      
#   7    4   relxill    Index1              3.00000      frozen
#   8    4   relxill    Index2              3.00000      frozen
#   9    4   relxill    Rbr                 15.0000      frozen
#  10    4   relxill    a                   0.982540     +/-  10.6599      
#  11    4   relxill    Incl       deg      87.0000      +/-  1521.11      
#  12    4   relxill    Rin                 -1.00000     frozen
#  13    4   relxill    Rout                400.000      frozen
#  14    4   relxill    z                   0.0          frozen
#  15    4   relxill    gamma               1.39979      = p2
#  16    4   relxill    logxi               1.69905      +/-  12.6884      
#  17    4   relxill    Afe                 0.500000     +/-  160.438      
#  18    4   relxill    Ecut       keV      300.000      frozen
#  19    4   relxill    refl_frac           -1.00000     frozen
#  20    4   relxill    norm                2.85619E-03  +/-  3.44584E-02  
#________________________________________________________________________
#
#
!XSPEC12> log none
#