#XSPEC version: 12.11.0
#Build Date/Time: Thu Jul  2 16:22:45 2020
#
!XSPEC12> chatter 10
#
!XSPEC12> show data
#
#1 file 1 spectrum 
#Spectrum 1  Spectral Data File: /home/thaddaeus/FMU/Steiner/thaddaeus/1130360214/jspipe/js_ni1130360214_0mpu7_silver_GTI0.jsgrp
#Net count rate (cts/s) for Spectrum:1  3.918e+00 +/- 1.807e-01 (79.8 % total)
# Assigned to Data Group 1 and Plot Group 1
#  Noticed Channels:  30-139
#  Telescope: NICER Instrument: XTI  Channel Type: PI
#  Exposure Time: 150.9 sec
# Using fit statistic: pgstat
# Using Background File                /home/thaddaeus/FMU/Steiner/thaddaeus/1130360214/jspipe/js_ni1130360214_0mpu7_silver_GTI0.bg
#  Background Exposure Time: 150.9 sec
# Using Response (RMF) File            /home/thaddaeus/FMU/Steiner/thaddaeus/nicer_d49_55575341.rmf for Source 1
# Using Auxiliary Response (ARF) File  /home/thaddaeus/FMU/Steiner/thaddaeus/nicer_d49_55575341.arf
#
#
!XSPEC12> show fit
#
#Fit statistic  : PG-Statistic                 111.91     using 110 bins.
#
#Test statistic : Chi-Squared                  114.36     using 110 bins.
# Null hypothesis probability of 1.55e-01 with 100 degrees of freedom
#
!XSPEC12> show param
#
#Parameters defined:
#========================================================================
#Model TBabs<1>(simpl<2>(diskbb<3> + relxill<4>)) Source No.: 1   Active/On
#Model Model Component  Parameter  Unit     Value
# par  comp
#   1    1   TBabs      nH         10^22    2.06924      +/-  5.96592      
#   2    2   simpl      Gamma               1.39402      +/-  7.94978      
#   3    2   simpl      FracSctr            0.638312     +/-  16.1938      
#   4    2   simpl      UpScOnly            1.00000      frozen
#   5    3   diskbb     Tin        keV      1.13987      +/-  20.1468      
#   6    3   diskbb     norm                0.633413     +/-  58.8862      
#   7    4   relxill    Index1              3.00000      frozen
#   8    4   relxill    Index2              3.00000      frozen
#   9    4   relxill    Rbr                 15.0000      frozen
#  10    4   relxill    a                   0.984337     +/-  20.5927      
#  11    4   relxill    Incl       deg      79.2651      +/-  844.190      
#  12    4   relxill    Rin                 -1.00000     frozen
#  13    4   relxill    Rout                400.000      frozen
#  14    4   relxill    z                   0.0          frozen
#  15    4   relxill    gamma               1.39402      = p2
#  16    4   relxill    logxi               2.73846      +/-  12.8772      
#  17    4   relxill    Afe                 0.500001     +/-  171.489      
#  18    4   relxill    Ecut       keV      300.000      frozen
#  19    4   relxill    refl_frac           -1.00000     frozen
#  20    4   relxill    norm                2.36744E-05  +/-  2.55895E-03  
#________________________________________________________________________
#
#
!XSPEC12> log none
#