#XSPEC version: 12.11.0
#Build Date/Time: Thu Jul  2 16:22:45 2020
#
!XSPEC12> chatter 10
#
!XSPEC12> show data
#
#1 file 1 spectrum 
#Spectrum 1  Spectral Data File: /home/thaddaeus/FMU/Steiner/thaddaeus/1130360283/jspipe/js_ni1130360283_0mpu7_silver_GTI0.jsgrp
#Net count rate (cts/s) for Spectrum:1  2.135e+00 +/- 6.946e-02 (60.1 % total)
# Assigned to Data Group 1 and Plot Group 1
#  Noticed Channels:  34-218
#  Telescope: NICER Instrument: XTI  Channel Type: PI
#  Exposure Time: 764.4 sec
# Using fit statistic: pgstat
# Using Background File                /home/thaddaeus/FMU/Steiner/thaddaeus/1130360283/jspipe/js_ni1130360283_0mpu7_silver_GTI0.bg
#  Background Exposure Time: 764.4 sec
# Using Response (RMF) File            /home/thaddaeus/FMU/Steiner/thaddaeus/nicer_d49_55575341.rmf for Source 1
# Using Auxiliary Response (ARF) File  /home/thaddaeus/FMU/Steiner/thaddaeus/nicer_d49_55575341.arf
#
#
!XSPEC12> show fit
#
#Fit statistic  : PG-Statistic                 315.51     using 185 bins.
#
#Test statistic : Chi-Squared                  433.51     using 185 bins.
# Null hypothesis probability of 6.18e-24 with 175 degrees of freedom
#
!XSPEC12> show param
#
#Parameters defined:
#========================================================================
#Model TBabs<1>(simpl<2>(diskbb<3> + relxill<4>)) Source No.: 1   Active/On
#Model Model Component  Parameter  Unit     Value
# par  comp
#   1    1   TBabs      nH         10^22    3.52701      +/-  3.91557      
#   2    2   simpl      Gamma               1.60329      +/-  4.40339      
#   3    2   simpl      FracSctr            0.990052     +/-  0.949916     
#   4    2   simpl      UpScOnly            1.00000      frozen
#   5    3   diskbb     Tin        keV      0.776738     +/-  22.6748      
#   6    3   diskbb     norm                0.429161     +/-  51.3573      
#   7    4   relxill    Index1              3.00000      frozen
#   8    4   relxill    Index2              3.00000      frozen
#   9    4   relxill    Rbr                 15.0000      frozen
#  10    4   relxill    a                   -0.997995    +/-  119.668      
#  11    4   relxill    Incl       deg      41.9424      +/-  349.464      
#  12    4   relxill    Rin                 -1.00000     frozen
#  13    4   relxill    Rout                400.000      frozen
#  14    4   relxill    z                   0.0          frozen
#  15    4   relxill    gamma               1.60329      = p2
#  16    4   relxill    logxi               2.02921      +/-  4.49459      
#  17    4   relxill    Afe                 4.11135      +/-  66.8554      
#  18    4   relxill    Ecut       keV      300.000      frozen
#  19    4   relxill    refl_frac           -1.00000     frozen
#  20    4   relxill    norm                3.33092E-04  +/-  1.04657E-03  
#________________________________________________________________________
#
#
!XSPEC12> log none
#