#XSPEC version: 12.11.0
#Build Date/Time: Thu Jul  2 16:22:45 2020
#
!XSPEC12> chatter 10
#
!XSPEC12> show data
#
#1 file 1 spectrum 
#Spectrum 1  Spectral Data File: /home/thaddaeus/FMU/Steiner/thaddaeus/1130360189/jspipe/js_ni1130360189_0mpu7_silver_GTI0.jsgrp
#Net count rate (cts/s) for Spectrum:1  1.903e+01 +/- 4.045e-01 (82.8 % total)
# Assigned to Data Group 1 and Plot Group 1
#  Noticed Channels:  31-220
#  Telescope: NICER Instrument: XTI  Channel Type: PI
#  Exposure Time: 140.9 sec
# Using fit statistic: pgstat
# Using Background File                /home/thaddaeus/FMU/Steiner/thaddaeus/1130360189/jspipe/js_ni1130360189_0mpu7_silver_GTI0.bg
#  Background Exposure Time: 140.9 sec
# Using Response (RMF) File            /home/thaddaeus/FMU/Steiner/thaddaeus/nicer_d49_55575341.rmf for Source 1
# Using Auxiliary Response (ARF) File  /home/thaddaeus/FMU/Steiner/thaddaeus/nicer_d49_55575341.arf
#
#
!XSPEC12> show fit
#
#Fit statistic  : PG-Statistic                 373.30     using 190 bins.
#
#Test statistic : Chi-Squared                  545.32     using 190 bins.
# Null hypothesis probability of 2.04e-38 with 180 degrees of freedom
#
!XSPEC12> show param
#
#Parameters defined:
#========================================================================
#Model TBabs<1>(simpl<2>(diskbb<3> + relxill<4>)) Source No.: 1   Active/On
#Model Model Component  Parameter  Unit     Value
# par  comp
#   1    1   TBabs      nH         10^22    1.79374      +/-  1.11112      
#   2    2   simpl      Gamma               1.39365      +/-  0.887837     
#   3    2   simpl      FracSctr            0.990052     +/-  0.241109     
#   4    2   simpl      UpScOnly            1.00000      frozen
#   5    3   diskbb     Tin        keV      1.54123      +/-  1.54668E+11  
#   6    3   diskbb     norm                3.38767E-07  +/-  3.50720E+04  
#   7    4   relxill    Index1              3.00000      frozen
#   8    4   relxill    Index2              3.00000      frozen
#   9    4   relxill    Rbr                 15.0000      frozen
#  10    4   relxill    a                   0.998000     +/-  5.26724      
#  11    4   relxill    Incl       deg      25.7840      +/-  159.241      
#  12    4   relxill    Rin                 -1.00000     frozen
#  13    4   relxill    Rout                400.000      frozen
#  14    4   relxill    z                   0.0          frozen
#  15    4   relxill    gamma               1.39365      = p2
#  16    4   relxill    logxi               2.29748      +/-  0.655578     
#  17    4   relxill    Afe                 10.00000     +/-  159.843      
#  18    4   relxill    Ecut       keV      300.000      frozen
#  19    4   relxill    refl_frac           -1.00000     frozen
#  20    4   relxill    norm                1.85324E-02  +/-  5.91157E-02  
#________________________________________________________________________
#
#
!XSPEC12> log none
#