#XSPEC version: 12.11.0
#Build Date/Time: Thu Jul  2 16:22:45 2020
#
!XSPEC12> chatter 10
#
!XSPEC12> show data
#
#1 file 1 spectrum 
#Spectrum 1  Spectral Data File: /home/thaddaeus/FMU/Steiner/thaddaeus/1130360222/jspipe/js_ni1130360222_0mpu7_silver_GTI0.jsgrp
#Net count rate (cts/s) for Spectrum:1  2.434e+00 +/- 5.977e-02 (80.7 % total)
# Assigned to Data Group 1 and Plot Group 1
#  Noticed Channels:  35-217
#  Telescope: NICER Instrument: XTI  Channel Type: PI
#  Exposure Time: 859.7 sec
# Using fit statistic: pgstat
# Using Background File                /home/thaddaeus/FMU/Steiner/thaddaeus/1130360222/jspipe/js_ni1130360222_0mpu7_silver_GTI0.bg
#  Background Exposure Time: 859.7 sec
# Using Response (RMF) File            /home/thaddaeus/FMU/Steiner/thaddaeus/nicer_d49_55575341.rmf for Source 1
# Using Auxiliary Response (ARF) File  /home/thaddaeus/FMU/Steiner/thaddaeus/nicer_d49_55575341.arf
#
#
!XSPEC12> show fit
#
#Fit statistic  : PG-Statistic                 207.93     using 183 bins.
#
#Test statistic : Chi-Squared                  236.81     using 183 bins.
# Null hypothesis probability of 9.16e-04 with 173 degrees of freedom
#
!XSPEC12> show param
#
#Parameters defined:
#========================================================================
#Model TBabs<1>(simpl<2>(diskbb<3> + relxill<4>)) Source No.: 1   Active/On
#Model Model Component  Parameter  Unit     Value
# par  comp
#   1    1   TBabs      nH         10^22    2.57934      +/-  1.51686      
#   2    2   simpl      Gamma               1.39826      +/-  7.53036      
#   3    2   simpl      FracSctr            0.990052     +/-  1.55942      
#   4    2   simpl      UpScOnly            1.00000      frozen
#   5    3   diskbb     Tin        keV      2.35512      +/-  3.26771E+04  
#   6    3   diskbb     norm                5.60050E-05  +/-  1.83818      
#   7    4   relxill    Index1              3.00000      frozen
#   8    4   relxill    Index2              3.00000      frozen
#   9    4   relxill    Rbr                 15.0000      frozen
#  10    4   relxill    a                   0.982370     +/-  2.87623      
#  11    4   relxill    Incl       deg      87.0000      +/-  455.025      
#  12    4   relxill    Rin                 -1.00000     frozen
#  13    4   relxill    Rout                400.000      frozen
#  14    4   relxill    z                   0.0          frozen
#  15    4   relxill    gamma               1.39826      = p2
#  16    4   relxill    logxi               1.39463      +/-  24.9266      
#  17    4   relxill    Afe                 2.03135      +/-  201.376      
#  18    4   relxill    Ecut       keV      300.000      frozen
#  19    4   relxill    refl_frac           -1.00000     frozen
#  20    4   relxill    norm                9.20689E-04  +/-  3.69827E-02  
#________________________________________________________________________
#
#
!XSPEC12> log none
#