#XSPEC version: 12.11.0
#Build Date/Time: Thu Jul  2 16:22:45 2020
#
!XSPEC12> chatter 10
#
!XSPEC12> show data
#
#1 file 1 spectrum 
#Spectrum 1  Spectral Data File: /home/thaddaeus/FMU/Steiner/thaddaeus/1130360246/jspipe/js_ni1130360246_0mpu7_silver_GTI0.jsgrp
#Net count rate (cts/s) for Spectrum:1  2.328e+00 +/- 7.676e-02 (82.3 % total)
# Assigned to Data Group 1 and Plot Group 1
#  Noticed Channels:  35-180
#  Telescope: NICER Instrument: XTI  Channel Type: PI
#  Exposure Time: 484.8 sec
# Using fit statistic: pgstat
# Using Background File                /home/thaddaeus/FMU/Steiner/thaddaeus/1130360246/jspipe/js_ni1130360246_0mpu7_silver_GTI0.bg
#  Background Exposure Time: 484.8 sec
# Using Response (RMF) File            /home/thaddaeus/FMU/Steiner/thaddaeus/nicer_d49_55575341.rmf for Source 1
# Using Auxiliary Response (ARF) File  /home/thaddaeus/FMU/Steiner/thaddaeus/nicer_d49_55575341.arf
#
#
!XSPEC12> show fit
#
#Fit statistic  : PG-Statistic                 136.43     using 146 bins.
#
#Test statistic : Chi-Squared                  151.96     using 146 bins.
# Null hypothesis probability of 1.65e-01 with 136 degrees of freedom
#
!XSPEC12> show param
#
#Parameters defined:
#========================================================================
#Model TBabs<1>(simpl<2>(diskbb<3> + relxill<4>)) Source No.: 1   Active/On
#Model Model Component  Parameter  Unit     Value
# par  comp
#   1    1   TBabs      nH         10^22    2.08888      +/-  0.578855     
#   2    2   simpl      Gamma               1.39399      +/-  6102.18      
#   3    2   simpl      FracSctr            4.99114E-03  +/-  19.2811      
#   4    2   simpl      UpScOnly            1.00000      frozen
#   5    3   diskbb     Tin        keV      2.69349      +/-  9.89810      
#   6    3   diskbb     norm                2.92446E-02  +/-  0.842514     
#   7    4   relxill    Index1              3.00000      frozen
#   8    4   relxill    Index2              3.00000      frozen
#   9    4   relxill    Rbr                 15.0000      frozen
#  10    4   relxill    a                   -0.130649    +/-  5.74515E+08  
#  11    4   relxill    Incl       deg      86.2796      +/-  2.84706E+10  
#  12    4   relxill    Rin                 -1.00000     frozen
#  13    4   relxill    Rout                400.000      frozen
#  14    4   relxill    z                   0.0          frozen
#  15    4   relxill    gamma               1.39399      = p2
#  16    4   relxill    logxi               4.00944E-07  +/-  -1.00000     
#  17    4   relxill    Afe                 0.617245     +/-  2.50454E+10  
#  18    4   relxill    Ecut       keV      300.000      frozen
#  19    4   relxill    refl_frac           -1.00000     frozen
#  20    4   relxill    norm                5.78537E-14  +/-  2.95495E-03  
#________________________________________________________________________
#
#
!XSPEC12> log none
#