#XSPEC version: 12.11.0
#Build Date/Time: Thu Jul  2 16:22:45 2020
#
!XSPEC12> chatter 10
#
!XSPEC12> show data
#
#1 file 1 spectrum 
#Spectrum 1  Spectral Data File: /home/thaddaeus/FMU/Steiner/thaddaeus/1130360233/jspipe/js_ni1130360233_0mpu7_silver_GTI0.jsgrp
#Net count rate (cts/s) for Spectrum:1  1.088e+01 +/- 2.571e-01 (95.8 % total)
# Assigned to Data Group 1 and Plot Group 1
#  Noticed Channels:  23-173
#  Telescope: NICER Instrument: XTI  Channel Type: PI
#  Exposure Time: 171.9 sec
# Using fit statistic: pgstat
# Using Background File                /home/thaddaeus/FMU/Steiner/thaddaeus/1130360233/jspipe/js_ni1130360233_0mpu7_silver_GTI0.bg
#  Background Exposure Time: 171.9 sec
# Using Response (RMF) File            /home/thaddaeus/FMU/Steiner/thaddaeus/nicer_d49_55575341.rmf for Source 1
# Using Auxiliary Response (ARF) File  /home/thaddaeus/FMU/Steiner/thaddaeus/nicer_d49_55575341.arf
#
#
!XSPEC12> show fit
#
#Fit statistic  : PG-Statistic                 161.10     using 151 bins.
#
#Test statistic : Chi-Squared                  178.29     using 151 bins.
# Null hypothesis probability of 1.83e-02 with 141 degrees of freedom
#
!XSPEC12> show param
#
#Parameters defined:
#========================================================================
#Model TBabs<1>(simpl<2>(diskbb<3> + relxill<4>)) Source No.: 1   Active/On
#Model Model Component  Parameter  Unit     Value
# par  comp
#   1    1   TBabs      nH         10^22    2.46665      +/-  0.322131     
#   2    2   simpl      Gamma               1.58504      +/-  1.28922      
#   3    2   simpl      FracSctr            0.777602     +/-  1.30066      
#   4    2   simpl      UpScOnly            1.00000      frozen
#   5    3   diskbb     Tin        keV      0.888791     +/-  1.63569      
#   6    3   diskbb     norm                6.18253      +/-  33.7973      
#   7    4   relxill    Index1              3.00000      frozen
#   8    4   relxill    Index2              3.00000      frozen
#   9    4   relxill    Rbr                 15.0000      frozen
#  10    4   relxill    a                   0.998000     +/-  3.30442E+14  
#  11    4   relxill    Incl       deg      86.1604      +/-  1.35274E+17  
#  12    4   relxill    Rin                 -1.00000     frozen
#  13    4   relxill    Rout                400.000      frozen
#  14    4   relxill    z                   0.0          frozen
#  15    4   relxill    gamma               1.58504      = p2
#  16    4   relxill    logxi               1.63986      +/-  2.25277E+14  
#  17    4   relxill    Afe                 2.90108      +/-  3.50718E+14  
#  18    4   relxill    Ecut       keV      300.000      frozen
#  19    4   relxill    refl_frac           -1.00000     frozen
#  20    4   relxill    norm                2.89363E-19  +/-  3.27848E-05  
#________________________________________________________________________
#
#
!XSPEC12> log none
#