#XSPEC version: 12.11.0
#Build Date/Time: Thu Jul  2 16:22:45 2020
#
!XSPEC12> chatter 10
#
!XSPEC12> show data
#
#1 file 1 spectrum 
#Spectrum 1  Spectral Data File: /home/thaddaeus/FMU/Steiner/thaddaeus/1130360207/jspipe/js_ni1130360207_0mpu7_silver_GTI0.jsgrp
#Net count rate (cts/s) for Spectrum:1  5.711e+01 +/- 5.132e-01 (99.1 % total)
# Assigned to Data Group 1 and Plot Group 1
#  Noticed Channels:  34-222
#  Telescope: NICER Instrument: XTI  Channel Type: PI
#  Exposure Time: 218.9 sec
# Using fit statistic: pgstat
# Using Background File                /home/thaddaeus/FMU/Steiner/thaddaeus/1130360207/jspipe/js_ni1130360207_0mpu7_silver_GTI0.bg
#  Background Exposure Time: 218.9 sec
# Using Response (RMF) File            /home/thaddaeus/FMU/Steiner/thaddaeus/nicer_d49_55575341.rmf for Source 1
# Using Auxiliary Response (ARF) File  /home/thaddaeus/FMU/Steiner/thaddaeus/nicer_d49_55575341.arf
#
#
!XSPEC12> show fit
#
#Fit statistic  : PG-Statistic                 626.11     using 189 bins.
#
#Test statistic : Chi-Squared                  878.34     using 189 bins.
# Null hypothesis probability of 9.97e-93 with 179 degrees of freedom
#
!XSPEC12> show param
#
#Parameters defined:
#========================================================================
#Model TBabs<1>(simpl<2>(diskbb<3> + relxill<4>)) Source No.: 1   Active/On
#Model Model Component  Parameter  Unit     Value
# par  comp
#   1    1   TBabs      nH         10^22    2.67974      +/-  0.325785     
#   2    2   simpl      Gamma               2.87114      +/-  0.187171     
#   3    2   simpl      FracSctr            0.151523     +/-  6.64020E-02  
#   4    2   simpl      UpScOnly            1.00000      frozen
#   5    3   diskbb     Tin        keV      0.460435     +/-  6.85358E+06  
#   6    3   diskbb     norm                2.14792E-04  +/-  9245.49      
#   7    4   relxill    Index1              3.00000      frozen
#   8    4   relxill    Index2              3.00000      frozen
#   9    4   relxill    Rbr                 15.0000      frozen
#  10    4   relxill    a                   0.998000     +/-  1.76626      
#  11    4   relxill    Incl       deg      3.59033      +/-  14.6659      
#  12    4   relxill    Rin                 -1.00000     frozen
#  13    4   relxill    Rout                400.000      frozen
#  14    4   relxill    z                   0.0          frozen
#  15    4   relxill    gamma               2.87114      = p2
#  16    4   relxill    logxi               1.71452      +/-  5.66943E-02  
#  17    4   relxill    Afe                 4.51505      +/-  0.847358     
#  18    4   relxill    Ecut       keV      300.000      frozen
#  19    4   relxill    refl_frac           -1.00000     frozen
#  20    4   relxill    norm                5.01588E-02  +/-  2.76004E-02  
#________________________________________________________________________
#
#
!XSPEC12> log none
#