#XSPEC version: 12.11.0
#Build Date/Time: Thu Jul  2 16:22:45 2020
#
!XSPEC12> chatter 10
#
!XSPEC12> show data
#
#1 file 1 spectrum 
#Spectrum 1  Spectral Data File: /home/thaddaeus/FMU/Steiner/thaddaeus/1130360205/jspipe/js_ni1130360205_0mpu7_silver_GTI0.jsgrp
#Net count rate (cts/s) for Spectrum:1  1.606e+02 +/- 6.572e-01 (99.6 % total)
# Assigned to Data Group 1 and Plot Group 1
#  Noticed Channels:  38-235
#  Telescope: NICER Instrument: XTI  Channel Type: PI
#  Exposure Time: 373.4 sec
# Using fit statistic: pgstat
# Using Background File                /home/thaddaeus/FMU/Steiner/thaddaeus/1130360205/jspipe/js_ni1130360205_0mpu7_silver_GTI0.bg
#  Background Exposure Time: 373.4 sec
# Using Response (RMF) File            /home/thaddaeus/FMU/Steiner/thaddaeus/nicer_d49_55575341.rmf for Source 1
# Using Auxiliary Response (ARF) File  /home/thaddaeus/FMU/Steiner/thaddaeus/nicer_d49_55575341.arf
#
#
!XSPEC12> show fit
#
#Fit statistic  : PG-Statistic                3505.96     using 198 bins.
#
#Test statistic : Chi-Squared                 4549.77     using 198 bins.
# Null hypothesis probability of 0.00e+00 with 188 degrees of freedom
#
!XSPEC12> show param
#
#Parameters defined:
#========================================================================
#Model TBabs<1>(simpl<2>(diskbb<3> + relxill<4>)) Source No.: 1   Active/On
#Model Model Component  Parameter  Unit     Value
# par  comp
#   1    1   TBabs      nH         10^22    2.27326      +/-  0.639085     
#   2    2   simpl      Gamma               2.87114      +/-  0.955732     
#   3    2   simpl      FracSctr            0.722798     +/-  1.12260      
#   4    2   simpl      UpScOnly            1.00000      frozen
#   5    3   diskbb     Tin        keV      0.337991     +/-  0.266806     
#   6    3   diskbb     norm                4912.27      +/-  1.54572E+04  
#   7    4   relxill    Index1              3.00000      frozen
#   8    4   relxill    Index2              3.00000      frozen
#   9    4   relxill    Rbr                 15.0000      frozen
#  10    4   relxill    a                   0.998000     +/-  121.550      
#  11    4   relxill    Incl       deg      76.3650      +/-  1430.00      
#  12    4   relxill    Rin                 -1.00000     frozen
#  13    4   relxill    Rout                400.000      frozen
#  14    4   relxill    z                   0.0          frozen
#  15    4   relxill    gamma               2.87114      = p2
#  16    4   relxill    logxi               0.298387     +/-  289.147      
#  17    4   relxill    Afe                 0.500079     +/-  516.712      
#  18    4   relxill    Ecut       keV      300.000      frozen
#  19    4   relxill    refl_frac           -1.00000     frozen
#  20    4   relxill    norm                1.48478E-04  +/-  4.12196E-02  
#________________________________________________________________________
#
#
!XSPEC12> log none
#