#XSPEC version: 12.11.0
#Build Date/Time: Thu Jul  2 16:22:45 2020
#
!XSPEC12> chatter 10
#
!XSPEC12> show data
#
#1 file 1 spectrum 
#Spectrum 1  Spectral Data File: /home/thaddaeus/FMU/Steiner/thaddaeus/1130360248/jspipe/js_ni1130360248_0mpu7_silver_GTI0.jsgrp
#Net count rate (cts/s) for Spectrum:1  9.582e+00 +/- 1.282e-01 (87.6 % total)
# Assigned to Data Group 1 and Plot Group 1
#  Noticed Channels:  38-243
#  Telescope: NICER Instrument: XTI  Channel Type: PI
#  Exposure Time: 672.8 sec
# Using fit statistic: pgstat
# Using Background File                /home/thaddaeus/FMU/Steiner/thaddaeus/1130360248/jspipe/js_ni1130360248_0mpu7_silver_GTI0.bg
#  Background Exposure Time: 672.8 sec
# Using Response (RMF) File            /home/thaddaeus/FMU/Steiner/thaddaeus/nicer_d49_55575341.rmf for Source 1
# Using Auxiliary Response (ARF) File  /home/thaddaeus/FMU/Steiner/thaddaeus/nicer_d49_55575341.arf
#
#
!XSPEC12> show fit
#
#Fit statistic  : PG-Statistic                 207.80     using 206 bins.
#
#Test statistic : Chi-Squared                  221.18     using 206 bins.
# Null hypothesis probability of 1.05e-01 with 196 degrees of freedom
#
!XSPEC12> show param
#
#Parameters defined:
#========================================================================
#Model TBabs<1>(simpl<2>(diskbb<3> + relxill<4>)) Source No.: 1   Active/On
#Model Model Component  Parameter  Unit     Value
# par  comp
#   1    1   TBabs      nH         10^22    4.55566      +/-  2.72995      
#   2    2   simpl      Gamma               1.72774      +/-  3.75881      
#   3    2   simpl      FracSctr            6.31031E-03  +/-  1.38320      
#   4    2   simpl      UpScOnly            1.00000      frozen
#   5    3   diskbb     Tin        keV      0.188254     +/-  0.206027     
#   6    3   diskbb     norm                2.74138E+04  +/-  3.05529E+05  
#   7    4   relxill    Index1              3.00000      frozen
#   8    4   relxill    Index2              3.00000      frozen
#   9    4   relxill    Rbr                 15.0000      frozen
#  10    4   relxill    a                   0.985561     +/-  29.0425      
#  11    4   relxill    Incl       deg      33.3675      +/-  391.244      
#  12    4   relxill    Rin                 -1.00000     frozen
#  13    4   relxill    Rout                400.000      frozen
#  14    4   relxill    z                   0.0          frozen
#  15    4   relxill    gamma               1.72774      = p2
#  16    4   relxill    logxi               4.41585      +/-  22.8206      
#  17    4   relxill    Afe                 10.00000     +/-  1828.96      
#  18    4   relxill    Ecut       keV      300.000      frozen
#  19    4   relxill    refl_frac           -1.00000     frozen
#  20    4   relxill    norm                1.35958E-04  +/-  4.39186E-03  
#________________________________________________________________________
#
#
!XSPEC12> log none
#