#XSPEC version: 12.11.0
#Build Date/Time: Thu Jul  2 16:22:45 2020
#
!XSPEC12> chatter 10
#
!XSPEC12> show data
#
#1 file 1 spectrum 
#Spectrum 1  Spectral Data File: /home/thaddaeus/FMU/Steiner/thaddaeus/1130360221/jspipe/js_ni1130360221_0mpu7_silver_GTI0.jsgrp
#Net count rate (cts/s) for Spectrum:1  2.684e+00 +/- 5.930e-02 (83.7 % total)
# Assigned to Data Group 1 and Plot Group 1
#  Noticed Channels:  37-225
#  Telescope: NICER Instrument: XTI  Channel Type: PI
#  Exposure Time: 926.7 sec
# Using fit statistic: pgstat
# Using Background File                /home/thaddaeus/FMU/Steiner/thaddaeus/1130360221/jspipe/js_ni1130360221_0mpu7_silver_GTI0.bg
#  Background Exposure Time: 926.7 sec
# Using Response (RMF) File            /home/thaddaeus/FMU/Steiner/thaddaeus/nicer_d49_55575341.rmf for Source 1
# Using Auxiliary Response (ARF) File  /home/thaddaeus/FMU/Steiner/thaddaeus/nicer_d49_55575341.arf
#
#
!XSPEC12> show fit
#
#Fit statistic  : PG-Statistic                 170.32     using 189 bins.
#
#Test statistic : Chi-Squared                  168.30     using 189 bins.
# Null hypothesis probability of 7.06e-01 with 179 degrees of freedom
#
!XSPEC12> show param
#
#Parameters defined:
#========================================================================
#Model TBabs<1>(simpl<2>(diskbb<3> + relxill<4>)) Source No.: 1   Active/On
#Model Model Component  Parameter  Unit     Value
# par  comp
#   1    1   TBabs      nH         10^22    2.53136      +/-  4.78877      
#   2    2   simpl      Gamma               1.39509      +/-  353.380      
#   3    2   simpl      FracSctr            0.194665     +/-  705.197      
#   4    2   simpl      UpScOnly            1.00000      frozen
#   5    3   diskbb     Tin        keV      1.44225      +/-  146.637      
#   6    3   diskbb     norm                3.16780E-02  +/-  31.1716      
#   7    4   relxill    Index1              3.00000      frozen
#   8    4   relxill    Index2              3.00000      frozen
#   9    4   relxill    Rbr                 15.0000      frozen
#  10    4   relxill    a                   0.998000     +/-  1108.49      
#  11    4   relxill    Incl       deg      85.4582      +/-  2.93895E+04  
#  12    4   relxill    Rin                 -1.00000     frozen
#  13    4   relxill    Rout                400.000      frozen
#  14    4   relxill    z                   0.0          frozen
#  15    4   relxill    gamma               1.39509      = p2
#  16    4   relxill    logxi               4.55050      +/-  1552.54      
#  17    4   relxill    Afe                 3.91525      +/-  3.12132E+04  
#  18    4   relxill    Ecut       keV      300.000      frozen
#  19    4   relxill    refl_frac           -1.00000     frozen
#  20    4   relxill    norm                6.02266E-05  +/-  6.13358E-02  
#________________________________________________________________________
#
#
!XSPEC12> log none
#