#XSPEC version: 12.11.0
#Build Date/Time: Thu Jul  2 16:22:45 2020
#
!XSPEC12> chatter 10
#
!XSPEC12> show data
#
#1 file 1 spectrum 
#Spectrum 1  Spectral Data File: /home/thaddaeus/FMU/Steiner/thaddaeus/1130360232/jspipe/js_ni1130360232_0mpu7_silver_GTI0.jsgrp
#Net count rate (cts/s) for Spectrum:1  5.362e+01 +/- 2.909e-01 (99.2 % total)
# Assigned to Data Group 1 and Plot Group 1
#  Noticed Channels:  38-251
#  Telescope: NICER Instrument: XTI  Channel Type: PI
#  Exposure Time: 639.4 sec
# Using fit statistic: pgstat
# Using Background File                /home/thaddaeus/FMU/Steiner/thaddaeus/1130360232/jspipe/js_ni1130360232_0mpu7_silver_GTI0.bg
#  Background Exposure Time: 639.4 sec
# Using Response (RMF) File            /home/thaddaeus/FMU/Steiner/thaddaeus/nicer_d49_55575341.rmf for Source 1
# Using Auxiliary Response (ARF) File  /home/thaddaeus/FMU/Steiner/thaddaeus/nicer_d49_55575341.arf
#
#
!XSPEC12> show fit
#
#Fit statistic  : PG-Statistic                 231.67     using 214 bins.
#
#Test statistic : Chi-Squared                  224.30     using 214 bins.
# Null hypothesis probability of 1.57e-01 with 204 degrees of freedom
#
!XSPEC12> show param
#
#Parameters defined:
#========================================================================
#Model TBabs<1>(simpl<2>(diskbb<3> + relxill<4>)) Source No.: 1   Active/On
#Model Model Component  Parameter  Unit     Value
# par  comp
#   1    1   TBabs      nH         10^22    2.93653      +/-  0.313399     
#   2    2   simpl      Gamma               2.84758      +/-  0.492108     
#   3    2   simpl      FracSctr            0.265698     +/-  0.196121     
#   4    2   simpl      UpScOnly            1.00000      frozen
#   5    3   diskbb     Tin        keV      0.148410     +/-  4858.24      
#   6    3   diskbb     norm                0.678282     +/-  3.37474E+05  
#   7    4   relxill    Index1              3.00000      frozen
#   8    4   relxill    Index2              3.00000      frozen
#   9    4   relxill    Rbr                 15.0000      frozen
#  10    4   relxill    a                   0.998000     +/-  1.78347      
#  11    4   relxill    Incl       deg      22.5603      +/-  6.38936      
#  12    4   relxill    Rin                 -1.00000     frozen
#  13    4   relxill    Rout                400.000      frozen
#  14    4   relxill    z                   0.0          frozen
#  15    4   relxill    gamma               2.84758      = p2
#  16    4   relxill    logxi               1.29172      +/-  0.412067     
#  17    4   relxill    Afe                 1.75496      +/-  1.97819      
#  18    4   relxill    Ecut       keV      300.000      frozen
#  19    4   relxill    refl_frac           -1.00000     frozen
#  20    4   relxill    norm                2.72592E-02  +/-  4.98007E-02  
#________________________________________________________________________
#
#
!XSPEC12> log none
#