#XSPEC version: 12.11.0
#Build Date/Time: Thu Jul  2 16:22:45 2020
#
!XSPEC12> chatter 10
#
!XSPEC12> show data
#
#1 file 1 spectrum 
#Spectrum 1  Spectral Data File: /home/thaddaeus/FMU/Steiner/thaddaeus/1130360268/jspipe/js_ni1130360268_0mpu7_silver_GTI0.jsgrp
#Net count rate (cts/s) for Spectrum:1  2.029e+00 +/- 3.677e-02 (81.7 % total)
# Assigned to Data Group 1 and Plot Group 1
#  Noticed Channels:  38-241
#  Telescope: NICER Instrument: XTI  Channel Type: PI
#  Exposure Time: 1905 sec
# Using fit statistic: pgstat
# Using Background File                /home/thaddaeus/FMU/Steiner/thaddaeus/1130360268/jspipe/js_ni1130360268_0mpu7_silver_GTI0.bg
#  Background Exposure Time: 1905 sec
# Using Response (RMF) File            /home/thaddaeus/FMU/Steiner/thaddaeus/nicer_d49_55575341.rmf for Source 1
# Using Auxiliary Response (ARF) File  /home/thaddaeus/FMU/Steiner/thaddaeus/nicer_d49_55575341.arf
#
#
!XSPEC12> show fit
#
#Fit statistic  : PG-Statistic                 184.32     using 204 bins.
#
#Test statistic : Chi-Squared                  182.88     using 204 bins.
# Null hypothesis probability of 7.06e-01 with 194 degrees of freedom
#
!XSPEC12> show param
#
#Parameters defined:
#========================================================================
#Model TBabs<1>(simpl<2>(diskbb<3> + relxill<4>)) Source No.: 1   Active/On
#Model Model Component  Parameter  Unit     Value
# par  comp
#   1    1   TBabs      nH         10^22    2.91474      +/-  4.32177      
#   2    2   simpl      Gamma               1.39469      +/-  485.305      
#   3    2   simpl      FracSctr            1.76362E-02  +/-  1630.20      
#   4    2   simpl      UpScOnly            1.00000      frozen
#   5    3   diskbb     Tin        keV      1.17266      +/-  96.2583      
#   6    3   diskbb     norm                3.55771E-02  +/-  62.5222      
#   7    4   relxill    Index1              3.00000      frozen
#   8    4   relxill    Index2              3.00000      frozen
#   9    4   relxill    Rbr                 15.0000      frozen
#  10    4   relxill    a                   0.998000     +/-  1535.58      
#  11    4   relxill    Incl       deg      85.7726      +/-  2.80183E+04  
#  12    4   relxill    Rin                 -1.00000     frozen
#  13    4   relxill    Rout                400.000      frozen
#  14    4   relxill    z                   0.0          frozen
#  15    4   relxill    gamma               1.39469      = p2
#  16    4   relxill    logxi               4.70000      +/-  8968.48      
#  17    4   relxill    Afe                 0.500000     +/-  9.21303E+04  
#  18    4   relxill    Ecut       keV      300.000      frozen
#  19    4   relxill    refl_frac           -1.00000     frozen
#  20    4   relxill    norm                6.25315E-05  +/-  0.280866     
#________________________________________________________________________
#
#
!XSPEC12> log none
#