#XSPEC version: 12.11.0
#Build Date/Time: Thu Jul  2 16:22:45 2020
#
!XSPEC12> chatter 10
#
!XSPEC12> show data
#
#1 file 1 spectrum 
#Spectrum 1  Spectral Data File: /home/thaddaeus/FMU/Steiner/thaddaeus/1130360215/jspipe/js_ni1130360215_0mpu7_silver_GTI0.jsgrp
#Net count rate (cts/s) for Spectrum:1  3.268e+00 +/- 1.150e-01 (78.1 % total)
# Assigned to Data Group 1 and Plot Group 1
#  Noticed Channels:  35-182
#  Telescope: NICER Instrument: XTI  Channel Type: PI
#  Exposure Time: 318.9 sec
# Using fit statistic: pgstat
# Using Background File                /home/thaddaeus/FMU/Steiner/thaddaeus/1130360215/jspipe/js_ni1130360215_0mpu7_silver_GTI0.bg
#  Background Exposure Time: 318.9 sec
# Using Response (RMF) File            /home/thaddaeus/FMU/Steiner/thaddaeus/nicer_d49_55575341.rmf for Source 1
# Using Auxiliary Response (ARF) File  /home/thaddaeus/FMU/Steiner/thaddaeus/nicer_d49_55575341.arf
#
#
!XSPEC12> show fit
#
#Fit statistic  : PG-Statistic                 129.49     using 148 bins.
#
#Test statistic : Chi-Squared                  141.17     using 148 bins.
# Null hypothesis probability of 4.09e-01 with 138 degrees of freedom
#
!XSPEC12> show param
#
#Parameters defined:
#========================================================================
#Model TBabs<1>(simpl<2>(diskbb<3> + relxill<4>)) Source No.: 1   Active/On
#Model Model Component  Parameter  Unit     Value
# par  comp
#   1    1   TBabs      nH         10^22    1.50100      +/-  3.07077      
#   2    2   simpl      Gamma               1.41874      +/-  2.48837      
#   3    2   simpl      FracSctr            0.297445     +/-  11.8991      
#   4    2   simpl      UpScOnly            1.00000      frozen
#   5    3   diskbb     Tin        keV      2.16271      +/-  11.2447      
#   6    3   diskbb     norm                6.76937E-02  +/-  1.53755      
#   7    4   relxill    Index1              3.00000      frozen
#   8    4   relxill    Index2              3.00000      frozen
#   9    4   relxill    Rbr                 15.0000      frozen
#  10    4   relxill    a                   0.903445     +/-  6.31778      
#  11    4   relxill    Incl       deg      53.4937      +/-  78.2676      
#  12    4   relxill    Rin                 -1.00000     frozen
#  13    4   relxill    Rout                400.000      frozen
#  14    4   relxill    z                   0.0          frozen
#  15    4   relxill    gamma               1.41874      = p2
#  16    4   relxill    logxi               2.30859      +/-  2.53837      
#  17    4   relxill    Afe                 0.500000     +/-  37.0724      
#  18    4   relxill    Ecut       keV      300.000      frozen
#  19    4   relxill    refl_frac           -1.00000     frozen
#  20    4   relxill    norm                1.15639E-04  +/-  2.17711E-03  
#________________________________________________________________________
#
#
!XSPEC12> log none
#