#XSPEC version: 12.11.0
#Build Date/Time: Thu Jul  2 16:22:45 2020
#
!XSPEC12> chatter 10
#
!XSPEC12> show data
#
#1 file 1 spectrum 
#Spectrum 1  Spectral Data File: /home/thaddaeus/FMU/Steiner/thaddaeus/1130360235/jspipe/js_ni1130360235_0mpu7_silver_GTI0.jsgrp
#Net count rate (cts/s) for Spectrum:1  6.052e+00 +/- 8.783e-02 (92.5 % total)
# Assigned to Data Group 1 and Plot Group 1
#  Noticed Channels:  38-240
#  Telescope: NICER Instrument: XTI  Channel Type: PI
#  Exposure Time: 853.7 sec
# Using fit statistic: pgstat
# Using Background File                /home/thaddaeus/FMU/Steiner/thaddaeus/1130360235/jspipe/js_ni1130360235_0mpu7_silver_GTI0.bg
#  Background Exposure Time: 853.7 sec
# Using Response (RMF) File            /home/thaddaeus/FMU/Steiner/thaddaeus/nicer_d49_55575341.rmf for Source 1
# Using Auxiliary Response (ARF) File  /home/thaddaeus/FMU/Steiner/thaddaeus/nicer_d49_55575341.arf
#
#
!XSPEC12> show fit
#
#Fit statistic  : PG-Statistic                 224.04     using 203 bins.
#
#Test statistic : Chi-Squared                  235.18     using 203 bins.
# Null hypothesis probability of 2.06e-02 with 193 degrees of freedom
#
!XSPEC12> show param
#
#Parameters defined:
#========================================================================
#Model TBabs<1>(simpl<2>(diskbb<3> + relxill<4>)) Source No.: 1   Active/On
#Model Model Component  Parameter  Unit     Value
# par  comp
#   1    1   TBabs      nH         10^22    2.23504      +/-  1.72222      
#   2    2   simpl      Gamma               1.39459      +/-  1.82731      
#   3    2   simpl      FracSctr            0.990050     +/-  1.01148      
#   4    2   simpl      UpScOnly            1.00000      frozen
#   5    3   diskbb     Tin        keV      0.501231     +/-  2.71734      
#   6    3   diskbb     norm                21.7915      +/-  627.681      
#   7    4   relxill    Index1              3.00000      frozen
#   8    4   relxill    Index2              3.00000      frozen
#   9    4   relxill    Rbr                 15.0000      frozen
#  10    4   relxill    a                   0.952487     +/-  6.31871      
#  11    4   relxill    Incl       deg      78.4622      +/-  266.976      
#  12    4   relxill    Rin                 -1.00000     frozen
#  13    4   relxill    Rout                400.000      frozen
#  14    4   relxill    z                   0.0          frozen
#  15    4   relxill    gamma               1.39459      = p2
#  16    4   relxill    logxi               1.00348      +/-  47.4929      
#  17    4   relxill    Afe                 7.38244      +/-  492.245      
#  18    4   relxill    Ecut       keV      300.000      frozen
#  19    4   relxill    refl_frac           -1.00000     frozen
#  20    4   relxill    norm                5.94715E-04  +/-  1.17258E-02  
#________________________________________________________________________
#
#
!XSPEC12> log none
#