#XSPEC version: 12.11.0
#Build Date/Time: Thu Jul  2 16:22:45 2020
#
!XSPEC12> chatter 10
#
!XSPEC12> show data
#
#1 file 1 spectrum 
#Spectrum 1  Spectral Data File: /home/thaddaeus/FMU/Steiner/thaddaeus/2130360211/jspipe/js_ni2130360211_0mpu7_silver_GTI0.jsgrp
#Net count rate (cts/s) for Spectrum:1  1.566e-01 +/- 2.832e-02 (32.8 % total)
# Assigned to Data Group 1 and Plot Group 1
#  Noticed Channels:  31-87
#  Telescope: NICER Instrument: XTI  Channel Type: PI
#  Exposure Time: 621.8 sec
# Using fit statistic: pgstat
# Using Background File                /home/thaddaeus/FMU/Steiner/thaddaeus/2130360211/jspipe/js_ni2130360211_0mpu7_silver_GTI0.bg
#  Background Exposure Time: 621.8 sec
# Using Response (RMF) File            /home/thaddaeus/FMU/Steiner/thaddaeus/nicer_d49_55575341.rmf for Source 1
# Using Auxiliary Response (ARF) File  /home/thaddaeus/FMU/Steiner/thaddaeus/nicer_d49_55575341.arf
#
#
!XSPEC12> show fit
#
#Fit statistic  : PG-Statistic                  47.32     using 57 bins.
#
#Test statistic : Chi-Squared                   45.66     using 57 bins.
# Null hypothesis probability of 5.28e-01 with 47 degrees of freedom
#
!XSPEC12> show param
#
#Parameters defined:
#========================================================================
#Model TBabs<1>(simpl<2>(diskbb<3> + relxill<4>)) Source No.: 1   Active/On
#Model Model Component  Parameter  Unit     Value
# par  comp
#   1    1   TBabs      nH         10^22    1.50100      +/-  23.1136      
#   2    2   simpl      Gamma               1.43600      +/-  29.0879      
#   3    2   simpl      FracSctr            0.990052     +/-  3.01941      
#   4    2   simpl      UpScOnly            1.00000      frozen
#   5    3   diskbb     Tin        keV      0.321613     +/-  304.313      
#   6    3   diskbb     norm                0.126569     +/-  676.948      
#   7    4   relxill    Index1              3.00000      frozen
#   8    4   relxill    Index2              3.00000      frozen
#   9    4   relxill    Rbr                 15.0000      frozen
#  10    4   relxill    a                   0.995520     +/-  7.00146      
#  11    4   relxill    Incl       deg      85.2881      +/-  498.350      
#  12    4   relxill    Rin                 -1.00000     frozen
#  13    4   relxill    Rout                400.000      frozen
#  14    4   relxill    z                   0.0          frozen
#  15    4   relxill    gamma               1.43600      = p2
#  16    4   relxill    logxi               0.731882     +/-  59.8989      
#  17    4   relxill    Afe                 10.00000     +/-  347.284      
#  18    4   relxill    Ecut       keV      300.000      frozen
#  19    4   relxill    refl_frac           -1.00000     frozen
#  20    4   relxill    norm                1.12503E-04  +/-  8.23696E-03  
#________________________________________________________________________
#
#
!XSPEC12> log none
#