#XSPEC version: 12.11.0
#Build Date/Time: Thu Jul  2 16:22:45 2020
#
!XSPEC12> chatter 10
#
!XSPEC12> show data
#
#1 file 1 spectrum 
#Spectrum 1  Spectral Data File: /home/thaddaeus/FMU/Steiner/thaddaeus/2130360205/jspipe/js_ni2130360205_0mpu7_silver_GTI0.jsgrp
#Net count rate (cts/s) for Spectrum:1  1.252e+00 +/- 6.707e-02 (47.2 % total)
# Assigned to Data Group 1 and Plot Group 1
#  Noticed Channels:  38-225
#  Telescope: NICER Instrument: XTI  Channel Type: PI
#  Exposure Time: 611.8 sec
# Using fit statistic: pgstat
# Using Background File                /home/thaddaeus/FMU/Steiner/thaddaeus/2130360205/jspipe/js_ni2130360205_0mpu7_silver_GTI0.bg
#  Background Exposure Time: 611.8 sec
# Using Response (RMF) File            /home/thaddaeus/FMU/Steiner/thaddaeus/nicer_d49_55575341.rmf for Source 1
# Using Auxiliary Response (ARF) File  /home/thaddaeus/FMU/Steiner/thaddaeus/nicer_d49_55575341.arf
#
#
!XSPEC12> show fit
#
#Fit statistic  : PG-Statistic                 189.78     using 188 bins.
#
#Test statistic : Chi-Squared                  197.29     using 188 bins.
# Null hypothesis probability of 1.53e-01 with 178 degrees of freedom
#
!XSPEC12> show param
#
#Parameters defined:
#========================================================================
#Model TBabs<1>(simpl<2>(diskbb<3> + relxill<4>)) Source No.: 1   Active/On
#Model Model Component  Parameter  Unit     Value
# par  comp
#   1    1   TBabs      nH         10^22    2.89260      +/-  6.23867      
#   2    2   simpl      Gamma               1.93504      +/-  3.45711      
#   3    2   simpl      FracSctr            0.535775     +/-  4.92815      
#   4    2   simpl      UpScOnly            1.00000      frozen
#   5    3   diskbb     Tin        keV      0.178639     +/-  5.51064      
#   6    3   diskbb     norm                168.325      +/-  2.39363E+04  
#   7    4   relxill    Index1              3.00000      frozen
#   8    4   relxill    Index2              3.00000      frozen
#   9    4   relxill    Rbr                 15.0000      frozen
#  10    4   relxill    a                   0.997996     +/-  0.264321     
#  11    4   relxill    Incl       deg      86.3640      +/-  15.1573      
#  12    4   relxill    Rin                 -1.00000     frozen
#  13    4   relxill    Rout                400.000      frozen
#  14    4   relxill    z                   0.0          frozen
#  15    4   relxill    gamma               1.93504      = p2
#  16    4   relxill    logxi               0.302274     +/-  3.38317      
#  17    4   relxill    Afe                 10.0000      +/-  64.0547      
#  18    4   relxill    Ecut       keV      300.000      frozen
#  19    4   relxill    refl_frac           -1.00000     frozen
#  20    4   relxill    norm                1.37473E-04  +/-  5.36027E-04  
#________________________________________________________________________
#
#
!XSPEC12> log none
#