#XSPEC version: 12.11.0
#Build Date/Time: Thu Jul  2 16:22:45 2020
#
!XSPEC12> chatter 10
#
!XSPEC12> show data
#
#1 file 1 spectrum 
#Spectrum 1  Spectral Data File: /home/thaddaeus/FMU/Steiner/thaddaeus/1130360275/jspipe/js_ni1130360275_0mpu7_silver_GTI0.jsgrp
#Net count rate (cts/s) for Spectrum:1  3.584e+00 +/- 6.816e-02 (91.8 % total)
# Assigned to Data Group 1 and Plot Group 1
#  Noticed Channels:  35-210
#  Telescope: NICER Instrument: XTI  Channel Type: PI
#  Exposure Time: 846.3 sec
# Using fit statistic: pgstat
# Using Background File                /home/thaddaeus/FMU/Steiner/thaddaeus/1130360275/jspipe/js_ni1130360275_0mpu7_silver_GTI0.bg
#  Background Exposure Time: 846.3 sec
# Using Response (RMF) File            /home/thaddaeus/FMU/Steiner/thaddaeus/nicer_d49_55575341.rmf for Source 1
# Using Auxiliary Response (ARF) File  /home/thaddaeus/FMU/Steiner/thaddaeus/nicer_d49_55575341.arf
#
#
!XSPEC12> show fit
#
#Fit statistic  : PG-Statistic                 174.27     using 176 bins.
#
#Test statistic : Chi-Squared                  188.15     using 176 bins.
# Null hypothesis probability of 9.52e-02 with 164 degrees of freedom
#
!XSPEC12> show param
#
#Parameters defined:
#========================================================================
#Model TBfeo<1>(simpl<2>(diskbb<3> + relxill<4>)) Source No.: 1   Active/On
#Model Model Component  Parameter  Unit     Value
# par  comp
#   1    1   TBfeo      nH         10^22    3.29610      +/-  6.24720      
#   2    1   TBfeo      O                   0.802585     +/-  7.27462      
#   3    1   TBfeo      Fe                  1.71558      +/-  13.4707      
#   4    1   TBfeo      redshift            0.0          frozen
#   5    2   simpl      Gamma               3.47169      +/-  0.452450     
#   6    2   simpl      FracSctr            7.48212E-02  +/-  0.306563     
#   7    2   simpl      UpScOnly            1.00000      frozen
#   8    3   diskbb     Tin        keV      2.82513      +/-  2.03333      
#   9    3   diskbb     norm                2.65244E-02  +/-  8.47691E-02  
#  10    4   relxill    Index1              3.00000      frozen
#  11    4   relxill    Index2              3.00000      frozen
#  12    4   relxill    Rbr                 15.0000      frozen
#  13    4   relxill    a                   0.998000     +/-  11.7924      
#  14    4   relxill    Incl       deg      5.00000      +/-  109.925      
#  15    4   relxill    Rin                 -1.00000     frozen
#  16    4   relxill    Rout                400.000      frozen
#  17    4   relxill    z                   0.0          frozen
#  18    4   relxill    gamma               3.47169      = p5
#  19    4   relxill    logxi               0.696455     +/-  4.22346      
#  20    4   relxill    Afe                 10.00000     +/-  66.8415      
#  21    4   relxill    Ecut       keV      300.000      frozen
#  22    4   relxill    refl_frac           -1.00000     frozen
#  23    4   relxill    norm                2.38529E-02  +/-  0.109182     
#________________________________________________________________________
#
#
!XSPEC12> log none
#