#XSPEC version: 12.11.0
#Build Date/Time: Thu Jul  2 16:22:45 2020
#
!XSPEC12> chatter 10
#
!XSPEC12> show data
#
#1 file 1 spectrum 
#Spectrum 1  Spectral Data File: /home/thaddaeus/FMU/Steiner/thaddaeus/1130360182/jspipe/js_ni1130360182_0mpu7_silver_GTI0.jsgrp
#Net count rate (cts/s) for Spectrum:1  2.099e+02 +/- 5.447e-01 (98.1 % total)
# Assigned to Data Group 1 and Plot Group 1
#  Noticed Channels:  38-255
#  Telescope: NICER Instrument: XTI  Channel Type: PI
#  Exposure Time: 722.4 sec
# Using fit statistic: pgstat
# Using Background File                /home/thaddaeus/FMU/Steiner/thaddaeus/1130360182/jspipe/js_ni1130360182_0mpu7_silver_GTI0.bg
#  Background Exposure Time: 722.4 sec
# Using Response (RMF) File            /home/thaddaeus/FMU/Steiner/thaddaeus/nicer_d49_55575341.rmf for Source 1
# Using Auxiliary Response (ARF) File  /home/thaddaeus/FMU/Steiner/thaddaeus/nicer_d49_55575341.arf
#
#
!XSPEC12> show fit
#
#Fit statistic  : PG-Statistic               39220.69     using 218 bins.
#
#Test statistic : Chi-Squared                38794.11     using 218 bins.
# Null hypothesis probability of 0.00e+00 with 206 degrees of freedom
#
!XSPEC12> show param
#
#Parameters defined:
#========================================================================
#Model TBfeo<1>(simpl<2>(diskbb<3> + relxill<4>)) Source No.: 1   Active/On
#Model Model Component  Parameter  Unit     Value
# par  comp
#   1    1   TBfeo      nH         10^22    3.99787      +/-  0.567622     
#   2    1   TBfeo      O                   1.80649      +/-  1.40421      
#   3    1   TBfeo      Fe                  3.10014      +/-  3.28502      
#   4    1   TBfeo      redshift            0.0          frozen
#   5    2   simpl      Gamma               3.80164      +/-  0.127695     
#   6    2   simpl      FracSctr            0.371464     +/-  0.188642     
#   7    2   simpl      UpScOnly            1.00000      frozen
#   8    3   diskbb     Tin        keV      0.170747     +/-  7.96514E-02  
#   9    3   diskbb     norm                2.16610E+06  +/-  7.33292E+06  
#  10    4   relxill    Index1              3.00000      frozen
#  11    4   relxill    Index2              3.00000      frozen
#  12    4   relxill    Rbr                 15.0000      frozen
#  13    4   relxill    a                   0.963799     +/-  7.77995E-02  
#  14    4   relxill    Incl       deg      61.8180      +/-  2.83302      
#  15    4   relxill    Rin                 -1.00000     frozen
#  16    4   relxill    Rout                400.000      frozen
#  17    4   relxill    z                   0.0          frozen
#  18    4   relxill    gamma               3.80164      = p5
#  19    4   relxill    logxi               4.39920      +/-  8.58077E-02  
#  20    4   relxill    Afe                 2.08094      +/-  1.67111      
#  21    4   relxill    Ecut       keV      300.000      frozen
#  22    4   relxill    refl_frac           -1.00000     frozen
#  23    4   relxill    norm                3.90642E-02  +/-  2.33595E-02  
#________________________________________________________________________
#
#
!XSPEC12> log none
#