#XSPEC version: 12.11.0
#Build Date/Time: Thu Jul  2 16:22:45 2020
#
!XSPEC12> chatter 10
#
!XSPEC12> show data
#
#1 file 1 spectrum 
#Spectrum 1  Spectral Data File: /home/thaddaeus/FMU/Steiner/thaddaeus/2130360204/jspipe/js_ni2130360204_0mpu7_silver_GTI0.jsgrp
#Net count rate (cts/s) for Spectrum:1  1.431e+00 +/- 6.706e-02 (58.0 % total)
# Assigned to Data Group 1 and Plot Group 1
#  Noticed Channels:  32-187
#  Telescope: NICER Instrument: XTI  Channel Type: PI
#  Exposure Time: 563.8 sec
# Using fit statistic: pgstat
# Using Background File                /home/thaddaeus/FMU/Steiner/thaddaeus/2130360204/jspipe/js_ni2130360204_0mpu7_silver_GTI0.bg
#  Background Exposure Time: 563.8 sec
# Using Response (RMF) File            /home/thaddaeus/FMU/Steiner/thaddaeus/nicer_d49_55575341.rmf for Source 1
# Using Auxiliary Response (ARF) File  /home/thaddaeus/FMU/Steiner/thaddaeus/nicer_d49_55575341.arf
#
#
!XSPEC12> show fit
#
#Fit statistic  : PG-Statistic                 200.18     using 156 bins.
#
#Test statistic : Chi-Squared                  228.71     using 156 bins.
# Null hypothesis probability of 8.90e-06 with 144 degrees of freedom
#
!XSPEC12> show param
#
#Parameters defined:
#========================================================================
#Model TBfeo<1>(simpl<2>(diskbb<3> + relxill<4>)) Source No.: 1   Active/On
#Model Model Component  Parameter  Unit     Value
# par  comp
#   1    1   TBfeo      nH         10^22    4.14595      +/-  14.0833      
#   2    1   TBfeo      O                   0.710414     +/-  16.7884      
#   3    1   TBfeo      Fe                  0.909959     +/-  38.1901      
#   4    1   TBfeo      redshift            0.0          frozen
#   5    2   simpl      Gamma               2.51704      +/-  9.49523      
#   6    2   simpl      FracSctr            0.990052     +/-  13.9685      
#   7    2   simpl      UpScOnly            1.00000      frozen
#   8    3   diskbb     Tin        keV      0.727852     +/-  12.7325      
#   9    3   diskbb     norm                1.81549      +/-  108.865      
#  10    4   relxill    Index1              3.00000      frozen
#  11    4   relxill    Index2              3.00000      frozen
#  12    4   relxill    Rbr                 15.0000      frozen
#  13    4   relxill    a                   0.998000     +/-  1123.92      
#  14    4   relxill    Incl       deg      5.05982      +/-  1.18261E+04  
#  15    4   relxill    Rin                 -1.00000     frozen
#  16    4   relxill    Rout                400.000      frozen
#  17    4   relxill    z                   0.0          frozen
#  18    4   relxill    gamma               2.51704      = p5
#  19    4   relxill    logxi               1.54486E-07  +/-  -1.00000     
#  20    4   relxill    Afe                 6.46156      +/-  2674.74      
#  21    4   relxill    Ecut       keV      300.000      frozen
#  22    4   relxill    refl_frac           -1.00000     frozen
#  23    4   relxill    norm                8.70006E-05  +/-  2.11439E-02  
#________________________________________________________________________
#
#
!XSPEC12> log none
#