#XSPEC version: 12.11.0m
#Build Date/Time: Sat Nov 21 22:38:27 2020
#
!XSPEC12> show data
#
#1 file 1 spectrum 
#Spectrum 1  Spectral Data File: /home/thaddaeus/FMU/Steiner/thaddaeus/1130360273/jspipe/js_ni1130360273_0mpu7_silver_GTI0.jsgrp
#Net count rate (cts/s) for Spectrum:1  -1.983e+00 +/- 2.256e-01 (-60.6 % total)
# Assigned to Data Group 1 and Plot Group 1
#  Noticed Channels:  19-23,33-68
#  Telescope: NICER Instrument: XTI  Channel Type: PI
#  Exposure Time: 65.66 sec
# Using fit statistic: pgstat
# Using Background File                /home/thaddaeus/FMU/Steiner/thaddaeus/1130360273/jspipe/js_ni1130360273_0mpu7_silver_GTI0.bg
#  Background Exposure Time: 65.66 sec
# Using Response (RMF) File            /home/thaddaeus/FMU/Steiner/thaddaeus/nicer_d49_u150_200_55575341.rmf for Source 1
# Using Auxiliary Response (ARF) File  /home/thaddaeus/FMU/Steiner/thaddaeus/nicer_d49_55575341.arf
#
#
!XSPEC12> show param
#
#Parameters defined:
#========================================================================
#Model TBabs<1>(diskbb<2> + nthComp<3>) Source No.: 1   Active/On
#Model Model Component  Parameter  Unit     Value
# par  comp
#   1    1   TBabs      nH         10^22    3.20000      frozen
#   2    2   diskbb     Tin        keV      2.79735E-02  +/-  4635.14      
#   3    2   diskbb     norm                2.16040E+06  +/-  8.88967E+43  
#   4    3   nthComp    Gamma               2.82111      +/-  556.736      
#   5    3   nthComp    kT_e       keV      100.000      frozen
#   6    3   nthComp    kT_bb      keV      2.79735E-02  = p2
#   7    3   nthComp    inp_type   0/1      1.00000      frozen
#   8    3   nthComp    Redshift            0.0          frozen
#   9    3   nthComp    norm                1.63182E-05  +/-  0.117845     
#________________________________________________________________________
#
#
!XSPEC12> show fit
#
#Fit statistic  : PG-Statistic                 157.38     using 41 bins.
#
#Test statistic : Chi-Squared                  333.81     using 41 bins.
# Null hypothesis probability of 1.90e-49 with 37 degrees of freedom
#
!XSPEC12> log none
#