#XSPEC version: 12.11.0m
#Build Date/Time: Sat Nov 21 22:38:27 2020
#
!XSPEC12> show data
#
#1 file 1 spectrum 
#Spectrum 1  Spectral Data File: /home/thaddaeus/FMU/Steiner/thaddaeus/1130360168/jspipe/js_ni1130360168_0mpu7_silver_GTI2.jsgrp
#Net count rate (cts/s) for Spectrum:1  -8.569e-01 +/- 1.334e-01 (-14.0 % total)
# Assigned to Data Group 1 and Plot Group 1
#  Noticed Channels:  22-54,82-252
#  Telescope: NICER Instrument: XTI  Channel Type: PI
#  Exposure Time: 369.8 sec
# Using fit statistic: pgstat
# Using Background File                /home/thaddaeus/FMU/Steiner/thaddaeus/1130360168/jspipe/js_ni1130360168_0mpu7_silver_GTI2.bg
#  Background Exposure Time: 369.8 sec
# Using Response (RMF) File            /home/thaddaeus/FMU/Steiner/thaddaeus/nicer_d49_55575341.rmf for Source 1
# Using Auxiliary Response (ARF) File  /home/thaddaeus/FMU/Steiner/thaddaeus/nicer_d49_55575341.arf
#
#
!XSPEC12> show param
#
#Parameters defined:
#========================================================================
#Model TBabs<1>(diskbb<2> + nthComp<3>) Source No.: 1   Active/On
#Model Model Component  Parameter  Unit     Value
# par  comp
#   1    1   TBabs      nH         10^22    3.20000      frozen
#   2    2   diskbb     Tin        keV      2.13738E-02  +/-  4.60550      
#   3    2   diskbb     norm                6.48834E+09  +/-  5.81406E+19  
#   4    3   nthComp    Gamma               3.70000      +/-  1.80928      
#   5    3   nthComp    kT_e       keV      100.000      frozen
#   6    3   nthComp    kT_bb      keV      2.13738E-02  = p2
#   7    3   nthComp    inp_type   0/1      1.00000      frozen
#   8    3   nthComp    Redshift            0.0          frozen
#   9    3   nthComp    norm                6.38362E-03  +/-  3.44127E-03  
#________________________________________________________________________
#
#
!XSPEC12> show fit
#
#Fit statistic  : PG-Statistic                 315.30     using 204 bins.
#
#Test statistic : Chi-Squared                  402.48     using 204 bins.
# Null hypothesis probability of 9.78e-16 with 200 degrees of freedom
#
!XSPEC12> log none
#