#XSPEC version: 12.11.0m
#Build Date/Time: Sat Nov 21 22:38:27 2020
#
!XSPEC12> show data
#
#1 file 1 spectrum 
#Spectrum 1  Spectral Data File: /home/thaddaeus/FMU/Steiner/thaddaeus/1130360267/jspipe/js_ni1130360267_0mpu7_silver_GTI2.jsgrp
#Net count rate (cts/s) for Spectrum:1  1.272e+00 +/- 9.876e-02 (67.0 % total)
# Assigned to Data Group 1 and Plot Group 1
#  Noticed Channels:  21-36,57-110
#  Telescope: NICER Instrument: XTI  Channel Type: PI
#  Exposure Time: 196.3 sec
# Using fit statistic: pgstat
# Using Background File                /home/thaddaeus/FMU/Steiner/thaddaeus/1130360267/jspipe/js_ni1130360267_0mpu7_silver_GTI2.bg
#  Background Exposure Time: 196.3 sec
# Using Response (RMF) File            /home/thaddaeus/FMU/Steiner/thaddaeus/nicer_d49_u100_150_55575341.rmf for Source 1
# Using Auxiliary Response (ARF) File  /home/thaddaeus/FMU/Steiner/thaddaeus/nicer_d49_55575341.arf
#
#
!XSPEC12> show param
#
#Parameters defined:
#========================================================================
#Model TBabs<1>(diskbb<2> + nthComp<3>) Source No.: 1   Active/On
#Model Model Component  Parameter  Unit     Value
# par  comp
#   1    1   TBabs      nH         10^22    3.20000      frozen
#   2    2   diskbb     Tin        keV      8.31140E-02  +/-  4.35629E-02  
#   3    2   diskbb     norm                1.19131E+07  +/-  8.09112E+07  
#   4    3   nthComp    Gamma               1.27585      +/-  0.211715     
#   5    3   nthComp    kT_e       keV      100.000      frozen
#   6    3   nthComp    kT_bb      keV      8.31140E-02  = p2
#   7    3   nthComp    inp_type   0/1      1.00000      frozen
#   8    3   nthComp    Redshift            0.0          frozen
#   9    3   nthComp    norm                2.56615E-03  +/-  7.82170E-04  
#________________________________________________________________________
#
#
!XSPEC12> show fit
#
#Fit statistic  : PG-Statistic                  47.22     using 70 bins.
#
#Test statistic : Chi-Squared                   45.81     using 70 bins.
# Null hypothesis probability of 9.72e-01 with 66 degrees of freedom
#
!XSPEC12> log none
#