#XSPEC version: 12.11.0m
#Build Date/Time: Sat Nov 21 22:38:27 2020
#
!XSPEC12> show data
#
#1 file 1 spectrum 
#Spectrum 1  Spectral Data File: /home/thaddaeus/FMU/Steiner/thaddaeus/1130360235/jspipe/js_ni1130360235_0mpu7_silver_GTI1.jsgrp
#Net count rate (cts/s) for Spectrum:1  3.894e+00 +/- 7.266e-02 (87.4 % total)
# Assigned to Data Group 1 and Plot Group 1
#  Noticed Channels:  22-53,82-233
#  Telescope: NICER Instrument: XTI  Channel Type: PI
#  Exposure Time: 854.7 sec
# Using fit statistic: pgstat
# Using Background File                /home/thaddaeus/FMU/Steiner/thaddaeus/1130360235/jspipe/js_ni1130360235_0mpu7_silver_GTI1.bg
#  Background Exposure Time: 854.7 sec
# Using Response (RMF) File            /home/thaddaeus/FMU/Steiner/thaddaeus/nicer_d49_55575341.rmf for Source 1
# Using Auxiliary Response (ARF) File  /home/thaddaeus/FMU/Steiner/thaddaeus/nicer_d49_55575341.arf
#
#
!XSPEC12> show param
#
#Parameters defined:
#========================================================================
#Model TBabs<1>(diskbb<2> + nthComp<3>) Source No.: 1   Active/On
#Model Model Component  Parameter  Unit     Value
# par  comp
#   1    1   TBabs      nH         10^22    3.20000      frozen
#   2    2   diskbb     Tin        keV      7.73529E-02  +/-  5.27701      
#   3    2   diskbb     norm                41.6805      +/-  2.79286E+07  
#   4    3   nthComp    Gamma               2.15579      +/-  4.46318E-02  
#   5    3   nthComp    kT_e       keV      100.000      frozen
#   6    3   nthComp    kT_bb      keV      7.73529E-02  = p2
#   7    3   nthComp    inp_type   0/1      1.00000      frozen
#   8    3   nthComp    Redshift            0.0          frozen
#   9    3   nthComp    norm                2.54196E-02  +/-  1.71929E-03  
#________________________________________________________________________
#
#
!XSPEC12> show fit
#
#Fit statistic  : PG-Statistic                 272.77     using 184 bins.
#
#Test statistic : Chi-Squared                  257.79     using 184 bins.
# Null hypothesis probability of 1.27e-04 with 180 degrees of freedom
#
!XSPEC12> log none
#