#XSPEC version: 12.11.0m
#Build Date/Time: Sat Nov 21 22:38:27 2020
#
!XSPEC12> show data
#
#1 file 1 spectrum 
#Spectrum 1  Spectral Data File: /home/thaddaeus/FMU/Steiner/thaddaeus/1130360161/jspipe/js_ni1130360161_0mpu7_silver_GTI0.jsgrp
#Net count rate (cts/s) for Spectrum:1  1.055e+01 +/- 1.114e-01 (91.1 % total)
# Assigned to Data Group 1 and Plot Group 1
#  Noticed Channels:  22-54,83-214
#  Telescope: NICER Instrument: XTI  Channel Type: PI
#  Exposure Time: 943.7 sec
# Using fit statistic: pgstat
# Using Background File                /home/thaddaeus/FMU/Steiner/thaddaeus/1130360161/jspipe/js_ni1130360161_0mpu7_silver_GTI0.bg
#  Background Exposure Time: 943.7 sec
# Using Response (RMF) File            /home/thaddaeus/FMU/Steiner/thaddaeus/nicer_d49_55575341.rmf for Source 1
# Using Auxiliary Response (ARF) File  /home/thaddaeus/FMU/Steiner/thaddaeus/nicer_d49_55575341.arf
#
#
!XSPEC12> show param
#
#Parameters defined:
#========================================================================
#Model TBabs<1>(diskbb<2> + nthComp<3>) Source No.: 1   Active/On
#Model Model Component  Parameter  Unit     Value
# par  comp
#   1    1   TBabs      nH         10^22    3.20000      frozen
#   2    2   diskbb     Tin        keV      0.323636     +/-  2.85642E-03  
#   3    2   diskbb     norm                6092.17      +/-  318.148      
#   4    3   nthComp    Gamma               1.20058      +/-  1.11308      
#   5    3   nthComp    kT_e       keV      100.000      frozen
#   6    3   nthComp    kT_bb      keV      0.323636     = p2
#   7    3   nthComp    inp_type   0/1      1.00000      frozen
#   8    3   nthComp    Redshift            0.0          frozen
#   9    3   nthComp    norm                6.21428E-04  +/-  6.29668E-04  
#________________________________________________________________________
#
#
!XSPEC12> show fit
#
#Fit statistic  : PG-Statistic                 133.05     using 165 bins.
#
#Test statistic : Chi-Squared                  134.42     using 165 bins.
# Null hypothesis probability of 9.37e-01 with 161 degrees of freedom
#
!XSPEC12> log none
#