#XSPEC version: 12.11.0m
#Build Date/Time: Sat Nov 21 22:38:27 2020
#
!XSPEC12> show data
#
#1 file 1 spectrum 
#Spectrum 1  Spectral Data File: /home/thaddaeus/FMU/Steiner/thaddaeus/1130360133/jspipe/js_ni1130360133_0mpu7_silver_GTI0.jsgrp
#Net count rate (cts/s) for Spectrum:1  1.199e+03 +/- 1.903e+00 (100.0 % total)
# Assigned to Data Group 1 and Plot Group 1
#  Noticed Channels:  22-54,83-232
#  Telescope: NICER Instrument: XTI  Channel Type: PI
#  Exposure Time: 331 sec
# Using fit statistic: pgstat
# Using Background File                /home/thaddaeus/FMU/Steiner/thaddaeus/1130360133/jspipe/js_ni1130360133_0mpu7_silver_GTI0.bg
#  Background Exposure Time: 331 sec
# Using Response (RMF) File            /home/thaddaeus/FMU/Steiner/thaddaeus/nicer_d49_u150_200_55575341.rmf for Source 1
# Using Auxiliary Response (ARF) File  /home/thaddaeus/FMU/Steiner/thaddaeus/nicer_d49_55575341.arf
#
#
!XSPEC12> show param
#
#Parameters defined:
#========================================================================
#Model TBabs<1>(diskbb<2> + nthComp<3>) Source No.: 1   Active/On
#Model Model Component  Parameter  Unit     Value
# par  comp
#   1    1   TBabs      nH         10^22    3.20000      frozen
#   2    2   diskbb     Tin        keV      0.816532     +/-  1.26780E-03  
#   3    2   diskbb     norm                3270.37      +/-  26.0832      
#   4    3   nthComp    Gamma               3.70000      +/-  4.13249E+22  
#   5    3   nthComp    kT_e       keV      100.000      frozen
#   6    3   nthComp    kT_bb      keV      0.816532     = p2
#   7    3   nthComp    inp_type   0/1      1.00000      frozen
#   8    3   nthComp    Redshift            0.0          frozen
#   9    3   nthComp    norm                1.01150E-18  +/-  4.39171E+04  
#________________________________________________________________________
#
#
!XSPEC12> show fit
#
#Fit statistic  : PG-Statistic                 688.44     using 183 bins.
#
#Test statistic : Chi-Squared                  752.06     using 183 bins.
# Null hypothesis probability of 2.97e-71 with 179 degrees of freedom
#
!XSPEC12> log none
#