#XSPEC version: 12.11.0m
#Build Date/Time: Sat Nov 21 22:38:27 2020
#
!XSPEC12> show data
#
#1 file 1 spectrum 
#Spectrum 1  Spectral Data File: /home/thaddaeus/FMU/Steiner/thaddaeus/1130360191/jspipe/js_ni1130360191_0mpu7_silver_GTI1.jsgrp
#Net count rate (cts/s) for Spectrum:1  2.574e+00 +/- 8.568e-02 (85.5 % total)
# Assigned to Data Group 1 and Plot Group 1
#  Noticed Channels:  18-39,68-175
#  Telescope: NICER Instrument: XTI  Channel Type: PI
#  Exposure Time: 412.9 sec
# Using fit statistic: pgstat
# Using Background File                /home/thaddaeus/FMU/Steiner/thaddaeus/1130360191/jspipe/js_ni1130360191_0mpu7_silver_GTI1.bg
#  Background Exposure Time: 412.9 sec
# Using Response (RMF) File            /home/thaddaeus/FMU/Steiner/thaddaeus/nicer_d49_55575341.rmf for Source 1
# Using Auxiliary Response (ARF) File  /home/thaddaeus/FMU/Steiner/thaddaeus/nicer_d49_55575341.arf
#
#
!XSPEC12> show param
#
#Parameters defined:
#========================================================================
#Model TBabs<1>(diskbb<2> + nthComp<3>) Source No.: 1   Active/On
#Model Model Component  Parameter  Unit     Value
# par  comp
#   1    1   TBabs      nH         10^22    3.20000      frozen
#   2    2   diskbb     Tin        keV      0.215533     +/-  5.59965E-02  
#   3    2   diskbb     norm                2915.33      +/-  5893.00      
#   4    3   nthComp    Gamma               1.49869      +/-  0.116499     
#   5    3   nthComp    kT_e       keV      100.000      frozen
#   6    3   nthComp    kT_bb      keV      0.215533     = p2
#   7    3   nthComp    inp_type   0/1      1.00000      frozen
#   8    3   nthComp    Redshift            0.0          frozen
#   9    3   nthComp    norm                6.48856E-03  +/-  1.12559E-03  
#________________________________________________________________________
#
#
!XSPEC12> show fit
#
#Fit statistic  : PG-Statistic                 123.63     using 130 bins.
#
#Test statistic : Chi-Squared                  151.95     using 130 bins.
# Null hypothesis probability of 5.75e-02 with 126 degrees of freedom
#
!XSPEC12> log none
#