#XSPEC version: 12.11.0m
#Build Date/Time: Sat Nov 21 22:38:27 2020
#
!XSPEC12> show data
#
#1 file 1 spectrum 
#Spectrum 1  Spectral Data File: /home/thaddaeus/FMU/Steiner/thaddaeus/1130360131/jspipe/js_ni1130360131_0mpu7_silver_GTI3.jsgrp
#Net count rate (cts/s) for Spectrum:1  1.208e+03 +/- 1.219e+00 (100.0 % total)
# Assigned to Data Group 1 and Plot Group 1
#  Noticed Channels:  22-54,83-241
#  Telescope: NICER Instrument: XTI  Channel Type: PI
#  Exposure Time: 813.6 sec
# Using fit statistic: pgstat
# Using Background File                /home/thaddaeus/FMU/Steiner/thaddaeus/1130360131/jspipe/js_ni1130360131_0mpu7_silver_GTI3.bg
#  Background Exposure Time: 813.6 sec
# Using Response (RMF) File            /home/thaddaeus/FMU/Steiner/thaddaeus/nicer_d49_u150_200_55575341.rmf for Source 1
# Using Auxiliary Response (ARF) File  /home/thaddaeus/FMU/Steiner/thaddaeus/nicer_d49_55575341.arf
#
#
!XSPEC12> show param
#
#Parameters defined:
#========================================================================
#Model TBabs<1>(diskbb<2> + nthComp<3>) Source No.: 1   Active/On
#Model Model Component  Parameter  Unit     Value
# par  comp
#   1    1   TBabs      nH         10^22    3.20000      frozen
#   2    2   diskbb     Tin        keV      0.814835     +/-  7.96052E-04  
#   3    2   diskbb     norm                3330.11      +/-  16.6486      
#   4    3   nthComp    Gamma               3.70000      +/-  6.36084E+20  
#   5    3   nthComp    kT_e       keV      100.000      frozen
#   6    3   nthComp    kT_bb      keV      0.814835     = p2
#   7    3   nthComp    inp_type   0/1      1.00000      frozen
#   8    3   nthComp    Redshift            0.0          frozen
#   9    3   nthComp    norm                2.00210E-19  +/-  857.666      
#________________________________________________________________________
#
#
!XSPEC12> show fit
#
#Fit statistic  : PG-Statistic                1756.30     using 192 bins.
#
#Test statistic : Chi-Squared                 1895.44     using 192 bins.
# Null hypothesis probability of 1.67e-279 with 188 degrees of freedom
#
!XSPEC12> log none
#