#XSPEC version: 12.11.0m
#Build Date/Time: Sat Nov 21 22:38:27 2020
#
!XSPEC12> show data
#
#1 file 1 spectrum 
#Spectrum 1  Spectral Data File: /home/thaddaeus/FMU/Steiner/thaddaeus/1130360145/jspipe/js_ni1130360145_0mpu7_silver_GTI3.jsgrp
#Net count rate (cts/s) for Spectrum:1  2.550e+02 +/- 1.264e+00 (98.7 % total)
# Assigned to Data Group 1 and Plot Group 1
#  Noticed Channels:  22-54,83-196
#  Telescope: NICER Instrument: XTI  Channel Type: PI
#  Exposure Time: 161.8 sec
# Using fit statistic: pgstat
# Using Background File                /home/thaddaeus/FMU/Steiner/thaddaeus/1130360145/jspipe/js_ni1130360145_0mpu7_silver_GTI3.bg
#  Background Exposure Time: 161.8 sec
# Using Response (RMF) File            /home/thaddaeus/FMU/Steiner/thaddaeus/nicer_d49_u25_50_55575341.rmf for Source 1
# Using Auxiliary Response (ARF) File  /home/thaddaeus/FMU/Steiner/thaddaeus/nicer_d49_55575341.arf
#
#
!XSPEC12> show param
#
#Parameters defined:
#========================================================================
#Model TBabs<1>(diskbb<2> + nthComp<3>) Source No.: 1   Active/On
#Model Model Component  Parameter  Unit     Value
# par  comp
#   1    1   TBabs      nH         10^22    3.20000      frozen
#   2    2   diskbb     Tin        keV      0.602303     +/-  2.21501E-03  
#   3    2   diskbb     norm                3517.18      +/-  74.1805      
#   4    3   nthComp    Gamma               3.70000      +/-  1.82305E+23  
#   5    3   nthComp    kT_e       keV      100.000      frozen
#   6    3   nthComp    kT_bb      keV      0.602303     = p2
#   7    3   nthComp    inp_type   0/1      1.00000      frozen
#   8    3   nthComp    Redshift            0.0          frozen
#   9    3   nthComp    norm                1.79771E-19  +/-  5.19757E+04  
#________________________________________________________________________
#
#
!XSPEC12> show fit
#
#Fit statistic  : PG-Statistic                 210.19     using 147 bins.
#
#Test statistic : Chi-Squared                  292.86     using 147 bins.
# Null hypothesis probability of 2.29e-12 with 143 degrees of freedom
#
!XSPEC12> log none
#