#XSPEC version: 12.11.0m
#Build Date/Time: Sat Nov 21 22:38:27 2020
#
!XSPEC12> show data
#
#1 file 1 spectrum 
#Spectrum 1  Spectral Data File: /home/thaddaeus/FMU/Steiner/thaddaeus/1130360156/jspipe/js_ni1130360156_0mpu7_silver_GTI2.jsgrp
#Net count rate (cts/s) for Spectrum:1  5.855e+01 +/- 1.144e+00 (99.4 % total)
# Assigned to Data Group 1 and Plot Group 1
#  Noticed Channels:  18-42,71-123
#  Telescope: NICER Instrument: XTI  Channel Type: PI
#  Exposure Time: 44.98 sec
# Using fit statistic: pgstat
# Using Background File                /home/thaddaeus/FMU/Steiner/thaddaeus/1130360156/jspipe/js_ni1130360156_0mpu7_silver_GTI2.bg
#  Background Exposure Time: 44.98 sec
# Using Response (RMF) File            /home/thaddaeus/FMU/Steiner/thaddaeus/nicer_d49_55575341.rmf for Source 1
# Using Auxiliary Response (ARF) File  /home/thaddaeus/FMU/Steiner/thaddaeus/nicer_d49_55575341.arf
#
#
!XSPEC12> show param
#
#Parameters defined:
#========================================================================
#Model TBabs<1>(diskbb<2> + nthComp<3>) Source No.: 1   Active/On
#Model Model Component  Parameter  Unit     Value
# par  comp
#   1    1   TBabs      nH         10^22    3.20000      frozen
#   2    2   diskbb     Tin        keV      2.18783E-02  +/-  0.253649     
#   3    2   diskbb     norm                9.03775E+14  +/-  4.11887E+19  
#   4    3   nthComp    Gamma               3.59756      +/-  4.77642E-02  
#   5    3   nthComp    kT_e       keV      100.000      frozen
#   6    3   nthComp    kT_bb      keV      2.18783E-02  = p2
#   7    3   nthComp    inp_type   0/1      1.00000      frozen
#   8    3   nthComp    Redshift            0.0          frozen
#   9    3   nthComp    norm                0.775559     +/-  3.04443E-02  
#________________________________________________________________________
#
#
!XSPEC12> show fit
#
#Fit statistic  : PG-Statistic                1451.82     using 78 bins.
#
#Test statistic : Chi-Squared                 1091.59     using 78 bins.
# Null hypothesis probability of 9.06e-181 with 74 degrees of freedom
#
!XSPEC12> log none
#