#XSPEC version: 12.11.0m
#Build Date/Time: Sat Nov 21 22:38:27 2020
#
!XSPEC12> show data
#
#1 file 1 spectrum 
#Spectrum 1  Spectral Data File: /home/thaddaeus/FMU/Steiner/thaddaeus/1130360131/jspipe/js_ni1130360131_0mpu7_silver_GTI2.jsgrp
#Net count rate (cts/s) for Spectrum:1  1.207e+03 +/- 1.216e+00 (99.9 % total)
# Assigned to Data Group 1 and Plot Group 1
#  Noticed Channels:  22-54,83-243
#  Telescope: NICER Instrument: XTI  Channel Type: PI
#  Exposure Time: 817.6 sec
# Using fit statistic: pgstat
# Using Background File                /home/thaddaeus/FMU/Steiner/thaddaeus/1130360131/jspipe/js_ni1130360131_0mpu7_silver_GTI2.bg
#  Background Exposure Time: 817.6 sec
# Using Response (RMF) File            /home/thaddaeus/FMU/Steiner/thaddaeus/nicer_d49_u150_200_55575341.rmf for Source 1
# Using Auxiliary Response (ARF) File  /home/thaddaeus/FMU/Steiner/thaddaeus/nicer_d49_55575341.arf
#
#
!XSPEC12> show param
#
#Parameters defined:
#========================================================================
#Model TBabs<1>(diskbb<2> + nthComp<3>) Source No.: 1   Active/On
#Model Model Component  Parameter  Unit     Value
# par  comp
#   1    1   TBabs      nH         10^22    3.20000      frozen
#   2    2   diskbb     Tin        keV      0.815620     +/-  8.08890E-04  
#   3    2   diskbb     norm                3312.46      +/-  16.8705      
#   4    3   nthComp    Gamma               3.70000      +/-  2.55801E+23  
#   5    3   nthComp    kT_e       keV      100.000      frozen
#   6    3   nthComp    kT_bb      keV      0.815620     = p2
#   7    3   nthComp    inp_type   0/1      1.00000      frozen
#   8    3   nthComp    Redshift            0.0          frozen
#   9    3   nthComp    norm                7.39284E-19  +/-  3.14050E+05  
#________________________________________________________________________
#
#
!XSPEC12> show fit
#
#Fit statistic  : PG-Statistic                1692.88     using 194 bins.
#
#Test statistic : Chi-Squared                 1811.50     using 194 bins.
# Null hypothesis probability of 4.06e-262 with 190 degrees of freedom
#
!XSPEC12> log none
#