#XSPEC version: 12.11.0m
#Build Date/Time: Sat Nov 21 22:38:27 2020
#
!XSPEC12> show data
#
#1 file 1 spectrum 
#Spectrum 1  Spectral Data File: /home/thaddaeus/FMU/Steiner/thaddaeus/1130360155/jspipe/js_ni1130360155_0mpu7_silver_GTI1.jsgrp
#Net count rate (cts/s) for Spectrum:1  6.848e+01 +/- 3.887e-01 (99.5 % total)
# Assigned to Data Group 1 and Plot Group 1
#  Noticed Channels:  22-54,83-175
#  Telescope: NICER Instrument: XTI  Channel Type: PI
#  Exposure Time: 455.8 sec
# Using fit statistic: pgstat
# Using Background File                /home/thaddaeus/FMU/Steiner/thaddaeus/1130360155/jspipe/js_ni1130360155_0mpu7_silver_GTI1.bg
#  Background Exposure Time: 455.8 sec
# Using Response (RMF) File            /home/thaddaeus/FMU/Steiner/thaddaeus/nicer_d49_55575341.rmf for Source 1
# Using Auxiliary Response (ARF) File  /home/thaddaeus/FMU/Steiner/thaddaeus/nicer_d49_55575341.arf
#
#
!XSPEC12> show param
#
#Parameters defined:
#========================================================================
#Model TBabs<1>(diskbb<2> + nthComp<3>) Source No.: 1   Active/On
#Model Model Component  Parameter  Unit     Value
# par  comp
#   1    1   TBabs      nH         10^22    3.20000      frozen
#   2    2   diskbb     Tin        keV      0.456219     +/-  3.88986E-03  
#   3    2   diskbb     norm                4681.57      +/-  118.479      
#   4    3   nthComp    Gamma               3.69007      +/-  5.61630      
#   5    3   nthComp    kT_e       keV      100.000      frozen
#   6    3   nthComp    kT_bb      keV      0.456219     = p2
#   7    3   nthComp    inp_type   0/1      1.00000      frozen
#   8    3   nthComp    Redshift            0.0          frozen
#   9    3   nthComp    norm                1.21577E-02  +/-  3.33108E-02  
#________________________________________________________________________
#
#
!XSPEC12> show fit
#
#Fit statistic  : PG-Statistic                 107.91     using 126 bins.
#
#Test statistic : Chi-Squared                  112.28     using 126 bins.
# Null hypothesis probability of 7.25e-01 with 122 degrees of freedom
#
!XSPEC12> log none
#