#XSPEC version: 12.11.0m
#Build Date/Time: Sat Nov 21 22:38:27 2020
#
!XSPEC12> show data
#
#1 file 1 spectrum 
#Spectrum 1  Spectral Data File: /home/thaddaeus/FMU/Steiner/thaddaeus/1130360184/jspipe/js_ni1130360184_0mpu7_silver_GTI12.jsgrp
#Net count rate (cts/s) for Spectrum:1  7.295e+01 +/- 4.812e-01 (99.4 % total)
# Assigned to Data Group 1 and Plot Group 1
#  Noticed Channels:  22-54,83-214
#  Telescope: NICER Instrument: XTI  Channel Type: PI
#  Exposure Time: 316.9 sec
# Using fit statistic: pgstat
# Using Background File                /home/thaddaeus/FMU/Steiner/thaddaeus/1130360184/jspipe/js_ni1130360184_0mpu7_silver_GTI12.bg
#  Background Exposure Time: 316.9 sec
# Using Response (RMF) File            /home/thaddaeus/FMU/Steiner/thaddaeus/nicer_d49_55575341.rmf for Source 1
# Using Auxiliary Response (ARF) File  /home/thaddaeus/FMU/Steiner/thaddaeus/nicer_d49_55575341.arf
#
#
!XSPEC12> show param
#
#Parameters defined:
#========================================================================
#Model TBabs<1>(diskbb<2> + nthComp<3>) Source No.: 1   Active/On
#Model Model Component  Parameter  Unit     Value
# par  comp
#   1    1   TBabs      nH         10^22    3.20000      frozen
#   2    2   diskbb     Tin        keV      8.11074E-02  +/-  0.170045     
#   3    2   diskbb     norm                1.91919E-05  +/-  9.48380E+07  
#   4    3   nthComp    Gamma               3.70000      +/-  3.19450E-02  
#   5    3   nthComp    kT_e       keV      100.000      frozen
#   6    3   nthComp    kT_bb      keV      8.11074E-02  = p2
#   7    3   nthComp    inp_type   0/1      1.00000      frozen
#   8    3   nthComp    Redshift            0.0          frozen
#   9    3   nthComp    norm                2.09785      +/-  3.30896E-02  
#________________________________________________________________________
#
#
!XSPEC12> show fit
#
#Fit statistic  : PG-Statistic                1244.03     using 165 bins.
#
#Test statistic : Chi-Squared                 1688.22     using 165 bins.
# Null hypothesis probability of 1.57e-252 with 161 degrees of freedom
#
!XSPEC12> log none
#