#XSPEC version: 12.11.0m
#Build Date/Time: Sat Nov 21 22:38:27 2020
#
!XSPEC12> show data
#
#1 file 1 spectrum 
#Spectrum 1  Spectral Data File: /home/thaddaeus/FMU/Steiner/thaddaeus/1130360265/jspipe/js_ni1130360265_0mpu7_silver_GTI0.jsgrp
#Net count rate (cts/s) for Spectrum:1  1.492e+00 +/- 1.610e-01 (82.7 % total)
# Assigned to Data Group 1 and Plot Group 1
#  Noticed Channels:  18-20,31-52
#  Telescope: NICER Instrument: XTI  Channel Type: PI
#  Exposure Time: 69.78 sec
# Using fit statistic: pgstat
# Using Background File                /home/thaddaeus/FMU/Steiner/thaddaeus/1130360265/jspipe/js_ni1130360265_0mpu7_silver_GTI0.bg
#  Background Exposure Time: 69.78 sec
# Using Response (RMF) File            /home/thaddaeus/FMU/Steiner/thaddaeus/nicer_d48_u50_100_53019469.rmf for Source 1
# Using Auxiliary Response (ARF) File  /home/thaddaeus/FMU/Steiner/thaddaeus/nicer_d48_53019469.arf
#
#
!XSPEC12> show param
#
#Parameters defined:
#========================================================================
#Model TBabs<1>(diskbb<2> + nthComp<3>) Source No.: 1   Active/On
#Model Model Component  Parameter  Unit     Value
# par  comp
#   1    1   TBabs      nH         10^22    3.20000      frozen
#   2    2   diskbb     Tin        keV      1.98879E-02  +/-  0.730316     
#   3    2   diskbb     norm                1.00000E+24  +/-  3.51701E+27  
#   4    3   nthComp    Gamma               1.20022      +/-  0.585571     
#   5    3   nthComp    kT_e       keV      100.000      frozen
#   6    3   nthComp    kT_bb      keV      1.98879E-02  = p2
#   7    3   nthComp    inp_type   0/1      1.00000      frozen
#   8    3   nthComp    Redshift            0.0          frozen
#   9    3   nthComp    norm                2.87000E-03  +/-  1.32461E-03  
#________________________________________________________________________
#
#
!XSPEC12> show fit
#
#Fit statistic  : PG-Statistic                  37.28     using 25 bins.
#
#Test statistic : Chi-Squared                   37.65     using 25 bins.
# Null hypothesis probability of 1.42e-02 with 21 degrees of freedom
#
!XSPEC12> log none
#