#XSPEC version: 12.11.0m
#Build Date/Time: Sat Nov 21 22:38:27 2020
#
!XSPEC12> show data
#
#1 file 1 spectrum 
#Spectrum 1  Spectral Data File: /home/thaddaeus/FMU/Steiner/thaddaeus/1130360205/jspipe/js_ni1130360205_0mpu7_silver_GTI0.jsgrp
#Net count rate (cts/s) for Spectrum:1  7.076e+01 +/- 4.378e-01 (98.9 % total)
# Assigned to Data Group 1 and Plot Group 1
#  Noticed Channels:  22-54,83-234
#  Telescope: NICER Instrument: XTI  Channel Type: PI
#  Exposure Time: 373.4 sec
# Using fit statistic: pgstat
# Using Background File                /home/thaddaeus/FMU/Steiner/thaddaeus/1130360205/jspipe/js_ni1130360205_0mpu7_silver_GTI0.bg
#  Background Exposure Time: 373.4 sec
# Using Response (RMF) File            /home/thaddaeus/FMU/Steiner/thaddaeus/nicer_d49_55575341.rmf for Source 1
# Using Auxiliary Response (ARF) File  /home/thaddaeus/FMU/Steiner/thaddaeus/nicer_d49_55575341.arf
#
#
!XSPEC12> show param
#
#Parameters defined:
#========================================================================
#Model TBabs<1>(diskbb<2> + nthComp<3>) Source No.: 1   Active/On
#Model Model Component  Parameter  Unit     Value
# par  comp
#   1    1   TBabs      nH         10^22    3.20000      frozen
#   2    2   diskbb     Tin        keV      2.17418E-02  +/-  4.29276E-03  
#   3    2   diskbb     norm                4.77507E+19  +/-  2.31147E+20  
#   4    3   nthComp    Gamma               3.52451      +/-  1.32032E-02  
#   5    3   nthComp    kT_e       keV      100.000      frozen
#   6    3   nthComp    kT_bb      keV      2.17418E-02  = p2
#   7    3   nthComp    inp_type   0/1      1.00000      frozen
#   8    3   nthComp    Redshift            0.0          frozen
#   9    3   nthComp    norm                1.69925      +/-  2.10324E-02  
#________________________________________________________________________
#
#
!XSPEC12> show fit
#
#Fit statistic  : PG-Statistic                 691.22     using 185 bins.
#
#Test statistic : Chi-Squared                  719.92     using 185 bins.
# Null hypothesis probability of 2.43e-65 with 181 degrees of freedom
#
!XSPEC12> log none
#