#XSPEC version: 12.11.0m
#Build Date/Time: Sat Nov 21 22:38:27 2020
#
!XSPEC12> show data
#
#1 file 1 spectrum 
#Spectrum 1  Spectral Data File: /home/thaddaeus/FMU/Steiner/thaddaeus/1130360143/jspipe/js_ni1130360143_0mpu7_silver_GTI1.jsgrp
#Net count rate (cts/s) for Spectrum:1  2.720e+02 +/- 1.401e+00 (97.7 % total)
# Assigned to Data Group 1 and Plot Group 1
#  Noticed Channels:  22-54,83-209
#  Telescope: NICER Instrument: XTI  Channel Type: PI
#  Exposure Time: 141.9 sec
# Using fit statistic: pgstat
# Using Background File                /home/thaddaeus/FMU/Steiner/thaddaeus/1130360143/jspipe/js_ni1130360143_0mpu7_silver_GTI1.bg
#  Background Exposure Time: 141.9 sec
# Using Response (RMF) File            /home/thaddaeus/FMU/Steiner/thaddaeus/nicer_d49_u12p5_25_55575341.rmf for Source 1
# Using Auxiliary Response (ARF) File  /home/thaddaeus/FMU/Steiner/thaddaeus/nicer_d49_55575341.arf
#
#
!XSPEC12> show param
#
#Parameters defined:
#========================================================================
#Model TBabs<1>(diskbb<2> + nthComp<3>) Source No.: 1   Active/On
#Model Model Component  Parameter  Unit     Value
# par  comp
#   1    1   TBabs      nH         10^22    3.20000      frozen
#   2    2   diskbb     Tin        keV      0.603683     +/-  2.29513E-03  
#   3    2   diskbb     norm                3711.71      +/-  81.1929      
#   4    3   nthComp    Gamma               3.70000      +/-  6.07096E+16  
#   5    3   nthComp    kT_e       keV      100.000      frozen
#   6    3   nthComp    kT_bb      keV      0.603683     = p2
#   7    3   nthComp    inp_type   0/1      1.00000      frozen
#   8    3   nthComp    Redshift            0.0          frozen
#   9    3   nthComp    norm                6.76850E-19  +/-  4.37523E-02  
#________________________________________________________________________
#
#
!XSPEC12> show fit
#
#Fit statistic  : PG-Statistic                 247.09     using 160 bins.
#
#Test statistic : Chi-Squared                  328.71     using 160 bins.
# Null hypothesis probability of 2.22e-14 with 156 degrees of freedom
#
!XSPEC12> log none
#