#XSPEC version: 12.11.0m
#Build Date/Time: Sat Nov 21 22:38:27 2020
#
!XSPEC12> show data
#
#1 file 1 spectrum 
#Spectrum 1  Spectral Data File: /home/thaddaeus/FMU/Steiner/thaddaeus/1130360198/jspipe/js_ni1130360198_0mpu7_silver_GTI1.jsgrp
#Net count rate (cts/s) for Spectrum:1  -2.255e+00 +/- 1.277e-01 (-67.3 % total)
# Assigned to Data Group 1 and Plot Group 1
#  Noticed Channels:  17-37,66-168
#  Telescope: NICER Instrument: XTI  Channel Type: PI
#  Exposure Time: 224.9 sec
# Using fit statistic: pgstat
# Using Background File                /home/thaddaeus/FMU/Steiner/thaddaeus/1130360198/jspipe/js_ni1130360198_0mpu7_silver_GTI1.bg
#  Background Exposure Time: 224.9 sec
# Using Response (RMF) File            /home/thaddaeus/FMU/Steiner/thaddaeus/nicer_d49_55575341.rmf for Source 1
# Using Auxiliary Response (ARF) File  /home/thaddaeus/FMU/Steiner/thaddaeus/nicer_d49_55575341.arf
#
#
!XSPEC12> show param
#
#Parameters defined:
#========================================================================
#Model TBabs<1>(diskbb<2> + nthComp<3>) Source No.: 1   Active/On
#Model Model Component  Parameter  Unit     Value
# par  comp
#   1    1   TBabs      nH         10^22    3.20000      frozen
#   2    2   diskbb     Tin        keV      4.37995E-02  +/-  665.006      
#   3    2   diskbb     norm                3.30291E-03  +/-  4.07568E+07  
#   4    3   nthComp    Gamma               1.72584      +/-  7.06597      
#   5    3   nthComp    kT_e       keV      100.000      frozen
#   6    3   nthComp    kT_bb      keV      4.37995E-02  = p2
#   7    3   nthComp    inp_type   0/1      1.00000      frozen
#   8    3   nthComp    Redshift            0.0          frozen
#   9    3   nthComp    norm                2.22306E-04  +/-  1.88250E-03  
#________________________________________________________________________
#
#
!XSPEC12> show fit
#
#Fit statistic  : PG-Statistic                 693.69     using 124 bins.
#
#Test statistic : Chi-Squared                 1647.94     using 124 bins.
# Null hypothesis probability of 1.21e-266 with 120 degrees of freedom
#
!XSPEC12> log none
#