#XSPEC version: 12.11.0m
#Build Date/Time: Sat Nov 21 22:38:27 2020
#
!XSPEC12> show data
#
#1 file 1 spectrum 
#Spectrum 1  Spectral Data File: /home/thaddaeus/FMU/Steiner/thaddaeus/1130360198/jspipe/js_ni1130360198_0mpu7_silver_GTI0.jsgrp
#Net count rate (cts/s) for Spectrum:1  8.471e-01 +/- 5.106e-02 (39.8 % total)
# Assigned to Data Group 1 and Plot Group 1
#  Noticed Channels:  22-52,81-218
#  Telescope: NICER Instrument: XTI  Channel Type: PI
#  Exposure Time: 872.7 sec
# Using fit statistic: pgstat
# Using Background File                /home/thaddaeus/FMU/Steiner/thaddaeus/1130360198/jspipe/js_ni1130360198_0mpu7_silver_GTI0.bg
#  Background Exposure Time: 872.7 sec
# Using Response (RMF) File            /home/thaddaeus/FMU/Steiner/thaddaeus/nicer_d49_55575341.rmf for Source 1
# Using Auxiliary Response (ARF) File  /home/thaddaeus/FMU/Steiner/thaddaeus/nicer_d49_55575341.arf
#
#
!XSPEC12> show param
#
#Parameters defined:
#========================================================================
#Model TBabs<1>(diskbb<2> + nthComp<3>) Source No.: 1   Active/On
#Model Model Component  Parameter  Unit     Value
# par  comp
#   1    1   TBabs      nH         10^22    3.20000      frozen
#   2    2   diskbb     Tin        keV      6.58085E-02  +/-  6.86051      
#   3    2   diskbb     norm                0.249540     +/-  1.09296E+12  
#   4    3   nthComp    Gamma               1.74248      +/-  0.108139     
#   5    3   nthComp    kT_e       keV      100.000      frozen
#   6    3   nthComp    kT_bb      keV      6.58085E-02  = p2
#   7    3   nthComp    inp_type   0/1      1.00000      frozen
#   8    3   nthComp    Redshift            0.0          frozen
#   9    3   nthComp    norm                4.53899E-03  +/-  1.13511E-03  
#________________________________________________________________________
#
#
!XSPEC12> show fit
#
#Fit statistic  : PG-Statistic                 379.44     using 169 bins.
#
#Test statistic : Chi-Squared                  567.72     using 169 bins.
# Null hypothesis probability of 1.19e-45 with 165 degrees of freedom
#
!XSPEC12> log none
#