#XSPEC version: 12.11.0m
#Build Date/Time: Sat Nov 21 22:38:27 2020
#
!XSPEC12> show data
#
#1 file 1 spectrum 
#Spectrum 1  Spectral Data File: /home/thaddaeus/FMU/Steiner/thaddaeus/2130360201/jspipe/js_ni2130360201_0mpu7_silver_GTI4.jsgrp
#Net count rate (cts/s) for Spectrum:1  1.920e+00 +/- 7.770e-02 (79.7 % total)
# Assigned to Data Group 1 and Plot Group 1
#  Noticed Channels:  18-35,64-165
#  Telescope: NICER Instrument: XTI  Channel Type: PI
#  Exposure Time: 402.7 sec
# Using fit statistic: pgstat
# Using Background File                /home/thaddaeus/FMU/Steiner/thaddaeus/2130360201/jspipe/js_ni2130360201_0mpu7_silver_GTI4.bg
#  Background Exposure Time: 402.7 sec
# Using Response (RMF) File            /home/thaddaeus/FMU/Steiner/thaddaeus/nicer_d48_u12p5_25_53019466.rmf for Source 1
# Using Auxiliary Response (ARF) File  /home/thaddaeus/FMU/Steiner/thaddaeus/nicer_d48_53019466.arf
#
#
!XSPEC12> show param
#
#Parameters defined:
#========================================================================
#Model TBabs<1>(diskbb<2> + nthComp<3>) Source No.: 1   Active/On
#Model Model Component  Parameter  Unit     Value
# par  comp
#   1    1   TBabs      nH         10^22    3.20000      frozen
#   2    2   diskbb     Tin        keV      0.999915     +/-  2.49456      
#   3    2   diskbb     norm                3.72267E-02  +/-  2.92782      
#   4    3   nthComp    Gamma               2.09899      +/-  1.64910      
#   5    3   nthComp    kT_e       keV      100.000      frozen
#   6    3   nthComp    kT_bb      keV      0.999915     = p2
#   7    3   nthComp    inp_type   0/1      1.00000      frozen
#   8    3   nthComp    Redshift            0.0          frozen
#   9    3   nthComp    norm                4.44619E-03  +/-  1.32701E-02  
#________________________________________________________________________
#
#
!XSPEC12> show fit
#
#Fit statistic  : PG-Statistic                 132.18     using 120 bins.
#
#Test statistic : Chi-Squared                  148.04     using 120 bins.
# Null hypothesis probability of 2.39e-02 with 116 degrees of freedom
#
!XSPEC12> log none
#