#XSPEC version: 12.11.0m
#Build Date/Time: Sat Nov 21 22:38:27 2020
#
!XSPEC12> show data
#
#1 file 1 spectrum 
#Spectrum 1  Spectral Data File: /home/thaddaeus/FMU/Steiner/thaddaeus/2130360210/jspipe/js_ni2130360210_0mpu7_silver_GTI1.jsgrp
#Net count rate (cts/s) for Spectrum:1  -1.841e+01 +/- 1.672e-01 (-378.8 % total)
# Assigned to Data Group 1 and Plot Group 1
#  Noticed Channels:  22-51,78-244
#  Telescope: NICER Instrument: XTI  Channel Type: PI
#  Exposure Time: 341.9 sec
# Using fit statistic: pgstat
# Using Background File                /home/thaddaeus/FMU/Steiner/thaddaeus/2130360210/jspipe/js_ni2130360210_0mpu7_silver_GTI1.bg
#  Background Exposure Time: 341.9 sec
# Using Response (RMF) File            /home/thaddaeus/FMU/Steiner/thaddaeus/nicer_d49_55575341.rmf for Source 1
# Using Auxiliary Response (ARF) File  /home/thaddaeus/FMU/Steiner/thaddaeus/nicer_d49_55575341.arf
#
#
!XSPEC12> show param
#
#Parameters defined:
#========================================================================
#Model TBabs<1>(diskbb<2> + nthComp<3>) Source No.: 1   Active/On
#Model Model Component  Parameter  Unit     Value
# par  comp
#   1    1   TBabs      nH         10^22    3.20000      frozen
#   2    2   diskbb     Tin        keV      0.999973     +/-  1.26333E+06  
#   3    2   diskbb     norm                1.01261E-08  +/-  59.9106      
#   4    3   nthComp    Gamma               3.69994      +/-  1.18685E+07  
#   5    3   nthComp    kT_e       keV      100.000      frozen
#   6    3   nthComp    kT_bb      keV      0.999973     = p2
#   7    3   nthComp    inp_type   0/1      1.00000      frozen
#   8    3   nthComp    Redshift            0.0          frozen
#   9    3   nthComp    norm                1.79396E-09  +/-  0.255882     
#________________________________________________________________________
#
#
!XSPEC12> show fit
#
#Fit statistic  : PG-Statistic                8083.04     using 197 bins.
#
#Test statistic : Chi-Squared                13446.91     using 197 bins.
# Null hypothesis probability of 0.00e+00 with 193 degrees of freedom
#
!XSPEC12> log none
#