#XSPEC version: 12.11.0m
#Build Date/Time: Sat Nov 21 22:38:27 2020
#
!XSPEC12> show data
#
#1 file 1 spectrum 
#Spectrum 1  Spectral Data File: /home/thaddaeus/FMU/Steiner/thaddaeus/2130360207/jspipe/js_ni2130360207_0mpu7_silver_GTI4.jsgrp
#Net count rate (cts/s) for Spectrum:1  3.710e-01 +/- 1.431e-01 (51.9 % total)
# Assigned to Data Group 1 and Plot Group 1
#  Noticed Channels:  12,18-21
#  Telescope: NICER Instrument: XTI  Channel Type: PI
#  Exposure Time: 34.99 sec
# Using fit statistic: pgstat
# Using Background File                /home/thaddaeus/FMU/Steiner/thaddaeus/2130360207/jspipe/js_ni2130360207_0mpu7_silver_GTI4.bg
#  Background Exposure Time: 34.99 sec
# Using Response (RMF) File            /home/thaddaeus/FMU/Steiner/thaddaeus/nicer_d49_55575341.rmf for Source 1
# Using Auxiliary Response (ARF) File  /home/thaddaeus/FMU/Steiner/thaddaeus/nicer_d49_55575341.arf
#
#
!XSPEC12> show param
#
#Parameters defined:
#========================================================================
#Model TBabs<1>(diskbb<2> + nthComp<3>) Source No.: 1   Active/On
#Model Model Component  Parameter  Unit     Value
# par  comp
#   1    1   TBabs      nH         10^22    3.20000      frozen
#   2    2   diskbb     Tin        keV      1.19769E-02  +/-  26.8014      
#   3    2   diskbb     norm                1.17035E+18  +/-  3.96519E+33  
#   4    3   nthComp    Gamma               3.22934      +/-  2.22769      
#   5    3   nthComp    kT_e       keV      100.000      frozen
#   6    3   nthComp    kT_bb      keV      1.19769E-02  = p2
#   7    3   nthComp    inp_type   0/1      1.00000      frozen
#   8    3   nthComp    Redshift            0.0          frozen
#   9    3   nthComp    norm                1.73557E-02  +/-  1.20801      
#________________________________________________________________________
#
#
!XSPEC12> show fit
#
#Fit statistic  : PG-Statistic                   0.93     using 5 bins.
#
#Test statistic : Chi-Squared                    0.79     using 5 bins.
# Null hypothesis probability of 3.76e-01 with 1 degrees of freedom
#
!XSPEC12> log none
#