#XSPEC version: 12.11.0
#Build Date/Time: Thu Jul  2 16:22:45 2020
#
!XSPEC12> chatter 10
#
!XSPEC12> show data
#
#1 file 1 spectrum 
#Spectrum 1  Spectral Data File: /home/thaddaeus/FMU/Steiner/thaddaeus/1050360111/jspipe/js_ni1050360111_0mpu7_silver_GTI0.jsgrp
#Net count rate (cts/s) for Spectrum:1  1.608e+04 +/- 4.330e+00 (99.9 % total)
# Assigned to Data Group 1 and Plot Group 1
#  Noticed Channels:  16-254
#  Telescope: NICER Instrument: XTI  Channel Type: PI
#  Exposure Time: 859 sec
# Using fit statistic: pgstat
# Using Background File                /home/thaddaeus/FMU/Steiner/thaddaeus/1050360111/jspipe/js_ni1050360111_0mpu7_silver_GTI0.bg
#  Background Exposure Time: 859 sec
# Using Response (RMF) File            /home/thaddaeus/FMU/Steiner/thaddaeus/nicer_d49_55575341.rmf for Source 1
# Using Auxiliary Response (ARF) File  /home/thaddaeus/FMU/Steiner/thaddaeus/nicer_d49_55575341.arf
#
#
!XSPEC12> show fit
#
#Fit statistic  : PG-Statistic                1687.21     using 239 bins.
#
#Test statistic : Chi-Squared                 1671.74     using 239 bins.
# Null hypothesis probability of 8.24e-215 with 235 degrees of freedom
#
!XSPEC12> show param
#
#Parameters defined:
#========================================================================
#Model TBfeo<1>*simpl<2>*diskbb<3> Source No.: 1   Active/On
#Model Model Component  Parameter  Unit     Value
# par  comp
#   1    1   TBfeo      nH         10^22    4.29898      frozen
#   2    1   TBfeo      O                   0.137604     frozen
#   3    1   TBfeo      Fe                  1.58001      frozen
#   4    1   TBfeo      redshift            0.0          frozen
#   5    2   simpl      Gamma               1.70324      +/-  8.79908E-02  
#   6    2   simpl      FracSctr            0.125430     +/-  5.33429E-03  
#   7    2   simpl      UpScOnly            1.00000      frozen
#   8    3   diskbb     Tin        keV      1.22602      +/-  3.87123E-03  
#   9    3   diskbb     norm                4230.43      +/-  29.0353      
#________________________________________________________________________
#
#
!XSPEC12> log none
#