#XSPEC version: 12.11.0
#Build Date/Time: Thu Jul  2 16:22:45 2020
#
!XSPEC12> chatter 10
#
!XSPEC12> show data
#
#1 file 1 spectrum 
#Spectrum 1  Spectral Data File: /home/thaddaeus/FMU/Steiner/thaddaeus/1050360112/jspipe/js_ni1050360112_0mpu7_silver_GTI0.jsgrp
#Net count rate (cts/s) for Spectrum:1  1.665e+04 +/- 4.382e+00 (99.7 % total)
# Assigned to Data Group 1 and Plot Group 1
#  Noticed Channels:  16-254
#  Telescope: NICER Instrument: XTI  Channel Type: PI
#  Exposure Time: 871.4 sec
# Using fit statistic: pgstat
# Using Background File                /home/thaddaeus/FMU/Steiner/thaddaeus/1050360112/jspipe/js_ni1050360112_0mpu7_silver_GTI0.bg
#  Background Exposure Time: 871.4 sec
# Using Response (RMF) File            /home/thaddaeus/FMU/Steiner/thaddaeus/nicer_d49_55575341.rmf for Source 1
# Using Auxiliary Response (ARF) File  /home/thaddaeus/FMU/Steiner/thaddaeus/nicer_d49_55575341.arf
#
#
!XSPEC12> show fit
#
#Fit statistic  : PG-Statistic                1763.20     using 239 bins.
#
#Test statistic : Chi-Squared                 1730.74     using 239 bins.
# Null hypothesis probability of 7.21e-226 with 235 degrees of freedom
#
!XSPEC12> show param
#
#Parameters defined:
#========================================================================
#Model TBfeo<1>*simpl<2>*diskbb<3> Source No.: 1   Active/On
#Model Model Component  Parameter  Unit     Value
# par  comp
#   1    1   TBfeo      nH         10^22    4.26318      frozen
#   2    1   TBfeo      O                   0.137603     frozen
#   3    1   TBfeo      Fe                  1.67135      frozen
#   4    1   TBfeo      redshift            0.0          frozen
#   5    2   simpl      Gamma               2.22175      +/-  0.163477     
#   6    2   simpl      FracSctr            0.104266     +/-  1.16026E-02  
#   7    2   simpl      UpScOnly            1.00000      frozen
#   8    3   diskbb     Tin        keV      1.25095      +/-  4.63644E-03  
#   9    3   diskbb     norm                4064.63      +/-  42.5702      
#________________________________________________________________________
#
#
!XSPEC12> log none
#