#XSPEC version: 12.11.0
#Build Date/Time: Thu Jul  2 16:22:45 2020
#
!XSPEC12> chatter 10
#
!XSPEC12> show data
#
#1 file 1 spectrum 
#Spectrum 1  Spectral Data File: /home/thaddaeus/FMU/Steiner/thaddaeus/1130360189/jspipe/js_ni1130360189_0mpu7_silver_GTI0.jsgrp
#Net count rate (cts/s) for Spectrum:1  9.696e+00 +/- 2.964e-01 (78.6 % total)
# Assigned to Data Group 1 and Plot Group 1
#  Noticed Channels:  76-219
#  Telescope: NICER Instrument: XTI  Channel Type: PI
#  Exposure Time: 140.9 sec
# Using fit statistic: pgstat
# Using Background File                /home/thaddaeus/FMU/Steiner/thaddaeus/1130360189/jspipe/js_ni1130360189_0mpu7_silver_GTI0.bg
#  Background Exposure Time: 140.9 sec
# Using Response (RMF) File            /home/thaddaeus/FMU/Steiner/thaddaeus/nicer_d49_55575341.rmf for Source 1
# Using Auxiliary Response (ARF) File  /home/thaddaeus/FMU/Steiner/thaddaeus/nicer_d49_55575341.arf
#
#
!XSPEC12> show fit
#
#Fit statistic  : PG-Statistic                 140.26     using 144 bins.
#
#Test statistic : Chi-Squared                  156.66     using 144 bins.
# Null hypothesis probability of 1.20e-01 with 137 degrees of freedom
#
!XSPEC12> show param
#
#Parameters defined:
#========================================================================
#Model TBfeo<1>*simpl<2>*diskbb<3> Source No.: 1   Active/On
#Model Model Component  Parameter  Unit     Value
# par  comp
#   1    1   TBfeo      nH         10^22    3.09365      +/-  21.3631      
#   2    1   TBfeo      O                   9.48572E-02  +/-  12.2226      
#   3    1   TBfeo      Fe                  3.94272E-02  +/-  17.1786      
#   4    1   TBfeo      redshift            0.0          frozen
#   5    2   simpl      Gamma               1.39390      +/-  3.90798      
#   6    2   simpl      FracSctr            0.674672     +/-  0.995522     
#   7    2   simpl      UpScOnly            1.00000      frozen
#   8    3   diskbb     Tin        keV      0.985454     +/-  4.29023      
#   9    3   diskbb     norm                7.10269      +/-  93.0683      
#________________________________________________________________________
#
#
!XSPEC12> log none
#