#XSPEC version: 12.11.0
#Build Date/Time: Thu Jul  2 16:22:45 2020
#
!XSPEC12> chatter 10
#
!XSPEC12> show data
#
#1 file 1 spectrum 
#Spectrum 1  Spectral Data File: /home/thaddaeus/FMU/Steiner/thaddaeus/1130360232/jspipe/js_ni1130360232_0mpu7_silver_GTI0.jsgrp
#Net count rate (cts/s) for Spectrum:1  2.473e+01 +/- 1.979e-01 (98.9 % total)
# Assigned to Data Group 1 and Plot Group 1
#  Noticed Channels:  83-250
#  Telescope: NICER Instrument: XTI  Channel Type: PI
#  Exposure Time: 639.4 sec
# Using fit statistic: pgstat
# Using Background File                /home/thaddaeus/FMU/Steiner/thaddaeus/1130360232/jspipe/js_ni1130360232_0mpu7_silver_GTI0.bg
#  Background Exposure Time: 639.4 sec
# Using Response (RMF) File            /home/thaddaeus/FMU/Steiner/thaddaeus/nicer_d49_55575341.rmf for Source 1
# Using Auxiliary Response (ARF) File  /home/thaddaeus/FMU/Steiner/thaddaeus/nicer_d49_55575341.arf
#
#
!XSPEC12> show fit
#
#Fit statistic  : PG-Statistic                 175.93     using 168 bins.
#
#Test statistic : Chi-Squared                  186.34     using 168 bins.
# Null hypothesis probability of 8.36e-02 with 161 degrees of freedom
#
!XSPEC12> show param
#
#Parameters defined:
#========================================================================
#Model TBfeo<1>*simpl<2>*diskbb<3> Source No.: 1   Active/On
#Model Model Component  Parameter  Unit     Value
# par  comp
#   1    1   TBfeo      nH         10^22    3.40389      +/-  5.86303      
#   2    1   TBfeo      O                   9.78573E-02  +/-  2.84260      
#   3    1   TBfeo      Fe                  0.879939     +/-  3.58974      
#   4    1   TBfeo      redshift            0.0          frozen
#   5    2   simpl      Gamma               1.39616      +/-  0.567910     
#   6    2   simpl      FracSctr            0.480768     +/-  0.160464     
#   7    2   simpl      UpScOnly            1.00000      frozen
#   8    3   diskbb     Tin        keV      0.829085     +/-  0.407993     
#   9    3   diskbb     norm                42.0581      +/-  79.9109      
#________________________________________________________________________
#
#
!XSPEC12> log none
#