#XSPEC version: 12.11.0
#Build Date/Time: Thu Jul  2 16:22:45 2020
#
!XSPEC12> chatter 10
#
!XSPEC12> show data
#
#1 file 1 spectrum 
#Spectrum 1  Spectral Data File: /home/thaddaeus/FMU/Steiner/thaddaeus/1130360272/jspipe/js_ni1130360272_0mpu7_silver_GTI0.jsgrp
#Net count rate (cts/s) for Spectrum:1  1.098e+00 +/- 1.044e-01 (76.0 % total)
# Assigned to Data Group 1 and Plot Group 1
#  Noticed Channels:  38-74
#  Telescope: NICER Instrument: XTI  Channel Type: PI
#  Exposure Time: 133 sec
# Using fit statistic: pgstat
# Using Background File                /home/thaddaeus/FMU/Steiner/thaddaeus/1130360272/jspipe/js_ni1130360272_0mpu7_silver_GTI0.bg
#  Background Exposure Time: 133 sec
# Using Response (RMF) File            /home/thaddaeus/FMU/Steiner/thaddaeus/nicer_d49_55575341.rmf for Source 1
# Using Auxiliary Response (ARF) File  /home/thaddaeus/FMU/Steiner/thaddaeus/nicer_d49_55575341.arf
#
#
!XSPEC12> show fit
#
#Fit statistic  : PG-Statistic                  30.05     using 37 bins.
#
#Test statistic : Chi-Squared                   29.48     using 37 bins.
# Null hypothesis probability of 4.92e-01 with 30 degrees of freedom
#
!XSPEC12> show param
#
#Parameters defined:
#========================================================================
#Model TBfeo<1>*simpl<2>*diskbb<3> Source No.: 1   Active/On
#Model Model Component  Parameter  Unit     Value
# par  comp
#   1    1   TBfeo      nH         10^22    4.55454      +/-  79.9680      
#   2    1   TBfeo      O                   9.49721E-02  +/-  44.7245      
#   3    1   TBfeo      Fe                  3.94472E-02  +/-  40.6861      
#   4    1   TBfeo      redshift            0.0          frozen
#   5    2   simpl      Gamma               1.39365      +/-  7.12250      
#   6    2   simpl      FracSctr            0.682939     +/-  9.22423      
#   7    2   simpl      UpScOnly            1.00000      frozen
#   8    3   diskbb     Tin        keV      0.652337     +/-  13.0669      
#   9    3   diskbb     norm                3.97288      +/-  323.607      
#________________________________________________________________________
#
#
!XSPEC12> log none
#