#XSPEC version: 12.11.0
#Build Date/Time: Thu Jul  2 16:22:45 2020
#
!XSPEC12> chatter 10
#
!XSPEC12> show data
#
#1 file 1 spectrum 
#Spectrum 1  Spectral Data File: /home/thaddaeus/FMU/Steiner/thaddaeus/1130360230/jspipe/js_ni1130360230_0mpu7_silver_GTI0.jsgrp
#Net count rate (cts/s) for Spectrum:1  2.856e+01 +/- 2.153e-01 (99.2 % total)
# Assigned to Data Group 1 and Plot Group 1
#  Noticed Channels:  83-245
#  Telescope: NICER Instrument: XTI  Channel Type: PI
#  Exposure Time: 621.5 sec
# Using fit statistic: pgstat
# Using Background File                /home/thaddaeus/FMU/Steiner/thaddaeus/1130360230/jspipe/js_ni1130360230_0mpu7_silver_GTI0.bg
#  Background Exposure Time: 621.5 sec
# Using Response (RMF) File            /home/thaddaeus/FMU/Steiner/thaddaeus/nicer_d49_55575341.rmf for Source 1
# Using Auxiliary Response (ARF) File  /home/thaddaeus/FMU/Steiner/thaddaeus/nicer_d49_55575341.arf
#
#
!XSPEC12> show fit
#
#Fit statistic  : PG-Statistic                 170.58     using 163 bins.
#
#Test statistic : Chi-Squared                  186.85     using 163 bins.
# Null hypothesis probability of 4.65e-02 with 156 degrees of freedom
#
!XSPEC12> show param
#
#Parameters defined:
#========================================================================
#Model TBfeo<1>*simpl<2>*diskbb<3> Source No.: 1   Active/On
#Model Model Component  Parameter  Unit     Value
# par  comp
#   1    1   TBfeo      nH         10^22    3.65031      +/-  6.90271      
#   2    1   TBfeo      O                   0.105493     +/-  5.27258      
#   3    1   TBfeo      Fe                  2.25817      +/-  5.83191      
#   4    1   TBfeo      redshift            0.0          frozen
#   5    2   simpl      Gamma               2.00076      +/-  0.329472     
#   6    2   simpl      FracSctr            0.218980     +/-  0.465430     
#   7    2   simpl      UpScOnly            1.00000      frozen
#   8    3   diskbb     Tin        keV      0.341749     +/-  0.116834     
#   9    3   diskbb     norm                4342.06      +/-  1.33486E+04  
#________________________________________________________________________
#
#
!XSPEC12> log none
#