#XSPEC version: 12.11.0
#Build Date/Time: Thu Jul  2 16:22:45 2020
#
!XSPEC12> chatter 10
#
!XSPEC12> show data
#
#1 file 1 spectrum 
#Spectrum 1  Spectral Data File: /home/thaddaeus/FMU/Steiner/thaddaeus/1130360186/jspipe/js_ni1130360186_0mpu7_silver_GTI0.jsgrp
#Net count rate (cts/s) for Spectrum:1  2.238e+01 +/- 2.252e-01 (97.2 % total)
# Assigned to Data Group 1 and Plot Group 1
#  Noticed Channels:  83-246
#  Telescope: NICER Instrument: XTI  Channel Type: PI
#  Exposure Time: 454.8 sec
# Using fit statistic: pgstat
# Using Background File                /home/thaddaeus/FMU/Steiner/thaddaeus/1130360186/jspipe/js_ni1130360186_0mpu7_silver_GTI0.bg
#  Background Exposure Time: 454.8 sec
# Using Response (RMF) File            /home/thaddaeus/FMU/Steiner/thaddaeus/nicer_d49_55575341.rmf for Source 1
# Using Auxiliary Response (ARF) File  /home/thaddaeus/FMU/Steiner/thaddaeus/nicer_d49_55575341.arf
#
#
!XSPEC12> show fit
#
#Fit statistic  : PG-Statistic                 175.88     using 164 bins.
#
#Test statistic : Chi-Squared                  193.04     using 164 bins.
# Null hypothesis probability of 2.66e-02 with 157 degrees of freedom
#
!XSPEC12> show param
#
#Parameters defined:
#========================================================================
#Model TBfeo<1>*simpl<2>*diskbb<3> Source No.: 1   Active/On
#Model Model Component  Parameter  Unit     Value
# par  comp
#   1    1   TBfeo      nH         10^22    3.09923      +/-  8.33601      
#   2    1   TBfeo      O                   0.281182     +/-  5.98635      
#   3    1   TBfeo      Fe                  1.73675      +/-  7.44626      
#   4    1   TBfeo      redshift            0.0          frozen
#   5    2   simpl      Gamma               1.78038      +/-  0.415613     
#   6    2   simpl      FracSctr            0.257761     +/-  0.553385     
#   7    2   simpl      UpScOnly            1.00000      frozen
#   8    3   diskbb     Tin        keV      0.456449     +/-  0.242236     
#   9    3   diskbb     norm                690.254      +/-  3144.49      
#________________________________________________________________________
#
#
!XSPEC12> log none
#