#XSPEC version: 12.11.0
#Build Date/Time: Thu Jul  2 16:22:45 2020
#
!XSPEC12> chatter 10
#
!XSPEC12> show data
#
#1 file 1 spectrum 
#Spectrum 1  Spectral Data File: /home/thaddaeus/FMU/Steiner/thaddaeus/1130360203/jspipe/js_ni1130360203_0mpu7_silver_GTI0.jsgrp
#Net count rate (cts/s) for Spectrum:1  3.637e+01 +/- 2.331e-01 (99.3 % total)
# Assigned to Data Group 1 and Plot Group 1
#  Noticed Channels:  83-252
#  Telescope: NICER Instrument: XTI  Channel Type: PI
#  Exposure Time: 674.7 sec
# Using fit statistic: pgstat
# Using Background File                /home/thaddaeus/FMU/Steiner/thaddaeus/1130360203/jspipe/js_ni1130360203_0mpu7_silver_GTI0.bg
#  Background Exposure Time: 674.7 sec
# Using Response (RMF) File            /home/thaddaeus/FMU/Steiner/thaddaeus/nicer_d49_55575341.rmf for Source 1
# Using Auxiliary Response (ARF) File  /home/thaddaeus/FMU/Steiner/thaddaeus/nicer_d49_55575341.arf
#
#
!XSPEC12> show fit
#
#Fit statistic  : PG-Statistic                 188.53     using 170 bins.
#
#Test statistic : Chi-Squared                  202.99     using 170 bins.
# Null hypothesis probability of 1.82e-02 with 163 degrees of freedom
#
!XSPEC12> show param
#
#Parameters defined:
#========================================================================
#Model TBfeo<1>*simpl<2>*diskbb<3> Source No.: 1   Active/On
#Model Model Component  Parameter  Unit     Value
# par  comp
#   1    1   TBfeo      nH         10^22    3.19987      +/-  5.34510      
#   2    1   TBfeo      O                   9.48572E-02  +/-  3.35799      
#   3    1   TBfeo      Fe                  2.90096      +/-  6.04045      
#   4    1   TBfeo      redshift            0.0          frozen
#   5    2   simpl      Gamma               1.69046      +/-  0.273882     
#   6    2   simpl      FracSctr            0.386398     +/-  0.433598     
#   7    2   simpl      UpScOnly            1.00000      frozen
#   8    3   diskbb     Tin        keV      0.532626     +/-  0.247808     
#   9    3   diskbb     norm                429.741      +/-  1305.59      
#________________________________________________________________________
#
#
!XSPEC12> log none
#