#XSPEC version: 12.11.0
#Build Date/Time: Thu Jul  2 16:22:45 2020
#
!XSPEC12> chatter 10
#
!XSPEC12> show data
#
#1 file 1 spectrum 
#Spectrum 1  Spectral Data File: /home/thaddaeus/FMU/Steiner/thaddaeus/1130360234/jspipe/js_ni1130360234_0mpu7_silver_GTI0.jsgrp
#Net count rate (cts/s) for Spectrum:1  4.563e+00 +/- 8.862e-02 (92.7 % total)
# Assigned to Data Group 1 and Plot Group 1
#  Noticed Channels:  79-223
#  Telescope: NICER Instrument: XTI  Channel Type: PI
#  Exposure Time: 629.8 sec
# Using fit statistic: pgstat
# Using Background File                /home/thaddaeus/FMU/Steiner/thaddaeus/1130360234/jspipe/js_ni1130360234_0mpu7_silver_GTI0.bg
#  Background Exposure Time: 629.8 sec
# Using Response (RMF) File            /home/thaddaeus/FMU/Steiner/thaddaeus/nicer_d49_55575341.rmf for Source 1
# Using Auxiliary Response (ARF) File  /home/thaddaeus/FMU/Steiner/thaddaeus/nicer_d49_55575341.arf
#
#
!XSPEC12> show fit
#
#Fit statistic  : PG-Statistic                 135.51     using 145 bins.
#
#Test statistic : Chi-Squared                  154.30     using 145 bins.
# Null hypothesis probability of 1.62e-01 with 138 degrees of freedom
#
!XSPEC12> show param
#
#Parameters defined:
#========================================================================
#Model TBfeo<1>*simpl<2>*diskbb<3> Source No.: 1   Active/On
#Model Model Component  Parameter  Unit     Value
# par  comp
#   1    1   TBfeo      nH         10^22    3.97821      +/-  17.5326      
#   2    1   TBfeo      O                   0.127134     +/-  9.12320      
#   3    1   TBfeo      Fe                  1.18561      +/-  10.0143      
#   4    1   TBfeo      redshift            0.0          frozen
#   5    2   simpl      Gamma               1.68402      +/-  1.08521      
#   6    2   simpl      FracSctr            0.978266     +/-  47.2408      
#   7    2   simpl      UpScOnly            1.00000      frozen
#   8    3   diskbb     Tin        keV      0.627297     +/-  50.6888      
#   9    3   diskbb     norm                13.7524      +/-  3520.49      
#________________________________________________________________________
#
#
!XSPEC12> log none
#