#XSPEC version: 12.11.0
#Build Date/Time: Thu Jul  2 16:22:45 2020
#
!XSPEC12> chatter 10
#
!XSPEC12> show data
#
#1 file 1 spectrum 
#Spectrum 1  Spectral Data File: /home/thaddaeus/FMU/Steiner/thaddaeus/1130360182/jspipe/js_ni1130360182_0mpu7_silver_GTI0.jsgrp
#Net count rate (cts/s) for Spectrum:1  4.780e+01 +/- 2.659e-01 (94.1 % total)
# Assigned to Data Group 1 and Plot Group 1
#  Noticed Channels:  83-254
#  Telescope: NICER Instrument: XTI  Channel Type: PI
#  Exposure Time: 722.4 sec
# Using fit statistic: pgstat
# Using Background File                /home/thaddaeus/FMU/Steiner/thaddaeus/1130360182/jspipe/js_ni1130360182_0mpu7_silver_GTI0.bg
#  Background Exposure Time: 722.4 sec
# Using Response (RMF) File            /home/thaddaeus/FMU/Steiner/thaddaeus/nicer_d49_55575341.rmf for Source 1
# Using Auxiliary Response (ARF) File  /home/thaddaeus/FMU/Steiner/thaddaeus/nicer_d49_55575341.arf
#
#
!XSPEC12> show fit
#
#Fit statistic  : PG-Statistic                 214.76     using 172 bins.
#
#Test statistic : Chi-Squared                  254.86     using 172 bins.
# Null hypothesis probability of 8.83e-06 with 165 degrees of freedom
#
!XSPEC12> show param
#
#Parameters defined:
#========================================================================
#Model TBfeo<1>*simpl<2>*diskbb<3> Source No.: 1   Active/On
#Model Model Component  Parameter  Unit     Value
# par  comp
#   1    1   TBfeo      nH         10^22    3.64277      +/-  3.21143      
#   2    1   TBfeo      O                   0.470630     +/-  24.2704      
#   3    1   TBfeo      Fe                  0.866886     +/-  58.5440      
#   4    1   TBfeo      redshift            0.0          frozen
#   5    2   simpl      Gamma               2.87114      +/-  5.42409      
#   6    2   simpl      FracSctr            4.98981E-03  +/-  2.77093E-02  
#   7    2   simpl      UpScOnly            1.00000      frozen
#   8    3   diskbb     Tin        keV      0.486473     +/-  4.74797E-02  
#   9    3   diskbb     norm                3960.42      +/-  4053.09      
#________________________________________________________________________
#
#
!XSPEC12> log none
#