#XSPEC version: 12.11.0
#Build Date/Time: Thu Jul  2 16:22:45 2020
#
!XSPEC12> chatter 10
#
!XSPEC12> show data
#
#1 file 1 spectrum 
#Spectrum 1  Spectral Data File: /home/thaddaeus/FMU/Steiner/thaddaeus/1130360190/jspipe/js_ni1130360190_0mpu7_silver_GTI0.jsgrp
#Net count rate (cts/s) for Spectrum:1  6.112e+00 +/- 1.803e-01 (93.2 % total)
# Assigned to Data Group 1 and Plot Group 1
#  Noticed Channels:  69-185
#  Telescope: NICER Instrument: XTI  Channel Type: PI
#  Exposure Time: 201.9 sec
# Using fit statistic: pgstat
# Using Background File                /home/thaddaeus/FMU/Steiner/thaddaeus/1130360190/jspipe/js_ni1130360190_0mpu7_silver_GTI0.bg
#  Background Exposure Time: 201.9 sec
# Using Response (RMF) File            /home/thaddaeus/FMU/Steiner/thaddaeus/nicer_d49_55575341.rmf for Source 1
# Using Auxiliary Response (ARF) File  /home/thaddaeus/FMU/Steiner/thaddaeus/nicer_d49_55575341.arf
#
#
!XSPEC12> show fit
#
#Fit statistic  : PG-Statistic                 105.78     using 117 bins.
#
#Test statistic : Chi-Squared                  124.42     using 117 bins.
# Null hypothesis probability of 1.64e-01 with 110 degrees of freedom
#
!XSPEC12> show param
#
#Parameters defined:
#========================================================================
#Model TBfeo<1>*simpl<2>*diskbb<3> Source No.: 1   Active/On
#Model Model Component  Parameter  Unit     Value
# par  comp
#   1    1   TBfeo      nH         10^22    3.09391      +/-  22.1821      
#   2    1   TBfeo      O                   9.48746E-02  +/-  11.7223      
#   3    1   TBfeo      Fe                  3.94351E-02  +/-  13.7587      
#   4    1   TBfeo      redshift            0.0          frozen
#   5    2   simpl      Gamma               1.39376      +/-  2.73369      
#   6    2   simpl      FracSctr            0.722864     +/-  0.925305     
#   7    2   simpl      UpScOnly            1.00000      frozen
#   8    3   diskbb     Tin        keV      0.902500     +/-  4.32503      
#   9    3   diskbb     norm                6.02530      +/-  93.6145      
#________________________________________________________________________
#
#
!XSPEC12> log none
#