#XSPEC version: 12.11.0
#Build Date/Time: Thu Jul  2 16:22:45 2020
#
!XSPEC12> chatter 10
#
!XSPEC12> show data
#
#1 file 1 spectrum 
#Spectrum 1  Spectral Data File: /home/thaddaeus/FMU/Steiner/thaddaeus/1130360283/jspipe/js_ni1130360283_0mpu7_silver_GTI0.jsgrp
#Net count rate (cts/s) for Spectrum:1  1.386e+00 +/- 5.483e-02 (62.3 % total)
# Assigned to Data Group 1 and Plot Group 1
#  Noticed Channels:  79-217
#  Telescope: NICER Instrument: XTI  Channel Type: PI
#  Exposure Time: 764.4 sec
# Using fit statistic: pgstat
# Using Background File                /home/thaddaeus/FMU/Steiner/thaddaeus/1130360283/jspipe/js_ni1130360283_0mpu7_silver_GTI0.bg
#  Background Exposure Time: 764.4 sec
# Using Response (RMF) File            /home/thaddaeus/FMU/Steiner/thaddaeus/nicer_d49_55575341.rmf for Source 1
# Using Auxiliary Response (ARF) File  /home/thaddaeus/FMU/Steiner/thaddaeus/nicer_d49_55575341.arf
#
#
!XSPEC12> show fit
#
#Fit statistic  : PG-Statistic                 156.94     using 139 bins.
#
#Test statistic : Chi-Squared                  187.31     using 139 bins.
# Null hypothesis probability of 1.11e-03 with 132 degrees of freedom
#
!XSPEC12> show param
#
#Parameters defined:
#========================================================================
#Model TBfeo<1>*simpl<2>*diskbb<3> Source No.: 1   Active/On
#Model Model Component  Parameter  Unit     Value
# par  comp
#   1    1   TBfeo      nH         10^22    3.58128      +/-  26.1345      
#   2    1   TBfeo      O                   0.507119     +/-  17.7295      
#   3    1   TBfeo      Fe                  0.897588     +/-  26.8632      
#   4    1   TBfeo      redshift            0.0          frozen
#   5    2   simpl      Gamma               2.87114      +/-  25.3576      
#   6    2   simpl      FracSctr            0.990031     +/-  967.132      
#   7    2   simpl      UpScOnly            1.00000      frozen
#   8    3   diskbb     Tin        keV      1.20763      +/-  591.366      
#   9    3   diskbb     norm                0.455119     +/-  669.962      
#________________________________________________________________________
#
#
!XSPEC12> log none
#