#XSPEC version: 12.11.0
#Build Date/Time: Thu Jul  2 16:22:45 2020
#
!XSPEC12> chatter 10
#
!XSPEC12> show data
#
#1 file 1 spectrum 
#Spectrum 1  Spectral Data File: /home/thaddaeus/FMU/Steiner/thaddaeus/1130360224/jspipe/js_ni1130360224_0mpu7_silver_GTI0.jsgrp
#Net count rate (cts/s) for Spectrum:1  2.731e+00 +/- 7.148e-02 (54.0 % total)
# Assigned to Data Group 1 and Plot Group 1
#  Noticed Channels:  83-254
#  Telescope: NICER Instrument: XTI  Channel Type: PI
#  Exposure Time: 1053 sec
# Using fit statistic: pgstat
# Using Background File                /home/thaddaeus/FMU/Steiner/thaddaeus/1130360224/jspipe/js_ni1130360224_0mpu7_silver_GTI0.bg
#  Background Exposure Time: 1053 sec
# Using Response (RMF) File            /home/thaddaeus/FMU/Steiner/thaddaeus/nicer_d49_55575341.rmf for Source 1
# Using Auxiliary Response (ARF) File  /home/thaddaeus/FMU/Steiner/thaddaeus/nicer_d49_55575341.arf
#
#
!XSPEC12> show fit
#
#Fit statistic  : PG-Statistic                 197.60     using 172 bins.
#
#Test statistic : Chi-Squared                  195.39     using 172 bins.
# Null hypothesis probability of 5.30e-02 with 165 degrees of freedom
#
!XSPEC12> show param
#
#Parameters defined:
#========================================================================
#Model TBfeo<1>*simpl<2>*diskbb<3> Source No.: 1   Active/On
#Model Model Component  Parameter  Unit     Value
# par  comp
#   1    1   TBfeo      nH         10^22    3.72698      +/-  17.6412      
#   2    1   TBfeo      O                   0.393756     +/-  9.73225      
#   3    1   TBfeo      Fe                  0.314927     +/-  13.1400      
#   4    1   TBfeo      redshift            0.0          frozen
#   5    2   simpl      Gamma               1.39365      +/-  4.77660      
#   6    2   simpl      FracSctr            0.797543     +/-  2.81764      
#   7    2   simpl      UpScOnly            1.00000      frozen
#   8    3   diskbb     Tin        keV      1.07782      +/-  8.06450      
#   9    3   diskbb     norm                1.49427      +/-  31.4733      
#________________________________________________________________________
#
#
!XSPEC12> log none
#