#XSPEC version: 12.11.0
#Build Date/Time: Thu Jul  2 16:22:45 2020
#
!XSPEC12> chatter 10
#
!XSPEC12> show data
#
#1 file 1 spectrum 
#Spectrum 1  Spectral Data File: /home/thaddaeus/FMU/Steiner/thaddaeus/1130360222/jspipe/js_ni1130360222_0mpu7_silver_GTI0.jsgrp
#Net count rate (cts/s) for Spectrum:1  1.494e+00 +/- 4.690e-02 (80.4 % total)
# Assigned to Data Group 1 and Plot Group 1
#  Noticed Channels:  79-216
#  Telescope: NICER Instrument: XTI  Channel Type: PI
#  Exposure Time: 859.7 sec
# Using fit statistic: pgstat
# Using Background File                /home/thaddaeus/FMU/Steiner/thaddaeus/1130360222/jspipe/js_ni1130360222_0mpu7_silver_GTI0.bg
#  Background Exposure Time: 859.7 sec
# Using Response (RMF) File            /home/thaddaeus/FMU/Steiner/thaddaeus/nicer_d49_55575341.rmf for Source 1
# Using Auxiliary Response (ARF) File  /home/thaddaeus/FMU/Steiner/thaddaeus/nicer_d49_55575341.arf
#
#
!XSPEC12> show fit
#
#Fit statistic  : PG-Statistic                 136.75     using 138 bins.
#
#Test statistic : Chi-Squared                  135.06     using 138 bins.
# Null hypothesis probability of 3.86e-01 with 131 degrees of freedom
#
!XSPEC12> show param
#
#Parameters defined:
#========================================================================
#Model TBfeo<1>*simpl<2>*diskbb<3> Source No.: 1   Active/On
#Model Model Component  Parameter  Unit     Value
# par  comp
#   1    1   TBfeo      nH         10^22    3.74662      +/-  25.0340      
#   2    1   TBfeo      O                   9.48572E-02  +/-  11.1210      
#   3    1   TBfeo      Fe                  3.94272E-02  +/-  11.8705      
#   4    1   TBfeo      redshift            0.0          frozen
#   5    2   simpl      Gamma               1.39365      +/-  2.11219      
#   6    2   simpl      FracSctr            0.769149     +/-  1.25190      
#   7    2   simpl      UpScOnly            1.00000      frozen
#   8    3   diskbb     Tin        keV      0.774262     +/-  5.11357      
#   9    3   diskbb     norm                2.53170      +/-  58.6906      
#________________________________________________________________________
#
#
!XSPEC12> log none
#