#XSPEC version: 12.11.0
#Build Date/Time: Thu Jul  2 16:22:45 2020
#
!XSPEC12> chatter 10
#
!XSPEC12> show data
#
#1 file 1 spectrum 
#Spectrum 1  Spectral Data File: /home/thaddaeus/FMU/Steiner/thaddaeus/1130360201/jspipe/js_ni1130360201_0mpu7_silver_GTI0.jsgrp
#Net count rate (cts/s) for Spectrum:1  2.388e+01 +/- 1.687e-01 (98.5 % total)
# Assigned to Data Group 1 and Plot Group 1
#  Noticed Channels:  83-252
#  Telescope: NICER Instrument: XTI  Channel Type: PI
#  Exposure Time: 852.7 sec
# Using fit statistic: pgstat
# Using Background File                /home/thaddaeus/FMU/Steiner/thaddaeus/1130360201/jspipe/js_ni1130360201_0mpu7_silver_GTI0.bg
#  Background Exposure Time: 852.7 sec
# Using Response (RMF) File            /home/thaddaeus/FMU/Steiner/thaddaeus/nicer_d49_55575341.rmf for Source 1
# Using Auxiliary Response (ARF) File  /home/thaddaeus/FMU/Steiner/thaddaeus/nicer_d49_55575341.arf
#
#
!XSPEC12> show fit
#
#Fit statistic  : PG-Statistic                 186.67     using 170 bins.
#
#Test statistic : Chi-Squared                  207.90     using 170 bins.
# Null hypothesis probability of 1.00e-02 with 163 degrees of freedom
#
!XSPEC12> show param
#
#Parameters defined:
#========================================================================
#Model TBfeo<1>*simpl<2>*diskbb<3> Source No.: 1   Active/On
#Model Model Component  Parameter  Unit     Value
# par  comp
#   1    1   TBfeo      nH         10^22    3.09985      +/-  5.24373      
#   2    1   TBfeo      O                   9.48572E-02  +/-  2.78715      
#   3    1   TBfeo      Fe                  1.32257      +/-  3.83492      
#   4    1   TBfeo      redshift            0.0          frozen
#   5    2   simpl      Gamma               1.39480      +/-  0.572134     
#   6    2   simpl      FracSctr            0.579022     +/-  0.129515     
#   7    2   simpl      UpScOnly            1.00000      frozen
#   8    3   diskbb     Tin        keV      0.893035     +/-  0.535873     
#   9    3   diskbb     norm                28.2262      +/-  58.7224      
#________________________________________________________________________
#
#
!XSPEC12> log none
#