#XSPEC version: 12.11.0
#Build Date/Time: Thu Jul  2 16:22:45 2020
#
!XSPEC12> chatter 10
#
!XSPEC12> show data
#
#1 file 1 spectrum 
#Spectrum 1  Spectral Data File: /home/thaddaeus/FMU/Steiner/thaddaeus/1130360207/jspipe/js_ni1130360207_0mpu7_silver_GTI0.jsgrp
#Net count rate (cts/s) for Spectrum:1  2.298e+01 +/- 3.264e-01 (98.6 % total)
# Assigned to Data Group 1 and Plot Group 1
#  Noticed Channels:  79-221
#  Telescope: NICER Instrument: XTI  Channel Type: PI
#  Exposure Time: 218.9 sec
# Using fit statistic: pgstat
# Using Background File                /home/thaddaeus/FMU/Steiner/thaddaeus/1130360207/jspipe/js_ni1130360207_0mpu7_silver_GTI0.bg
#  Background Exposure Time: 218.9 sec
# Using Response (RMF) File            /home/thaddaeus/FMU/Steiner/thaddaeus/nicer_d49_55575341.rmf for Source 1
# Using Auxiliary Response (ARF) File  /home/thaddaeus/FMU/Steiner/thaddaeus/nicer_d49_55575341.arf
#
#
!XSPEC12> show fit
#
#Fit statistic  : PG-Statistic                 138.21     using 143 bins.
#
#Test statistic : Chi-Squared                  147.63     using 143 bins.
# Null hypothesis probability of 2.34e-01 with 136 degrees of freedom
#
!XSPEC12> show param
#
#Parameters defined:
#========================================================================
#Model TBfeo<1>*simpl<2>*diskbb<3> Source No.: 1   Active/On
#Model Model Component  Parameter  Unit     Value
# par  comp
#   1    1   TBfeo      nH         10^22    3.09919      +/-  9.92737      
#   2    1   TBfeo      O                   9.48572E-02  +/-  5.44177      
#   3    1   TBfeo      Fe                  3.94280E-02  +/-  6.97811      
#   4    1   TBfeo      redshift            0.0          frozen
#   5    2   simpl      Gamma               1.39438      +/-  0.892157     
#   6    2   simpl      FracSctr            0.388539     +/-  0.346825     
#   7    2   simpl      UpScOnly            1.00000      frozen
#   8    3   diskbb     Tin        keV      0.731992     +/-  0.522203     
#   9    3   diskbb     norm                67.2034      +/-  214.910      
#________________________________________________________________________
#
#
!XSPEC12> log none
#