#XSPEC version: 12.11.0
#Build Date/Time: Thu Jul  2 16:22:45 2020
#
!XSPEC12> chatter 10
#
!XSPEC12> show data
#
#1 file 1 spectrum 
#Spectrum 1  Spectral Data File: /home/thaddaeus/FMU/Steiner/thaddaeus/1130360199/jspipe/js_ni1130360199_0mpu7_silver_GTI0.jsgrp
#Net count rate (cts/s) for Spectrum:1  8.092e+00 +/- 2.013e-01 (95.7 % total)
# Assigned to Data Group 1 and Plot Group 1
#  Noticed Channels:  70-197
#  Telescope: NICER Instrument: XTI  Channel Type: PI
#  Exposure Time: 208.9 sec
# Using fit statistic: pgstat
# Using Background File                /home/thaddaeus/FMU/Steiner/thaddaeus/1130360199/jspipe/js_ni1130360199_0mpu7_silver_GTI0.bg
#  Background Exposure Time: 208.9 sec
# Using Response (RMF) File            /home/thaddaeus/FMU/Steiner/thaddaeus/nicer_d49_55575341.rmf for Source 1
# Using Auxiliary Response (ARF) File  /home/thaddaeus/FMU/Steiner/thaddaeus/nicer_d49_55575341.arf
#
#
!XSPEC12> show fit
#
#Fit statistic  : PG-Statistic                 136.09     using 128 bins.
#
#Test statistic : Chi-Squared                  148.90     using 128 bins.
# Null hypothesis probability of 4.33e-02 with 121 degrees of freedom
#
!XSPEC12> show param
#
#Parameters defined:
#========================================================================
#Model TBfeo<1>*simpl<2>*diskbb<3> Source No.: 1   Active/On
#Model Model Component  Parameter  Unit     Value
# par  comp
#   1    1   TBfeo      nH         10^22    3.09568      +/-  18.8085      
#   2    1   TBfeo      O                   9.48572E-02  +/-  10.7921      
#   3    1   TBfeo      Fe                  4.36979      +/-  27.7207      
#   4    1   TBfeo      redshift            0.0          frozen
#   5    2   simpl      Gamma               1.39365      +/-  9.49022      
#   6    2   simpl      FracSctr            0.620617     +/-  2.00375      
#   7    2   simpl      UpScOnly            1.00000      frozen
#   8    3   diskbb     Tin        keV      1.52354      +/-  6.61131      
#   9    3   diskbb     norm                1.48741      +/-  12.7672      
#________________________________________________________________________
#
#
!XSPEC12> log none
#