#XSPEC version: 12.11.0
#Build Date/Time: Thu Jul  2 16:22:45 2020
#
!XSPEC12> chatter 10
#
!XSPEC12> show data
#
#1 file 1 spectrum 
#Spectrum 1  Spectral Data File: /home/thaddaeus/FMU/Steiner/thaddaeus/1130360233/jspipe/js_ni1130360233_0mpu7_silver_GTI0.jsgrp
#Net count rate (cts/s) for Spectrum:1  6.490e+00 +/- 1.983e-01 (96.0 % total)
# Assigned to Data Group 1 and Plot Group 1
#  Noticed Channels:  67-172
#  Telescope: NICER Instrument: XTI  Channel Type: PI
#  Exposure Time: 171.9 sec
# Using fit statistic: pgstat
# Using Background File                /home/thaddaeus/FMU/Steiner/thaddaeus/1130360233/jspipe/js_ni1130360233_0mpu7_silver_GTI0.bg
#  Background Exposure Time: 171.9 sec
# Using Response (RMF) File            /home/thaddaeus/FMU/Steiner/thaddaeus/nicer_d49_55575341.rmf for Source 1
# Using Auxiliary Response (ARF) File  /home/thaddaeus/FMU/Steiner/thaddaeus/nicer_d49_55575341.arf
#
#
!XSPEC12> show fit
#
#Fit statistic  : PG-Statistic                 130.24     using 106 bins.
#
#Test statistic : Chi-Squared                  141.65     using 106 bins.
# Null hypothesis probability of 3.21e-03 with 99 degrees of freedom
#
!XSPEC12> show param
#
#Parameters defined:
#========================================================================
#Model TBfeo<1>*simpl<2>*diskbb<3> Source No.: 1   Active/On
#Model Model Component  Parameter  Unit     Value
# par  comp
#   1    1   TBfeo      nH         10^22    3.35087      +/-  22.1316      
#   2    1   TBfeo      O                   9.54393E-02  +/-  11.9901      
#   3    1   TBfeo      Fe                  2.65670      +/-  23.0877      
#   4    1   TBfeo      redshift            0.0          frozen
#   5    2   simpl      Gamma               1.60828      +/-  4.47300      
#   6    2   simpl      FracSctr            0.604336     +/-  1.99700      
#   7    2   simpl      UpScOnly            1.00000      frozen
#   8    3   diskbb     Tin        keV      1.01302      +/-  3.77275      
#   9    3   diskbb     norm                4.58074      +/-  56.5504      
#________________________________________________________________________
#
#
!XSPEC12> log none
#