#XSPEC version: 12.11.0
#Build Date/Time: Thu Jul  2 16:22:45 2020
#
!XSPEC12> chatter 10
#
!XSPEC12> show data
#
#1 file 1 spectrum 
#Spectrum 1  Spectral Data File: /home/thaddaeus/FMU/Steiner/thaddaeus/1130360264/jspipe/js_ni1130360264_0mpu7_silver_GTI0.jsgrp
#Net count rate (cts/s) for Spectrum:1  1.081e+00 +/- 4.623e-02 (54.2 % total)
# Assigned to Data Group 1 and Plot Group 1
#  Noticed Channels:  82-250
#  Telescope: NICER Instrument: XTI  Channel Type: PI
#  Exposure Time: 980 sec
# Using fit statistic: pgstat
# Using Background File                /home/thaddaeus/FMU/Steiner/thaddaeus/1130360264/jspipe/js_ni1130360264_0mpu7_silver_GTI0.bg
#  Background Exposure Time: 980 sec
# Using Response (RMF) File            /home/thaddaeus/FMU/Steiner/thaddaeus/nicer_d49_55575341.rmf for Source 1
# Using Auxiliary Response (ARF) File  /home/thaddaeus/FMU/Steiner/thaddaeus/nicer_d49_55575341.arf
#
#
!XSPEC12> show fit
#
#Fit statistic  : PG-Statistic                 192.30     using 169 bins.
#
#Test statistic : Chi-Squared                  174.97     using 169 bins.
# Null hypothesis probability of 2.30e-01 with 162 degrees of freedom
#
!XSPEC12> show param
#
#Parameters defined:
#========================================================================
#Model TBfeo<1>*simpl<2>*diskbb<3> Source No.: 1   Active/On
#Model Model Component  Parameter  Unit     Value
# par  comp
#   1    1   TBfeo      nH         10^22    4.42937      +/-  33.0051      
#   2    1   TBfeo      O                   0.577394     +/-  22.8255      
#   3    1   TBfeo      Fe                  3.94272E-02  +/-  14.1634      
#   4    1   TBfeo      redshift            0.0          frozen
#   5    2   simpl      Gamma               1.39365      +/-  7.59130      
#   6    2   simpl      FracSctr            0.990052     +/-  176.290      
#   7    2   simpl      UpScOnly            1.00000      frozen
#   8    3   diskbb     Tin        keV      1.09237      +/-  480.340      
#   9    3   diskbb     norm                0.494886     +/-  671.799      
#________________________________________________________________________
#
#
!XSPEC12> log none
#