#XSPEC version: 12.11.0
#Build Date/Time: Thu Jul  2 16:22:45 2020
#
!XSPEC12> chatter 10
#
!XSPEC12> show data
#
#1 file 1 spectrum 
#Spectrum 1  Spectral Data File: /home/thaddaeus/FMU/Steiner/thaddaeus/1130360206/jspipe/js_ni1130360206_0mpu7_silver_GTI0.jsgrp
#Net count rate (cts/s) for Spectrum:1  3.902e+01 +/- 4.368e-01 (98.9 % total)
# Assigned to Data Group 1 and Plot Group 1
#  Noticed Channels:  82-224
#  Telescope: NICER Instrument: XTI  Channel Type: PI
#  Exposure Time: 206.9 sec
# Using fit statistic: pgstat
# Using Background File                /home/thaddaeus/FMU/Steiner/thaddaeus/1130360206/jspipe/js_ni1130360206_0mpu7_silver_GTI0.bg
#  Background Exposure Time: 206.9 sec
# Using Response (RMF) File            /home/thaddaeus/FMU/Steiner/thaddaeus/nicer_d49_55575341.rmf for Source 1
# Using Auxiliary Response (ARF) File  /home/thaddaeus/FMU/Steiner/thaddaeus/nicer_d49_55575341.arf
#
#
!XSPEC12> show fit
#
#Fit statistic  : PG-Statistic                 145.42     using 143 bins.
#
#Test statistic : Chi-Squared                  149.05     using 143 bins.
# Null hypothesis probability of 2.10e-01 with 136 degrees of freedom
#
!XSPEC12> show param
#
#Parameters defined:
#========================================================================
#Model TBfeo<1>*simpl<2>*diskbb<3> Source No.: 1   Active/On
#Model Model Component  Parameter  Unit     Value
# par  comp
#   1    1   TBfeo      nH         10^22    3.09365      +/-  7.35368      
#   2    1   TBfeo      O                   9.48572E-02  +/-  4.52482      
#   3    1   TBfeo      Fe                  3.94293E-02  +/-  7.14098      
#   4    1   TBfeo      redshift            0.0          frozen
#   5    2   simpl      Gamma               1.55048      +/-  0.602131     
#   6    2   simpl      FracSctr            0.104993     +/-  7.82386E-02  
#   7    2   simpl      UpScOnly            1.00000      frozen
#   8    3   diskbb     Tin        keV      0.541434     +/-  0.146639     
#   9    3   diskbb     norm                783.126      +/-  1540.69      
#________________________________________________________________________
#
#
!XSPEC12> log none
#