#XSPEC version: 12.11.0
#Build Date/Time: Thu Jul  2 16:22:45 2020
#
!XSPEC12> chatter 10
#
!XSPEC12> show data
#
#1 file 1 spectrum 
#Spectrum 1  Spectral Data File: /home/thaddaeus/FMU/Steiner/thaddaeus/2130360204/jspipe/js_ni2130360204_0mpu7_silver_GTI0.jsgrp
#Net count rate (cts/s) for Spectrum:1  9.393e-01 +/- 5.351e-02 (59.6 % total)
# Assigned to Data Group 1 and Plot Group 1
#  Noticed Channels:  75-186
#  Telescope: NICER Instrument: XTI  Channel Type: PI
#  Exposure Time: 563.8 sec
# Using fit statistic: pgstat
# Using Background File                /home/thaddaeus/FMU/Steiner/thaddaeus/2130360204/jspipe/js_ni2130360204_0mpu7_silver_GTI0.bg
#  Background Exposure Time: 563.8 sec
# Using Response (RMF) File            /home/thaddaeus/FMU/Steiner/thaddaeus/nicer_d49_55575341.rmf for Source 1
# Using Auxiliary Response (ARF) File  /home/thaddaeus/FMU/Steiner/thaddaeus/nicer_d49_55575341.arf
#
#
!XSPEC12> show fit
#
#Fit statistic  : PG-Statistic                 132.39     using 112 bins.
#
#Test statistic : Chi-Squared                  151.81     using 112 bins.
# Null hypothesis probability of 1.92e-03 with 105 degrees of freedom
#
!XSPEC12> show param
#
#Parameters defined:
#========================================================================
#Model TBfeo<1>*simpl<2>*diskbb<3> Source No.: 1   Active/On
#Model Model Component  Parameter  Unit     Value
# par  comp
#   1    1   TBfeo      nH         10^22    3.63601      +/-  38.2005      
#   2    1   TBfeo      O                   0.548015     +/-  25.1672      
#   3    1   TBfeo      Fe                  0.883641     +/-  44.4478      
#   4    1   TBfeo      redshift            0.0          frozen
#   5    2   simpl      Gamma               2.87114      +/-  22.1193      
#   6    2   simpl      FracSctr            0.986863     +/-  1163.75      
#   7    2   simpl      UpScOnly            1.00000      frozen
#   8    3   diskbb     Tin        keV      0.983778     +/-  584.191      
#   9    3   diskbb     norm                0.651079     +/-  1163.75      
#________________________________________________________________________
#
#
!XSPEC12> log none
#