#XSPEC version: 12.11.0m
#Build Date/Time: Sat Nov 21 22:38:27 2020
#
!XSPEC12> show data
#
#1 file 1 spectrum 
#Spectrum 1  Spectral Data File: /home/thaddaeus/FMU/Steiner/thaddaeus/1130360283/jspipe/js_ni1130360283_0mpu7_silver_GTI0.jsgrp
#Net count rate (cts/s) for Spectrum:1  1.042e+00 +/- 5.947e-02 (41.0 % total)
# Assigned to Data Group 1 and Plot Group 1
#  Noticed Channels:  22-50,79-217
#  Telescope: NICER Instrument: XTI  Channel Type: PI
#  Exposure Time: 764.4 sec
# Using fit statistic: pgstat
# Using Background File                /home/thaddaeus/FMU/Steiner/thaddaeus/1130360283/jspipe/js_ni1130360283_0mpu7_silver_GTI0.bg
#  Background Exposure Time: 764.4 sec
# Using Response (RMF) File            /home/thaddaeus/FMU/Steiner/thaddaeus/nicer_d48_u100_150_53019466.rmf for Source 1
# Using Auxiliary Response (ARF) File  /home/thaddaeus/FMU/Steiner/thaddaeus/nicer_d48_53019466.arf
#
#
!XSPEC12> show param
#
#Parameters defined:
#========================================================================
#Model TBabs<1>(diskbb<2> + nthComp<3>) Source No.: 1   Active/On
#Model Model Component  Parameter  Unit     Value
# par  comp
#   1    1   TBabs      nH         10^22    3.20000      frozen
#   2    2   diskbb     Tin        keV      9.97354E-02  +/-  9.75286      
#   3    2   diskbb     norm                35.2534      +/-  4.62967E+08  
#   4    3   nthComp    Gamma               1.38476      +/-  0.118342     
#   5    3   nthComp    kT_e       keV      100.000      frozen
#   6    3   nthComp    kT_bb      keV      9.97354E-02  = p2
#   7    3   nthComp    inp_type   0/1      1.00000      frozen
#   8    3   nthComp    Redshift            0.0          frozen
#   9    3   nthComp    norm                3.79286E-03  +/-  1.54370E-03  
#________________________________________________________________________
#
#
!XSPEC12> show fit
#
#Fit statistic  : PG-Statistic                 529.68     using 168 bins.
#
#Test statistic : Chi-Squared                  863.63     using 168 bins.
# Null hypothesis probability of 1.78e-95 with 164 degrees of freedom
#
!XSPEC12> log none
#