#XSPEC version: 12.11.0m
#Build Date/Time: Sat Nov 21 22:38:27 2020
#
!XSPEC12> show data
#
#1 file 1 spectrum 
#Spectrum 1  Spectral Data File: /home/thaddaeus/FMU/Steiner/thaddaeus/1130360261/jspipe/js_ni1130360261_0mpu7_silver_GTI0.jsgrp
#Net count rate (cts/s) for Spectrum:1  1.369e-01 +/- 5.491e-02 (12.8 % total)
# Assigned to Data Group 1 and Plot Group 1
#  Noticed Channels:  21-32,56-117
#  Telescope: NICER Instrument: XTI  Channel Type: PI
#  Exposure Time: 369.1 sec
# Using fit statistic: pgstat
# Using Background File                /home/thaddaeus/FMU/Steiner/thaddaeus/1130360261/jspipe/js_ni1130360261_0mpu7_silver_GTI0.bg
#  Background Exposure Time: 369.1 sec
# Using Response (RMF) File            /home/thaddaeus/FMU/Steiner/thaddaeus/nicer_d49_u50_100_55575341.rmf for Source 1
# Using Auxiliary Response (ARF) File  /home/thaddaeus/FMU/Steiner/thaddaeus/nicer_d49_55575341.arf
#
#
!XSPEC12> show param
#
#Parameters defined:
#========================================================================
#Model TBabs<1>(diskbb<2> + nthComp<3>) Source No.: 1   Active/On
#Model Model Component  Parameter  Unit     Value
# par  comp
#   1    1   TBabs      nH         10^22    3.20000      frozen
#   2    2   diskbb     Tin        keV      1.34353E-02  +/-  9.81943      
#   3    2   diskbb     norm                3.98768E+18  +/-  6.01344E+32  
#   4    3   nthComp    Gamma               1.31021      +/-  0.371195     
#   5    3   nthComp    kT_e       keV      100.000      frozen
#   6    3   nthComp    kT_bb      keV      1.34353E-02  = p2
#   7    3   nthComp    inp_type   0/1      1.00000      frozen
#   8    3   nthComp    Redshift            0.0          frozen
#   9    3   nthComp    norm                9.06434E-04  +/-  2.18304E-03  
#________________________________________________________________________
#
#
!XSPEC12> show fit
#
#Fit statistic  : PG-Statistic                 170.28     using 74 bins.
#
#Test statistic : Chi-Squared                  290.70     using 74 bins.
# Null hypothesis probability of 1.10e-28 with 70 degrees of freedom
#
!XSPEC12> log none
#