#XSPEC version: 12.11.0m
#Build Date/Time: Sat Nov 21 22:38:27 2020
#
!XSPEC12> show data
#
#1 file 1 spectrum 
#Spectrum 1  Spectral Data File: /home/thaddaeus/FMU/Steiner/thaddaeus/1130360137/jspipe/js_ni1130360137_0mpu7_silver_GTI0.jsgrp
#Net count rate (cts/s) for Spectrum:1  1.021e+03 +/- 1.523e+00 (100.0 % total)
# Assigned to Data Group 1 and Plot Group 1
#  Noticed Channels:  22-54,83-231
#  Telescope: NICER Instrument: XTI  Channel Type: PI
#  Exposure Time: 440.2 sec
# Using fit statistic: pgstat
# Using Background File                /home/thaddaeus/FMU/Steiner/thaddaeus/1130360137/jspipe/js_ni1130360137_0mpu7_silver_GTI0.bg
#  Background Exposure Time: 440.2 sec
# Using Response (RMF) File            /home/thaddaeus/FMU/Steiner/thaddaeus/nicer_d48_u12p5_25_53019466.rmf for Source 1
# Using Auxiliary Response (ARF) File  /home/thaddaeus/FMU/Steiner/thaddaeus/nicer_d48_53019466.arf
#
#
!XSPEC12> show param
#
#Parameters defined:
#========================================================================
#Model TBabs<1>(diskbb<2> + nthComp<3>) Source No.: 1   Active/On
#Model Model Component  Parameter  Unit     Value
# par  comp
#   1    1   TBabs      nH         10^22    3.20000      frozen
#   2    2   diskbb     Tin        keV      0.788083     +/-  1.11872E-03  
#   3    2   diskbb     norm                3404.81      +/-  25.1485      
#   4    3   nthComp    Gamma               3.00000      +/-  1.98292E+22  
#   5    3   nthComp    kT_e       keV      100.000      frozen
#   6    3   nthComp    kT_bb      keV      0.788083     = p2
#   7    3   nthComp    inp_type   0/1      1.00000      frozen
#   8    3   nthComp    Redshift            0.0          frozen
#   9    3   nthComp    norm                1.18043E-18  +/-  5.56297E+04  
#________________________________________________________________________
#
#
!XSPEC12> show fit
#
#Fit statistic  : PG-Statistic                 677.48     using 182 bins.
#
#Test statistic : Chi-Squared                  732.60     using 182 bins.
# Null hypothesis probability of 2.43e-68 with 178 degrees of freedom
#
!XSPEC12> log none
#