#XSPEC version: 12.11.0m
#Build Date/Time: Sat Nov 21 22:38:27 2020
#
!XSPEC12> show data
#
#1 file 1 spectrum 
#Spectrum 1  Spectral Data File: /home/thaddaeus/FMU/Steiner/thaddaeus/1130360165/jspipe/js_ni1130360165_0mpu7_silver_GTI1.jsgrp
#Net count rate (cts/s) for Spectrum:1  2.781e+00 +/- 1.775e-01 (85.0 % total)
# Assigned to Data Group 1 and Plot Group 1
#  Noticed Channels:  15-33,61-73
#  Telescope: NICER Instrument: XTI  Channel Type: PI
#  Exposure Time: 104 sec
# Using fit statistic: pgstat
# Using Background File                /home/thaddaeus/FMU/Steiner/thaddaeus/1130360165/jspipe/js_ni1130360165_0mpu7_silver_GTI1.bg
#  Background Exposure Time: 104 sec
# Using Response (RMF) File            /home/thaddaeus/FMU/Steiner/thaddaeus/nicer_d49_55575341.rmf for Source 1
# Using Auxiliary Response (ARF) File  /home/thaddaeus/FMU/Steiner/thaddaeus/nicer_d49_55575341.arf
#
#
!XSPEC12> show param
#
#Parameters defined:
#========================================================================
#Model TBabs<1>(diskbb<2> + nthComp<3>) Source No.: 1   Active/On
#Model Model Component  Parameter  Unit     Value
# par  comp
#   1    1   TBabs      nH         10^22    3.20000      frozen
#   2    2   diskbb     Tin        keV      0.261626     +/-  2.76203E-02  
#   3    2   diskbb     norm                6535.41      +/-  3890.73      
#   4    3   nthComp    Gamma               3.00000      +/-  7.43762      
#   5    3   nthComp    kT_e       keV      100.000      frozen
#   6    3   nthComp    kT_bb      keV      0.261626     = p2
#   7    3   nthComp    inp_type   0/1      1.00000      frozen
#   8    3   nthComp    Redshift            0.0          frozen
#   9    3   nthComp    norm                2.79656E-03  +/-  1.19268E-02  
#________________________________________________________________________
#
#
!XSPEC12> show fit
#
#Fit statistic  : PG-Statistic                  29.07     using 32 bins.
#
#Test statistic : Chi-Squared                   29.91     using 32 bins.
# Null hypothesis probability of 3.68e-01 with 28 degrees of freedom
#
!XSPEC12> log none
#