#XSPEC version: 12.11.0m
#Build Date/Time: Sat Nov 21 22:38:27 2020
#
!XSPEC12> show data
#
#1 file 1 spectrum 
#Spectrum 1  Spectral Data File: /home/thaddaeus/FMU/Steiner/thaddaeus/1130360158/jspipe/js_ni1130360158_0mpu7_silver_GTI0.jsgrp
#Net count rate (cts/s) for Spectrum:1  3.224e+01 +/- 5.328e-01 (96.3 % total)
# Assigned to Data Group 1 and Plot Group 1
#  Noticed Channels:  22-50,79-157
#  Telescope: NICER Instrument: XTI  Channel Type: PI
#  Exposure Time: 118 sec
# Using fit statistic: pgstat
# Using Background File                /home/thaddaeus/FMU/Steiner/thaddaeus/1130360158/jspipe/js_ni1130360158_0mpu7_silver_GTI0.bg
#  Background Exposure Time: 118 sec
# Using Response (RMF) File            /home/thaddaeus/FMU/Steiner/thaddaeus/nicer_d49_55575341.rmf for Source 1
# Using Auxiliary Response (ARF) File  /home/thaddaeus/FMU/Steiner/thaddaeus/nicer_d49_55575341.arf
#
#
!XSPEC12> show param
#
#Parameters defined:
#========================================================================
#Model TBabs<1>(diskbb<2> + nthComp<3>) Source No.: 1   Active/On
#Model Model Component  Parameter  Unit     Value
# par  comp
#   1    1   TBabs      nH         10^22    3.20000      frozen
#   2    2   diskbb     Tin        keV      1.06918E-02  +/-  0.184286     
#   3    2   diskbb     norm                1.03736E+14  +/-  1.51409E+31  
#   4    3   nthComp    Gamma               3.00000      +/-  7.41166E-02  
#   5    3   nthComp    kT_e       keV      100.000      frozen
#   6    3   nthComp    kT_bb      keV      1.06918E-02  = p2
#   7    3   nthComp    inp_type   0/1      1.00000      frozen
#   8    3   nthComp    Redshift            0.0          frozen
#   9    3   nthComp    norm                0.503487     +/-  3.36382E-02  
#________________________________________________________________________
#
#
!XSPEC12> show fit
#
#Fit statistic  : PG-Statistic                1886.22     using 108 bins.
#
#Test statistic : Chi-Squared                 4124.20     using 108 bins.
# Null hypothesis probability of 0.00e+00 with 104 degrees of freedom
#
!XSPEC12> log none
#