#XSPEC version: 12.11.0m
#Build Date/Time: Sat Nov 21 22:38:27 2020
#
!XSPEC12> show data
#
#1 file 1 spectrum 
#Spectrum 1  Spectral Data File: /home/thaddaeus/FMU/Steiner/thaddaeus/1130360226/jspipe/js_ni1130360226_0mpu7_silver_GTI8.jsgrp
#Net count rate (cts/s) for Spectrum:1  1.087e+01 +/- 2.743e-01 (96.4 % total)
# Assigned to Data Group 1 and Plot Group 1
#  Noticed Channels:  18-36,65-182
#  Telescope: NICER Instrument: XTI  Channel Type: PI
#  Exposure Time: 149.9 sec
# Using fit statistic: pgstat
# Using Background File                /home/thaddaeus/FMU/Steiner/thaddaeus/1130360226/jspipe/js_ni1130360226_0mpu7_silver_GTI8.bg
#  Background Exposure Time: 149.9 sec
# Using Response (RMF) File            /home/thaddaeus/FMU/Steiner/thaddaeus/nicer_d48_u12p5_25_53150542.rmf for Source 1
# Using Auxiliary Response (ARF) File  /home/thaddaeus/FMU/Steiner/thaddaeus/nicer_d48_53150542.arf
#
#
!XSPEC12> show param
#
#Parameters defined:
#========================================================================
#Model TBabs<1>(diskbb<2> + nthComp<3>) Source No.: 1   Active/On
#Model Model Component  Parameter  Unit     Value
# par  comp
#   1    1   TBabs      nH         10^22    3.20000      frozen
#   2    2   diskbb     Tin        keV      1.34346E-02  +/-  1.04679      
#   3    2   diskbb     norm                3.80715E+18  +/-  4.29734E+31  
#   4    3   nthComp    Gamma               1.76075      +/-  5.72914E-02  
#   5    3   nthComp    kT_e       keV      100.000      frozen
#   6    3   nthComp    kT_bb      keV      1.34346E-02  = p2
#   7    3   nthComp    inp_type   0/1      1.00000      frozen
#   8    3   nthComp    Redshift            0.0          frozen
#   9    3   nthComp    norm                4.39599E-02  +/-  8.10895E-03  
#________________________________________________________________________
#
#
!XSPEC12> show fit
#
#Fit statistic  : PG-Statistic                 138.70     using 137 bins.
#
#Test statistic : Chi-Squared                  153.94     using 137 bins.
# Null hypothesis probability of 1.03e-01 with 133 degrees of freedom
#
!XSPEC12> log none
#