#XSPEC version: 12.11.0m
#Build Date/Time: Sat Nov 21 22:38:27 2020
#
!XSPEC12> show data
#
#1 file 1 spectrum 
#Spectrum 1  Spectral Data File: /home/thaddaeus/FMU/Steiner/thaddaeus/1130360173/jspipe/js_ni1130360173_0mpu7_silver_GTI1.jsgrp
#Net count rate (cts/s) for Spectrum:1  7.491e-01 +/- 1.565e-01 (26.2 % total)
# Assigned to Data Group 1 and Plot Group 1
#  Noticed Channels:  20-39,53-95
#  Telescope: NICER Instrument: XTI  Channel Type: PI
#  Exposure Time: 117.9 sec
# Using fit statistic: pgstat
# Using Background File                /home/thaddaeus/FMU/Steiner/thaddaeus/1130360173/jspipe/js_ni1130360173_0mpu7_silver_GTI1.bg
#  Background Exposure Time: 117.9 sec
# Using Response (RMF) File            /home/thaddaeus/FMU/Steiner/thaddaeus/nicer_d49_u12p5_25_55575341.rmf for Source 1
# Using Auxiliary Response (ARF) File  /home/thaddaeus/FMU/Steiner/thaddaeus/nicer_d49_55575341.arf
#
#
!XSPEC12> show param
#
#Parameters defined:
#========================================================================
#Model TBabs<1>(diskbb<2> + nthComp<3>) Source No.: 1   Active/On
#Model Model Component  Parameter  Unit     Value
# par  comp
#   1    1   TBabs      nH         10^22    3.20000      frozen
#   2    2   diskbb     Tin        keV      1.62262E-02  +/-  4.52075E-03  
#   3    2   diskbb     norm                1.00000E+24  +/-  1.92748E+25  
#   4    3   nthComp    Gamma               2.98744      +/-  0.611295     
#   5    3   nthComp    kT_e       keV      100.000      frozen
#   6    3   nthComp    kT_bb      keV      1.62262E-02  = p2
#   7    3   nthComp    inp_type   0/1      1.00000      frozen
#   8    3   nthComp    Redshift            0.0          frozen
#   9    3   nthComp    norm                9.28256E-03  +/-  3.67330E-03  
#________________________________________________________________________
#
#
!XSPEC12> show fit
#
#Fit statistic  : PG-Statistic                  92.12     using 63 bins.
#
#Test statistic : Chi-Squared                   88.79     using 63 bins.
# Null hypothesis probability of 7.31e-03 with 59 degrees of freedom
#
!XSPEC12> log none
#