#XSPEC version: 12.11.0m
#Build Date/Time: Sat Nov 21 22:38:27 2020
#
!XSPEC12> show data
#
#1 file 1 spectrum 
#Spectrum 1  Spectral Data File: /home/thaddaeus/FMU/Steiner/thaddaeus/1130360158/jspipe/js_ni1130360158_0mpu7_silver_GTI3.jsgrp
#Net count rate (cts/s) for Spectrum:1  2.935e+01 +/- 2.990e-01 (95.7 % total)
# Assigned to Data Group 1 and Plot Group 1
#  Noticed Channels:  22-54,83-193
#  Telescope: NICER Instrument: XTI  Channel Type: PI
#  Exposure Time: 343.9 sec
# Using fit statistic: pgstat
# Using Background File                /home/thaddaeus/FMU/Steiner/thaddaeus/1130360158/jspipe/js_ni1130360158_0mpu7_silver_GTI3.bg
#  Background Exposure Time: 343.9 sec
# Using Response (RMF) File            /home/thaddaeus/FMU/Steiner/thaddaeus/nicer_d49_55575341.rmf for Source 1
# Using Auxiliary Response (ARF) File  /home/thaddaeus/FMU/Steiner/thaddaeus/nicer_d49_55575341.arf
#
#
!XSPEC12> show param
#
#Parameters defined:
#========================================================================
#Model TBabs<1>(diskbb<2> + nthComp<3>) Source No.: 1   Active/On
#Model Model Component  Parameter  Unit     Value
# par  comp
#   1    1   TBabs      nH         10^22    3.20000      frozen
#   2    2   diskbb     Tin        keV      0.383118     +/-  3.32458E-03  
#   3    2   diskbb     norm                5769.67      +/-  279.091      
#   4    3   nthComp    Gamma               1.20019      +/-  1.05835      
#   5    3   nthComp    kT_e       keV      100.000      frozen
#   6    3   nthComp    kT_bb      keV      0.383118     = p2
#   7    3   nthComp    inp_type   0/1      1.00000      frozen
#   8    3   nthComp    Redshift            0.0          frozen
#   9    3   nthComp    norm                2.00703E-03  +/-  1.81789E-03  
#________________________________________________________________________
#
#
!XSPEC12> show fit
#
#Fit statistic  : PG-Statistic                 167.64     using 144 bins.
#
#Test statistic : Chi-Squared                  181.16     using 144 bins.
# Null hypothesis probability of 1.09e-02 with 140 degrees of freedom
#
!XSPEC12> log none
#