#XSPEC version: 12.11.0m
#Build Date/Time: Sat Nov 21 22:38:27 2020
#
!XSPEC12> show data
#
#1 file 1 spectrum 
#Spectrum 1  Spectral Data File: /home/thaddaeus/FMU/Steiner/thaddaeus/1130360177/jspipe/js_ni1130360177_0mpu7_silver_GTI0.jsgrp
#Net count rate (cts/s) for Spectrum:1  -1.247e+01 +/- 1.399e-01 (-273.1 % total)
# Assigned to Data Group 1 and Plot Group 1
#  Noticed Channels:  22-52,80-249
#  Telescope: NICER Instrument: XTI  Channel Type: PI
#  Exposure Time: 398.9 sec
# Using fit statistic: pgstat
# Using Background File                /home/thaddaeus/FMU/Steiner/thaddaeus/1130360177/jspipe/js_ni1130360177_0mpu7_silver_GTI0.bg
#  Background Exposure Time: 398.9 sec
# Using Response (RMF) File            /home/thaddaeus/FMU/Steiner/thaddaeus/nicer_d49_55575341.rmf for Source 1
# Using Auxiliary Response (ARF) File  /home/thaddaeus/FMU/Steiner/thaddaeus/nicer_d49_55575341.arf
#
#
!XSPEC12> show param
#
#Parameters defined:
#========================================================================
#Model TBabs<1>(diskbb<2> + nthComp<3>) Source No.: 1   Active/On
#Model Model Component  Parameter  Unit     Value
# par  comp
#   1    1   TBabs      nH         10^22    3.20000      frozen
#   2    2   diskbb     Tin        keV      3.81638E-02  +/-  7.29916E+05  
#   3    2   diskbb     norm                5.47457E-07  +/-  5.63236E+08  
#   4    3   nthComp    Gamma               2.99999      +/-  9.67964E+04  
#   5    3   nthComp    kT_e       keV      100.000      frozen
#   6    3   nthComp    kT_bb      keV      3.81638E-02  = p2
#   7    3   nthComp    inp_type   0/1      1.00000      frozen
#   8    3   nthComp    Redshift            0.0          frozen
#   9    3   nthComp    norm                7.76687E-08  +/-  1.59498E-02  
#________________________________________________________________________
#
#
!XSPEC12> show fit
#
#Fit statistic  : PG-Statistic                6025.06     using 201 bins.
#
#Test statistic : Chi-Squared                 9608.67     using 201 bins.
# Null hypothesis probability of 0.00e+00 with 197 degrees of freedom
#
!XSPEC12> log none
#