#XSPEC version: 12.11.0m
#Build Date/Time: Sat Nov 21 22:38:27 2020
#
!XSPEC12> show data
#
#1 file 1 spectrum 
#Spectrum 1  Spectral Data File: /home/thaddaeus/FMU/Steiner/thaddaeus/1130360262/jspipe/js_ni1130360262_0mpu7_silver_GTI1.jsgrp
#Net count rate (cts/s) for Spectrum:1  9.117e-01 +/- 1.565e-01 (77.9 % total)
# Assigned to Data Group 1 and Plot Group 1
#  Noticed Channels:  17-18,24-32
#  Telescope: NICER Instrument: XTI  Channel Type: PI
#  Exposure Time: 47.85 sec
# Using fit statistic: pgstat
# Using Background File                /home/thaddaeus/FMU/Steiner/thaddaeus/1130360262/jspipe/js_ni1130360262_0mpu7_silver_GTI1.bg
#  Background Exposure Time: 47.85 sec
# Using Response (RMF) File            /home/thaddaeus/FMU/Steiner/thaddaeus/nicer_d49_u100_150_55575341.rmf for Source 1
# Using Auxiliary Response (ARF) File  /home/thaddaeus/FMU/Steiner/thaddaeus/nicer_d49_55575341.arf
#
#
!XSPEC12> show param
#
#Parameters defined:
#========================================================================
#Model TBabs<1>(diskbb<2> + nthComp<3>) Source No.: 1   Active/On
#Model Model Component  Parameter  Unit     Value
# par  comp
#   1    1   TBabs      nH         10^22    3.20000      frozen
#   2    2   diskbb     Tin        keV      2.09481E-02  +/-  88.7431      
#   3    2   diskbb     norm                5.08843E+09  +/-  9.85883E+36  
#   4    3   nthComp    Gamma               1.97418      +/-  1.06276      
#   5    3   nthComp    kT_e       keV      100.000      frozen
#   6    3   nthComp    kT_bb      keV      2.09481E-02  = p2
#   7    3   nthComp    inp_type   0/1      1.00000      frozen
#   8    3   nthComp    Redshift            0.0          frozen
#   9    3   nthComp    norm                5.62982E-03  +/-  1.23161E-02  
#________________________________________________________________________
#
#
!XSPEC12> show fit
#
#Fit statistic  : PG-Statistic                   7.86     using 11 bins.
#
#Test statistic : Chi-Squared                    7.92     using 11 bins.
# Null hypothesis probability of 3.39e-01 with 7 degrees of freedom
#
!XSPEC12> log none
#