#XSPEC version: 12.11.0m
#Build Date/Time: Sat Nov 21 22:38:27 2020
#
!XSPEC12> show data
#
#1 file 1 spectrum 
#Spectrum 1  Spectral Data File: /home/thaddaeus/FMU/Steiner/thaddaeus/1130360249/jspipe/js_ni1130360249_0mpu7_silver_GTI0.jsgrp
#Net count rate (cts/s) for Spectrum:1  5.197e+01 +/- 6.587e-01 (31.7 % total)
# Assigned to Data Group 1 and Plot Group 1
#  Noticed Channels:  22-54,83-254
#  Telescope: NICER Instrument: XTI  Channel Type: PI
#  Exposure Time: 596.6 sec
# Using fit statistic: pgstat
# Using Background File                /home/thaddaeus/FMU/Steiner/thaddaeus/1130360249/jspipe/js_ni1130360249_0mpu7_silver_GTI0.bg
#  Background Exposure Time: 596.6 sec
# Using Response (RMF) File            /home/thaddaeus/FMU/Steiner/thaddaeus/nicer_d49_55575341.rmf for Source 1
# Using Auxiliary Response (ARF) File  /home/thaddaeus/FMU/Steiner/thaddaeus/nicer_d49_55575341.arf
#
#
!XSPEC12> show param
#
#Parameters defined:
#========================================================================
#Model TBabs<1>(diskbb<2> + nthComp<3>) Source No.: 1   Active/On
#Model Model Component  Parameter  Unit     Value
# par  comp
#   1    1   TBabs      nH         10^22    3.20000      frozen
#   2    2   diskbb     Tin        keV      2.85051E-02  +/-  6.21964E-04  
#   3    2   diskbb     norm                6.97903E+17  +/-  4.11940E+17  
#   4    3   nthComp    Gamma               1.20000      +/-  6.78903E-02  
#   5    3   nthComp    kT_e       keV      100.000      frozen
#   6    3   nthComp    kT_bb      keV      2.85051E-02  = p2
#   7    3   nthComp    inp_type   0/1      1.00000      frozen
#   8    3   nthComp    Redshift            0.0          frozen
#   9    3   nthComp    norm                5.83418E-02  +/-  2.63749E-03  
#________________________________________________________________________
#
#
!XSPEC12> show fit
#
#Fit statistic  : PG-Statistic                4432.10     using 205 bins.
#
#Test statistic : Chi-Squared                 2278.93     using 205 bins.
# Null hypothesis probability of 0.00e+00 with 201 degrees of freedom
#
!XSPEC12> log none
#