#XSPEC version: 12.11.0m
#Build Date/Time: Sat Nov 21 22:38:27 2020
#
!XSPEC12> show data
#
#1 file 1 spectrum 
#Spectrum 1  Spectral Data File: /home/thaddaeus/FMU/Steiner/thaddaeus/1130360203/jspipe/js_ni1130360203_0mpu7_silver_GTI2.jsgrp
#Net count rate (cts/s) for Spectrum:1  4.960e+01 +/- 2.711e-01 (99.2 % total)
# Assigned to Data Group 1 and Plot Group 1
#  Noticed Channels:  22-54,83-253
#  Telescope: NICER Instrument: XTI  Channel Type: PI
#  Exposure Time: 680.7 sec
# Using fit statistic: pgstat
# Using Background File                /home/thaddaeus/FMU/Steiner/thaddaeus/1130360203/jspipe/js_ni1130360203_0mpu7_silver_GTI2.bg
#  Background Exposure Time: 680.7 sec
# Using Response (RMF) File            /home/thaddaeus/FMU/Steiner/thaddaeus/nicer_d49_55575341.rmf for Source 1
# Using Auxiliary Response (ARF) File  /home/thaddaeus/FMU/Steiner/thaddaeus/nicer_d49_55575341.arf
#
#
!XSPEC12> show param
#
#Parameters defined:
#========================================================================
#Model TBabs<1>(diskbb<2> + nthComp<3>) Source No.: 1   Active/On
#Model Model Component  Parameter  Unit     Value
# par  comp
#   1    1   TBabs      nH         10^22    3.20000      frozen
#   2    2   diskbb     Tin        keV      0.339101     +/-  1.12386E-02  
#   3    2   diskbb     norm                4386.41      +/-  662.496      
#   4    3   nthComp    Gamma               1.90570      +/-  3.78281E-02  
#   5    3   nthComp    kT_e       keV      100.000      frozen
#   6    3   nthComp    kT_bb      keV      0.339101     = p2
#   7    3   nthComp    inp_type   0/1      1.00000      frozen
#   8    3   nthComp    Redshift            0.0          frozen
#   9    3   nthComp    norm                0.157673     +/-  1.00919E-02  
#________________________________________________________________________
#
#
!XSPEC12> show fit
#
#Fit statistic  : PG-Statistic                 208.97     using 204 bins.
#
#Test statistic : Chi-Squared                  219.88     using 204 bins.
# Null hypothesis probability of 1.60e-01 with 200 degrees of freedom
#
!XSPEC12> log none
#