#XSPEC version: 12.11.0m
#Build Date/Time: Sat Nov 21 22:38:27 2020
#
!XSPEC12> show data
#
#1 file 1 spectrum 
#Spectrum 1  Spectral Data File: /home/thaddaeus/FMU/Steiner/thaddaeus/1130360257/jspipe/js_ni1130360257_0mpu7_silver_GTI0.jsgrp
#Net count rate (cts/s) for Spectrum:1  -4.279e+00 +/- 2.854e-01 (-65.0 % total)
# Assigned to Data Group 1 and Plot Group 1
#  Noticed Channels:  18-28,47-138
#  Telescope: NICER Instrument: XTI  Channel Type: PI
#  Exposure Time: 83.82 sec
# Using fit statistic: pgstat
# Using Background File                /home/thaddaeus/FMU/Steiner/thaddaeus/1130360257/jspipe/js_ni1130360257_0mpu7_silver_GTI0.bg
#  Background Exposure Time: 83.82 sec
# Using Response (RMF) File            /home/thaddaeus/FMU/Steiner/thaddaeus/nicer_d49_u50_100_55575341.rmf for Source 1
# Using Auxiliary Response (ARF) File  /home/thaddaeus/FMU/Steiner/thaddaeus/nicer_d49_55575341.arf
#
#
!XSPEC12> show param
#
#Parameters defined:
#========================================================================
#Model TBabs<1>(diskbb<2> + nthComp<3>) Source No.: 1   Active/On
#Model Model Component  Parameter  Unit     Value
# par  comp
#   1    1   TBabs      nH         10^22    3.20000      frozen
#   2    2   diskbb     Tin        keV      0.973338     +/-  4.49062E+04  
#   3    2   diskbb     norm                1.08429E-05  +/-  35.0819      
#   4    3   nthComp    Gamma               2.98327      +/-  3.51604E+05  
#   5    3   nthComp    kT_e       keV      100.000      frozen
#   6    3   nthComp    kT_bb      keV      0.973338     = p2
#   7    3   nthComp    inp_type   0/1      1.00000      frozen
#   8    3   nthComp    Redshift            0.0          frozen
#   9    3   nthComp    norm                2.18637E-08  +/-  0.138069     
#________________________________________________________________________
#
#
!XSPEC12> show fit
#
#Fit statistic  : PG-Statistic                 341.33     using 103 bins.
#
#Test statistic : Chi-Squared                  957.99     using 103 bins.
# Null hypothesis probability of 1.20e-140 with 99 degrees of freedom
#
!XSPEC12> log none
#