#XSPEC version: 12.11.0m
#Build Date/Time: Sat Nov 21 22:38:27 2020
#
!XSPEC12> show data
#
#1 file 1 spectrum 
#Spectrum 1  Spectral Data File: /home/thaddaeus/FMU/Steiner/thaddaeus/1130360107/jspipe/js_ni1130360107_0mpu7_silver_GTI14.jsgrp
#Net count rate (cts/s) for Spectrum:1  6.368e+03 +/- 1.999e+00 (100.0 % total)
# Assigned to Data Group 1 and Plot Group 1
#  Noticed Channels:  22-54,83-254
#  Telescope: NICER Instrument: XTI  Channel Type: PI
#  Exposure Time: 1593 sec
# Using fit statistic: pgstat
# Using Background File                /home/thaddaeus/FMU/Steiner/thaddaeus/1130360107/jspipe/js_ni1130360107_0mpu7_silver_GTI14.bg
#  Background Exposure Time: 1593 sec
# Using Response (RMF) File            /home/thaddaeus/FMU/Steiner/thaddaeus/nicer_d49_u150_200_55575341.rmf for Source 1
# Using Auxiliary Response (ARF) File  /home/thaddaeus/FMU/Steiner/thaddaeus/nicer_d49_55575341.arf
#
#
!XSPEC12> show param
#
#Parameters defined:
#========================================================================
#Model TBabs<1>(diskbb<2> + nthComp<3>) Source No.: 1   Active/On
#Model Model Component  Parameter  Unit     Value
# par  comp
#   1    1   TBabs      nH         10^22    3.20000      frozen
#   2    2   diskbb     Tin        keV      0.961391     +/-  3.60325E-03  
#   3    2   diskbb     norm                2165.94      +/-  50.1657      
#   4    3   nthComp    Gamma               2.46211      +/-  1.95200E-02  
#   5    3   nthComp    kT_e       keV      100.000      frozen
#   6    3   nthComp    kT_bb      keV      0.961391     = p2
#   7    3   nthComp    inp_type   0/1      1.00000      frozen
#   8    3   nthComp    Redshift            0.0          frozen
#   9    3   nthComp    norm                11.9915      +/-  0.281159     
#________________________________________________________________________
#
#
!XSPEC12> show fit
#
#Fit statistic  : PG-Statistic                1610.93     using 205 bins.
#
#Test statistic : Chi-Squared                 1593.83     using 205 bins.
# Null hypothesis probability of 4.83e-215 with 201 degrees of freedom
#
!XSPEC12> log none
#