#XSPEC version: 12.11.0m
#Build Date/Time: Sat Nov 21 22:38:27 2020
#
!XSPEC12> show data
#
#1 file 1 spectrum 
#Spectrum 1  Spectral Data File: /home/thaddaeus/FMU/Steiner/thaddaeus/1130360226/jspipe/js_ni1130360226_0mpu7_silver_GTI7.jsgrp
#Net count rate (cts/s) for Spectrum:1  1.094e+01 +/- 1.746e-01 (93.9 % total)
# Assigned to Data Group 1 and Plot Group 1
#  Noticed Channels:  20-45,74-222
#  Telescope: NICER Instrument: XTI  Channel Type: PI
#  Exposure Time: 382.8 sec
# Using fit statistic: pgstat
# Using Background File                /home/thaddaeus/FMU/Steiner/thaddaeus/1130360226/jspipe/js_ni1130360226_0mpu7_silver_GTI7.bg
#  Background Exposure Time: 382.8 sec
# Using Response (RMF) File            /home/thaddaeus/FMU/Steiner/thaddaeus/nicer_d49_u12p5_25_55575341.rmf for Source 1
# Using Auxiliary Response (ARF) File  /home/thaddaeus/FMU/Steiner/thaddaeus/nicer_d49_55575341.arf
#
#
!XSPEC12> show param
#
#Parameters defined:
#========================================================================
#Model TBabs<1>(diskbb<2> + nthComp<3>) Source No.: 1   Active/On
#Model Model Component  Parameter  Unit     Value
# par  comp
#   1    1   TBabs      nH         10^22    3.20000      frozen
#   2    2   diskbb     Tin        keV      1.02173E-02  +/-  0.473004     
#   3    2   diskbb     norm                2.15827E-03  +/-  -1.00000     
#   4    3   nthComp    Gamma               1.61081      +/-  3.59873E-02  
#   5    3   nthComp    kT_e       keV      100.000      frozen
#   6    3   nthComp    kT_bb      keV      1.02173E-02  = p2
#   7    3   nthComp    inp_type   0/1      1.00000      frozen
#   8    3   nthComp    Redshift            0.0          frozen
#   9    3   nthComp    norm                3.59546E-02  +/-  1.89061E-03  
#________________________________________________________________________
#
#
!XSPEC12> show fit
#
#Fit statistic  : PG-Statistic                 194.95     using 175 bins.
#
#Test statistic : Chi-Squared                  214.72     using 175 bins.
# Null hypothesis probability of 1.31e-02 with 171 degrees of freedom
#
!XSPEC12> log none
#