#XSPEC version: 12.11.0m
#Build Date/Time: Sat Nov 21 22:38:27 2020
#
!XSPEC12> show data
#
#1 file 1 spectrum 
#Spectrum 1  Spectral Data File: /home/thaddaeus/FMU/Steiner/thaddaeus/1130360166/jspipe/js_ni1130360166_0mpu7_silver_GTI7.jsgrp
#Net count rate (cts/s) for Spectrum:1  1.300e+00 +/- 2.943e-01 (37.7 % total)
# Assigned to Data Group 1 and Plot Group 1
#  Noticed Channels:  13-21,37-53
#  Telescope: NICER Instrument: XTI  Channel Type: PI
#  Exposure Time: 39.99 sec
# Using fit statistic: pgstat
# Using Background File                /home/thaddaeus/FMU/Steiner/thaddaeus/1130360166/jspipe/js_ni1130360166_0mpu7_silver_GTI7.bg
#  Background Exposure Time: 39.99 sec
# Using Response (RMF) File            /home/thaddaeus/FMU/Steiner/thaddaeus/nicer_d49_55575341.rmf for Source 1
# Using Auxiliary Response (ARF) File  /home/thaddaeus/FMU/Steiner/thaddaeus/nicer_d49_55575341.arf
#
#
!XSPEC12> show param
#
#Parameters defined:
#========================================================================
#Model TBabs<1>(diskbb<2> + nthComp<3>) Source No.: 1   Active/On
#Model Model Component  Parameter  Unit     Value
# par  comp
#   1    1   TBabs      nH         10^22    3.20000      frozen
#   2    2   diskbb     Tin        keV      1.00014E-02  +/-  11.9260      
#   3    2   diskbb     norm                7.53468E+10  +/-  2.32216E+34  
#   4    3   nthComp    Gamma               2.99985      +/-  0.832180     
#   5    3   nthComp    kT_e       keV      100.000      frozen
#   6    3   nthComp    kT_bb      keV      1.00014E-02  = p2
#   7    3   nthComp    inp_type   0/1      1.00000      frozen
#   8    3   nthComp    Redshift            0.0          frozen
#   9    3   nthComp    norm                1.97876E-02  +/-  0.449922     
#________________________________________________________________________
#
#
!XSPEC12> show fit
#
#Fit statistic  : PG-Statistic                  26.43     using 26 bins.
#
#Test statistic : Chi-Squared                   31.59     using 26 bins.
# Null hypothesis probability of 8.46e-02 with 22 degrees of freedom
#
!XSPEC12> log none
#