#XSPEC version: 12.11.0m
#Build Date/Time: Sat Nov 21 22:38:27 2020
#
!XSPEC12> show data
#
#1 file 1 spectrum 
#Spectrum 1  Spectral Data File: /home/thaddaeus/FMU/Steiner/thaddaeus/1130360178/jspipe/js_ni1130360178_0mpu7_silver_GTI7.jsgrp
#Net count rate (cts/s) for Spectrum:1  1.236e+00 +/- 5.635e-02 (76.3 % total)
# Assigned to Data Group 1 and Plot Group 1
#  Noticed Channels:  18-38,67-161
#  Telescope: NICER Instrument: XTI  Channel Type: PI
#  Exposure Time: 516.8 sec
# Using fit statistic: pgstat
# Using Background File                /home/thaddaeus/FMU/Steiner/thaddaeus/1130360178/jspipe/js_ni1130360178_0mpu7_silver_GTI7.bg
#  Background Exposure Time: 516.8 sec
# Using Response (RMF) File            /home/thaddaeus/FMU/Steiner/thaddaeus/nicer_d49_55575341.rmf for Source 1
# Using Auxiliary Response (ARF) File  /home/thaddaeus/FMU/Steiner/thaddaeus/nicer_d49_55575341.arf
#
#
!XSPEC12> show param
#
#Parameters defined:
#========================================================================
#Model TBabs<1>(diskbb<2> + nthComp<3>) Source No.: 1   Active/On
#Model Model Component  Parameter  Unit     Value
# par  comp
#   1    1   TBabs      nH         10^22    3.20000      frozen
#   2    2   diskbb     Tin        keV      8.04789E-02  +/-  5.01698      
#   3    2   diskbb     norm                360.125      +/-  1.49752E+07  
#   4    3   nthComp    Gamma               2.39380      +/-  0.109402     
#   5    3   nthComp    kT_e       keV      100.000      frozen
#   6    3   nthComp    kT_bb      keV      8.04789E-02  = p2
#   7    3   nthComp    inp_type   0/1      1.00000      frozen
#   8    3   nthComp    Redshift            0.0          frozen
#   9    3   nthComp    norm                1.13763E-02  +/-  2.36029E-03  
#________________________________________________________________________
#
#
!XSPEC12> show fit
#
#Fit statistic  : PG-Statistic                 146.10     using 116 bins.
#
#Test statistic : Chi-Squared                  176.57     using 116 bins.
# Null hypothesis probability of 9.63e-05 with 112 degrees of freedom
#
!XSPEC12> log none
#