#XSPEC version: 12.11.0m
#Build Date/Time: Sat Nov 21 22:38:27 2020
#
!XSPEC12> show data
#
#1 file 1 spectrum 
#Spectrum 1  Spectral Data File: /home/thaddaeus/FMU/Steiner/thaddaeus/1130360283/jspipe/js_ni1130360283_0mpu7_silver_GTI2.jsgrp
#Net count rate (cts/s) for Spectrum:1  1.992e+00 +/- 4.660e-02 (81.7 % total)
# Assigned to Data Group 1 and Plot Group 1
#  Noticed Channels:  22-52,81-218
#  Telescope: NICER Instrument: XTI  Channel Type: PI
#  Exposure Time: 1149 sec
# Using fit statistic: pgstat
# Using Background File                /home/thaddaeus/FMU/Steiner/thaddaeus/1130360283/jspipe/js_ni1130360283_0mpu7_silver_GTI2.bg
#  Background Exposure Time: 1149 sec
# Using Response (RMF) File            /home/thaddaeus/FMU/Steiner/thaddaeus/nicer_d48_u100_150_53019466.rmf for Source 1
# Using Auxiliary Response (ARF) File  /home/thaddaeus/FMU/Steiner/thaddaeus/nicer_d48_53019466.arf
#
#
!XSPEC12> show param
#
#Parameters defined:
#========================================================================
#Model TBabs<1>(diskbb<2> + nthComp<3>) Source No.: 1   Active/On
#Model Model Component  Parameter  Unit     Value
# par  comp
#   1    1   TBabs      nH         10^22    3.20000      frozen
#   2    2   diskbb     Tin        keV      0.999951     +/-  0.553763     
#   3    2   diskbb     norm                4.98007E-17  +/-  -1.00000     
#   4    3   nthComp    Gamma               1.98648      +/-  0.294450     
#   5    3   nthComp    kT_e       keV      100.000      frozen
#   6    3   nthComp    kT_bb      keV      0.999951     = p2
#   7    3   nthComp    inp_type   0/1      1.00000      frozen
#   8    3   nthComp    Redshift            0.0          frozen
#   9    3   nthComp    norm                4.50165E-03  +/-  4.42570E-04  
#________________________________________________________________________
#
#
!XSPEC12> show fit
#
#Fit statistic  : PG-Statistic                 176.37     using 169 bins.
#
#Test statistic : Chi-Squared                  204.13     using 169 bins.
# Null hypothesis probability of 2.07e-02 with 165 degrees of freedom
#
!XSPEC12> log none
#