#XSPEC version: 12.11.0m
#Build Date/Time: Sat Nov 21 22:38:27 2020
#
!XSPEC12> show data
#
#1 file 1 spectrum 
#Spectrum 1  Spectral Data File: /home/thaddaeus/FMU/Steiner/thaddaeus/1130360130/jspipe/js_ni1130360130_0mpu7_silver_GTI9.jsgrp
#Net count rate (cts/s) for Spectrum:1  1.212e+03 +/- 1.106e+00 (100.0 % total)
# Assigned to Data Group 1 and Plot Group 1
#  Noticed Channels:  22-54,83-244
#  Telescope: NICER Instrument: XTI  Channel Type: PI
#  Exposure Time: 991.4 sec
# Using fit statistic: pgstat
# Using Background File                /home/thaddaeus/FMU/Steiner/thaddaeus/1130360130/jspipe/js_ni1130360130_0mpu7_silver_GTI9.bg
#  Background Exposure Time: 991.4 sec
# Using Response (RMF) File            /home/thaddaeus/FMU/Steiner/thaddaeus/nicer_d49_u150_200_55575341.rmf for Source 1
# Using Auxiliary Response (ARF) File  /home/thaddaeus/FMU/Steiner/thaddaeus/nicer_d49_55575341.arf
#
#
!XSPEC12> show param
#
#Parameters defined:
#========================================================================
#Model TBabs<1>(diskbb<2> + nthComp<3>) Source No.: 1   Active/On
#Model Model Component  Parameter  Unit     Value
# par  comp
#   1    1   TBabs      nH         10^22    3.20000      frozen
#   2    2   diskbb     Tin        keV      0.816534     +/-  7.33895E-04  
#   3    2   diskbb     norm                3306.49      +/-  15.2579      
#   4    3   nthComp    Gamma               3.00000      +/-  2.60241E+22  
#   5    3   nthComp    kT_e       keV      100.000      frozen
#   6    3   nthComp    kT_bb      keV      0.816534     = p2
#   7    3   nthComp    inp_type   0/1      1.00000      frozen
#   8    3   nthComp    Redshift            0.0          frozen
#   9    3   nthComp    norm                1.21557E-18  +/-  8.67468E+04  
#________________________________________________________________________
#
#
!XSPEC12> show fit
#
#Fit statistic  : PG-Statistic                2102.30     using 195 bins.
#
#Test statistic : Chi-Squared                 2234.31     using 195 bins.
# Null hypothesis probability of 0.00e+00 with 191 degrees of freedom
#
!XSPEC12> log none
#