#XSPEC version: 12.11.0m
#Build Date/Time: Sat Nov 21 22:38:27 2020
#
!XSPEC12> show data
#
#1 file 1 spectrum 
#Spectrum 1  Spectral Data File: /home/thaddaeus/FMU/Steiner/thaddaeus/1130360182/jspipe/js_ni1130360182_0mpu7_silver_GTI1.jsgrp
#Net count rate (cts/s) for Spectrum:1  8.760e+01 +/- 4.919e-01 (97.8 % total)
# Assigned to Data Group 1 and Plot Group 1
#  Noticed Channels:  22-54,83-243
#  Telescope: NICER Instrument: XTI  Channel Type: PI
#  Exposure Time: 370.5 sec
# Using fit statistic: pgstat
# Using Background File                /home/thaddaeus/FMU/Steiner/thaddaeus/1130360182/jspipe/js_ni1130360182_0mpu7_silver_GTI1.bg
#  Background Exposure Time: 370.5 sec
# Using Response (RMF) File            /home/thaddaeus/FMU/Steiner/thaddaeus/nicer_d49_u12p5_25_55575341.rmf for Source 1
# Using Auxiliary Response (ARF) File  /home/thaddaeus/FMU/Steiner/thaddaeus/nicer_d49_55575341.arf
#
#
!XSPEC12> show param
#
#Parameters defined:
#========================================================================
#Model TBabs<1>(diskbb<2> + nthComp<3>) Source No.: 1   Active/On
#Model Model Component  Parameter  Unit     Value
# par  comp
#   1    1   TBabs      nH         10^22    3.20000      frozen
#   2    2   diskbb     Tin        keV      2.60772E-02  +/-  5.66853E-04  
#   3    2   diskbb     norm                4.04593E+18  +/-  2.41854E+18  
#   4    3   nthComp    Gamma               3.00000      +/-  2.55932E-02  
#   5    3   nthComp    kT_e       keV      100.000      frozen
#   6    3   nthComp    kT_bb      keV      2.60772E-02  = p2
#   7    3   nthComp    inp_type   0/1      1.00000      frozen
#   8    3   nthComp    Redshift            0.0          frozen
#   9    3   nthComp    norm                1.33147      +/-  1.49130E-02  
#________________________________________________________________________
#
#
!XSPEC12> show fit
#
#Fit statistic  : PG-Statistic                7938.10     using 194 bins.
#
#Test statistic : Chi-Squared                16019.17     using 194 bins.
# Null hypothesis probability of 0.00e+00 with 190 degrees of freedom
#
!XSPEC12> log none
#