#XSPEC version: 12.11.0m
#Build Date/Time: Sat Nov 21 22:38:27 2020
#
!XSPEC12> show data
#
#1 file 1 spectrum 
#Spectrum 1  Spectral Data File: /home/thaddaeus/FMU/Steiner/thaddaeus/1130360207/jspipe/js_ni1130360207_0mpu7_silver_GTI0.jsgrp
#Net count rate (cts/s) for Spectrum:1  3.204e+01 +/- 3.861e-01 (98.2 % total)
# Assigned to Data Group 1 and Plot Group 1
#  Noticed Channels:  22-50,79-221
#  Telescope: NICER Instrument: XTI  Channel Type: PI
#  Exposure Time: 218.9 sec
# Using fit statistic: pgstat
# Using Background File                /home/thaddaeus/FMU/Steiner/thaddaeus/1130360207/jspipe/js_ni1130360207_0mpu7_silver_GTI0.bg
#  Background Exposure Time: 218.9 sec
# Using Response (RMF) File            /home/thaddaeus/FMU/Steiner/thaddaeus/nicer_d49_u12p5_25_55575341.rmf for Source 1
# Using Auxiliary Response (ARF) File  /home/thaddaeus/FMU/Steiner/thaddaeus/nicer_d49_55575341.arf
#
#
!XSPEC12> show param
#
#Parameters defined:
#========================================================================
#Model TBabs<1>(diskbb<2> + nthComp<3>) Source No.: 1   Active/On
#Model Model Component  Parameter  Unit     Value
# par  comp
#   1    1   TBabs      nH         10^22    3.20000      frozen
#   2    2   diskbb     Tin        keV      1.69451E-02  +/-  0.172037     
#   3    2   diskbb     norm                4638.49      +/-  9.80918E+17  
#   4    3   nthComp    Gamma               2.79424      +/-  2.33877E-02  
#   5    3   nthComp    kT_e       keV      100.000      frozen
#   6    3   nthComp    kT_bb      keV      1.69451E-02  = p2
#   7    3   nthComp    inp_type   0/1      1.00000      frozen
#   8    3   nthComp    Redshift            0.0          frozen
#   9    3   nthComp    norm                0.401611     +/-  3.27224E-02  
#________________________________________________________________________
#
#
!XSPEC12> show fit
#
#Fit statistic  : PG-Statistic                 342.96     using 172 bins.
#
#Test statistic : Chi-Squared                  315.26     using 172 bins.
# Null hypothesis probability of 4.67e-11 with 168 degrees of freedom
#
!XSPEC12> log none
#