#XSPEC version: 12.11.0m
#Build Date/Time: Sat Nov 21 22:38:27 2020
#
!XSPEC12> show data
#
#1 file 1 spectrum 
#Spectrum 1  Spectral Data File: /home/thaddaeus/FMU/Steiner/thaddaeus/1130360243/jspipe/js_ni1130360243_0mpu7_silver_GTI0.jsgrp
#Net count rate (cts/s) for Spectrum:1  1.366e+00 +/- 8.469e-02 (49.5 % total)
# Assigned to Data Group 1 and Plot Group 1
#  Noticed Channels:  22-53,82-199
#  Telescope: NICER Instrument: XTI  Channel Type: PI
#  Exposure Time: 395.9 sec
# Using fit statistic: pgstat
# Using Background File                /home/thaddaeus/FMU/Steiner/thaddaeus/1130360243/jspipe/js_ni1130360243_0mpu7_silver_GTI0.bg
#  Background Exposure Time: 395.9 sec
# Using Response (RMF) File            /home/thaddaeus/FMU/Steiner/thaddaeus/nicer_d49_55575341.rmf for Source 1
# Using Auxiliary Response (ARF) File  /home/thaddaeus/FMU/Steiner/thaddaeus/nicer_d49_55575341.arf
#
#
!XSPEC12> show param
#
#Parameters defined:
#========================================================================
#Model TBabs<1>(diskbb<2> + nthComp<3>) Source No.: 1   Active/On
#Model Model Component  Parameter  Unit     Value
# par  comp
#   1    1   TBabs      nH         10^22    3.20000      frozen
#   2    2   diskbb     Tin        keV      0.187933     +/-  5.84983      
#   3    2   diskbb     norm                657.104      +/-  6.35000E+14  
#   4    3   nthComp    Gamma               1.59213      +/-  0.150923     
#   5    3   nthComp    kT_e       keV      100.000      frozen
#   6    3   nthComp    kT_bb      keV      0.187933     = p2
#   7    3   nthComp    inp_type   0/1      1.00000      frozen
#   8    3   nthComp    Redshift            0.0          frozen
#   9    3   nthComp    norm                4.11738E-03  +/-  2.01164E-03  
#________________________________________________________________________
#
#
!XSPEC12> show fit
#
#Fit statistic  : PG-Statistic                 167.20     using 150 bins.
#
#Test statistic : Chi-Squared                  154.46     using 150 bins.
# Null hypothesis probability of 3.00e-01 with 146 degrees of freedom
#
!XSPEC12> log none
#