#XSPEC version: 12.11.0m
#Build Date/Time: Sat Nov 21 22:38:27 2020
#
!XSPEC12> show data
#
#1 file 1 spectrum 
#Spectrum 1  Spectral Data File: /home/thaddaeus/FMU/Steiner/thaddaeus/1130360238/jspipe/js_ni1130360238_0mpu7_silver_GTI1.jsgrp
#Net count rate (cts/s) for Spectrum:1  9.208e-01 +/- 1.170e-01 (72.6 % total)
# Assigned to Data Group 1 and Plot Group 1
#  Noticed Channels:  15-17,31-50
#  Telescope: NICER Instrument: XTI  Channel Type: PI
#  Exposure Time: 92.97 sec
# Using fit statistic: pgstat
# Using Background File                /home/thaddaeus/FMU/Steiner/thaddaeus/1130360238/jspipe/js_ni1130360238_0mpu7_silver_GTI1.bg
#  Background Exposure Time: 92.97 sec
# Using Response (RMF) File            /home/thaddaeus/FMU/Steiner/thaddaeus/nicer_d49_55575341.rmf for Source 1
# Using Auxiliary Response (ARF) File  /home/thaddaeus/FMU/Steiner/thaddaeus/nicer_d49_55575341.arf
#
#
!XSPEC12> show param
#
#Parameters defined:
#========================================================================
#Model TBabs<1>(diskbb<2> + nthComp<3>) Source No.: 1   Active/On
#Model Model Component  Parameter  Unit     Value
# par  comp
#   1    1   TBabs      nH         10^22    3.20000      frozen
#   2    2   diskbb     Tin        keV      0.350107     +/-  0.749253     
#   3    2   diskbb     norm                24.7371      +/-  228.116      
#   4    3   nthComp    Gamma               1.53716      +/-  0.796585     
#   5    3   nthComp    kT_e       keV      100.000      frozen
#   6    3   nthComp    kT_bb      keV      0.350107     = p2
#   7    3   nthComp    inp_type   0/1      1.00000      frozen
#   8    3   nthComp    Redshift            0.0          frozen
#   9    3   nthComp    norm                2.56303E-03  +/-  4.36267E-03  
#________________________________________________________________________
#
#
!XSPEC12> show fit
#
#Fit statistic  : PG-Statistic                  18.37     using 23 bins.
#
#Test statistic : Chi-Squared                   19.10     using 23 bins.
# Null hypothesis probability of 4.50e-01 with 19 degrees of freedom
#
!XSPEC12> log none
#