#XSPEC version: 12.11.0m
#Build Date/Time: Sat Nov 21 22:38:27 2020
#
!XSPEC12> show data
#
#1 file 1 spectrum 
#Spectrum 1  Spectral Data File: /home/thaddaeus/FMU/Steiner/thaddaeus/1130360265/jspipe/js_ni1130360265_0mpu7_silver_GTI2.jsgrp
#Net count rate (cts/s) for Spectrum:1  1.393e+00 +/- 1.642e-01 (74.2 % total)
# Assigned to Data Group 1 and Plot Group 1
#  Noticed Channels:  17-20,32-53
#  Telescope: NICER Instrument: XTI  Channel Type: PI
#  Exposure Time: 69.77 sec
# Using fit statistic: pgstat
# Using Background File                /home/thaddaeus/FMU/Steiner/thaddaeus/1130360265/jspipe/js_ni1130360265_0mpu7_silver_GTI2.bg
#  Background Exposure Time: 69.77 sec
# Using Response (RMF) File            /home/thaddaeus/FMU/Steiner/thaddaeus/nicer_d49_u100_150_55575341.rmf for Source 1
# Using Auxiliary Response (ARF) File  /home/thaddaeus/FMU/Steiner/thaddaeus/nicer_d49_55575341.arf
#
#
!XSPEC12> show param
#
#Parameters defined:
#========================================================================
#Model TBabs<1>(diskbb<2> + nthComp<3>) Source No.: 1   Active/On
#Model Model Component  Parameter  Unit     Value
# par  comp
#   1    1   TBabs      nH         10^22    3.20000      frozen
#   2    2   diskbb     Tin        keV      4.38830E-02  +/-  3.71372E-02  
#   3    2   diskbb     norm                5.60388E+11  +/-  9.95615E+12  
#   4    3   nthComp    Gamma               1.20010      +/-  0.632714     
#   5    3   nthComp    kT_e       keV      100.000      frozen
#   6    3   nthComp    kT_bb      keV      4.38830E-02  = p2
#   7    3   nthComp    inp_type   0/1      1.00000      frozen
#   8    3   nthComp    Redshift            0.0          frozen
#   9    3   nthComp    norm                2.59921E-03  +/-  1.26326E-03  
#________________________________________________________________________
#
#
!XSPEC12> show fit
#
#Fit statistic  : PG-Statistic                  14.50     using 26 bins.
#
#Test statistic : Chi-Squared                   13.19     using 26 bins.
# Null hypothesis probability of 9.28e-01 with 22 degrees of freedom
#
!XSPEC12> log none
#