#XSPEC version: 12.11.0m
#Build Date/Time: Sat Nov 21 22:38:27 2020
#
!XSPEC12> show data
#
#1 file 1 spectrum 
#Spectrum 1  Spectral Data File: /home/thaddaeus/FMU/Steiner/thaddaeus/1130360246/jspipe/js_ni1130360246_0mpu7_silver_GTI0.jsgrp
#Net count rate (cts/s) for Spectrum:1  1.656e+00 +/- 6.804e-02 (74.8 % total)
# Assigned to Data Group 1 and Plot Group 1
#  Noticed Channels:  22-50,79-179
#  Telescope: NICER Instrument: XTI  Channel Type: PI
#  Exposure Time: 484.8 sec
# Using fit statistic: pgstat
# Using Background File                /home/thaddaeus/FMU/Steiner/thaddaeus/1130360246/jspipe/js_ni1130360246_0mpu7_silver_GTI0.bg
#  Background Exposure Time: 484.8 sec
# Using Response (RMF) File            /home/thaddaeus/FMU/Steiner/thaddaeus/nicer_d49_55575341.rmf for Source 1
# Using Auxiliary Response (ARF) File  /home/thaddaeus/FMU/Steiner/thaddaeus/nicer_d49_55575341.arf
#
#
!XSPEC12> show param
#
#Parameters defined:
#========================================================================
#Model TBabs<1>(diskbb<2> + nthComp<3>) Source No.: 1   Active/On
#Model Model Component  Parameter  Unit     Value
# par  comp
#   1    1   TBabs      nH         10^22    3.20000      frozen
#   2    2   diskbb     Tin        keV      2.04859E-02  +/-  1.41733E-02  
#   3    2   diskbb     norm                3.60921E+19  +/-  6.16441E+20  
#   4    3   nthComp    Gamma               1.83641      +/-  9.60387E-02  
#   5    3   nthComp    kT_e       keV      100.000      frozen
#   6    3   nthComp    kT_bb      keV      2.04859E-02  = p2
#   7    3   nthComp    inp_type   0/1      1.00000      frozen
#   8    3   nthComp    Redshift            0.0          frozen
#   9    3   nthComp    norm                7.11769E-03  +/-  8.79017E-04  
#________________________________________________________________________
#
#
!XSPEC12> show fit
#
#Fit statistic  : PG-Statistic                 111.33     using 130 bins.
#
#Test statistic : Chi-Squared                  114.55     using 130 bins.
# Null hypothesis probability of 7.59e-01 with 126 degrees of freedom
#
!XSPEC12> log none
#