#XSPEC version: 12.11.0m
#Build Date/Time: Sat Nov 21 22:38:27 2020
#
!XSPEC12> show data
#
#1 file 1 spectrum 
#Spectrum 1  Spectral Data File: /home/thaddaeus/FMU/Steiner/thaddaeus/1130360174/jspipe/js_ni1130360174_0mpu7_silver_GTI3.jsgrp
#Net count rate (cts/s) for Spectrum:1  -3.652e+00 +/- 6.027e-01 (-18.4 % total)
# Assigned to Data Group 1 and Plot Group 1
#  Noticed Channels:  20-44,65-207
#  Telescope: NICER Instrument: XTI  Channel Type: PI
#  Exposure Time: 55.94 sec
# Using fit statistic: pgstat
# Using Background File                /home/thaddaeus/FMU/Steiner/thaddaeus/1130360174/jspipe/js_ni1130360174_0mpu7_silver_GTI3.bg
#  Background Exposure Time: 55.94 sec
# Using Response (RMF) File            /home/thaddaeus/FMU/Steiner/thaddaeus/nicer_d49_u25_50_55575341.rmf for Source 1
# Using Auxiliary Response (ARF) File  /home/thaddaeus/FMU/Steiner/thaddaeus/nicer_d49_55575341.arf
#
#
!XSPEC12> show param
#
#Parameters defined:
#========================================================================
#Model TBabs<1>(diskbb<2> + nthComp<3>) Source No.: 1   Active/On
#Model Model Component  Parameter  Unit     Value
# par  comp
#   1    1   TBabs      nH         10^22    3.20000      frozen
#   2    2   diskbb     Tin        keV      1.00000E-02  +/-  3.44831E+07  
#   3    2   diskbb     norm                1.94098E+18  +/-  2.35418E+35  
#   4    3   nthComp    Gamma               1.22430      +/-  3.61350E+06  
#   5    3   nthComp    kT_e       keV      100.000      frozen
#   6    3   nthComp    kT_bb      keV      1.00000E-02  = p2
#   7    3   nthComp    inp_type   0/1      1.00000      frozen
#   8    3   nthComp    Redshift            0.0          frozen
#   9    3   nthComp    norm                7.95024E-11  +/-  1.11658E-02  
#________________________________________________________________________
#
#
!XSPEC12> show fit
#
#Fit statistic  : PG-Statistic                 241.97     using 168 bins.
#
#Test statistic : Chi-Squared                  352.37     using 168 bins.
# Null hypothesis probability of 8.09e-16 with 164 degrees of freedom
#
!XSPEC12> log none
#