#XSPEC version: 12.11.0m
#Build Date/Time: Sat Nov 21 22:38:27 2020
#
!XSPEC12> show data
#
#1 file 1 spectrum 
#Spectrum 1  Spectral Data File: /home/thaddaeus/FMU/Steiner/thaddaeus/1130360171/jspipe/js_ni1130360171_0mpu7_silver_GTI1.jsgrp
#Net count rate (cts/s) for Spectrum:1  1.009e-01 +/- 3.523e-02 (6.3 % total)
# Assigned to Data Group 1 and Plot Group 1
#  Noticed Channels:  22-54,83-248
#  Telescope: NICER Instrument: XTI  Channel Type: PI
#  Exposure Time: 1545 sec
# Using fit statistic: pgstat
# Using Background File                /home/thaddaeus/FMU/Steiner/thaddaeus/1130360171/jspipe/js_ni1130360171_0mpu7_silver_GTI1.bg
#  Background Exposure Time: 1545 sec
# Using Response (RMF) File            /home/thaddaeus/FMU/Steiner/thaddaeus/nicer_d49_55575341.rmf for Source 1
# Using Auxiliary Response (ARF) File  /home/thaddaeus/FMU/Steiner/thaddaeus/nicer_d49_55575341.arf
#
#
!XSPEC12> show param
#
#Parameters defined:
#========================================================================
#Model TBabs<1>(diskbb<2> + nthComp<3>) Source No.: 1   Active/On
#Model Model Component  Parameter  Unit     Value
# par  comp
#   1    1   TBabs      nH         10^22    3.20000      frozen
#   2    2   diskbb     Tin        keV      0.199617     +/-  5.94619E-02  
#   3    2   diskbb     norm                1910.94      +/-  3972.63      
#   4    3   nthComp    Gamma               3.00000      +/-  2.87474      
#   5    3   nthComp    kT_e       keV      100.000      frozen
#   6    3   nthComp    kT_bb      keV      0.199617     = p2
#   7    3   nthComp    inp_type   0/1      1.00000      frozen
#   8    3   nthComp    Redshift            0.0          frozen
#   9    3   nthComp    norm                1.43494E-03  +/-  2.28854E-03  
#________________________________________________________________________
#
#
!XSPEC12> show fit
#
#Fit statistic  : PG-Statistic                 244.29     using 199 bins.
#
#Test statistic : Chi-Squared                  243.01     using 199 bins.
# Null hypothesis probability of 1.10e-02 with 195 degrees of freedom
#
!XSPEC12> log none
#