#XSPEC version: 12.11.0m
#Build Date/Time: Sat Nov 21 22:38:27 2020
#
!XSPEC12> show data
#
#1 file 1 spectrum 
#Spectrum 1  Spectral Data File: /home/thaddaeus/FMU/Steiner/thaddaeus/2130360212/jspipe/js_ni2130360212_0mpu7_silver_GTI1.jsgrp
#Net count rate (cts/s) for Spectrum:1  6.812e-01 +/- 5.992e-02 (26.6 % total)
# Assigned to Data Group 1 and Plot Group 1
#  Noticed Channels:  22-53,82-249
#  Telescope: NICER Instrument: XTI  Channel Type: PI
#  Exposure Time: 774.7 sec
# Using fit statistic: pgstat
# Using Background File                /home/thaddaeus/FMU/Steiner/thaddaeus/2130360212/jspipe/js_ni2130360212_0mpu7_silver_GTI1.bg
#  Background Exposure Time: 774.7 sec
# Using Response (RMF) File            /home/thaddaeus/FMU/Steiner/thaddaeus/nicer_d49_55575341.rmf for Source 1
# Using Auxiliary Response (ARF) File  /home/thaddaeus/FMU/Steiner/thaddaeus/nicer_d49_55575341.arf
#
#
!XSPEC12> show param
#
#Parameters defined:
#========================================================================
#Model TBabs<1>(diskbb<2> + nthComp<3>) Source No.: 1   Active/On
#Model Model Component  Parameter  Unit     Value
# par  comp
#   1    1   TBabs      nH         10^22    3.20000      frozen
#   2    2   diskbb     Tin        keV      1.000000     +/-  4.84762      
#   3    2   diskbb     norm                3.44254E-19  +/-  -1.00000     
#   4    3   nthComp    Gamma               1.20000      +/-  0.960964     
#   5    3   nthComp    kT_e       keV      100.000      frozen
#   6    3   nthComp    kT_bb      keV      1.000000     = p2
#   7    3   nthComp    inp_type   0/1      1.00000      frozen
#   8    3   nthComp    Redshift            0.0          frozen
#   9    3   nthComp    norm                1.23643E-03  +/-  5.45028E-04  
#________________________________________________________________________
#
#
!XSPEC12> show fit
#
#Fit statistic  : PG-Statistic                 405.26     using 200 bins.
#
#Test statistic : Chi-Squared                  457.57     using 200 bins.
# Null hypothesis probability of 5.73e-23 with 196 degrees of freedom
#
!XSPEC12> log none
#