#XSPEC version: 12.11.0m
#Build Date/Time: Sat Nov 21 22:38:27 2020
#
!XSPEC12> show data
#
#1 file 1 spectrum 
#Spectrum 1  Spectral Data File: /home/thaddaeus/FMU/Steiner/thaddaeus/2130360201/jspipe/js_ni2130360201_0mpu7_silver_GTI2.jsgrp
#Net count rate (cts/s) for Spectrum:1  -7.281e-01 +/- 1.324e-01 (-6.9 % total)
# Assigned to Data Group 1 and Plot Group 1
#  Noticed Channels:  22-54,83-254
#  Telescope: NICER Instrument: XTI  Channel Type: PI
#  Exposure Time: 712.2 sec
# Using fit statistic: pgstat
# Using Background File                /home/thaddaeus/FMU/Steiner/thaddaeus/2130360201/jspipe/js_ni2130360201_0mpu7_silver_GTI2.bg
#  Background Exposure Time: 712.2 sec
# Using Response (RMF) File            /home/thaddaeus/FMU/Steiner/thaddaeus/nicer_d49_u25_50_55575341.rmf for Source 1
# Using Auxiliary Response (ARF) File  /home/thaddaeus/FMU/Steiner/thaddaeus/nicer_d49_55575341.arf
#
#
!XSPEC12> show param
#
#Parameters defined:
#========================================================================
#Model TBabs<1>(diskbb<2> + nthComp<3>) Source No.: 1   Active/On
#Model Model Component  Parameter  Unit     Value
# par  comp
#   1    1   TBabs      nH         10^22    3.20000      frozen
#   2    2   diskbb     Tin        keV      1.000000     +/-  19.6057      
#   3    2   diskbb     norm                1.11626E-05  +/-  4.71659      
#   4    3   nthComp    Gamma               1.74276      +/-  6.96798      
#   5    3   nthComp    kT_e       keV      100.000      frozen
#   6    3   nthComp    kT_bb      keV      1.000000     = p2
#   7    3   nthComp    inp_type   0/1      1.00000      frozen
#   8    3   nthComp    Redshift            0.0          frozen
#   9    3   nthComp    norm                1.41916E-03  +/-  2.08372E-02  
#________________________________________________________________________
#
#
!XSPEC12> show fit
#
#Fit statistic  : PG-Statistic                 777.13     using 205 bins.
#
#Test statistic : Chi-Squared                  826.07     using 205 bins.
# Null hypothesis probability of 1.15e-76 with 201 degrees of freedom
#
!XSPEC12> log none
#