#XSPEC version: 12.11.0m
#Build Date/Time: Sat Nov 21 22:38:27 2020
#
!XSPEC12> show data
#
#1 file 1 spectrum 
#Spectrum 1  Spectral Data File: /home/thaddaeus/FMU/Steiner/thaddaeus/2130360207/jspipe/js_ni2130360207_0mpu7_silver_GTI1.jsgrp
#Net count rate (cts/s) for Spectrum:1  7.281e-01 +/- 1.091e-01 (68.2 % total)
# Assigned to Data Group 1 and Plot Group 1
#  Noticed Channels:  15-16,26-42
#  Telescope: NICER Instrument: XTI  Channel Type: PI
#  Exposure Time: 89.96 sec
# Using fit statistic: pgstat
# Using Background File                /home/thaddaeus/FMU/Steiner/thaddaeus/2130360207/jspipe/js_ni2130360207_0mpu7_silver_GTI1.bg
#  Background Exposure Time: 89.96 sec
# Using Response (RMF) File            /home/thaddaeus/FMU/Steiner/thaddaeus/nicer_d49_55575341.rmf for Source 1
# Using Auxiliary Response (ARF) File  /home/thaddaeus/FMU/Steiner/thaddaeus/nicer_d49_55575341.arf
#
#
!XSPEC12> show param
#
#Parameters defined:
#========================================================================
#Model TBabs<1>(diskbb<2> + nthComp<3>) Source No.: 1   Active/On
#Model Model Component  Parameter  Unit     Value
# par  comp
#   1    1   TBabs      nH         10^22    3.20000      frozen
#   2    2   diskbb     Tin        keV      1.34508E-02  +/-  51.7715      
#   3    2   diskbb     norm                2.73732E+18  +/-  2.44177E+33  
#   4    3   nthComp    Gamma               1.20001      +/-  1.19288      
#   5    3   nthComp    kT_e       keV      100.000      frozen
#   6    3   nthComp    kT_bb      keV      1.34508E-02  = p2
#   7    3   nthComp    inp_type   0/1      1.00000      frozen
#   8    3   nthComp    Redshift            0.0          frozen
#   9    3   nthComp    norm                1.47316E-03  +/-  9.69310E-03  
#________________________________________________________________________
#
#
!XSPEC12> show fit
#
#Fit statistic  : PG-Statistic                  12.47     using 19 bins.
#
#Test statistic : Chi-Squared                   10.76     using 19 bins.
# Null hypothesis probability of 7.69e-01 with 15 degrees of freedom
#
!XSPEC12> log none
#