#XSPEC version: 12.11.0
#Build Date/Time: Thu Jul  2 16:22:45 2020
#
!XSPEC12> chatter 10
#
!XSPEC12> show data
#
#1 file 1 spectrum 
#Spectrum 1  Spectral Data File: /home/thaddaeus/FMU/Steiner/thaddaeus/1130360205/jspipe/js_ni1130360205_0mpu7_silver_GTI0.jsgrp
#Net count rate (cts/s) for Spectrum:1  1.606e+02 +/- 6.572e-01 (99.6 % total)
# Assigned to Data Group 1 and Plot Group 1
#  Noticed Channels:  38-235
#  Telescope: NICER Instrument: XTI  Channel Type: PI
#  Exposure Time: 373.4 sec
# Using fit statistic: pgstat
# Using Background File                /home/thaddaeus/FMU/Steiner/thaddaeus/1130360205/jspipe/js_ni1130360205_0mpu7_silver_GTI0.bg
#  Background Exposure Time: 373.4 sec
# Using Response (RMF) File            /home/thaddaeus/FMU/Steiner/thaddaeus/nicer_d49_55575341.rmf for Source 1
# Using Auxiliary Response (ARF) File  /home/thaddaeus/FMU/Steiner/thaddaeus/nicer_d49_55575341.arf
#
#
!XSPEC12> show fit
#
#Fit statistic  : PG-Statistic                 234.44     using 198 bins.
#
#Test statistic : Chi-Squared                  238.25     using 198 bins.
# Null hypothesis probability of 5.80e-03 with 186 degrees of freedom
#
!XSPEC12> show param
#
#Parameters defined:
#========================================================================
#Model TBfeo<1>(simpl<2>(diskbb<3> + relxill<4>)) Source No.: 1   Active/On
#Model Model Component  Parameter  Unit     Value
# par  comp
#   1    1   TBfeo      nH         10^22    3.69026      +/-  0.745711     
#   2    1   TBfeo      O                   0.725646     +/-  0.853636     
#   3    1   TBfeo      Fe                  0.909694     +/-  1.82328      
#   4    1   TBfeo      redshift            0.0          frozen
#   5    2   simpl      Gamma               2.54770      +/-  0.143349     
#   6    2   simpl      FracSctr            8.16885E-02  +/-  1.19360E-02  
#   7    2   simpl      UpScOnly            1.00000      frozen
#   8    3   diskbb     Tin        keV      0.418530     +/-  1.40963E-02  
#   9    3   diskbb     norm                6107.13      +/-  1534.40      
#  10    4   relxill    Index1              3.00000      frozen
#  11    4   relxill    Index2              3.00000      frozen
#  12    4   relxill    Rbr                 15.0000      frozen
#  13    4   relxill    a                   -9.18565E-02 +/-  -1.00000     
#  14    4   relxill    Incl       deg      6.32600      +/-  -1.00000     
#  15    4   relxill    Rin                 -1.00000     frozen
#  16    4   relxill    Rout                400.000      frozen
#  17    4   relxill    z                   0.0          frozen
#  18    4   relxill    gamma               2.54770      = p5
#  19    4   relxill    logxi               3.05112E-04  +/-  -1.00000     
#  20    4   relxill    Afe                 10.0000      +/-  -1.00000     
#  21    4   relxill    Ecut       keV      300.000      frozen
#  22    4   relxill    refl_frac           -1.00000     frozen
#  23    4   relxill    norm                2.71482E-21  +/-  -1.00000     
#________________________________________________________________________
#
#
!XSPEC12> log none
#