#XSPEC version: 12.11.0
#Build Date/Time: Thu Jul  2 16:22:45 2020
#
!XSPEC12> chatter 10
#
!XSPEC12> show data
#
#1 file 1 spectrum 
#Spectrum 1  Spectral Data File: /home/thaddaeus/FMU/Steiner/thaddaeus/1130360226/jspipe/js_ni1130360226_0mpu7_silver_GTI0.jsgrp
#Net count rate (cts/s) for Spectrum:1  1.207e+01 +/- 1.747e-01 (97.4 % total)
# Assigned to Data Group 1 and Plot Group 1
#  Noticed Channels:  26-215
#  Telescope: NICER Instrument: XTI  Channel Type: PI
#  Exposure Time: 406.8 sec
# Using fit statistic: pgstat
# Using Background File                /home/thaddaeus/FMU/Steiner/thaddaeus/1130360226/jspipe/js_ni1130360226_0mpu7_silver_GTI0.bg
#  Background Exposure Time: 406.8 sec
# Using Response (RMF) File            /home/thaddaeus/FMU/Steiner/thaddaeus/nicer_d49_55575341.rmf for Source 1
# Using Auxiliary Response (ARF) File  /home/thaddaeus/FMU/Steiner/thaddaeus/nicer_d49_55575341.arf
#
#
!XSPEC12> show fit
#
#Fit statistic  : PG-Statistic                 177.26     using 190 bins.
#
#Test statistic : Chi-Squared                  194.31     using 190 bins.
# Null hypothesis probability of 1.91e-01 with 178 degrees of freedom
#
!XSPEC12> show param
#
#Parameters defined:
#========================================================================
#Model TBfeo<1>(simpl<2>(diskbb<3> + relxill<4>)) Source No.: 1   Active/On
#Model Model Component  Parameter  Unit     Value
# par  comp
#   1    1   TBfeo      nH         10^22    3.23106      +/-  4.18802      
#   2    1   TBfeo      O                   0.638243     +/-  6.01473      
#   3    1   TBfeo      Fe                  1.84656      +/-  10.4635      
#   4    1   TBfeo      redshift            0.0          frozen
#   5    2   simpl      Gamma               2.38881      +/-  51.8772      
#   6    2   simpl      FracSctr            0.867486     +/-  277.193      
#   7    2   simpl      UpScOnly            1.00000      frozen
#   8    3   diskbb     Tin        keV      2.80898      +/-  530.688      
#   9    3   diskbb     norm                7.96030E-02  +/-  47.3026      
#  10    4   relxill    Index1              3.00000      frozen
#  11    4   relxill    Index2              3.00000      frozen
#  12    4   relxill    Rbr                 15.0000      frozen
#  13    4   relxill    a                   0.997826     +/-  2165.60      
#  14    4   relxill    Incl       deg      59.8961      +/-  2.54630E+04  
#  15    4   relxill    Rin                 -1.00000     frozen
#  16    4   relxill    Rout                400.000      frozen
#  17    4   relxill    z                   0.0          frozen
#  18    4   relxill    gamma               2.38881      = p5
#  19    4   relxill    logxi               4.69966      +/-  2100.89      
#  20    4   relxill    Afe                 0.500000     +/-  3883.56      
#  21    4   relxill    Ecut       keV      300.000      frozen
#  22    4   relxill    refl_frac           -1.00000     frozen
#  23    4   relxill    norm                2.68108E-05  +/-  4.38749E-02  
#________________________________________________________________________
#
#
!XSPEC12> log none
#