#XSPEC version: 12.11.0
#Build Date/Time: Thu Jul  2 16:22:45 2020
#
!XSPEC12> show data
#
#1 file 1 spectrum 
#Spectrum 1  Spectral Data File: /home/thaddaeus/FMU/Steiner/thaddaeus/1130360230/jspipe/js_ni1130360230_0mpu7_silver_GTI0.jsgrp
#Net count rate (cts/s) for Spectrum:1  6.858e+01 +/- 3.331e-01 (99.5 % total)
# Assigned to Data Group 1 and Plot Group 1
#  Noticed Channels:  38-246
#  Telescope: NICER Instrument: XTI  Channel Type: PI
#  Exposure Time: 621.5 sec
# Using fit statistic: pgstat
# Using Background File                /home/thaddaeus/FMU/Steiner/thaddaeus/1130360230/jspipe/js_ni1130360230_0mpu7_silver_GTI0.bg
#  Background Exposure Time: 621.5 sec
# Using Response (RMF) File            /home/thaddaeus/FMU/Steiner/thaddaeus/nicer_d49_u12p5_25_55575341.rmf for Source 1
# Using Auxiliary Response (ARF) File  /home/thaddaeus/FMU/Steiner/thaddaeus/nicer_d49_55575341.arf
#
#
!XSPEC12> show param
#
#Parameters defined:
#========================================================================
#Model TBfeo<1>(simpl<2>(diskbb<3> + relxill<4>)) Source No.: 1   Active/On
#Model Model Component  Parameter  Unit     Value
# par  comp
#   1    1   TBfeo      nH         10^22    3.68341      frozen
#   2    1   TBfeo      O                   0.718572     frozen
#   3    1   TBfeo      Fe                  0.977861     frozen
#   4    1   TBfeo      redshift            0.0          frozen
#   5    2   simpl      Gamma               3.84750      +/-  4.86222E-02  
#   6    2   simpl      FracSctr            7.57374E-02  +/-  2.27711E-02  
#   7    2   simpl      UpScOnly            1.00000      frozen
#   8    3   diskbb     Tin        keV      1.97304      +/-  1.63512E-02  
#   9    3   diskbb     norm                3117.55      +/-  2803.75      
#  10    4   relxill    Index1              3.00000      frozen
#  11    4   relxill    Index2              3.00000      frozen
#  12    4   relxill    Rbr                 15.0000      frozen
#  13    4   relxill    a                   0.998000     +/-  0.0          
#  14    4   relxill    Incl       deg      35.1994      +/-  0.0          
#  15    4   relxill    Rin                 -1.00000     frozen
#  16    4   relxill    Rout                400.000      frozen
#  17    4   relxill    z                   0.0          frozen
#  18    4   relxill    gamma               3.84750      = p5
#  19    4   relxill    logxi               1.50538      +/-  0.0          
#  20    4   relxill    Afe                 6.24955      +/-  0.0          
#  21    4   relxill    Ecut       keV      100.000      frozen
#  22    4   relxill    refl_frac           -1.00000     frozen
#  23    4   relxill    norm                0.154619     +/-  0.0          
#________________________________________________________________________
#
#
!XSPEC12> show fit
#
#Fit statistic  : PG-Statistic             8.544425e+07     using 209 bins.
#
#Test statistic : Chi-Squared              5.700982e+10     using 209 bins.
# Null hypothesis probability of 0.000000e+00 with 200 degrees of freedom
# Current data and model not fit yet.
#
!XSPEC12> log none
#