#XSPEC version: 12.11.0
#Build Date/Time: Thu Jul  2 16:22:45 2020
#
!XSPEC12> show data
#
#1 file 1 spectrum 
#Spectrum 1  Spectral Data File: /home/thaddaeus/FMU/Steiner/thaddaeus/1130360259/jspipe/js_ni1130360259_0mpu7_silver_GTI0.jsgrp
#Net count rate (cts/s) for Spectrum:1  7.371e-01 +/- 1.176e-01 (22.1 % total)
# Assigned to Data Group 1 and Plot Group 1
#  Noticed Channels:  34-172
#  Telescope: NICER Instrument: XTI  Channel Type: PI
#  Exposure Time: 247.5 sec
# Using fit statistic: pgstat
# Using Background File                /home/thaddaeus/FMU/Steiner/thaddaeus/1130360259/jspipe/js_ni1130360259_0mpu7_silver_GTI0.bg
#  Background Exposure Time: 247.5 sec
# Using Response (RMF) File            /home/thaddaeus/FMU/Steiner/thaddaeus/nicer_d49_u50_100_55575341.rmf for Source 1
# Using Auxiliary Response (ARF) File  /home/thaddaeus/FMU/Steiner/thaddaeus/nicer_d49_55575341.arf
#
#
!XSPEC12> show param
#
#Parameters defined:
#========================================================================
#Model TBfeo<1>(simpl<2>(diskbb<3> + relxill<4>)) Source No.: 1   Active/On
#Model Model Component  Parameter  Unit     Value
# par  comp
#   1    1   TBfeo      nH         10^22    3.68341      frozen
#   2    1   TBfeo      O                   0.718572     frozen
#   3    1   TBfeo      Fe                  0.977861     frozen
#   4    1   TBfeo      redshift            0.0          frozen
#   5    2   simpl      Gamma               1.39366      +/-  2030.49      
#   6    2   simpl      FracSctr            0.561712     +/-  255.721      
#   7    2   simpl      UpScOnly            1.00000      frozen
#   8    3   diskbb     Tin        keV      2.82494      +/-  881.248      
#   9    3   diskbb     norm                1.65107E-02  +/-  3.23958      
#  10    4   relxill    Index1              3.00000      frozen
#  11    4   relxill    Index2              3.00000      frozen
#  12    4   relxill    Rbr                 15.0000      frozen
#  13    4   relxill    a                   0.998000     +/-  1.49867E+08  
#  14    4   relxill    Incl       deg      5.00000      +/-  1.17595E+11  
#  15    4   relxill    Rin                 -1.00000     frozen
#  16    4   relxill    Rout                400.000      frozen
#  17    4   relxill    z                   0.0          frozen
#  18    4   relxill    gamma               1.39366      = p5
#  19    4   relxill    logxi               4.70000      +/-  1.38558E+08  
#  20    4   relxill    Afe                 0.500000     +/-  1.05786E+09  
#  21    4   relxill    Ecut       keV      100.000      frozen
#  22    4   relxill    refl_frac           -1.00000     frozen
#  23    4   relxill    norm                2.54510E-10  +/-  4.28715E-02  
#________________________________________________________________________
#
#
!XSPEC12> show fit
#
#Fit statistic  : PG-Statistic                 155.19     using 139 bins.
#
#Test statistic : Chi-Squared                  172.66     using 139 bins.
# Null hypothesis probability of 7.31e-03 with 130 degrees of freedom
#
!XSPEC12> log none
#