#XSPEC version: 12.11.0
#Build Date/Time: Thu Jul  2 16:22:45 2020
#
!XSPEC12> show data
#
#1 file 1 spectrum 
#Spectrum 1  Spectral Data File: /home/thaddaeus/FMU/Steiner/thaddaeus/1130360202/jspipe/js_ni1130360202_0mpu7_silver_GTI0.jsgrp
#Net count rate (cts/s) for Spectrum:1  5.392e+01 +/- 4.396e-01 (99.0 % total)
# Assigned to Data Group 1 and Plot Group 1
#  Noticed Channels:  37-237
#  Telescope: NICER Instrument: XTI  Channel Type: PI
#  Exposure Time: 281.9 sec
# Using fit statistic: pgstat
# Using Background File                /home/thaddaeus/FMU/Steiner/thaddaeus/1130360202/jspipe/js_ni1130360202_0mpu7_silver_GTI0.bg
#  Background Exposure Time: 281.9 sec
# Using Response (RMF) File            /home/thaddaeus/FMU/Steiner/thaddaeus/nicer_d49_55575341.rmf for Source 1
# Using Auxiliary Response (ARF) File  /home/thaddaeus/FMU/Steiner/thaddaeus/nicer_d49_55575341.arf
#
#
!XSPEC12> show param
#
#Parameters defined:
#========================================================================
#Model TBfeo<1>(simpl<2>(diskbb<3> + relxill<4>)) Source No.: 1   Active/On
#Model Model Component  Parameter  Unit     Value
# par  comp
#   1    1   TBfeo      nH         10^22    3.68341      frozen
#   2    1   TBfeo      O                   0.718572     frozen
#   3    1   TBfeo      Fe                  0.977861     frozen
#   4    1   TBfeo      redshift            0.0          frozen
#   5    2   simpl      Gamma               3.40663      +/-  0.129450     
#   6    2   simpl      FracSctr            5.73732E-02  +/-  6.45312E-02  
#   7    2   simpl      UpScOnly            1.00000      frozen
#   8    3   diskbb     Tin        keV      0.219866     +/-  6.79518E-02  
#   9    3   diskbb     norm                1.54338E+04  +/-  2.42756E+04  
#  10    4   relxill    Index1              3.00000      frozen
#  11    4   relxill    Index2              3.00000      frozen
#  12    4   relxill    Rbr                 15.0000      frozen
#  13    4   relxill    a                   0.997990     +/-  1.70320      
#  14    4   relxill    Incl       deg      43.1373      +/-  6.99262      
#  15    4   relxill    Rin                 -1.00000     frozen
#  16    4   relxill    Rout                400.000      frozen
#  17    4   relxill    z                   0.0          frozen
#  18    4   relxill    gamma               3.40663      = p5
#  19    4   relxill    logxi               0.299654     +/-  0.573533     
#  20    4   relxill    Afe                 0.500000     +/-  0.776876     
#  21    4   relxill    Ecut       keV      100.000      frozen
#  22    4   relxill    refl_frac           -1.00000     frozen
#  23    4   relxill    norm                0.274588     +/-  0.138565     
#________________________________________________________________________
#
#
!XSPEC12> show fit
#
#Fit statistic  : PG-Statistic                 211.86     using 201 bins.
#
#Test statistic : Chi-Squared                  212.91     using 201 bins.
# Null hypothesis probability of 1.44e-01 with 192 degrees of freedom
#
!XSPEC12> log none
#