#XSPEC version: 12.11.0
#Build Date/Time: Thu Jul  2 16:22:45 2020
#
!XSPEC12> show data
#
#1 file 1 spectrum 
#Spectrum 1  Spectral Data File: /home/thaddaeus/FMU/Steiner/thaddaeus/1130360214/jspipe/js_ni1130360214_0mpu7_silver_GTI0.jsgrp
#Net count rate (cts/s) for Spectrum:1  3.918e+00 +/- 1.807e-01 (79.8 % total)
# Assigned to Data Group 1 and Plot Group 1
#  Noticed Channels:  30-139
#  Telescope: NICER Instrument: XTI  Channel Type: PI
#  Exposure Time: 150.9 sec
# Using fit statistic: pgstat
# Using Background File                /home/thaddaeus/FMU/Steiner/thaddaeus/1130360214/jspipe/js_ni1130360214_0mpu7_silver_GTI0.bg
#  Background Exposure Time: 150.9 sec
# Using Response (RMF) File            /home/thaddaeus/FMU/Steiner/thaddaeus/nicer_d49_u12p5_25_55575341.rmf for Source 1
# Using Auxiliary Response (ARF) File  /home/thaddaeus/FMU/Steiner/thaddaeus/nicer_d49_55575341.arf
#
#
!XSPEC12> show param
#
#Parameters defined:
#========================================================================
#Model TBfeo<1>(simpl<2>(diskbb<3> + relxill<4>)) Source No.: 1   Active/On
#Model Model Component  Parameter  Unit     Value
# par  comp
#   1    1   TBfeo      nH         10^22    3.68341      frozen
#   2    1   TBfeo      O                   0.718572     frozen
#   3    1   TBfeo      Fe                  0.977861     frozen
#   4    1   TBfeo      redshift            0.0          frozen
#   5    2   simpl      Gamma               2.01791      +/-  1.23459      
#   6    2   simpl      FracSctr            0.258981     +/-  0.952369     
#   7    2   simpl      UpScOnly            1.00000      frozen
#   8    3   diskbb     Tin        keV      0.633921     +/-  1.33838      
#   9    3   diskbb     norm                2.65135      +/-  23.0613      
#  10    4   relxill    Index1              3.00000      frozen
#  11    4   relxill    Index2              3.00000      frozen
#  12    4   relxill    Rbr                 15.0000      frozen
#  13    4   relxill    a                   0.873718     +/-  0.620087     
#  14    4   relxill    Incl       deg      42.0669      +/-  13.1186      
#  15    4   relxill    Rin                 -1.00000     frozen
#  16    4   relxill    Rout                400.000      frozen
#  17    4   relxill    z                   0.0          frozen
#  18    4   relxill    gamma               2.01791      = p5
#  19    4   relxill    logxi               1.98893      +/-  1.54275      
#  20    4   relxill    Afe                 9.46251      +/-  37.2167      
#  21    4   relxill    Ecut       keV      100.000      frozen
#  22    4   relxill    refl_frac           -1.00000     frozen
#  23    4   relxill    norm                3.52505E-04  +/-  8.43374E-04  
#________________________________________________________________________
#
#
!XSPEC12> show fit
#
#Fit statistic  : PG-Statistic                 105.44     using 110 bins.
#
#Test statistic : Chi-Squared                  108.76     using 110 bins.
# Null hypothesis probability of 2.81e-01 with 101 degrees of freedom
#
!XSPEC12> log none
#