#XSPEC version: 12.11.0
#Build Date/Time: Thu Jul  2 16:22:45 2020
#
!XSPEC12> error 1. 5 6 8
# Parameter   Confidence Range (1)
#                                   Parameters
#PG-Statistic |beta|/N    Lvl       5:Gamma    6:FracSctr         8:Tin        9:norm          13:a       14:Incl        20:Afe
#437.614      34.337        0       3.46725      0.224912       2.82513     0.0433422     -0.998000       50.7083       4.83657
#437.603      32.0698       0       3.46724      0.224915       2.82513     0.0433652     -0.998000       50.7084       4.83681
#437.593      31.5549       0       3.46723      0.224918       2.82513     0.0433868     -0.998000       50.7084       4.83706
#437.583      31.2254       0       3.46722      0.224921       2.82513     0.0434072     -0.998000       50.7085       4.83730
#437.581      26.5214       0       3.46722      0.224918       2.82513     0.0434170     -0.998000       50.7082       4.83762
#================================================================================
# Variances and Principal Axes
#                 5        6        8        9       13       14       20  
# 6.8854E-07| -0.5679   0.7745   0.0133   0.2723  -0.0012   0.0105  -0.0559  
# 7.8919E-06| -0.4250  -0.5595   0.0399   0.7098   0.0005  -0.0071   0.0310  
# 2.8558E-04| -0.7048  -0.2866  -0.0256  -0.6477  -0.0032  -0.0019   0.0290  
# 2.2057E-01|  0.0061   0.0508   0.7281  -0.0271  -0.0654  -0.0253   0.6794  
# 7.3758E-01| -0.0030   0.0473  -0.6603   0.0404  -0.1675  -0.2643   0.6798  
# 1.6431E+00| -0.0008   0.0076  -0.1745   0.0114   0.5090   0.7998   0.2657  
# 5.7257E+00| -0.0029   0.0091   0.0306  -0.0034   0.8418  -0.5382   0.0275  
#--------------------------------------------------------------------------------
#
#====================================================================================
#  Covariance Matrix
#        1           2           3           4           5           6           7   
#   2.083e-04  -1.387e-04   2.159e-03   4.449e-05  -1.446e-02   8.508e-03  -1.387e-03
#  -1.387e-04   2.818e-03  -1.547e-02   1.120e-03   4.376e-02  -2.765e-02   3.609e-02
#   2.159e-03  -1.547e-02   4.939e-01  -2.787e-02   7.256e-02  -1.989e-01  -2.934e-01
#   4.449e-05   1.120e-03  -2.787e-02   1.767e-03  -1.148e-02   1.771e-02   2.061e-02
#  -1.446e-02   4.376e-02   7.256e-02  -1.148e-02   4.504e+00  -1.892e+00   2.607e-01
#   8.508e-03  -2.765e-02  -1.989e-01   1.771e-02  -1.892e+00   2.761e+00   1.282e-01
#  -1.387e-03   3.609e-02  -2.934e-01   2.061e-02   2.607e-01   1.282e-01   5.630e-01
#------------------------------------------------------------------------------------
#
#========================================================================
#Model TBfeo<1>(simpl<2>(diskbb<3> + relxill<4>)) Source No.: 1   Active/On
#Model Model Component  Parameter  Unit     Value
# par  comp
#   1    1   TBfeo      nH         10^22    3.68341      frozen
#   2    1   TBfeo      O                   0.718572     frozen
#   3    1   TBfeo      Fe                  0.977861     frozen
#   4    1   TBfeo      redshift            0.0          frozen
#   5    2   simpl      Gamma               3.46722      +/-  1.44327E-02  
#   6    2   simpl      FracSctr            0.224918     +/-  5.30886E-02  
#   7    2   simpl      UpScOnly            1.00000      frozen
#   8    3   diskbb     Tin        keV      2.82513      +/-  0.702793     
#   9    3   diskbb     norm                4.34170E-02  +/-  4.20315E-02  
#  10    4   relxill    Index1              3.00000      frozen
#  11    4   relxill    Index2              3.00000      frozen
#  12    4   relxill    Rbr                 15.0000      frozen
#  13    4   relxill    a                   -0.998000    +/-  2.12233      
#  14    4   relxill    Incl       deg      50.7082      +/-  1.66170      
#  15    4   relxill    Rin                 -1.00000     frozen
#  16    4   relxill    Rout                400.000      frozen
#  17    4   relxill    z                   0.0          frozen
#  18    4   relxill    gamma               3.46722      = p5
#  19    4   relxill    logxi               1.72614      frozen
#  20    4   relxill    Afe                 4.83762      +/-  0.750328     
#  21    4   relxill    Ecut       keV      100.000      frozen
#  22    4   relxill    refl_frac           -1.00000     frozen
#  23    4   relxill    norm                0.115419     frozen
#________________________________________________________________________
#
#
#Fit statistic  : PG-Statistic                 437.58     using 218 bins.
#
#Test statistic : Chi-Squared                  401.18     using 218 bins.
# Null hypothesis probability of 5.86e-14 with 211 degrees of freedom
#***Warning: New best fit found, fit parameters will be set to new values.
#                                   Parameters
#PG-Statistic |beta|/N    Lvl       5:Gamma    6:FracSctr         8:Tin        9:norm          13:a       14:Incl        20:Afe
#430.161      28.3157       0       3.45643      0.233034       2.82513     0.0370204     -0.998000       51.0804       5.34955
#430.153      30.0252       0       3.45643      0.233039       2.82513     0.0370391     -0.998000       51.0804       5.35046
#================================================================================
# Variances and Principal Axes
#                 5        6        8        9       13       14       20  
# 7.2476E-07| -0.5693   0.7720   0.0117   0.2811  -0.0015   0.0196  -0.0178  
# 8.1383E-06| -0.4132  -0.5645   0.0342   0.7136   0.0006  -0.0134   0.0090  
# 2.8494E-04| -0.7107  -0.2904  -0.0217  -0.6404  -0.0036  -0.0028   0.0084  
# 4.1047E-01|  0.0048   0.0126   0.9372  -0.0377  -0.0740  -0.0820   0.3285  
# 1.1652E+00|  0.0025  -0.0225   0.1791  -0.0076   0.5047   0.8221  -0.1918  
# 3.8209E+00|  0.0047  -0.0180   0.1267  -0.0044  -0.8053   0.3607  -0.4527  
# 5.9950E+00|  0.0007   0.0058  -0.2680   0.0160  -0.3020   0.4322   0.8061  
#--------------------------------------------------------------------------------
#
#====================================================================================
#  Covariance Matrix
#        1           2           3           4           5           6           7   
#   2.515e-04  -2.795e-04   3.480e-03   2.253e-05  -1.463e-02   1.066e-02  -4.545e-03
#  -2.795e-04   2.119e-03  -1.789e-02   9.118e-04   3.113e-02  -3.169e-02   6.589e-02
#   3.480e-03  -1.789e-02   8.899e-01  -4.395e-02   1.723e-01  -3.799e-01  -1.428e+00
#   2.253e-05   9.118e-04  -4.395e-02   2.384e-03  -1.887e-02   2.950e-02   8.159e-02
#  -1.463e-02   3.113e-02   1.723e-01  -1.887e-02   3.324e+00  -1.406e+00  -1.893e-01
#   1.066e-02  -3.169e-02  -3.799e-01   2.950e-02  -1.406e+00   2.407e+00   1.270e+00
#  -4.545e-03   6.589e-02  -1.428e+00   8.159e-02  -1.893e-01   1.270e+00   4.766e+00
#------------------------------------------------------------------------------------
#
#========================================================================
#Model TBfeo<1>(simpl<2>(diskbb<3> + relxill<4>)) Source No.: 1   Active/On
#Model Model Component  Parameter  Unit     Value
# par  comp
#   1    1   TBfeo      nH         10^22    3.68341      frozen
#   2    1   TBfeo      O                   0.718572     frozen
#   3    1   TBfeo      Fe                  0.977861     frozen
#   4    1   TBfeo      redshift            0.0          frozen
#   5    2   simpl      Gamma               3.45643      +/-  1.58573E-02  
#   6    2   simpl      FracSctr            0.233039     +/-  4.60299E-02  
#   7    2   simpl      UpScOnly            1.00000      frozen
#   8    3   diskbb     Tin        keV      2.82513      +/-  0.943340     
#   9    3   diskbb     norm                3.70391E-02  +/-  4.88282E-02  
#  10    4   relxill    Index1              3.00000      frozen
#  11    4   relxill    Index2              3.00000      frozen
#  12    4   relxill    Rbr                 15.0000      frozen
#  13    4   relxill    a                   -0.998000    +/-  1.82316      
#  14    4   relxill    Incl       deg      51.0804      +/-  1.55145      
#  15    4   relxill    Rin                 -1.00000     frozen
#  16    4   relxill    Rout                400.000      frozen
#  17    4   relxill    z                   0.0          frozen
#  18    4   relxill    gamma               3.45643      = p5
#  19    4   relxill    logxi               1.72614      frozen
#  20    4   relxill    Afe                 5.35046      +/-  2.18317      
#  21    4   relxill    Ecut       keV      100.000      frozen
#  22    4   relxill    refl_frac           -1.00000     frozen
#  23    4   relxill    norm                0.115419     frozen
#________________________________________________________________________
#
#
#Fit statistic  : PG-Statistic                 430.15     using 218 bins.
#
#Test statistic : Chi-Squared                  394.13     using 218 bins.
# Null hypothesis probability of 3.18e-13 with 211 degrees of freedom
#***Warning: New best fit found, fit parameters will be set to new values.
#                                   Parameters
#PG-Statistic |beta|/N    Lvl       5:Gamma    6:FracSctr         8:Tin        9:norm          13:a       14:Incl        20:Afe
#424.241      23.2472       0       3.44466      0.242534       2.82513     0.0299442     -0.998000       51.2136       6.15729
#424.225      15.5365       0       3.44468      0.242528       2.82513     0.0299746     -0.998000       51.2132       6.15849
#424.212      18.0385       0       3.44469      0.242525       2.82513     0.0300089     -0.998000       51.2130       6.15955
#424.197      24.0655       0       3.44470      0.242529       2.82513     0.0300517     -0.998000       51.2129       6.16033
#424.183      24.5979       0       3.44471      0.242533       2.82513     0.0300937     -0.998000       51.2129       6.16110
#424.169      25.0163       0       3.44471      0.242538       2.82513     0.0301349     -0.998000       51.2129       6.16184
#424.156      25.3627       0       3.44472      0.242544       2.82513     0.0301751     -0.998000       51.2130       6.16256
#424.143      25.6469       0       3.44473      0.242550       2.82513     0.0302143     -0.998000       51.2130       6.16327
#424.13       25.8686       0       3.44474      0.242557       2.82513     0.0302526     -0.998000       51.2131       6.16396
#424.118      26.0523       0       3.44474      0.242564       2.82513     0.0302898     -0.998000       51.2132       6.16464
#424.106      26.2236       0       3.44475      0.242571       2.82513     0.0303262     -0.998000       51.2132       6.16531
#424.095      26.0993       0       3.44476      0.242579       2.82513     0.0303613     -0.998000       51.2133       6.16597
#424.082      26.2838       0       3.44477      0.242586       2.82513     0.0303956     -0.998000       51.2134       6.16662
#424.071      25.3416       0       3.44477      0.242594       2.82513     0.0304283     -0.998000       51.2135       6.16728
#424.061      25.5266       0       3.44478      0.242602       2.82513     0.0304603     -0.998000       51.2136       6.16794
#424.05       25.8678       0       3.44479      0.242610       2.82513     0.0304915     -0.998000       51.2137       6.16858
#424.04       26.1397       0       3.44480      0.242619       2.82513     0.0305221     -0.998000       51.2139       6.16921
#424.03       26.2121       0       3.44481      0.242628       2.82513     0.0305519     -0.998000       51.2140       6.16983
#424.023      22.6707       0       3.44482      0.242632       2.82513     0.0305738     -0.998000       51.2140       6.17064
#================================================================================
# Variances and Principal Axes
#                 5        6        8        9       13       14       20  
# 7.6113E-07| -0.5741   0.7651   0.0100   0.2899  -0.0009   0.0226  -0.0196  
# 8.4420E-06| -0.3966  -0.5697   0.0284   0.7190   0.0002  -0.0156   0.0101  
# 2.8698E-04| -0.7163  -0.2979  -0.0176  -0.6307  -0.0044  -0.0030   0.0089  
# 5.5292E-01|  0.0029   0.0187   0.8627  -0.0282  -0.1404  -0.2007   0.4412  
# 1.0824E+00|  0.0035  -0.0234   0.3194  -0.0105   0.4911   0.8035  -0.1026  
# 3.4671E+00|  0.0057  -0.0191   0.1790  -0.0048  -0.8017   0.3620  -0.4402  
# 5.6844E+00|  0.0009   0.0056  -0.3470   0.0171  -0.3104   0.4270   0.7749  
#--------------------------------------------------------------------------------
#
#====================================================================================
#  Covariance Matrix
#        1           2           3           4           5           6           7   
#   2.831e-04  -3.423e-04   4.362e-03   3.481e-05  -1.576e-02   1.200e-02  -4.388e-03
#  -3.423e-04   2.257e-03  -2.208e-02   8.854e-04   2.935e-02  -3.277e-02   6.098e-02
#   4.362e-03  -2.208e-02   1.318e+00  -5.368e-02   2.175e-01  -4.357e-01  -1.627e+00
#   3.481e-05   8.854e-04  -5.368e-02   2.410e-03  -2.023e-02   2.941e-02   7.675e-02
#  -1.576e-02   2.935e-02   2.175e-01  -2.023e-02   3.048e+00  -1.317e+00  -2.325e-01
#   1.200e-02  -3.277e-02  -4.357e-01   2.941e-02  -1.317e+00   2.212e+00   1.191e+00
#  -4.388e-03   6.098e-02  -1.627e+00   7.675e-02  -2.325e-01   1.191e+00   4.204e+00
#------------------------------------------------------------------------------------
#
#========================================================================
#Model TBfeo<1>(simpl<2>(diskbb<3> + relxill<4>)) Source No.: 1   Active/On
#Model Model Component  Parameter  Unit     Value
# par  comp
#   1    1   TBfeo      nH         10^22    3.68341      frozen
#   2    1   TBfeo      O                   0.718572     frozen
#   3    1   TBfeo      Fe                  0.977861     frozen
#   4    1   TBfeo      redshift            0.0          frozen
#   5    2   simpl      Gamma               3.44482      +/-  1.68256E-02  
#   6    2   simpl      FracSctr            0.242632     +/-  4.75027E-02  
#   7    2   simpl      UpScOnly            1.00000      frozen
#   8    3   diskbb     Tin        keV      2.82513      +/-  1.14790      
#   9    3   diskbb     norm                3.05738E-02  +/-  4.90953E-02  
#  10    4   relxill    Index1              3.00000      frozen
#  11    4   relxill    Index2              3.00000      frozen
#  12    4   relxill    Rbr                 15.0000      frozen
#  13    4   relxill    a                   -0.998000    +/-  1.74587      
#  14    4   relxill    Incl       deg      51.2140      +/-  1.48726      
#  15    4   relxill    Rin                 -1.00000     frozen
#  16    4   relxill    Rout                400.000      frozen
#  17    4   relxill    z                   0.0          frozen
#  18    4   relxill    gamma               3.44482      = p5
#  19    4   relxill    logxi               1.72614      frozen
#  20    4   relxill    Afe                 6.17064      +/-  2.05047      
#  21    4   relxill    Ecut       keV      100.000      frozen
#  22    4   relxill    refl_frac           -1.00000     frozen
#  23    4   relxill    norm                0.115419     frozen
#________________________________________________________________________
#
#
#Fit statistic  : PG-Statistic                 424.02     using 218 bins.
#
#Test statistic : Chi-Squared                  388.78     using 218 bins.
# Null hypothesis probability of 1.12e-12 with 211 degrees of freedom
#***Warning: New best fit found, fit parameters will be set to new values.
#                                   Parameters
#PG-Statistic |beta|/N    Lvl       5:Gamma    6:FracSctr         8:Tin        9:norm          13:a       14:Incl        20:Afe
#414.112      20.4848       0       3.43205      0.286537       2.82513     0.0268736     -0.998000       50.5678       7.44429
#414.097      24.8087       0       3.43207      0.286545       2.82513     0.0269064     -0.998000       50.5685       7.44477
#414.081      25.2694       0       3.43209      0.286554       2.82513     0.0269394     -0.998000       50.5692       7.44523
#414.067      24.4163       0       3.43211      0.286562       2.82513     0.0269705     -0.998000       50.5698       7.44573
#414.053      24.6657       0       3.43214      0.286570       2.82513     0.0270016     -0.998000       50.5705       7.44622
#414.039      25.0115       0       3.43216      0.286579       2.82513     0.0270329     -0.998000       50.5712       7.44668
#414.024      25.5791       0       3.43218      0.286589       2.82513     0.0270646     -0.998000       50.5719       7.44712
#414.01       25.5051       0       3.43220      0.286599       2.82513     0.0270957     -0.998000       50.5727       7.44756
#413.995      25.8935       0       3.43222      0.286610       2.82513     0.0271268     -0.998000       50.5735       7.44798
#413.981      25.4176       0       3.43224      0.286620       2.82513     0.0271568     -0.998000       50.5742       7.44842
#413.967      25.8304       0       3.43226      0.286631       2.82513     0.0271870     -0.998000       50.5751       7.44884
#413.951      26.0552       0       3.43229      0.286642       2.82513     0.0272170     -0.998000       50.5759       7.44925
#413.937      25.0294       0       3.43231      0.286652       2.82513     0.0272451     -0.998000       50.5766       7.44969
#413.923      25.0659       0       3.43233      0.286662       2.82513     0.0272730     -0.998000       50.5774       7.45014
#413.909      25.2512       0       3.43235      0.286672       2.82513     0.0273008     -0.998000       50.5781       7.45057
#413.893      25.3217       0       3.43238      0.286683       2.82513     0.0273284     -0.998000       50.5789       7.45100
#413.88       24.4051       0       3.43240      0.286692       2.82513     0.0273542     -0.998000       50.5796       7.45147
#413.867      25.0366       0       3.43242      0.286702       2.82513     0.0273808     -0.998000       50.5803       7.45191
#413.854      25.5934       0       3.43244      0.286713       2.82513     0.0274080     -0.998000       50.5811       7.45232
#413.84       25.992        0       3.43246      0.286725       2.82513     0.0274355     -0.998000       50.5819       7.45272
#413.827      25.7942       0       3.43249      0.286736       2.82513     0.0274623     -0.998000       50.5828       7.45312
#413.813      26.2089       0       3.43251      0.286748       2.82513     0.0274893     -0.998000       50.5836       7.45351
#413.798      26.1452       0       3.43253      0.286760       2.82513     0.0275160     -0.998000       50.5845       7.45390
#413.785      25.5973       0       3.43255      0.286772       2.82513     0.0275416     -0.998000       50.5853       7.45431
#413.77       25.9852       0       3.43257      0.286784       2.82513     0.0275674     -0.998000       50.5861       7.45470
#413.756      25.0662       0       3.43259      0.286795       2.82513     0.0275917     -0.998000       50.5869       7.45512
#413.743      24.6354       0       3.43262      0.286805       2.82513     0.0276152     -0.998000       50.5876       7.45557
#413.731      25.1236       0       3.43264      0.286816       2.82513     0.0276393     -0.998000       50.5884       7.45599
#413.715      25.6595       0       3.43266      0.286828       2.82513     0.0276640     -0.998000       50.5892       7.45639
#413.703      24.532        0       3.43268      0.286838       2.82513     0.0276868     -0.998000       50.5899       7.45683
#413.69       25.0125       0       3.43271      0.286849       2.82513     0.0277103     -0.998000       50.5906       7.45725
#413.677      25.5313       0       3.43273      0.286861       2.82513     0.0277344     -0.998000       50.5914       7.45765
#413.665      26.0099       0       3.43275      0.286873       2.82513     0.0277590     -0.998000       50.5923       7.45804
#413.65       26.4067       0       3.43277      0.286886       2.82513     0.0277838     -0.998000       50.5932       7.45841
#413.638      25.844        0       3.43279      0.286898       2.82513     0.0278077     -0.998000       50.5940       7.45879
#413.624      26.2496       0       3.43281      0.286911       2.82513     0.0278319     -0.998000       50.5948       7.45916
#413.608      26.1138       0       3.43284      0.286923       2.82513     0.0278557     -0.998000       50.5957       7.45954
#413.595      24.3546       0       3.43286      0.286934       2.82513     0.0278767     -0.998000       50.5964       7.45999
#413.583      24.569        0       3.43288      0.286944       2.82513     0.0278980     -0.998000       50.5971       7.46042
#413.57       24.8211       0       3.43290      0.286955       2.82513     0.0279198     -0.998000       50.5979       7.46084
#413.558      25.3602       0       3.43293      0.286967       2.82513     0.0279424     -0.998000       50.5986       7.46124
#413.546      25.8578       0       3.43295      0.286980       2.82513     0.0279655     -0.998000       50.5994       7.46162
#413.53       26.1903       0       3.43297      0.286993       2.82513     0.0279889     -0.998000       50.6003       7.46199
#413.518      24.9085       0       3.43299      0.287004       2.82513     0.0280103     -0.998000       50.6010       7.46241
#413.506      25.4337       0       3.43301      0.287016       2.82513     0.0280324     -0.998000       50.6018       7.46280
#413.493      25.5911       0       3.43304      0.287028       2.82513     0.0280547     -0.998000       50.6026       7.46319
#413.479      25.9318       0       3.43306      0.287041       2.82513     0.0280773     -0.998000       50.6034       7.46356
#413.467      25.3183       0       3.43308      0.287053       2.82513     0.0280989     -0.998000       50.6042       7.46396
#413.452      25.7962       0       3.43310      0.287066       2.82513     0.0281211     -0.998000       50.6050       7.46433
#413.44       24.7786       0       3.43312      0.287077       2.82513     0.0281417     -0.998000       50.6058       7.46475
#413.427      25.2468       0       3.43315      0.287089       2.82513     0.0281630     -0.998000       50.6066       7.46515
#413.414      24.6543       0       3.43317      0.287100       2.82513     0.0281834     -0.998000       50.6073       7.46557
#413.402      24.858        0       3.43319      0.287112       2.82513     0.0282040     -0.998000       50.6080       7.46598
#413.39       25.3908       0       3.43321      0.287124       2.82513     0.0282255     -0.998000       50.6088       7.46637
#413.378      25.7217       0       3.43323      0.287137       2.82513     0.0282473     -0.998000       50.6096       7.46675
#413.363      26.0324       0       3.43325      0.287150       2.82513     0.0282694     -0.998000       50.6104       7.46711
#413.351      24.6767       0       3.43328      0.287161       2.82513     0.0282895     -0.998000       50.6111       7.46753
#413.338      25.1317       0       3.43330      0.287173       2.82513     0.0283102     -0.998000       50.6119       7.46792
#413.327      25.1525       0       3.43332      0.287185       2.82513     0.0283310     -0.998000       50.6126       7.46832
#413.315      25.6246       0       3.43334      0.287198       2.82513     0.0283524     -0.998000       50.6134       7.46870
#413.301      26.0716       0       3.43336      0.287211       2.82513     0.0283742     -0.998000       50.6142       7.46906
#413.287      25.6048       0       3.43339      0.287224       2.82513     0.0283953     -0.998000       50.6150       7.46944
#413.275      24.6263       0       3.43341      0.287235       2.82513     0.0284149     -0.998000       50.6157       7.46985
#413.263      25.0232       0       3.43343      0.287247       2.82513     0.0284352     -0.998000       50.6165       7.47025
#413.25       25.26         0       3.43345      0.287259       2.82513     0.0284558     -0.998000       50.6172       7.47063
#413.238      24.8607       0       3.43347      0.287271       2.82513     0.0284758     -0.998000       50.6180       7.47104
#413.226      25.0396       0       3.43349      0.287283       2.82513     0.0284960     -0.998000       50.6187       7.47143
#413.214      25.5027       0       3.43352      0.287296       2.82513     0.0285169     -0.998000       50.6195       7.47181
#413.202      25.9051       0       3.43354      0.287309       2.82513     0.0285381     -0.998000       50.6203       7.47217
#413.186      26.0836       0       3.43356      0.287323       2.82513     0.0285595     -0.998000       50.6211       7.47253
#413.175      24.2669       0       3.43358      0.287334       2.82513     0.0285783     -0.998000       50.6217       7.47295
#413.163      24.8439       0       3.43360      0.287346       2.82513     0.0285980     -0.998000       50.6224       7.47335
#413.151      24.9988       0       3.43362      0.287358       2.82513     0.0286179     -0.998000       50.6232       7.47375
#413.14       25.407        0       3.43365      0.287371       2.82513     0.0286384     -0.998000       50.6239       7.47412
#413.128      25.8363       0       3.43367      0.287384       2.82513     0.0286594     -0.998000       50.6247       7.47449
#413.113      26.2644       0       3.43369      0.287398       2.82513     0.0286807     -0.998000       50.6256       7.47483
#413.101      24.5126       0       3.43371      0.287409       2.82513     0.0286997     -0.998000       50.6262       7.47524
#413.09       24.8288       0       3.43373      0.287421       2.82513     0.0287191     -0.998000       50.6269       7.47564
#413.078      25.2951       0       3.43375      0.287434       2.82513     0.0287393     -0.998000       50.6277       7.47602
#413.064      25.7067       0       3.43377      0.287447       2.82513     0.0287598     -0.998000       50.6285       7.47638
#413.053      24.7353       0       3.43379      0.287459       2.82513     0.0287791     -0.998000       50.6292       7.47678
#413.04       25.0629       0       3.43382      0.287472       2.82513     0.0287988     -0.998000       50.6299       7.47717
#413.029      24.874        0       3.43384      0.287484       2.82513     0.0288182     -0.998000       50.6306       7.47756
#413.017      25.4108       0       3.43386      0.287497       2.82513     0.0288384     -0.998000       50.6313       7.47793
#413.003      25.63         0       3.43388      0.287510       2.82513     0.0288588     -0.998000       50.6321       7.47830
#412.992      24.201        0       3.43390      0.287521       2.82513     0.0288771     -0.998000       50.6327       7.47872
#412.981      24.7754       0       3.43392      0.287533       2.82513     0.0288963     -0.998000       50.6334       7.47911
#412.969      25.2437       0       3.43394      0.287546       2.82513     0.0289162     -0.998000       50.6342       7.47949
#412.958      25.68         0       3.43397      0.287559       2.82513     0.0289366     -0.998000       50.6349       7.47985
#412.943      26.0045       0       3.43399      0.287573       2.82513     0.0289573     -0.998000       50.6357       7.48020
#412.93       24.5168       0       3.43401      0.287585       2.82513     0.0289760     -0.998000       50.6364       7.48060
#412.92       24.2778       0       3.43403      0.287597       2.82513     0.0289944     -0.998000       50.6370       7.48101
#412.908      24.8849       0       3.43405      0.287609       2.82513     0.0290137     -0.998000       50.6377       7.48140
#412.897      25.0077       0       3.43407      0.287622       2.82513     0.0290332     -0.998000       50.6384       7.48178
#412.884      25.4762       0       3.43409      0.287635       2.82513     0.0290532     -0.998000       50.6392       7.48215
#412.871      25.1984       0       3.43411      0.287648       2.82513     0.0290729     -0.998000       50.6399       7.48252
#412.86       24.5189       0       3.43413      0.287660       2.82513     0.0290915     -0.998000       50.6406       7.48292
#412.849      25.0713       0       3.43416      0.287672       2.82513     0.0291110     -0.998000       50.6413       7.48330
#412.838      25.4464       0       3.43418      0.287685       2.82513     0.0291309     -0.998000       50.6420       7.48366
#412.826      25.8106       0       3.43420      0.287699       2.82513     0.0291512     -0.998000       50.6428       7.48401
#412.811      25.8857       0       3.43422      0.287713       2.82513     0.0291715     -0.998000       50.6435       7.48436
#412.801      24.2747       0       3.43424      0.287725       2.82513     0.0291896     -0.998000       50.6442       7.48477
#412.79       24.7835       0       3.43426      0.287737       2.82513     0.0292085     -0.998000       50.6448       7.48515
#412.775      25.2382       0       3.43428      0.287750       2.82513     0.0292280     -0.998000       50.6456       7.48552
#412.765      23.727        0       3.43430      0.287761       2.82513     0.0292453     -0.998000       50.6461       7.48595
#412.752      24.3288       0       3.43432      0.287773       2.82513     0.0292636     -0.998000       50.6468       7.48635
#412.742      24.1429       0       3.43435      0.287785       2.82513     0.0292818     -0.998000       50.6474       7.48676
#412.731      24.6563       0       3.43437      0.287797       2.82513     0.0293007     -0.998000       50.6481       7.48715
#412.719      25.0824       0       3.43439      0.287810       2.82513     0.0293202     -0.998000       50.6488       7.48752
#412.707      25.1834       0       3.43441      0.287823       2.82513     0.0293397     -0.998000       50.6495       7.48789
#412.696      24.9743       0       3.43443      0.287836       2.82513     0.0293590     -0.998000       50.6502       7.48827
#412.683      25.3293       0       3.43445      0.287849       2.82513     0.0293787     -0.998000       50.6509       7.48863
#412.673      24.7195       0       3.43447      0.287862       2.82513     0.0293975     -0.998000       50.6516       7.48902
#412.662      25.2399       0       3.43449      0.287875       2.82513     0.0294170     -0.998000       50.6523       7.48938
#412.651      25.6028       0       3.43451      0.287888       2.82513     0.0294369     -0.998000       50.6530       7.48974
#412.639      25.9198       0       3.43453      0.287902       2.82513     0.0294570     -0.998000       50.6537       7.49008
#412.624      25.5793       0       3.43455      0.287916       2.82513     0.0294767     -0.998000       50.6544       7.49043
#412.614      23.9427       0       3.43457      0.287927       2.82513     0.0294941     -0.998000       50.6550       7.49084
#412.603      24.5282       0       3.43459      0.287940       2.82513     0.0295125     -0.998000       50.6557       7.49123
#412.589      25.0193       0       3.43461      0.287953       2.82513     0.0295316     -0.998000       50.6564       7.49160
#412.578      23.3054       0       3.43463      0.287963       2.82513     0.0295481     -0.998000       50.6569       7.49204
#412.567      23.6235       0       3.43466      0.287975       2.82513     0.0295653     -0.998000       50.6575       7.49246
#412.556      24.231        0       3.43468      0.287987       2.82513     0.0295835     -0.998000       50.6581       7.49286
#412.545      24.3985       0       3.43470      0.287999       2.82513     0.0296020     -0.998000       50.6588       7.49325
#412.534      24.41         0       3.43472      0.288011       2.82513     0.0296206     -0.998000       50.6594       7.49364
#412.523      24.8984       0       3.43474      0.288024       2.82513     0.0296397     -0.998000       50.6601       7.49401
#412.511      25.3401       0       3.43476      0.288038       2.82513     0.0296594     -0.998000       50.6608       7.49437
#412.5        24.6235       0       3.43478      0.288050       2.82513     0.0296781     -0.998000       50.6614       7.49475
#412.489      25.0229       0       3.43480      0.288063       2.82513     0.0296973     -0.998000       50.6621       7.49512
#412.478      24.8853       0       3.43482      0.288076       2.82513     0.0297163     -0.998000       50.6627       7.49549
#412.467      25.1616       0       3.43484      0.288090       2.82513     0.0297356     -0.998000       50.6634       7.49585
#412.456      25.6032       0       3.43486      0.288103       2.82513     0.0297553     -0.998000       50.6641       7.49620
#412.445      25.882        0       3.43488      0.288118       2.82513     0.0297752     -0.998000       50.6649       7.49654
#412.431      26.1606       0       3.43490      0.288132       2.82513     0.0297953     -0.998000       50.6656       7.49687
#412.42       24.1781       0       3.43492      0.288144       2.82513     0.0298130     -0.998000       50.6662       7.49726
#412.406      24.4115       0       3.43494      0.288157       2.82513     0.0298310     -0.998000       50.6668       7.49765
#412.396      22.7457       0       3.43496      0.288167       2.82513     0.0298463     -0.998000       50.6673       7.49810
#412.385      23.3625       0       3.43498      0.288178       2.82513     0.0298631     -0.998000       50.6679       7.49853
#412.374      23.7949       0       3.43500      0.288190       2.82513     0.0298806     -0.998000       50.6685       7.49894
#412.364      23.9874       0       3.43502      0.288202       2.82513     0.0298985     -0.998000       50.6690       7.49934
#412.353      24.3223       0       3.43504      0.288214       2.82513     0.0299169     -0.998000       50.6697       7.49972
#412.342      24.8347       0       3.43506      0.288227       2.82513     0.0299359     -0.998000       50.6703       7.50009
#412.329      24.5849       0       3.43508      0.288240       2.82513     0.0299545     -0.998000       50.6710       7.50047
#412.319      24.0008       0       3.43510      0.288252       2.82513     0.0299724     -0.998000       50.6715       7.50086
#412.309      24.5331       0       3.43512      0.288265       2.82513     0.0299910     -0.998000       50.6722       7.50124
#412.298      25.0546       0       3.43514      0.288278       2.82513     0.0300102     -0.998000       50.6728       7.50160
#412.288      25.3633       0       3.43516      0.288292       2.82513     0.0300297     -0.998000       50.6735       7.50195
#412.277      25.6633       0       3.43518      0.288306       2.82513     0.0300494     -0.998000       50.6742       7.50229
#412.266      25.7642       0       3.43520      0.288320       2.82513     0.0300691     -0.998000       50.6749       7.50263
#412.254      26.035        0       3.43522      0.288334       2.82513     0.0300890     -0.998000       50.6756       7.50296
#412.244      25.5134       0       3.43524      0.288348       2.82513     0.0301081     -0.998000       50.6763       7.50331
#412.227      25.6694       0       3.43526      0.288362       2.82513     0.0301274     -0.998000       50.6770       7.50365
#412.217      22.1734       0       3.43528      0.288372       2.82513     0.0301414     -0.998000       50.6774       7.50413
#412.208      19.5272       0       3.43531      0.288379       2.82513     0.0301532     -0.998000       50.6777       7.50466
#================================================================================
# Variances and Principal Axes
#                 5        6        8        9       13       14       20  
# 9.3031E-07| -0.6162   0.7143   0.0112   0.3304  -0.0008   0.0134  -0.0250  
# 9.5535E-06| -0.3174  -0.6092   0.0283   0.7259   0.0003  -0.0108   0.0161  
# 3.1057E-04| -0.7207  -0.3425  -0.0161  -0.6023  -0.0050  -0.0035   0.0116  
# 5.5844E-01|  0.0029   0.0212   0.8374  -0.0263  -0.1218  -0.0725   0.5268  
# 1.2675E+00|  0.0009  -0.0171   0.2084  -0.0079   0.5216   0.8214  -0.0973  
# 3.5165E+00|  0.0059  -0.0220   0.2917  -0.0095  -0.6964   0.2986  -0.5833  
# 4.7447E+00|  0.0001   0.0099  -0.4111   0.0182  -0.4776   0.4802   0.6098  
#--------------------------------------------------------------------------------
#
#====================================================================================
#  Covariance Matrix
#        1           2           3           4           5           6           7   
#   2.906e-04  -3.582e-04   7.495e-03  -1.097e-04  -1.423e-02   7.156e-03  -1.113e-02
#  -3.582e-04   2.822e-03  -3.645e-02   1.511e-03   1.862e-02  -1.911e-02   8.204e-02
#   7.495e-03  -3.645e-02   1.548e+00  -5.962e-02   2.982e-01  -4.475e-01  -1.567e+00
#  -1.097e-04   1.511e-03  -5.962e-02   2.472e-03  -2.140e-02   2.428e-02   6.540e-02
#  -1.423e-02   1.862e-02   2.982e-01  -2.140e-02   3.141e+00  -1.271e+00  -5.361e-02
#   7.156e-03  -1.911e-02  -4.475e-01   2.428e-02  -1.271e+00   2.266e+00   6.542e-01
#  -1.113e-02   8.204e-02  -1.567e+00   6.540e-02  -5.361e-02   6.542e-01   3.127e+00
#------------------------------------------------------------------------------------
#
#========================================================================
#Model TBfeo<1>(simpl<2>(diskbb<3> + relxill<4>)) Source No.: 1   Active/On
#Model Model Component  Parameter  Unit     Value
# par  comp
#   1    1   TBfeo      nH         10^22    3.68341      frozen
#   2    1   TBfeo      O                   0.718572     frozen
#   3    1   TBfeo      Fe                  0.977861     frozen
#   4    1   TBfeo      redshift            0.0          frozen
#   5    2   simpl      Gamma               3.43531      +/-  1.70473E-02  
#   6    2   simpl      FracSctr            0.288379     +/-  5.31193E-02  
#   7    2   simpl      UpScOnly            1.00000      frozen
#   8    3   diskbb     Tin        keV      2.82513      +/-  1.24415      
#   9    3   diskbb     norm                3.01532E-02  +/-  4.97158E-02  
#  10    4   relxill    Index1              3.00000      frozen
#  11    4   relxill    Index2              3.00000      frozen
#  12    4   relxill    Rbr                 15.0000      frozen
#  13    4   relxill    a                   -0.998000    +/-  1.77221      
#  14    4   relxill    Incl       deg      50.6777      +/-  1.50525      
#  15    4   relxill    Rin                 -1.00000     frozen
#  16    4   relxill    Rout                400.000      frozen
#  17    4   relxill    z                   0.0          frozen
#  18    4   relxill    gamma               3.43531      = p5
#  19    4   relxill    logxi               1.72614      frozen
#  20    4   relxill    Afe                 7.50466      +/-  1.76847      
#  21    4   relxill    Ecut       keV      100.000      frozen
#  22    4   relxill    refl_frac           -1.00000     frozen
#  23    4   relxill    norm                0.115419     frozen
#________________________________________________________________________
#
#
#Fit statistic  : PG-Statistic                 412.21     using 218 bins.
#
#Test statistic : Chi-Squared                  381.12     using 218 bins.
# Null hypothesis probability of 6.62e-12 with 211 degrees of freedom
#***Warning: New best fit found, fit parameters will be set to new values.
#                                   Parameters
#PG-Statistic |beta|/N    Lvl       5:Gamma    6:FracSctr         8:Tin        9:norm          13:a       14:Incl        20:Afe
#403.692      70.2505       0       3.42258      0.331765       2.82513     0.0259671     -0.989729       50.6630       8.82425
#403.515      77.836        0       3.42290      0.331935       2.82513     0.0261390     -0.997888       50.6695       8.82625
#403.432      73.7798       0       3.42322      0.332089       2.82513     0.0263235     -0.997996       50.6752       8.82859
#403.232      82.4075       0       3.42352      0.332261       2.82513     0.0265310     -0.998000       50.6816       8.83053
#403.125      75.8499       0       3.42383      0.332406       2.82513     0.0267364     -0.998000       50.6866       8.83300
#402.969      81.4043       0       3.42413      0.332570       2.82513     0.0269579     -0.998000       50.6923       8.83510
#402.843      80.7073       0       3.42443      0.332717       2.82513     0.0271767     -0.998000       50.6972       8.83751
#402.685      83.6667       0       3.42472      0.332879       2.82513     0.0274048     -0.998000       50.7027       8.83961
#402.559      82.6375       0       3.42501      0.333027       2.82513     0.0276281     -0.998000       50.7074       8.84202
#402.372      85.2301       0       3.42529      0.333195       2.82513     0.0278610     -0.998000       50.7129       8.84397
#402.28       80.2502       0       3.42558      0.333334       2.82513     0.0280806     -0.998000       50.7171       8.84656
#402.134      86.5871       0       3.42586      0.333486       2.82513     0.0283070     -0.998000       50.7217       8.84887
#402.003      86.1598       0       3.42614      0.333633       2.82513     0.0285315     -0.998000       50.7261       8.85127
#401.862      87.3853       0       3.42642      0.333783       2.82513     0.0287570     -0.998000       50.7305       8.85362
#401.733      87.1717       0       3.42669      0.333930       2.82513     0.0289796     -0.998000       50.7348       8.85602
#401.642      88.107        0       3.42696      0.334078       2.82513     0.0292019     -0.998000       50.7389       8.85839
#401.417      93.3513       0       3.42721      0.334268       2.82513     0.0294369     -0.998000       50.7446       8.85990
#401.243      83.2138       0       3.42746      0.334438       2.82513     0.0296557     -0.998000       50.7494       8.86183
#401.17       77.6964       0       3.42774      0.334563       2.82513     0.0298543     -0.998000       50.7526       8.86471
#401.084      84.4222       0       3.42801      0.334700       2.82513     0.0300636     -0.998000       50.7561       8.86733
#400.989      89.3254       0       3.42827      0.334848       2.82513     0.0302775     -0.998000       50.7599       8.86970
#400.836      93.1445       0       3.42853      0.335002       2.82513     0.0304923     -0.998000       50.7640       8.87196
#400.667      105.067       0       3.42877      0.335170       2.82513     0.0307113     -0.998000       50.7684       8.87392
#400.554      99.0583       0       3.42901      0.335327       2.82513     0.0309199     -0.998000       50.7723       8.87612
#400.39       100.32        0       3.42926      0.335487       2.82513     0.0311266     -0.998000       50.7764       8.87826
#400.291      93.6744       0       3.42951      0.335633       2.82513     0.0313254     -0.998000       50.7798       8.88069
#400.197      96.4028       0       3.42975      0.335784       2.82513     0.0315259     -0.998000       50.7834       8.88302
#400.038      99.8874       0       3.42998      0.335942       2.82513     0.0317275     -0.998000       50.7872       8.88520
#399.94       93.3185       0       3.43023      0.336087       2.82513     0.0319214     -0.998000       50.7905       8.88766
#399.871      95.4071       0       3.43046      0.336235       2.82513     0.0321167     -0.998000       50.7938       8.89005
#399.701      101.827       0       3.43069      0.336397       2.82513     0.0323156     -0.998000       50.7975       8.89216
#399.603      93.063        0       3.43093      0.336540       2.82513     0.0325043     -0.998000       50.8006       8.89465
#399.529      94.6988       0       3.43116      0.336686       2.82513     0.0326942     -0.998000       50.8038       8.89709
#399.385      99.74         0       3.43139      0.336842       2.82513     0.0328870     -0.998000       50.8072       8.89931
#399.29       94.1977       0       3.43161      0.336987       2.82513     0.0330728     -0.998000       50.8102       8.90177
#399.209      95.6779       0       3.43184      0.337134       2.82513     0.0332592     -0.998000       50.8133       8.90418
#399.063      99.1774       0       3.43206      0.337288       2.82513     0.0334470     -0.998000       50.8166       8.90644
#398.986      92.5961       0       3.43228      0.337429       2.82513     0.0336272     -0.998000       50.8193       8.90899
#398.907      96.2589       0       3.43250      0.337577       2.82513     0.0338101     -0.998000       50.8223       8.91140
#398.796      99.5254       0       3.43272      0.337731       2.82513     0.0339940     -0.998000       50.8254       8.91366
#398.686      97.8483       0       3.43293      0.337882       2.82513     0.0341739     -0.998000       50.8284       8.91599
#398.593      95.9704       0       3.43314      0.338029       2.82513     0.0343505     -0.998000       50.8312       8.91841
#398.527      96.495        0       3.43335      0.338177       2.82513     0.0345265     -0.998000       50.8341       8.92081
#398.373      100.972       0       3.43356      0.338334       2.82513     0.0347045     -0.998000       50.8371       8.92302
#398.312      92.0406       0       3.43377      0.338472       2.82513     0.0348729     -0.998000       50.8396       8.92562
#398.227      96.7546       0       3.43398      0.338619       2.82513     0.0350454     -0.998000       50.8423       8.92803
#398.13       98.012        0       3.43418      0.338769       2.82513     0.0352175     -0.998000       50.8451       8.93039
#398.015      97.253        0       3.43438      0.338917       2.82513     0.0353870     -0.998000       50.8478       8.93278
#397.968      93.3612       0       3.43459      0.339057       2.82513     0.0355522     -0.998000       50.8502       8.93536
#397.869      99.6537       0       3.43478      0.339209       2.82513     0.0357220     -0.998000       50.8530       8.93766
#397.766      98.169        0       3.43498      0.339359       2.82513     0.0358882     -0.998000       50.8557       8.94003
#397.672      95.9578       0       3.43517      0.339504       2.82513     0.0360509     -0.998000       50.8581       8.94250
#397.627      94.5699       0       3.43537      0.339645       2.82513     0.0362118     -0.998000       50.8605       8.94504
#397.516      100.734       0       3.43556      0.339799       2.82513     0.0363768     -0.998000       50.8632       8.94731
#397.424      96.8675       0       3.43575      0.339945       2.82513     0.0365362     -0.998000       50.8657       8.94975
#397.381      95.5386       0       3.43594      0.340088       2.82513     0.0366934     -0.998000       50.8680       8.95226
#397.246      101.324       0       3.43612      0.340243       2.82513     0.0368544     -0.998000       50.8707       8.95452
#397.213      93.5369       0       3.43631      0.340382       2.82513     0.0370067     -0.998000       50.8729       8.95712
#397.085      100.584       0       3.43649      0.340535       2.82513     0.0371647     -0.998000       50.8755       8.95942
#397.048      93.4535       0       3.43667      0.340672       2.82513     0.0373147     -0.998000       50.8776       8.96203
#396.923      99.7764       0       3.43685      0.340823       2.82513     0.0374699     -0.998000       50.8801       8.96439
#396.898      92.673        0       3.43704      0.340958       2.82513     0.0376174     -0.998000       50.8822       8.96705
#396.802      100.594       0       3.43721      0.341110       2.82513     0.0377716     -0.998000       50.8846       8.96938
#396.722      97.9121       0       3.43739      0.341256       2.82513     0.0379210     -0.998000       50.8869       8.97182
#396.648      97.3962       0       3.43756      0.341401       2.82513     0.0380687     -0.998000       50.8892       8.97429
#396.555      97.6671       0       3.43773      0.341546       2.82513     0.0382155     -0.998000       50.8914       8.97675
#396.527      94.8062       0       3.43791      0.341685       2.82513     0.0383589     -0.998000       50.8935       8.97934
#396.386      101.643       0       3.43807      0.341838       2.82513     0.0385073     -0.998000       50.8959       8.98164
#396.358      91.2528       0       3.43825      0.341969       2.82513     0.0386451     -0.998000       50.8978       8.98440
#396.302      97.9685       0       3.43842      0.342113       2.82513     0.0387892     -0.998000       50.8999       8.98688
#396.206      100.48        0       3.43858      0.342263       2.82513     0.0389337     -0.998000       50.9022       8.98925
#396.15       96.8479       0       3.43874      0.342405       2.82513     0.0390730     -0.998000       50.9043       8.99178
#396.023      99.0201       0       3.43890      0.342552       2.82513     0.0392132     -0.998000       50.9065       8.99421
#396.005      89.959        0       3.43908      0.342679       2.82513     0.0393450     -0.998000       50.9082       8.99705
#395.965      97.8495       0       3.43924      0.342821       2.82513     0.0394845     -0.998000       50.9102       8.99957
#395.905      102.234       0       3.43939      0.342974       2.82513     0.0396256     -0.998000       50.9125       9.00189
#395.707      103.698       0       3.43954      0.343130       2.82513     0.0397647     -0.998000       50.9149       9.00413
#395.596      82.6651       0       3.43952      0.343169       2.82513     0.0398855     -0.998000       50.9158       9.00379
#395.521      67.7844       0       3.43950      0.343199       2.82513     0.0399916     -0.998000       50.9164       9.00363
#395.466      57.0943       0       3.43949      0.343223       2.82513     0.0400864     -0.998000       50.9169       9.00361
#395.42       48.926        0       3.43949      0.343242       2.82513     0.0401721     -0.998000       50.9172       9.00370
#395.388      41.3742       0       3.43948      0.343257       2.82513     0.0402493     -0.998000       50.9174       9.00388
#395.36       36.8661       0       3.43949      0.343269       2.82513     0.0403204     -0.998000       50.9176       9.00412
#395.337      33.4498       0       3.43949      0.343280       2.82513     0.0403866     -0.998000       50.9177       9.00440
#395.315      30.8193       0       3.43950      0.343289       2.82513     0.0404485     -0.998000       50.9178       9.00471
#395.296      28.2126       0       3.43950      0.343297       2.82513     0.0405064     -0.998000       50.9179       9.00505
#395.279      26.1821       0       3.43951      0.343304       2.82513     0.0405607     -0.998000       50.9179       9.00542
#395.263      25.194        0       3.43952      0.343310       2.82513     0.0406126     -0.998000       50.9179       9.00580
#395.249      24.3921       0       3.43953      0.343317       2.82513     0.0406623     -0.998000       50.9179       9.00617
#395.235      23.7392       0       3.43954      0.343324       2.82513     0.0407101     -0.998000       50.9179       9.00655
#395.221      23.1835       0       3.43955      0.343331       2.82513     0.0407561     -0.998000       50.9180       9.00692
#395.208      22.7282       0       3.43956      0.343338       2.82513     0.0408004     -0.998000       50.9180       9.00729
#395.196      22.3421       0       3.43957      0.343345       2.82513     0.0408433     -0.998000       50.9180       9.00766
#395.184      22.0111       0       3.43958      0.343353       2.82513     0.0408847     -0.998000       50.9181       9.00802
#395.173      21.6966       0       3.43960      0.343361       2.82513     0.0409247     -0.998000       50.9181       9.00838
#395.162      21.4624       0       3.43961      0.343369       2.82513     0.0409636     -0.998000       50.9182       9.00873
#395.151      21.2634       0       3.43962      0.343378       2.82513     0.0410013     -0.998000       50.9182       9.00908
#395.141      21.0845       0       3.43963      0.343387       2.82513     0.0410379     -0.998000       50.9183       9.00943
#395.131      20.9316       0       3.43964      0.343396       2.82513     0.0410734     -0.998000       50.9184       9.00976
#395.122      17.8202       0       3.43966      0.343403       2.82513     0.0411064     -0.998000       50.9184       9.01013
#================================================================================
# Variances and Principal Axes
#                 5        6        8        9       13       14       20  
# 1.1120E-06| -0.6584   0.6530   0.0172   0.3717  -0.0019   0.0259  -0.0315  
# 1.0850E-05| -0.2212  -0.6397   0.0389   0.7342   0.0015  -0.0241   0.0249  
# 3.3872E-04| -0.7194  -0.4013  -0.0186  -0.5663  -0.0049  -0.0092   0.0173  
# 3.4253E-01|  0.0037   0.0325   0.8586  -0.0380  -0.0625  -0.1795   0.4735  
# 1.3672E+00|  0.0055  -0.0388   0.3443  -0.0154   0.3777   0.8171  -0.2633  
# 3.0495E+00|  0.0070  -0.0257   0.2863  -0.0126  -0.7405   0.0246  -0.6068  
# 5.8588E+00|  0.0020   0.0039  -0.2453   0.0164  -0.5524   0.5460   0.5799  
#--------------------------------------------------------------------------------
#
#====================================================================================
#  Covariance Matrix
#        1           2           3           4           5           6           7   
#   3.955e-04  -6.553e-04   6.912e-03  -1.046e-04  -1.957e-02   1.283e-02  -7.556e-03
#  -6.553e-04   4.587e-03  -3.682e-02   1.830e-03   2.470e-02  -3.468e-02   8.019e-02
#   6.912e-03  -3.682e-02   1.017e+00  -5.290e-02   3.067e-01  -4.314e-01  -1.348e+00
#  -1.046e-04   1.830e-03  -5.290e-02   2.982e-03  -3.163e-02   3.651e-02   7.824e-02
#  -1.957e-02   2.470e-02   3.067e-01  -3.163e-02   3.656e+00  -1.397e+00  -6.526e-01
#   1.283e-02  -3.468e-02  -4.314e-01   3.651e-02  -1.397e+00   2.672e+00   1.486e+00
#  -7.556e-03   8.019e-02  -1.348e+00   7.824e-02  -6.526e-01   1.486e+00   3.265e+00
#------------------------------------------------------------------------------------
#
#========================================================================
#Model TBfeo<1>(simpl<2>(diskbb<3> + relxill<4>)) Source No.: 1   Active/On
#Model Model Component  Parameter  Unit     Value
# par  comp
#   1    1   TBfeo      nH         10^22    3.68341      frozen
#   2    1   TBfeo      O                   0.718572     frozen
#   3    1   TBfeo      Fe                  0.977861     frozen
#   4    1   TBfeo      redshift            0.0          frozen
#   5    2   simpl      Gamma               3.43966      +/-  1.98880E-02  
#   6    2   simpl      FracSctr            0.343403     +/-  6.77240E-02  
#   7    2   simpl      UpScOnly            1.00000      frozen
#   8    3   diskbb     Tin        keV      2.82513      +/-  1.00851      
#   9    3   diskbb     norm                4.11064E-02  +/-  5.46115E-02  
#  10    4   relxill    Index1              3.00000      frozen
#  11    4   relxill    Index2              3.00000      frozen
#  12    4   relxill    Rbr                 15.0000      frozen
#  13    4   relxill    a                   -0.998000    +/-  1.91206      
#  14    4   relxill    Incl       deg      50.9184      +/-  1.63474      
#  15    4   relxill    Rin                 -1.00000     frozen
#  16    4   relxill    Rout                400.000      frozen
#  17    4   relxill    z                   0.0          frozen
#  18    4   relxill    gamma               3.43966      = p5
#  19    4   relxill    logxi               1.72614      frozen
#  20    4   relxill    Afe                 9.01013      +/-  1.80692      
#  21    4   relxill    Ecut       keV      100.000      frozen
#  22    4   relxill    refl_frac           -1.00000     frozen
#  23    4   relxill    norm                0.115419     frozen
#________________________________________________________________________
#
#
#Fit statistic  : PG-Statistic                 395.12     using 218 bins.
#
#Test statistic : Chi-Squared                  369.73     using 218 bins.
# Null hypothesis probability of 8.57e-11 with 211 degrees of freedom
#***Warning: New best fit found, fit parameters will be set to new values.
#                                   Parameters
#PG-Statistic |beta|/N    Lvl       5:Gamma    6:FracSctr         8:Tin        9:norm          13:a       14:Incl        20:Afe
#389.135      21.345        0       3.42484      0.391166       2.82513     0.0353887     -0.908230       50.7407       10.0000
#389.104      29.7651       0       3.42519      0.391264       2.82513     0.0354270     -0.919371       50.7418       10.0000
#389.06       40.5318       0       3.42551      0.391380       2.82513     0.0355213     -0.925676       50.7435       10.0000
#389.01       48.2023       0       3.42581      0.391508       2.82513     0.0356525     -0.924208       50.7455       10.0000
#388.919      55.0839       0       3.42610      0.391645       2.82513     0.0358070     -0.927236       50.7478       10.0000
#388.826      55.2535       0       3.42638      0.391776       2.82513     0.0359722     -0.929921       50.7500       10.0000
#388.735      55.38         0       3.42666      0.391902       2.82513     0.0361461     -0.930314       50.7519       10.0000
#388.661      56.0589       0       3.42694      0.392026       2.82513     0.0363259     -0.931390       50.7538       10.0000
#388.579      69.3027       0       3.42723      0.392123       2.82513     0.0364993     -0.934369       50.7549       10.0000
#388.511      70.7419       0       3.42752      0.392216       2.82513     0.0366792     -0.941937       50.7559       10.0000
#388.441      74.8319       0       3.42779      0.392323       2.82513     0.0368693     -0.944019       50.7573       10.0000
#388.365      78.9028       0       3.42806      0.392441       2.82513     0.0370649     -0.944960       50.7590       10.0000
#388.226      81.938        0       3.42832      0.392565       2.82513     0.0372611     -0.955568       50.7609       10.0000
#388.154      74.8619       0       3.42859      0.392670       2.82513     0.0374488     -0.956846       50.7622       10.0000
#388.052      78.078        0       3.42885      0.392782       2.82513     0.0376399     -0.960452       50.7637       10.0000
#387.962      76.3088       0       3.42912      0.392887       2.82513     0.0378280     -0.970658       50.7650       10.0000
#387.886      76.2411       0       3.42938      0.392995       2.82513     0.0380172     -0.968442       50.7663       10.0000
#387.807      78.3332       0       3.42964      0.393105       2.82513     0.0382069     -0.969933       50.7677       10.0000
#387.734      79.8498       0       3.42989      0.393222       2.82513     0.0383969     -0.970398       50.7693       10.0000
#387.601      82.1535       0       3.43013      0.393343       2.82513     0.0385862     -0.978270       50.7711       10.0000
#387.54       74.8917       0       3.43039      0.393442       2.82513     0.0387652     -0.981785       50.7721       10.0000
#387.472      78.4772       0       3.43064      0.393552       2.82513     0.0389495     -0.981778       50.7735       10.0000
#387.359      80.9994       0       3.43089      0.393667       2.82513     0.0391335     -0.987710       50.7750       10.0000
#387.299      76.2134       0       3.43114      0.393768       2.82513     0.0393110     -0.989996       50.7761       10.0000
#387.224      79.4255       0       3.43138      0.393875       2.82513     0.0394909     -0.995089       50.7774       10.0000
#387.122      80.3195       0       3.43162      0.393989       2.82513     0.0396716     -0.997743       50.7789       10.0000
#387.06       76.8158       0       3.43187      0.394091       2.82513     0.0398467     -0.997984       50.7800       10.0000
#386.992      79.2493       0       3.43211      0.394196       2.82513     0.0400228     -0.997995       50.7812       10.0000
#386.923      80.6202       0       3.43234      0.394305       2.82513     0.0401989     -0.997999       50.7825       10.0000
#386.825      81.8309       0       3.43258      0.394418       2.82513     0.0403749     -0.998000       50.7839       10.0000
#386.775      78.1962       0       3.43281      0.394519       2.82513     0.0405448     -0.998000       50.7850       10.0000
#386.68       81.9234       0       3.43304      0.394638       2.82513     0.0407191     -0.998000       50.7866       10.0000
#386.626      78.5645       0       3.43327      0.394735       2.82513     0.0408842     -0.998000       50.7875       10.0000
#386.537      80.9985       0       3.43350      0.394849       2.82513     0.0410550     -0.998000       50.7889       10.0000
#386.492      78.2638       0       3.43373      0.394944       2.82513     0.0412188     -0.998000       50.7898       10.0000
#386.432      81.873        0       3.43396      0.395044       2.82513     0.0413837     -0.998000       50.7908       10.0000
#386.373      83.0886       0       3.43418      0.395148       2.82513     0.0415499     -0.998000       50.7919       10.0000
#386.317      84.4713       0       3.43440      0.395257       2.82513     0.0417162     -0.998000       50.7932       10.0000
#386.259      86.2071       0       3.43461      0.395370       2.82513     0.0418807     -0.998000       50.7945       10.0000
#386.093      87.5568       0       3.43481      0.395512       2.82513     0.0420525     -0.998000       50.7965       10.0000
#386.082      71.8749       0       3.43504      0.395581       2.82513     0.0421939     -0.998000       50.7967       10.0000
#386.051      79.5045       0       3.43527      0.395667       2.82513     0.0423469     -0.998000       50.7973       10.0000
#385.97       84.1638       0       3.43548      0.395778       2.82513     0.0425072     -0.998000       50.7986       10.0000
#385.932      81.2908       0       3.43569      0.395868       2.82513     0.0426608     -0.998000       50.7993       10.0000
#385.896      84.582        0       3.43591      0.395960       2.82513     0.0428144     -0.998000       50.8001       10.0000
#385.832      87.9978       0       3.43612      0.396060       2.82513     0.0429704     -0.998000       50.8011       10.0000
#385.753      104.88        0       3.43631      0.396184       2.82513     0.0431338     -0.998000       50.8026       10.0000
#385.679      102.12        0       3.43650      0.396303       2.82513     0.0432894     -0.998000       50.8040       10.0000
#385.596      99.4537       0       3.43670      0.396414       2.82513     0.0434390     -0.998000       50.8052       10.0000
#385.525      94.3167       0       3.43690      0.396511       2.82513     0.0435820     -0.998000       50.8061       10.0000
#385.497      90.7677       0       3.43711      0.396597       2.82513     0.0437217     -0.998000       50.8067       10.0000
#385.456      95.54         0       3.43731      0.396694       2.82513     0.0438669     -0.998000       50.8075       10.0000
#385.398      97.9108       0       3.43750      0.396797       2.82513     0.0440131     -0.998000       50.8085       10.0000
#385.332      97.2179       0       3.43769      0.396898       2.82513     0.0441568     -0.998000       50.8094       10.0000
#385.29       94.4028       0       3.43788      0.396990       2.82513     0.0442965     -0.998000       50.8101       10.0000
#385.241      95.9254       0       3.43808      0.397086       2.82513     0.0444371     -0.998000       50.8109       10.0000
#385.201      96.2603       0       3.43827      0.397182       2.82513     0.0445771     -0.998000       50.8117       10.0000
#385.147      98.0908       0       3.43845      0.397283       2.82513     0.0447174     -0.998000       50.8126       10.0000
#385.104      97.4303       0       3.43864      0.397382       2.82513     0.0448554     -0.998000       50.8135       10.0000
#385.061      98.5521       0       3.43882      0.397484       2.82513     0.0449930     -0.998000       50.8144       10.0000
#384.985      99.5733       0       3.43900      0.397589       2.82513     0.0451298     -0.998000       50.8154       10.0000
#384.952      94.0973       0       3.43918      0.397678       2.82513     0.0452597     -0.998000       50.8160       10.0000
#384.881      96.412        0       3.43936      0.397772       2.82513     0.0453920     -0.998000       50.8167       10.0000
#384.861      90.8193       0       3.43955      0.397849       2.82513     0.0455184     -0.998000       50.8171       10.0000
#384.83       95.3256       0       3.43973      0.397937       2.82513     0.0456501     -0.998000       50.8176       10.0000
#384.783      97.9452       0       3.43991      0.398032       2.82513     0.0457832     -0.998000       50.8184       10.0000
#384.742      97.4956       0       3.44008      0.398126       2.82513     0.0459141     -0.998000       50.8191       10.0000
#384.684      97.9715       0       3.44025      0.398220       2.82513     0.0460439     -0.998000       50.8198       10.0000
#384.657      94.8896       0       3.44043      0.398306       2.82513     0.0461693     -0.998000       50.8203       10.0000
#384.621      97.6716       0       3.44060      0.398399       2.82513     0.0462970     -0.998000       50.8210       10.0000
#384.563      98.8458       0       3.44076      0.398495       2.82513     0.0464243     -0.998000       50.8217       10.0000
#384.536      95.5091       0       3.44093      0.398581       2.82513     0.0465469     -0.998000       50.8222       10.0000
#384.497      97.9252       0       3.44110      0.398673       2.82513     0.0466712     -0.998000       50.8228       10.0000
#384.463      98.037        0       3.44127      0.398765       2.82513     0.0467944     -0.998000       50.8235       10.0000
#384.426      99.0695       0       3.44143      0.398860       2.82513     0.0469171     -0.998000       50.8242       10.0000
#384.36       99.402        0       3.44159      0.398956       2.82513     0.0470387     -0.998000       50.8249       10.0000
#384.34       93.859        0       3.44176      0.399036       2.82513     0.0471537     -0.998000       50.8253       10.0000
#384.308      96.9004       0       3.44192      0.399122       2.82513     0.0472720     -0.998000       50.8258       10.0000
#384.278      97.7432       0       3.44208      0.399211       2.82513     0.0473903     -0.998000       50.8263       10.0000
#384.21       98.9188       0       3.44223      0.399303       2.82513     0.0475086     -0.998000       50.8269       10.0000
#384.196      92.4036       0       3.44240      0.399375       2.82513     0.0476196     -0.998000       50.8271       10.0000
#384.171      96.135        0       3.44256      0.399457       2.82513     0.0477349     -0.998000       50.8275       10.0000
#384.135      97.8791       0       3.44271      0.399543       2.82513     0.0478511     -0.998000       50.8279       10.0000
#384.104      97.6055       0       3.44286      0.399628       2.82513     0.0479657     -0.998000       50.8284       10.0000
#384.068      98.2895       0       3.44302      0.399714       2.82513     0.0480798     -0.998000       50.8289       10.0000
#384.041      97.7182       0       3.44317      0.399799       2.82513     0.0481921     -0.998000       50.8293       10.0000
#384.007      98.8742       0       3.44332      0.399886       2.82513     0.0483043     -0.998000       50.8298       10.0000
#383.952      98.6385       0       3.44346      0.399973       2.82513     0.0484150     -0.998000       50.8303       10.0000
#383.938      93.8465       0       3.44362      0.400046       2.82513     0.0485203     -0.998000       50.8304       10.0000
#383.915      96.8261       0       3.44377      0.400125       2.82513     0.0486288     -0.998000       50.8308       10.0000
#383.888      98.4474       0       3.44391      0.400209       2.82513     0.0487381     -0.998000       50.8312       10.0000
#383.848      99.2365       0       3.44405      0.400295       2.82513     0.0488469     -0.998000       50.8316       10.0000
#383.822      97.4363       0       3.44420      0.400376       2.82513     0.0489525     -0.998000       50.8320       10.0000
#383.798      98.0327       0       3.44434      0.400458       2.82513     0.0490580     -0.998000       50.8323       10.0000
#383.771      98.932        0       3.44448      0.400542       2.82513     0.0491634     -0.998000       50.8327       10.0000
#383.744      99.5263       0       3.44462      0.400627       2.82513     0.0492682     -0.998000       50.8332       10.0000
#383.715      99.9209       0       3.44476      0.400714       2.82513     0.0493719     -0.998000       50.8336       10.0000
#383.687      99.9188       0       3.44489      0.400800       2.82513     0.0494744     -0.998000       50.8341       10.0000
#383.628      99.9572       0       3.44503      0.400887       2.82513     0.0495756     -0.998000       50.8345       10.0000
#383.619      93.3138       0       3.44517      0.400953       2.82513     0.0496699     -0.998000       50.8345       10.0000
#383.609      68.9132       0       3.44531      0.401022       2.82513     0.0497682     -0.998000       50.8346       10.0000
#383.599      70.9116       0       3.44546      0.401090       2.82513     0.0498669     -0.998000       50.8346       10.0000
#383.565      102.004       0       3.44558      0.401177       2.82513     0.0499713     -0.998000       50.8351       10.0000
#383.535      100.997       0       3.44571      0.401262       2.82513     0.0500720     -0.998000       50.8355       10.0000
#383.507      100.484       0       3.44584      0.401346       2.82513     0.0501705     -0.998000       50.8359       10.0000
#383.478      100.079       0       3.44597      0.401429       2.82513     0.0502671     -0.998000       50.8363       10.0000
#383.453      99.211        0       3.44610      0.401510       2.82513     0.0503618     -0.998000       50.8366       10.0000
#383.396      99.2379       0       3.44623      0.401590       2.82513     0.0504558     -0.998000       50.8369       10.0000
#383.297      91.978        0       3.44620      0.401632       2.82513     0.0505709     -0.998000       50.8377       10.0000
#383.216      77.1673       0       3.44617      0.401665       2.82513     0.0506722     -0.998000       50.8384       10.0000
#383.169      61.3986       0       3.44616      0.401687       2.82513     0.0507595     -0.998000       50.8387       10.0000
#383.133      52.7767       0       3.44615      0.401704       2.82513     0.0508378     -0.998000       50.8390       10.0000
#383.105      45.8216       0       3.44615      0.401716       2.82513     0.0509087     -0.998000       50.8391       10.0000
#383.083      40.1876       0       3.44615      0.401725       2.82513     0.0509731     -0.998000       50.8392       10.0000
#383.065      35.6631       0       3.44615      0.401731       2.82513     0.0510321     -0.998000       50.8392       10.0000
#383.05       32.0517       0       3.44615      0.401735       2.82513     0.0510865     -0.998000       50.8391       10.0000
#383.037      29.1773       0       3.44615      0.401737       2.82513     0.0511370     -0.998000       50.8390       10.0000
#383.025      26.8806       0       3.44616      0.401738       2.82513     0.0511839     -0.998000       50.8389       10.0000
#383.016      25.0455       0       3.44617      0.401737       2.82513     0.0512280     -0.998000       50.8387       10.0000
#383.007      16.8336       0       3.44618      0.401737       2.82513     0.0512697     -0.998000       50.8386       10.0000
#================================================================================
# Variances and Principal Axes
#                 5        6        8        9       13       14       20  
# 1.2790E-06| -0.6929   0.5928   0.0236   0.4085  -0.0020   0.0257  -0.0189  
# 1.2210E-05| -0.1264  -0.6579   0.0489   0.7401   0.0019  -0.0274   0.0177  
# 3.8017E-04| -0.7098  -0.4618  -0.0191  -0.5312  -0.0046  -0.0136   0.0127  
# 2.8656E-01|  0.0077   0.0216   0.9587  -0.0538  -0.0434  -0.1505   0.2301  
# 1.7907E+00|  0.0047  -0.0386   0.2043  -0.0107   0.3813   0.8771  -0.2047  
# 4.4055E+00|  0.0067  -0.0205   0.0858  -0.0019  -0.8922   0.2885  -0.3361  
# 1.4286E+01| -0.0004   0.0101  -0.1688   0.0123  -0.2381   0.3511   0.8896  
#--------------------------------------------------------------------------------
#
#====================================================================================
#  Covariance Matrix
#        1           2           3           4           5           6           7   
#   4.480e-04  -8.182e-04   7.385e-03  -1.960e-04  -2.172e-02   1.337e-02  -1.657e-02
#  -8.182e-04   6.195e-03  -4.022e-02   2.433e-03   1.989e-02  -3.726e-02   1.738e-01
#   7.385e-03  -4.022e-02   7.774e-01  -4.911e-02   3.643e-01  -4.577e-01  -2.283e+00
#  -1.960e-04   2.433e-03  -4.911e-02   3.335e-03  -4.125e-02   4.506e-02   1.598e-01
#  -2.172e-02   1.989e-02   3.643e-01  -4.125e-02   4.578e+00  -1.727e+00  -1.848e+00
#   1.337e-02  -3.726e-02  -4.577e-01   4.506e-02  -1.727e+00   3.511e+00   3.703e+00
#  -1.657e-02   1.738e-01  -2.283e+00   1.598e-01  -1.848e+00   3.703e+00   1.189e+01
#------------------------------------------------------------------------------------
#
#========================================================================
#Model TBfeo<1>(simpl<2>(diskbb<3> + relxill<4>)) Source No.: 1   Active/On
#Model Model Component  Parameter  Unit     Value
# par  comp
#   1    1   TBfeo      nH         10^22    3.68341      frozen
#   2    1   TBfeo      O                   0.718572     frozen
#   3    1   TBfeo      Fe                  0.977861     frozen
#   4    1   TBfeo      redshift            0.0          frozen
#   5    2   simpl      Gamma               3.44618      +/-  2.11660E-02  
#   6    2   simpl      FracSctr            0.401737     +/-  7.87091E-02  
#   7    2   simpl      UpScOnly            1.00000      frozen
#   8    3   diskbb     Tin        keV      2.82513      +/-  0.881726     
#   9    3   diskbb     norm                5.12697E-02  +/-  5.77460E-02  
#  10    4   relxill    Index1              3.00000      frozen
#  11    4   relxill    Index2              3.00000      frozen
#  12    4   relxill    Rbr                 15.0000      frozen
#  13    4   relxill    a                   -0.998000    +/-  2.13955      
#  14    4   relxill    Incl       deg      50.8386      +/-  1.87386      
#  15    4   relxill    Rin                 -1.00000     frozen
#  16    4   relxill    Rout                400.000      frozen
#  17    4   relxill    z                   0.0          frozen
#  18    4   relxill    gamma               3.44618      = p5
#  19    4   relxill    logxi               1.72614      frozen
#  20    4   relxill    Afe                 10.0000      +/-  3.44864      
#  21    4   relxill    Ecut       keV      100.000      frozen
#  22    4   relxill    refl_frac           -1.00000     frozen
#  23    4   relxill    norm                0.115419     frozen
#________________________________________________________________________
#
#
#Fit statistic  : PG-Statistic                 383.01     using 218 bins.
#
#Test statistic : Chi-Squared                  362.31     using 218 bins.
# Null hypothesis probability of 4.32e-10 with 211 degrees of freedom
#***Warning: New best fit found, fit parameters will be set to new values.
#                                   Parameters
#PG-Statistic |beta|/N    Lvl       5:Gamma    6:FracSctr         8:Tin        9:norm          13:a       14:Incl        20:Afe
#381.45       18.6587       0       3.46210      0.409498       2.82513     0.0629211     -0.998000       50.9224       10.0000
#381.443      16.5553       0       3.46209      0.409499       2.82513     0.0629582     -0.998000       50.9223       10.0000
#================================================================================
# Variances and Principal Axes
#                 5        6        8        9       13       14       20  
# 1.2947E-06| -0.7012   0.5803   0.0292   0.4117   0.0017   0.0295  -0.0186  
# 1.2347E-05| -0.1078  -0.6577   0.0602   0.7422  -0.0021  -0.0323   0.0181  
# 3.8578E-04| -0.7047  -0.4770  -0.0218  -0.5243  -0.0058  -0.0177   0.0139  
# 1.9749E-01|  0.0105   0.0245   0.9684  -0.0663  -0.0507  -0.1466   0.1819  
# 1.8844E+00| -0.0057   0.0480  -0.1989   0.0125  -0.3526  -0.8776   0.2518  
# 5.9065E+00| -0.0051   0.0163  -0.0518   0.0014   0.9100  -0.2621   0.3166  
# 1.8501E+01| -0.0002   0.0086  -0.1227   0.0112  -0.2121   0.3707   0.8958  
#--------------------------------------------------------------------------------
#
#====================================================================================
#  Covariance Matrix
#        1           2           3           4           5           6           7   
#   4.293e-04  -8.537e-04   6.120e-03  -2.089e-04  -2.300e-02   1.578e-02  -1.483e-02
#  -8.537e-04   7.490e-03  -3.780e-02   2.808e-03   2.185e-02  -4.644e-02   1.965e-01
#   6.120e-03  -3.780e-02   5.541e-01  -4.314e-02   3.254e-01  -4.602e-01  -2.190e+00
#  -2.089e-04   2.808e-03  -4.314e-02   3.596e-03  -4.417e-02   5.573e-02   1.912e-01
#  -2.300e-02   2.185e-02   3.254e-01  -4.417e-02   5.958e+00  -2.278e+00  -1.982e+00
#   1.578e-02  -4.644e-02  -4.602e-01   5.573e-02  -2.278e+00   4.403e+00   5.231e+00
#  -1.483e-02   1.965e-01  -2.190e+00   1.912e-01  -1.982e+00   5.231e+00   1.556e+01
#------------------------------------------------------------------------------------
#
#========================================================================
#Model TBfeo<1>(simpl<2>(diskbb<3> + relxill<4>)) Source No.: 1   Active/On
#Model Model Component  Parameter  Unit     Value
# par  comp
#   1    1   TBfeo      nH         10^22    3.68341      frozen
#   2    1   TBfeo      O                   0.718572     frozen
#   3    1   TBfeo      Fe                  0.977861     frozen
#   4    1   TBfeo      redshift            0.0          frozen
#   5    2   simpl      Gamma               3.46209      +/-  2.07192E-02  
#   6    2   simpl      FracSctr            0.409499     +/-  8.65431E-02  
#   7    2   simpl      UpScOnly            1.00000      frozen
#   8    3   diskbb     Tin        keV      2.82513      +/-  0.744369     
#   9    3   diskbb     norm                6.29582E-02  +/-  5.99662E-02  
#  10    4   relxill    Index1              3.00000      frozen
#  11    4   relxill    Index2              3.00000      frozen
#  12    4   relxill    Rbr                 15.0000      frozen
#  13    4   relxill    a                   -0.998000    +/-  2.44088      
#  14    4   relxill    Incl       deg      50.9223      +/-  2.09837      
#  15    4   relxill    Rin                 -1.00000     frozen
#  16    4   relxill    Rout                400.000      frozen
#  17    4   relxill    z                   0.0          frozen
#  18    4   relxill    gamma               3.46209      = p5
#  19    4   relxill    logxi               1.72614      frozen
#  20    4   relxill    Afe                 10.0000      +/-  3.94497      
#  21    4   relxill    Ecut       keV      100.000      frozen
#  22    4   relxill    refl_frac           -1.00000     frozen
#  23    4   relxill    norm                0.115419     frozen
#________________________________________________________________________
#
#
#Fit statistic  : PG-Statistic                 381.44     using 218 bins.
#
#Test statistic : Chi-Squared                  361.44     using 218 bins.
# Null hypothesis probability of 5.21e-10 with 211 degrees of freedom
#***Warning: New best fit found, fit parameters will be set to new values.
#     5      3.44929      3.47835    (-0.0127999,0.0162558)
#Apparent non-monotonicity in statistic space detected.
#Current bracket values 0.400972, 0.382398
#and delta stat 0.860043, 3.186
#but latest trial 0.399697 gives 0.593256
#Suggest that you check this result using the steppar command.
#                                   Parameters
#PG-Statistic |beta|/N    Lvl       5:Gamma    6:FracSctr         8:Tin        9:norm          13:a       14:Incl        20:Afe
#381.142      18.3937       0       3.46480      0.417969       2.82513     0.0650724     -0.998000       50.7236       10.0000
#381.135      15.9479       0       3.46480      0.417972       2.82513     0.0651075     -0.998000       50.7235       10.0000
#================================================================================
# Variances and Principal Axes
#                 5        6        8        9       13       14       20  
# 1.3148E-06| -0.7062   0.5713   0.0306   0.4162   0.0007   0.0200  -0.0189  
# 1.2543E-05| -0.0943  -0.6595   0.0623   0.7426  -0.0010  -0.0224   0.0188  
# 3.9450E-04| -0.7016  -0.4863  -0.0219  -0.5200  -0.0051  -0.0131   0.0146  
# 1.8911E-01|  0.0116   0.0210   0.9771  -0.0689  -0.0424  -0.0811   0.1778  
# 2.4416E+00|  0.0029  -0.0350   0.1338  -0.0095   0.4393   0.8543  -0.2407  
# 6.5785E+00|  0.0049  -0.0187   0.0628  -0.0027  -0.8560   0.3158  -0.4040  
# 1.5025E+01| -0.0007   0.0123  -0.1348   0.0120  -0.2690   0.4035   0.8639  
#--------------------------------------------------------------------------------
#
#====================================================================================
#  Covariance Matrix
#        1           2           3           4           5           6           7   
#   4.078e-04  -8.094e-04   6.628e-03  -2.961e-04  -2.162e-02   1.156e-02  -2.406e-02
#  -8.094e-04   7.738e-03  -4.013e-02   3.177e-03   1.806e-02  -3.781e-02   2.302e-01
#   6.628e-03  -4.013e-02   5.231e-01  -4.126e-02   3.271e-01  -4.225e-01  -1.962e+00
#  -2.961e-04   3.177e-03  -4.126e-02   3.448e-03  -4.322e-02   4.853e-02   1.663e-01
#  -2.162e-02   1.806e-02   3.271e-01  -4.322e-02   6.380e+00  -2.492e+00  -1.477e+00
#   1.156e-02  -3.781e-02  -4.225e-01   4.853e-02  -2.492e+00   4.886e+00   3.894e+00
#  -2.406e-02   2.302e-01  -1.962e+00   1.663e-01  -1.477e+00   3.894e+00   1.243e+01
#------------------------------------------------------------------------------------
#
#========================================================================
#Model TBfeo<1>(simpl<2>(diskbb<3> + relxill<4>)) Source No.: 1   Active/On
#Model Model Component  Parameter  Unit     Value
# par  comp
#   1    1   TBfeo      nH         10^22    3.68341      frozen
#   2    1   TBfeo      O                   0.718572     frozen
#   3    1   TBfeo      Fe                  0.977861     frozen
#   4    1   TBfeo      redshift            0.0          frozen
#   5    2   simpl      Gamma               3.46480      +/-  2.01942E-02  
#   6    2   simpl      FracSctr            0.417972     +/-  8.79639E-02  
#   7    2   simpl      UpScOnly            1.00000      frozen
#   8    3   diskbb     Tin        keV      2.82513      +/-  0.723240     
#   9    3   diskbb     norm                6.51075E-02  +/-  5.87204E-02  
#  10    4   relxill    Index1              3.00000      frozen
#  11    4   relxill    Index2              3.00000      frozen
#  12    4   relxill    Rbr                 15.0000      frozen
#  13    4   relxill    a                   -0.998000    +/-  2.52578      
#  14    4   relxill    Incl       deg      50.7235      +/-  2.21033      
#  15    4   relxill    Rin                 -1.00000     frozen
#  16    4   relxill    Rout                400.000      frozen
#  17    4   relxill    z                   0.0          frozen
#  18    4   relxill    gamma               3.46480      = p5
#  19    4   relxill    logxi               1.72614      frozen
#  20    4   relxill    Afe                 10.00000     +/-  3.52630      
#  21    4   relxill    Ecut       keV      100.000      frozen
#  22    4   relxill    refl_frac           -1.00000     frozen
#  23    4   relxill    norm                0.115419     frozen
#________________________________________________________________________
#
#
#Fit statistic  : PG-Statistic                 381.14     using 218 bins.
#
#Test statistic : Chi-Squared                  361.56     using 218 bins.
# Null hypothesis probability of 5.07e-10 with 211 degrees of freedom
#***Warning: New best fit found, fit parameters will be set to new values.
#     5      3.45059      3.47833    (-0.014202,0.0135357)
#                                   Parameters
#PG-Statistic |beta|/N    Lvl       5:Gamma    6:FracSctr         8:Tin        9:norm          13:a       14:Incl        20:Afe
#381.048      19.1514       0       3.46672      0.423852       2.82513     0.0665224     -0.998000       50.5290       10.0000
#381.043      18.7199       0       3.46672      0.423842       2.82513     0.0665494     -0.998000       50.5284       10.0000
#================================================================================
# Variances and Principal Axes
#                 5        6        8        9       13       14       20  
# 1.3278E-06| -0.7095   0.5650   0.0315   0.4192  -0.0009   0.0135  -0.0190  
# 1.2674E-05| -0.0850  -0.6605   0.0637   0.7429   0.0008  -0.0154   0.0193  
# 4.0004E-04| -0.6994  -0.4928  -0.0220  -0.5169  -0.0040  -0.0096   0.0151  
# 1.8288E-01|  0.0120   0.0196   0.9804  -0.0705  -0.0326  -0.0390   0.1754  
# 2.8494E+00|  0.0009  -0.0240   0.0839  -0.0068   0.5055   0.8373  -0.1890  
# 6.6622E+00|  0.0047  -0.0206   0.0669  -0.0033  -0.8101   0.3827  -0.4387  
# 1.2719E+01| -0.0013   0.0162  -0.1477   0.0129  -0.2953   0.3879   0.8603  
#--------------------------------------------------------------------------------
#
#====================================================================================
#  Covariance Matrix
#        1           2           3           4           5           6           7   
#   3.947e-04  -7.962e-04   6.962e-03  -3.512e-04  -1.920e-02   7.399e-03  -2.836e-02
#  -7.962e-04   7.971e-03  -4.177e-02   3.422e-03   1.572e-02  -3.027e-02   2.507e-01
#   6.962e-03  -4.177e-02   5.031e-01  -4.002e-02   3.085e-01  -3.647e-01  -1.825e+00
#  -3.512e-04   3.422e-03  -4.002e-02   3.352e-03  -3.996e-02   3.945e-02   1.525e-01
#  -1.920e-02   1.572e-02   3.085e-01  -3.996e-02   6.209e+00  -2.316e+00  -1.137e+00
#   7.399e-03  -3.027e-02  -3.647e-01   3.945e-02  -2.316e+00   4.887e+00   2.673e+00
#  -2.836e-02   2.507e-01  -1.825e+00   1.525e-01  -1.137e+00   2.673e+00   1.080e+01
#------------------------------------------------------------------------------------
#
#========================================================================
#Model TBfeo<1>(simpl<2>(diskbb<3> + relxill<4>)) Source No.: 1   Active/On
#Model Model Component  Parameter  Unit     Value
# par  comp
#   1    1   TBfeo      nH         10^22    3.68341      frozen
#   2    1   TBfeo      O                   0.718572     frozen
#   3    1   TBfeo      Fe                  0.977861     frozen
#   4    1   TBfeo      redshift            0.0          frozen
#   5    2   simpl      Gamma               3.46672      +/-  1.98668E-02  
#   6    2   simpl      FracSctr            0.423842     +/-  8.92812E-02  
#   7    2   simpl      UpScOnly            1.00000      frozen
#   8    3   diskbb     Tin        keV      2.82513      +/-  0.709286     
#   9    3   diskbb     norm                6.65494E-02  +/-  5.78990E-02  
#  10    4   relxill    Index1              3.00000      frozen
#  11    4   relxill    Index2              3.00000      frozen
#  12    4   relxill    Rbr                 15.0000      frozen
#  13    4   relxill    a                   -0.998000    +/-  2.49186      
#  14    4   relxill    Incl       deg      50.5284      +/-  2.21063      
#  15    4   relxill    Rin                 -1.00000     frozen
#  16    4   relxill    Rout                400.000      frozen
#  17    4   relxill    z                   0.0          frozen
#  18    4   relxill    gamma               3.46672      = p5
#  19    4   relxill    logxi               1.72614      frozen
#  20    4   relxill    Afe                 10.0000      +/-  3.28679      
#  21    4   relxill    Ecut       keV      100.000      frozen
#  22    4   relxill    refl_frac           -1.00000     frozen
#  23    4   relxill    norm                0.115419     frozen
#________________________________________________________________________
#
#
#Fit statistic  : PG-Statistic                 381.04     using 218 bins.
#
#Test statistic : Chi-Squared                  361.57     using 218 bins.
# Null hypothesis probability of 5.06e-10 with 211 degrees of freedom
#***Warning: New best fit found, fit parameters will be set to new values.
#     5      3.45173      3.47919    (-0.0149815,0.0124758)
#Apparent non-monotonicity in statistic space detected.
#Current bracket values 0.441645, 0.441971
#and delta stat 0.971827, 1.03991
#but latest trial 0.441783 gives 1.5449
#Suggest that you check this result using the steppar command.
#     6     0.409248     0.441808    (-0.0145756,0.0179843)
#                                   Parameters
#PG-Statistic |beta|/N    Lvl       5:Gamma    6:FracSctr         8:Tin        9:norm          13:a       14:Incl        20:Afe
#373.321      5.20141      -1       3.47131      0.427319       3.00000     0.0580394     -0.998000       50.4694       10.0000
#373.043      104.853      -2       3.47101      0.429177       3.00000     0.0574877     -0.998000       50.4243       10.0000
#373.029      7.37062      -2       3.47107      0.430127       3.00000     0.0576745     -0.998000       50.3767       10.0000
#373.01       24.5551      -2       3.47125      0.430617       3.00000     0.0578052     -0.998000       50.3487       10.0000
#373.004      20.3021      -3       3.47156      0.431954       3.00000     0.0580363     -0.998000       50.2805       10.0000
#372.993      18.296        0       3.47158      0.431927       3.00000     0.0580230     -0.998000       50.2788       10.0000
#372.989      13.1874       0       3.47160      0.431903       3.00000     0.0580126     -0.998000       50.2772       10.0000
#372.987      9.84405       0       3.47161      0.431885       3.00000     0.0580068     -0.998000       50.2761       10.0000
#================================================================================
# Variances and Principal Axes
#                 5        6        8        9       13       14       20  
# 1.2411E-06| -0.6863   0.5232   0.0153   0.5045  -0.0014   0.0080  -0.0180  
# 1.0140E-05|  0.0418  -0.6641   0.0257   0.7457   0.0015  -0.0100   0.0202  
# 3.9564E-04| -0.7260  -0.5329  -0.0061  -0.4342  -0.0033  -0.0074   0.0162  
# 7.3639E-01|  0.0043   0.0177   0.9233  -0.0268  -0.0694  -0.0301   0.3752  
# 3.3806E+00| -0.0007  -0.0148   0.1024  -0.0039   0.5098   0.8494  -0.0891  
# 8.4533E+00|  0.0042  -0.0193   0.1354  -0.0029  -0.7853   0.4079  -0.4453  
# 1.3719E+01| -0.0015   0.0186  -0.3432   0.0117  -0.3445   0.3332   0.8075  
#--------------------------------------------------------------------------------
#
#====================================================================================
#  Covariance Matrix
#        1           2           3           4           5           6           7   
#   4.068e-04  -8.311e-04   1.458e-02  -2.952e-04  -2.244e-02   5.808e-03  -3.114e-02
#  -8.311e-04   8.962e-03  -1.026e-01   3.389e-03   1.386e-02  -2.442e-02   2.877e-01
#   1.458e-02  -1.026e-01   2.434e+00  -7.795e-02   8.522e-01  -8.282e-01  -4.088e+00
#  -2.952e-04   3.389e-03  -7.795e-02   2.608e-03  -4.131e-02   3.271e-02   1.343e-01
#  -2.244e-02   1.386e-02   8.522e-01  -4.131e-02   7.723e+00  -2.817e+00  -1.033e+00
#   5.808e-03  -2.442e-02  -8.282e-01   3.271e-02  -2.817e+00   5.369e+00   1.892e+00
#  -3.114e-02   2.877e-01  -4.088e+00   1.343e-01  -1.033e+00   1.892e+00   1.075e+01
#------------------------------------------------------------------------------------
#
#========================================================================
#Model TBfeo<1>(simpl<2>(diskbb<3> + relxill<4>)) Source No.: 1   Active/On
#Model Model Component  Parameter  Unit     Value
# par  comp
#   1    1   TBfeo      nH         10^22    3.68341      frozen
#   2    1   TBfeo      O                   0.718572     frozen
#   3    1   TBfeo      Fe                  0.977861     frozen
#   4    1   TBfeo      redshift            0.0          frozen
#   5    2   simpl      Gamma               3.47161      +/-  2.01691E-02  
#   6    2   simpl      FracSctr            0.431885     +/-  9.46672E-02  
#   7    2   simpl      UpScOnly            1.00000      frozen
#   8    3   diskbb     Tin        keV      3.00000      +/-  1.56018      
#   9    3   diskbb     norm                5.80068E-02  +/-  5.10686E-02  
#  10    4   relxill    Index1              3.00000      frozen
#  11    4   relxill    Index2              3.00000      frozen
#  12    4   relxill    Rbr                 15.0000      frozen
#  13    4   relxill    a                   -0.998000    +/-  2.77899      
#  14    4   relxill    Incl       deg      50.2761      +/-  2.31714      
#  15    4   relxill    Rin                 -1.00000     frozen
#  16    4   relxill    Rout                400.000      frozen
#  17    4   relxill    z                   0.0          frozen
#  18    4   relxill    gamma               3.47161      = p5
#  19    4   relxill    logxi               1.72614      frozen
#  20    4   relxill    Afe                 10.0000      +/-  3.27902      
#  21    4   relxill    Ecut       keV      100.000      frozen
#  22    4   relxill    refl_frac           -1.00000     frozen
#  23    4   relxill    norm                0.115419     frozen
#________________________________________________________________________
#
#
#Fit statistic  : PG-Statistic                 372.99     using 218 bins.
#
#Test statistic : Chi-Squared                  356.45     using 218 bins.
# Null hypothesis probability of 1.50e-09 with 211 degrees of freedom
#***Warning: New best fit found, fit parameters will be set to new values.
#     5      3.46121      3.49352    (-0.0104268,0.0218871)
#Apparent non-monotonicity in statistic space detected.
#Current bracket values 0.448734, 0.448778
#and delta stat 0.409674, 1.43068
#but latest trial 0.448763 gives 0.309949
#Suggest that you check this result using the steppar command.
#     6     0.405581     0.448756    (-0.0262765,0.0168985)
#                                   Parameters
#PG-Statistic |beta|/N    Lvl       5:Gamma    6:FracSctr         8:Tin        9:norm          13:a       14:Incl        20:Afe
#372.908      8.011         0       3.47311      0.432347       3.00000     0.0591086     -0.998000       50.3061       10.0000
#372.906      4.59624       0       3.47312      0.432337       3.00000     0.0590958     -0.998000       50.3055       10.0000
#================================================================================
# Variances and Principal Axes
#                 5        6        8        9       13       14       20  
# 1.2424E-06| -0.6868   0.5225   0.0156   0.5046  -0.0011   0.0085  -0.0180  
# 1.0152E-05|  0.0431  -0.6637   0.0262   0.7460   0.0012  -0.0105   0.0203  
# 3.9671E-04| -0.7255  -0.5341  -0.0061  -0.4336  -0.0035  -0.0078   0.0164  
# 7.1524E-01|  0.0044   0.0178   0.9261  -0.0274  -0.0707  -0.0370   0.3673  
# 3.4369E+00| -0.0005  -0.0160   0.1121  -0.0042   0.5039   0.8505  -0.0997  
# 8.7267E+00|  0.0042  -0.0195   0.1389  -0.0031  -0.7838   0.3917  -0.4611  
# 1.4063E+01| -0.0014   0.0181  -0.3309   0.0115  -0.3560   0.3489   0.8010  
#--------------------------------------------------------------------------------
#
#====================================================================================
#  Covariance Matrix
#        1           2           3           4           5           6           7   
#   4.062e-04  -8.323e-04   1.430e-02  -2.950e-04  -2.296e-02   6.174e-03  -3.118e-02
#  -8.323e-04   9.131e-03  -1.022e-01   3.439e-03   1.405e-02  -2.495e-02   2.922e-01
#   1.430e-02  -1.022e-01   2.365e+00  -7.722e-02   8.540e-01  -8.455e-01  -4.082e+00
#  -2.950e-04   3.439e-03  -7.722e-02   2.633e-03  -4.215e-02   3.420e-02   1.368e-01
#  -2.296e-02   1.405e-02   8.540e-01  -4.215e-02   8.020e+00  -2.951e+00  -1.048e+00
#   6.174e-03  -2.495e-02  -8.455e-01   3.420e-02  -2.951e+00   5.537e+00   2.053e+00
#  -3.118e-02   2.922e-01  -4.082e+00   1.368e-01  -1.048e+00   2.053e+00   1.101e+01
#------------------------------------------------------------------------------------
#
#========================================================================
#Model TBfeo<1>(simpl<2>(diskbb<3> + relxill<4>)) Source No.: 1   Active/On
#Model Model Component  Parameter  Unit     Value
# par  comp
#   1    1   TBfeo      nH         10^22    3.68341      frozen
#   2    1   TBfeo      O                   0.718572     frozen
#   3    1   TBfeo      Fe                  0.977861     frozen
#   4    1   TBfeo      redshift            0.0          frozen
#   5    2   simpl      Gamma               3.47312      +/-  2.01546E-02  
#   6    2   simpl      FracSctr            0.432337     +/-  9.55542E-02  
#   7    2   simpl      UpScOnly            1.00000      frozen
#   8    3   diskbb     Tin        keV      3.00000      +/-  1.53794      
#   9    3   diskbb     norm                5.90958E-02  +/-  5.13124E-02  
#  10    4   relxill    Index1              3.00000      frozen
#  11    4   relxill    Index2              3.00000      frozen
#  12    4   relxill    Rbr                 15.0000      frozen
#  13    4   relxill    a                   -0.998000    +/-  2.83188      
#  14    4   relxill    Incl       deg      50.3055      +/-  2.35312      
#  15    4   relxill    Rin                 -1.00000     frozen
#  16    4   relxill    Rout                400.000      frozen
#  17    4   relxill    z                   0.0          frozen
#  18    4   relxill    gamma               3.47312      = p5
#  19    4   relxill    logxi               1.72614      frozen
#  20    4   relxill    Afe                 10.0000      +/-  3.31778      
#  21    4   relxill    Ecut       keV      100.000      frozen
#  22    4   relxill    refl_frac           -1.00000     frozen
#  23    4   relxill    norm                0.115419     frozen
#________________________________________________________________________
#
#
#Fit statistic  : PG-Statistic                 372.91     using 218 bins.
#
#Test statistic : Chi-Squared                  356.45     using 218 bins.
# Null hypothesis probability of 1.50e-09 with 211 degrees of freedom
#***Warning: New best fit found, fit parameters will be set to new values.
#     5      3.46178      3.49162    (-0.0113363,0.0185033)
#Apparent non-monotonicity in statistic space detected.
#Current bracket values 0.406135, 0.406128
#and delta stat 0.977772, 1.03504
#but latest trial 0.406132 gives 1.03549
#Suggest that you check this result using the steppar command.
#     6     0.406132     0.454062    (-0.0262062,0.0217242)
#
#***Warning: Number of trials exceeded before bracketing of delta fit-stat.
#Last attempt: 3, with delta statistic: 0
#
#
#***Warning: Number of trials exceeded before bracketing of delta fit-stat.
#Last attempt: 3, with delta statistic: 0
#
#***Warning: Error search cannot find bracket around delta fit-stat,
#   will automatically exit from trials loop.
#   parameter lower  bound is INVALID.
#
#
#***Warning: Number of trials exceeded before bracketing of delta fit-stat.
#Last attempt: 3, with delta statistic: 0
#
#
#***Warning: Number of trials exceeded before bracketing of delta fit-stat.
#Last attempt: 3, with delta statistic: 0
#
#***Warning: Error search cannot find bracket around delta fit-stat,
#   will automatically exit from trials loop.
#   parameter upper  bound is INVALID.
#
#     8      2.80212            0    (-0.197883,-3)
#
!XSPEC12> log none
#