#XSPEC version: 12.11.0
#Build Date/Time: Thu Jul  2 16:22:45 2020
#
!XSPEC12> error 1. 5 6 8
# Parameter   Confidence Range (1)
#***Warning: Zero alpha-matrix diagonal element for parameter 8
#***Warning: Zero alpha-matrix diagonal element for parameter 9
# Parameter 8 is pegged at 0.14841 due to zero or negative pivot element, likely
# caused by the fit being insensitive to the parameter.
# Parameter 9 is pegged at 2.94665e-14 due to zero or negative pivot element, likely
# caused by the fit being insensitive to the parameter.
#***Warning: Zero alpha-matrix diagonal element for parameter 8
#***Warning: Zero alpha-matrix diagonal element for parameter 9
# Parameter 8 is pegged at 0.14841 due to zero or negative pivot element, likely
# caused by the fit being insensitive to the parameter.
# Parameter 9 is pegged at 2.94665e-14 due to zero or negative pivot element, likely
# caused by the fit being insensitive to the parameter.
#     5      2.79057      2.84567    (-0.0253608,0.0297376)
#                                   Parameters
#PG-Statistic |beta|/N    Lvl       5:Gamma    6:FracSctr         8:Tin        9:norm          13:a       14:Incl        20:Afe
#206.753      0.765826     -1       2.88673    0.00100000      0.852046       1.36536      0.914321       5.00000       9.99652
#206.392      3.00106       0       2.89165    0.00100000      0.852322       1.36947      0.863330       5.00000       8.53959
#206.361      1.53324       0       2.89200    0.00100000      0.852288       1.36937      0.856906       5.00000       8.52996
#206.357      1.26556       0       2.89524    0.00100000      0.852289       1.37061      0.822644       5.00000       8.27346
#206.306      0.828764      0       2.89543    0.00100000      0.852285       1.37067      0.832631       5.00000       8.26621
#206.3        0.48536       0       2.89604    0.00100000      0.852273       1.37176      0.838956       5.00000       8.43965
#206.299      0.555687      1       2.89605    0.00100000      0.852276       1.37178      0.838978       5.00000       8.43796
#================================================================================
# Variances and Principal Axes
#                 5        6        8        9       13       14       20  
# 7.1675E-05| -0.2378   0.1911   0.9431   0.1322   0.0019  -0.0000  -0.0011  
# 1.7367E-03| -0.9498   0.0021  -0.2234  -0.1147  -0.1864  -0.0000   0.0083  
# 3.3935E-02|  0.1108   0.8193  -0.1681   0.2209  -0.4893   0.0006   0.0046  
# 9.9070E-02| -0.1252   0.5104  -0.1269  -0.0699   0.8381  -0.0004  -0.0180  
# 1.2122E+00|  0.1140   0.1755   0.1261  -0.9478  -0.1527   0.0019  -0.1367  
# 3.3936E+02| -0.0206  -0.0299  -0.0188   0.1320   0.0020  -0.0010  -0.9904  
# 6.8395E+03|  0.0004   0.0006   0.0002  -0.0018  -0.0009  -1.0000   0.0007  
#--------------------------------------------------------------------------------
#
#====================================================================================
#  Covariance Matrix
#        1           2           3           4           5           6           7   
#   1.640e-01   2.315e-01   1.508e-01  -1.055e+00  -4.920e-02  -2.463e+00   6.902e+00
#   2.315e-01   3.923e-01   2.078e-01  -1.546e+00  -2.782e-02  -4.217e+00   1.003e+01
#   1.508e-01   2.078e-01   1.426e-01  -9.912e-01  -4.502e-02  -1.391e+00   6.310e+00
#  -1.055e+00  -1.546e+00  -9.912e-01   7.024e+00   2.663e-01   1.211e+01  -4.421e+01
#  -4.920e-02  -2.782e-02  -4.502e-02   2.663e-01   1.134e-01   6.433e+00  -6.474e-01
#  -2.463e+00  -4.217e+00  -1.391e+00   1.211e+01   6.433e+00   6.839e+03  -4.746e+00
#   6.902e+00   1.003e+01   6.310e+00  -4.421e+01  -6.474e-01  -4.746e+00   3.329e+02
#------------------------------------------------------------------------------------
#
#========================================================================
#Model TBfeo<1>(simpl<2>(diskbb<3> + relxill<4>)) Source No.: 1   Active/On
#Model Model Component  Parameter  Unit     Value
# par  comp
#   1    1   TBfeo      nH         10^22    3.68341      frozen
#   2    1   TBfeo      O                   0.718572     frozen
#   3    1   TBfeo      Fe                  0.977861     frozen
#   4    1   TBfeo      redshift            0.0          frozen
#   5    2   simpl      Gamma               2.89605      +/-  0.404957     
#   6    2   simpl      FracSctr            1.00000E-03  +/-  0.626299     
#   7    2   simpl      UpScOnly            1.00000      frozen
#   8    3   diskbb     Tin        keV      0.852276     +/-  0.377654     
#   9    3   diskbb     norm                1.37178      +/-  2.65031      
#  10    4   relxill    Index1              3.00000      frozen
#  11    4   relxill    Index2              3.00000      frozen
#  12    4   relxill    Rbr                 15.0000      frozen
#  13    4   relxill    a                   0.838978     +/-  0.336808     
#  14    4   relxill    Incl       deg      5.00000      +/-  82.7008      
#  15    4   relxill    Rin                 -1.00000     frozen
#  16    4   relxill    Rout                400.000      frozen
#  17    4   relxill    z                   0.0          frozen
#  18    4   relxill    gamma               2.89605      = p5
#  19    4   relxill    logxi               4.92896E-07  frozen
#  20    4   relxill    Afe                 8.43796      +/-  18.2456      
#  21    4   relxill    Ecut       keV      100.000      frozen
#  22    4   relxill    refl_frac           -1.00000     frozen
#  23    4   relxill    norm                2.04107E-03  frozen
#________________________________________________________________________
#
#
#Fit statistic  : PG-Statistic                 206.30     using 184 bins.
#
#Test statistic : Chi-Squared                  239.99     using 184 bins.
# Null hypothesis probability of 1.14e-03 with 177 degrees of freedom
#***Warning: New best fit found, fit parameters will be set to new values.
#Apparent non-monotonicity in statistic space detected.
#Current bracket values 2.86122, 2.49109
#and delta stat 0.627908, 273.547
#but latest trial 2.85354 gives 0.226264
#Suggest that you check this result using the steppar command.
#Apparent non-monotonicity in statistic space detected.
#Current bracket values 2.89608, 3.30103
#and delta stat 0, 14.201
#but latest trial 3.05039 gives 28.6667
#Suggest that you check this result using the steppar command.
#     5      2.67616      3.09856    (-0.219922,0.202478)
#
#***Warning: Number of trials exceeded before bracketing of delta fit-stat.
#Last attempt: 0.001, with delta statistic: 0
#
#
#***Warning: Number of trials exceeded before bracketing of delta fit-stat.
#Last attempt: 0.001, with delta statistic: 0
#
#
#***Warning: Number of trials exceeded before bracketing of delta fit-stat.
#Last attempt: 0.001, with delta statistic: 0
#
#
#***Warning: Number of trials exceeded before bracketing of delta fit-stat.
#Last attempt: 0.001, with delta statistic: 0
#
#***Warning: Error search cannot find bracket around delta fit-stat,
#   will automatically exit from trials loop.
#   parameter lower  bound is INVALID.
#
#
#***Warning: Number of trials exceeded before bracketing of delta fit-stat.
#Last attempt: 0.001, with delta statistic: 0
#
#
#***Warning: Number of trials exceeded before bracketing of delta fit-stat.
#Last attempt: 0.001, with delta statistic: 0
#
#
#***Warning: Number of trials exceeded before convergence.
#Current trial values -2.54689e+12, 2.07605e+11
#and delta statistic 0, 9.44714
#
#Apparent non-monotonicity in statistic space detected.
#Current bracket values -2.54689e+12, 2.07605e+11
#and delta stat 0, 9.44714
#but latest trial 1.97877e+11 gives 9.44782
#Suggest that you check this result using the steppar command.
#     6            0        0.001    (-0.001,2.17708e-15)
#Apparent non-monotonicity in statistic space detected.
#Current bracket values 0.984334, 1.22993
#and delta stat 0.731973, 23.082
#but latest trial 0.999687 gives 90.7169
#Suggest that you check this result using the steppar command.
#     8     0.727323      1.10713    (-0.124957,0.254854)
#
!XSPEC12> log none
#