#XSPEC version: 12.11.0
#Build Date/Time: Thu Jul  2 16:22:45 2020
#
!XSPEC12> error 1. 5 6 8
# Parameter   Confidence Range (1)
#                                   Parameters
#PG-Statistic |beta|/N    Lvl       5:Gamma    6:FracSctr         8:Tin        9:norm          13:a       14:Incl        20:Afe
#195.377      29.6228       0       3.16848     0.0666212      0.421694       6389.71      0.998000       12.3580      0.501367
#195.373      26.9051      -1       3.17502     0.0669821      0.421708       6385.14      0.998000       7.64253      0.500083
#================================================================================
# Variances and Principal Axes
#                 5        6        8        9       13       14       20  
# 1.1636E-07| -0.0156   0.1761   0.9842   0.0000  -0.0007   0.0000  -0.0006  
# 5.8139E-06|  0.1246  -0.9763   0.1767   0.0000   0.0035  -0.0000   0.0021  
# 2.6194E-03| -0.9907  -0.1254   0.0067   0.0002  -0.0416   0.0004  -0.0303  
# 5.6493E+00| -0.0200  -0.0012   0.0003   0.0007  -0.2286  -0.0004   0.9733  
# 3.2865E+01|  0.0475   0.0020  -0.0005   0.0119  -0.9726   0.0032  -0.2274  
# 6.7371E+03| -0.0003  -0.0000   0.0000   0.0262  -0.0027  -0.9997  -0.0011  
# 6.5126E+05|  0.0004  -0.0000   0.0000  -0.9996  -0.0119  -0.0261  -0.0020  
#--------------------------------------------------------------------------------
#
#====================================================================================
#  Covariance Matrix
#        1           2           3           4           5           6           7   
#   1.789e-01   2.486e-03   1.401e-03  -2.542e+02  -4.502e+00  -4.750e+00  -9.781e-01
#   2.486e-03   1.967e-04  -5.903e-05   2.750e+00  -2.773e-02   2.478e-01  -1.550e-02
#   1.401e-03  -5.903e-05   5.554e-05  -5.564e+00  -5.193e-02  -1.827e-01  -6.221e-03
#  -2.542e+02   2.750e+00  -5.564e+00   6.507e+05   7.715e+03   1.683e+04   1.317e+03
#  -4.502e+00  -2.773e-02  -5.193e-02   7.715e+03   1.229e+02   2.199e+02   2.166e+01
#  -4.750e+00   2.478e-01  -1.827e-01   1.683e+04   2.199e+02   7.177e+03   4.175e+01
#  -9.781e-01  -1.550e-02  -6.221e-03   1.317e+03   2.166e+01   4.175e+01   9.729e+00
#------------------------------------------------------------------------------------
#
#========================================================================
#Model TBfeo<1>(simpl<2>(diskbb<3> + relxill<4>)) Source No.: 1   Active/On
#Model Model Component  Parameter  Unit     Value
# par  comp
#   1    1   TBfeo      nH         10^22    3.68341      frozen
#   2    1   TBfeo      O                   0.718572     frozen
#   3    1   TBfeo      Fe                  0.977861     frozen
#   4    1   TBfeo      redshift            0.0          frozen
#   5    2   simpl      Gamma               3.17502      +/-  0.422953     
#   6    2   simpl      FracSctr            6.69821E-02  +/-  1.40253E-02  
#   7    2   simpl      UpScOnly            1.00000      frozen
#   8    3   diskbb     Tin        keV      0.421708     +/-  7.45250E-03  
#   9    3   diskbb     norm                6385.14      +/-  806.676      
#  10    4   relxill    Index1              3.00000      frozen
#  11    4   relxill    Index2              3.00000      frozen
#  12    4   relxill    Rbr                 15.0000      frozen
#  13    4   relxill    a                   0.998000     +/-  11.0870      
#  14    4   relxill    Incl       deg      7.64253      +/-  84.7160      
#  15    4   relxill    Rin                 -1.00000     frozen
#  16    4   relxill    Rout                400.000      frozen
#  17    4   relxill    z                   0.0          frozen
#  18    4   relxill    gamma               3.17502      = p5
#  19    4   relxill    logxi               1.82740      frozen
#  20    4   relxill    Afe                 0.500083     +/-  3.11907      
#  21    4   relxill    Ecut       keV      100.000      frozen
#  22    4   relxill    refl_frac           -1.00000     frozen
#  23    4   relxill    norm                9.91976E-03  frozen
#________________________________________________________________________
#
#
#Fit statistic  : PG-Statistic                 195.37     using 177 bins.
#
#Test statistic : Chi-Squared                  200.01     using 177 bins.
# Null hypothesis probability of 5.75e-02 with 170 degrees of freedom
#***Warning: New best fit found, fit parameters will be set to new values.
#                                   Parameters
#PG-Statistic |beta|/N    Lvl       5:Gamma    6:FracSctr         8:Tin        9:norm          13:a       14:Incl        20:Afe
#186.676      8.22233       0       3.33908     0.0705284      0.421103       6140.73      0.871459       70.1621      0.856077
#186.663      12.3586       0       3.33933     0.0704761      0.421111       6139.64      0.886094       70.1900      0.841214
#186.65       11.4659       0       3.33936     0.0704689      0.421111       6139.49      0.879612       70.2005      0.839992
#186.64       5.95736       0       3.33971     0.0704014      0.421114       6137.86      0.860849       70.1878      0.827850
#================================================================================
# Variances and Principal Axes
#                 5        6        8        9       13       14       20  
# 1.2614E-07| -0.0230   0.2071   0.9780   0.0000  -0.0009   0.0001  -0.0021  
# 6.9941E-06|  0.1350  -0.9687   0.2083   0.0000   0.0016  -0.0002   0.0048  
# 2.5440E-03| -0.9893  -0.1369   0.0056   0.0001  -0.0295   0.0046  -0.0410  
# 1.1987E-01| -0.0320  -0.0023   0.0008  -0.0003   0.9932  -0.0960   0.0568  
# 2.2726E+00| -0.0395  -0.0004   0.0012  -0.0024  -0.0625  -0.0433   0.9963  
# 1.3147E+02|  0.0002  -0.0002  -0.0000   0.0036  -0.0933  -0.9944  -0.0491  
# 1.7822E+05|  0.0000   0.0000  -0.0000   1.0000   0.0004   0.0034   0.0026  
#--------------------------------------------------------------------------------
#
#====================================================================================
#  Covariance Matrix
#        1           2           3           4           5           6           7   
#   6.287e-03   4.964e-04  -1.784e-04   4.557e+00   1.171e-03  -8.765e-03  -7.924e-02
#   4.964e-04   1.587e-04  -5.049e-05   4.229e+00   3.496e-03   3.437e-02   1.092e-02
#  -1.784e-04  -5.049e-05   2.496e-05  -1.928e+00  -8.737e-04  -6.219e-03  -2.138e-03
#   4.557e+00   4.229e+00  -1.928e+00   1.782e+05   7.795e+01   6.137e+02   4.615e+02
#   1.171e-03   3.496e-03  -8.737e-04   7.795e+01   1.305e+00   1.246e+01   6.691e-01
#  -8.765e-03   3.437e-02  -6.219e-03   6.137e+02   1.246e+01   1.321e+02   7.907e+00
#  -7.924e-02   1.092e-02  -2.138e-03   4.615e+02   6.691e-01   7.907e+00   3.768e+00
#------------------------------------------------------------------------------------
#
#========================================================================
#Model TBfeo<1>(simpl<2>(diskbb<3> + relxill<4>)) Source No.: 1   Active/On
#Model Model Component  Parameter  Unit     Value
# par  comp
#   1    1   TBfeo      nH         10^22    3.68341      frozen
#   2    1   TBfeo      O                   0.718572     frozen
#   3    1   TBfeo      Fe                  0.977861     frozen
#   4    1   TBfeo      redshift            0.0          frozen
#   5    2   simpl      Gamma               3.33971      +/-  7.92921E-02  
#   6    2   simpl      FracSctr            7.04014E-02  +/-  1.25984E-02  
#   7    2   simpl      UpScOnly            1.00000      frozen
#   8    3   diskbb     Tin        keV      0.421114     +/-  4.99611E-03  
#   9    3   diskbb     norm                6137.86      +/-  422.154      
#  10    4   relxill    Index1              3.00000      frozen
#  11    4   relxill    Index2              3.00000      frozen
#  12    4   relxill    Rbr                 15.0000      frozen
#  13    4   relxill    a                   0.860849     +/-  1.14239      
#  14    4   relxill    Incl       deg      70.1878      +/-  11.4949      
#  15    4   relxill    Rin                 -1.00000     frozen
#  16    4   relxill    Rout                400.000      frozen
#  17    4   relxill    z                   0.0          frozen
#  18    4   relxill    gamma               3.33971      = p5
#  19    4   relxill    logxi               1.82740      frozen
#  20    4   relxill    Afe                 0.827850     +/-  1.94118      
#  21    4   relxill    Ecut       keV      100.000      frozen
#  22    4   relxill    refl_frac           -1.00000     frozen
#  23    4   relxill    norm                9.91976E-03  frozen
#________________________________________________________________________
#
#
#Fit statistic  : PG-Statistic                 186.64     using 177 bins.
#
#Test statistic : Chi-Squared                  194.07     using 177 bins.
# Null hypothesis probability of 9.96e-02 with 170 degrees of freedom
#***Warning: New best fit found, fit parameters will be set to new values.
#                                   Parameters
#PG-Statistic |beta|/N    Lvl       5:Gamma    6:FracSctr         8:Tin        9:norm          13:a       14:Incl        20:Afe
#186.536      12.5892       0       3.27543     0.0604832      0.423568       5976.82      0.862136       69.9435      0.741115
#186.466      21.3846       0       3.27700     0.0605110      0.423587       5975.65      0.869355       70.0275      0.730371
#186.046      12.4216      -1       3.28705     0.0610001      0.423673       5957.10      0.868843       70.2604      0.610072
#186.019      40.6206       0       3.28828     0.0610094      0.423680       5955.25      0.890990       70.2503      0.600438
#185.986      7.89331       0       3.28843     0.0610077      0.423680       5955.02      0.882976       70.2632      0.599839
#185.973      2.79611       0       3.28963     0.0610190      0.423685       5952.90      0.850595       70.2390      0.591155
#185.933      11.6019       0       3.28972     0.0610241      0.423686       5952.80      0.870306       70.2262      0.589708
#185.897      22.6352       0       3.29062     0.0610698      0.423699       5951.41      0.879185       70.2533      0.576366
#185.879      9.94989       0       3.29163     0.0610954      0.423705       5949.47      0.856206       70.2446      0.565880
#185.855      7.94193       0       3.29172     0.0611001      0.423706       5949.33      0.868334       70.2351      0.564505
#185.84       15.6027       0       3.29254     0.0611459      0.423717       5947.88      0.887278       70.2698      0.551075
#185.817      13.3388       0       3.29264     0.0611477      0.423718       5947.68      0.880001       70.2824      0.550096
#185.802      4.56961       0       3.29360     0.0611703      0.423722       5945.64      0.856521       70.2660      0.539866
#185.777      6.40642       0       3.29368     0.0611748      0.423723       5945.50      0.868747       70.2561      0.538492
#185.763      14.2206       0       3.29444     0.0612190      0.423733       5944.03      0.886788       70.2856      0.525044
#185.741      12.4976       0       3.29454     0.0612208      0.423734       5943.83      0.879750       70.2975      0.524042
#185.726      3.94091       0       3.29544     0.0612420      0.423738       5941.82      0.857607       70.2807      0.513688
#185.704      5.78208       0       3.29552     0.0612463      0.423739       5941.68      0.868806       70.2716      0.512321
#185.702      12.6889       0       3.29624     0.0612876      0.423748       5940.23      0.887394       70.2997      0.505620
#================================================================================
# Variances and Principal Axes
#                 5        6        8        9       13       14       20  
# 1.2907E-07| -0.0238   0.2257   0.9739   0.0000  -0.0006   0.0002  -0.0022  
# 5.9861E-06|  0.1252  -0.9658   0.2269   0.0000   0.0012  -0.0002   0.0048  
# 2.6700E-03| -0.9907  -0.1275   0.0052   0.0001  -0.0180   0.0049  -0.0441  
# 1.1905E-01| -0.0197  -0.0010   0.0005  -0.0002   0.9931  -0.1124   0.0276  
# 2.1872E+00| -0.0439  -0.0005   0.0013  -0.0022  -0.0371  -0.0760   0.9954  
# 6.8579E+01|  0.0007  -0.0002  -0.0000   0.0041  -0.1099  -0.9907  -0.0797  
# 1.3734E+05|  0.0000   0.0000  -0.0000   1.0000   0.0006   0.0039   0.0025  
#--------------------------------------------------------------------------------
#
#====================================================================================
#  Covariance Matrix
#        1           2           3           4           5           6           7   
#   7.063e-03   4.853e-04  -1.892e-04   4.566e+00  -8.876e-04  -1.947e-02  -8.777e-02
#   4.853e-04   1.299e-04  -4.188e-05   3.246e+00   3.619e-03   2.805e-02   8.214e-03
#  -1.892e-04  -4.188e-05   2.249e-05  -1.594e+00  -8.713e-04  -5.049e-03  -1.122e-03
#   4.566e+00   3.246e+00  -1.594e+00   1.373e+05   8.413e+01   5.326e+02   3.416e+02
#  -8.876e-04   3.619e-03  -8.713e-04   8.413e+01   1.000e+00   7.787e+00   7.326e-01
#  -1.947e-02   2.805e-02  -5.049e-03   5.326e+02   7.787e+00   6.940e+01   6.575e+00
#  -8.777e-02   8.214e-03  -1.122e-03   3.416e+02   7.326e-01   6.575e+00   3.453e+00
#------------------------------------------------------------------------------------
#
#========================================================================
#Model TBfeo<1>(simpl<2>(diskbb<3> + relxill<4>)) Source No.: 1   Active/On
#Model Model Component  Parameter  Unit     Value
# par  comp
#   1    1   TBfeo      nH         10^22    3.68341      frozen
#   2    1   TBfeo      O                   0.718572     frozen
#   3    1   TBfeo      Fe                  0.977861     frozen
#   4    1   TBfeo      redshift            0.0          frozen
#   5    2   simpl      Gamma               3.29624      +/-  8.40425E-02  
#   6    2   simpl      FracSctr            6.12876E-02  +/-  1.13965E-02  
#   7    2   simpl      UpScOnly            1.00000      frozen
#   8    3   diskbb     Tin        keV      0.423748     +/-  4.74279E-03  
#   9    3   diskbb     norm                5940.23      +/-  370.595      
#  10    4   relxill    Index1              3.00000      frozen
#  11    4   relxill    Index2              3.00000      frozen
#  12    4   relxill    Rbr                 15.0000      frozen
#  13    4   relxill    a                   0.887394     +/-  1.00022      
#  14    4   relxill    Incl       deg      70.2997      +/-  8.33037      
#  15    4   relxill    Rin                 -1.00000     frozen
#  16    4   relxill    Rout                400.000      frozen
#  17    4   relxill    z                   0.0          frozen
#  18    4   relxill    gamma               3.29624      = p5
#  19    4   relxill    logxi               1.82740      frozen
#  20    4   relxill    Afe                 0.505620     +/-  1.85817      
#  21    4   relxill    Ecut       keV      100.000      frozen
#  22    4   relxill    refl_frac           -1.00000     frozen
#  23    4   relxill    norm                9.91976E-03  frozen
#________________________________________________________________________
#
#
#Fit statistic  : PG-Statistic                 185.70     using 177 bins.
#
#Test statistic : Chi-Squared                  196.05     using 177 bins.
# Null hypothesis probability of 8.35e-02 with 170 degrees of freedom
#***Warning: New best fit found, fit parameters will be set to new values.
#Apparent non-monotonicity in statistic space detected.
#Current bracket values 3.31681, 3.23277
#and delta stat 0, 1.21574
#but latest trial 3.24059 gives 1.33099
#Suggest that you check this result using the steppar command.
#     5      3.26178      3.37412    (-0.0353359,0.0770007)
#                                   Parameters
#PG-Statistic |beta|/N    Lvl       5:Gamma    6:FracSctr         8:Tin        9:norm          13:a       14:Incl        20:Afe
#185.584      36.5356       0       3.33096     0.0657160      0.423586       5921.97      0.909526       71.4036      0.500388
#================================================================================
# Variances and Principal Axes
#                 5        6        8        9       13       14       20  
# 1.2955E-07| -0.0247   0.2195   0.9753   0.0000  -0.0014   0.0004  -0.0014  
# 6.5923E-06|  0.1337  -0.9661   0.2208   0.0000   0.0023  -0.0008   0.0030  
# 2.4796E-03| -0.9889  -0.1358   0.0054   0.0001  -0.0521   0.0106  -0.0263  
# 5.4727E-02| -0.0533  -0.0046   0.0012  -0.0002   0.9949  -0.0824   0.0245  
# 5.6953E+00| -0.0258  -0.0003   0.0008  -0.0040  -0.0410  -0.1871   0.9811  
# 6.8307E+01| -0.0014  -0.0001   0.0000  -0.0040  -0.0764  -0.9788  -0.1899  
# 1.5245E+05|  0.0000   0.0000  -0.0000   1.0000  -0.0003  -0.0047   0.0031  
#--------------------------------------------------------------------------------
#
#====================================================================================
#  Covariance Matrix
#        1           2           3           4           5           6           7   
#   6.544e-03   4.490e-04  -1.578e-04   2.038e+00   9.867e-03   1.108e-01  -1.201e-01
#   4.490e-04   1.309e-04  -4.302e-05   3.400e+00  -4.675e-04  -5.956e-03   1.090e-02
#  -1.578e-04  -4.302e-05   2.321e-05  -1.702e+00   3.048e-04   5.791e-03  -1.189e-03
#   2.038e+00   3.400e+00  -1.702e+00   1.524e+05  -4.767e+01  -7.187e+02   4.789e+02
#   9.867e-03  -4.675e-04   3.048e-04  -4.767e+01   4.778e-01   5.375e+00   6.139e-01
#   1.108e-01  -5.956e-03   5.791e-03  -7.187e+02   5.375e+00   6.903e+01   9.394e+00
#  -1.201e-01   1.090e-02  -1.189e-03   4.789e+02   6.139e-01   9.394e+00   9.451e+00
#------------------------------------------------------------------------------------
#
#========================================================================
#Model TBfeo<1>(simpl<2>(diskbb<3> + relxill<4>)) Source No.: 1   Active/On
#Model Model Component  Parameter  Unit     Value
# par  comp
#   1    1   TBfeo      nH         10^22    3.68341      frozen
#   2    1   TBfeo      O                   0.718572     frozen
#   3    1   TBfeo      Fe                  0.977861     frozen
#   4    1   TBfeo      redshift            0.0          frozen
#   5    2   simpl      Gamma               3.33096      +/-  8.08935E-02  
#   6    2   simpl      FracSctr            6.57160E-02  +/-  1.14392E-02  
#   7    2   simpl      UpScOnly            1.00000      frozen
#   8    3   diskbb     Tin        keV      0.423586     +/-  4.81763E-03  
#   9    3   diskbb     norm                5921.97      +/-  390.443      
#  10    4   relxill    Index1              3.00000      frozen
#  11    4   relxill    Index2              3.00000      frozen
#  12    4   relxill    Rbr                 15.0000      frozen
#  13    4   relxill    a                   0.909526     +/-  0.691236     
#  14    4   relxill    Incl       deg      71.4036      +/-  8.30862      
#  15    4   relxill    Rin                 -1.00000     frozen
#  16    4   relxill    Rout                400.000      frozen
#  17    4   relxill    z                   0.0          frozen
#  18    4   relxill    gamma               3.33096      = p5
#  19    4   relxill    logxi               1.82740      frozen
#  20    4   relxill    Afe                 0.500388     +/-  3.07421      
#  21    4   relxill    Ecut       keV      100.000      frozen
#  22    4   relxill    refl_frac           -1.00000     frozen
#  23    4   relxill    norm                9.91976E-03  frozen
#________________________________________________________________________
#
#
#Fit statistic  : PG-Statistic                 185.58     using 177 bins.
#
#Test statistic : Chi-Squared                  193.04     using 177 bins.
# Null hypothesis probability of 1.09e-01 with 170 degrees of freedom
#***Warning: New best fit found, fit parameters will be set to new values.
#                                   Parameters
#PG-Statistic |beta|/N    Lvl       5:Gamma    6:FracSctr         8:Tin        9:norm          13:a       14:Incl        20:Afe
#185.508      18.9124       0       3.30540     0.0627345      0.423784       5926.22      0.875130       70.2939      0.500153
#185.496      32.3859       0       3.30628     0.0626969      0.423798       5925.97      0.865748       70.3222      0.500055
#185.489      42.4019       0       3.30632     0.0627004      0.423801       5926.09      0.871117       70.3276      0.500021
#================================================================================
# Variances and Principal Axes
#                 5        6        8        9       13       14       20  
# 1.2927E-07| -0.0240   0.2233   0.9745   0.0000  -0.0006   0.0002  -0.0011  
# 6.1848E-06|  0.1278  -0.9660   0.2245   0.0000   0.0011  -0.0002   0.0024  
# 2.6218E-03| -0.9911  -0.1300   0.0053   0.0001  -0.0143   0.0048  -0.0218  
# 1.3774E-01| -0.0150  -0.0007   0.0004  -0.0003   0.9930  -0.1166   0.0133  
# 8.4549E+00| -0.0219  -0.0003   0.0006  -0.0044  -0.0362  -0.1940   0.9801  
# 6.6417E+01|  0.0012  -0.0002  -0.0000   0.0051  -0.1117  -0.9740  -0.1969  
# 1.4338E+05|  0.0000   0.0000  -0.0000   1.0000   0.0007   0.0041   0.0053  
#--------------------------------------------------------------------------------
#
#====================================================================================
#  Covariance Matrix
#        1           2           3           4           5           6           7   
#   6.874e-03   4.740e-04  -1.815e-04   3.998e+00  -1.696e-03  -2.656e-02  -1.762e-01
#   4.740e-04   1.373e-04  -4.370e-05   3.440e+00   4.066e-03   2.990e-02   1.877e-02
#  -1.815e-04  -4.370e-05   2.292e-05  -1.644e+00  -9.469e-04  -5.181e-03  -2.945e-03
#   3.998e+00   3.440e+00  -1.644e+00   1.434e+05   9.579e+01   5.830e+02   7.622e+02
#  -1.696e-03   4.066e-03  -9.469e-04   9.579e+01   1.039e+00   7.658e+00   1.671e+00
#  -2.656e-02   2.990e-02  -5.181e-03   5.830e+02   7.658e+00   6.571e+01   1.423e+01
#  -1.762e-01   1.877e-02  -2.945e-03   7.622e+02   1.671e+00   1.423e+01   1.475e+01
#------------------------------------------------------------------------------------
#
#========================================================================
#Model TBfeo<1>(simpl<2>(diskbb<3> + relxill<4>)) Source No.: 1   Active/On
#Model Model Component  Parameter  Unit     Value
# par  comp
#   1    1   TBfeo      nH         10^22    3.68341      frozen
#   2    1   TBfeo      O                   0.718572     frozen
#   3    1   TBfeo      Fe                  0.977861     frozen
#   4    1   TBfeo      redshift            0.0          frozen
#   5    2   simpl      Gamma               3.30632      +/-  8.29087E-02  
#   6    2   simpl      FracSctr            6.27004E-02  +/-  1.17178E-02  
#   7    2   simpl      UpScOnly            1.00000      frozen
#   8    3   diskbb     Tin        keV      0.423801     +/-  4.78712E-03  
#   9    3   diskbb     norm                5926.09      +/-  378.653      
#  10    4   relxill    Index1              3.00000      frozen
#  11    4   relxill    Index2              3.00000      frozen
#  12    4   relxill    Rbr                 15.0000      frozen
#  13    4   relxill    a                   0.871117     +/-  1.01950      
#  14    4   relxill    Incl       deg      70.3276      +/-  8.10591      
#  15    4   relxill    Rin                 -1.00000     frozen
#  16    4   relxill    Rout                400.000      frozen
#  17    4   relxill    z                   0.0          frozen
#  18    4   relxill    gamma               3.30632      = p5
#  19    4   relxill    logxi               1.82740      frozen
#  20    4   relxill    Afe                 0.500021     +/-  3.84030      
#  21    4   relxill    Ecut       keV      100.000      frozen
#  22    4   relxill    refl_frac           -1.00000     frozen
#  23    4   relxill    norm                9.91976E-03  frozen
#________________________________________________________________________
#
#
#Fit statistic  : PG-Statistic                 185.49     using 177 bins.
#
#Test statistic : Chi-Squared                  195.19     using 177 bins.
# Null hypothesis probability of 9.02e-02 with 170 degrees of freedom
#***Warning: New best fit found, fit parameters will be set to new values.
#Apparent non-monotonicity in statistic space detected.
#Current bracket values 3.26021, 3.24627
#and delta stat 0.966581, 1.68233
#but latest trial 3.25936 gives 0.923623
#Suggest that you check this result using the steppar command.
#                                   Parameters
#PG-Statistic |beta|/N    Lvl       5:Gamma    6:FracSctr         8:Tin        9:norm          13:a       14:Incl        20:Afe
#185.449      38.23         0       3.32170     0.0641128      0.423874       5921.39      0.892017       70.6589      0.500000
#================================================================================
# Variances and Principal Axes
#                 5        6        8        9       13       14       20  
# 1.2909E-07| -0.0242   0.2202   0.9752   0.0000  -0.0009   0.0002  -0.0011  
# 6.3718E-06|  0.1305  -0.9664   0.2214   0.0000   0.0016  -0.0003   0.0023  
# 2.5359E-03| -0.9905  -0.1326   0.0054   0.0001  -0.0288   0.0055  -0.0208  
# 8.9133E-02| -0.0295  -0.0021   0.0007  -0.0002   0.9948  -0.0954   0.0176  
# 9.1245E+00| -0.0206  -0.0003   0.0006  -0.0048  -0.0327  -0.1517   0.9877  
# 1.0020E+02|  0.0004  -0.0002  -0.0000   0.0037  -0.0916  -0.9838  -0.1541  
# 1.4348E+05|  0.0000   0.0000  -0.0000   1.0000   0.0004   0.0029   0.0053  
#--------------------------------------------------------------------------------
#
#====================================================================================
#  Covariance Matrix
#        1           2           3           4           5           6           7   
#   6.546e-03   4.673e-04  -1.732e-04   3.701e+00   1.102e-03  -2.898e-03  -1.724e-01
#   4.673e-04   1.340e-04  -4.311e-05   3.376e+00   2.808e-03   2.716e-02   1.826e-02
#  -1.732e-04  -4.311e-05   2.276e-05  -1.641e+00  -6.293e-04  -4.163e-03  -2.987e-03
#   3.701e+00   3.376e+00  -1.641e+00   1.435e+05   5.637e+01   4.156e+02   7.639e+02
#   1.102e-03   2.808e-03  -6.293e-04   5.637e+01   9.600e-01   9.225e+00   1.422e+00
#  -2.898e-03   2.716e-02  -4.163e-03   4.156e+02   9.225e+00   9.840e+01   1.604e+01
#  -1.724e-01   1.826e-02  -2.987e-03   7.639e+02   1.422e+00   1.604e+01   1.535e+01
#------------------------------------------------------------------------------------
#
#========================================================================
#Model TBfeo<1>(simpl<2>(diskbb<3> + relxill<4>)) Source No.: 1   Active/On
#Model Model Component  Parameter  Unit     Value
# par  comp
#   1    1   TBfeo      nH         10^22    3.68341      frozen
#   2    1   TBfeo      O                   0.718572     frozen
#   3    1   TBfeo      Fe                  0.977861     frozen
#   4    1   TBfeo      redshift            0.0          frozen
#   5    2   simpl      Gamma               3.32170      +/-  8.09090E-02  
#   6    2   simpl      FracSctr            6.41128E-02  +/-  1.15766E-02  
#   7    2   simpl      UpScOnly            1.00000      frozen
#   8    3   diskbb     Tin        keV      0.423874     +/-  4.77076E-03  
#   9    3   diskbb     norm                5921.39      +/-  378.780      
#  10    4   relxill    Index1              3.00000      frozen
#  11    4   relxill    Index2              3.00000      frozen
#  12    4   relxill    Rbr                 15.0000      frozen
#  13    4   relxill    a                   0.892017     +/-  0.979788     
#  14    4   relxill    Incl       deg      70.6589      +/-  9.91958      
#  15    4   relxill    Rin                 -1.00000     frozen
#  16    4   relxill    Rout                400.000      frozen
#  17    4   relxill    z                   0.0          frozen
#  18    4   relxill    gamma               3.32170      = p5
#  19    4   relxill    logxi               1.82740      frozen
#  20    4   relxill    Afe                 0.500000     +/-  3.91792      
#  21    4   relxill    Ecut       keV      100.000      frozen
#  22    4   relxill    refl_frac           -1.00000     frozen
#  23    4   relxill    norm                9.91976E-03  frozen
#________________________________________________________________________
#
#
#Fit statistic  : PG-Statistic                 185.45     using 177 bins.
#
#Test statistic : Chi-Squared                  192.44     using 177 bins.
# Null hypothesis probability of 1.15e-01 with 170 degrees of freedom
#***Warning: New best fit found, fit parameters will be set to new values.
#Apparent non-monotonicity in statistic space detected.
#Current bracket values 3.28154, 3.27349
#and delta stat 0.82949, 1.44483
#but latest trial 3.27876 gives 0.696693
#Suggest that you check this result using the steppar command.
#     5      3.26402      3.37031    (-0.0573117,0.0489773)
#Apparent non-monotonicity in statistic space detected.
#Current bracket values 0.0509935, 0.0507456
#and delta stat 0.949446, 1.06087
#but latest trial 0.0508959 gives 0.924979
#Suggest that you check this result using the steppar command.
#Apparent non-monotonicity in statistic space detected.
#Current bracket values 0.0709414, 0.070966
#and delta stat 0.927725, 1.06546
#but latest trial 0.0709559 gives 0.825236
#Suggest that you check this result using the steppar command.
#     6    0.0508695    0.0709537    (-0.0132804,0.0068038)
#Apparent non-monotonicity in statistic space detected.
#Current bracket values 0.427205, 0.427773
#and delta stat 0.30879, 1.8467
#but latest trial 0.42748 gives 0.223302
#Suggest that you check this result using the steppar command.
#     8     0.420519     0.427489    (-0.00335193,0.00361767)
#
!XSPEC12> log none
#