#XSPEC version: 12.11.0
#Build Date/Time: Thu Jul  2 16:22:45 2020
#
!XSPEC12> chatter 5 5
#
!XSPEC12> freeze 1-3 5 6 8 9
#
!XSPEC12> editmod cflux*tbfeo*simpl(diskbb)
#
!XSPEC12> fit
#
!XSPEC12> chatter 10 10
#
!XSPEC12> show param
#
#Parameters defined:
#========================================================================
#Model cflux<1>*TBfeo<2>*simpl<3>*diskbb<4> Source No.: 1   Active/On
#Model Model Component  Parameter  Unit     Value
# par  comp
#   1    1   cflux      Emin       keV      0.600000     frozen
#   2    1   cflux      Emax       keV      10.0000      frozen
#   3    1   cflux      lg10Flux   cgs      -7.25198     +/-  4.45737E-04  
#   4    2   TBfeo      nH         10^22    3.61809      frozen
#   5    2   TBfeo      O                   0.216085     frozen
#   6    2   TBfeo      Fe                  3.38149      frozen
#   7    2   TBfeo      redshift            0.0          frozen
#   8    3   simpl      Gamma               2.07488      frozen
#   9    3   simpl      FracSctr            0.548931     frozen
#  10    3   simpl      UpScOnly            1.00000      frozen
#  11    4   diskbb     Tin        keV      0.606945     frozen
#  12    4   diskbb     norm                2.60399E+04  frozen
#________________________________________________________________________
#
#
!XSPEC12> log none
#