#XSPEC version: 12.11.0
#Build Date/Time: Thu Jul  2 16:22:45 2020
#
!XSPEC12> chatter 5 5
#
!XSPEC12> freeze 1-3 5 6 8 9-12
#
!XSPEC12> editmod cflux*tbfeo*simpl(diskbb)+gau
#
!XSPEC12> fit
#
!XSPEC12> chatter 10 10
#
!XSPEC12> show param
#
#Parameters defined:
#========================================================================
#Model cflux<1>*TBfeo<2>*simpl<3>*diskbb<4> + gaussian<5> Source No.: 1   Active/On
#Model Model Component  Parameter  Unit     Value
# par  comp
#   1    1   cflux      Emin       keV      0.600000     frozen
#   2    1   cflux      Emax       keV      10.0000      frozen
#   3    1   cflux      lg10Flux   cgs      -7.26717     +/-  2.28187E-04  
#   4    2   TBfeo      nH         10^22    3.97616      frozen
#   5    2   TBfeo      O                   0.812487     frozen
#   6    2   TBfeo      Fe                  2.07284      frozen
#   7    2   TBfeo      redshift            0.0          frozen
#   8    3   simpl      Gamma               1.98900      frozen
#   9    3   simpl      FracSctr            0.489159     frozen
#  10    3   simpl      UpScOnly            1.00000      frozen
#  11    4   diskbb     Tin        keV      0.421152     frozen
#  12    4   diskbb     norm                1.19589E+05  frozen
#  13    5   gaussian   LineE      keV      6.45159      frozen
#  14    5   gaussian   Sigma      keV      0.531637     frozen
#  15    5   gaussian   norm                2.69152E-02  frozen
#________________________________________________________________________
#
#
!XSPEC12> log none
#