#XSPEC version: 12.11.0
#Build Date/Time: Thu Jul  2 16:22:45 2020
#
!XSPEC12> chatter 10
#
!XSPEC12> show data
#
#1 file 1 spectrum 
#Spectrum 1  Spectral Data File: /home/thaddaeus/FMU/Steiner/thaddaeus/1130360104/jspipe/js_ni1130360104_0mpu7_silver_GTI0.jsgrp
#Net count rate (cts/s) for Spectrum:1  1.167e+04 +/- 2.884e+00 (100.0 % total)
# Assigned to Data Group 1 and Plot Group 1
#  Noticed Channels:  39-254
#  Telescope: NICER Instrument: XTI  Channel Type: PI
#  Exposure Time: 1403 sec
# Using fit statistic: pgstat
# Using Background File                /home/thaddaeus/FMU/Steiner/thaddaeus/1130360104/jspipe/js_ni1130360104_0mpu7_silver_GTI0.bg
#  Background Exposure Time: 1403 sec
# Using Response (RMF) File            /home/thaddaeus/FMU/Steiner/thaddaeus/nicer_d49_55575341.rmf for Source 1
# Using Auxiliary Response (ARF) File  /home/thaddaeus/FMU/Steiner/thaddaeus/nicer_d49_55575341.arf
#
#
!XSPEC12> show fit
#
#Fit statistic  : PG-Statistic                1628.05     using 216 bins.
#
#Test statistic : Chi-Squared                 1631.03     using 216 bins.
# Null hypothesis probability of 1.64e-218 with 209 degrees of freedom
#
!XSPEC12> show param
#
#Parameters defined:
#========================================================================
#Model TBfeo<1>*simpl<2>*diskbb<3> Source No.: 1   Active/On
#Model Model Component  Parameter  Unit     Value
# par  comp
#   1    1   TBfeo      nH         10^22    4.75330      +/-  6.62795E-02  
#   2    1   TBfeo      O                   4.90820E-02  +/-  4.06203E-02  
#   3    1   TBfeo      Fe                  1.14851      +/-  8.41252E-02  
#   4    1   TBfeo      redshift            0.0          frozen
#   5    2   simpl      Gamma               2.51894      +/-  3.13375E-02  
#   6    2   simpl      FracSctr            0.435075     +/-  1.44178E-02  
#   7    2   simpl      UpScOnly            1.00000      frozen
#   8    3   diskbb     Tin        keV      0.951326     +/-  8.15910E-03  
#   9    3   diskbb     norm                7197.35      +/-  222.292      
#________________________________________________________________________
#
#
!XSPEC12> log none
#