#XSPEC version: 12.11.0
#Build Date/Time: Thu Jul  2 16:22:45 2020
#
!XSPEC12> chatter 10
#
!XSPEC12> show data
#
#1 file 1 spectrum 
#Spectrum 1  Spectral Data File: /home/thaddaeus/FMU/Steiner/thaddaeus/1130360102/jspipe/js_ni1130360102_0mpu7_silver_GTI0.jsgrp
#Net count rate (cts/s) for Spectrum:1  1.422e+04 +/- 3.286e+00 (100.0 % total)
# Assigned to Data Group 1 and Plot Group 1
#  Noticed Channels:  39-254
#  Telescope: NICER Instrument: XTI  Channel Type: PI
#  Exposure Time: 1317 sec
# Using fit statistic: pgstat
# Using Background File                /home/thaddaeus/FMU/Steiner/thaddaeus/1130360102/jspipe/js_ni1130360102_0mpu7_silver_GTI0.bg
#  Background Exposure Time: 1317 sec
# Using Response (RMF) File            /home/thaddaeus/FMU/Steiner/thaddaeus/nicer_d49_55575341.rmf for Source 1
# Using Auxiliary Response (ARF) File  /home/thaddaeus/FMU/Steiner/thaddaeus/nicer_d49_55575341.arf
#
#
!XSPEC12> show fit
#
#Fit statistic  : PG-Statistic                1823.70     using 216 bins.
#
#Test statistic : Chi-Squared                 1822.61     using 216 bins.
# Null hypothesis probability of 3.98e-255 with 209 degrees of freedom
#
!XSPEC12> show param
#
#Parameters defined:
#========================================================================
#Model TBfeo<1>*simpl<2>*diskbb<3> Source No.: 1   Active/On
#Model Model Component  Parameter  Unit     Value
# par  comp
#   1    1   TBfeo      nH         10^22    4.62274      +/-  6.30011E-02  
#   2    1   TBfeo      O                   4.89820E-02  +/-  3.99519E-02  
#   3    1   TBfeo      Fe                  1.44758      +/-  8.30857E-02  
#   4    1   TBfeo      redshift            0.0          frozen
#   5    2   simpl      Gamma               1.56874      +/-  0.152874     
#   6    2   simpl      FracSctr            7.27948E-02  +/-  3.72388E-03  
#   7    2   simpl      UpScOnly            1.00000      frozen
#   8    3   diskbb     Tin        keV      1.18744      +/-  6.62758E-03  
#   9    3   diskbb     norm                4404.95      +/-  74.2374      
#________________________________________________________________________
#
#
!XSPEC12> log none
#