#XSPEC version: 12.11.0
#Build Date/Time: Thu Jul  2 16:22:45 2020
#
!XSPEC12> chatter 10
#
!XSPEC12> show data
#
#1 file 1 spectrum 
#Spectrum 1  Spectral Data File: /home/thaddaeus/FMU/Steiner/thaddaeus/1130360105/jspipe/js_ni1130360105_0mpu7_silver_GTI0.jsgrp
#Net count rate (cts/s) for Spectrum:1  1.187e+04 +/- 3.138e+00 (100.0 % total)
# Assigned to Data Group 1 and Plot Group 1
#  Noticed Channels:  39-254
#  Telescope: NICER Instrument: XTI  Channel Type: PI
#  Exposure Time: 1206 sec
# Using fit statistic: pgstat
# Using Background File                /home/thaddaeus/FMU/Steiner/thaddaeus/1130360105/jspipe/js_ni1130360105_0mpu7_silver_GTI0.bg
#  Background Exposure Time: 1206 sec
# Using Response (RMF) File            /home/thaddaeus/FMU/Steiner/thaddaeus/nicer_d49_55575341.rmf for Source 1
# Using Auxiliary Response (ARF) File  /home/thaddaeus/FMU/Steiner/thaddaeus/nicer_d49_55575341.arf
#
#
!XSPEC12> show fit
#
#Fit statistic  : PG-Statistic                1391.71     using 216 bins.
#
#Test statistic : Chi-Squared                 1395.01     using 216 bins.
# Null hypothesis probability of 2.82e-174 with 209 degrees of freedom
#
!XSPEC12> show param
#
#Parameters defined:
#========================================================================
#Model TBfeo<1>*simpl<2>*diskbb<3> Source No.: 1   Active/On
#Model Model Component  Parameter  Unit     Value
# par  comp
#   1    1   TBfeo      nH         10^22    4.77133      +/-  7.11686E-02  
#   2    1   TBfeo      O                   4.94099E-02  +/-  4.35837E-02  
#   3    1   TBfeo      Fe                  1.15039      +/-  9.02284E-02  
#   4    1   TBfeo      redshift            0.0          frozen
#   5    2   simpl      Gamma               2.50481      +/-  4.37238E-02  
#   6    2   simpl      FracSctr            0.367749     +/-  1.56381E-02  
#   7    2   simpl      UpScOnly            1.00000      frozen
#   8    3   diskbb     Tin        keV      0.999733     +/-  8.82788E-03  
#   9    3   diskbb     norm                6237.43      +/-  199.116      
#________________________________________________________________________
#
#
!XSPEC12> log none
#