#XSPEC version: 12.11.0
#Build Date/Time: Thu Jul  2 16:22:45 2020
#
!XSPEC12> chatter 10
#
!XSPEC12> show data
#
#1 file 1 spectrum 
#Spectrum 1  Spectral Data File: /home/thaddaeus/FMU/Steiner/thaddaeus/1130360103/jspipe/js_ni1130360103_0mpu7_silver_GTI2.jsgrp
#Net count rate (cts/s) for Spectrum:1  1.406e+04 +/- 1.416e+01 (100.0 % total)
# Assigned to Data Group 1 and Plot Group 1
#  Noticed Channels:  39-254
#  Telescope: NICER Instrument: XTI  Channel Type: PI
#  Exposure Time: 70.15 sec
# Using fit statistic: pgstat
# Using Background File                /home/thaddaeus/FMU/Steiner/thaddaeus/1130360103/jspipe/js_ni1130360103_0mpu7_silver_GTI2.bg
#  Background Exposure Time: 70.15 sec
# Using Response (RMF) File            /home/thaddaeus/FMU/Steiner/thaddaeus/nicer_d49_55575341.rmf for Source 1
# Using Auxiliary Response (ARF) File  /home/thaddaeus/FMU/Steiner/thaddaeus/nicer_d49_55575341.arf
#
#
!XSPEC12> show fit
#
#Fit statistic  : PG-Statistic                 311.24     using 216 bins.
#
#Test statistic : Chi-Squared                  315.97     using 216 bins.
# Null hypothesis probability of 2.45e-06 with 209 degrees of freedom
#
!XSPEC12> show param
#
#Parameters defined:
#========================================================================
#Model TBfeo<1>*simpl<2>*diskbb<3> Source No.: 1   Active/On
#Model Model Component  Parameter  Unit     Value
# par  comp
#   1    1   TBfeo      nH         10^22    4.80029      +/-  0.275753     
#   2    1   TBfeo      O                   0.374524     +/-  0.179936     
#   3    1   TBfeo      Fe                  0.354584     +/-  0.350811     
#   4    1   TBfeo      redshift            0.0          frozen
#   5    2   simpl      Gamma               1.60017      +/-  0.479792     
#   6    2   simpl      FracSctr            0.119530     +/-  2.32546E-02  
#   7    2   simpl      UpScOnly            1.00000      frozen
#   8    3   diskbb     Tin        keV      1.21886      +/-  3.38261E-02  
#   9    3   diskbb     norm                3791.20      +/-  312.581      
#________________________________________________________________________
#
#
!XSPEC12> log none
#