#XSPEC version: 12.11.0
#Build Date/Time: Thu Jul  2 16:22:45 2020
#
!XSPEC12> chatter 10
#
!XSPEC12> show data
#
#1 file 1 spectrum 
#Spectrum 1  Spectral Data File: /home/thaddaeus/FMU/Steiner/thaddaeus/1130360101/jspipe/js_ni1130360101_0mpu7_silver_GTI2.jsgrp
#Net count rate (cts/s) for Spectrum:1  1.435e+04 +/- 3.796e+00 (100.0 % total)
# Assigned to Data Group 1 and Plot Group 1
#  Noticed Channels:  39-254
#  Telescope: NICER Instrument: XTI  Channel Type: PI
#  Exposure Time: 996 sec
# Using fit statistic: pgstat
# Using Background File                /home/thaddaeus/FMU/Steiner/thaddaeus/1130360101/jspipe/js_ni1130360101_0mpu7_silver_GTI2.bg
#  Background Exposure Time: 996 sec
# Using Response (RMF) File            /home/thaddaeus/FMU/Steiner/thaddaeus/nicer_d49_55575341.rmf for Source 1
# Using Auxiliary Response (ARF) File  /home/thaddaeus/FMU/Steiner/thaddaeus/nicer_d49_55575341.arf
#
#
!XSPEC12> show fit
#
#Fit statistic  : PG-Statistic                1564.16     using 216 bins.
#
#Test statistic : Chi-Squared                 1561.77     using 216 bins.
# Null hypothesis probability of 2.02e-205 with 209 degrees of freedom
#
!XSPEC12> show param
#
#Parameters defined:
#========================================================================
#Model TBfeo<1>*simpl<2>*diskbb<3> Source No.: 1   Active/On
#Model Model Component  Parameter  Unit     Value
# par  comp
#   1    1   TBfeo      nH         10^22    4.63644      +/-  7.16958E-02  
#   2    1   TBfeo      O                   4.98093E-02  +/-  4.54664E-02  
#   3    1   TBfeo      Fe                  1.44758      +/-  9.49274E-02  
#   4    1   TBfeo      redshift            0.0          frozen
#   5    2   simpl      Gamma               1.39365      +/-  0.235571     
#   6    2   simpl      FracSctr            5.12356E-02  +/-  3.42292E-03  
#   7    2   simpl      UpScOnly            1.00000      frozen
#   8    3   diskbb     Tin        keV      1.18721      +/-  6.96055E-03  
#   9    3   diskbb     norm                4523.04      +/-  59.2408      
#________________________________________________________________________
#
#
!XSPEC12> log none
#