#XSPEC version: 12.11.0
#Build Date/Time: Thu Jul  2 16:22:45 2020
#
!XSPEC12> chatter 10
#
!XSPEC12> show data
#
#1 file 1 spectrum 
#Spectrum 1  Spectral Data File: /home/thaddaeus/FMU/Steiner/thaddaeus/1130360101/jspipe/js_ni1130360101_0mpu7_silver_GTI3.jsgrp
#Net count rate (cts/s) for Spectrum:1  1.431e+04 +/- 5.110e+00 (100.0 % total)
# Assigned to Data Group 1 and Plot Group 1
#  Noticed Channels:  39-254
#  Telescope: NICER Instrument: XTI  Channel Type: PI
#  Exposure Time: 547.8 sec
# Using fit statistic: pgstat
# Using Background File                /home/thaddaeus/FMU/Steiner/thaddaeus/1130360101/jspipe/js_ni1130360101_0mpu7_silver_GTI3.bg
#  Background Exposure Time: 547.8 sec
# Using Response (RMF) File            /home/thaddaeus/FMU/Steiner/thaddaeus/nicer_d49_55575341.rmf for Source 1
# Using Auxiliary Response (ARF) File  /home/thaddaeus/FMU/Steiner/thaddaeus/nicer_d49_55575341.arf
#
#
!XSPEC12> show fit
#
#Fit statistic  : PG-Statistic                 903.70     using 216 bins.
#
#Test statistic : Chi-Squared                  903.32     using 216 bins.
# Null hypothesis probability of 5.35e-87 with 209 degrees of freedom
#
!XSPEC12> show param
#
#Parameters defined:
#========================================================================
#Model TBfeo<1>*simpl<2>*diskbb<3> Source No.: 1   Active/On
#Model Model Component  Parameter  Unit     Value
# par  comp
#   1    1   TBfeo      nH         10^22    4.62886      +/-  9.69111E-02  
#   2    1   TBfeo      O                   4.99188E-02  +/-  6.14581E-02  
#   3    1   TBfeo      Fe                  1.44758      +/-  0.128338     
#   4    1   TBfeo      redshift            0.0          frozen
#   5    2   simpl      Gamma               1.39365      +/-  0.293420     
#   6    2   simpl      FracSctr            5.59483E-02  +/-  4.59841E-03  
#   7    2   simpl      UpScOnly            1.00000      frozen
#   8    3   diskbb     Tin        keV      1.18860      +/-  9.48518E-03  
#   9    3   diskbb     norm                4480.79      +/-  79.8166      
#________________________________________________________________________
#
#
!XSPEC12> log none
#