#XSPEC version: 12.11.0
#Build Date/Time: Thu Jul  2 16:22:45 2020
#
!XSPEC12> show data
#
#1 file 1 spectrum 
#Spectrum 1  Spectral Data File: /home/thaddaeus/FMU/Steiner/thaddaeus/1130360133/jspipe/js_ni1130360133_0mpu7_silver_GTI0.jsgrp
#Net count rate (cts/s) for Spectrum:1  2.270e+03 +/- 2.619e+00 (100.0 % total)
# Assigned to Data Group 1 and Plot Group 1
#  Noticed Channels:  22-232
#  Telescope: NICER Instrument: XTI  Channel Type: PI
#  Exposure Time: 331 sec
# Using fit statistic: pgstat
# Using Background File                /home/thaddaeus/FMU/Steiner/thaddaeus/1130360133/jspipe/js_ni1130360133_0mpu7_silver_GTI0.bg
#  Background Exposure Time: 331 sec
# Using Response (RMF) File            /home/thaddaeus/FMU/Steiner/thaddaeus/nicer_d49_55575341.rmf for Source 1
# Using Auxiliary Response (ARF) File  /home/thaddaeus/FMU/Steiner/thaddaeus/nicer_d49_55575341.arf
#
#
!XSPEC12> show fit
#
#Fit statistic  : PG-Statistic                 506.66     using 211 bins.
#
#Test statistic : Chi-Squared                  538.81     using 211 bins.
# Null hypothesis probability of 1.32e-31 with 206 degrees of freedom
#
!XSPEC12> show param
#
#Parameters defined:
#========================================================================
#Model TBabs<1>(diskbb<2> + nthComp<3>) Source No.: 1   Active/On
#Model Model Component  Parameter  Unit     Value
# par  comp
#   1    1   TBabs      nH         10^22    3.32644      +/-  8.67930E-03  
#   2    2   diskbb     Tin        keV      0.803185     +/-  1.51829E-03  
#   3    2   diskbb     norm                3634.75      +/-  38.4593      
#   4    3   nthComp    Gamma               9.37167      +/-  6.18512E+14  
#   5    3   nthComp    kT_e       keV      100.000      frozen
#   6    3   nthComp    kT_bb      keV      0.803185     = p2
#   7    3   nthComp    inp_type   0/1      1.00000      frozen
#   8    3   nthComp    Redshift            0.0          frozen
#   9    3   nthComp    norm                8.58307E-15  +/-  6.85682E-03  
#________________________________________________________________________
#
#
!XSPEC12> log none
#