#XSPEC version: 12.11.0
#Build Date/Time: Thu Jul  2 16:22:45 2020
#
!XSPEC12> show data
#
#1 file 1 spectrum 
#Spectrum 1  Spectral Data File: /home/thaddaeus/FMU/Steiner/thaddaeus/1130360134/jspipe/js_ni1130360134_0mpu7_silver_GTI0.jsgrp
#Net count rate (cts/s) for Spectrum:1  2.240e+03 +/- 5.061e+00 (100.0 % total)
# Assigned to Data Group 1 and Plot Group 1
#  Noticed Channels:  22-211
#  Telescope: NICER Instrument: XTI  Channel Type: PI
#  Exposure Time: 87.49 sec
# Using fit statistic: pgstat
# Using Background File                /home/thaddaeus/FMU/Steiner/thaddaeus/1130360134/jspipe/js_ni1130360134_0mpu7_silver_GTI0.bg
#  Background Exposure Time: 87.49 sec
# Using Response (RMF) File            /home/thaddaeus/FMU/Steiner/thaddaeus/nicer_d49_55575341.rmf for Source 1
# Using Auxiliary Response (ARF) File  /home/thaddaeus/FMU/Steiner/thaddaeus/nicer_d49_55575341.arf
#
#
!XSPEC12> show fit
#
#Fit statistic  : PG-Statistic                 327.30     using 190 bins.
#
#Test statistic : Chi-Squared                  376.77     using 190 bins.
# Null hypothesis probability of 3.34e-15 with 185 degrees of freedom
#
!XSPEC12> show param
#
#Parameters defined:
#========================================================================
#Model TBabs<1>(diskbb<2> + nthComp<3>) Source No.: 1   Active/On
#Model Model Component  Parameter  Unit     Value
# par  comp
#   1    1   TBabs      nH         10^22    3.34820      +/-  1.54280E-02  
#   2    2   diskbb     Tin        keV      0.797093     +/-  3.47165E-03  
#   3    2   diskbb     norm                3739.36      +/-  104.801      
#   4    3   nthComp    Gamma               9.37167      +/-  9.95597E+13  
#   5    3   nthComp    kT_e       keV      100.000      frozen
#   6    3   nthComp    kT_bb      keV      0.797093     = p2
#   7    3   nthComp    inp_type   0/1      1.00000      frozen
#   8    3   nthComp    Redshift            0.0          frozen
#   9    3   nthComp    norm                2.81421E-04  +/-  0.112871     
#________________________________________________________________________
#
#
!XSPEC12> log none
#