#XSPEC version: 12.11.0
#Build Date/Time: Thu Jul  2 16:22:45 2020
#
!XSPEC12> show data
#
#1 file 1 spectrum 
#Spectrum 1  Spectral Data File: /home/thaddaeus/FMU/Steiner/thaddaeus/1130360113/jspipe/js_ni1130360113_0mpu7_silver_GTI0.jsgrp
#Net count rate (cts/s) for Spectrum:1  1.015e+04 +/- 5.995e+00 (100.0 % total)
# Assigned to Data Group 1 and Plot Group 1
#  Noticed Channels:  22-254
#  Telescope: NICER Instrument: XTI  Channel Type: PI
#  Exposure Time: 282.5 sec
# Using fit statistic: pgstat
# Using Background File                /home/thaddaeus/FMU/Steiner/thaddaeus/1130360113/jspipe/js_ni1130360113_0mpu7_silver_GTI0.bg
#  Background Exposure Time: 282.5 sec
# Using Response (RMF) File            /home/thaddaeus/FMU/Steiner/thaddaeus/nicer_d49_55575341.rmf for Source 1
# Using Auxiliary Response (ARF) File  /home/thaddaeus/FMU/Steiner/thaddaeus/nicer_d49_55575341.arf
#
#
!XSPEC12> show fit
#
#Fit statistic  : PG-Statistic                 879.01     using 233 bins.
#
#Test statistic : Chi-Squared                  880.95     using 233 bins.
# Null hypothesis probability of 1.76e-77 with 228 degrees of freedom
#
!XSPEC12> show param
#
#Parameters defined:
#========================================================================
#Model TBabs<1>(diskbb<2> + nthComp<3>) Source No.: 1   Active/On
#Model Model Component  Parameter  Unit     Value
# par  comp
#   1    1   TBabs      nH         10^22    3.21851      +/-  6.41760E-03  
#   2    2   diskbb     Tin        keV      1.08971      +/-  9.91581E-03  
#   3    2   diskbb     norm                2793.66      +/-  63.1251      
#   4    3   nthComp    Gamma               2.33339      +/-  0.134024     
#   5    3   nthComp    kT_e       keV      100.000      frozen
#   6    3   nthComp    kT_bb      keV      1.08971      = p2
#   7    3   nthComp    inp_type   0/1      1.00000      frozen
#   8    3   nthComp    Redshift            0.0          frozen
#   9    3   nthComp    norm                5.27369      +/-  0.765662     
#________________________________________________________________________
#
#
!XSPEC12> log none
#