#XSPEC version: 12.11.0
#Build Date/Time: Thu Jul  2 16:22:45 2020
#
!XSPEC12> show data
#
#1 file 1 spectrum 
#Spectrum 1  Spectral Data File: /home/thaddaeus/FMU/Steiner/thaddaeus/1130360135/jspipe/js_ni1130360135_0mpu7_silver_GTI0.jsgrp
#Net count rate (cts/s) for Spectrum:1  2.225e+03 +/- 7.200e+00 (100.0 % total)
# Assigned to Data Group 1 and Plot Group 1
#  Noticed Channels:  21-203
#  Telescope: NICER Instrument: XTI  Channel Type: PI
#  Exposure Time: 42.94 sec
# Using fit statistic: pgstat
# Using Background File                /home/thaddaeus/FMU/Steiner/thaddaeus/1130360135/jspipe/js_ni1130360135_0mpu7_silver_GTI0.bg
#  Background Exposure Time: 42.94 sec
# Using Response (RMF) File            /home/thaddaeus/FMU/Steiner/thaddaeus/nicer_d49_55575341.rmf for Source 1
# Using Auxiliary Response (ARF) File  /home/thaddaeus/FMU/Steiner/thaddaeus/nicer_d49_55575341.arf
#
#
!XSPEC12> show fit
#
#Fit statistic  : PG-Statistic                 289.82     using 183 bins.
#
#Test statistic : Chi-Squared                  316.68     using 183 bins.
# Null hypothesis probability of 7.48e-10 with 178 degrees of freedom
#
!XSPEC12> show param
#
#Parameters defined:
#========================================================================
#Model TBabs<1>(diskbb<2> + nthComp<3>) Source No.: 1   Active/On
#Model Model Component  Parameter  Unit     Value
# par  comp
#   1    1   TBabs      nH         10^22    3.37579      +/-  3.97623E-02  
#   2    2   diskbb     Tin        keV      0.761211     +/-  3.75349E-02  
#   3    2   diskbb     norm                1489.44      +/-  8601.55      
#   4    3   nthComp    Gamma               9.37167      +/-  9.82229      
#   5    3   nthComp    kT_e       keV      100.000      frozen
#   6    3   nthComp    kT_bb      keV      0.761211     = p2
#   7    3   nthComp    inp_type   0/1      1.00000      frozen
#   8    3   nthComp    Redshift            0.0          frozen
#   9    3   nthComp    norm                5.22781      +/-  15.7568      
#________________________________________________________________________
#
#
!XSPEC12> log none
#