#XSPEC version: 12.11.0
#Build Date/Time: Thu Jul  2 16:22:45 2020
#
!XSPEC12> show data
#
#1 file 1 spectrum 
#Spectrum 1  Spectral Data File: /home/thaddaeus/FMU/Steiner/thaddaeus/1130360182/jspipe/js_ni1130360182_0mpu7_silver_GTI0.jsgrp
#Net count rate (cts/s) for Spectrum:1  8.539e+01 +/- 3.508e-01 (96.4 % total)
# Assigned to Data Group 1 and Plot Group 1
#  Noticed Channels:  72-255
#  Telescope: NICER Instrument: XTI  Channel Type: PI
#  Exposure Time: 722.4 sec
# Using fit statistic: pgstat
# Using Background File                /home/thaddaeus/FMU/Steiner/thaddaeus/1130360182/jspipe/js_ni1130360182_0mpu7_silver_GTI0.bg
#  Background Exposure Time: 722.4 sec
# Using Response (RMF) File            /home/thaddaeus/FMU/Steiner/thaddaeus/nicer_d49_55575341.rmf for Source 1
# Using Auxiliary Response (ARF) File  /home/thaddaeus/FMU/Steiner/thaddaeus/nicer_d49_55575341.arf
#
#
!XSPEC12> show param
#
#Parameters defined:
#========================================================================
#Model TBfeo<1>*simpl<2>*diskbb<3> Source No.: 1   Active/On
#Model Model Component  Parameter  Unit     Value
# par  comp
#   1    1   TBfeo      nH         10^22    3.44464      +/-  2.23866      
#   2    1   TBfeo      O                   0.644798     +/-  17.2350      
#   3    1   TBfeo      Fe                  0.998757     +/-  39.6933      
#   4    1   TBfeo      redshift            0.0          frozen
#   5    2   simpl      Gamma               2.87114      +/-  30.0495      
#   6    2   simpl      FracSctr            1.00000E-03  +/-  6.37649E-02  
#   7    2   simpl      UpScOnly            1.00000      frozen
#   8    3   diskbb     Tin        keV      0.499533     +/-  6.16044E-02  
#   9    3   diskbb     norm                3339.76      +/-  3942.93      
#________________________________________________________________________
#
#
!XSPEC12> show fit
#
#Fit statistic  : PG-Statistic                 229.69     using 184 bins.
#
#Test statistic : Chi-Squared                  259.95     using 184 bins.
# Null hypothesis probability of 4.87e-05 with 177 degrees of freedom
#
!XSPEC12> log none
#