#XSPEC version: 12.11.0
#Build Date/Time: Thu Jul  2 16:22:45 2020
#
!XSPEC12> show data
#
#1 file 1 spectrum 
#Spectrum 1  Spectral Data File: /home/thaddaeus/FMU/Steiner/thaddaeus/1130360222/jspipe/js_ni1130360222_0mpu7_silver_GTI0.jsgrp
#Net count rate (cts/s) for Spectrum:1  1.744e+00 +/- 5.032e-02 (81.5 % total)
# Assigned to Data Group 1 and Plot Group 1
#  Noticed Channels:  69-216
#  Telescope: NICER Instrument: XTI  Channel Type: PI
#  Exposure Time: 859.7 sec
# Using fit statistic: pgstat
# Using Background File                /home/thaddaeus/FMU/Steiner/thaddaeus/1130360222/jspipe/js_ni1130360222_0mpu7_silver_GTI0.bg
#  Background Exposure Time: 859.7 sec
# Using Response (RMF) File            /home/thaddaeus/FMU/Steiner/thaddaeus/nicer_d49_55575341.rmf for Source 1
# Using Auxiliary Response (ARF) File  /home/thaddaeus/FMU/Steiner/thaddaeus/nicer_d49_55575341.arf
#
#
!XSPEC12> show param
#
#Parameters defined:
#========================================================================
#Model TBfeo<1>*simpl<2>*diskbb<3> Source No.: 1   Active/On
#Model Model Component  Parameter  Unit     Value
# par  comp
#   1    1   TBfeo      nH         10^22    4.00635      +/-  18.1240      
#   2    1   TBfeo      O                   1.73891      +/-  16.6052      
#   3    1   TBfeo      Fe                  1.02375      +/-  11.5012      
#   4    1   TBfeo      redshift            0.0          frozen
#   5    2   simpl      Gamma               1.39365      +/-  1.03078      
#   6    2   simpl      FracSctr            0.380301     +/-  0.636999     
#   7    2   simpl      UpScOnly            1.00000      frozen
#   8    3   diskbb     Tin        keV      0.591658     +/-  0.721866     
#   9    3   diskbb     norm                11.8701      +/-  69.0385      
#________________________________________________________________________
#
#
!XSPEC12> show fit
#
#Fit statistic  : PG-Statistic                 148.00     using 148 bins.
#
#Test statistic : Chi-Squared                  147.70     using 148 bins.
# Null hypothesis probability of 3.33e-01 with 141 degrees of freedom
#
!XSPEC12> log none
#