#XSPEC version: 12.11.0
#Build Date/Time: Thu Jul  2 16:22:45 2020
#
!XSPEC12> show data
#
#1 file 1 spectrum 
#Spectrum 1  Spectral Data File: /home/thaddaeus/FMU/Steiner/thaddaeus/1130360284/jspipe/js_ni1130360284_0mpu7_silver_GTI0.jsgrp
#Net count rate (cts/s) for Spectrum:1  1.938e+00 +/- 4.440e-02 (89.8 % total)
# Assigned to Data Group 1 and Plot Group 1
#  Noticed Channels:  72-219
#  Telescope: NICER Instrument: XTI  Channel Type: PI
#  Exposure Time: 1108 sec
# Using fit statistic: pgstat
# Using Background File                /home/thaddaeus/FMU/Steiner/thaddaeus/1130360284/jspipe/js_ni1130360284_0mpu7_silver_GTI0.bg
#  Background Exposure Time: 1108 sec
# Using Response (RMF) File            /home/thaddaeus/FMU/Steiner/thaddaeus/nicer_d49_55575341.rmf for Source 1
# Using Auxiliary Response (ARF) File  /home/thaddaeus/FMU/Steiner/thaddaeus/nicer_d49_55575341.arf
#
#
!XSPEC12> show param
#
#Parameters defined:
#========================================================================
#Model TBfeo<1>*simpl<2>*diskbb<3> Source No.: 1   Active/On
#Model Model Component  Parameter  Unit     Value
# par  comp
#   1    1   TBfeo      nH         10^22    3.81530      +/-  15.1248      
#   2    1   TBfeo      O                   0.177289     +/-  7.81668      
#   3    1   TBfeo      Fe                  0.963374     +/-  10.0891      
#   4    1   TBfeo      redshift            0.0          frozen
#   5    2   simpl      Gamma               1.46403      +/-  3.05354      
#   6    2   simpl      FracSctr            0.699035     +/-  1.65669      
#   7    2   simpl      UpScOnly            1.00000      frozen
#   8    3   diskbb     Tin        keV      1.11289      +/-  3.15447      
#   9    3   diskbb     norm                0.753356     +/-  6.18406      
#________________________________________________________________________
#
#
!XSPEC12> show fit
#
#Fit statistic  : PG-Statistic                 141.24     using 148 bins.
#
#Test statistic : Chi-Squared                  143.70     using 148 bins.
# Null hypothesis probability of 4.21e-01 with 141 degrees of freedom
#
!XSPEC12> log none
#