#XSPEC version: 12.11.0
#Build Date/Time: Thu Jul  2 16:22:45 2020
#
!XSPEC12> show data
#
#1 file 1 spectrum 
#Spectrum 1  Spectral Data File: /home/thaddaeus/FMU/Steiner/thaddaeus/1130360211/jspipe/js_ni1130360211_0mpu7_silver_GTI0.jsgrp
#Net count rate (cts/s) for Spectrum:1  1.108e+01 +/- 2.583e-01 (94.0 % total)
# Assigned to Data Group 1 and Plot Group 1
#  Noticed Channels:  66-200
#  Telescope: NICER Instrument: XTI  Channel Type: PI
#  Exposure Time: 176.9 sec
# Using fit statistic: pgstat
# Using Background File                /home/thaddaeus/FMU/Steiner/thaddaeus/1130360211/jspipe/js_ni1130360211_0mpu7_silver_GTI0.bg
#  Background Exposure Time: 176.9 sec
# Using Response (RMF) File            /home/thaddaeus/FMU/Steiner/thaddaeus/nicer_d49_55575341.rmf for Source 1
# Using Auxiliary Response (ARF) File  /home/thaddaeus/FMU/Steiner/thaddaeus/nicer_d49_55575341.arf
#
#
!XSPEC12> show param
#
#Parameters defined:
#========================================================================
#Model TBfeo<1>*simpl<2>*diskbb<3> Source No.: 1   Active/On
#Model Model Component  Parameter  Unit     Value
# par  comp
#   1    1   TBfeo      nH         10^22    3.44434      +/-  14.0198      
#   2    1   TBfeo      O                   0.177289     +/-  8.98345      
#   3    1   TBfeo      Fe                  0.245959     +/-  13.2169      
#   4    1   TBfeo      redshift            0.0          frozen
#   5    2   simpl      Gamma               1.85768      +/-  8.48062      
#   6    2   simpl      FracSctr            0.628107     +/-  5.15999      
#   7    2   simpl      UpScOnly            1.00000      frozen
#   8    3   diskbb     Tin        keV      1.34259      +/-  4.95133      
#   9    3   diskbb     norm                2.00191      +/-  22.1199      
#________________________________________________________________________
#
#
!XSPEC12> show fit
#
#Fit statistic  : PG-Statistic                 126.25     using 135 bins.
#
#Test statistic : Chi-Squared                  135.48     using 135 bins.
# Null hypothesis probability of 3.08e-01 with 128 degrees of freedom
#
!XSPEC12> log none
#