#XSPEC version: 12.11.0
#Build Date/Time: Thu Jul  2 16:22:45 2020
#
!XSPEC12> show data
#
#1 file 1 spectrum 
#Spectrum 1  Spectral Data File: /home/thaddaeus/FMU/Steiner/thaddaeus/1130360212/jspipe/js_ni1130360212_0mpu7_silver_GTI0.jsgrp
#Net count rate (cts/s) for Spectrum:1  7.907e+00 +/- 2.512e-01 (76.4 % total)
# Assigned to Data Group 1 and Plot Group 1
#  Noticed Channels:  57-193
#  Telescope: NICER Instrument: XTI  Channel Type: PI
#  Exposure Time: 164.9 sec
# Using fit statistic: pgstat
# Using Background File                /home/thaddaeus/FMU/Steiner/thaddaeus/1130360212/jspipe/js_ni1130360212_0mpu7_silver_GTI0.bg
#  Background Exposure Time: 164.9 sec
# Using Response (RMF) File            /home/thaddaeus/FMU/Steiner/thaddaeus/nicer_d49_55575341.rmf for Source 1
# Using Auxiliary Response (ARF) File  /home/thaddaeus/FMU/Steiner/thaddaeus/nicer_d49_55575341.arf
#
#
!XSPEC12> show param
#
#Parameters defined:
#========================================================================
#Model TBfeo<1>*simpl<2>*diskbb<3> Source No.: 1   Active/On
#Model Model Component  Parameter  Unit     Value
# par  comp
#   1    1   TBfeo      nH         10^22    3.71684      +/-  18.5631      
#   2    1   TBfeo      O                   0.177289     +/-  14.1149      
#   3    1   TBfeo      Fe                  1.00666      +/-  23.4152      
#   4    1   TBfeo      redshift            0.0          frozen
#   5    2   simpl      Gamma               2.35474      +/-  5.34223      
#   6    2   simpl      FracSctr            0.990064     +/-  270.174      
#   7    2   simpl      UpScOnly            1.00000      frozen
#   8    3   diskbb     Tin        keV      0.869109     +/-  173.671      
#   9    3   diskbb     norm                6.47502      +/-  3893.45      
#________________________________________________________________________
#
#
!XSPEC12> show fit
#
#Fit statistic  : PG-Statistic                 139.81     using 137 bins.
#
#Test statistic : Chi-Squared                  170.70     using 137 bins.
# Null hypothesis probability of 9.62e-03 with 130 degrees of freedom
#
!XSPEC12> log none
#