#XSPEC version: 12.11.0
#Build Date/Time: Thu Jul  2 16:22:45 2020
#
!XSPEC12> show data
#
#1 file 1 spectrum 
#Spectrum 1  Spectral Data File: /home/thaddaeus/FMU/Steiner/thaddaeus/1130360229/jspipe/js_ni1130360229_0mpu7_silver_GTI0.jsgrp
#Net count rate (cts/s) for Spectrum:1  2.716e+01 +/- 4.412e-01 (81.6 % total)
# Assigned to Data Group 1 and Plot Group 1
#  Noticed Channels:  78-246
#  Telescope: NICER Instrument: XTI  Channel Type: PI
#  Exposure Time: 171.9 sec
# Using fit statistic: pgstat
# Using Background File                /home/thaddaeus/FMU/Steiner/thaddaeus/1130360229/jspipe/js_ni1130360229_0mpu7_silver_GTI0.bg
#  Background Exposure Time: 171.9 sec
# Using Response (RMF) File            /home/thaddaeus/FMU/Steiner/thaddaeus/nicer_d49_55575341.rmf for Source 1
# Using Auxiliary Response (ARF) File  /home/thaddaeus/FMU/Steiner/thaddaeus/nicer_d49_55575341.arf
#
#
!XSPEC12> show param
#
#Parameters defined:
#========================================================================
#Model TBfeo<1>*simpl<2>*diskbb<3> Source No.: 1   Active/On
#Model Model Component  Parameter  Unit     Value
# par  comp
#   1    1   TBfeo      nH         10^22    3.44434      +/-  9.73763      
#   2    1   TBfeo      O                   0.177289     +/-  8.49370      
#   3    1   TBfeo      Fe                  9.94844E-03  +/-  17.0065      
#   4    1   TBfeo      redshift            0.0          frozen
#   5    2   simpl      Gamma               1.39366      +/-  26.8312      
#   6    2   simpl      FracSctr            9.20172E-02  +/-  0.278743     
#   7    2   simpl      UpScOnly            1.00000      frozen
#   8    3   diskbb     Tin        keV      1.31230      +/-  1.22818      
#   9    3   diskbb     norm                7.80976      +/-  14.0882      
#________________________________________________________________________
#
#
!XSPEC12> show fit
#
#Fit statistic  : PG-Statistic                 172.69     using 169 bins.
#
#Test statistic : Chi-Squared                  180.00     using 169 bins.
# Null hypothesis probability of 1.58e-01 with 162 degrees of freedom
#
!XSPEC12> log none
#