#XSPEC version: 12.11.0
#Build Date/Time: Thu Jul  2 16:22:45 2020
#
!XSPEC12> show data
#
#1 file 1 spectrum 
#Spectrum 1  Spectral Data File: /home/thaddaeus/FMU/Steiner/thaddaeus/1130360217/jspipe/js_ni1130360217_0mpu7_silver_GTI0.jsgrp
#Net count rate (cts/s) for Spectrum:1  1.438e+00 +/- 4.807e-02 (87.2 % total)
# Assigned to Data Group 1 and Plot Group 1
#  Noticed Channels:  63-179
#  Telescope: NICER Instrument: XTI  Channel Type: PI
#  Exposure Time: 720.8 sec
# Using fit statistic: pgstat
# Using Background File                /home/thaddaeus/FMU/Steiner/thaddaeus/1130360217/jspipe/js_ni1130360217_0mpu7_silver_GTI0.bg
#  Background Exposure Time: 720.8 sec
# Using Response (RMF) File            /home/thaddaeus/FMU/Steiner/thaddaeus/nicer_d49_55575341.rmf for Source 1
# Using Auxiliary Response (ARF) File  /home/thaddaeus/FMU/Steiner/thaddaeus/nicer_d49_55575341.arf
#
#
!XSPEC12> show param
#
#Parameters defined:
#========================================================================
#Model TBfeo<1>*simpl<2>*diskbb<3> Source No.: 1   Active/On
#Model Model Component  Parameter  Unit     Value
# par  comp
#   1    1   TBfeo      nH         10^22    4.00509      +/-  20.0372      
#   2    1   TBfeo      O                   5.07017      +/-  35.0500      
#   3    1   TBfeo      Fe                  1.31525      +/-  14.2641      
#   4    1   TBfeo      redshift            0.0          frozen
#   5    2   simpl      Gamma               1.75240      +/-  0.817152     
#   6    2   simpl      FracSctr            6.34494E-02  +/-  0.104679     
#   7    2   simpl      UpScOnly            1.00000      frozen
#   8    3   diskbb     Tin        keV      0.402479     +/-  0.201489     
#   9    3   diskbb     norm                280.755      +/-  1178.97      
#________________________________________________________________________
#
#
!XSPEC12> show fit
#
#Fit statistic  : PG-Statistic                  91.71     using 117 bins.
#
#Test statistic : Chi-Squared                  102.70     using 117 bins.
# Null hypothesis probability of 6.77e-01 with 110 degrees of freedom
#
!XSPEC12> log none
#