#XSPEC version: 12.11.0
#Build Date/Time: Thu Jul  2 16:22:45 2020
#
!XSPEC12> show data
#
#1 file 1 spectrum 
#Spectrum 1  Spectral Data File: /home/thaddaeus/FMU/Steiner/thaddaeus/1130360226/jspipe/js_ni1130360226_0mpu7_silver_GTI0.jsgrp
#Net count rate (cts/s) for Spectrum:1  8.840e+00 +/- 1.493e-01 (97.6 % total)
# Assigned to Data Group 1 and Plot Group 1
#  Noticed Channels:  60-214
#  Telescope: NICER Instrument: XTI  Channel Type: PI
#  Exposure Time: 406.8 sec
# Using fit statistic: pgstat
# Using Background File                /home/thaddaeus/FMU/Steiner/thaddaeus/1130360226/jspipe/js_ni1130360226_0mpu7_silver_GTI0.bg
#  Background Exposure Time: 406.8 sec
# Using Response (RMF) File            /home/thaddaeus/FMU/Steiner/thaddaeus/nicer_d49_55575341.rmf for Source 1
# Using Auxiliary Response (ARF) File  /home/thaddaeus/FMU/Steiner/thaddaeus/nicer_d49_55575341.arf
#
#
!XSPEC12> show param
#
#Parameters defined:
#========================================================================
#Model TBfeo<1>*simpl<2>*diskbb<3> Source No.: 1   Active/On
#Model Model Component  Parameter  Unit     Value
# par  comp
#   1    1   TBfeo      nH         10^22    4.00635      +/-  11.2450      
#   2    1   TBfeo      O                   0.297023     +/-  5.68635      
#   3    1   TBfeo      Fe                  1.01484      +/-  6.62248      
#   4    1   TBfeo      redshift            0.0          frozen
#   5    2   simpl      Gamma               1.39365      +/-  2.29868      
#   6    2   simpl      FracSctr            0.625074     +/-  0.682117     
#   7    2   simpl      UpScOnly            1.00000      frozen
#   8    3   diskbb     Tin        keV      1.19377      +/-  1.79153      
#   9    3   diskbb     norm                2.96290      +/-  11.8760      
#________________________________________________________________________
#
#
!XSPEC12> show fit
#
#Fit statistic  : PG-Statistic                 146.52     using 155 bins.
#
#Test statistic : Chi-Squared                  161.05     using 155 bins.
# Null hypothesis probability of 2.19e-01 with 148 degrees of freedom
#
!XSPEC12> log none
#