#XSPEC version: 12.11.0
#Build Date/Time: Thu Jul  2 16:22:45 2020
#
!XSPEC12> show data
#
#1 file 1 spectrum 
#Spectrum 1  Spectral Data File: /home/thaddaeus/FMU/Steiner/thaddaeus/1130360260/jspipe/js_ni1130360260_0mpu7_silver_GTI0.jsgrp
#Net count rate (cts/s) for Spectrum:1  -2.164e-02 +/- 1.387e-01 (-0.3 % total)
# Assigned to Data Group 1 and Plot Group 1
#  Noticed Channels:  72-254
#  Telescope: NICER Instrument: XTI  Channel Type: PI
#  Exposure Time: 464.8 sec
# Using fit statistic: pgstat
# Using Background File                /home/thaddaeus/FMU/Steiner/thaddaeus/1130360260/jspipe/js_ni1130360260_0mpu7_silver_GTI0.bg
#  Background Exposure Time: 464.8 sec
# Using Response (RMF) File            /home/thaddaeus/FMU/Steiner/thaddaeus/nicer_d49_55575341.rmf for Source 1
# Using Auxiliary Response (ARF) File  /home/thaddaeus/FMU/Steiner/thaddaeus/nicer_d49_55575341.arf
#
#
!XSPEC12> show param
#
#Parameters defined:
#========================================================================
#Model TBfeo<1>*simpl<2>*diskbb<3> Source No.: 1   Active/On
#Model Model Component  Parameter  Unit     Value
# par  comp
#   1    1   TBfeo      nH         10^22    3.44451      +/-  739.494      
#   2    1   TBfeo      O                   0.177289     +/-  2038.42      
#   3    1   TBfeo      Fe                  2.61818E-02  +/-  3674.76      
#   4    1   TBfeo      redshift            0.0          frozen
#   5    2   simpl      Gamma               2.80299      +/-  75.1478      
#   6    2   simpl      FracSctr            0.162966     +/-  81.9514      
#   7    2   simpl      UpScOnly            1.00000      frozen
#   8    3   diskbb     Tin        keV      0.259600     +/-  14.4800      
#   9    3   diskbb     norm                63.2978      +/-  5.14493E+04  
#________________________________________________________________________
#
#
!XSPEC12> show fit
#
#Fit statistic  : PG-Statistic                 193.82     using 183 bins.
#
#Test statistic : Chi-Squared                  200.51     using 183 bins.
# Null hypothesis probability of 9.93e-02 with 176 degrees of freedom
#
!XSPEC12> log none
#