#XSPEC version: 12.11.0
#Build Date/Time: Thu Jul  2 16:22:45 2020
#
!XSPEC12> show data
#
#1 file 1 spectrum 
#Spectrum 1  Spectral Data File: /home/thaddaeus/FMU/Steiner/thaddaeus/1130360185/jspipe/js_ni1130360185_0mpu7_silver_GTI0.jsgrp
#Net count rate (cts/s) for Spectrum:1  6.817e+01 +/- 4.791e-01 (99.7 % total)
# Assigned to Data Group 1 and Plot Group 1
#  Noticed Channels:  72-213
#  Telescope: NICER Instrument: XTI  Channel Type: PI
#  Exposure Time: 297.9 sec
# Using fit statistic: pgstat
# Using Background File                /home/thaddaeus/FMU/Steiner/thaddaeus/1130360185/jspipe/js_ni1130360185_0mpu7_silver_GTI0.bg
#  Background Exposure Time: 297.9 sec
# Using Response (RMF) File            /home/thaddaeus/FMU/Steiner/thaddaeus/nicer_d49_55575341.rmf for Source 1
# Using Auxiliary Response (ARF) File  /home/thaddaeus/FMU/Steiner/thaddaeus/nicer_d49_55575341.arf
#
#
!XSPEC12> show param
#
#Parameters defined:
#========================================================================
#Model TBfeo<1>*simpl<2>*diskbb<3> Source No.: 1   Active/On
#Model Model Component  Parameter  Unit     Value
# par  comp
#   1    1   TBfeo      nH         10^22    4.00615      +/-  3.48547      
#   2    1   TBfeo      O                   0.225350     +/-  3.57841      
#   3    1   TBfeo      Fe                  1.00184      +/-  6.69780      
#   4    1   TBfeo      redshift            0.0          frozen
#   5    2   simpl      Gamma               2.46263      +/-  0.460562     
#   6    2   simpl      FracSctr            4.75077E-02  +/-  2.16064E-02  
#   7    2   simpl      UpScOnly            1.00000      frozen
#   8    3   diskbb     Tin        keV      0.456002     +/-  3.29209E-02  
#   9    3   diskbb     norm                3889.40      +/-  2019.01      
#________________________________________________________________________
#
#
!XSPEC12> show fit
#
#Fit statistic  : PG-Statistic                 161.78     using 142 bins.
#
#Test statistic : Chi-Squared                  168.89     using 142 bins.
# Null hypothesis probability of 2.55e-02 with 135 degrees of freedom
#
!XSPEC12> log none
#