#XSPEC version: 12.11.0
#Build Date/Time: Thu Jul  2 16:22:45 2020
#
!XSPEC12> show data
#
#1 file 1 spectrum 
#Spectrum 1  Spectral Data File: /home/thaddaeus/FMU/Steiner/thaddaeus/1130360205/jspipe/js_ni1130360205_0mpu7_silver_GTI0.jsgrp
#Net count rate (cts/s) for Spectrum:1  6.920e+01 +/- 4.320e-01 (99.3 % total)
# Assigned to Data Group 1 and Plot Group 1
#  Noticed Channels:  72-234
#  Telescope: NICER Instrument: XTI  Channel Type: PI
#  Exposure Time: 373.4 sec
# Using fit statistic: pgstat
# Using Background File                /home/thaddaeus/FMU/Steiner/thaddaeus/1130360205/jspipe/js_ni1130360205_0mpu7_silver_GTI0.bg
#  Background Exposure Time: 373.4 sec
# Using Response (RMF) File            /home/thaddaeus/FMU/Steiner/thaddaeus/nicer_d49_55575341.rmf for Source 1
# Using Auxiliary Response (ARF) File  /home/thaddaeus/FMU/Steiner/thaddaeus/nicer_d49_55575341.arf
#
#
!XSPEC12> show param
#
#Parameters defined:
#========================================================================
#Model TBfeo<1>*simpl<2>*diskbb<3> Source No.: 1   Active/On
#Model Model Component  Parameter  Unit     Value
# par  comp
#   1    1   TBfeo      nH         10^22    3.51963      +/-  3.17505      
#   2    1   TBfeo      O                   0.177289     +/-  3.17478      
#   3    1   TBfeo      Fe                  1.00982      +/-  5.57021      
#   4    1   TBfeo      redshift            0.0          frozen
#   5    2   simpl      Gamma               1.97841      +/-  0.344896     
#   6    2   simpl      FracSctr            5.96632E-02  +/-  1.80034E-02  
#   7    2   simpl      UpScOnly            1.00000      frozen
#   8    3   diskbb     Tin        keV      0.491191     +/-  3.59658E-02  
#   9    3   diskbb     norm                2095.76      +/-  1022.61      
#________________________________________________________________________
#
#
!XSPEC12> show fit
#
#Fit statistic  : PG-Statistic                 187.69     using 163 bins.
#
#Test statistic : Chi-Squared                  197.30     using 163 bins.
# Null hypothesis probability of 1.41e-02 with 156 degrees of freedom
#
!XSPEC12> log none
#