#XSPEC version: 12.11.0
#Build Date/Time: Thu Jul  2 16:22:45 2020
#
!XSPEC12> show data
#
#1 file 1 spectrum 
#Spectrum 1  Spectral Data File: /home/thaddaeus/FMU/Steiner/thaddaeus/1130360199/jspipe/js_ni1130360199_0mpu7_silver_GTI0.jsgrp
#Net count rate (cts/s) for Spectrum:1  9.538e+00 +/- 2.182e-01 (96.0 % total)
# Assigned to Data Group 1 and Plot Group 1
#  Noticed Channels:  60-197
#  Telescope: NICER Instrument: XTI  Channel Type: PI
#  Exposure Time: 208.9 sec
# Using fit statistic: pgstat
# Using Background File                /home/thaddaeus/FMU/Steiner/thaddaeus/1130360199/jspipe/js_ni1130360199_0mpu7_silver_GTI0.bg
#  Background Exposure Time: 208.9 sec
# Using Response (RMF) File            /home/thaddaeus/FMU/Steiner/thaddaeus/nicer_d49_55575341.rmf for Source 1
# Using Auxiliary Response (ARF) File  /home/thaddaeus/FMU/Steiner/thaddaeus/nicer_d49_55575341.arf
#
#
!XSPEC12> show param
#
#Parameters defined:
#========================================================================
#Model TBfeo<1>*simpl<2>*diskbb<3> Source No.: 1   Active/On
#Model Model Component  Parameter  Unit     Value
# par  comp
#   1    1   TBfeo      nH         10^22    3.48301      +/-  15.8630      
#   2    1   TBfeo      O                   0.200000     +/-  17.9463      
#   3    1   TBfeo      Fe                  1.15178      +/-  11.6025      
#   4    1   TBfeo      redshift            0.0          frozen
#   5    2   simpl      Gamma               1.39366      +/-  4.66254      
#   6    2   simpl      FracSctr            0.708195     +/-  1.96837      
#   7    2   simpl      UpScOnly            1.00000      frozen
#   8    3   diskbb     Tin        keV      1.37143      +/-  4.76420      
#   9    3   diskbb     norm                1.87402      +/-  16.2187      
#________________________________________________________________________
#
#
!XSPEC12> show fit
#
#Fit statistic  : PG-Statistic                 148.43     using 138 bins.
#
#Test statistic : Chi-Squared                  165.76     using 138 bins.
# Null hypothesis probability of 2.16e-02 with 131 degrees of freedom
#
!XSPEC12> log none
#