#XSPEC version: 12.11.0
#Build Date/Time: Thu Jul  2 16:22:45 2020
#
!XSPEC12> show data
#
#1 file 1 spectrum 
#Spectrum 1  Spectral Data File: /home/thaddaeus/FMU/Steiner/thaddaeus/1130360283/jspipe/js_ni1130360283_0mpu7_silver_GTI0.jsgrp
#Net count rate (cts/s) for Spectrum:1  1.707e+00 +/- 5.965e-02 (64.7 % total)
# Assigned to Data Group 1 and Plot Group 1
#  Noticed Channels:  68-217
#  Telescope: NICER Instrument: XTI  Channel Type: PI
#  Exposure Time: 764.4 sec
# Using fit statistic: pgstat
# Using Background File                /home/thaddaeus/FMU/Steiner/thaddaeus/1130360283/jspipe/js_ni1130360283_0mpu7_silver_GTI0.bg
#  Background Exposure Time: 764.4 sec
# Using Response (RMF) File            /home/thaddaeus/FMU/Steiner/thaddaeus/nicer_d49_55575341.rmf for Source 1
# Using Auxiliary Response (ARF) File  /home/thaddaeus/FMU/Steiner/thaddaeus/nicer_d49_55575341.arf
#
#
!XSPEC12> show param
#
#Parameters defined:
#========================================================================
#Model TBfeo<1>*simpl<2>*diskbb<3> Source No.: 1   Active/On
#Model Model Component  Parameter  Unit     Value
# par  comp
#   1    1   TBfeo      nH         10^22    4.00634      +/-  19.9695      
#   2    1   TBfeo      O                   0.201813     +/-  15.3655      
#   3    1   TBfeo      Fe                  2.24179      +/-  28.6475      
#   4    1   TBfeo      redshift            0.0          frozen
#   5    2   simpl      Gamma               2.65256      +/-  6.05258      
#   6    2   simpl      FracSctr            0.990064     +/-  338.568      
#   7    2   simpl      UpScOnly            1.00000      frozen
#   8    3   diskbb     Tin        keV      0.836475     +/-  172.043      
#   9    3   diskbb     norm                1.90873      +/-  1181.96      
#________________________________________________________________________
#
#
!XSPEC12> show fit
#
#Fit statistic  : PG-Statistic                 165.61     using 150 bins.
#
#Test statistic : Chi-Squared                  189.95     using 150 bins.
# Null hypothesis probability of 5.26e-03 with 143 degrees of freedom
#
!XSPEC12> log none
#