#XSPEC version: 12.11.0
#Build Date/Time: Thu Jul  2 16:22:45 2020
#
!XSPEC12> show data
#
#1 file 1 spectrum 
#Spectrum 1  Spectral Data File: /home/thaddaeus/FMU/Steiner/thaddaeus/1130360246/jspipe/js_ni1130360246_0mpu7_silver_GTI0.jsgrp
#Net count rate (cts/s) for Spectrum:1  1.669e+00 +/- 6.448e-02 (83.5 % total)
# Assigned to Data Group 1 and Plot Group 1
#  Noticed Channels:  68-179
#  Telescope: NICER Instrument: XTI  Channel Type: PI
#  Exposure Time: 484.8 sec
# Using fit statistic: pgstat
# Using Background File                /home/thaddaeus/FMU/Steiner/thaddaeus/1130360246/jspipe/js_ni1130360246_0mpu7_silver_GTI0.bg
#  Background Exposure Time: 484.8 sec
# Using Response (RMF) File            /home/thaddaeus/FMU/Steiner/thaddaeus/nicer_d49_55575341.rmf for Source 1
# Using Auxiliary Response (ARF) File  /home/thaddaeus/FMU/Steiner/thaddaeus/nicer_d49_55575341.arf
#
#
!XSPEC12> show param
#
#Parameters defined:
#========================================================================
#Model TBfeo<1>*simpl<2>*diskbb<3> Source No.: 1   Active/On
#Model Model Component  Parameter  Unit     Value
# par  comp
#   1    1   TBfeo      nH         10^22    4.00573      +/-  24.2946      
#   2    1   TBfeo      O                   3.10925      +/-  29.9925      
#   3    1   TBfeo      Fe                  9.94865E-03  +/-  20.4679      
#   4    1   TBfeo      redshift            0.0          frozen
#   5    2   simpl      Gamma               2.08514      +/-  2.96369      
#   6    2   simpl      FracSctr            0.550618     +/-  2.04195      
#   7    2   simpl      UpScOnly            1.00000      frozen
#   8    3   diskbb     Tin        keV      0.702827     +/-  2.05757      
#   9    3   diskbb     norm                5.45507      +/-  62.0499      
#________________________________________________________________________
#
#
!XSPEC12> show fit
#
#Fit statistic  : PG-Statistic                  97.76     using 112 bins.
#
#Test statistic : Chi-Squared                  101.70     using 112 bins.
# Null hypothesis probability of 5.73e-01 with 105 degrees of freedom
#
!XSPEC12> log none
#