#XSPEC version: 12.11.0
#Build Date/Time: Thu Jul  2 16:22:45 2020
#
!XSPEC12> show data
#
#1 file 1 spectrum 
#Spectrum 1  Spectral Data File: /home/thaddaeus/FMU/Steiner/thaddaeus/2130360204/jspipe/js_ni2130360204_0mpu7_silver_GTI0.jsgrp
#Net count rate (cts/s) for Spectrum:1  1.116e+00 +/- 5.729e-02 (61.7 % total)
# Assigned to Data Group 1 and Plot Group 1
#  Noticed Channels:  65-186
#  Telescope: NICER Instrument: XTI  Channel Type: PI
#  Exposure Time: 563.8 sec
# Using fit statistic: pgstat
# Using Background File                /home/thaddaeus/FMU/Steiner/thaddaeus/2130360204/jspipe/js_ni2130360204_0mpu7_silver_GTI0.bg
#  Background Exposure Time: 563.8 sec
# Using Response (RMF) File            /home/thaddaeus/FMU/Steiner/thaddaeus/nicer_d49_55575341.rmf for Source 1
# Using Auxiliary Response (ARF) File  /home/thaddaeus/FMU/Steiner/thaddaeus/nicer_d49_55575341.arf
#
#
!XSPEC12> show param
#
#Parameters defined:
#========================================================================
#Model TBfeo<1>*simpl<2>*diskbb<3> Source No.: 1   Active/On
#Model Model Component  Parameter  Unit     Value
# par  comp
#   1    1   TBfeo      nH         10^22    4.00635      +/-  28.7322      
#   2    1   TBfeo      O                   1.81855      +/-  30.9151      
#   3    1   TBfeo      Fe                  1.18800      +/-  40.8449      
#   4    1   TBfeo      redshift            0.0          frozen
#   5    2   simpl      Gamma               2.49419      +/-  7.04211      
#   6    2   simpl      FracSctr            0.602741     +/-  6.56492      
#   7    2   simpl      UpScOnly            1.00000      frozen
#   8    3   diskbb     Tin        keV      0.736444     +/-  3.89262      
#   9    3   diskbb     norm                2.95402      +/-  56.0932      
#________________________________________________________________________
#
#
!XSPEC12> show fit
#
#Fit statistic  : PG-Statistic                 136.77     using 122 bins.
#
#Test statistic : Chi-Squared                  153.63     using 122 bins.
# Null hypothesis probability of 9.38e-03 with 115 degrees of freedom
#
!XSPEC12> log none
#