#XSPEC version: 12.11.0
#Build Date/Time: Thu Jul  2 16:22:45 2020
#
!XSPEC12> show data
#
#1 file 1 spectrum 
#Spectrum 1  Spectral Data File: /home/thaddaeus/FMU/Steiner/thaddaeus/2130360211/jspipe/js_ni2130360211_0mpu7_silver_GTI0.jsgrp
#Net count rate (cts/s) for Spectrum:1  8.727e-02 +/- 2.230e-02 (29.5 % total)
# Assigned to Data Group 1 and Plot Group 1
#  Noticed Channels:  51-86
#  Telescope: NICER Instrument: XTI  Channel Type: PI
#  Exposure Time: 621.8 sec
# Using fit statistic: pgstat
# Using Background File                /home/thaddaeus/FMU/Steiner/thaddaeus/2130360211/jspipe/js_ni2130360211_0mpu7_silver_GTI0.bg
#  Background Exposure Time: 621.8 sec
# Using Response (RMF) File            /home/thaddaeus/FMU/Steiner/thaddaeus/nicer_d49_55575341.rmf for Source 1
# Using Auxiliary Response (ARF) File  /home/thaddaeus/FMU/Steiner/thaddaeus/nicer_d49_55575341.arf
#
#
!XSPEC12> show param
#
#Parameters defined:
#========================================================================
#Model TBfeo<1>*simpl<2>*diskbb<3> Source No.: 1   Active/On
#Model Model Component  Parameter  Unit     Value
# par  comp
#   1    1   TBfeo      nH         10^22    3.44434      +/-  192.576      
#   2    1   TBfeo      O                   0.177289     +/-  164.081      
#   3    1   TBfeo      Fe                  9.97686E-03  +/-  163.315      
#   4    1   TBfeo      redshift            0.0          frozen
#   5    2   simpl      Gamma               1.39366      +/-  15.2130      
#   6    2   simpl      FracSctr            0.990063     +/-  657.656      
#   7    2   simpl      UpScOnly            1.00000      frozen
#   8    3   diskbb     Tin        keV      0.667076     +/-  1178.01      
#   9    3   diskbb     norm                0.138901     +/-  751.619      
#________________________________________________________________________
#
#
!XSPEC12> show fit
#
#Fit statistic  : PG-Statistic                  30.74     using 36 bins.
#
#Test statistic : Chi-Squared                   28.52     using 36 bins.
# Null hypothesis probability of 4.90e-01 with 29 degrees of freedom
#
!XSPEC12> log none
#