#XSPEC version: 12.11.0
#Build Date/Time: Thu Jul  2 16:22:45 2020
#
!XSPEC12> chatter 10
#
!XSPEC12> show data
#
#1 file 1 spectrum 
#Spectrum 1  Spectral Data File: /home/thaddaeus/FMU/Steiner/thaddaeus/1130360226/jspipe/js_ni1130360226_0mpu7_silver_GTI0.jsgrp
#Net count rate (cts/s) for Spectrum:1  1.207e+01 +/- 1.747e-01 (97.4 % total)
# Assigned to Data Group 1 and Plot Group 1
#  Noticed Channels:  26-215
#  Telescope: NICER Instrument: XTI  Channel Type: PI
#  Exposure Time: 406.8 sec
# Using fit statistic: pgstat
# Using Background File                /home/thaddaeus/FMU/Steiner/thaddaeus/1130360226/jspipe/js_ni1130360226_0mpu7_silver_GTI0.bg
#  Background Exposure Time: 406.8 sec
# Using Response (RMF) File            /home/thaddaeus/FMU/Steiner/thaddaeus/nicer_d49_55575341.rmf for Source 1
# Using Auxiliary Response (ARF) File  /home/thaddaeus/FMU/Steiner/thaddaeus/nicer_d49_55575341.arf
#
#
!XSPEC12> show fit
#
#Fit statistic  : PG-Statistic                 183.75     using 190 bins.
#
#Test statistic : Chi-Squared                  192.73     using 190 bins.
# Null hypothesis probability of 3.33e-01 with 185 degrees of freedom
#
!XSPEC12> show param
#
#Parameters defined:
#========================================================================
#Model TBabs<1>*simpl<2>*diskbb<3> Source No.: 1   Active/On
#Model Model Component  Parameter  Unit     Value
# par  comp
#   1    1   TBabs      nH         10^22    2.99365      +/-  0.187335     
#   2    2   simpl      Gamma               1.39366      +/-  0.936775     
#   3    2   simpl      FracSctr            0.647188     +/-  0.267566     
#   4    2   simpl      UpScOnly            1.00000      frozen
#   5    3   diskbb     Tin        keV      1.04469      +/-  0.610921     
#   6    3   diskbb     norm                4.98503      +/-  6.72124      
#________________________________________________________________________
#
#
!XSPEC12> log none
#