#XSPEC version: 12.11.0
#Build Date/Time: Thu Jul  2 16:22:45 2020
#
!XSPEC12> chatter 10
#
!XSPEC12> show data
#
#1 file 1 spectrum 
#Spectrum 1  Spectral Data File: /home/thaddaeus/FMU/Steiner/thaddaeus/1130360208/jspipe/js_ni1130360208_0mpu7_silver_GTI0.jsgrp
#Net count rate (cts/s) for Spectrum:1  4.023e+01 +/- 2.584e-01 (98.8 % total)
# Assigned to Data Group 1 and Plot Group 1
#  Noticed Channels:  38-245
#  Telescope: NICER Instrument: XTI  Channel Type: PI
#  Exposure Time: 610.7 sec
# Using fit statistic: pgstat
# Using Background File                /home/thaddaeus/FMU/Steiner/thaddaeus/1130360208/jspipe/js_ni1130360208_0mpu7_silver_GTI0.bg
#  Background Exposure Time: 610.7 sec
# Using Response (RMF) File            /home/thaddaeus/FMU/Steiner/thaddaeus/nicer_d49_55575341.rmf for Source 1
# Using Auxiliary Response (ARF) File  /home/thaddaeus/FMU/Steiner/thaddaeus/nicer_d49_55575341.arf
#
#
!XSPEC12> show fit
#
#Fit statistic  : PG-Statistic                 249.35     using 208 bins.
#
#Test statistic : Chi-Squared                  264.35     using 208 bins.
# Null hypothesis probability of 2.44e-03 with 203 degrees of freedom
#
!XSPEC12> show param
#
#Parameters defined:
#========================================================================
#Model TBabs<1>*simpl<2>*diskbb<3> Source No.: 1   Active/On
#Model Model Component  Parameter  Unit     Value
# par  comp
#   1    1   TBabs      nH         10^22    2.99365      +/-  0.133895     
#   2    2   simpl      Gamma               1.78250      +/-  6.19885E-02  
#   3    2   simpl      FracSctr            0.231808     +/-  3.82428E-02  
#   4    2   simpl      UpScOnly            1.00000      frozen
#   5    3   diskbb     Tin        keV      0.326727     +/-  2.52888E-02  
#   6    3   diskbb     norm                2611.63      +/-  1301.58      
#________________________________________________________________________
#
#
!XSPEC12> log none
#