#XSPEC version: 12.11.0
#Build Date/Time: Thu Jul  2 16:22:45 2020
#
!XSPEC12> chatter 10
#
!XSPEC12> show data
#
#1 file 1 spectrum 
#Spectrum 1  Spectral Data File: /home/thaddaeus/FMU/Steiner/thaddaeus/1130360210/jspipe/js_ni1130360210_0mpu7_silver_GTI0.jsgrp
#Net count rate (cts/s) for Spectrum:1  2.146e+01 +/- 4.182e-01 (95.2 % total)
# Assigned to Data Group 1 and Plot Group 1
#  Noticed Channels:  29-193
#  Telescope: NICER Instrument: XTI  Channel Type: PI
#  Exposure Time: 128.9 sec
# Using fit statistic: pgstat
# Using Background File                /home/thaddaeus/FMU/Steiner/thaddaeus/1130360210/jspipe/js_ni1130360210_0mpu7_silver_GTI0.bg
#  Background Exposure Time: 128.9 sec
# Using Response (RMF) File            /home/thaddaeus/FMU/Steiner/thaddaeus/nicer_d49_55575341.rmf for Source 1
# Using Auxiliary Response (ARF) File  /home/thaddaeus/FMU/Steiner/thaddaeus/nicer_d49_55575341.arf
#
#
!XSPEC12> show fit
#
#Fit statistic  : PG-Statistic                 173.03     using 165 bins.
#
#Test statistic : Chi-Squared                  176.64     using 165 bins.
# Null hypothesis probability of 1.74e-01 with 160 degrees of freedom
#
!XSPEC12> show param
#
#Parameters defined:
#========================================================================
#Model TBabs<1>*simpl<2>*diskbb<3> Source No.: 1   Active/On
#Model Model Component  Parameter  Unit     Value
# par  comp
#   1    1   TBabs      nH         10^22    2.99365      +/-  0.572913     
#   2    2   simpl      Gamma               1.67113      +/-  0.171055     
#   3    2   simpl      FracSctr            0.320359     +/-  0.281066     
#   4    2   simpl      UpScOnly            1.00000      frozen
#   5    3   diskbb     Tin        keV      0.300562     +/-  0.103425     
#   6    3   diskbb     norm                1526.59      +/-  3470.07      
#________________________________________________________________________
#
#
!XSPEC12> log none
#