#XSPEC version: 12.11.0
#Build Date/Time: Thu Jul  2 16:22:45 2020
#
!XSPEC12> chatter 10
#
!XSPEC12> show data
#
#1 file 1 spectrum 
#Spectrum 1  Spectral Data File: /home/thaddaeus/FMU/Steiner/thaddaeus/1130360186/jspipe/js_ni1130360186_0mpu7_silver_GTI0.jsgrp
#Net count rate (cts/s) for Spectrum:1  5.822e+01 +/- 3.611e-01 (98.3 % total)
# Assigned to Data Group 1 and Plot Group 1
#  Noticed Channels:  38-247
#  Telescope: NICER Instrument: XTI  Channel Type: PI
#  Exposure Time: 454.8 sec
# Using fit statistic: pgstat
# Using Background File                /home/thaddaeus/FMU/Steiner/thaddaeus/1130360186/jspipe/js_ni1130360186_0mpu7_silver_GTI0.bg
#  Background Exposure Time: 454.8 sec
# Using Response (RMF) File            /home/thaddaeus/FMU/Steiner/thaddaeus/nicer_d49_55575341.rmf for Source 1
# Using Auxiliary Response (ARF) File  /home/thaddaeus/FMU/Steiner/thaddaeus/nicer_d49_55575341.arf
#
#
!XSPEC12> show fit
#
#Fit statistic  : PG-Statistic                 242.62     using 210 bins.
#
#Test statistic : Chi-Squared                  252.69     using 210 bins.
# Null hypothesis probability of 1.30e-02 with 205 degrees of freedom
#
!XSPEC12> show param
#
#Parameters defined:
#========================================================================
#Model TBabs<1>*simpl<2>*diskbb<3> Source No.: 1   Active/On
#Model Model Component  Parameter  Unit     Value
# par  comp
#   1    1   TBabs      nH         10^22    2.99365      +/-  0.112083     
#   2    2   simpl      Gamma               2.01359      +/-  7.07452E-02  
#   3    2   simpl      FracSctr            0.192815     +/-  2.26868E-02  
#   4    2   simpl      UpScOnly            1.00000      frozen
#   5    3   diskbb     Tin        keV      0.330594     +/-  2.10188E-02  
#   6    3   diskbb     norm                4277.36      +/-  1756.03      
#________________________________________________________________________
#
#
!XSPEC12> log none
#