#XSPEC version: 12.11.0
#Build Date/Time: Thu Jul  2 16:22:45 2020
#
!XSPEC12> chatter 10
#
!XSPEC12> show data
#
#1 file 1 spectrum 
#Spectrum 1  Spectral Data File: /home/thaddaeus/FMU/Steiner/thaddaeus/1130360217/jspipe/js_ni1130360217_0mpu7_silver_GTI0.jsgrp
#Net count rate (cts/s) for Spectrum:1  2.192e+00 +/- 5.942e-02 (87.0 % total)
# Assigned to Data Group 1 and Plot Group 1
#  Noticed Channels:  29-180
#  Telescope: NICER Instrument: XTI  Channel Type: PI
#  Exposure Time: 720.8 sec
# Using fit statistic: pgstat
# Using Background File                /home/thaddaeus/FMU/Steiner/thaddaeus/1130360217/jspipe/js_ni1130360217_0mpu7_silver_GTI0.bg
#  Background Exposure Time: 720.8 sec
# Using Response (RMF) File            /home/thaddaeus/FMU/Steiner/thaddaeus/nicer_d49_55575341.rmf for Source 1
# Using Auxiliary Response (ARF) File  /home/thaddaeus/FMU/Steiner/thaddaeus/nicer_d49_55575341.arf
#
#
!XSPEC12> show fit
#
#Fit statistic  : PG-Statistic                 148.75     using 152 bins.
#
#Test statistic : Chi-Squared                  164.67     using 152 bins.
# Null hypothesis probability of 1.51e-01 with 147 degrees of freedom
#
!XSPEC12> show param
#
#Parameters defined:
#========================================================================
#Model TBabs<1>*simpl<2>*diskbb<3> Source No.: 1   Active/On
#Model Model Component  Parameter  Unit     Value
# par  comp
#   1    1   TBabs      nH         10^22    2.99365      +/-  0.956828     
#   2    2   simpl      Gamma               1.73634      +/-  0.278893     
#   3    2   simpl      FracSctr            0.494382     +/-  0.607788     
#   4    2   simpl      UpScOnly            1.00000      frozen
#   5    3   diskbb     Tin        keV      0.331559     +/-  0.277591     
#   6    3   diskbb     norm                74.9660      +/-  341.748      
#________________________________________________________________________
#
#
!XSPEC12> log none
#