#XSPEC version: 12.11.0
#Build Date/Time: Thu Jul  2 16:22:45 2020
#
!XSPEC12> chatter 10
#
!XSPEC12> show data
#
#1 file 1 spectrum 
#Spectrum 1  Spectral Data File: /home/thaddaeus/FMU/Steiner/thaddaeus/1130360188/jspipe/js_ni1130360188_0mpu7_silver_GTI0.jsgrp
#Net count rate (cts/s) for Spectrum:1  2.427e+01 +/- 1.776e-01 (98.1 % total)
# Assigned to Data Group 1 and Plot Group 1
#  Noticed Channels:  38-248
#  Telescope: NICER Instrument: XTI  Channel Type: PI
#  Exposure Time: 785.7 sec
# Using fit statistic: pgstat
# Using Background File                /home/thaddaeus/FMU/Steiner/thaddaeus/1130360188/jspipe/js_ni1130360188_0mpu7_silver_GTI0.bg
#  Background Exposure Time: 785.7 sec
# Using Response (RMF) File            /home/thaddaeus/FMU/Steiner/thaddaeus/nicer_d49_55575341.rmf for Source 1
# Using Auxiliary Response (ARF) File  /home/thaddaeus/FMU/Steiner/thaddaeus/nicer_d49_55575341.arf
#
#
!XSPEC12> show fit
#
#Fit statistic  : PG-Statistic                 194.49     using 211 bins.
#
#Test statistic : Chi-Squared                  198.12     using 211 bins.
# Null hypothesis probability of 6.41e-01 with 206 degrees of freedom
#
!XSPEC12> show param
#
#Parameters defined:
#========================================================================
#Model TBabs<1>*simpl<2>*diskbb<3> Source No.: 1   Active/On
#Model Model Component  Parameter  Unit     Value
# par  comp
#   1    1   TBabs      nH         10^22    2.99365      +/-  0.235827     
#   2    2   simpl      Gamma               1.70225      +/-  5.64559E-02  
#   3    2   simpl      FracSctr            0.212429     +/-  9.20678E-02  
#   4    2   simpl      UpScOnly            1.00000      frozen
#   5    3   diskbb     Tin        keV      0.245292     +/-  2.45111E-02  
#   6    3   diskbb     norm                5850.26      +/-  5022.40      
#________________________________________________________________________
#
#
!XSPEC12> log none
#