#XSPEC version: 12.11.0
#Build Date/Time: Thu Jul  2 16:22:45 2020
#
!XSPEC12> chatter 10
#
!XSPEC12> show data
#
#1 file 1 spectrum 
#Spectrum 1  Spectral Data File: /home/thaddaeus/FMU/Steiner/thaddaeus/1130360274/jspipe/js_ni1130360274_0mpu7_silver_GTI0.jsgrp
#Net count rate (cts/s) for Spectrum:1  3.026e+00 +/- 5.105e-02 (91.8 % total)
# Assigned to Data Group 1 and Plot Group 1
#  Noticed Channels:  38-224
#  Telescope: NICER Instrument: XTI  Channel Type: PI
#  Exposure Time: 1278 sec
# Using fit statistic: pgstat
# Using Background File                /home/thaddaeus/FMU/Steiner/thaddaeus/1130360274/jspipe/js_ni1130360274_0mpu7_silver_GTI0.bg
#  Background Exposure Time: 1278 sec
# Using Response (RMF) File            /home/thaddaeus/FMU/Steiner/thaddaeus/nicer_d49_55575341.rmf for Source 1
# Using Auxiliary Response (ARF) File  /home/thaddaeus/FMU/Steiner/thaddaeus/nicer_d49_55575341.arf
#
#
!XSPEC12> show fit
#
#Fit statistic  : PG-Statistic                 183.71     using 187 bins.
#
#Test statistic : Chi-Squared                  186.17     using 187 bins.
# Null hypothesis probability of 4.01e-01 with 182 degrees of freedom
#
!XSPEC12> show param
#
#Parameters defined:
#========================================================================
#Model TBabs<1>*simpl<2>*diskbb<3> Source No.: 1   Active/On
#Model Model Component  Parameter  Unit     Value
# par  comp
#   1    1   TBabs      nH         10^22    2.99365      +/-  1.48045      
#   2    2   simpl      Gamma               1.73340      +/-  0.617078     
#   3    2   simpl      FracSctr            0.990052     +/-  49.3855      
#   4    2   simpl      UpScOnly            1.00000      frozen
#   5    3   diskbb     Tin        keV      0.704296     +/-  46.4952      
#   6    3   diskbb     norm                3.55811      +/-  722.846      
#________________________________________________________________________
#
#
!XSPEC12> log none
#