#XSPEC version: 12.11.0
#Build Date/Time: Thu Jul  2 16:22:45 2020
#
!XSPEC12> chatter 10
#
!XSPEC12> show data
#
#1 file 1 spectrum 
#Spectrum 1  Spectral Data File: /home/thaddaeus/FMU/Steiner/thaddaeus/1130360221/jspipe/js_ni1130360221_0mpu7_silver_GTI0.jsgrp
#Net count rate (cts/s) for Spectrum:1  2.684e+00 +/- 5.930e-02 (83.7 % total)
# Assigned to Data Group 1 and Plot Group 1
#  Noticed Channels:  37-225
#  Telescope: NICER Instrument: XTI  Channel Type: PI
#  Exposure Time: 926.7 sec
# Using fit statistic: pgstat
# Using Background File                /home/thaddaeus/FMU/Steiner/thaddaeus/1130360221/jspipe/js_ni1130360221_0mpu7_silver_GTI0.bg
#  Background Exposure Time: 926.7 sec
# Using Response (RMF) File            /home/thaddaeus/FMU/Steiner/thaddaeus/nicer_d49_55575341.rmf for Source 1
# Using Auxiliary Response (ARF) File  /home/thaddaeus/FMU/Steiner/thaddaeus/nicer_d49_55575341.arf
#
#
!XSPEC12> show fit
#
#Fit statistic  : PG-Statistic                 182.63     using 189 bins.
#
#Test statistic : Chi-Squared                  171.54     using 189 bins.
# Null hypothesis probability of 7.36e-01 with 184 degrees of freedom
#
!XSPEC12> show param
#
#Parameters defined:
#========================================================================
#Model TBabs<1>*simpl<2>*diskbb<3> Source No.: 1   Active/On
#Model Model Component  Parameter  Unit     Value
# par  comp
#   1    1   TBabs      nH         10^22    2.99365      +/-  0.374934     
#   2    2   simpl      Gamma               1.39365      +/-  0.919723     
#   3    2   simpl      FracSctr            0.703878     +/-  0.372437     
#   4    2   simpl      UpScOnly            1.00000      frozen
#   5    3   diskbb     Tin        keV      0.843811     +/-  0.851949     
#   6    3   diskbb     norm                2.26932      +/-  6.31448      
#________________________________________________________________________
#
#
!XSPEC12> log none
#