#XSPEC version: 12.11.0
#Build Date/Time: Thu Jul  2 16:22:45 2020
#
!XSPEC12> chatter 10
#
!XSPEC12> show data
#
#1 file 1 spectrum 
#Spectrum 1  Spectral Data File: /home/thaddaeus/FMU/Steiner/thaddaeus/1130360216/jspipe/js_ni1130360216_0mpu7_silver_GTI0.jsgrp
#Net count rate (cts/s) for Spectrum:1  2.915e+00 +/- 1.386e-01 (85.1 % total)
# Assigned to Data Group 1 and Plot Group 1
#  Noticed Channels:  21-120
#  Telescope: NICER Instrument: XTI  Channel Type: PI
#  Exposure Time: 178.9 sec
# Using fit statistic: pgstat
# Using Background File                /home/thaddaeus/FMU/Steiner/thaddaeus/1130360216/jspipe/js_ni1130360216_0mpu7_silver_GTI0.bg
#  Background Exposure Time: 178.9 sec
# Using Response (RMF) File            /home/thaddaeus/FMU/Steiner/thaddaeus/nicer_d49_55575341.rmf for Source 1
# Using Auxiliary Response (ARF) File  /home/thaddaeus/FMU/Steiner/thaddaeus/nicer_d49_55575341.arf
#
#
!XSPEC12> show fit
#
#Fit statistic  : PG-Statistic                  97.83     using 100 bins.
#
#Test statistic : Chi-Squared                   83.59     using 100 bins.
# Null hypothesis probability of 7.92e-01 with 95 degrees of freedom
#
!XSPEC12> show param
#
#Parameters defined:
#========================================================================
#Model TBabs<1>*simpl<2>*diskbb<3> Source No.: 1   Active/On
#Model Model Component  Parameter  Unit     Value
# par  comp
#   1    1   TBabs      nH         10^22    2.99365      +/-  0.623144     
#   2    2   simpl      Gamma               1.39365      +/-  3.76368      
#   3    2   simpl      FracSctr            0.547031     +/-  0.549792     
#   4    2   simpl      UpScOnly            1.00000      frozen
#   5    3   diskbb     Tin        keV      1.00244      +/-  1.56713      
#   6    3   diskbb     norm                1.32507      +/-  4.38888      
#________________________________________________________________________
#
#
!XSPEC12> log none
#