#XSPEC version: 12.11.0
#Build Date/Time: Thu Jul  2 16:22:45 2020
#
!XSPEC12> chatter 10
#
!XSPEC12> show data
#
#1 file 1 spectrum 
#Spectrum 1  Spectral Data File: /home/thaddaeus/FMU/Steiner/thaddaeus/1130360234/jspipe/js_ni1130360234_0mpu7_silver_GTI0.jsgrp
#Net count rate (cts/s) for Spectrum:1  7.704e+00 +/- 1.149e-01 (93.0 % total)
# Assigned to Data Group 1 and Plot Group 1
#  Noticed Channels:  34-224
#  Telescope: NICER Instrument: XTI  Channel Type: PI
#  Exposure Time: 629.8 sec
# Using fit statistic: pgstat
# Using Background File                /home/thaddaeus/FMU/Steiner/thaddaeus/1130360234/jspipe/js_ni1130360234_0mpu7_silver_GTI0.bg
#  Background Exposure Time: 629.8 sec
# Using Response (RMF) File            /home/thaddaeus/FMU/Steiner/thaddaeus/nicer_d49_55575341.rmf for Source 1
# Using Auxiliary Response (ARF) File  /home/thaddaeus/FMU/Steiner/thaddaeus/nicer_d49_55575341.arf
#
#
!XSPEC12> show fit
#
#Fit statistic  : PG-Statistic                 196.07     using 191 bins.
#
#Test statistic : Chi-Squared                  215.97     using 191 bins.
# Null hypothesis probability of 6.53e-02 with 186 degrees of freedom
#
!XSPEC12> show param
#
#Parameters defined:
#========================================================================
#Model TBabs<1>*simpl<2>*diskbb<3> Source No.: 1   Active/On
#Model Model Component  Parameter  Unit     Value
# par  comp
#   1    1   TBabs      nH         10^22    2.99365      +/-  0.750509     
#   2    2   simpl      Gamma               1.51429      +/-  0.139819     
#   3    2   simpl      FracSctr            0.720638     +/-  0.697085     
#   4    2   simpl      UpScOnly            1.00000      frozen
#   5    3   diskbb     Tin        keV      0.326780     +/-  0.297102     
#   6    3   diskbb     norm                194.176      +/-  822.764      
#________________________________________________________________________
#
#
!XSPEC12> log none
#