#XSPEC version: 12.11.0
#Build Date/Time: Thu Jul  2 16:22:45 2020
#
!XSPEC12> chatter 10
#
!XSPEC12> show data
#
#1 file 1 spectrum 
#Spectrum 1  Spectral Data File: /home/thaddaeus/FMU/Steiner/thaddaeus/1130360248/jspipe/js_ni1130360248_0mpu7_silver_GTI0.jsgrp
#Net count rate (cts/s) for Spectrum:1  9.582e+00 +/- 1.282e-01 (87.6 % total)
# Assigned to Data Group 1 and Plot Group 1
#  Noticed Channels:  38-243
#  Telescope: NICER Instrument: XTI  Channel Type: PI
#  Exposure Time: 672.8 sec
# Using fit statistic: pgstat
# Using Background File                /home/thaddaeus/FMU/Steiner/thaddaeus/1130360248/jspipe/js_ni1130360248_0mpu7_silver_GTI0.bg
#  Background Exposure Time: 672.8 sec
# Using Response (RMF) File            /home/thaddaeus/FMU/Steiner/thaddaeus/nicer_d49_55575341.rmf for Source 1
# Using Auxiliary Response (ARF) File  /home/thaddaeus/FMU/Steiner/thaddaeus/nicer_d49_55575341.arf
#
#
!XSPEC12> show fit
#
#Fit statistic  : PG-Statistic                 218.31     using 206 bins.
#
#Test statistic : Chi-Squared                  223.94     using 206 bins.
# Null hypothesis probability of 1.28e-01 with 201 degrees of freedom
#
!XSPEC12> show param
#
#Parameters defined:
#========================================================================
#Model TBabs<1>*simpl<2>*diskbb<3> Source No.: 1   Active/On
#Model Model Component  Parameter  Unit     Value
# par  comp
#   1    1   TBabs      nH         10^22    2.99366      +/-  1.65820      
#   2    2   simpl      Gamma               1.99872      +/-  1.44731      
#   3    2   simpl      FracSctr            0.990052     +/-  75.1120      
#   4    2   simpl      UpScOnly            1.00000      frozen
#   5    3   diskbb     Tin        keV      0.973111     +/-  70.1905      
#   6    3   diskbb     norm                3.74450      +/-  819.367      
#________________________________________________________________________
#
#
!XSPEC12> log none
#