#XSPEC version: 12.11.0
#Build Date/Time: Thu Jul  2 16:22:45 2020
#
!XSPEC12> chatter 10
#
!XSPEC12> show data
#
#1 file 1 spectrum 
#Spectrum 1  Spectral Data File: /home/thaddaeus/FMU/Steiner/thaddaeus/1130360224/jspipe/js_ni1130360224_0mpu7_silver_GTI0.jsgrp
#Net count rate (cts/s) for Spectrum:1  4.450e+00 +/- 8.701e-02 (59.1 % total)
# Assigned to Data Group 1 and Plot Group 1
#  Noticed Channels:  38-255
#  Telescope: NICER Instrument: XTI  Channel Type: PI
#  Exposure Time: 1053 sec
# Using fit statistic: pgstat
# Using Background File                /home/thaddaeus/FMU/Steiner/thaddaeus/1130360224/jspipe/js_ni1130360224_0mpu7_silver_GTI0.bg
#  Background Exposure Time: 1053 sec
# Using Response (RMF) File            /home/thaddaeus/FMU/Steiner/thaddaeus/nicer_d49_55575341.rmf for Source 1
# Using Auxiliary Response (ARF) File  /home/thaddaeus/FMU/Steiner/thaddaeus/nicer_d49_55575341.arf
#
#
!XSPEC12> show fit
#
#Fit statistic  : PG-Statistic                 269.51     using 218 bins.
#
#Test statistic : Chi-Squared                  257.36     using 218 bins.
# Null hypothesis probability of 2.03e-02 with 213 degrees of freedom
#
!XSPEC12> show param
#
#Parameters defined:
#========================================================================
#Model TBabs<1>*simpl<2>*diskbb<3> Source No.: 1   Active/On
#Model Model Component  Parameter  Unit     Value
# par  comp
#   1    1   TBabs      nH         10^22    2.99365      +/-  0.341169     
#   2    2   simpl      Gamma               1.39365      +/-  1.06493      
#   3    2   simpl      FracSctr            0.701800     +/-  0.397878     
#   4    2   simpl      UpScOnly            1.00000      frozen
#   5    3   diskbb     Tin        keV      0.846837     +/-  0.854520     
#   6    3   diskbb     norm                3.75881      +/-  9.95088      
#________________________________________________________________________
#
#
!XSPEC12> log none
#