#XSPEC version: 12.11.0
#Build Date/Time: Thu Jul  2 16:22:45 2020
#
!XSPEC12> chatter 10
#
!XSPEC12> show data
#
#1 file 1 spectrum 
#Spectrum 1  Spectral Data File: /home/thaddaeus/FMU/Steiner/thaddaeus/1130360183/jspipe/js_ni1130360183_0mpu7_silver_GTI0.jsgrp
#Net count rate (cts/s) for Spectrum:1  2.205e+02 +/- 1.094e+00 (98.7 % total)
# Assigned to Data Group 1 and Plot Group 1
#  Noticed Channels:  38-210
#  Telescope: NICER Instrument: XTI  Channel Type: PI
#  Exposure Time: 186.8 sec
# Using fit statistic: pgstat
# Using Background File                /home/thaddaeus/FMU/Steiner/thaddaeus/1130360183/jspipe/js_ni1130360183_0mpu7_silver_GTI0.bg
#  Background Exposure Time: 186.8 sec
# Using Response (RMF) File            /home/thaddaeus/FMU/Steiner/thaddaeus/nicer_d49_55575341.rmf for Source 1
# Using Auxiliary Response (ARF) File  /home/thaddaeus/FMU/Steiner/thaddaeus/nicer_d49_55575341.arf
#
#
!XSPEC12> show fit
#
#Fit statistic  : PG-Statistic                 169.82     using 173 bins.
#
#Test statistic : Chi-Squared                  165.70     using 173 bins.
# Null hypothesis probability of 5.36e-01 with 168 degrees of freedom
#
!XSPEC12> show param
#
#Parameters defined:
#========================================================================
#Model TBabs<1>*simpl<2>*diskbb<3> Source No.: 1   Active/On
#Model Model Component  Parameter  Unit     Value
# par  comp
#   1    1   TBabs      nH         10^22    3.19422      +/-  4.27937E-02  
#   2    2   simpl      Gamma               2.79191      +/-  1.59894      
#   3    2   simpl      FracSctr            1.21320E-02  +/-  1.91143E-02  
#   4    2   simpl      UpScOnly            1.00000      frozen
#   5    3   diskbb     Tin        keV      0.477848     +/-  1.03801E-02  
#   6    3   diskbb     norm                4551.35      +/-  536.136      
#________________________________________________________________________
#
#
!XSPEC12> log none
#