#XSPEC version: 12.11.0
#Build Date/Time: Thu Jul  2 16:22:45 2020
#
!XSPEC12> chatter 10
#
!XSPEC12> show data
#
#1 file 1 spectrum 
#Spectrum 1  Spectral Data File: /home/thaddaeus/FMU/Steiner/thaddaeus/2130360201/jspipe/js_ni2130360201_0mpu7_silver_GTI0.jsgrp
#Net count rate (cts/s) for Spectrum:1  1.995e+00 +/- 1.167e-01 (30.5 % total)
# Assigned to Data Group 1 and Plot Group 1
#  Noticed Channels:  38-254
#  Telescope: NICER Instrument: XTI  Channel Type: PI
#  Exposure Time: 508.5 sec
# Using fit statistic: pgstat
# Using Background File                /home/thaddaeus/FMU/Steiner/thaddaeus/2130360201/jspipe/js_ni2130360201_0mpu7_silver_GTI0.bg
#  Background Exposure Time: 508.5 sec
# Using Response (RMF) File            /home/thaddaeus/FMU/Steiner/thaddaeus/nicer_d49_55575341.rmf for Source 1
# Using Auxiliary Response (ARF) File  /home/thaddaeus/FMU/Steiner/thaddaeus/nicer_d49_55575341.arf
#
#
!XSPEC12> show fit
#
#Fit statistic  : PG-Statistic                 304.09     using 217 bins.
#
#Test statistic : Chi-Squared                  355.02     using 217 bins.
# Null hypothesis probability of 2.65e-09 with 212 degrees of freedom
#
!XSPEC12> show param
#
#Parameters defined:
#========================================================================
#Model TBabs<1>*simpl<2>*diskbb<3> Source No.: 1   Active/On
#Model Model Component  Parameter  Unit     Value
# par  comp
#   1    1   TBabs      nH         10^22    4.55566      +/-  1.31105      
#   2    2   simpl      Gamma               2.87114      +/-  85.1447      
#   3    2   simpl      FracSctr            0.414291     +/-  25.1516      
#   4    2   simpl      UpScOnly            1.00000      frozen
#   5    3   diskbb     Tin        keV      1.50203      +/-  10.1817      
#   6    3   diskbb     norm                0.319824     +/-  6.49212      
#________________________________________________________________________
#
#
!XSPEC12> log none
#