#XSPEC version: 12.11.0m
#Build Date/Time: Sat Nov 21 22:38:27 2020
#
!XSPEC12> show data
#
#1 file 1 spectrum 
#Spectrum 1  Spectral Data File: /home/thaddaeus/FMU/Steiner/thaddaeus/1130360183/jspipe/js_ni1130360183_0mpu7_silver_GTI4.jsgrp
#Net count rate (cts/s) for Spectrum:1  9.016e+01 +/- 6.739e-01 (95.1 % total)
# Assigned to Data Group 1 and Plot Group 1
#  Noticed Channels:  22-54,83-234
#  Telescope: NICER Instrument: XTI  Channel Type: PI
#  Exposure Time: 209.3 sec
# Using fit statistic: pgstat
# Using Background File                /home/thaddaeus/FMU/Steiner/thaddaeus/1130360183/jspipe/js_ni1130360183_0mpu7_silver_GTI4.bg
#  Background Exposure Time: 209.3 sec
# Using Response (RMF) File            /home/thaddaeus/FMU/Steiner/thaddaeus/nicer_d49_u12p5_25_55575341.rmf for Source 1
# Using Auxiliary Response (ARF) File  /home/thaddaeus/FMU/Steiner/thaddaeus/nicer_d49_55575341.arf
#
#
!XSPEC12> show model
#
#Current model list:
#
#Model TBabs<1>(simpl<2>*diskbb<3>) Source No.: 1   Active/On
#      For Data Group(s): 1 
#
#   Using energies from responses.
#
#
!XSPEC12> show param
#
#Parameters defined:
#========================================================================
#Model TBabs<1>(simpl<2>*diskbb<3>) Source No.: 1   Active/On
#Model Model Component  Parameter  Unit     Value
# par  comp
#   1    1   TBabs      nH         10^22    3.20000      frozen
#   2    2   simpl      Gamma               1.40000      +/-  1.00072      
#   3    2   simpl      FracSctr            9.84657E-03  +/-  9.57343E-04  
#   4    2   simpl      UpScOnly            1.00000      frozen
#   5    3   diskbb     Tin        keV      0.485254     +/-  4.47914E-03  
#   6    3   diskbb     norm                4120.21      +/-  175.857      
#________________________________________________________________________
#
#
!XSPEC12> show fit
#
#Fit statistic  : PG-Statistic                 221.79     using 185 bins.
#
#Test statistic : Chi-Squared                  236.36     using 185 bins.
# Null hypothesis probability of 3.56e-03 with 181 degrees of freedom
#
!XSPEC12> log none
#