
!XSPEC12> parallel error 4
#
!XSPEC12> error 1. 3
#***Warning: New best fit found, fit parameters will be set to new values.
#***Warning: New best fit found, fit parameters will be set to new values.
#Apparent non-monotonicity in statistic space detected.
#Current bracket values 0.0152298, -0.0358386
#and delta stat 0, 4.74418
#but latest trial -0.00821635 gives 4.96405
#Suggest that you check this result using the steppar command.
#     3  9.94039e-05     0.244253    (-0.0147823,0.229371)
#
!XSPEC12> n
#
!XSPEC12> 
#
!XSPEC12> n
#
!XSPEC12> 
#
!XSPEC12> log none
#