
!XSPEC12> parallel error 4
#
!XSPEC12> error 1. 3
#***Warning: New best fit found, fit parameters will be set to new values.
#***Warning: New best fit found, fit parameters will be set to new values.
#
#***Warning: Number of trials exceeded before bracketing of delta fit-stat.
#Last attempt: 1.03905e-05, with delta statistic: 0.700382
#
#
#*** Parameter lower bound is INVALID.
#
#Apparent non-monotonicity in statistic space detected.
#Current bracket values 0.0114612, 0.0129301
#and delta stat 0.915898, 1.25591
#but latest trial 0.0120002 gives 1.36981
#Suggest that you check this result using the steppar command.
#     3            0    0.0121956    (-9.93468e-05,0.0120963)
#
!XSPEC12> 
#
!XSPEC12> n
#
!XSPEC12> 
#
!XSPEC12> log none
#