#XSPEC version: 12.11.0m
#Build Date/Time: Sat Nov 21 22:38:27 2020
#
!XSPEC12> show data
#
#1 file 1 spectrum 
#Spectrum 1  Spectral Data File: /home/thaddaeus/FMU/Steiner/thaddaeus/2130360201/jspipe/js_ni2130360201_0mpu7_silver_GTI5.jsgrp
#Net count rate (cts/s) for Spectrum:1  1.810e+00 +/- 7.497e-02 (77.4 % total)
# Assigned to Data Group 1 and Plot Group 1
#  Noticed Channels:  18-37,66-167
#  Telescope: NICER Instrument: XTI  Channel Type: PI
#  Exposure Time: 420.7 sec
# Using fit statistic: pgstat
# Using Background File                /home/thaddaeus/FMU/Steiner/thaddaeus/2130360201/jspipe/js_ni2130360201_0mpu7_silver_GTI5.bg
#  Background Exposure Time: 420.7 sec
# Using Response (RMF) File            /home/thaddaeus/FMU/Steiner/thaddaeus/nicer_d48_u12p5_25_53019466.rmf for Source 1
# Using Auxiliary Response (ARF) File  /home/thaddaeus/FMU/Steiner/thaddaeus/nicer_d48_53019466.arf
#
#
!XSPEC12> show model
#
#Current model list:
#
#Model TBabs<1>(simpl<2>*diskbb<3>) Source No.: 1   Active/On
#      For Data Group(s): 1 
#
#   Using energies from responses.
#
#
!XSPEC12> show param
#
#Parameters defined:
#========================================================================
#Model TBabs<1>(simpl<2>*diskbb<3>) Source No.: 1   Active/On
#Model Model Component  Parameter  Unit     Value
# par  comp
#   1    1   TBabs      nH         10^22    3.20000      frozen
#   2    2   simpl      Gamma               2.14413      +/-  1.42436      
#   3    2   simpl      FracSctr            0.991590     +/-  41.0034      
#   4    2   simpl      UpScOnly            1.00000      frozen
#   5    3   diskbb     Tin        keV      0.936446     +/-  34.6086      
#   6    3   diskbb     norm                1.30938      +/-  147.460      
#________________________________________________________________________
#
#
!XSPEC12> show fit
#
#Fit statistic  : PG-Statistic                 119.56     using 122 bins.
#
#Test statistic : Chi-Squared                  145.90     using 122 bins.
# Null hypothesis probability of 4.16e-02 with 118 degrees of freedom
#
!XSPEC12> log none
#