#XSPEC version: 12.11.0m
#Build Date/Time: Sat Nov 21 22:38:27 2020
#
!XSPEC12> show data
#
#1 file 1 spectrum 
#Spectrum 1  Spectral Data File: /home/thaddaeus/FMU/Steiner/thaddaeus/1130360158/jspipe/js_ni1130360158_0mpu7_silver_GTI2.jsgrp
#Net count rate (cts/s) for Spectrum:1  3.081e+01 +/- 3.041e-01 (96.5 % total)
# Assigned to Data Group 1 and Plot Group 1
#  Noticed Channels:  22-54,83-166
#  Telescope: NICER Instrument: XTI  Channel Type: PI
#  Exposure Time: 345.9 sec
# Using fit statistic: pgstat
# Using Background File                /home/thaddaeus/FMU/Steiner/thaddaeus/1130360158/jspipe/js_ni1130360158_0mpu7_silver_GTI2.bg
#  Background Exposure Time: 345.9 sec
# Using Response (RMF) File            /home/thaddaeus/FMU/Steiner/thaddaeus/nicer_d49_55575341.rmf for Source 1
# Using Auxiliary Response (ARF) File  /home/thaddaeus/FMU/Steiner/thaddaeus/nicer_d49_55575341.arf
#
#
!XSPEC12> show model
#
#Current model list:
#
#Model TBabs<1>(simpl<2>*diskbb<3>) Source No.: 1   Active/On
#      For Data Group(s): 1 
#
#   Using energies from responses.
#
#
!XSPEC12> show param
#
#Parameters defined:
#========================================================================
#Model TBabs<1>(simpl<2>*diskbb<3>) Source No.: 1   Active/On
#Model Model Component  Parameter  Unit     Value
# par  comp
#   1    1   TBabs      nH         10^22    3.20000      frozen
#   2    2   simpl      Gamma               3.40000      +/-  7.98113      
#   3    2   simpl      FracSctr            4.14788E-03  +/-  1.64452E-02  
#   4    2   simpl      UpScOnly            1.00000      frozen
#   5    3   diskbb     Tin        keV      0.387073     +/-  5.59260E-03  
#   6    3   diskbb     norm                5844.22      +/-  404.610      
#________________________________________________________________________
#
#
!XSPEC12> show fit
#
#Fit statistic  : PG-Statistic                 105.07     using 117 bins.
#
#Test statistic : Chi-Squared                  125.86     using 117 bins.
# Null hypothesis probability of 1.92e-01 with 113 degrees of freedom
#
!XSPEC12> log none
#