#XSPEC version: 12.11.0m
#Build Date/Time: Sat Nov 21 22:38:27 2020
#
!XSPEC12> show data
#
#1 file 1 spectrum 
#Spectrum 1  Spectral Data File: /home/thaddaeus/FMU/Steiner/thaddaeus/1130360197/jspipe/js_ni1130360197_0mpu7_silver_GTI0.jsgrp
#Net count rate (cts/s) for Spectrum:1  1.579e+00 +/- 7.528e-02 (79.4 % total)
# Assigned to Data Group 1 and Plot Group 1
#  Noticed Channels:  18-41,69-152
#  Telescope: NICER Instrument: XTI  Channel Type: PI
#  Exposure Time: 353.9 sec
# Using fit statistic: pgstat
# Using Background File                /home/thaddaeus/FMU/Steiner/thaddaeus/1130360197/jspipe/js_ni1130360197_0mpu7_silver_GTI0.bg
#  Background Exposure Time: 353.9 sec
# Using Response (RMF) File            /home/thaddaeus/FMU/Steiner/thaddaeus/nicer_d49_55575341.rmf for Source 1
# Using Auxiliary Response (ARF) File  /home/thaddaeus/FMU/Steiner/thaddaeus/nicer_d49_55575341.arf
#
#
!XSPEC12> show model
#
#Current model list:
#
#Model TBabs<1>(simpl<2>*diskbb<3>) Source No.: 1   Active/On
#      For Data Group(s): 1 
#
#   Using energies from responses.
#
#
!XSPEC12> show param
#
#Parameters defined:
#========================================================================
#Model TBabs<1>(simpl<2>*diskbb<3>) Source No.: 1   Active/On
#Model Model Component  Parameter  Unit     Value
# par  comp
#   1    1   TBabs      nH         10^22    3.20000      frozen
#   2    2   simpl      Gamma               1.40002      +/-  1.15992      
#   3    2   simpl      FracSctr            0.328746     +/-  5.15882E-02  
#   4    2   simpl      UpScOnly            1.00000      frozen
#   5    3   diskbb     Tin        keV      0.520803     +/-  0.144410     
#   6    3   diskbb     norm                19.3231      +/-  17.9221      
#________________________________________________________________________
#
#
!XSPEC12> show fit
#
#Fit statistic  : PG-Statistic                  73.69     using 108 bins.
#
#Test statistic : Chi-Squared                   73.39     using 108 bins.
# Null hypothesis probability of 9.90e-01 with 104 degrees of freedom
#
!XSPEC12> log none
#