#XSPEC version: 12.11.0m
#Build Date/Time: Sat Nov 21 22:38:27 2020
#
!XSPEC12> show data
#
#1 file 1 spectrum 
#Spectrum 1  Spectral Data File: /home/thaddaeus/FMU/Steiner/thaddaeus/1130360172/jspipe/js_ni1130360172_0mpu7_silver_GTI4.jsgrp
#Net count rate (cts/s) for Spectrum:1  -4.115e+00 +/- 3.938e-01 (-46.8 % total)
# Assigned to Data Group 1 and Plot Group 1
#  Noticed Channels:  18-31,47-128
#  Telescope: NICER Instrument: XTI  Channel Type: PI
#  Exposure Time: 57.98 sec
# Using fit statistic: pgstat
# Using Background File                /home/thaddaeus/FMU/Steiner/thaddaeus/1130360172/jspipe/js_ni1130360172_0mpu7_silver_GTI4.bg
#  Background Exposure Time: 57.98 sec
# Using Response (RMF) File            /home/thaddaeus/FMU/Steiner/thaddaeus/nicer_d49_55575341.rmf for Source 1
# Using Auxiliary Response (ARF) File  /home/thaddaeus/FMU/Steiner/thaddaeus/nicer_d49_55575341.arf
#
#
!XSPEC12> show model
#
#Current model list:
#
#Model TBabs<1>(simpl<2>*diskbb<3>) Source No.: 1   Active/On
#      For Data Group(s): 1 
#
#   Using energies from responses.
#
#
!XSPEC12> show param
#
#Parameters defined:
#========================================================================
#Model TBabs<1>(simpl<2>*diskbb<3>) Source No.: 1   Active/On
#Model Model Component  Parameter  Unit     Value
# par  comp
#   1    1   TBabs      nH         10^22    3.20000      frozen
#   2    2   simpl      Gamma               3.37244      +/-  7.13128E+04  
#   3    2   simpl      FracSctr            0.982562     +/-  1.08091E+07  
#   4    2   simpl      UpScOnly            1.00000      frozen
#   5    3   diskbb     Tin        keV      1.84208E-02  +/-  8.99216E+05  
#   6    3   diskbb     norm                5.72282E-03  +/-  2.66902E+06  
#________________________________________________________________________
#
#
!XSPEC12> show fit
#
#Fit statistic  : PG-Statistic                 181.48     using 96 bins.
#
#Test statistic : Chi-Squared                  311.22     using 96 bins.
# Null hypothesis probability of 1.35e-25 with 92 degrees of freedom
#
!XSPEC12> log none
#