
!XSPEC12> parallel error 4
#
!XSPEC12> error 1. 3
#***Warning: New best fit found, fit parameters will be set to new values.
#***Warning: New best fit found, fit parameters will be set to new values.
#***Warning: New best fit found, fit parameters will be set to new values.
#Apparent non-monotonicity in statistic space detected.
#Current bracket values 0.0838291, -0.278038
#and delta stat 0.578175, 365.509
#but latest trial -0.0143548 gives 366.827
#Suggest that you check this result using the steppar command.
#     3  9.44481e-05     0.792283    (-0.445916,0.346273)
#
!XSPEC12> n
#
!XSPEC12> 
#
!XSPEC12> n
#
!XSPEC12> 
#
!XSPEC12> log none
#