#XSPEC version: 12.11.0m
#Build Date/Time: Sat Nov 21 22:38:27 2020
#
!XSPEC12> show data
#
#1 file 1 spectrum 
#Spectrum 1  Spectral Data File: /home/thaddaeus/FMU/Steiner/thaddaeus/1130360259/jspipe/js_ni1130360259_0mpu7_silver_GTI1.jsgrp
#Net count rate (cts/s) for Spectrum:1  2.168e-01 +/- 1.610e-01 (8.2 % total)
# Assigned to Data Group 1 and Plot Group 1
#  Noticed Channels:  19-28,45-87
#  Telescope: NICER Instrument: XTI  Channel Type: PI
#  Exposure Time: 103.8 sec
# Using fit statistic: pgstat
# Using Background File                /home/thaddaeus/FMU/Steiner/thaddaeus/1130360259/jspipe/js_ni1130360259_0mpu7_silver_GTI1.bg
#  Background Exposure Time: 103.8 sec
# Using Response (RMF) File            /home/thaddaeus/FMU/Steiner/thaddaeus/nicer_d49_u50_100_55575341.rmf for Source 1
# Using Auxiliary Response (ARF) File  /home/thaddaeus/FMU/Steiner/thaddaeus/nicer_d49_55575341.arf
#
#
!XSPEC12> show model
#
#Current model list:
#
#Model TBabs<1>(simpl<2>*diskbb<3>) Source No.: 1   Active/On
#      For Data Group(s): 1 
#
#   Using energies from responses.
#
#
!XSPEC12> show param
#
#Parameters defined:
#========================================================================
#Model TBabs<1>(simpl<2>*diskbb<3>) Source No.: 1   Active/On
#Model Model Component  Parameter  Unit     Value
# par  comp
#   1    1   TBabs      nH         10^22    3.20000      frozen
#   2    2   simpl      Gamma               3.09156      +/-  18.2827      
#   3    2   simpl      FracSctr            0.998340     +/-  2288.30      
#   4    2   simpl      UpScOnly            1.00000      frozen
#   5    3   diskbb     Tin        keV      0.980352     +/-  797.058      
#   6    3   diskbb     norm                0.460919     +/-  1128.29      
#________________________________________________________________________
#
#
!XSPEC12> show fit
#
#Fit statistic  : PG-Statistic                  79.37     using 53 bins.
#
#Test statistic : Chi-Squared                  125.73     using 53 bins.
# Null hypothesis probability of 1.14e-08 with 49 degrees of freedom
#
!XSPEC12> log none
#