#XSPEC version: 12.11.0m
#Build Date/Time: Sat Nov 21 22:38:27 2020
#
!XSPEC12> show data
#
#1 file 1 spectrum 
#Spectrum 1  Spectral Data File: /home/thaddaeus/FMU/Steiner/thaddaeus/1130360144/jspipe/js_ni1130360144_0mpu7_silver_GTI5.jsgrp
#Net count rate (cts/s) for Spectrum:1  2.667e+02 +/- 1.767e+00 (99.5 % total)
# Assigned to Data Group 1 and Plot Group 1
#  Noticed Channels:  22-54,83-188
#  Telescope: NICER Instrument: XTI  Channel Type: PI
#  Exposure Time: 85.9 sec
# Using fit statistic: pgstat
# Using Background File                /home/thaddaeus/FMU/Steiner/thaddaeus/1130360144/jspipe/js_ni1130360144_0mpu7_silver_GTI5.bg
#  Background Exposure Time: 85.9 sec
# Using Response (RMF) File            /home/thaddaeus/FMU/Steiner/thaddaeus/nicer_d49_u12p5_25_55575341.rmf for Source 1
# Using Auxiliary Response (ARF) File  /home/thaddaeus/FMU/Steiner/thaddaeus/nicer_d49_55575341.arf
#
#
!XSPEC12> show model
#
#Current model list:
#
#Model TBabs<1>(simpl<2>*diskbb<3>) Source No.: 1   Active/On
#      For Data Group(s): 1 
#
#   Using energies from responses.
#
#
!XSPEC12> show param
#
#Parameters defined:
#========================================================================
#Model TBabs<1>(simpl<2>*diskbb<3>) Source No.: 1   Active/On
#Model Model Component  Parameter  Unit     Value
# par  comp
#   1    1   TBabs      nH         10^22    3.20000      frozen
#   2    2   simpl      Gamma               1.96864      +/-  4.27459      
#   3    2   simpl      FracSctr            1.87231E-03  +/-  1.29810E-02  
#   4    2   simpl      UpScOnly            1.00000      frozen
#   5    3   diskbb     Tin        keV      0.605007     +/-  6.87823E-03  
#   6    3   diskbb     norm                3559.00      +/-  177.169      
#________________________________________________________________________
#
#
!XSPEC12> show fit
#
#Fit statistic  : PG-Statistic                 109.76     using 139 bins.
#
#Test statistic : Chi-Squared                  112.21     using 139 bins.
# Null hypothesis probability of 9.24e-01 with 135 degrees of freedom
#
!XSPEC12> log none
#