#XSPEC version: 12.11.0m
#Build Date/Time: Sat Nov 21 22:38:27 2020
#
!XSPEC12> show data
#
#1 file 1 spectrum 
#Spectrum 1  Spectral Data File: /home/thaddaeus/FMU/Steiner/thaddaeus/1130360284/jspipe/js_ni1130360284_0mpu7_silver_GTI2.jsgrp
#Net count rate (cts/s) for Spectrum:1  1.667e+00 +/- 7.381e-02 (81.2 % total)
# Assigned to Data Group 1 and Plot Group 1
#  Noticed Channels:  18-34,63-152
#  Telescope: NICER Instrument: XTI  Channel Type: PI
#  Exposure Time: 379.9 sec
# Using fit statistic: pgstat
# Using Background File                /home/thaddaeus/FMU/Steiner/thaddaeus/1130360284/jspipe/js_ni1130360284_0mpu7_silver_GTI2.bg
#  Background Exposure Time: 379.9 sec
# Using Response (RMF) File            /home/thaddaeus/FMU/Steiner/thaddaeus/nicer_d49_55575341.rmf for Source 1
# Using Auxiliary Response (ARF) File  /home/thaddaeus/FMU/Steiner/thaddaeus/nicer_d49_55575341.arf
#
#
!XSPEC12> show model
#
#Current model list:
#
#Model TBabs<1>(simpl<2>*diskbb<3>) Source No.: 1   Active/On
#      For Data Group(s): 1 
#
#   Using energies from responses.
#
#
!XSPEC12> show param
#
#Parameters defined:
#========================================================================
#Model TBabs<1>(simpl<2>*diskbb<3>) Source No.: 1   Active/On
#Model Model Component  Parameter  Unit     Value
# par  comp
#   1    1   TBabs      nH         10^22    3.20000      frozen
#   2    2   simpl      Gamma               1.67906      +/-  0.427522     
#   3    2   simpl      FracSctr            0.896729     +/-  2.55831      
#   4    2   simpl      UpScOnly            1.00000      frozen
#   5    3   diskbb     Tin        keV      0.449777     +/-  2.13391      
#   6    3   diskbb     norm                17.2585      +/-  245.152      
#________________________________________________________________________
#
#
!XSPEC12> show fit
#
#Fit statistic  : PG-Statistic                  93.44     using 107 bins.
#
#Test statistic : Chi-Squared                  102.94     using 107 bins.
# Null hypothesis probability of 4.83e-01 with 103 degrees of freedom
#
!XSPEC12> log none
#