
!XSPEC12> parallel error 4
#
!XSPEC12> error 1. 3
#***Warning: New best fit found, fit parameters will be set to new values.
#Apparent non-monotonicity in statistic space detected.
#Current bracket values 0.00605732, 0.00598251
#and delta stat 0.89421, 1.10444
#but latest trial 0.00601099 gives 1.42844
#Suggest that you check this result using the steppar command.
#Apparent non-monotonicity in statistic space detected.
#Current bracket values 0.0522196, 0.0531403
#and delta stat 0.96202, 1.19788
#but latest trial 0.0523848 gives 0.961578
#Suggest that you check this result using the steppar command.
#     3   0.00601991      0.05268    (-0.0110754,0.0355846)
#
!XSPEC12> n
#
!XSPEC12> 
#
!XSPEC12> n
#
!XSPEC12> 
#
!XSPEC12> log none
#