
!XSPEC12> parallel error 4
#
!XSPEC12> error 1. 3
#***Warning: New best fit found, fit parameters will be set to new values.
#Apparent non-monotonicity in statistic space detected.
#Current bracket values 0.218875, -0.411799
#and delta stat 0.149238, 92.0624
#but latest trial -0.0329871 gives 92.1391
#Suggest that you check this result using the steppar command.
#***Warning: New best fit found, fit parameters will be set to new values.
#Apparent non-monotonicity in statistic space detected.
#Current bracket values 0.250745, -0.363645
#and delta stat 0.109262, 92.0839
#but latest trial -0.032838 gives 92.0965
#Suggest that you check this result using the steppar command.
#     3  9.67634e-05     0.708886    (-0.36937,0.33942)
#
!XSPEC12> n
#
!XSPEC12> 
#
!XSPEC12> n
#
!XSPEC12> 
#
!XSPEC12> log none
#