#XSPEC version: 12.11.0m
#Build Date/Time: Sat Nov 21 22:38:27 2020
#
!XSPEC12> show data
#
#1 file 1 spectrum 
#Spectrum 1  Spectral Data File: /home/thaddaeus/FMU/Steiner/thaddaeus/1130360163/jspipe/js_ni1130360163_0mpu7_silver_GTI4.jsgrp
#Net count rate (cts/s) for Spectrum:1  3.477e+00 +/- 2.200e-01 (43.5 % total)
# Assigned to Data Group 1 and Plot Group 1
#  Noticed Channels:  19-45,74-190
#  Telescope: NICER Instrument: XTI  Channel Type: PI
#  Exposure Time: 167.9 sec
# Using fit statistic: pgstat
# Using Background File                /home/thaddaeus/FMU/Steiner/thaddaeus/1130360163/jspipe/js_ni1130360163_0mpu7_silver_GTI4.bg
#  Background Exposure Time: 167.9 sec
# Using Response (RMF) File            /home/thaddaeus/FMU/Steiner/thaddaeus/nicer_d49_55575341.rmf for Source 1
# Using Auxiliary Response (ARF) File  /home/thaddaeus/FMU/Steiner/thaddaeus/nicer_d49_55575341.arf
#
#
!XSPEC12> show model
#
#Current model list:
#
#Model TBabs<1>(simpl<2>*diskbb<3>) Source No.: 1   Active/On
#      For Data Group(s): 1 
#
#   Using energies from responses.
#
#
!XSPEC12> show param
#
#Parameters defined:
#========================================================================
#Model TBabs<1>(simpl<2>*diskbb<3>) Source No.: 1   Active/On
#Model Model Component  Parameter  Unit     Value
# par  comp
#   1    1   TBabs      nH         10^22    3.20000      frozen
#   2    2   simpl      Gamma               1.40000      +/-  1.90800      
#   3    2   simpl      FracSctr            8.35448E-03  +/-  1.99721E-03  
#   4    2   simpl      UpScOnly            1.00000      frozen
#   5    3   diskbb     Tin        keV      0.268287     +/-  2.14155E-02  
#   6    3   diskbb     norm                6369.56      +/-  3104.68      
#________________________________________________________________________
#
#
!XSPEC12> show fit
#
#Fit statistic  : PG-Statistic                 263.49     using 144 bins.
#
#Test statistic : Chi-Squared                  451.22     using 144 bins.
# Null hypothesis probability of 2.11e-34 with 140 degrees of freedom
#
!XSPEC12> log none
#