#XSPEC version: 12.11.0m
#Build Date/Time: Sat Nov 21 22:38:27 2020
#
!XSPEC12> show data
#
#1 file 1 spectrum 
#Spectrum 1  Spectral Data File: /home/thaddaeus/FMU/Steiner/thaddaeus/1130360226/jspipe/js_ni1130360226_0mpu7_silver_GTI5.jsgrp
#Net count rate (cts/s) for Spectrum:1  9.849e+00 +/- 1.496e-01 (89.6 % total)
# Assigned to Data Group 1 and Plot Group 1
#  Noticed Channels:  21-50,79-234
#  Telescope: NICER Instrument: XTI  Channel Type: PI
#  Exposure Time: 494.7 sec
# Using fit statistic: pgstat
# Using Background File                /home/thaddaeus/FMU/Steiner/thaddaeus/1130360226/jspipe/js_ni1130360226_0mpu7_silver_GTI5.bg
#  Background Exposure Time: 494.7 sec
# Using Response (RMF) File            /home/thaddaeus/FMU/Steiner/thaddaeus/nicer_d49_u12p5_25_55575341.rmf for Source 1
# Using Auxiliary Response (ARF) File  /home/thaddaeus/FMU/Steiner/thaddaeus/nicer_d49_55575341.arf
#
#
!XSPEC12> show model
#
#Current model list:
#
#Model TBabs<1>(simpl<2>*diskbb<3>) Source No.: 1   Active/On
#      For Data Group(s): 1 
#
#   Using energies from responses.
#
#
!XSPEC12> show param
#
#Parameters defined:
#========================================================================
#Model TBabs<1>(simpl<2>*diskbb<3>) Source No.: 1   Active/On
#Model Model Component  Parameter  Unit     Value
# par  comp
#   1    1   TBabs      nH         10^22    3.20000      frozen
#   2    2   simpl      Gamma               1.65637      +/-  0.116891     
#   3    2   simpl      FracSctr            0.922176     +/-  1.33304      
#   4    2   simpl      UpScOnly            1.00000      frozen
#   5    3   diskbb     Tin        keV      0.400645     +/-  1.04725      
#   6    3   diskbb     norm                151.654      +/-  1251.56      
#________________________________________________________________________
#
#
!XSPEC12> show fit
#
#Fit statistic  : PG-Statistic                 224.73     using 186 bins.
#
#Test statistic : Chi-Squared                  281.24     using 186 bins.
# Null hypothesis probability of 3.25e-06 with 182 degrees of freedom
#
!XSPEC12> log none
#