
!XSPEC12> parallel error 4
#
!XSPEC12> error 1. 3
#
#***Warning: Number of trials exceeded before bracketing of delta fit-stat.
#Last attempt: 1.00278e-05, with delta statistic: 0.385533
#
#
#*** Parameter lower bound is INVALID.
#
#Apparent non-monotonicity in statistic space detected.
#Current bracket values 0.0077819, 0.00827254
#and delta stat 0.243364, 2.82013
#but latest trial 0.00805118 gives 2.83495
#Suggest that you check this result using the steppar command.
#     3            0   0.00802722    (-0.000864149,0.00716307)
#
!XSPEC12> 
#
!XSPEC12> n
#
!XSPEC12> 
#
!XSPEC12> log none
#