#XSPEC version: 12.11.0m
#Build Date/Time: Sat Nov 21 22:38:27 2020
#
!XSPEC12> show data
#
#1 file 1 spectrum 
#Spectrum 1  Spectral Data File: /home/thaddaeus/FMU/Steiner/thaddaeus/1130360227/jspipe/js_ni1130360227_0mpu7_silver_GTI1.jsgrp
#Net count rate (cts/s) for Spectrum:1  1.652e+01 +/- 2.392e-01 (98.0 % total)
# Assigned to Data Group 1 and Plot Group 1
#  Noticed Channels:  19-44,73-217
#  Telescope: NICER Instrument: XTI  Channel Type: PI
#  Exposure Time: 294.8 sec
# Using fit statistic: pgstat
# Using Background File                /home/thaddaeus/FMU/Steiner/thaddaeus/1130360227/jspipe/js_ni1130360227_0mpu7_silver_GTI1.bg
#  Background Exposure Time: 294.8 sec
# Using Response (RMF) File            /home/thaddaeus/FMU/Steiner/thaddaeus/nicer_d48_u12p5_25_53150542.rmf for Source 1
# Using Auxiliary Response (ARF) File  /home/thaddaeus/FMU/Steiner/thaddaeus/nicer_d48_53150542.arf
#
#
!XSPEC12> show model
#
#Current model list:
#
#Model TBabs<1>(simpl<2>*diskbb<3>) Source No.: 1   Active/On
#      For Data Group(s): 1 
#
#   Using energies from responses.
#
#
!XSPEC12> show param
#
#Parameters defined:
#========================================================================
#Model TBabs<1>(simpl<2>*diskbb<3>) Source No.: 1   Active/On
#Model Model Component  Parameter  Unit     Value
# par  comp
#   1    1   TBabs      nH         10^22    3.20000      frozen
#   2    2   simpl      Gamma               1.63148      +/-  5.80387E-02  
#   3    2   simpl      FracSctr            0.361524     +/-  0.157106     
#   4    2   simpl      UpScOnly            1.00000      frozen
#   5    3   diskbb     Tin        keV      0.245960     +/-  8.16340E-02  
#   6    3   diskbb     norm                3941.77      +/-  6577.39      
#________________________________________________________________________
#
#
!XSPEC12> show fit
#
#Fit statistic  : PG-Statistic                 155.45     using 171 bins.
#
#Test statistic : Chi-Squared                  165.19     using 171 bins.
# Null hypothesis probability of 5.25e-01 with 167 degrees of freedom
#
!XSPEC12> log none
#