
!XSPEC12> parallel error 4
#
!XSPEC12> error 1. 3
#Apparent non-monotonicity in statistic space detected.
#Current bracket values 0.283983, -1.52749
#and delta stat 0, 1.58712
#but latest trial -1.15391 gives 3.71014
#Suggest that you check this result using the steppar command.
#***Warning: New best fit found, fit parameters will be set to new values.
#Apparent non-monotonicity in statistic space detected.
#Current bracket values 0.407713, -1.74776
#and delta stat 0, 1.8647
#but latest trial -1.17076 gives 2.71373
#Suggest that you check this result using the steppar command.
#***Warning: New best fit found, fit parameters will be set to new values.
#Apparent non-monotonicity in statistic space detected.
#Current bracket values 0.414802, -1.61392
#and delta stat 0, 2.06776
#but latest trial -0.99602 gives 3.07642
#Suggest that you check this result using the steppar command.
#***Warning: New best fit found, fit parameters will be set to new values.
#Apparent non-monotonicity in statistic space detected.
#Current bracket values 0.0926203, -0.736807
#and delta stat 0.0214329, 2.82707
#but latest trial -0.341642 gives 3.82887
#Suggest that you check this result using the steppar command.
#***Warning: Parameter pegged at hard limit: 1
#     3  8.21414e-05            0    (-0.384886,-0.384968)
#
!XSPEC12> n
#
!XSPEC12> 
#
!XSPEC12> n
#
!XSPEC12> 
#
!XSPEC12> log none
#