#XSPEC version: 12.11.0m
#Build Date/Time: Sat Nov 21 22:38:27 2020
#
!XSPEC12> show data
#
#1 file 1 spectrum 
#Spectrum 1  Spectral Data File: /home/thaddaeus/FMU/Steiner/thaddaeus/1130360165/jspipe/js_ni1130360165_0mpu7_silver_GTI3.jsgrp
#Net count rate (cts/s) for Spectrum:1  2.619e+00 +/- 7.012e-02 (82.6 % total)
# Assigned to Data Group 1 and Plot Group 1
#  Noticed Channels:  22-53,82-151
#  Telescope: NICER Instrument: XTI  Channel Type: PI
#  Exposure Time: 653.8 sec
# Using fit statistic: pgstat
# Using Background File                /home/thaddaeus/FMU/Steiner/thaddaeus/1130360165/jspipe/js_ni1130360165_0mpu7_silver_GTI3.bg
#  Background Exposure Time: 653.8 sec
# Using Response (RMF) File            /home/thaddaeus/FMU/Steiner/thaddaeus/nicer_d49_55575341.rmf for Source 1
# Using Auxiliary Response (ARF) File  /home/thaddaeus/FMU/Steiner/thaddaeus/nicer_d49_55575341.arf
#
#
!XSPEC12> show model
#
#Current model list:
#
#Model TBabs<1>(simpl<2>*diskbb<3>) Source No.: 1   Active/On
#      For Data Group(s): 1 
#
#   Using energies from responses.
#
#
!XSPEC12> show param
#
#Parameters defined:
#========================================================================
#Model TBabs<1>(simpl<2>*diskbb<3>) Source No.: 1   Active/On
#Model Model Component  Parameter  Unit     Value
# par  comp
#   1    1   TBabs      nH         10^22    3.20000      frozen
#   2    2   simpl      Gamma               3.22500      +/-  0.826880     
#   3    2   simpl      FracSctr            1.62876E-02  +/-  1.14462E-02  
#   4    2   simpl      UpScOnly            1.00000      frozen
#   5    3   diskbb     Tin        keV      0.243312     +/-  1.14441E-02  
#   6    3   diskbb     norm                9058.87      +/-  2330.28      
#________________________________________________________________________
#
#
!XSPEC12> show fit
#
#Fit statistic  : PG-Statistic                 122.29     using 102 bins.
#
#Test statistic : Chi-Squared                  114.57     using 102 bins.
# Null hypothesis probability of 1.21e-01 with 98 degrees of freedom
#
!XSPEC12> log none
#