#XSPEC version: 12.11.0m
#Build Date/Time: Sat Nov 21 22:38:27 2020
#
!XSPEC12> show data
#
#1 file 1 spectrum 
#Spectrum 1  Spectral Data File: /home/thaddaeus/FMU/Steiner/thaddaeus/2130360207/jspipe/js_ni2130360207_0mpu7_silver_GTI3.jsgrp
#Net count rate (cts/s) for Spectrum:1  7.076e-01 +/- 9.844e-02 (60.7 % total)
# Assigned to Data Group 1 and Plot Group 1
#  Noticed Channels:  15-19,29-50
#  Telescope: NICER Instrument: XTI  Channel Type: PI
#  Exposure Time: 120.9 sec
# Using fit statistic: pgstat
# Using Background File                /home/thaddaeus/FMU/Steiner/thaddaeus/2130360207/jspipe/js_ni2130360207_0mpu7_silver_GTI3.bg
#  Background Exposure Time: 120.9 sec
# Using Response (RMF) File            /home/thaddaeus/FMU/Steiner/thaddaeus/nicer_d49_55575341.rmf for Source 1
# Using Auxiliary Response (ARF) File  /home/thaddaeus/FMU/Steiner/thaddaeus/nicer_d49_55575341.arf
#
#
!XSPEC12> show model
#
#Current model list:
#
#Model TBabs<1>(simpl<2>*diskbb<3>) Source No.: 1   Active/On
#      For Data Group(s): 1 
#
#   Using energies from responses.
#
#
!XSPEC12> show param
#
#Parameters defined:
#========================================================================
#Model TBabs<1>(simpl<2>*diskbb<3>) Source No.: 1   Active/On
#Model Model Component  Parameter  Unit     Value
# par  comp
#   1    1   TBabs      nH         10^22    3.20000      frozen
#   2    2   simpl      Gamma               2.65488      +/-  2.58447      
#   3    2   simpl      FracSctr            1.000000     +/-  512.240      
#   4    2   simpl      UpScOnly            1.00000      frozen
#   5    3   diskbb     Tin        keV      0.604283     +/-  95.0384      
#   6    3   diskbb     norm                3.19679      +/-  1541.26      
#________________________________________________________________________
#
#
!XSPEC12> show fit
#
#Fit statistic  : PG-Statistic                  34.95     using 27 bins.
#
#Test statistic : Chi-Squared                   32.35     using 27 bins.
# Null hypothesis probability of 9.31e-02 with 23 degrees of freedom
#
!XSPEC12> log none
#