#XSPEC version: 12.11.0m
#Build Date/Time: Sat Nov 21 22:38:27 2020
#
!XSPEC12> show data
#
#1 file 1 spectrum 
#Spectrum 1  Spectral Data File: /home/thaddaeus/FMU/Steiner/thaddaeus/1130360220/jspipe/js_ni1130360220_0mpu7_silver_GTI1.jsgrp
#Net count rate (cts/s) for Spectrum:1  -2.629e+00 +/- 3.664e-01 (-30.8 % total)
# Assigned to Data Group 1 and Plot Group 1
#  Noticed Channels:  17-31,48-136
#  Telescope: NICER Instrument: XTI  Channel Type: PI
#  Exposure Time: 64.96 sec
# Using fit statistic: pgstat
# Using Background File                /home/thaddaeus/FMU/Steiner/thaddaeus/1130360220/jspipe/js_ni1130360220_0mpu7_silver_GTI1.bg
#  Background Exposure Time: 64.96 sec
# Using Response (RMF) File            /home/thaddaeus/FMU/Steiner/thaddaeus/nicer_d49_u12p5_25_55575341.rmf for Source 1
# Using Auxiliary Response (ARF) File  /home/thaddaeus/FMU/Steiner/thaddaeus/nicer_d49_55575341.arf
#
#
!XSPEC12> show model
#
#Current model list:
#
#Model TBabs<1>(simpl<2>*diskbb<3>) Source No.: 1   Active/On
#      For Data Group(s): 1 
#
#   Using energies from responses.
#
#
!XSPEC12> show param
#
#Parameters defined:
#========================================================================
#Model TBabs<1>(simpl<2>*diskbb<3>) Source No.: 1   Active/On
#Model Model Component  Parameter  Unit     Value
# par  comp
#   1    1   TBabs      nH         10^22    3.20000      frozen
#   2    2   simpl      Gamma               3.31293      +/-  1.06322E+08  
#   3    2   simpl      FracSctr            9.98196E-02  +/-  -1.00000     
#   4    2   simpl      UpScOnly            1.00000      frozen
#   5    3   diskbb     Tin        keV      1.42843E-02  +/-  5.55265E+12  
#   6    3   diskbb     norm                3.41458E-02  +/-  -1.00000     
#________________________________________________________________________
#
#
!XSPEC12> show fit
#
#Fit statistic  : PG-Statistic                 190.06     using 104 bins.
#
#Test statistic : Chi-Squared                  301.91     using 104 bins.
# Null hypothesis probability of 3.89e-22 with 100 degrees of freedom
#
!XSPEC12> log none
#