#XSPEC version: 12.11.0m
#Build Date/Time: Sat Nov 21 22:38:27 2020
#
!XSPEC12> show data
#
#1 file 1 spectrum 
#Spectrum 1  Spectral Data File: /home/thaddaeus/FMU/Steiner/thaddaeus/1130360160/jspipe/js_ni1130360160_0mpu7_silver_GTI1.jsgrp
#Net count rate (cts/s) for Spectrum:1  2.122e+01 +/- 2.284e-01 (95.1 % total)
# Assigned to Data Group 1 and Plot Group 1
#  Noticed Channels:  22-54,83-191
#  Telescope: NICER Instrument: XTI  Channel Type: PI
#  Exposure Time: 428.8 sec
# Using fit statistic: pgstat
# Using Background File                /home/thaddaeus/FMU/Steiner/thaddaeus/1130360160/jspipe/js_ni1130360160_0mpu7_silver_GTI1.bg
#  Background Exposure Time: 428.8 sec
# Using Response (RMF) File            /home/thaddaeus/FMU/Steiner/thaddaeus/nicer_d49_55575341.rmf for Source 1
# Using Auxiliary Response (ARF) File  /home/thaddaeus/FMU/Steiner/thaddaeus/nicer_d49_55575341.arf
#
#
!XSPEC12> show model
#
#Current model list:
#
#Model TBabs<1>(simpl<2>*diskbb<3>) Source No.: 1   Active/On
#      For Data Group(s): 1 
#
#   Using energies from responses.
#
#
!XSPEC12> show param
#
#Parameters defined:
#========================================================================
#Model TBabs<1>(simpl<2>*diskbb<3>) Source No.: 1   Active/On
#Model Model Component  Parameter  Unit     Value
# par  comp
#   1    1   TBabs      nH         10^22    3.20000      frozen
#   2    2   simpl      Gamma               1.40000      +/-  1.31367      
#   3    2   simpl      FracSctr            2.80805E-03  +/-  3.52104E-04  
#   4    2   simpl      UpScOnly            1.00000      frozen
#   5    3   diskbb     Tin        keV      0.358929     +/-  3.44703E-03  
#   6    3   diskbb     norm                6281.74      +/-  336.525      
#________________________________________________________________________
#
#
!XSPEC12> show fit
#
#Fit statistic  : PG-Statistic                 181.04     using 142 bins.
#
#Test statistic : Chi-Squared                  190.86     using 142 bins.
# Null hypothesis probability of 1.95e-03 with 138 degrees of freedom
#
!XSPEC12> log none
#