
!XSPEC12> parallel error 4
#
!XSPEC12> error 1. 3
#Apparent non-monotonicity in statistic space detected.
#Current bracket values 0.902355, -10.099
#and delta stat 0, 9.82166
#but latest trial -2.60801 gives 10.7755
#Suggest that you check this result using the steppar command.
#***Warning: New best fit found, fit parameters will be set to new values.
#Apparent non-monotonicity in statistic space detected.
#Current bracket values 0.925308, -13.3103
#and delta stat 0, 10.189
#but latest trial -3.53445 gives 10.4533
#Suggest that you check this result using the steppar command.
#***Warning: New best fit found, fit parameters will be set to new values.
#Apparent non-monotonicity in statistic space detected.
#Current bracket values 0.99928, -16.1671
#and delta stat 0, 9.84318
#but latest trial -0.627201 gives 10.3146
#Suggest that you check this result using the steppar command.
#***Warning: Parameter pegged at hard limit: 1
#     3  1.75115e-05            0    (-0.998697,-0.998714)
#
!XSPEC12> n
#
!XSPEC12> 
#
!XSPEC12> n
#
!XSPEC12> 
#
!XSPEC12> log none
#