
!XSPEC12> parallel error 4
#
!XSPEC12> error 1. 3
#
#***Warning: Number of trials exceeded before convergence.
#Current trial values 0.613906, 0.613901
#and delta statistic 0.746897, 1.33153
#
#***Warning: New best fit found, fit parameters will be set to new values.
#Apparent non-monotonicity in statistic space detected.
#Current bracket values 0.664862, 0.57596
#and delta stat 0.811846, 2.21165
#but latest trial 0.640061 gives 0.670465
#Suggest that you check this result using the steppar command.
#***Warning: Parameter pegged at hard limit: 1
#     3     0.620411            0    (-0.290076,-0.910487)
#
!XSPEC12> 
#
!XSPEC12> n
#
!XSPEC12> 
#
!XSPEC12> log none
#