#XSPEC version: 12.11.0m
#Build Date/Time: Sat Nov 21 22:38:27 2020
#
!XSPEC12> show data
#
#1 file 1 spectrum 
#Spectrum 1  Spectral Data File: /home/thaddaeus/FMU/Steiner/thaddaeus/1130360179/jspipe/js_ni1130360179_0mpu7_silver_GTI0.jsgrp
#Net count rate (cts/s) for Spectrum:1  3.572e+01 +/- 6.067e-01 (98.1 % total)
# Assigned to Data Group 1 and Plot Group 1
#  Noticed Channels:  19-45,74-174
#  Telescope: NICER Instrument: XTI  Channel Type: PI
#  Exposure Time: 98.96 sec
# Using fit statistic: pgstat
# Using Background File                /home/thaddaeus/FMU/Steiner/thaddaeus/1130360179/jspipe/js_ni1130360179_0mpu7_silver_GTI0.bg
#  Background Exposure Time: 98.96 sec
# Using Response (RMF) File            /home/thaddaeus/FMU/Steiner/thaddaeus/nicer_d49_55575341.rmf for Source 1
# Using Auxiliary Response (ARF) File  /home/thaddaeus/FMU/Steiner/thaddaeus/nicer_d49_55575341.arf
#
#
!XSPEC12> show model
#
#Current model list:
#
#Model TBabs<1>(simpl<2>*diskbb<3>) Source No.: 1   Active/On
#      For Data Group(s): 1 
#
#   Using energies from responses.
#
#
!XSPEC12> show param
#
#Parameters defined:
#========================================================================
#Model TBabs<1>(simpl<2>*diskbb<3>) Source No.: 1   Active/On
#Model Model Component  Parameter  Unit     Value
# par  comp
#   1    1   TBabs      nH         10^22    3.20000      frozen
#   2    2   simpl      Gamma               1.66992      +/-  0.321428     
#   3    2   simpl      FracSctr            3.70464E-02  +/-  8.22562E-03  
#   4    2   simpl      UpScOnly            1.00000      frozen
#   5    3   diskbb     Tin        keV      0.419043     +/-  1.14004E-02  
#   6    3   diskbb     norm                3191.85      +/-  413.068      
#________________________________________________________________________
#
#
!XSPEC12> show fit
#
#Fit statistic  : PG-Statistic                 110.48     using 128 bins.
#
#Test statistic : Chi-Squared                  116.63     using 128 bins.
# Null hypothesis probability of 6.68e-01 with 124 degrees of freedom
#
!XSPEC12> log none
#