#XSPEC version: 12.11.0m
#Build Date/Time: Sat Nov 21 22:38:27 2020
#
!XSPEC12> show data
#
#1 file 1 spectrum 
#Spectrum 1  Spectral Data File: /home/thaddaeus/FMU/Steiner/thaddaeus/1130360232/jspipe/js_ni1130360232_0mpu7_silver_GTI2.jsgrp
#Net count rate (cts/s) for Spectrum:1  3.116e+01 +/- 2.608e-01 (98.5 % total)
# Assigned to Data Group 1 and Plot Group 1
#  Noticed Channels:  22-53,82-244
#  Telescope: NICER Instrument: XTI  Channel Type: PI
#  Exposure Time: 465.5 sec
# Using fit statistic: pgstat
# Using Background File                /home/thaddaeus/FMU/Steiner/thaddaeus/1130360232/jspipe/js_ni1130360232_0mpu7_silver_GTI2.bg
#  Background Exposure Time: 465.5 sec
# Using Response (RMF) File            /home/thaddaeus/FMU/Steiner/thaddaeus/nicer_d49_u25_50_55575341.rmf for Source 1
# Using Auxiliary Response (ARF) File  /home/thaddaeus/FMU/Steiner/thaddaeus/nicer_d49_55575341.arf
#
#
!XSPEC12> show model
#
#Current model list:
#
#Model TBabs<1>(simpl<2>*diskbb<3>) Source No.: 1   Active/On
#      For Data Group(s): 1 
#
#   Using energies from responses.
#
#
!XSPEC12> show param
#
#Parameters defined:
#========================================================================
#Model TBabs<1>(simpl<2>*diskbb<3>) Source No.: 1   Active/On
#Model Model Component  Parameter  Unit     Value
# par  comp
#   1    1   TBabs      nH         10^22    3.20000      frozen
#   2    2   simpl      Gamma               1.88348      +/-  5.49337E-02  
#   3    2   simpl      FracSctr            0.214876     +/-  1.13413E-02  
#   4    2   simpl      UpScOnly            1.00000      frozen
#   5    3   diskbb     Tin        keV      0.316970     +/-  1.91157E-02  
#   6    3   diskbb     norm                4664.43      +/-  1337.02      
#________________________________________________________________________
#
#
!XSPEC12> show fit
#
#Fit statistic  : PG-Statistic                 152.06     using 195 bins.
#
#Test statistic : Chi-Squared                  162.50     using 195 bins.
# Null hypothesis probability of 9.34e-01 with 191 degrees of freedom
#
!XSPEC12> log none
#