
!XSPEC12> parallel error 4
#
!XSPEC12> error 1. 3
#Apparent non-monotonicity in statistic space detected.
#Current bracket values 0.999881, -93.5212
#and delta stat 0, 3.62064
#but latest trial -17.3507 gives 3.69182
#Suggest that you check this result using the steppar command.
#***Warning: New best fit found, fit parameters will be set to new values.
#Apparent non-monotonicity in statistic space detected.
#Current bracket values 0.999993, -167.538
#and delta stat 0, 3.72043
#but latest trial -86.378 gives 4.30267
#Suggest that you check this result using the steppar command.
#***Warning: Parameter pegged at hard limit: 1
#     3   1.0688e-05            0    (-0.999986,-0.999997)
#
!XSPEC12> n
#
!XSPEC12> 
#
!XSPEC12> n
#
!XSPEC12> 
#
!XSPEC12> log none
#