#XSPEC version: 12.11.0m
#Build Date/Time: Sat Nov 21 22:38:27 2020
#
!XSPEC12> show data
#
#1 file 1 spectrum 
#Spectrum 1  Spectral Data File: /home/thaddaeus/FMU/Steiner/thaddaeus/1130360168/jspipe/js_ni1130360168_0mpu7_silver_GTI2.jsgrp
#Net count rate (cts/s) for Spectrum:1  -8.569e-01 +/- 1.334e-01 (-14.0 % total)
# Assigned to Data Group 1 and Plot Group 1
#  Noticed Channels:  22-54,82-252
#  Telescope: NICER Instrument: XTI  Channel Type: PI
#  Exposure Time: 369.8 sec
# Using fit statistic: pgstat
# Using Background File                /home/thaddaeus/FMU/Steiner/thaddaeus/1130360168/jspipe/js_ni1130360168_0mpu7_silver_GTI2.bg
#  Background Exposure Time: 369.8 sec
# Using Response (RMF) File            /home/thaddaeus/FMU/Steiner/thaddaeus/nicer_d49_55575341.rmf for Source 1
# Using Auxiliary Response (ARF) File  /home/thaddaeus/FMU/Steiner/thaddaeus/nicer_d49_55575341.arf
#
#
!XSPEC12> show model
#
#Current model list:
#
#Model TBabs<1>(simpl<2>*diskbb<3>) Source No.: 1   Active/On
#      For Data Group(s): 1 
#
#   Using energies from responses.
#
#
!XSPEC12> show param
#
#Parameters defined:
#========================================================================
#Model TBabs<1>(simpl<2>*diskbb<3>) Source No.: 1   Active/On
#Model Model Component  Parameter  Unit     Value
# par  comp
#   1    1   TBabs      nH         10^22    3.20000      frozen
#   2    2   simpl      Gamma               3.40000      +/-  1.34254E+04  
#   3    2   simpl      FracSctr            9.99948E-05  +/-  0.653023     
#   4    2   simpl      UpScOnly            1.00000      frozen
#   5    3   diskbb     Tin        keV      0.271901     +/-  0.204301     
#   6    3   diskbb     norm                510.794      +/-  2083.11      
#________________________________________________________________________
#
#
!XSPEC12> show fit
#
#Fit statistic  : PG-Statistic                 285.94     using 204 bins.
#
#Test statistic : Chi-Squared                  367.84     using 204 bins.
# Null hypothesis probability of 4.81e-12 with 200 degrees of freedom
#
!XSPEC12> log none
#