#XSPEC version: 12.11.0m
#Build Date/Time: Sat Nov 21 22:38:27 2020
#
!XSPEC12> show data
#
#1 file 1 spectrum 
#Spectrum 1  Spectral Data File: /home/thaddaeus/FMU/Steiner/thaddaeus/1130360242/jspipe/js_ni1130360242_0mpu7_silver_GTI1.jsgrp
#Net count rate (cts/s) for Spectrum:1  -4.429e+00 +/- 4.915e-01 (-18.9 % total)
# Assigned to Data Group 1 and Plot Group 1
#  Noticed Channels:  21-51,78-249
#  Telescope: NICER Instrument: XTI  Channel Type: PI
#  Exposure Time: 101.9 sec
# Using fit statistic: pgstat
# Using Background File                /home/thaddaeus/FMU/Steiner/thaddaeus/1130360242/jspipe/js_ni1130360242_0mpu7_silver_GTI1.bg
#  Background Exposure Time: 101.9 sec
# Using Response (RMF) File            /home/thaddaeus/FMU/Steiner/thaddaeus/nicer_d49_55575341.rmf for Source 1
# Using Auxiliary Response (ARF) File  /home/thaddaeus/FMU/Steiner/thaddaeus/nicer_d49_55575341.arf
#
#
!XSPEC12> show model
#
#Current model list:
#
#Model TBabs<1>(simpl<2>*diskbb<3>) Source No.: 1   Active/On
#      For Data Group(s): 1 
#
#   Using energies from responses.
#
#
!XSPEC12> show param
#
#Parameters defined:
#========================================================================
#Model TBabs<1>(simpl<2>*diskbb<3>) Source No.: 1   Active/On
#Model Model Component  Parameter  Unit     Value
# par  comp
#   1    1   TBabs      nH         10^22    3.20000      frozen
#   2    2   simpl      Gamma               3.39088      +/-  1.39666E+05  
#   3    2   simpl      FracSctr            0.991245     +/-  3.79862E+07  
#   4    2   simpl      UpScOnly            1.00000      frozen
#   5    3   diskbb     Tin        keV      4.17151E-02  +/-  2.97184E+06  
#   6    3   diskbb     norm                4.02504E-02  +/-  8.10415E+06  
#________________________________________________________________________
#
#
!XSPEC12> show fit
#
#Fit statistic  : PG-Statistic                 355.67     using 203 bins.
#
#Test statistic : Chi-Squared                  510.95     using 203 bins.
# Null hypothesis probability of 2.57e-29 with 199 degrees of freedom
#
!XSPEC12> log none
#