#XSPEC version: 12.11.0m
#Build Date/Time: Sat Nov 21 22:38:27 2020
#
!XSPEC12> show data
#
#1 file 1 spectrum 
#Spectrum 1  Spectral Data File: /home/thaddaeus/FMU/Steiner/thaddaeus/1130360146/jspipe/js_ni1130360146_0mpu7_silver_GTI1.jsgrp
#Net count rate (cts/s) for Spectrum:1  2.547e+02 +/- 1.043e+00 (98.5 % total)
# Assigned to Data Group 1 and Plot Group 1
#  Noticed Channels:  22-54,83-246
#  Telescope: NICER Instrument: XTI  Channel Type: PI
#  Exposure Time: 237.7 sec
# Using fit statistic: pgstat
# Using Background File                /home/thaddaeus/FMU/Steiner/thaddaeus/1130360146/jspipe/js_ni1130360146_0mpu7_silver_GTI1.bg
#  Background Exposure Time: 237.7 sec
# Using Response (RMF) File            /home/thaddaeus/FMU/Steiner/thaddaeus/nicer_d49_u25_50_55575341.rmf for Source 1
# Using Auxiliary Response (ARF) File  /home/thaddaeus/FMU/Steiner/thaddaeus/nicer_d49_55575341.arf
#
#
!XSPEC12> show model
#
#Current model list:
#
#Model TBabs<1>(simpl<2>*diskbb<3>) Source No.: 1   Active/On
#      For Data Group(s): 1 
#
#   Using energies from responses.
#
#
!XSPEC12> show param
#
#Parameters defined:
#========================================================================
#Model TBabs<1>(simpl<2>*diskbb<3>) Source No.: 1   Active/On
#Model Model Component  Parameter  Unit     Value
# par  comp
#   1    1   TBabs      nH         10^22    3.20000      frozen
#   2    2   simpl      Gamma               1.40002      +/-  3.47923      
#   3    2   simpl      FracSctr            2.91101E-03  +/-  1.00578E-03  
#   4    2   simpl      UpScOnly            1.00000      frozen
#   5    3   diskbb     Tin        keV      0.593294     +/-  3.68540E-03  
#   6    3   diskbb     norm                3782.34      +/-  95.9444      
#________________________________________________________________________
#
#
!XSPEC12> show fit
#
#Fit statistic  : PG-Statistic                 208.94     using 197 bins.
#
#Test statistic : Chi-Squared                  208.42     using 197 bins.
# Null hypothesis probability of 2.12e-01 with 193 degrees of freedom
#
!XSPEC12> log none
#