#XSPEC version: 12.11.0m
#Build Date/Time: Sat Nov 21 22:38:27 2020
#
!XSPEC12> show data
#
#1 file 1 spectrum 
#Spectrum 1  Spectral Data File: /home/thaddaeus/FMU/Steiner/thaddaeus/1130360161/jspipe/js_ni1130360161_0mpu7_silver_GTI2.jsgrp
#Net count rate (cts/s) for Spectrum:1  1.044e+01 +/- 1.497e-01 (93.3 % total)
# Assigned to Data Group 1 and Plot Group 1
#  Noticed Channels:  22-53,82-164
#  Telescope: NICER Instrument: XTI  Channel Type: PI
#  Exposure Time: 501.8 sec
# Using fit statistic: pgstat
# Using Background File                /home/thaddaeus/FMU/Steiner/thaddaeus/1130360161/jspipe/js_ni1130360161_0mpu7_silver_GTI2.bg
#  Background Exposure Time: 501.8 sec
# Using Response (RMF) File            /home/thaddaeus/FMU/Steiner/thaddaeus/nicer_d49_55575341.rmf for Source 1
# Using Auxiliary Response (ARF) File  /home/thaddaeus/FMU/Steiner/thaddaeus/nicer_d49_55575341.arf
#
#
!XSPEC12> show model
#
#Current model list:
#
#Model TBabs<1>(simpl<2>*diskbb<3>) Source No.: 1   Active/On
#      For Data Group(s): 1 
#
#   Using energies from responses.
#
#
!XSPEC12> show param
#
#Parameters defined:
#========================================================================
#Model TBabs<1>(simpl<2>*diskbb<3>) Source No.: 1   Active/On
#Model Model Component  Parameter  Unit     Value
# par  comp
#   1    1   TBabs      nH         10^22    3.20000      frozen
#   2    2   simpl      Gamma               2.52937      +/-  1.06884      
#   3    2   simpl      FracSctr            4.71390E-03  +/-  5.80562E-03  
#   4    2   simpl      UpScOnly            1.00000      frozen
#   5    3   diskbb     Tin        keV      0.310483     +/-  5.13141E-03  
#   6    3   diskbb     norm                8056.34      +/-  749.524      
#________________________________________________________________________
#
#
!XSPEC12> show fit
#
#Fit statistic  : PG-Statistic                 130.76     using 115 bins.
#
#Test statistic : Chi-Squared                  141.30     using 115 bins.
# Null hypothesis probability of 2.76e-02 with 111 degrees of freedom
#
!XSPEC12> log none
#