#XSPEC version: 12.11.0m
#Build Date/Time: Sat Nov 21 22:38:27 2020
#
!XSPEC12> show data
#
#1 file 1 spectrum 
#Spectrum 1  Spectral Data File: /home/thaddaeus/FMU/Steiner/thaddaeus/1130360286/jspipe/js_ni1130360286_0mpu7_silver_GTI1.jsgrp
#Net count rate (cts/s) for Spectrum:1  1.872e+00 +/- 5.628e-02 (54.5 % total)
# Assigned to Data Group 1 and Plot Group 1
#  Noticed Channels:  22-54,83-253
#  Telescope: NICER Instrument: XTI  Channel Type: PI
#  Exposure Time: 1160 sec
# Using fit statistic: pgstat
# Using Background File                /home/thaddaeus/FMU/Steiner/thaddaeus/1130360286/jspipe/js_ni1130360286_0mpu7_silver_GTI1.bg
#  Background Exposure Time: 1160 sec
# Using Response (RMF) File            /home/thaddaeus/FMU/Steiner/thaddaeus/nicer_d49_55575341.rmf for Source 1
# Using Auxiliary Response (ARF) File  /home/thaddaeus/FMU/Steiner/thaddaeus/nicer_d49_55575341.arf
#
#
!XSPEC12> show model
#
#Current model list:
#
#Model TBabs<1>(diskbb<2> + nthComp<3>) Source No.: 1   Active/On
#      For Data Group(s): 1 
#
#   Using energies from responses.
#
#
!XSPEC12> show param
#
#Parameters defined:
#========================================================================
#Model TBabs<1>(diskbb<2> + nthComp<3>) Source No.: 1   Active/On
#Model Model Component  Parameter  Unit     Value
# par  comp
#   1    1   TBabs      nH         10^22    3.20000      frozen
#   2    2   diskbb     Tin        keV      1.67126E-02  +/-  5.10844      
#   3    2   diskbb     norm                5.75334E+19  +/-  5.07768E+23  
#   4    3   nthComp    Gamma               2.06929      +/-  7.64240E-02  
#   5    3   nthComp    kT_e       keV      100.000      frozen
#   6    3   nthComp    kT_bb      keV      1.67126E-02  = p2
#   7    3   nthComp    inp_type   0/1      1.00000      frozen
#   8    3   nthComp    Redshift            0.0          frozen
#   9    3   nthComp    norm                8.12571E-03  +/-  1.06902E-03  
#________________________________________________________________________
#
#
!XSPEC12> show fit
#
#Fit statistic  : PG-Statistic                 366.68     using 204 bins.
#
#Test statistic : Chi-Squared                  277.80     using 204 bins.
# Null hypothesis probability of 2.25e-04 with 200 degrees of freedom
#
!XSPEC12> log none
#