#XSPEC version: 12.11.0m
#Build Date/Time: Sat Nov 21 22:38:27 2020
#
!XSPEC12> show data
#
#1 file 1 spectrum 
#Spectrum 1  Spectral Data File: /home/thaddaeus/FMU/Steiner/thaddaeus/1130360181/jspipe/js_ni1130360181_0mpu7_silver_GTI3.jsgrp
#Net count rate (cts/s) for Spectrum:1  8.407e+01 +/- 3.912e-01 (96.8 % total)
# Assigned to Data Group 1 and Plot Group 1
#  Noticed Channels:  22-54,83-237
#  Telescope: NICER Instrument: XTI  Channel Type: PI
#  Exposure Time: 569.1 sec
# Using fit statistic: pgstat
# Using Background File                /home/thaddaeus/FMU/Steiner/thaddaeus/1130360181/jspipe/js_ni1130360181_0mpu7_silver_GTI3.bg
#  Background Exposure Time: 569.1 sec
# Using Response (RMF) File            /home/thaddaeus/FMU/Steiner/thaddaeus/nicer_d49_u12p5_25_55575341.rmf for Source 1
# Using Auxiliary Response (ARF) File  /home/thaddaeus/FMU/Steiner/thaddaeus/nicer_d49_55575341.arf
#
#
!XSPEC12> show model
#
#Current model list:
#
#Model TBabs<1>(diskbb<2> + nthComp<3>) Source No.: 1   Active/On
#      For Data Group(s): 1 
#
#   Using energies from responses.
#
#
!XSPEC12> show param
#
#Parameters defined:
#========================================================================
#Model TBabs<1>(diskbb<2> + nthComp<3>) Source No.: 1   Active/On
#Model Model Component  Parameter  Unit     Value
# par  comp
#   1    1   TBabs      nH         10^22    3.20000      frozen
#   2    2   diskbb     Tin        keV      0.482354     +/-  3.68135E-03  
#   3    2   diskbb     norm                4076.60      +/-  94.9693      
#   4    3   nthComp    Gamma               3.00000      +/-  3.04260      
#   5    3   nthComp    kT_e       keV      100.000      frozen
#   6    3   nthComp    kT_bb      keV      0.482354     = p2
#   7    3   nthComp    inp_type   0/1      1.00000      frozen
#   8    3   nthComp    Redshift            0.0          frozen
#   9    3   nthComp    norm                1.67295E-02  +/-  2.67480E-02  
#________________________________________________________________________
#
#
!XSPEC12> show fit
#
#Fit statistic  : PG-Statistic                 290.39     using 188 bins.
#
#Test statistic : Chi-Squared                  332.06     using 188 bins.
# Null hypothesis probability of 1.38e-10 with 184 degrees of freedom
#
!XSPEC12> log none
#