#XSPEC version: 12.11.0m
#Build Date/Time: Sat Nov 21 22:38:27 2020
#
!XSPEC12> show data
#
#1 file 1 spectrum 
#Spectrum 1  Spectral Data File: /home/thaddaeus/FMU/Steiner/thaddaeus/1130360272/jspipe/js_ni1130360272_0mpu7_silver_GTI2.jsgrp
#Net count rate (cts/s) for Spectrum:1  1.066e+00 +/- 5.679e-02 (71.6 % total)
# Assigned to Data Group 1 and Plot Group 1
#  Noticed Channels:  21-37,66-154
#  Telescope: NICER Instrument: XTI  Channel Type: PI
#  Exposure Time: 468.6 sec
# Using fit statistic: pgstat
# Using Background File                /home/thaddaeus/FMU/Steiner/thaddaeus/1130360272/jspipe/js_ni1130360272_0mpu7_silver_GTI2.bg
#  Background Exposure Time: 468.6 sec
# Using Response (RMF) File            /home/thaddaeus/FMU/Steiner/thaddaeus/nicer_d49_u150_200_55575341.rmf for Source 1
# Using Auxiliary Response (ARF) File  /home/thaddaeus/FMU/Steiner/thaddaeus/nicer_d49_55575341.arf
#
#
!XSPEC12> show model
#
#Current model list:
#
#Model TBabs<1>(diskbb<2> + nthComp<3>) Source No.: 1   Active/On
#      For Data Group(s): 1 
#
#   Using energies from responses.
#
#
!XSPEC12> show param
#
#Parameters defined:
#========================================================================
#Model TBabs<1>(diskbb<2> + nthComp<3>) Source No.: 1   Active/On
#Model Model Component  Parameter  Unit     Value
# par  comp
#   1    1   TBabs      nH         10^22    3.20000      frozen
#   2    2   diskbb     Tin        keV      0.516063     +/-  3.69471      
#   3    2   diskbb     norm                4.98683E-14  +/-  17.2302      
#   4    3   nthComp    Gamma               1.51242      +/-  0.293315     
#   5    3   nthComp    kT_e       keV      100.000      frozen
#   6    3   nthComp    kT_bb      keV      0.516063     = p2
#   7    3   nthComp    inp_type   0/1      1.00000      frozen
#   8    3   nthComp    Redshift            0.0          frozen
#   9    3   nthComp    norm                2.59814E-03  +/-  8.63877E-03  
#________________________________________________________________________
#
#
!XSPEC12> show fit
#
#Fit statistic  : PG-Statistic                  93.68     using 106 bins.
#
#Test statistic : Chi-Squared                  103.91     using 106 bins.
# Null hypothesis probability of 4.29e-01 with 102 degrees of freedom
#
!XSPEC12> log none
#