#XSPEC version: 12.11.0m
#Build Date/Time: Sat Nov 21 22:38:27 2020
#
!XSPEC12> show data
#
#1 file 1 spectrum 
#Spectrum 1  Spectral Data File: /home/thaddaeus/FMU/Steiner/thaddaeus/2130360202/jspipe/js_ni2130360202_0mpu7_silver_GTI1.jsgrp
#Net count rate (cts/s) for Spectrum:1  1.040e+00 +/- 4.236e-02 (67.1 % total)
# Assigned to Data Group 1 and Plot Group 1
#  Noticed Channels:  22-46,75-201
#  Telescope: NICER Instrument: XTI  Channel Type: PI
#  Exposure Time: 891.7 sec
# Using fit statistic: pgstat
# Using Background File                /home/thaddaeus/FMU/Steiner/thaddaeus/2130360202/jspipe/js_ni2130360202_0mpu7_silver_GTI1.bg
#  Background Exposure Time: 891.7 sec
# Using Response (RMF) File            /home/thaddaeus/FMU/Steiner/thaddaeus/nicer_d49_55575341.rmf for Source 1
# Using Auxiliary Response (ARF) File  /home/thaddaeus/FMU/Steiner/thaddaeus/nicer_d49_55575341.arf
#
#
!XSPEC12> show model
#
#Current model list:
#
#Model TBabs<1>(diskbb<2> + nthComp<3>) Source No.: 1   Active/On
#      For Data Group(s): 1 
#
#   Using energies from responses.
#
#
!XSPEC12> show param
#
#Parameters defined:
#========================================================================
#Model TBabs<1>(diskbb<2> + nthComp<3>) Source No.: 1   Active/On
#Model Model Component  Parameter  Unit     Value
# par  comp
#   1    1   TBabs      nH         10^22    3.20000      frozen
#   2    2   diskbb     Tin        keV      1.00000E-02  +/-  2.17662      
#   3    2   diskbb     norm                2.41935E+19  +/-  1.39530E+32  
#   4    3   nthComp    Gamma               1.36893      +/-  9.90185E-02  
#   5    3   nthComp    kT_e       keV      100.000      frozen
#   6    3   nthComp    kT_bb      keV      1.00000E-02  = p2
#   7    3   nthComp    inp_type   0/1      1.00000      frozen
#   8    3   nthComp    Redshift            0.0          frozen
#   9    3   nthComp    norm                2.60909E-03  +/-  1.11078E-03  
#________________________________________________________________________
#
#
!XSPEC12> show fit
#
#Fit statistic  : PG-Statistic                 177.19     using 152 bins.
#
#Test statistic : Chi-Squared                  202.71     using 152 bins.
# Null hypothesis probability of 1.90e-03 with 148 degrees of freedom
#
!XSPEC12> log none
#