
!XSPEC12> error 1. 4 7 12
#     4     -8.07706     -8.07496    (-0.00104974,0.00104784)
#
#***Warning: Number of trials exceeded before bracketing of delta fit-stat.
#Last attempt: 100, with delta statistic: 0.155566
#
#
#*** Parameter lower bound is INVALID.
#
#***Warning: Identical values of the parameter give different values of the statistic.
#Please check your result for the high end of the confidence range.
#     7            0     -91.5838    (75.5838,-16)
#***Warning: Identical values of the parameter give different values of the statistic.
#Please check your result for the low end of the confidence range.
#
#***Warning: Number of trials exceeded before bracketing of delta fit-stat.
#Last attempt: -100, with delta statistic: 0.157926
#
#
#*** Parameter upper bound is INVALID.
#
#    12     -74.7835            0    (4,78.7835)
#
!XSPEC12> n
#
!XSPEC12> 
#
!XSPEC12> log none
#