
!XSPEC12> error 1. 4 7 12
#***Warning: New best fit found, fit parameters will be set to new values.
#***Warning: Identical values of the parameter give different values of the statistic.
#Please check your result for the low end of the confidence range.
#***Warning: Identical values of the parameter give different values of the statistic.
#Please check your result for the high end of the confidence range.
#     4     -7.59742     -8.59742    (0.5,-0.5)
#***Warning: Identical values of the parameter give different values of the statistic.
#Please check your result for the low end of the confidence range.
#***Warning: Identical values of the parameter give different values of the statistic.
#Please check your result for the high end of the confidence range.
#     7     -76.2833     -96.2833    (4,-16)
#***Warning: Identical values of the parameter give different values of the statistic.
#Please check your result for the low end of the confidence range.
#***Warning: Identical values of the parameter give different values of the statistic.
#Please check your result for the high end of the confidence range.
#    12     -74.8623     -86.8623    (8,-4)
#
!XSPEC12> n
#
!XSPEC12> 
#
!XSPEC12> n
#
!XSPEC12> 
#
!XSPEC12> log none
#