
!XSPEC12> error 1. 4 7 12
#***Warning: New best fit found, fit parameters will be set to new values.
#     4     -8.10324     -8.10006    (-0.00159047,0.00158652)
#***Warning: Identical values of the parameter give different values of the statistic.
#Please check your result for the low end of the confidence range.
#***Warning: Identical values of the parameter give different values of the statistic.
#Please check your result for the high end of the confidence range.
#     7     -1.01556     -7.01556    (4,-2)
#***Warning: Identical values of the parameter give different values of the statistic.
#Please check your result for the low end of the confidence range.
#***Warning: Identical values of the parameter give different values of the statistic.
#Please check your result for the high end of the confidence range.
#    12     -5.49346     -11.4935    (2,-4)
#
!XSPEC12> n
#
!XSPEC12> 
#
!XSPEC12> n
#
!XSPEC12> 
#
!XSPEC12> log none
#