
!XSPEC12> error 1. 4 7 12
#     4     -9.47001     -9.36946    (-0.0520065,0.0485368)
#***Warning: Identical values of the parameter give different values of the statistic.
#Please check your result for the low end of the confidence range.
#***Warning: Identical values of the parameter give different values of the statistic.
#Please check your result for the high end of the confidence range.
#     7     -9.93418     -27.9342    (2,-16)
#***Warning: Identical values of the parameter give different values of the statistic.
#Please check your result for the low end of the confidence range.
#***Warning: Identical values of the parameter give different values of the statistic.
#Please check your result for the high end of the confidence range.
#    12     -4.06603      -14.066    (8,-2)
#
!XSPEC12> n
#
!XSPEC12> 
#
!XSPEC12> n
#
!XSPEC12> 
#
!XSPEC12> log none
#