
!XSPEC12> error 1. 4 7 12
#Apparent non-monotonicity in statistic space detected.
#Current bracket values -6.98886, -6.92953
#and delta stat 0.984646, 13309.5
#but latest trial -6.98885 gives 0.877256
#Suggest that you check this result using the steppar command.
#     4     -6.98987     -6.95919    (-0.00050497,0.0301703)
#***Warning: Identical values of the parameter give different values of the statistic.
#Please check your result for the low end of the confidence range.
#
#***Warning: Number of trials exceeded before bracketing of delta fit-stat.
#Last attempt: -100, with delta statistic: 0
#
#
#*** Parameter upper bound is INVALID.
#
#     7      45.1576            0    (128,82.8424)
#***Warning: Parameter pegged at hard limit: 100
#    12     -97.2527            0    (-32.3857,64.867)
#
!XSPEC12> 
#
!XSPEC12> n
#
!XSPEC12> 
#
!XSPEC12> log none
#