
!XSPEC12> error 1. 4 7 12
#     4      -8.9931       -8.982    (-0.00555984,0.00553545)
#Apparent non-monotonicity in statistic space detected.
#Current bracket values -12.4135, -27.5198
#and delta stat 1.56456e-09, 2023.46
#but latest trial -12.6224 gives 1.48589e-10
#Suggest that you check this result using the steppar command.
#Apparent non-monotonicity in statistic space detected.
#Current bracket values -12.0073, -8.20766
#and delta stat 1.167e-10, 10368.3
#but latest trial -10.1075 gives 3.0866e-11
#Suggest that you check this result using the steppar command.
#     7     -19.9667     -10.1075    (-7.89658,1.96262)
#Apparent non-monotonicity in statistic space detected.
#Current bracket values -12.0956, -15.7475
#and delta stat 9.00471e-09, 1370.35
#but latest trial -13.9215 gives 1.13602e-10
#Suggest that you check this result using the steppar command.
#Apparent non-monotonicity in statistic space detected.
#Current bracket values -11.8021, -4.29478
#and delta stat 2.59794e-09, 3566.77
#but latest trial -11.7241 gives 2.99281e-11
#Suggest that you check this result using the steppar command.
#    12     -13.9215     -8.04844    (-1.9916,3.88151)
#
!XSPEC12> n
#
!XSPEC12> 
#
!XSPEC12> n
#
!XSPEC12> 
#
!XSPEC12> log none
#