
!XSPEC12> error 1. 4 7 12
#     4     -8.10589     -8.10159    (-0.00214766,0.00214419)
#
#***Warning: Number of trials exceeded before convergence.
#Current trial values 93.4661, -100
#and delta statistic 0, 6513.75
#
#***Warning: Parameter pegged at hard limit: 100
#     7      3.92464            0    (-89.5415,-93.4661)
#***Warning: Identical values of the parameter give different values of the statistic.
#Please check your result for the low end of the confidence range.
#
#***Warning: Number of trials exceeded before bracketing of delta fit-stat.
#Last attempt: -100, with delta statistic: 5.68434e-13
#
#
#*** Parameter upper bound is INVALID.
#
#    12     -34.1213            0    (64,98.1213)
#
!XSPEC12> n
#
!XSPEC12> 
#
!XSPEC12> log none
#