
!XSPEC12> error 1. 4 7 12
#     4     -9.61421     -9.60216    (-0.00611624,0.00594077)
#***Warning: Identical values of the parameter give different values of the statistic.
#Please check your result for the low end of the confidence range.
#
#***Warning: Number of trials exceeded before bracketing of delta fit-stat.
#Last attempt: -100, with delta statistic: 0.000207721
#
#
#*** Parameter upper bound is INVALID.
#
#     7      72.4066            0    (128,55.5934)
#Apparent non-monotonicity in statistic space detected.
#Current bracket values -45.9231, -100
#and delta stat 0.00170287, 27193.9
#but latest trial -72.9615 gives 0
#Suggest that you check this result using the steppar command.
#***Warning: Parameter pegged at hard limit: 100
#    12     -72.9615            0    (-171.388,-98.4261)
#
!XSPEC12> 
#
!XSPEC12> n
#
!XSPEC12> 
#
!XSPEC12> log none
#