
!XSPEC12> error 1. 4 7 12
#     4     -9.66564     -9.65283    (-0.00636169,0.00644052)
#***Warning: Identical values of the parameter give different values of the statistic.
#Please check your result for the low end of the confidence range.
#
#***Warning: Number of trials exceeded before bracketing of delta fit-stat.
#Last attempt: -100, with delta statistic: 0
#
#
#*** Parameter upper bound is INVALID.
#
#     7      68.2581            0    (128,59.7419)
#Apparent non-monotonicity in statistic space detected.
#Current bracket values -35.0208, -100
#and delta stat 0, 752.733
#but latest trial -99.9769 gives 1366.92
#Suggest that you check this result using the steppar command.
#***Warning: Parameter pegged at hard limit: 100
#    12     -67.5104            0    (-32.4896,35.0208)
#
!XSPEC12> 
#
!XSPEC12> n
#
!XSPEC12> 
#
!XSPEC12> log none
#