
!XSPEC12> error 1. 4 7 12
#     4     -9.40553     -9.38755    (-0.009009,0.00897184)
#***Warning: Identical values of the parameter give different values of the statistic.
#Please check your result for the low end of the confidence range.
#
#***Warning: Number of trials exceeded before bracketing of delta fit-stat.
#Last attempt: -100, with delta statistic: 2.83497e-05
#
#
#*** Parameter upper bound is INVALID.
#
#     7       -91.91            0    (8,99.91)
#***Warning: Identical values of the parameter give different values of the statistic.
#Please check your result for the low end of the confidence range.
#***Warning: Identical values of the parameter give different values of the statistic.
#Please check your result for the high end of the confidence range.
#    12     -95.1044     -99.6044    (4,-0.5)
#
!XSPEC12> 
#
!XSPEC12> n
#
!XSPEC12> 
#
!XSPEC12> log none
#