
!XSPEC12> error 1. 4 7 12
#     4     -8.91464     -8.90732    (-0.00366734,0.00365432)
#***Warning: Identical values of the parameter give different values of the statistic.
#Please check your result for the low end of the confidence range.
#***Warning: Identical values of the parameter give different values of the statistic.
#Please check your result for the high end of the confidence range.
#     7       -10.07       -20.07    (2,-8)
#***Warning: Identical values of the parameter give different values of the statistic.
#Please check your result for the low end of the confidence range.
#***Warning: Identical values of the parameter give different values of the statistic.
#Please check your result for the high end of the confidence range.
#    12     -3.97533     -13.9753    (8,-2)
#
!XSPEC12> n
#
!XSPEC12> 
#
!XSPEC12> n
#
!XSPEC12> 
#
!XSPEC12> log none
#