
!XSPEC12> error 1. 4 7 12
#***Warning: New best fit found, fit parameters will be set to new values.
#***Warning: New best fit found, fit parameters will be set to new values.
#     4     -8.06892      -8.0637    (-0.00261424,0.00260345)
#Apparent non-monotonicity in statistic space detected.
#Current bracket values -9.42239, -11.1875
#and delta stat 3.27498e-08, 66.5897
#but latest trial -10.305 gives 16999.2
#Suggest that you check this result using the steppar command.
#Apparent non-monotonicity in statistic space detected.
#Current bracket values -5.15307, -1.6215
#and delta stat 3.40583e-07, 66.802
#but latest trial -4.89777 gives 1.85575e-07
#Suggest that you check this result using the steppar command.
#     7      -10.305     -3.38728    (-3.4833,3.43438)
#Apparent non-monotonicity in statistic space detected.
#Current bracket values -9.08286, -13.8142
#and delta stat 2.51067e-08, 66.8009
#but latest trial -9.45348 gives 1.94177e-10
#Suggest that you check this result using the steppar command.
#Apparent non-monotonicity in statistic space detected.
#Current bracket values -7.0498, -3.03238
#and delta stat 4.78906e-08, 67.5392
#but latest trial -5.04109 gives 16902.9
#Suggest that you check this result using the steppar command.
#    12     -11.4485     -5.04109    (-3.02524,3.38219)
#
!XSPEC12> n
#
!XSPEC12> 
#
!XSPEC12> n
#
!XSPEC12> 
#
!XSPEC12> log none
#