
!XSPEC12> error 1. 4 7 12
#     4     -8.45617     -8.45193    (-0.00212348,0.00211532)
#***Warning: Identical values of the parameter give different values of the statistic.
#Please check your result for the low end of the confidence range.
#***Warning: Identical values of the parameter give different values of the statistic.
#Please check your result for the high end of the confidence range.
#     7     -82.8175     -94.8175    (4,-8)
#***Warning: Identical values of the parameter give different values of the statistic.
#Please check your result for the low end of the confidence range.
#
#***Warning: Number of trials exceeded before bracketing of delta fit-stat.
#Last attempt: -100, with delta statistic: 0.00228332
#
#
#*** Parameter upper bound is INVALID.
#
#    12     -84.5527            0    (4,88.5527)
#
!XSPEC12> 
#
!XSPEC12> n
#
!XSPEC12> 
#
!XSPEC12> log none
#