
!XSPEC12> error 1. 4 7 12
#     4     -7.00121     -7.00011    (-0.000507909,0.00058685)
#***Warning: Identical values of the parameter give different values of the statistic.
#Please check your result for the low end of the confidence range.
#
#***Warning: Number of trials exceeded before bracketing of delta fit-stat.
#Last attempt: -100, with delta statistic: 0
#
#
#*** Parameter upper bound is INVALID.
#
#     7     -20.4354            0    (8,28.4354)
#
#***Warning: Number of trials exceeded before bracketing of delta fit-stat.
#Last attempt: 100, with delta statistic: 0
#
#
#*** Parameter lower bound is INVALID.
#
#***Warning: Identical values of the parameter give different values of the statistic.
#Please check your result for the high end of the confidence range.
#    12            0     -87.2916    (23.2916,-64)
#
!XSPEC12> n
#
!XSPEC12> 
#
!XSPEC12> log none
#