#XSPEC version: 12.11.0m
#Build Date/Time: Sat Nov 21 22:38:27 2020
#
!XSPEC12> show data
#
#1 file 1 spectrum 
#Spectrum 1  Spectral Data File: /home/thaddaeus/FMU/Steiner/thaddaeus/2130360201/jspipe/js_ni2130360201_0mpu7_silver_GTI3.jsgrp
#Net count rate (cts/s) for Spectrum:1  2.363e+00 +/- 1.025e-01 (81.2 % total)
# Assigned to Data Group 1 and Plot Group 1
#  Noticed Channels:  21-41,70-162
#  Telescope: NICER Instrument: XTI  Channel Type: PI
#  Exposure Time: 278.8 sec
# Using fit statistic: pgstat
# Using Background File                /home/thaddaeus/FMU/Steiner/thaddaeus/2130360201/jspipe/js_ni2130360201_0mpu7_silver_GTI3.bg
#  Background Exposure Time: 278.8 sec
# Using Response (RMF) File            /home/thaddaeus/FMU/Steiner/thaddaeus/nicer_d48_u12p5_25_53019466.rmf for Source 1
# Using Auxiliary Response (ARF) File  /home/thaddaeus/FMU/Steiner/thaddaeus/nicer_d48_53019466.arf
#
#
!XSPEC12> show model
#
#Current model list:
#
#Model TBabs<1>*cflux<2>(cflux<3>*diskbb<4> + cflux<5>*nthComp<6>) Source No.: 1   Active/On
#      For Data Group(s): 1 
#
#   Using energies from responses.
#
#
!XSPEC12> show param
#
#Parameters defined:
#========================================================================
#Model TBabs<1>*cflux<2>(cflux<3>*diskbb<4> + cflux<5>*nthComp<6>) Source No.: 1   Active/On
#Model Model Component  Parameter  Unit     Value
# par  comp
#   1    1   TBabs      nH         10^22    3.20000      frozen
#   2    2   cflux      Emin       keV      0.500000     frozen
#   3    2   cflux      Emax       keV      10.0000      frozen
#   4    2   cflux      lg10Flux   cgs      -10.2617     +/-  1.38590      
#   5    3   cflux      Emin       keV      0.500000     frozen
#   6    3   cflux      Emax       keV      10.0000      frozen
#   7    3   cflux      lg10Flux   cgs      -61.6614     +/-  -1.00000     
#   8    4   diskbb     Tin        keV      7.48951E-02  frozen
#   9    4   diskbb     norm                8.44817E+07  frozen
#  10    5   cflux      Emin       keV      0.500000     frozen
#  11    5   cflux      Emax       keV      10.0000      frozen
#  12    5   cflux      lg10Flux   cgs      -31.2802     +/-  1.45139E+15  
#  13    6   nthComp    Gamma               1.34079      frozen
#  14    6   nthComp    kT_e       keV      100.000      frozen
#  15    6   nthComp    kT_bb      keV      7.48951E-02  = p8
#  16    6   nthComp    inp_type   0/1      1.00000      frozen
#  17    6   nthComp    Redshift            0.0          frozen
#  18    6   nthComp    norm                5.40473E-03  frozen
#________________________________________________________________________
#
#
!XSPEC12> log none
#