
!XSPEC12> error 1. 4 7 12
#     4     -8.78685     -8.77996    (-0.00344731,0.00343718)
#***Warning: Identical values of the parameter give different values of the statistic.
#Please check your result for the low end of the confidence range.
#
#***Warning: Number of trials exceeded before bracketing of delta fit-stat.
#Last attempt: -100, with delta statistic: 0.00307939
#
#
#*** Parameter upper bound is INVALID.
#
#     7     -8.04213            0    (4,12.0421)
#***Warning: Identical values of the parameter give different values of the statistic.
#Please check your result for the low end of the confidence range.
#***Warning: Identical values of the parameter give different values of the statistic.
#Please check your result for the high end of the confidence range.
#    12     -3.95791     -13.9579    (8,-2)
#
!XSPEC12> 
#
!XSPEC12> n
#
!XSPEC12> 
#
!XSPEC12> log none
#