
!XSPEC12> error 1. 4 7 12
#     4     -8.11343     -8.10937    (-0.002031,0.00202431)
#
#***Warning: Number of trials exceeded before bracketing of delta fit-stat.
#Last attempt: 100, with delta statistic: 0.544944
#
#
#*** Parameter lower bound is INVALID.
#
#***Warning: Identical values of the parameter give different values of the statistic.
#Please check your result for the high end of the confidence range.
#     7            0     -69.0254    (65.0254,-4)
#***Warning: Identical values of the parameter give different values of the statistic.
#Please check your result for the low end of the confidence range.
#
#***Warning: Number of trials exceeded before bracketing of delta fit-stat.
#Last attempt: -100, with delta statistic: 0.553276
#
#
#*** Parameter upper bound is INVALID.
#
#    12     -63.9015            0    (4,67.9015)
#
!XSPEC12> n
#
!XSPEC12> 
#
!XSPEC12> log none
#