
!XSPEC12> error 1. 4 7 12
#     4     -8.10959     -8.10633    (-0.00163001,0.0016298)
#
#***Warning: Number of trials exceeded before convergence.
#Current trial values -96.143, -96.349
#and delta statistic 0.396435, 1.06614
#
#***Warning: Parameter pegged at hard limit: 100
#     7     -96.3296            0    (-125.193,-28.8636)
#***Warning: Identical values of the parameter give different values of the statistic.
#Please check your result for the low end of the confidence range.
#
#***Warning: Number of trials exceeded before bracketing of delta fit-stat.
#Last attempt: -100, with delta statistic: 9.66473e-08
#
#
#*** Parameter upper bound is INVALID.
#
#    12      -75.684            0    (16,91.684)
#
!XSPEC12> n
#
!XSPEC12> 
#
!XSPEC12> log none
#