
!XSPEC12> error 1. 4 7 12
#***Warning: New best fit found, fit parameters will be set to new values.
#     4     -8.88459     -8.87442    (-0.00509686,0.00506705)
#Apparent non-monotonicity in statistic space detected.
#Current bracket values -58.7992, -68.0217
#and delta stat 0.000182937, 8967.47
#but latest trial -63.4105 gives 0.000153779
#Suggest that you check this result using the steppar command.
#Apparent non-monotonicity in statistic space detected.
#Current bracket values -58.5483, -53.9482
#and delta stat 0.000180368, 2654.34
#but latest trial -58.4929 gives 3.5363e-06
#Suggest that you check this result using the steppar command.
#     7     -63.4105     -56.2483    (-4.77107,2.3911)
#Apparent non-monotonicity in statistic space detected.
#Current bracket values -58.7647, -63.3675
#and delta stat 0.000182725, 2654.32
#but latest trial -58.8202 gives 4.03142e-06
#Suggest that you check this result using the steppar command.
#Apparent non-monotonicity in statistic space detected.
#Current bracket values -58.5047, -49.2858
#and delta stat 0.000174068, 8927.88
#but latest trial -58.4595 gives 0.000147582
#Suggest that you check this result using the steppar command.
#    12     -61.0661     -53.8953    (-2.3925,4.77835)
#
!XSPEC12> n
#
!XSPEC12> 
#
!XSPEC12> n
#
!XSPEC12> 
#
!XSPEC12> log none
#