
!XSPEC12> error 1. 4 7 12
#     4     -8.59844     -8.59372    (-0.00236787,0.00235837)
#Apparent non-monotonicity in statistic space detected.
#Current bracket values -10.8564, -14.2696
#and delta stat 1.12763e-07, 14686.7
#but latest trial -12.563 gives 8.21672e-11
#Suggest that you check this result using the steppar command.
#Apparent non-monotonicity in statistic space detected.
#Current bracket values -8.88377, -3.8917
#and delta stat 1.12827e-06, 30.3347
#but latest trial -5.45935 gives 30.336
#Suggest that you check this result using the steppar command.
#     7      -12.563     -6.38774    (-1.75269,4.42255)
#Apparent non-monotonicity in statistic space detected.
#Current bracket values -16.936, -17.409
#and delta stat 2.436e-06, 30.3241
#but latest trial -17.1725 gives 2.00736e-07
#Suggest that you check this result using the steppar command.
#Apparent non-monotonicity in statistic space detected.
#Current bracket values -10.9349, -9.61058
#and delta stat 1.00265e-07, 78.074
#but latest trial -10.2727 gives 7.56822e-09
#Suggest that you check this result using the steppar command.
#    12     -17.1725     -10.2727    (-3.98388,2.9159)
#
!XSPEC12> n
#
!XSPEC12> 
#
!XSPEC12> n
#
!XSPEC12> 
#
!XSPEC12> log none
#