
!XSPEC12> error 1. 4 7 12
#***Warning: New best fit found, fit parameters will be set to new values.
#     4     -9.57025      -9.5537    (-0.00840715,0.00814494)
#
#***Warning: Number of trials exceeded before bracketing of delta fit-stat.
#Last attempt: 100, with delta statistic: 1.07097e-05
#
#
#*** Parameter lower bound is INVALID.
#
#
#***Warning: Number of trials exceeded before bracketing of delta fit-stat.
#Last attempt: -100, with delta statistic: 9.23101e-08
#
#
#*** Parameter upper bound is INVALID.
#
#     7            0            0    (96.3726,96.3726)
#***Warning: Parameter pegged at hard limit: -100
#***Warning: Parameter pegged at hard limit: 100
#    12            0            0    (-99.9754,-99.9754)
#
!XSPEC12> n
#
!XSPEC12> 
#
!XSPEC12> log none
#