
!XSPEC12> error 1. 4 7 12
#     4     -8.10281     -8.09932    (-0.00174637,0.00174173)
#***Warning: Identical values of the parameter give different values of the statistic.
#Please check your result for the low end of the confidence range.
#***Warning: Identical values of the parameter give different values of the statistic.
#Please check your result for the high end of the confidence range.
#     7      -93.636      -98.136    (4,-0.5)
#***Warning: Identical values of the parameter give different values of the statistic.
#Please check your result for the low end of the confidence range.
#
#***Warning: Number of trials exceeded before bracketing of delta fit-stat.
#Last attempt: -100, with delta statistic: 0
#
#
#*** Parameter upper bound is INVALID.
#
#    12          -96            0    (4,100)
#
!XSPEC12> 
#
!XSPEC12> n
#
!XSPEC12> 
#
!XSPEC12> log none
#