
!XSPEC12> error 1. 4 7 12
#***Warning: New best fit found, fit parameters will be set to new values.
#     4     -10.2087     -9.98931    (-0.0966537,0.122752)
#***Warning: Parameter pegged at hard limit: -100
#***Warning: New best fit found, fit parameters will be set to new values.
#     4     -10.2049     -9.99225    (-0.116785,0.0958476)
#***Warning: Identical values of the parameter give different values of the statistic.
#Please check your result for the low end of the confidence range.
#***Warning: Identical values of the parameter give different values of the statistic.
#Please check your result for the high end of the confidence range.
#     7     -91.9154     -97.9154    (4,-2)
#***Warning: Identical values of the parameter give different values of the statistic.
#Please check your result for the low end of the confidence range.
#
#***Warning: Number of trials exceeded before bracketing of delta fit-stat.
#Last attempt: -100, with delta statistic: 0.0541325
#
#
#*** Parameter upper bound is INVALID.
#
#    12     -92.0921            0    (4,96.0921)
#
!XSPEC12> 
#
!XSPEC12> n
#
!XSPEC12> 
#
!XSPEC12> log none
#