
!XSPEC12> error 1. 4 7 12
#***Warning: New best fit found, fit parameters will be set to new values.
#     4     -10.3874     -10.3668    (-0.0102307,0.0104327)
#***Warning: New best fit found, fit parameters will be set to new values.
#     4     -9.81716     -9.46936    (-0.203661,0.144134)
#
#***Warning: Number of trials exceeded before bracketing of delta fit-stat.
#Last attempt: 100, with delta statistic: 8.3875e-06
#
#
#*** Parameter lower bound is INVALID.
#
#***Warning: Identical values of the parameter give different values of the statistic.
#Please check your result for the high end of the confidence range.
#     7            0      97.9998    (-99.9998,-2)
#Apparent non-monotonicity in statistic space detected.
#Current bracket values 99.3141, 100.314
#and delta stat 0, 20.9679
#but latest trial 99.8141 gives 21.4222
#Suggest that you check this result using the steppar command.
#***Warning: Identical values of the parameter give different values of the statistic.
#Please check your result for the low end of the confidence range.
#***Warning: Identical values of the parameter give different values of the statistic.
#Please check your result for the high end of the confidence range.
#    12      99.8141      95.3141    (0.5,-4)
#
!XSPEC12> 
#
!XSPEC12> n
#
!XSPEC12> 
#
!XSPEC12> log none
#