
!XSPEC12> error 1. 4 7 12
#     4      -8.9763     -8.95217    (-0.0121223,0.0120046)
#***Warning: Identical values of the parameter give different values of the statistic.
#Please check your result for the low end of the confidence range.
#
#***Warning: Number of trials exceeded before bracketing of delta fit-stat.
#Last attempt: -100, with delta statistic: 0.0002588
#
#
#*** Parameter upper bound is INVALID.
#
#     7     -91.7832            0    (4,95.7832)
#***Warning: Identical values of the parameter give different values of the statistic.
#Please check your result for the low end of the confidence range.
#***Warning: Identical values of the parameter give different values of the statistic.
#Please check your result for the high end of the confidence range.
#    12     -91.5822     -99.5822    (4,-4)
#
!XSPEC12> 
#
!XSPEC12> n
#
!XSPEC12> 
#
!XSPEC12> log none
#