
!XSPEC12> error 1. 2 3 4 9
#***Warning: New best fit found, fit parameters will be set to new values.
#     2    0.0995216     0.436316    (-0.109995,0.226799)
#***Warning: New best fit found, fit parameters will be set to new values.
#     2     0.101676     0.433656    (-0.114407,0.217573)
#***Warning: New best fit found, fit parameters will be set to new values.
#     2     0.103318     0.431452    (-0.121391,0.206743)
#***Warning: New best fit found, fit parameters will be set to new values.
#     2     0.104495     0.430573    (-0.136968,0.18911)
#Apparent non-monotonicity in statistic space detected.
#Current bracket values 48635.6, 97872
#and delta stat 0.828825, 1.46049
#but latest trial 48733.7 gives 43.2575
#Suggest that you check this result using the steppar command.
#     3      7.90131      73253.8    (-159.937,73086)
#     4      1.47828      1.78065    (-0.156459,0.145913)
#Apparent non-monotonicity in statistic space detected.
#Current bracket values 0.00469352, 0.00489242
#and delta stat 0.46111, 1.47907
#but latest trial 0.00480837 gives 2.06098
#Suggest that you check this result using the steppar command.
#     9   0.00293223   0.00479297    (-0.00108413,0.000776606)
#
!XSPEC12> n
#
!XSPEC12> 
#
!XSPEC12> n
#
!XSPEC12> 
#
!XSPEC12> log none
#