
!XSPEC12> error 1. 2 3 4 9
#     2    0.0136921    0.0307265    (-0.00260423,0.0144302)
#
#***Warning: Number of trials exceeded before bracketing of delta fit-stat.
#Last attempt: 1e+24, with delta statistic: 0
#
#
#*** Parameter upper bound is INVALID.
#
#     3  2.50041e+19            0    (-9.99975e+23,-1e+24)
#Apparent non-monotonicity in statistic space detected.
#Current bracket values 1.64736, 1.64295
#and delta stat 0.205992, 1.20699
#but latest trial 1.64463 gives 0.187383
#Suggest that you check this result using the steppar command.
#Apparent non-monotonicity in statistic space detected.
#Current bracket values 1.81661, 1.85799
#and delta stat 0.512362, 1.1449
#but latest trial 1.84298 gives 0.0953751
#Suggest that you check this result using the steppar command.
#     4      1.64516       1.8373    (-0.113336,0.078808)
#Apparent non-monotonicity in statistic space detected.
#Current bracket values 0.00341517, 0.00341338
#and delta stat 0.110813, 1.11655
#but latest trial 0.00341382 gives 0.106811
#Suggest that you check this result using the steppar command.
#     9   0.00341427   0.00420566    (-0.000399089,0.000392298)
#
!XSPEC12> 
#
!XSPEC12> n
#
!XSPEC12> 
#
!XSPEC12> log none
#