
!XSPEC12> error 1. 2 3 4 9
#***Warning: New best fit found, fit parameters will be set to new values.
#Apparent non-monotonicity in statistic space detected.
#Current bracket values 0.604063, 0.604049
#and delta stat 0.98059, 1.06704
#but latest trial 0.604058 gives 1.71024
#Suggest that you check this result using the steppar command.
#     2     0.604056     0.607192    (-0.0018091,0.00132687)
#***Warning: New best fit found, fit parameters will be set to new values.
#     2     0.604089     0.607149    (-0.00152395,0.00153606)
#     3      3540.55      3644.66    (-51.7882,52.3216)
#
#***Warning: Number of trials exceeded before bracketing of delta fit-stat.
#Last attempt: 3, with delta statistic: 0
#
#
#*** Parameter lower bound is INVALID.
#
#
#***Warning: Number of trials exceeded before bracketing of delta fit-stat.
#Last attempt: 1.2, with delta statistic: 1.85878e-11
#
#
#*** Parameter upper bound is INVALID.
#
#     4            0            0    (-3,-3)
#***Warning: Identical values of the parameter give different values of the statistic.
#Please check your result for the low end of the confidence range.
#
#***Warning: Number of trials exceeded before bracketing of delta fit-stat.
#Last attempt: 0, with delta statistic: 0
#
#
#*** Parameter upper bound is INVALID.
#
#     9          0.5            0    (0.5,-1.78675e-25)
#
!XSPEC12> 
#
!XSPEC12> log none
#