
!XSPEC12> error 1. 2 3 4 9
#     2     0.442296     0.448164    (-0.00188843,0.00397936)
#     3      4700.38      5050.23    (-195.15,154.696)
#***Warning: New best fit found, fit parameters will be set to new values.
#     2     0.442305     0.448143    (-0.00222921,0.00360881)
#     3      4702.23      5048.42    (-183.175,163.02)
#***Warning: Parameter pegged at hard limit: 3
#     4      1.30511            0    (-1.50944,-2.81455)
#     9   0.00106944    0.0137073    (-0.00795876,0.00467912)
#
!XSPEC12> n
#
!XSPEC12> 
#
!XSPEC12> n
#
!XSPEC12> 
#
!XSPEC12> log none
#