
!XSPEC12> error 1. 2 3 4 9
#***Warning: Parameter pegged at hard limit: 0.01
#***Warning: New best fit found, fit parameters will be set to new values.
#***Warning: Parameter pegged at hard limit: 0.01
#***Warning: New best fit found, fit parameters will be set to new values.
#***Warning: Parameter pegged at hard limit: 0.01
#***Warning: New best fit found, fit parameters will be set to new values.
#***Warning: Parameter pegged at hard limit: 0.01
#***Warning: New best fit found, fit parameters will be set to new values.
#***Warning: Parameter pegged at hard limit: 0.01
#***Warning: New best fit found, fit parameters will be set to new values.
#***Warning: Parameter pegged at hard limit: 0.01
#***Warning: New best fit found, fit parameters will be set to new values.
#***Warning: Parameter pegged at hard limit: 0.01
#***Warning: New best fit found, fit parameters will be set to new values.
#***Warning: Parameter pegged at hard limit: 0.01
#***Warning: New best fit found, fit parameters will be set to new values.
#***Warning: Parameter pegged at hard limit: 0.01
#***Warning: Parameter pegged at hard limit: 1
#     2            0            0    (-0.980609,-0.980609)
#***Warning: New best fit found, fit parameters will be set to new values.
#***Warning: Parameter pegged at hard limit: 0.01
#***Warning: Parameter pegged at hard limit: 1
#     2            0            0    (-0.994565,-0.994565)
#***Warning: Parameter pegged at hard limit: 0
#Apparent non-monotonicity in statistic space detected.
#Current bracket values 10332, 14202.7
#and delta stat 0.318267, 1.8896
#but latest trial 12255 gives 0.260008
#Suggest that you check this result using the steppar command.
#     3            0      12267.4    (-1.08555e-08,12267.4)
#Apparent non-monotonicity in statistic space detected.
#Current bracket values 1.8474, 1.25623
#and delta stat 0, 1.18822
#but latest trial 1.30507 gives 1.65893
#Suggest that you check this result using the steppar command.
#     4      1.55182      2.12641    (-0.295584,0.279007)
#     9    0.0011141   0.00273933    (-0.000512705,0.00111252)
#
!XSPEC12> n
#
!XSPEC12> 
#
!XSPEC12> n
#
!XSPEC12> 
#
!XSPEC12> log none
#