
!XSPEC12> error 1. 2 3 4 9
#***Warning: New best fit found, fit parameters will be set to new values.
#***Warning: New best fit found, fit parameters will be set to new values.
#***Warning: New best fit found, fit parameters will be set to new values.
#***Warning: New best fit found, fit parameters will be set to new values.
#***Warning: New best fit found, fit parameters will be set to new values.
#***Warning: Parameter pegged at hard limit: 0.01
#***Warning: New best fit found, fit parameters will be set to new values.
#***Warning: Parameter pegged at hard limit: 0.01
#***Warning: New best fit found, fit parameters will be set to new values.
#***Warning: Parameter pegged at hard limit: 0.01
#***Warning: New best fit found, fit parameters will be set to new values.
#***Warning: Parameter pegged at hard limit: 0.01
#***Warning: New best fit found, fit parameters will be set to new values.
#***Warning: Parameter pegged at hard limit: 0.01
#***Warning: New best fit found, fit parameters will be set to new values.
#***Warning: Parameter pegged at hard limit: 0.01
#***Warning: New best fit found, fit parameters will be set to new values.
#***Warning: New best fit found, fit parameters will be set to new values.
#Apparent non-monotonicity in statistic space detected.
#Current bracket values 0.569834, 0.552289
#and delta stat 0.770352, 1.01221
#but latest trial 0.553531 gives 1.04317
#Suggest that you check this result using the steppar command.
#***Warning: Parameter pegged at hard limit: 1
#     2     0.561061            0    (-0.390124,-0.951185)
#***Warning: Parameter pegged at hard limit: 0
#     3            0      1.02299    (-0.0338389,0.989154)
#***Warning: New best fit found, fit parameters will be set to new values.
#Apparent non-monotonicity in statistic space detected.
#Current bracket values 0.514449, 0.508123
#and delta stat 0.972931, 1.01885
#but latest trial 0.51074 gives 1.42918
#Suggest that you check this result using the steppar command.
#***Warning: Parameter pegged at hard limit: 1
#     2     0.511286            0    (-0.488706,-0.999991)
#Apparent non-monotonicity in statistic space detected.
#Current bracket values 0.0122147, 0
#and delta stat 0.193768, 1.25225
#but latest trial 0.00269254 gives 1.43622
#Suggest that you check this result using the steppar command.
#     3   0.00610736     0.973818    (-0.108716,0.858995)
#***Warning: Parameter pegged at hard limit: 1.2
#***Warning: Parameter pegged at hard limit: 3
#     4            0            0    (-2.99948,-2.99948)
#
#***Warning: Number of trials exceeded before convergence.
#Current trial values 0.00144907, 0.00144501
#and delta statistic 0.336439, 4.15168
#
#     9   0.00144704    0.0025857    (-0.000558097,0.000580558)
#
!XSPEC12> 
#
!XSPEC12> n
#
!XSPEC12> 
#
!XSPEC12> log none
#