
!XSPEC12> error 1. 2 3 4 9
#***Warning: New best fit found, fit parameters will be set to new values.
#***Warning: Parameter pegged at hard limit: 0.01
#***Warning: New best fit found, fit parameters will be set to new values.
#***Warning: Parameter pegged at hard limit: 0.01
#***Warning: New best fit found, fit parameters will be set to new values.
#***Warning: Parameter pegged at hard limit: 0.01
#     2            0      0.84395    (-0.796648,0.0473028)
#***Warning: Parameter pegged at hard limit: 0
#Apparent non-monotonicity in statistic space detected.
#Current bracket values 3.96932, 5.64423
#and delta stat 0.456558, 180.455
#but latest trial 4.06954 gives 0.434952
#Suggest that you check this result using the steppar command.
#     3            0      4.80677    (-0.393281,4.41349)
#***Warning: Parameter pegged at hard limit: 1.2
#Apparent non-monotonicity in statistic space detected.
#Current bracket values 1.45131, 2.38622
#and delta stat 0.975366, 22.2814
#but latest trial 1.45441 gives 0.894972
#Suggest that you check this result using the steppar command.
#     4            0      1.91876    (-1.20001,0.718751)
#Apparent non-monotonicity in statistic space detected.
#Current bracket values 0.00271256, 0.00280732
#and delta stat 0.663037, 1.02232
#but latest trial 0.00280181 gives 1.73465
#Suggest that you check this result using the steppar command.
#     9   0.00132239   0.00275994    (-0.000130942,0.00130661)
#
!XSPEC12> n
#
!XSPEC12> 
#
!XSPEC12> n
#
!XSPEC12> 
#
!XSPEC12> log none
#