
!XSPEC12> error 1. 2 3 4 9
#     2     0.598278     0.603677    (-0.00418446,0.00121458)
#***Warning: New best fit found, fit parameters will be set to new values.
#Apparent non-monotonicity in statistic space detected.
#Current bracket values 0.601158, 0.60638
#and delta stat 0.397698, 12.1758
#but latest trial 0.601828 gives 0.120943
#Suggest that you check this result using the steppar command.
#     2     0.598387     0.603769    (-0.00139183,0.00398973)
#Apparent non-monotonicity in statistic space detected.
#Current bracket values 3431.05, 3399.35
#and delta stat 0.668263, 2.33835
#but latest trial 3423.13 gives 0.272534
#Suggest that you check this result using the steppar command.
#     3       3415.2      3534.06    (-75.7415,43.1152)
#***Warning: Parameter pegged at hard limit: 1.2
#***Warning: Parameter pegged at hard limit: 3
#     4            0            0    (-2.99921,-2.99921)
#***Warning: New best fit found, fit parameters will be set to new values.
#Apparent non-monotonicity in statistic space detected.
#Current bracket values 0.600783, 0.598394
#and delta stat 0, 1.25568
#but latest trial 0.598699 gives 1.69123
#Suggest that you check this result using the steppar command.
#     2     0.599588     0.602397    (-0.00119061,0.00161779)
#Apparent non-monotonicity in statistic space detected.
#Current bracket values 3458.15, 3367.45
#and delta stat 0, 2.27784
#but latest trial 3398.06 gives 2.71813
#Suggest that you check this result using the steppar command.
#     3       3412.8      3524.01    (-45.3491,65.8608)
#***Warning: New best fit found, fit parameters will be set to new values.
#Apparent non-monotonicity in statistic space detected.
#Current bracket values 0.602307, 0.602981
#and delta stat 0.912781, 1.91439
#but latest trial 0.602377 gives 0.375995
#Suggest that you check this result using the steppar command.
#     2     0.599142     0.602644    (-0.00162493,0.00187688)
#Apparent non-monotonicity in statistic space detected.
#Current bracket values 3521.48, 3522.34
#and delta stat 0.984859, 1.01727
#but latest trial 3521.85 gives 0.960554
#Suggest that you check this result using the steppar command.
#     3      3403.92      3521.91    (-53.6283,64.3608)
#***Warning: Parameter pegged at hard limit: 1.2
#***Warning: Parameter pegged at hard limit: 3
#     4            0            0    (-2.85132,-2.85132)
#***Warning: New best fit found, fit parameters will be set to new values.
#     2     0.598713     0.603294    (-0.00227713,0.00230325)
#     3      3372.99      3524.41    (-74.8984,76.526)
#
#***Warning: Number of trials exceeded before bracketing of delta fit-stat.
#Last attempt: 3, with delta statistic: 6.59384e-12
#
#
#*** Parameter lower bound is INVALID.
#
#
#***Warning: Number of trials exceeded before bracketing of delta fit-stat.
#Last attempt: 1.2, with delta statistic: 2.84217e-13
#
#
#*** Parameter upper bound is INVALID.
#
#     4            0            0    (-2.41044,-2.41044)
#***Warning: Parameter pegged at hard limit: 0
#     9            0   0.00256098    (0,0.00256098)
#
!XSPEC12> n
#
!XSPEC12> 
#
!XSPEC12> log none
#