#XSPEC version: 12.11.0m
#Build Date/Time: Sat Nov 21 22:38:27 2020
#
!XSPEC12> show data
#
#1 file 1 spectrum 
#Spectrum 1  Spectral Data File: /home/thaddaeus/FMU/Steiner/thaddaeus/1050360105/jspipe/js_ni1050360105_0mpu7_silver_GTI25.jsgrp
#Net count rate (cts/s) for Spectrum:1  4.853e+03 +/- 4.231e+00 (99.9 % total)
# Assigned to Data Group 1 and Plot Group 1
#  Noticed Channels:  22-54,83-254
#  Telescope: NICER Instrument: XTI  Channel Type: PI
#  Exposure Time: 271.5 sec
# Using fit statistic: pgstat
# Using Background File                /home/thaddaeus/FMU/Steiner/thaddaeus/1050360105/jspipe/js_ni1050360105_0mpu7_silver_GTI25.bg
#  Background Exposure Time: 271.5 sec
# Using Response (RMF) File            /home/thaddaeus/FMU/Steiner/thaddaeus/nicer_d48_51839799.rmf for Source 1
# Using Auxiliary Response (ARF) File  /home/thaddaeus/FMU/Steiner/thaddaeus/nicer_d48_51839799.arf
#
#
!XSPEC12> show model
#
#Current model list:
#
#Model TBabs<1>(simpl<2>*diskbb<3>) Source No.: 1   Active/On
#      For Data Group(s): 1 
#
#   Using energies from responses.
#
#
!XSPEC12> show param
#
#Parameters defined:
#========================================================================
#Model TBabs<1>(simpl<2>*diskbb<3>) Source No.: 1   Active/On
#Model Model Component  Parameter  Unit     Value
# par  comp
#   1    1   TBabs      nH         10^22    3.20000      frozen
#   2    2   simpl      Gamma               2.19237      +/-  1.22799E-02  
#   3    2   simpl      FracSctr            0.982947     +/-  0.972683     
#   4    2   simpl      UpScOnly            1.00000      frozen
#   5    3   diskbb     Tin        keV      0.502080     +/-  0.427794     
#   6    3   diskbb     norm                3.71652E+04  +/-  9.68924E+04  
#________________________________________________________________________
#
#
!XSPEC12> show fit
#
#Fit statistic  : PG-Statistic                 463.29     using 205 bins.
#
#Test statistic : Chi-Squared                  472.14     using 205 bins.
# Null hypothesis probability of 7.23e-24 with 201 degrees of freedom
#
!XSPEC12> log none
#