#XSPEC version: 12.11.0m
#Build Date/Time: Sat Nov 21 22:38:27 2020
#
!XSPEC12> show data
#
#1 file 1 spectrum 
#Spectrum 1  Spectral Data File: /home/thaddaeus/FMU/Steiner/thaddaeus/1130360175/jspipe/js_ni1130360175_0mpu7_silver_GTI6.jsgrp
#Net count rate (cts/s) for Spectrum:1  9.316e-01 +/- 2.062e-01 (61.0 % total)
# Assigned to Data Group 1 and Plot Group 1
#  Noticed Channels:  15-16,21-29
#  Telescope: NICER Instrument: XTI  Channel Type: PI
#  Exposure Time: 35.99 sec
# Using fit statistic: pgstat
# Using Background File                /home/thaddaeus/FMU/Steiner/thaddaeus/1130360175/jspipe/js_ni1130360175_0mpu7_silver_GTI6.bg
#  Background Exposure Time: 35.99 sec
# Using Response (RMF) File            /home/thaddaeus/FMU/Steiner/thaddaeus/nicer_d49_55575341.rmf for Source 1
# Using Auxiliary Response (ARF) File  /home/thaddaeus/FMU/Steiner/thaddaeus/nicer_d49_55575341.arf
#
#
!XSPEC12> show model
#
#Current model list:
#
#Model TBabs<1>(simpl<2>*diskbb<3>) Source No.: 1   Active/On
#      For Data Group(s): 1 
#
#   Using energies from responses.
#
#
!XSPEC12> show param
#
#Parameters defined:
#========================================================================
#Model TBabs<1>(simpl<2>*diskbb<3>) Source No.: 1   Active/On
#Model Model Component  Parameter  Unit     Value
# par  comp
#   1    1   TBabs      nH         10^22    3.20000      frozen
#   2    2   simpl      Gamma               1.40000      +/-  2.86429      
#   3    2   simpl      FracSctr            5.27502E-02  +/-  0.207768     
#   4    2   simpl      UpScOnly            1.00000      frozen
#   5    3   diskbb     Tin        keV      0.266828     +/-  0.550845     
#   6    3   diskbb     norm                1028.89      +/-  1.20483E+04  
#________________________________________________________________________
#
#
!XSPEC12> show fit
#
#Fit statistic  : PG-Statistic                  28.75     using 11 bins.
#
#Test statistic : Chi-Squared                   20.24     using 11 bins.
# Null hypothesis probability of 5.07e-03 with 7 degrees of freedom
#
!XSPEC12> log none
#