#XSPEC version: 12.11.0m
#Build Date/Time: Sat Nov 21 22:38:27 2020
#
!XSPEC12> show data
#
#1 file 1 spectrum 
#Spectrum 1  Spectral Data File: /home/thaddaeus/FMU/Steiner/thaddaeus/1130360211/jspipe/js_ni1130360211_0mpu7_silver_GTI0.jsgrp
#Net count rate (cts/s) for Spectrum:1  1.100e+01 +/- 2.625e-01 (90.5 % total)
# Assigned to Data Group 1 and Plot Group 1
#  Noticed Channels:  20-48,77-200
#  Telescope: NICER Instrument: XTI  Channel Type: PI
#  Exposure Time: 176.9 sec
# Using fit statistic: pgstat
# Using Background File                /home/thaddaeus/FMU/Steiner/thaddaeus/1130360211/jspipe/js_ni1130360211_0mpu7_silver_GTI0.bg
#  Background Exposure Time: 176.9 sec
# Using Response (RMF) File            /home/thaddaeus/FMU/Steiner/thaddaeus/nicer_d49_u12p5_25_55575341.rmf for Source 1
# Using Auxiliary Response (ARF) File  /home/thaddaeus/FMU/Steiner/thaddaeus/nicer_d49_55575341.arf
#
#
!XSPEC12> show model
#
#Current model list:
#
#Model TBabs<1>(simpl<2>*diskbb<3>) Source No.: 1   Active/On
#      For Data Group(s): 1 
#
#   Using energies from responses.
#
#
!XSPEC12> show param
#
#Parameters defined:
#========================================================================
#Model TBabs<1>(simpl<2>*diskbb<3>) Source No.: 1   Active/On
#Model Model Component  Parameter  Unit     Value
# par  comp
#   1    1   TBabs      nH         10^22    3.20000      frozen
#   2    2   simpl      Gamma               1.76041      +/-  9.67012E-02  
#   3    2   simpl      FracSctr            0.204933     +/-  0.122893     
#   4    2   simpl      UpScOnly            1.00000      frozen
#   5    3   diskbb     Tin        keV      0.224129     +/-  6.58819E-02  
#   6    3   diskbb     norm                6892.55      +/-  1.16858E+04  
#________________________________________________________________________
#
#
!XSPEC12> show fit
#
#Fit statistic  : PG-Statistic                 137.69     using 153 bins.
#
#Test statistic : Chi-Squared                  148.52     using 153 bins.
# Null hypothesis probability of 4.96e-01 with 149 degrees of freedom
#
!XSPEC12> log none
#