#XSPEC version: 12.11.0m
#Build Date/Time: Sat Nov 21 22:38:27 2020
#
!XSPEC12> show data
#
#1 file 1 spectrum 
#Spectrum 1  Spectral Data File: /home/thaddaeus/FMU/Steiner/thaddaeus/2130360211/jspipe/js_ni2130360211_0mpu7_silver_GTI0.jsgrp
#Net count rate (cts/s) for Spectrum:1  1.025e-01 +/- 2.756e-02 (22.8 % total)
# Assigned to Data Group 1 and Plot Group 1
#  Noticed Channels:  21-41,56-86
#  Telescope: NICER Instrument: XTI  Channel Type: PI
#  Exposure Time: 621.8 sec
# Using fit statistic: pgstat
# Using Background File                /home/thaddaeus/FMU/Steiner/thaddaeus/2130360211/jspipe/js_ni2130360211_0mpu7_silver_GTI0.bg
#  Background Exposure Time: 621.8 sec
# Using Response (RMF) File            /home/thaddaeus/FMU/Steiner/thaddaeus/nicer_d49_55575341.rmf for Source 1
# Using Auxiliary Response (ARF) File  /home/thaddaeus/FMU/Steiner/thaddaeus/nicer_d49_55575341.arf
#
#
!XSPEC12> show model
#
#Current model list:
#
#Model TBabs<1>(simpl<2>*diskbb<3>) Source No.: 1   Active/On
#      For Data Group(s): 1 
#
#   Using energies from responses.
#
#
!XSPEC12> show param
#
#Parameters defined:
#========================================================================
#Model TBabs<1>(simpl<2>*diskbb<3>) Source No.: 1   Active/On
#Model Model Component  Parameter  Unit     Value
# par  comp
#   1    1   TBabs      nH         10^22    3.20000      frozen
#   2    2   simpl      Gamma               1.40017      +/-  2.92369      
#   3    2   simpl      FracSctr            3.45576E-02  +/-  9.05113E-02  
#   4    2   simpl      UpScOnly            1.00000      frozen
#   5    3   diskbb     Tin        keV      0.232110     +/-  0.205896     
#   6    3   diskbb     norm                170.329      +/-  1011.70      
#________________________________________________________________________
#
#
!XSPEC12> show fit
#
#Fit statistic  : PG-Statistic                  39.26     using 52 bins.
#
#Test statistic : Chi-Squared                   34.41     using 52 bins.
# Null hypothesis probability of 9.30e-01 with 48 degrees of freedom
#
!XSPEC12> log none
#