#XSPEC version: 12.11.0m
#Build Date/Time: Sat Nov 21 22:38:27 2020
#
!XSPEC12> show data
#
#1 file 1 spectrum 
#Spectrum 1  Spectral Data File: /home/thaddaeus/FMU/Steiner/thaddaeus/1130360216/jspipe/js_ni1130360216_0mpu7_silver_GTI3.jsgrp
#Net count rate (cts/s) for Spectrum:1  5.049e-01 +/- 9.016e-02 (16.4 % total)
# Assigned to Data Group 1 and Plot Group 1
#  Noticed Channels:  22-51,80-207
#  Telescope: NICER Instrument: XTI  Channel Type: PI
#  Exposure Time: 399.8 sec
# Using fit statistic: pgstat
# Using Background File                /home/thaddaeus/FMU/Steiner/thaddaeus/1130360216/jspipe/js_ni1130360216_0mpu7_silver_GTI3.bg
#  Background Exposure Time: 399.8 sec
# Using Response (RMF) File            /home/thaddaeus/FMU/Steiner/thaddaeus/nicer_d49_55575341.rmf for Source 1
# Using Auxiliary Response (ARF) File  /home/thaddaeus/FMU/Steiner/thaddaeus/nicer_d49_55575341.arf
#
#
!XSPEC12> show model
#
#Current model list:
#
#Model TBabs<1>(simpl<2>*diskbb<3>) Source No.: 1   Active/On
#      For Data Group(s): 1 
#
#   Using energies from responses.
#
#
!XSPEC12> show param
#
#Parameters defined:
#========================================================================
#Model TBabs<1>(simpl<2>*diskbb<3>) Source No.: 1   Active/On
#Model Model Component  Parameter  Unit     Value
# par  comp
#   1    1   TBabs      nH         10^22    3.20000      frozen
#   2    2   simpl      Gamma               2.00327      +/-  0.781333     
#   3    2   simpl      FracSctr            0.999892     +/-  154.665      
#   4    2   simpl      UpScOnly            1.00000      frozen
#   5    3   diskbb     Tin        keV      0.475316     +/-  41.4119      
#   6    3   diskbb     norm                9.28028      +/-  2498.57      
#________________________________________________________________________
#
#
!XSPEC12> show fit
#
#Fit statistic  : PG-Statistic                 318.37     using 158 bins.
#
#Test statistic : Chi-Squared                  492.74     using 158 bins.
# Null hypothesis probability of 4.44e-37 with 154 degrees of freedom
#
!XSPEC12> log none
#