#XSPEC version: 12.11.0m
#Build Date/Time: Sat Nov 21 22:38:27 2020
#
!XSPEC12> show data
#
#1 file 1 spectrum 
#Spectrum 1  Spectral Data File: /home/thaddaeus/FMU/Steiner/thaddaeus/1130360166/jspipe/js_ni1130360166_0mpu7_silver_GTI7.jsgrp
#Net count rate (cts/s) for Spectrum:1  1.300e+00 +/- 2.943e-01 (37.7 % total)
# Assigned to Data Group 1 and Plot Group 1
#  Noticed Channels:  13-21,37-53
#  Telescope: NICER Instrument: XTI  Channel Type: PI
#  Exposure Time: 39.99 sec
# Using fit statistic: pgstat
# Using Background File                /home/thaddaeus/FMU/Steiner/thaddaeus/1130360166/jspipe/js_ni1130360166_0mpu7_silver_GTI7.bg
#  Background Exposure Time: 39.99 sec
# Using Response (RMF) File            /home/thaddaeus/FMU/Steiner/thaddaeus/nicer_d49_55575341.rmf for Source 1
# Using Auxiliary Response (ARF) File  /home/thaddaeus/FMU/Steiner/thaddaeus/nicer_d49_55575341.arf
#
#
!XSPEC12> show model
#
#Current model list:
#
#Model TBabs<1>(simpl<2>*diskbb<3>) Source No.: 1   Active/On
#      For Data Group(s): 1 
#
#   Using energies from responses.
#
#
!XSPEC12> show param
#
#Parameters defined:
#========================================================================
#Model TBabs<1>(simpl<2>*diskbb<3>) Source No.: 1   Active/On
#Model Model Component  Parameter  Unit     Value
# par  comp
#   1    1   TBabs      nH         10^22    3.20000      frozen
#   2    2   simpl      Gamma               1.40000      +/-  4.48773      
#   3    2   simpl      FracSctr            2.29164E-02  +/-  2.42717E-02  
#   4    2   simpl      UpScOnly            1.00000      frozen
#   5    3   diskbb     Tin        keV      0.276395     +/-  0.133060     
#   6    3   diskbb     norm                1326.04      +/-  3735.90      
#________________________________________________________________________
#
#
!XSPEC12> show fit
#
#Fit statistic  : PG-Statistic                  16.31     using 26 bins.
#
#Test statistic : Chi-Squared                   19.21     using 26 bins.
# Null hypothesis probability of 6.32e-01 with 22 degrees of freedom
#
!XSPEC12> log none
#