#XSPEC version: 12.11.0m
#Build Date/Time: Sat Nov 21 22:38:27 2020
#
!XSPEC12> show data
#
#1 file 1 spectrum 
#Spectrum 1  Spectral Data File: /home/thaddaeus/FMU/Steiner/thaddaeus/1130360172/jspipe/js_ni1130360172_0mpu7_silver_GTI2.jsgrp
#Net count rate (cts/s) for Spectrum:1  2.395e-01 +/- 8.233e-02 (30.0 % total)
# Assigned to Data Group 1 and Plot Group 1
#  Noticed Channels:  15-24,32-39
#  Telescope: NICER Instrument: XTI  Channel Type: PI
#  Exposure Time: 119 sec
# Using fit statistic: pgstat
# Using Background File                /home/thaddaeus/FMU/Steiner/thaddaeus/1130360172/jspipe/js_ni1130360172_0mpu7_silver_GTI2.bg
#  Background Exposure Time: 119 sec
# Using Response (RMF) File            /home/thaddaeus/FMU/Steiner/thaddaeus/nicer_d49_55575341.rmf for Source 1
# Using Auxiliary Response (ARF) File  /home/thaddaeus/FMU/Steiner/thaddaeus/nicer_d49_55575341.arf
#
#
!XSPEC12> show model
#
#Current model list:
#
#Model TBabs<1>(simpl<2>*diskbb<3>) Source No.: 1   Active/On
#      For Data Group(s): 1 
#
#   Using energies from responses.
#
#
!XSPEC12> show param
#
#Parameters defined:
#========================================================================
#Model TBabs<1>(simpl<2>*diskbb<3>) Source No.: 1   Active/On
#Model Model Component  Parameter  Unit     Value
# par  comp
#   1    1   TBabs      nH         10^22    3.20000      frozen
#   2    2   simpl      Gamma               1.40000      +/-  15.2566      
#   3    2   simpl      FracSctr            4.20078E-03  +/-  7.79366E-03  
#   4    2   simpl      UpScOnly            1.00000      frozen
#   5    3   diskbb     Tin        keV      0.251553     +/-  0.136241     
#   6    3   diskbb     norm                689.799      +/-  2400.68      
#________________________________________________________________________
#
#
!XSPEC12> show fit
#
#Fit statistic  : PG-Statistic                  11.68     using 18 bins.
#
#Test statistic : Chi-Squared                   12.25     using 18 bins.
# Null hypothesis probability of 5.87e-01 with 14 degrees of freedom
#
!XSPEC12> log none
#