#XSPEC version: 12.11.0m
#Build Date/Time: Sat Nov 21 22:38:27 2020
#
!XSPEC12> show data
#
#1 file 1 spectrum 
#Spectrum 1  Spectral Data File: /home/thaddaeus/FMU/Steiner/thaddaeus/1130360135/jspipe/js_ni1130360135_0mpu7_silver_GTI1.jsgrp
#Net count rate (cts/s) for Spectrum:1  1.185e+03 +/- 1.315e+00 (100.0 % total)
# Assigned to Data Group 1 and Plot Group 1
#  Noticed Channels:  22-54,83-241
#  Telescope: NICER Instrument: XTI  Channel Type: PI
#  Exposure Time: 685.8 sec
# Using fit statistic: pgstat
# Using Background File                /home/thaddaeus/FMU/Steiner/thaddaeus/1130360135/jspipe/js_ni1130360135_0mpu7_silver_GTI1.bg
#  Background Exposure Time: 685.8 sec
# Using Response (RMF) File            /home/thaddaeus/FMU/Steiner/thaddaeus/nicer_d49_u100_150_55575341.rmf for Source 1
# Using Auxiliary Response (ARF) File  /home/thaddaeus/FMU/Steiner/thaddaeus/nicer_d49_55575341.arf
#
#
!XSPEC12> show model
#
#Current model list:
#
#Model TBabs<1>(simpl<2>*diskbb<3>) Source No.: 1   Active/On
#      For Data Group(s): 1 
#
#   Using energies from responses.
#
#
!XSPEC12> show param
#
#Parameters defined:
#========================================================================
#Model TBabs<1>(simpl<2>*diskbb<3>) Source No.: 1   Active/On
#Model Model Component  Parameter  Unit     Value
# par  comp
#   1    1   TBabs      nH         10^22    3.20000      frozen
#   2    2   simpl      Gamma               3.40000      +/-  3.82677E-02  
#   3    2   simpl      FracSctr            1.00000      +/-  17.0375      
#   4    2   simpl      UpScOnly            1.00000      frozen
#   5    3   diskbb     Tin        keV      0.434616     +/-  1.54750      
#   6    3   diskbb     norm                2.85239E+04  +/-  3.05441E+05  
#________________________________________________________________________
#
#
!XSPEC12> show fit
#
#Fit statistic  : PG-Statistic               39763.16     using 192 bins.
#
#Test statistic : Chi-Squared                112376.1     using 192 bins.
# Null hypothesis probability of 0.0e+00 with 188 degrees of freedom
#
!XSPEC12> log none
#