#XSPEC version: 12.11.0m
#Build Date/Time: Sat Nov 21 22:38:27 2020
#
!XSPEC12> show data
#
#1 file 1 spectrum 
#Spectrum 1  Spectral Data File: /home/thaddaeus/FMU/Steiner/thaddaeus/1130360175/jspipe/js_ni1130360175_0mpu7_silver_GTI4.jsgrp
#Net count rate (cts/s) for Spectrum:1  -5.250e+00 +/- 5.571e-01 (-44.2 % total)
# Assigned to Data Group 1 and Plot Group 1
#  Noticed Channels:  17-29,44-117
#  Telescope: NICER Instrument: XTI  Channel Type: PI
#  Exposure Time: 38.96 sec
# Using fit statistic: pgstat
# Using Background File                /home/thaddaeus/FMU/Steiner/thaddaeus/1130360175/jspipe/js_ni1130360175_0mpu7_silver_GTI4.bg
#  Background Exposure Time: 38.96 sec
# Using Response (RMF) File            /home/thaddaeus/FMU/Steiner/thaddaeus/nicer_d49_u25_50_55575341.rmf for Source 1
# Using Auxiliary Response (ARF) File  /home/thaddaeus/FMU/Steiner/thaddaeus/nicer_d49_55575341.arf
#
#
!XSPEC12> show model
#
#Current model list:
#
#Model TBabs<1>(simpl<2>*diskbb<3>) Source No.: 1   Active/On
#      For Data Group(s): 1 
#
#   Using energies from responses.
#
#
!XSPEC12> show param
#
#Parameters defined:
#========================================================================
#Model TBabs<1>(simpl<2>*diskbb<3>) Source No.: 1   Active/On
#Model Model Component  Parameter  Unit     Value
# par  comp
#   1    1   TBabs      nH         10^22    3.20000      frozen
#   2    2   simpl      Gamma               3.39923      +/-  8.60004E+05  
#   3    2   simpl      FracSctr            0.978810     +/-  3.68976E+09  
#   4    2   simpl      UpScOnly            1.00000      frozen
#   5    3   diskbb     Tin        keV      1.00468E-02  +/-  2.03979E+08  
#   6    3   diskbb     norm                7.15478E-02  +/-  4.81184E+09  
#________________________________________________________________________
#
#
!XSPEC12> show fit
#
#Fit statistic  : PG-Statistic                 132.33     using 87 bins.
#
#Test statistic : Chi-Squared                  214.35     using 87 bins.
# Null hypothesis probability of 1.44e-13 with 83 degrees of freedom
#
!XSPEC12> log none
#