#XSPEC version: 12.11.0m
#Build Date/Time: Sat Nov 21 22:38:27 2020
#
!XSPEC12> show data
#
#1 file 1 spectrum 
#Spectrum 1  Spectral Data File: /home/thaddaeus/FMU/Steiner/thaddaeus/1130360209/jspipe/js_ni1130360209_0mpu7_silver_GTI0.jsgrp
#Net count rate (cts/s) for Spectrum:1  1.776e+01 +/- 2.426e-01 (95.4 % total)
# Assigned to Data Group 1 and Plot Group 1
#  Noticed Channels:  22-51,80-224
#  Telescope: NICER Instrument: XTI  Channel Type: PI
#  Exposure Time: 316.8 sec
# Using fit statistic: pgstat
# Using Background File                /home/thaddaeus/FMU/Steiner/thaddaeus/1130360209/jspipe/js_ni1130360209_0mpu7_silver_GTI0.bg
#  Background Exposure Time: 316.8 sec
# Using Response (RMF) File            /home/thaddaeus/FMU/Steiner/thaddaeus/nicer_d49_55575341.rmf for Source 1
# Using Auxiliary Response (ARF) File  /home/thaddaeus/FMU/Steiner/thaddaeus/nicer_d49_55575341.arf
#
#
!XSPEC12> show model
#
#Current model list:
#
#Model TBabs<1>(simpl<2>*diskbb<3>) Source No.: 1   Active/On
#      For Data Group(s): 1 
#
#   Using energies from responses.
#
#
!XSPEC12> show param
#
#Parameters defined:
#========================================================================
#Model TBabs<1>(simpl<2>*diskbb<3>) Source No.: 1   Active/On
#Model Model Component  Parameter  Unit     Value
# par  comp
#   1    1   TBabs      nH         10^22    3.20000      frozen
#   2    2   simpl      Gamma               1.83910      +/-  5.16851E-02  
#   3    2   simpl      FracSctr            9.31606E-02  +/-  3.13088E-02  
#   4    2   simpl      UpScOnly            1.00000      frozen
#   5    3   diskbb     Tin        keV      0.189064     +/-  2.00069E-02  
#   6    3   diskbb     norm                5.08949E+04  +/-  3.92352E+04  
#________________________________________________________________________
#
#
!XSPEC12> show fit
#
#Fit statistic  : PG-Statistic                 198.49     using 175 bins.
#
#Test statistic : Chi-Squared                  229.73     using 175 bins.
# Null hypothesis probability of 1.83e-03 with 171 degrees of freedom
#
!XSPEC12> log none
#