#XSPEC version: 12.11.0m
#Build Date/Time: Sat Nov 21 22:38:27 2020
#
!XSPEC12> show data
#
#1 file 1 spectrum 
#Spectrum 1  Spectral Data File: /home/thaddaeus/FMU/Steiner/thaddaeus/1130360175/jspipe/js_ni1130360175_0mpu7_silver_GTI0.jsgrp
#Net count rate (cts/s) for Spectrum:1  -3.464e+00 +/- 1.434e-01 (-108.6 % total)
# Assigned to Data Group 1 and Plot Group 1
#  Noticed Channels:  17-35,54-133
#  Telescope: NICER Instrument: XTI  Channel Type: PI
#  Exposure Time: 169.9 sec
# Using fit statistic: pgstat
# Using Background File                /home/thaddaeus/FMU/Steiner/thaddaeus/1130360175/jspipe/js_ni1130360175_0mpu7_silver_GTI0.bg
#  Background Exposure Time: 169.9 sec
# Using Response (RMF) File            /home/thaddaeus/FMU/Steiner/thaddaeus/nicer_d49_55575341.rmf for Source 1
# Using Auxiliary Response (ARF) File  /home/thaddaeus/FMU/Steiner/thaddaeus/nicer_d49_55575341.arf
#
#
!XSPEC12> show model
#
#Current model list:
#
#Model TBabs<1>(simpl<2>*diskbb<3>) Source No.: 1   Active/On
#      For Data Group(s): 1 
#
#   Using energies from responses.
#
#
!XSPEC12> show param
#
#Parameters defined:
#========================================================================
#Model TBabs<1>(simpl<2>*diskbb<3>) Source No.: 1   Active/On
#Model Model Component  Parameter  Unit     Value
# par  comp
#   1    1   TBabs      nH         10^22    3.20000      frozen
#   2    2   simpl      Gamma               3.39991      +/-  9.60352E+07  
#   3    2   simpl      FracSctr            0.999930     +/-  6.06781E+12  
#   4    2   simpl      UpScOnly            1.00000      frozen
#   5    3   diskbb     Tin        keV      3.48850E-02  +/-  1.26669E+11  
#   6    3   diskbb     norm                7.70945E-05  +/-  4.13497E+09  
#________________________________________________________________________
#
#
!XSPEC12> show fit
#
#Fit statistic  : PG-Statistic                 640.30     using 99 bins.
#
#Test statistic : Chi-Squared                 1553.27     using 99 bins.
# Null hypothesis probability of 3.62e-262 with 95 degrees of freedom
#
!XSPEC12> log none
#