#XSPEC version: 12.11.0m
#Build Date/Time: Sat Nov 21 22:38:27 2020
#
!XSPEC12> show data
#
#1 file 1 spectrum 
#Spectrum 1  Spectral Data File: /home/thaddaeus/FMU/Steiner/thaddaeus/1130360162/jspipe/js_ni1130360162_0mpu7_silver_GTI8.jsgrp
#Net count rate (cts/s) for Spectrum:1  2.538e+00 +/- 3.106e-01 (22.6 % total)
# Assigned to Data Group 1 and Plot Group 1
#  Noticed Channels:  20-47,76-207
#  Telescope: NICER Instrument: XTI  Channel Type: PI
#  Exposure Time: 120 sec
# Using fit statistic: pgstat
# Using Background File                /home/thaddaeus/FMU/Steiner/thaddaeus/1130360162/jspipe/js_ni1130360162_0mpu7_silver_GTI8.bg
#  Background Exposure Time: 120 sec
# Using Response (RMF) File            /home/thaddaeus/FMU/Steiner/thaddaeus/nicer_d49_55575341.rmf for Source 1
# Using Auxiliary Response (ARF) File  /home/thaddaeus/FMU/Steiner/thaddaeus/nicer_d49_55575341.arf
#
#
!XSPEC12> show model
#
#Current model list:
#
#Model TBabs<1>(simpl<2>*diskbb<3>) Source No.: 1   Active/On
#      For Data Group(s): 1 
#
#   Using energies from responses.
#
#
!XSPEC12> show param
#
#Parameters defined:
#========================================================================
#Model TBabs<1>(simpl<2>*diskbb<3>) Source No.: 1   Active/On
#Model Model Component  Parameter  Unit     Value
# par  comp
#   1    1   TBabs      nH         10^22    3.20000      frozen
#   2    2   simpl      Gamma               1.40000      +/-  2.26817      
#   3    2   simpl      FracSctr            8.69013E-03  +/-  3.01685E-03  
#   4    2   simpl      UpScOnly            1.00000      frozen
#   5    3   diskbb     Tin        keV      0.255986     +/-  3.18367E-02  
#   6    3   diskbb     norm                8256.53      +/-  6481.64      
#________________________________________________________________________
#
#
!XSPEC12> show fit
#
#Fit statistic  : PG-Statistic                 422.89     using 160 bins.
#
#Test statistic : Chi-Squared                  815.18     using 160 bins.
# Null hypothesis probability of 7.98e-90 with 156 degrees of freedom
#
!XSPEC12> log none
#