#XSPEC version: 12.11.0m
#Build Date/Time: Sat Nov 21 22:38:27 2020
#
!XSPEC12> show data
#
#1 file 1 spectrum 
#Spectrum 1  Spectral Data File: /home/thaddaeus/FMU/Steiner/thaddaeus/1130360215/jspipe/js_ni1130360215_0mpu7_silver_GTI1.jsgrp
#Net count rate (cts/s) for Spectrum:1  1.909e+00 +/- 5.606e-02 (78.2 % total)
# Assigned to Data Group 1 and Plot Group 1
#  Noticed Channels:  22-53,82-207
#  Telescope: NICER Instrument: XTI  Channel Type: PI
#  Exposure Time: 792.7 sec
# Using fit statistic: pgstat
# Using Background File                /home/thaddaeus/FMU/Steiner/thaddaeus/1130360215/jspipe/js_ni1130360215_0mpu7_silver_GTI1.bg
#  Background Exposure Time: 792.7 sec
# Using Response (RMF) File            /home/thaddaeus/FMU/Steiner/thaddaeus/nicer_d49_55575341.rmf for Source 1
# Using Auxiliary Response (ARF) File  /home/thaddaeus/FMU/Steiner/thaddaeus/nicer_d49_55575341.arf
#
#
!XSPEC12> show model
#
#Current model list:
#
#Model TBabs<1>(simpl<2>*diskbb<3>) Source No.: 1   Active/On
#      For Data Group(s): 1 
#
#   Using energies from responses.
#
#
!XSPEC12> show param
#
#Parameters defined:
#========================================================================
#Model TBabs<1>(simpl<2>*diskbb<3>) Source No.: 1   Active/On
#Model Model Component  Parameter  Unit     Value
# par  comp
#   1    1   TBabs      nH         10^22    3.20000      frozen
#   2    2   simpl      Gamma               1.74417      +/-  0.103553     
#   3    2   simpl      FracSctr            4.46354E-02  +/-  4.67524E-02  
#   4    2   simpl      UpScOnly            1.00000      frozen
#   5    3   diskbb     Tin        keV      0.154015     +/-  3.41116E-02  
#   6    3   diskbb     norm                2.44331E+04  +/-  4.54496E+04  
#________________________________________________________________________
#
#
!XSPEC12> show fit
#
#Fit statistic  : PG-Statistic                 173.18     using 158 bins.
#
#Test statistic : Chi-Squared                  195.26     using 158 bins.
# Null hypothesis probability of 1.37e-02 with 154 degrees of freedom
#
!XSPEC12> log none
#