#XSPEC version: 12.11.0m
#Build Date/Time: Sat Nov 21 22:38:27 2020
#
!XSPEC12> show data
#
#1 file 1 spectrum 
#Spectrum 1  Spectral Data File: /home/thaddaeus/FMU/Steiner/thaddaeus/1130360213/jspipe/js_ni1130360213_0mpu7_silver_GTI0.jsgrp
#Net count rate (cts/s) for Spectrum:1  4.431e+00 +/- 1.890e-01 (78.5 % total)
# Assigned to Data Group 1 and Plot Group 1
#  Noticed Channels:  20-44,73-170
#  Telescope: NICER Instrument: XTI  Channel Type: PI
#  Exposure Time: 158.6 sec
# Using fit statistic: pgstat
# Using Background File                /home/thaddaeus/FMU/Steiner/thaddaeus/1130360213/jspipe/js_ni1130360213_0mpu7_silver_GTI0.bg
#  Background Exposure Time: 158.6 sec
# Using Response (RMF) File            /home/thaddaeus/FMU/Steiner/thaddaeus/nicer_d49_u12p5_25_55575341.rmf for Source 1
# Using Auxiliary Response (ARF) File  /home/thaddaeus/FMU/Steiner/thaddaeus/nicer_d49_55575341.arf
#
#
!XSPEC12> show model
#
#Current model list:
#
#Model TBabs<1>(simpl<2>*diskbb<3>) Source No.: 1   Active/On
#      For Data Group(s): 1 
#
#   Using energies from responses.
#
#
!XSPEC12> show param
#
#Parameters defined:
#========================================================================
#Model TBabs<1>(simpl<2>*diskbb<3>) Source No.: 1   Active/On
#Model Model Component  Parameter  Unit     Value
# par  comp
#   1    1   TBabs      nH         10^22    3.20000      frozen
#   2    2   simpl      Gamma               1.42923      +/-  0.479483     
#   3    2   simpl      FracSctr            0.338671     +/-  0.151829     
#   4    2   simpl      UpScOnly            1.00000      frozen
#   5    3   diskbb     Tin        keV      0.321451     +/-  0.160165     
#   6    3   diskbb     norm                369.623      +/-  760.964      
#________________________________________________________________________
#
#
!XSPEC12> show fit
#
#Fit statistic  : PG-Statistic                 109.57     using 123 bins.
#
#Test statistic : Chi-Squared                  115.01     using 123 bins.
# Null hypothesis probability of 5.86e-01 with 119 degrees of freedom
#
!XSPEC12> log none
#