#XSPEC version: 12.11.0m
#Build Date/Time: Sat Nov 21 22:38:27 2020
#
!XSPEC12> show data
#
#1 file 1 spectrum 
#Spectrum 1  Spectral Data File: /home/thaddaeus/FMU/Steiner/thaddaeus/1130360227/jspipe/js_ni1130360227_0mpu7_silver_GTI0.jsgrp
#Net count rate (cts/s) for Spectrum:1  1.277e+01 +/- 1.557e-01 (97.1 % total)
# Assigned to Data Group 1 and Plot Group 1
#  Noticed Channels:  21-50,79-238
#  Telescope: NICER Instrument: XTI  Channel Type: PI
#  Exposure Time: 543.7 sec
# Using fit statistic: pgstat
# Using Background File                /home/thaddaeus/FMU/Steiner/thaddaeus/1130360227/jspipe/js_ni1130360227_0mpu7_silver_GTI0.bg
#  Background Exposure Time: 543.7 sec
# Using Response (RMF) File            /home/thaddaeus/FMU/Steiner/thaddaeus/nicer_d49_u12p5_25_55575341.rmf for Source 1
# Using Auxiliary Response (ARF) File  /home/thaddaeus/FMU/Steiner/thaddaeus/nicer_d49_55575341.arf
#
#
!XSPEC12> show model
#
#Current model list:
#
#Model TBabs<1>(simpl<2>*diskbb<3>) Source No.: 1   Active/On
#      For Data Group(s): 1 
#
#   Using energies from responses.
#
#
!XSPEC12> show param
#
#Parameters defined:
#========================================================================
#Model TBabs<1>(simpl<2>*diskbb<3>) Source No.: 1   Active/On
#Model Model Component  Parameter  Unit     Value
# par  comp
#   1    1   TBabs      nH         10^22    3.20000      frozen
#   2    2   simpl      Gamma               1.40000      +/-  0.218944     
#   3    2   simpl      FracSctr            0.583767     +/-  3.88245E-02  
#   4    2   simpl      UpScOnly            1.00000      frozen
#   5    3   diskbb     Tin        keV      0.493511     +/-  8.37889E-02  
#   6    3   diskbb     norm                133.662      +/-  75.1572      
#________________________________________________________________________
#
#
!XSPEC12> show fit
#
#Fit statistic  : PG-Statistic                 173.27     using 190 bins.
#
#Test statistic : Chi-Squared                  186.74     using 190 bins.
# Null hypothesis probability of 4.71e-01 with 186 degrees of freedom
#
!XSPEC12> log none
#