#XSPEC version: 12.11.0m
#Build Date/Time: Sat Nov 21 22:38:27 2020
#
!XSPEC12> show data
#
#1 file 1 spectrum 
#Spectrum 1  Spectral Data File: /home/thaddaeus/FMU/Steiner/thaddaeus/2130360207/jspipe/js_ni2130360207_0mpu7_silver_GTI2.jsgrp
#Net count rate (cts/s) for Spectrum:1  -5.093e-01 +/- 4.688e-02 (-33.4 % total)
# Assigned to Data Group 1 and Plot Group 1
#  Noticed Channels:  22-51,80-211
#  Telescope: NICER Instrument: XTI  Channel Type: PI
#  Exposure Time: 811.7 sec
# Using fit statistic: pgstat
# Using Background File                /home/thaddaeus/FMU/Steiner/thaddaeus/2130360207/jspipe/js_ni2130360207_0mpu7_silver_GTI2.bg
#  Background Exposure Time: 811.7 sec
# Using Response (RMF) File            /home/thaddaeus/FMU/Steiner/thaddaeus/nicer_d49_55575341.rmf for Source 1
# Using Auxiliary Response (ARF) File  /home/thaddaeus/FMU/Steiner/thaddaeus/nicer_d49_55575341.arf
#
#
!XSPEC12> show model
#
#Current model list:
#
#Model TBabs<1>(simpl<2>*diskbb<3>) Source No.: 1   Active/On
#      For Data Group(s): 1 
#
#   Using energies from responses.
#
#
!XSPEC12> show param
#
#Parameters defined:
#========================================================================
#Model TBabs<1>(simpl<2>*diskbb<3>) Source No.: 1   Active/On
#Model Model Component  Parameter  Unit     Value
# par  comp
#   1    1   TBabs      nH         10^22    3.20000      frozen
#   2    2   simpl      Gamma               2.52067      +/-  4.35438      
#   3    2   simpl      FracSctr            0.999995     +/-  729.768      
#   4    2   simpl      UpScOnly            1.00000      frozen
#   5    3   diskbb     Tin        keV      0.614517     +/-  149.711      
#   6    3   diskbb     norm                0.852076     +/-  628.624      
#________________________________________________________________________
#
#
!XSPEC12> show fit
#
#Fit statistic  : PG-Statistic                 710.54     using 162 bins.
#
#Test statistic : Chi-Squared                 1136.39     using 162 bins.
# Null hypothesis probability of 1.25e-147 with 158 degrees of freedom
#
!XSPEC12> log none
#