#XSPEC version: 12.11.0m
#Build Date/Time: Sat Nov 21 22:38:27 2020
#
!XSPEC12> show data
#
#1 file 1 spectrum 
#Spectrum 1  Spectral Data File: /home/thaddaeus/FMU/Steiner/thaddaeus/1130360156/jspipe/js_ni1130360156_0mpu7_silver_GTI3.jsgrp
#Net count rate (cts/s) for Spectrum:1  5.710e+01 +/- 2.650e-01 (99.4 % total)
# Assigned to Data Group 1 and Plot Group 1
#  Noticed Channels:  22-54,83-189
#  Telescope: NICER Instrument: XTI  Channel Type: PI
#  Exposure Time: 818.7 sec
# Using fit statistic: pgstat
# Using Background File                /home/thaddaeus/FMU/Steiner/thaddaeus/1130360156/jspipe/js_ni1130360156_0mpu7_silver_GTI3.bg
#  Background Exposure Time: 818.7 sec
# Using Response (RMF) File            /home/thaddaeus/FMU/Steiner/thaddaeus/nicer_d49_55575341.rmf for Source 1
# Using Auxiliary Response (ARF) File  /home/thaddaeus/FMU/Steiner/thaddaeus/nicer_d49_55575341.arf
#
#
!XSPEC12> show model
#
#Current model list:
#
#Model TBabs<1>(simpl<2>*diskbb<3>) Source No.: 1   Active/On
#      For Data Group(s): 1 
#
#   Using energies from responses.
#
#
!XSPEC12> show param
#
#Parameters defined:
#========================================================================
#Model TBabs<1>(simpl<2>*diskbb<3>) Source No.: 1   Active/On
#Model Model Component  Parameter  Unit     Value
# par  comp
#   1    1   TBabs      nH         10^22    3.20000      frozen
#   2    2   simpl      Gamma               3.39422      +/-  2.38451      
#   3    2   simpl      FracSctr            7.33900E-03  +/-  8.62880E-03  
#   4    2   simpl      UpScOnly            1.00000      frozen
#   5    3   diskbb     Tin        keV      0.439199     +/-  2.93578E-03  
#   6    3   diskbb     norm                4912.48      +/-  153.250      
#________________________________________________________________________
#
#
!XSPEC12> show fit
#
#Fit statistic  : PG-Statistic                 169.37     using 140 bins.
#
#Test statistic : Chi-Squared                  168.52     using 140 bins.
# Null hypothesis probability of 3.05e-02 with 136 degrees of freedom
#
!XSPEC12> log none
#