#XSPEC version: 12.11.0m
#Build Date/Time: Sat Nov 21 22:38:27 2020
#
!XSPEC12> show data
#
#1 file 1 spectrum 
#Spectrum 1  Spectral Data File: /home/thaddaeus/FMU/Steiner/thaddaeus/1130360166/jspipe/js_ni1130360166_0mpu7_silver_GTI5.jsgrp
#Net count rate (cts/s) for Spectrum:1  3.783e-01 +/- 1.136e-01 (9.4 % total)
# Assigned to Data Group 1 and Plot Group 1
#  Noticed Channels:  21-52,81-204
#  Telescope: NICER Instrument: XTI  Channel Type: PI
#  Exposure Time: 324.9 sec
# Using fit statistic: pgstat
# Using Background File                /home/thaddaeus/FMU/Steiner/thaddaeus/1130360166/jspipe/js_ni1130360166_0mpu7_silver_GTI5.bg
#  Background Exposure Time: 324.9 sec
# Using Response (RMF) File            /home/thaddaeus/FMU/Steiner/thaddaeus/nicer_d49_55575341.rmf for Source 1
# Using Auxiliary Response (ARF) File  /home/thaddaeus/FMU/Steiner/thaddaeus/nicer_d49_55575341.arf
#
#
!XSPEC12> show model
#
#Current model list:
#
#Model TBabs<1>(simpl<2>*diskbb<3>) Source No.: 1   Active/On
#      For Data Group(s): 1 
#
#   Using energies from responses.
#
#
!XSPEC12> show param
#
#Parameters defined:
#========================================================================
#Model TBabs<1>(simpl<2>*diskbb<3>) Source No.: 1   Active/On
#Model Model Component  Parameter  Unit     Value
# par  comp
#   1    1   TBabs      nH         10^22    3.20000      frozen
#   2    2   simpl      Gamma               3.40000      +/-  2208.02      
#   3    2   simpl      FracSctr            9.99948E-05  +/-  0.114741     
#   4    2   simpl      UpScOnly            1.00000      frozen
#   5    3   diskbb     Tin        keV      0.254810     +/-  4.78781E-02  
#   6    3   diskbb     norm                3314.58      +/-  3621.02      
#________________________________________________________________________
#
#
!XSPEC12> show fit
#
#Fit statistic  : PG-Statistic                 218.92     using 156 bins.
#
#Test statistic : Chi-Squared                  289.00     using 156 bins.
# Null hypothesis probability of 1.42e-10 with 152 degrees of freedom
#
!XSPEC12> log none
#