#XSPEC version: 12.11.0m
#Build Date/Time: Sat Nov 21 22:38:27 2020
#
!XSPEC12> show data
#
#1 file 1 spectrum 
#Spectrum 1  Spectral Data File: /home/thaddaeus/FMU/Steiner/thaddaeus/1130360172/jspipe/js_ni1130360172_0mpu7_silver_GTI6.jsgrp
#Net count rate (cts/s) for Spectrum:1  -3.761e-01 +/- 7.740e-02 (-52.7 % total)
# Assigned to Data Group 1 and Plot Group 1
#  Noticed Channels:  15-19,28-39
#  Telescope: NICER Instrument: XTI  Channel Type: PI
#  Exposure Time: 122 sec
# Using fit statistic: pgstat
# Using Background File                /home/thaddaeus/FMU/Steiner/thaddaeus/1130360172/jspipe/js_ni1130360172_0mpu7_silver_GTI6.bg
#  Background Exposure Time: 122 sec
# Using Response (RMF) File            /home/thaddaeus/FMU/Steiner/thaddaeus/nicer_d49_55575341.rmf for Source 1
# Using Auxiliary Response (ARF) File  /home/thaddaeus/FMU/Steiner/thaddaeus/nicer_d49_55575341.arf
#
#
!XSPEC12> show model
#
#Current model list:
#
#Model TBabs<1>(simpl<2>*diskbb<3>) Source No.: 1   Active/On
#      For Data Group(s): 1 
#
#   Using energies from responses.
#
#
!XSPEC12> show param
#
#Parameters defined:
#========================================================================
#Model TBabs<1>(simpl<2>*diskbb<3>) Source No.: 1   Active/On
#Model Model Component  Parameter  Unit     Value
# par  comp
#   1    1   TBabs      nH         10^22    3.20000      frozen
#   2    2   simpl      Gamma               3.39986      +/-  6.98201E+07  
#   3    2   simpl      FracSctr            2.77530E-04  +/-  3.48972E+04  
#   4    2   simpl      UpScOnly            1.00000      frozen
#   5    3   diskbb     Tin        keV      0.162130     +/-  1.06009E+04  
#   6    3   diskbb     norm                1.34658E-03  +/-  760.313      
#________________________________________________________________________
#
#
!XSPEC12> show fit
#
#Fit statistic  : PG-Statistic                  41.76     using 17 bins.
#
#Test statistic : Chi-Squared                   88.54     using 17 bins.
# Null hypothesis probability of 2.66e-13 with 13 degrees of freedom
#
!XSPEC12> log none
#