#XSPEC version: 12.11.0m
#Build Date/Time: Sat Nov 21 22:38:27 2020
#
!XSPEC12> show data
#
#1 file 1 spectrum 
#Spectrum 1  Spectral Data File: /home/thaddaeus/FMU/Steiner/thaddaeus/1130360199/jspipe/js_ni1130360199_0mpu7_silver_GTI1.jsgrp
#Net count rate (cts/s) for Spectrum:1  9.549e+00 +/- 1.242e-01 (91.7 % total)
# Assigned to Data Group 1 and Plot Group 1
#  Noticed Channels:  22-53,82-245
#  Telescope: NICER Instrument: XTI  Channel Type: PI
#  Exposure Time: 679.8 sec
# Using fit statistic: pgstat
# Using Background File                /home/thaddaeus/FMU/Steiner/thaddaeus/1130360199/jspipe/js_ni1130360199_0mpu7_silver_GTI1.bg
#  Background Exposure Time: 679.8 sec
# Using Response (RMF) File            /home/thaddaeus/FMU/Steiner/thaddaeus/nicer_d49_55575341.rmf for Source 1
# Using Auxiliary Response (ARF) File  /home/thaddaeus/FMU/Steiner/thaddaeus/nicer_d49_55575341.arf
#
#
!XSPEC12> show model
#
#Current model list:
#
#Model TBabs<1>(simpl<2>*diskbb<3>) Source No.: 1   Active/On
#      For Data Group(s): 1 
#
#   Using energies from responses.
#
#
!XSPEC12> show param
#
#Parameters defined:
#========================================================================
#Model TBabs<1>(simpl<2>*diskbb<3>) Source No.: 1   Active/On
#Model Model Component  Parameter  Unit     Value
# par  comp
#   1    1   TBabs      nH         10^22    3.20000      frozen
#   2    2   simpl      Gamma               1.43666      +/-  8.93948E-02  
#   3    2   simpl      FracSctr            0.587240     +/-  4.38980E-02  
#   4    2   simpl      UpScOnly            1.00000      frozen
#   5    3   diskbb     Tin        keV      0.391501     +/-  0.101196     
#   6    3   diskbb     norm                234.088      +/-  216.748      
#________________________________________________________________________
#
#
!XSPEC12> show fit
#
#Fit statistic  : PG-Statistic                 207.79     using 196 bins.
#
#Test statistic : Chi-Squared                  225.39     using 196 bins.
# Null hypothesis probability of 4.97e-02 with 192 degrees of freedom
#
!XSPEC12> log none
#