#XSPEC version: 12.11.0m
#Build Date/Time: Sat Nov 21 22:38:27 2020
#
!XSPEC12> show data
#
#1 file 1 spectrum 
#Spectrum 1  Spectral Data File: /home/thaddaeus/FMU/Steiner/thaddaeus/2130360210/jspipe/js_ni2130360210_0mpu7_silver_GTI2.jsgrp
#Net count rate (cts/s) for Spectrum:1  -3.128e+00 +/- 4.086e-02 (-383.7 % total)
# Assigned to Data Group 1 and Plot Group 1
#  Noticed Channels:  22-51,76-178
#  Telescope: NICER Instrument: XTI  Channel Type: PI
#  Exposure Time: 945.7 sec
# Using fit statistic: pgstat
# Using Background File                /home/thaddaeus/FMU/Steiner/thaddaeus/2130360210/jspipe/js_ni2130360210_0mpu7_silver_GTI2.bg
#  Background Exposure Time: 945.7 sec
# Using Response (RMF) File            /home/thaddaeus/FMU/Steiner/thaddaeus/nicer_d49_55575341.rmf for Source 1
# Using Auxiliary Response (ARF) File  /home/thaddaeus/FMU/Steiner/thaddaeus/nicer_d49_55575341.arf
#
#
!XSPEC12> show model
#
#Current model list:
#
#Model TBabs<1>(simpl<2>*diskbb<3>) Source No.: 1   Active/On
#      For Data Group(s): 1 
#
#   Using energies from responses.
#
#
!XSPEC12> show param
#
#Parameters defined:
#========================================================================
#Model TBabs<1>(simpl<2>*diskbb<3>) Source No.: 1   Active/On
#Model Model Component  Parameter  Unit     Value
# par  comp
#   1    1   TBabs      nH         10^22    3.20000      frozen
#   2    2   simpl      Gamma               1.59140      +/-  7.22243E+05  
#   3    2   simpl      FracSctr            0.107426     +/-  4.35521E+10  
#   4    2   simpl      UpScOnly            1.00000      frozen
#   5    3   diskbb     Tin        keV      2.14047E-02  +/-  2.49427E+09  
#   6    3   diskbb     norm                5.91290E-02  +/-  1.47898E+11  
#________________________________________________________________________
#
#
!XSPEC12> show fit
#
#Fit statistic  : PG-Statistic                3674.44     using 133 bins.
#
#Test statistic : Chi-Squared                 6372.57     using 133 bins.
# Null hypothesis probability of 0.00e+00 with 129 degrees of freedom
#
!XSPEC12> log none
#