#XSPEC version: 12.11.0m
#Build Date/Time: Sat Nov 21 22:38:27 2020
#
!XSPEC12> show data
#
#1 file 1 spectrum 
#Spectrum 1  Spectral Data File: /home/thaddaeus/FMU/Steiner/thaddaeus/1130360181/jspipe/js_ni1130360181_0mpu7_silver_GTI6.jsgrp
#Net count rate (cts/s) for Spectrum:1  8.642e+01 +/- 7.065e-01 (97.4 % total)
# Assigned to Data Group 1 and Plot Group 1
#  Noticed Channels:  22-54,83-192
#  Telescope: NICER Instrument: XTI  Channel Type: PI
#  Exposure Time: 177.9 sec
# Using fit statistic: pgstat
# Using Background File                /home/thaddaeus/FMU/Steiner/thaddaeus/1130360181/jspipe/js_ni1130360181_0mpu7_silver_GTI6.bg
#  Background Exposure Time: 177.9 sec
# Using Response (RMF) File            /home/thaddaeus/FMU/Steiner/thaddaeus/nicer_d49_u12p5_25_55575341.rmf for Source 1
# Using Auxiliary Response (ARF) File  /home/thaddaeus/FMU/Steiner/thaddaeus/nicer_d49_55575341.arf
#
#
!XSPEC12> show model
#
#Current model list:
#
#Model TBabs<1>(simpl<2>*diskbb<3>) Source No.: 1   Active/On
#      For Data Group(s): 1 
#
#   Using energies from responses.
#
#
!XSPEC12> show param
#
#Parameters defined:
#========================================================================
#Model TBabs<1>(simpl<2>*diskbb<3>) Source No.: 1   Active/On
#Model Model Component  Parameter  Unit     Value
# par  comp
#   1    1   TBabs      nH         10^22    3.20000      frozen
#   2    2   simpl      Gamma               3.40000      +/-  7.39275      
#   3    2   simpl      FracSctr            8.79629E-03  +/-  2.88699E-02  
#   4    2   simpl      UpScOnly            1.00000      frozen
#   5    3   diskbb     Tin        keV      0.485299     +/-  7.86228E-03  
#   6    3   diskbb     norm                4090.06      +/-  282.098      
#________________________________________________________________________
#
#
!XSPEC12> show fit
#
#Fit statistic  : PG-Statistic                 128.40     using 143 bins.
#
#Test statistic : Chi-Squared                  149.30     using 143 bins.
# Null hypothesis probability of 2.60e-01 with 139 degrees of freedom
#
!XSPEC12> log none
#