#XSPEC version: 12.11.0m
#Build Date/Time: Sat Nov 21 22:38:27 2020
#
!XSPEC12> show data
#
#1 file 1 spectrum 
#Spectrum 1  Spectral Data File: /home/thaddaeus/FMU/Steiner/thaddaeus/1130360175/jspipe/js_ni1130360175_0mpu7_silver_GTI1.jsgrp
#Net count rate (cts/s) for Spectrum:1  -5.107e+00 +/- 1.339e-01 (-140.0 % total)
# Assigned to Data Group 1 and Plot Group 1
#  Noticed Channels:  19-45,70-191
#  Telescope: NICER Instrument: XTI  Channel Type: PI
#  Exposure Time: 237.9 sec
# Using fit statistic: pgstat
# Using Background File                /home/thaddaeus/FMU/Steiner/thaddaeus/1130360175/jspipe/js_ni1130360175_0mpu7_silver_GTI1.bg
#  Background Exposure Time: 237.9 sec
# Using Response (RMF) File            /home/thaddaeus/FMU/Steiner/thaddaeus/nicer_d49_55575341.rmf for Source 1
# Using Auxiliary Response (ARF) File  /home/thaddaeus/FMU/Steiner/thaddaeus/nicer_d49_55575341.arf
#
#
!XSPEC12> show model
#
#Current model list:
#
#Model TBabs<1>(simpl<2>*diskbb<3>) Source No.: 1   Active/On
#      For Data Group(s): 1 
#
#   Using energies from responses.
#
#
!XSPEC12> show param
#
#Parameters defined:
#========================================================================
#Model TBabs<1>(simpl<2>*diskbb<3>) Source No.: 1   Active/On
#Model Model Component  Parameter  Unit     Value
# par  comp
#   1    1   TBabs      nH         10^22    3.20000      frozen
#   2    2   simpl      Gamma               2.07400      +/-  6.06955E+06  
#   3    2   simpl      FracSctr            0.302908     +/-  6.38107E+12  
#   4    2   simpl      UpScOnly            1.00000      frozen
#   5    3   diskbb     Tin        keV      2.24057E-02  +/-  2.19974E+11  
#   6    3   diskbb     norm                2.59527E-03  +/-  8.24027E+11  
#________________________________________________________________________
#
#
!XSPEC12> show fit
#
#Fit statistic  : PG-Statistic                1218.68     using 149 bins.
#
#Test statistic : Chi-Squared                 2532.61     using 149 bins.
# Null hypothesis probability of 0.00e+00 with 145 degrees of freedom
#
!XSPEC12> log none
#