#XSPEC version: 12.11.0m
#Build Date/Time: Sat Nov 21 22:38:27 2020
#
!XSPEC12> show data
#
#1 file 1 spectrum 
#Spectrum 1  Spectral Data File: /home/thaddaeus/FMU/Steiner/thaddaeus/1130360162/jspipe/js_ni1130360162_0mpu7_silver_GTI0.jsgrp
#Net count rate (cts/s) for Spectrum:1  -9.667e+00 +/- 5.695e-01 (-75.8 % total)
# Assigned to Data Group 1 and Plot Group 1
#  Noticed Channels:  15-35,62-117
#  Telescope: NICER Instrument: XTI  Channel Type: PI
#  Exposure Time: 40.99 sec
# Using fit statistic: pgstat
# Using Background File                /home/thaddaeus/FMU/Steiner/thaddaeus/1130360162/jspipe/js_ni1130360162_0mpu7_silver_GTI0.bg
#  Background Exposure Time: 40.99 sec
# Using Response (RMF) File            /home/thaddaeus/FMU/Steiner/thaddaeus/nicer_d49_55575341.rmf for Source 1
# Using Auxiliary Response (ARF) File  /home/thaddaeus/FMU/Steiner/thaddaeus/nicer_d49_55575341.arf
#
#
!XSPEC12> show model
#
#Current model list:
#
#Model TBabs<1>(simpl<2>*diskbb<3>) Source No.: 1   Active/On
#      For Data Group(s): 1 
#
#   Using energies from responses.
#
#
!XSPEC12> show param
#
#Parameters defined:
#========================================================================
#Model TBabs<1>(simpl<2>*diskbb<3>) Source No.: 1   Active/On
#Model Model Component  Parameter  Unit     Value
# par  comp
#   1    1   TBabs      nH         10^22    3.20000      frozen
#   2    2   simpl      Gamma               3.37465      +/-  4387.11      
#   3    2   simpl      FracSctr            0.926421     +/-  3.89126E+05  
#   4    2   simpl      UpScOnly            1.00000      frozen
#   5    3   diskbb     Tin        keV      6.23947E-02  +/-  6.15695E+04  
#   6    3   diskbb     norm                7.30254      +/-  3.87923E+07  
#________________________________________________________________________
#
#
!XSPEC12> show fit
#
#Fit statistic  : PG-Statistic                 560.65     using 77 bins.
#
#Test statistic : Chi-Squared                 1628.85     using 77 bins.
# Null hypothesis probability of 7.31e-292 with 73 degrees of freedom
#
!XSPEC12> log none
#