#XSPEC version: 12.11.0m
#Build Date/Time: Sat Nov 21 22:38:27 2020
#
!XSPEC12> show data
#
#1 file 1 spectrum 
#Spectrum 1  Spectral Data File: /home/thaddaeus/FMU/Steiner/thaddaeus/1130360175/jspipe/js_ni1130360175_0mpu7_silver_GTI2.jsgrp
#Net count rate (cts/s) for Spectrum:1  -5.000e+00 +/- 1.204e-01 (-107.2 % total)
# Assigned to Data Group 1 and Plot Group 1
#  Noticed Channels:  22-53,80-249
#  Telescope: NICER Instrument: XTI  Channel Type: PI
#  Exposure Time: 418.9 sec
# Using fit statistic: pgstat
# Using Background File                /home/thaddaeus/FMU/Steiner/thaddaeus/1130360175/jspipe/js_ni1130360175_0mpu7_silver_GTI2.bg
#  Background Exposure Time: 418.9 sec
# Using Response (RMF) File            /home/thaddaeus/FMU/Steiner/thaddaeus/nicer_d49_55575341.rmf for Source 1
# Using Auxiliary Response (ARF) File  /home/thaddaeus/FMU/Steiner/thaddaeus/nicer_d49_55575341.arf
#
#
!XSPEC12> show model
#
#Current model list:
#
#Model TBabs<1>(simpl<2>*diskbb<3>) Source No.: 1   Active/On
#      For Data Group(s): 1 
#
#   Using energies from responses.
#
#
!XSPEC12> show param
#
#Parameters defined:
#========================================================================
#Model TBabs<1>(simpl<2>*diskbb<3>) Source No.: 1   Active/On
#Model Model Component  Parameter  Unit     Value
# par  comp
#   1    1   TBabs      nH         10^22    3.20000      frozen
#   2    2   simpl      Gamma               1.65801      +/-  2.22835E+10  
#   3    2   simpl      FracSctr            9.99949E-05  +/-  4.25213E+06  
#   4    2   simpl      UpScOnly            1.00000      frozen
#   5    3   diskbb     Tin        keV      0.999984     +/-  2.79100E+06  
#   6    3   diskbb     norm                2.07940E-07  +/-  5.77098      
#________________________________________________________________________
#
#
!XSPEC12> show fit
#
#Fit statistic  : PG-Statistic                2266.81     using 202 bins.
#
#Test statistic : Chi-Squared                 3566.31     using 202 bins.
# Null hypothesis probability of 0.00e+00 with 198 degrees of freedom
#
!XSPEC12> log none
#