#XSPEC version: 12.11.0m
#Build Date/Time: Sat Nov 21 22:38:27 2020
#
!XSPEC12> show data
#
#1 file 1 spectrum 
#Spectrum 1  Spectral Data File: /home/thaddaeus/FMU/Steiner/thaddaeus/1130360157/jspipe/js_ni1130360157_0mpu7_silver_GTI3.jsgrp
#Net count rate (cts/s) for Spectrum:1  4.872e+01 +/- 6.506e-01 (99.2 % total)
# Assigned to Data Group 1 and Plot Group 1
#  Noticed Channels:  20-50,79-142
#  Telescope: NICER Instrument: XTI  Channel Type: PI
#  Exposure Time: 116 sec
# Using fit statistic: pgstat
# Using Background File                /home/thaddaeus/FMU/Steiner/thaddaeus/1130360157/jspipe/js_ni1130360157_0mpu7_silver_GTI3.bg
#  Background Exposure Time: 116 sec
# Using Response (RMF) File            /home/thaddaeus/FMU/Steiner/thaddaeus/nicer_d49_55575341.rmf for Source 1
# Using Auxiliary Response (ARF) File  /home/thaddaeus/FMU/Steiner/thaddaeus/nicer_d49_55575341.arf
#
#
!XSPEC12> show model
#
#Current model list:
#
#Model TBabs<1>(simpl<2>*diskbb<3>) Source No.: 1   Active/On
#      For Data Group(s): 1 
#
#   Using energies from responses.
#
#
!XSPEC12> show param
#
#Parameters defined:
#========================================================================
#Model TBabs<1>(simpl<2>*diskbb<3>) Source No.: 1   Active/On
#Model Model Component  Parameter  Unit     Value
# par  comp
#   1    1   TBabs      nH         10^22    3.20000      frozen
#   2    2   simpl      Gamma               3.40000      +/-  5.48292      
#   3    2   simpl      FracSctr            1.04370E-02  +/-  2.75295E-02  
#   4    2   simpl      UpScOnly            1.00000      frozen
#   5    3   diskbb     Tin        keV      0.420700     +/-  8.77345E-03  
#   6    3   diskbb     norm                5401.48      +/-  520.515      
#________________________________________________________________________
#
#
!XSPEC12> show fit
#
#Fit statistic  : PG-Statistic                  99.37     using 95 bins.
#
#Test statistic : Chi-Squared                  103.26     using 95 bins.
# Null hypothesis probability of 1.79e-01 with 91 degrees of freedom
#
!XSPEC12> log none
#