#XSPEC version: 12.11.0m
#Build Date/Time: Sat Nov 21 22:38:27 2020
#
!XSPEC12> show data
#
#1 file 1 spectrum 
#Spectrum 1  Spectral Data File: /home/thaddaeus/FMU/Steiner/thaddaeus/1130360220/jspipe/js_ni1130360220_0mpu7_silver_GTI3.jsgrp
#Net count rate (cts/s) for Spectrum:1  7.096e-01 +/- 2.754e-01 (40.8 % total)
# Assigned to Data Group 1 and Plot Group 1
#  Noticed Channels:  13,19-25
#  Telescope: NICER Instrument: XTI  Channel Type: PI
#  Exposure Time: 22.99 sec
# Using fit statistic: pgstat
# Using Background File                /home/thaddaeus/FMU/Steiner/thaddaeus/1130360220/jspipe/js_ni1130360220_0mpu7_silver_GTI3.bg
#  Background Exposure Time: 22.99 sec
# Using Response (RMF) File            /home/thaddaeus/FMU/Steiner/thaddaeus/nicer_d49_u12p5_25_55575341.rmf for Source 1
# Using Auxiliary Response (ARF) File  /home/thaddaeus/FMU/Steiner/thaddaeus/nicer_d49_55575341.arf
#
#
!XSPEC12> show model
#
#Current model list:
#
#Model TBabs<1>(simpl<2>*diskbb<3>) Source No.: 1   Active/On
#      For Data Group(s): 1 
#
#   Using energies from responses.
#
#
!XSPEC12> show param
#
#Parameters defined:
#========================================================================
#Model TBabs<1>(simpl<2>*diskbb<3>) Source No.: 1   Active/On
#Model Model Component  Parameter  Unit     Value
# par  comp
#   1    1   TBabs      nH         10^22    3.20000      frozen
#   2    2   simpl      Gamma               2.03383      +/-  13.1375      
#   3    2   simpl      FracSctr            0.222159     +/-  2.15354      
#   4    2   simpl      UpScOnly            1.00000      frozen
#   5    3   diskbb     Tin        keV      0.494188     +/-  3.58670      
#   6    3   diskbb     norm                19.5167      +/-  592.122      
#________________________________________________________________________
#
#
!XSPEC12> show fit
#
#Fit statistic  : PG-Statistic                   2.94     using 8 bins.
#
#Test statistic : Chi-Squared                    3.03     using 8 bins.
# Null hypothesis probability of 5.53e-01 with 4 degrees of freedom
#
!XSPEC12> log none
#