#XSPEC version: 12.11.0m
#Build Date/Time: Sat Nov 21 22:38:27 2020
#
!XSPEC12> show data
#
#1 file 1 spectrum 
#Spectrum 1  Spectral Data File: /home/thaddaeus/FMU/Steiner/thaddaeus/1130360172/jspipe/js_ni1130360172_0mpu7_silver_GTI1.jsgrp
#Net count rate (cts/s) for Spectrum:1  -2.213e+00 +/- 1.080e-01 (-25.7 % total)
# Assigned to Data Group 1 and Plot Group 1
#  Noticed Channels:  22-54,83-254
#  Telescope: NICER Instrument: XTI  Channel Type: PI
#  Exposure Time: 945.6 sec
# Using fit statistic: pgstat
# Using Background File                /home/thaddaeus/FMU/Steiner/thaddaeus/1130360172/jspipe/js_ni1130360172_0mpu7_silver_GTI1.bg
#  Background Exposure Time: 945.6 sec
# Using Response (RMF) File            /home/thaddaeus/FMU/Steiner/thaddaeus/nicer_d49_55575341.rmf for Source 1
# Using Auxiliary Response (ARF) File  /home/thaddaeus/FMU/Steiner/thaddaeus/nicer_d49_55575341.arf
#
#
!XSPEC12> show model
#
#Current model list:
#
#Model TBabs<1>(simpl<2>*diskbb<3>) Source No.: 1   Active/On
#      For Data Group(s): 1 
#
#   Using energies from responses.
#
#
!XSPEC12> show param
#
#Parameters defined:
#========================================================================
#Model TBabs<1>(simpl<2>*diskbb<3>) Source No.: 1   Active/On
#Model Model Component  Parameter  Unit     Value
# par  comp
#   1    1   TBabs      nH         10^22    3.20000      frozen
#   2    2   simpl      Gamma               3.39942      +/-  7.03744E+06  
#   3    2   simpl      FracSctr            0.992411     +/-  2.49796E+10  
#   4    2   simpl      UpScOnly            1.00000      frozen
#   5    3   diskbb     Tin        keV      4.67574E-02  +/-  1.22633E+09  
#   6    3   diskbb     norm                2.07279E-04  +/-  1.27135E+08  
#________________________________________________________________________
#
#
!XSPEC12> show fit
#
#Fit statistic  : PG-Statistic                 823.57     using 205 bins.
#
#Test statistic : Chi-Squared                  819.24     using 205 bins.
# Null hypothesis probability of 1.54e-75 with 201 degrees of freedom
#
!XSPEC12> log none
#