#XSPEC version: 12.11.0m
#Build Date/Time: Sat Nov 21 22:38:27 2020
#
!XSPEC12> show data
#
#1 file 1 spectrum 
#Spectrum 1  Spectral Data File: /home/thaddaeus/FMU/Steiner/thaddaeus/1130360170/jspipe/js_ni1130360170_0mpu7_silver_GTI1.jsgrp
#Net count rate (cts/s) for Spectrum:1  -4.822e-01 +/- 7.255e-02 (-17.3 % total)
# Assigned to Data Group 1 and Plot Group 1
#  Noticed Channels:  22-53,82-238
#  Telescope: NICER Instrument: XTI  Channel Type: PI
#  Exposure Time: 587.8 sec
# Using fit statistic: pgstat
# Using Background File                /home/thaddaeus/FMU/Steiner/thaddaeus/1130360170/jspipe/js_ni1130360170_0mpu7_silver_GTI1.bg
#  Background Exposure Time: 587.8 sec
# Using Response (RMF) File            /home/thaddaeus/FMU/Steiner/thaddaeus/nicer_d49_55575341.rmf for Source 1
# Using Auxiliary Response (ARF) File  /home/thaddaeus/FMU/Steiner/thaddaeus/nicer_d49_55575341.arf
#
#
!XSPEC12> show model
#
#Current model list:
#
#Model TBabs<1>(simpl<2>*diskbb<3>) Source No.: 1   Active/On
#      For Data Group(s): 1 
#
#   Using energies from responses.
#
#
!XSPEC12> show param
#
#Parameters defined:
#========================================================================
#Model TBabs<1>(simpl<2>*diskbb<3>) Source No.: 1   Active/On
#Model Model Component  Parameter  Unit     Value
# par  comp
#   1    1   TBabs      nH         10^22    3.20000      frozen
#   2    2   simpl      Gamma               3.39999      +/-  22.9261      
#   3    2   simpl      FracSctr            0.923147     +/-  278.215      
#   4    2   simpl      UpScOnly            1.00000      frozen
#   5    3   diskbb     Tin        keV      0.317720     +/-  40.2797      
#   6    3   diskbb     norm                11.1627      +/-  4414.05      
#________________________________________________________________________
#
#
!XSPEC12> show fit
#
#Fit statistic  : PG-Statistic                 344.57     using 189 bins.
#
#Test statistic : Chi-Squared                  465.32     using 189 bins.
# Null hypothesis probability of 4.12e-26 with 185 degrees of freedom
#
!XSPEC12> log none
#