#XSPEC version: 12.11.0m
#Build Date/Time: Sat Nov 21 22:38:27 2020
#
!XSPEC12> show data
#
#1 file 1 spectrum 
#Spectrum 1  Spectral Data File: /home/thaddaeus/FMU/Steiner/thaddaeus/2130360201/jspipe/js_ni2130360201_0mpu7_silver_GTI4.jsgrp
#Net count rate (cts/s) for Spectrum:1  1.920e+00 +/- 7.770e-02 (79.7 % total)
# Assigned to Data Group 1 and Plot Group 1
#  Noticed Channels:  18-35,64-165
#  Telescope: NICER Instrument: XTI  Channel Type: PI
#  Exposure Time: 402.7 sec
# Using fit statistic: pgstat
# Using Background File                /home/thaddaeus/FMU/Steiner/thaddaeus/2130360201/jspipe/js_ni2130360201_0mpu7_silver_GTI4.bg
#  Background Exposure Time: 402.7 sec
# Using Response (RMF) File            /home/thaddaeus/FMU/Steiner/thaddaeus/nicer_d48_u12p5_25_53019466.rmf for Source 1
# Using Auxiliary Response (ARF) File  /home/thaddaeus/FMU/Steiner/thaddaeus/nicer_d48_53019466.arf
#
#
!XSPEC12> show model
#
#Current model list:
#
#Model TBabs<1>(simpl<2>*diskbb<3>) Source No.: 1   Active/On
#      For Data Group(s): 1 
#
#   Using energies from responses.
#
#
!XSPEC12> show param
#
#Parameters defined:
#========================================================================
#Model TBabs<1>(simpl<2>*diskbb<3>) Source No.: 1   Active/On
#Model Model Component  Parameter  Unit     Value
# par  comp
#   1    1   TBabs      nH         10^22    3.20000      frozen
#   2    2   simpl      Gamma               1.87008      +/-  2.47787      
#   3    2   simpl      FracSctr            0.673499     +/-  1.86421      
#   4    2   simpl      UpScOnly            1.00000      frozen
#   5    3   diskbb     Tin        keV      0.999456     +/-  2.39822      
#   6    3   diskbb     norm                1.26860      +/-  5.35900      
#________________________________________________________________________
#
#
!XSPEC12> show fit
#
#Fit statistic  : PG-Statistic                 132.13     using 120 bins.
#
#Test statistic : Chi-Squared                  148.32     using 120 bins.
# Null hypothesis probability of 2.31e-02 with 116 degrees of freedom
#
!XSPEC12> log none
#