#XSPEC version: 12.11.0m
#Build Date/Time: Sat Nov 21 22:38:27 2020
#
!XSPEC12> show data
#
#1 file 1 spectrum 
#Spectrum 1  Spectral Data File: /home/thaddaeus/FMU/Steiner/thaddaeus/1130360182/jspipe/js_ni1130360182_0mpu7_silver_GTI9.jsgrp
#Net count rate (cts/s) for Spectrum:1  8.558e+01 +/- 5.024e-01 (93.8 % total)
# Assigned to Data Group 1 and Plot Group 1
#  Noticed Channels:  22-54,83-217
#  Telescope: NICER Instrument: XTI  Channel Type: PI
#  Exposure Time: 363.7 sec
# Using fit statistic: pgstat
# Using Background File                /home/thaddaeus/FMU/Steiner/thaddaeus/1130360182/jspipe/js_ni1130360182_0mpu7_silver_GTI9.bg
#  Background Exposure Time: 363.7 sec
# Using Response (RMF) File            /home/thaddaeus/FMU/Steiner/thaddaeus/nicer_d49_u12p5_25_55575341.rmf for Source 1
# Using Auxiliary Response (ARF) File  /home/thaddaeus/FMU/Steiner/thaddaeus/nicer_d49_55575341.arf
#
#
!XSPEC12> show model
#
#Current model list:
#
#Model TBabs<1>(simpl<2>*diskbb<3>) Source No.: 1   Active/On
#      For Data Group(s): 1 
#
#   Using energies from responses.
#
#
!XSPEC12> show param
#
#Parameters defined:
#========================================================================
#Model TBabs<1>(simpl<2>*diskbb<3>) Source No.: 1   Active/On
#Model Model Component  Parameter  Unit     Value
# par  comp
#   1    1   TBabs      nH         10^22    3.20000      frozen
#   2    2   simpl      Gamma               3.40000      +/-  603.560      
#   3    2   simpl      FracSctr            9.99948E-05  +/-  2.55016E-02  
#   4    2   simpl      UpScOnly            1.00000      frozen
#   5    3   diskbb     Tin        keV      0.492230     +/-  6.32413E-03  
#   6    3   diskbb     norm                3849.05      +/-  204.670      
#________________________________________________________________________
#
#
!XSPEC12> show fit
#
#Fit statistic  : PG-Statistic                 560.88     using 168 bins.
#
#Test statistic : Chi-Squared                  848.46     using 168 bins.
# Null hypothesis probability of 8.39e-93 with 164 degrees of freedom
#
!XSPEC12> log none
#