#XSPEC version: 12.11.0m
#Build Date/Time: Sat Nov 21 22:38:27 2020
#
!XSPEC12> show data
#
#1 file 1 spectrum 
#Spectrum 1  Spectral Data File: /home/thaddaeus/FMU/Steiner/thaddaeus/1130360284/jspipe/js_ni1130360284_0mpu7_silver_GTI1.jsgrp
#Net count rate (cts/s) for Spectrum:1  1.531e+00 +/- 4.563e-02 (69.9 % total)
# Assigned to Data Group 1 and Plot Group 1
#  Noticed Channels:  22-53,82-224
#  Telescope: NICER Instrument: XTI  Channel Type: PI
#  Exposure Time: 1093 sec
# Using fit statistic: pgstat
# Using Background File                /home/thaddaeus/FMU/Steiner/thaddaeus/1130360284/jspipe/js_ni1130360284_0mpu7_silver_GTI1.bg
#  Background Exposure Time: 1093 sec
# Using Response (RMF) File            /home/thaddaeus/FMU/Steiner/thaddaeus/nicer_d48_u100_150_53019466.rmf for Source 1
# Using Auxiliary Response (ARF) File  /home/thaddaeus/FMU/Steiner/thaddaeus/nicer_d48_53019466.arf
#
#
!XSPEC12> show model
#
#Current model list:
#
#Model TBabs<1>(simpl<2>*diskbb<3>) Source No.: 1   Active/On
#      For Data Group(s): 1 
#
#   Using energies from responses.
#
#
!XSPEC12> show param
#
#Parameters defined:
#========================================================================
#Model TBabs<1>(simpl<2>*diskbb<3>) Source No.: 1   Active/On
#Model Model Component  Parameter  Unit     Value
# par  comp
#   1    1   TBabs      nH         10^22    3.20000      frozen
#   2    2   simpl      Gamma               1.48541      +/-  1.14553      
#   3    2   simpl      FracSctr            0.585825     +/-  0.331856     
#   4    2   simpl      UpScOnly            1.00000      frozen
#   5    3   diskbb     Tin        keV      0.889748     +/-  0.487443     
#   6    3   diskbb     norm                1.80549      +/-  2.26407      
#________________________________________________________________________
#
#
!XSPEC12> show fit
#
#Fit statistic  : PG-Statistic                 185.68     using 175 bins.
#
#Test statistic : Chi-Squared                  218.66     using 175 bins.
# Null hypothesis probability of 8.07e-03 with 171 degrees of freedom
#
!XSPEC12> log none
#