#XSPEC version: 12.11.0m
#Build Date/Time: Sat Nov 21 22:38:27 2020
#
!XSPEC12> show data
#
#1 file 1 spectrum 
#Spectrum 1  Spectral Data File: /home/thaddaeus/FMU/Steiner/thaddaeus/1130360228/jspipe/js_ni1130360228_0mpu7_silver_GTI2.jsgrp
#Net count rate (cts/s) for Spectrum:1  3.293e+01 +/- 5.686e-01 (98.0 % total)
# Assigned to Data Group 1 and Plot Group 1
#  Noticed Channels:  18-40,69-197
#  Telescope: NICER Instrument: XTI  Channel Type: PI
#  Exposure Time: 103.9 sec
# Using fit statistic: pgstat
# Using Background File                /home/thaddaeus/FMU/Steiner/thaddaeus/1130360228/jspipe/js_ni1130360228_0mpu7_silver_GTI2.bg
#  Background Exposure Time: 103.9 sec
# Using Response (RMF) File            /home/thaddaeus/FMU/Steiner/thaddaeus/nicer_d49_u12p5_25_55575341.rmf for Source 1
# Using Auxiliary Response (ARF) File  /home/thaddaeus/FMU/Steiner/thaddaeus/nicer_d49_55575341.arf
#
#
!XSPEC12> show model
#
#Current model list:
#
#Model TBabs<1>(simpl<2>*diskbb<3>) Source No.: 1   Active/On
#      For Data Group(s): 1 
#
#   Using energies from responses.
#
#
!XSPEC12> show param
#
#Parameters defined:
#========================================================================
#Model TBabs<1>(simpl<2>*diskbb<3>) Source No.: 1   Active/On
#Model Model Component  Parameter  Unit     Value
# par  comp
#   1    1   TBabs      nH         10^22    3.20000      frozen
#   2    2   simpl      Gamma               1.96617      +/-  0.109166     
#   3    2   simpl      FracSctr            0.238706     +/-  2.86515E-02  
#   4    2   simpl      UpScOnly            1.00000      frozen
#   5    3   diskbb     Tin        keV      0.301852     +/-  4.62651E-02  
#   6    3   diskbb     norm                5946.95      +/-  4425.96      
#________________________________________________________________________
#
#
!XSPEC12> show fit
#
#Fit statistic  : PG-Statistic                 161.13     using 152 bins.
#
#Test statistic : Chi-Squared                  181.55     using 152 bins.
# Null hypothesis probability of 3.16e-02 with 148 degrees of freedom
#
!XSPEC12> log none
#