#XSPEC version: 12.11.0m
#Build Date/Time: Sat Nov 21 22:38:27 2020
#
!XSPEC12> show data
#
#1 file 1 spectrum 
#Spectrum 1  Spectral Data File: /home/thaddaeus/FMU/Steiner/thaddaeus/2130360210/jspipe/js_ni2130360210_0mpu7_silver_GTI0.jsgrp
#Net count rate (cts/s) for Spectrum:1  -2.981e+01 +/- 3.886e-01 (-216.6 % total)
# Assigned to Data Group 1 and Plot Group 1
#  Noticed Channels:  19-44,69-236
#  Telescope: NICER Instrument: XTI  Channel Type: PI
#  Exposure Time: 119.9 sec
# Using fit statistic: pgstat
# Using Background File                /home/thaddaeus/FMU/Steiner/thaddaeus/2130360210/jspipe/js_ni2130360210_0mpu7_silver_GTI0.bg
#  Background Exposure Time: 119.9 sec
# Using Response (RMF) File            /home/thaddaeus/FMU/Steiner/thaddaeus/nicer_d49_55575341.rmf for Source 1
# Using Auxiliary Response (ARF) File  /home/thaddaeus/FMU/Steiner/thaddaeus/nicer_d49_55575341.arf
#
#
!XSPEC12> show model
#
#Current model list:
#
#Model TBabs<1>(simpl<2>*diskbb<3>) Source No.: 1   Active/On
#      For Data Group(s): 1 
#
#   Using energies from responses.
#
#
!XSPEC12> show param
#
#Parameters defined:
#========================================================================
#Model TBabs<1>(simpl<2>*diskbb<3>) Source No.: 1   Active/On
#Model Model Component  Parameter  Unit     Value
# par  comp
#   1    1   TBabs      nH         10^22    3.20000      frozen
#   2    2   simpl      Gamma               1.44987      +/-  1.63458E+11  
#   3    2   simpl      FracSctr            0.336286     +/-  1.31986E+18  
#   4    2   simpl      UpScOnly            1.00000      frozen
#   5    3   diskbb     Tin        keV      1.04579E-02  +/-  1.89968E+15  
#   6    3   diskbb     norm                0.175384     +/-  -1.00000     
#________________________________________________________________________
#
#
!XSPEC12> show fit
#
#Fit statistic  : PG-Statistic                4072.62     using 194 bins.
#
#Test statistic : Chi-Squared                 8610.30     using 194 bins.
# Null hypothesis probability of 0.00e+00 with 190 degrees of freedom
#
!XSPEC12> log none
#