#XSPEC version: 12.11.0m
#Build Date/Time: Sat Nov 21 22:38:27 2020
#
!XSPEC12> show data
#
#1 file 1 spectrum 
#Spectrum 1  Spectral Data File: /home/thaddaeus/FMU/Steiner/thaddaeus/1130360265/jspipe/js_ni1130360265_0mpu7_silver_GTI0.jsgrp
#Net count rate (cts/s) for Spectrum:1  1.492e+00 +/- 1.610e-01 (82.7 % total)
# Assigned to Data Group 1 and Plot Group 1
#  Noticed Channels:  18-20,31-52
#  Telescope: NICER Instrument: XTI  Channel Type: PI
#  Exposure Time: 69.78 sec
# Using fit statistic: pgstat
# Using Background File                /home/thaddaeus/FMU/Steiner/thaddaeus/1130360265/jspipe/js_ni1130360265_0mpu7_silver_GTI0.bg
#  Background Exposure Time: 69.78 sec
# Using Response (RMF) File            /home/thaddaeus/FMU/Steiner/thaddaeus/nicer_d48_u50_100_53019469.rmf for Source 1
# Using Auxiliary Response (ARF) File  /home/thaddaeus/FMU/Steiner/thaddaeus/nicer_d48_53019469.arf
#
#
!XSPEC12> show model
#
#Current model list:
#
#Model TBabs<1>(simpl<2>*diskbb<3>) Source No.: 1   Active/On
#      For Data Group(s): 1 
#
#   Using energies from responses.
#
#
!XSPEC12> show param
#
#Parameters defined:
#========================================================================
#Model TBabs<1>(simpl<2>*diskbb<3>) Source No.: 1   Active/On
#Model Model Component  Parameter  Unit     Value
# par  comp
#   1    1   TBabs      nH         10^22    3.20000      frozen
#   2    2   simpl      Gamma               1.40000      +/-  0.804413     
#   3    2   simpl      FracSctr            9.72480E-02  +/-  0.900397     
#   4    2   simpl      UpScOnly            1.00000      frozen
#   5    3   diskbb     Tin        keV      0.160845     +/-  0.345233     
#   6    3   diskbb     norm                6256.43      +/-  1.09177E+05  
#________________________________________________________________________
#
#
!XSPEC12> show fit
#
#Fit statistic  : PG-Statistic                  42.24     using 25 bins.
#
#Test statistic : Chi-Squared                   43.40     using 25 bins.
# Null hypothesis probability of 2.80e-03 with 21 degrees of freedom
#
!XSPEC12> log none
#