#XSPEC version: 12.11.0m
#Build Date/Time: Sat Nov 21 22:38:27 2020
#
!XSPEC12> show data
#
#1 file 1 spectrum 
#Spectrum 1  Spectral Data File: /home/thaddaeus/FMU/Steiner/thaddaeus/1130360273/jspipe/js_ni1130360273_0mpu7_silver_GTI0.jsgrp
#Net count rate (cts/s) for Spectrum:1  -1.983e+00 +/- 2.256e-01 (-60.6 % total)
# Assigned to Data Group 1 and Plot Group 1
#  Noticed Channels:  19-23,33-68
#  Telescope: NICER Instrument: XTI  Channel Type: PI
#  Exposure Time: 65.66 sec
# Using fit statistic: pgstat
# Using Background File                /home/thaddaeus/FMU/Steiner/thaddaeus/1130360273/jspipe/js_ni1130360273_0mpu7_silver_GTI0.bg
#  Background Exposure Time: 65.66 sec
# Using Response (RMF) File            /home/thaddaeus/FMU/Steiner/thaddaeus/nicer_d49_u150_200_55575341.rmf for Source 1
# Using Auxiliary Response (ARF) File  /home/thaddaeus/FMU/Steiner/thaddaeus/nicer_d49_55575341.arf
#
#
!XSPEC12> show model
#
#Current model list:
#
#Model TBabs<1>(simpl<2>*diskbb<3>) Source No.: 1   Active/On
#      For Data Group(s): 1 
#
#   Using energies from responses.
#
#
!XSPEC12> show param
#
#Parameters defined:
#========================================================================
#Model TBabs<1>(simpl<2>*diskbb<3>) Source No.: 1   Active/On
#Model Model Component  Parameter  Unit     Value
# par  comp
#   1    1   TBabs      nH         10^22    3.20000      frozen
#   2    2   simpl      Gamma               1.75504      +/-  4.14107E+07  
#   3    2   simpl      FracSctr            0.305114     +/-  7.30014E+13  
#   4    2   simpl      UpScOnly            1.00000      frozen
#   5    3   diskbb     Tin        keV      2.56032E-02  +/-  2.34389E+12  
#   6    3   diskbb     norm                3.70958E-02  +/-  3.81302E+13  
#________________________________________________________________________
#
#
!XSPEC12> show fit
#
#Fit statistic  : PG-Statistic                 157.36     using 41 bins.
#
#Test statistic : Chi-Squared                  333.70     using 41 bins.
# Null hypothesis probability of 2.00e-49 with 37 degrees of freedom
#
!XSPEC12> log none
#