#XSPEC version: 12.11.0m
#Build Date/Time: Sat Nov 21 22:38:27 2020
#
!XSPEC12> show data
#
#1 file 1 spectrum 
#Spectrum 1  Spectral Data File: /home/thaddaeus/FMU/Steiner/thaddaeus/1130360135/jspipe/js_ni1130360135_0mpu7_silver_GTI2.jsgrp
#Net count rate (cts/s) for Spectrum:1  1.203e+03 +/- 4.735e+00 (100.0 % total)
# Assigned to Data Group 1 and Plot Group 1
#  Noticed Channels:  22-54,83-208
#  Telescope: NICER Instrument: XTI  Channel Type: PI
#  Exposure Time: 53.68 sec
# Using fit statistic: pgstat
# Using Background File                /home/thaddaeus/FMU/Steiner/thaddaeus/1130360135/jspipe/js_ni1130360135_0mpu7_silver_GTI2.bg
#  Background Exposure Time: 53.68 sec
# Using Response (RMF) File            /home/thaddaeus/FMU/Steiner/thaddaeus/nicer_d49_u150_200_55575341.rmf for Source 1
# Using Auxiliary Response (ARF) File  /home/thaddaeus/FMU/Steiner/thaddaeus/nicer_d49_55575341.arf
#
#
!XSPEC12> show model
#
#Current model list:
#
#Model TBabs<1>(simpl<2>*diskbb<3>) Source No.: 1   Active/On
#      For Data Group(s): 1 
#
#   Using energies from responses.
#
#
!XSPEC12> show param
#
#Parameters defined:
#========================================================================
#Model TBabs<1>(simpl<2>*diskbb<3>) Source No.: 1   Active/On
#Model Model Component  Parameter  Unit     Value
# par  comp
#   1    1   TBabs      nH         10^22    3.20000      frozen
#   2    2   simpl      Gamma               3.40000      +/-  0.139117     
#   3    2   simpl      FracSctr            1.00000      +/-  61.0759      
#   4    2   simpl      UpScOnly            1.00000      frozen
#   5    3   diskbb     Tin        keV      0.437818     +/-  5.58839      
#   6    3   diskbb     norm                2.79636E+04  +/-  1.07341E+06  
#________________________________________________________________________
#
#
!XSPEC12> show fit
#
#Fit statistic  : PG-Statistic                3345.65     using 159 bins.
#
#Test statistic : Chi-Squared                 9199.01     using 159 bins.
# Null hypothesis probability of 0.00e+00 with 155 degrees of freedom
#
!XSPEC12> log none
#