#XSPEC version: 12.11.0m
#Build Date/Time: Sat Nov 21 22:38:27 2020
#
!XSPEC12> show data
#
#1 file 1 spectrum 
#Spectrum 1  Spectral Data File: /home/thaddaeus/FMU/Steiner/thaddaeus/1130360176/jspipe/js_ni1130360176_0mpu7_silver_GTI1.jsgrp
#Net count rate (cts/s) for Spectrum:1  -1.645e+00 +/- 5.154e-02 (-107.2 % total)
# Assigned to Data Group 1 and Plot Group 1
#  Noticed Channels:  22-53,81-208
#  Telescope: NICER Instrument: XTI  Channel Type: PI
#  Exposure Time: 749.8 sec
# Using fit statistic: pgstat
# Using Background File                /home/thaddaeus/FMU/Steiner/thaddaeus/1130360176/jspipe/js_ni1130360176_0mpu7_silver_GTI1.bg
#  Background Exposure Time: 749.8 sec
# Using Response (RMF) File            /home/thaddaeus/FMU/Steiner/thaddaeus/nicer_d49_55575341.rmf for Source 1
# Using Auxiliary Response (ARF) File  /home/thaddaeus/FMU/Steiner/thaddaeus/nicer_d49_55575341.arf
#
#
!XSPEC12> show model
#
#Current model list:
#
#Model TBabs<1>(simpl<2>*diskbb<3>) Source No.: 1   Active/On
#      For Data Group(s): 1 
#
#   Using energies from responses.
#
#
!XSPEC12> show param
#
#Parameters defined:
#========================================================================
#Model TBabs<1>(simpl<2>*diskbb<3>) Source No.: 1   Active/On
#Model Model Component  Parameter  Unit     Value
# par  comp
#   1    1   TBabs      nH         10^22    3.20000      frozen
#   2    2   simpl      Gamma               3.28843      +/-  2.71298E+04  
#   3    2   simpl      FracSctr            0.973573     +/-  1.97368E+06  
#   4    2   simpl      UpScOnly            1.00000      frozen
#   5    3   diskbb     Tin        keV      6.30587E-02  +/-  3.60639E+05  
#   6    3   diskbb     norm                1.01625E-02  +/-  4.35635E+05  
#________________________________________________________________________
#
#
!XSPEC12> show fit
#
#Fit statistic  : PG-Statistic                1133.39     using 160 bins.
#
#Test statistic : Chi-Squared                 1767.24     using 160 bins.
# Null hypothesis probability of 9.73e-271 with 156 degrees of freedom
#
!XSPEC12> log none
#