#XSPEC version: 12.11.0m
#Build Date/Time: Sat Nov 21 22:38:27 2020
#
!XSPEC12> show data
#
#1 file 1 spectrum 
#Spectrum 1  Spectral Data File: /home/thaddaeus/FMU/Steiner/thaddaeus/1130360226/jspipe/js_ni1130360226_0mpu7_silver_GTI7.jsgrp
#Net count rate (cts/s) for Spectrum:1  1.094e+01 +/- 1.746e-01 (93.9 % total)
# Assigned to Data Group 1 and Plot Group 1
#  Noticed Channels:  20-45,74-222
#  Telescope: NICER Instrument: XTI  Channel Type: PI
#  Exposure Time: 382.8 sec
# Using fit statistic: pgstat
# Using Background File                /home/thaddaeus/FMU/Steiner/thaddaeus/1130360226/jspipe/js_ni1130360226_0mpu7_silver_GTI7.bg
#  Background Exposure Time: 382.8 sec
# Using Response (RMF) File            /home/thaddaeus/FMU/Steiner/thaddaeus/nicer_d49_u12p5_25_55575341.rmf for Source 1
# Using Auxiliary Response (ARF) File  /home/thaddaeus/FMU/Steiner/thaddaeus/nicer_d49_55575341.arf
#
#
!XSPEC12> show model
#
#Current model list:
#
#Model TBabs<1>(simpl<2>*diskbb<3>) Source No.: 1   Active/On
#      For Data Group(s): 1 
#
#   Using energies from responses.
#
#
!XSPEC12> show param
#
#Parameters defined:
#========================================================================
#Model TBabs<1>(simpl<2>*diskbb<3>) Source No.: 1   Active/On
#Model Model Component  Parameter  Unit     Value
# par  comp
#   1    1   TBabs      nH         10^22    3.20000      frozen
#   2    2   simpl      Gamma               1.51065      +/-  0.109670     
#   3    2   simpl      FracSctr            0.666444     +/-  8.52817E-02  
#   4    2   simpl      UpScOnly            1.00000      frozen
#   5    3   diskbb     Tin        keV      0.380155     +/-  0.178724     
#   6    3   diskbb     norm                263.680      +/-  393.172      
#________________________________________________________________________
#
#
!XSPEC12> show fit
#
#Fit statistic  : PG-Statistic                 193.56     using 175 bins.
#
#Test statistic : Chi-Squared                  216.43     using 175 bins.
# Null hypothesis probability of 1.06e-02 with 171 degrees of freedom
#
!XSPEC12> log none
#