#XSPEC version: 12.11.0m
#Build Date/Time: Sat Nov 21 22:38:27 2020
#
!XSPEC12> show data
#
#1 file 1 spectrum 
#Spectrum 1  Spectral Data File: /home/thaddaeus/FMU/Steiner/thaddaeus/1130360157/jspipe/js_ni1130360157_0mpu7_silver_GTI4.jsgrp
#Net count rate (cts/s) for Spectrum:1  4.888e+01 +/- 2.254e-01 (99.0 % total)
# Assigned to Data Group 1 and Plot Group 1
#  Noticed Channels:  22-54,83-189
#  Telescope: NICER Instrument: XTI  Channel Type: PI
#  Exposure Time: 972.6 sec
# Using fit statistic: pgstat
# Using Background File                /home/thaddaeus/FMU/Steiner/thaddaeus/1130360157/jspipe/js_ni1130360157_0mpu7_silver_GTI4.bg
#  Background Exposure Time: 972.6 sec
# Using Response (RMF) File            /home/thaddaeus/FMU/Steiner/thaddaeus/nicer_d49_55575341.rmf for Source 1
# Using Auxiliary Response (ARF) File  /home/thaddaeus/FMU/Steiner/thaddaeus/nicer_d49_55575341.arf
#
#
!XSPEC12> show model
#
#Current model list:
#
#Model TBabs<1>(simpl<2>*diskbb<3>) Source No.: 1   Active/On
#      For Data Group(s): 1 
#
#   Using energies from responses.
#
#
!XSPEC12> show param
#
#Parameters defined:
#========================================================================
#Model TBabs<1>(simpl<2>*diskbb<3>) Source No.: 1   Active/On
#Model Model Component  Parameter  Unit     Value
# par  comp
#   1    1   TBabs      nH         10^22    3.20000      frozen
#   2    2   simpl      Gamma               3.40000      +/-  3.02612      
#   3    2   simpl      FracSctr            5.72897E-03  +/-  8.51357E-03  
#   4    2   simpl      UpScOnly            1.00000      frozen
#   5    3   diskbb     Tin        keV      0.424356     +/-  2.85136E-03  
#   6    3   diskbb     norm                5211.04      +/-  163.902      
#________________________________________________________________________
#
#
!XSPEC12> show fit
#
#Fit statistic  : PG-Statistic                 137.75     using 140 bins.
#
#Test statistic : Chi-Squared                  147.31     using 140 bins.
# Null hypothesis probability of 2.40e-01 with 136 degrees of freedom
#
!XSPEC12> log none
#