#XSPEC version: 12.11.0m
#Build Date/Time: Sat Nov 21 22:38:27 2020
#
!XSPEC12> show data
#
#1 file 1 spectrum 
#Spectrum 1  Spectral Data File: /home/thaddaeus/FMU/Steiner/thaddaeus/1130360130/jspipe/js_ni1130360130_0mpu7_silver_GTI6.jsgrp
#Net count rate (cts/s) for Spectrum:1  1.210e+03 +/- 1.712e+00 (100.0 % total)
# Assigned to Data Group 1 and Plot Group 1
#  Noticed Channels:  22-54,83-232
#  Telescope: NICER Instrument: XTI  Channel Type: PI
#  Exposure Time: 413 sec
# Using fit statistic: pgstat
# Using Background File                /home/thaddaeus/FMU/Steiner/thaddaeus/1130360130/jspipe/js_ni1130360130_0mpu7_silver_GTI6.bg
#  Background Exposure Time: 413 sec
# Using Response (RMF) File            /home/thaddaeus/FMU/Steiner/thaddaeus/nicer_d49_u150_200_55575341.rmf for Source 1
# Using Auxiliary Response (ARF) File  /home/thaddaeus/FMU/Steiner/thaddaeus/nicer_d49_55575341.arf
#
#
!XSPEC12> show model
#
#Current model list:
#
#Model TBabs<1>(simpl<2>*diskbb<3>) Source No.: 1   Active/On
#      For Data Group(s): 1 
#
#   Using energies from responses.
#
#
!XSPEC12> show param
#
#Parameters defined:
#========================================================================
#Model TBabs<1>(simpl<2>*diskbb<3>) Source No.: 1   Active/On
#Model Model Component  Parameter  Unit     Value
# par  comp
#   1    1   TBabs      nH         10^22    3.20000      frozen
#   2    2   simpl      Gamma               3.40000      +/-  4.99156E-02  
#   3    2   simpl      FracSctr            1.00000      +/-  21.8388      
#   4    2   simpl      UpScOnly            1.00000      frozen
#   5    3   diskbb     Tin        keV      0.437942     +/-  1.99878      
#   6    3   diskbb     norm                2.80716E+04  +/-  3.85298E+05  
#________________________________________________________________________
#
#
!XSPEC12> show fit
#
#Fit statistic  : PG-Statistic               24988.15     using 183 bins.
#
#Test statistic : Chi-Squared                76590.69     using 183 bins.
# Null hypothesis probability of 0.00e+00 with 179 degrees of freedom
#
!XSPEC12> log none
#