#XSPEC version: 12.11.0m
#Build Date/Time: Sat Nov 21 22:38:27 2020
#
!XSPEC12> show data
#
#1 file 1 spectrum 
#Spectrum 1  Spectral Data File: /home/thaddaeus/FMU/Steiner/thaddaeus/1130360167/jspipe/js_ni1130360167_0mpu7_silver_GTI0.jsgrp
#Net count rate (cts/s) for Spectrum:1  -1.161e+00 +/- 7.015e-02 (-65.4 % total)
# Assigned to Data Group 1 and Plot Group 1
#  Noticed Channels:  19-45,73-133
#  Telescope: NICER Instrument: XTI  Channel Type: PI
#  Exposure Time: 404.8 sec
# Using fit statistic: pgstat
# Using Background File                /home/thaddaeus/FMU/Steiner/thaddaeus/1130360167/jspipe/js_ni1130360167_0mpu7_silver_GTI0.bg
#  Background Exposure Time: 404.8 sec
# Using Response (RMF) File            /home/thaddaeus/FMU/Steiner/thaddaeus/nicer_d49_55575341.rmf for Source 1
# Using Auxiliary Response (ARF) File  /home/thaddaeus/FMU/Steiner/thaddaeus/nicer_d49_55575341.arf
#
#
!XSPEC12> show model
#
#Current model list:
#
#Model TBabs<1>(simpl<2>*diskbb<3>) Source No.: 1   Active/On
#      For Data Group(s): 1 
#
#   Using energies from responses.
#
#
!XSPEC12> show param
#
#Parameters defined:
#========================================================================
#Model TBabs<1>(simpl<2>*diskbb<3>) Source No.: 1   Active/On
#Model Model Component  Parameter  Unit     Value
# par  comp
#   1    1   TBabs      nH         10^22    3.20000      frozen
#   2    2   simpl      Gamma               3.40000      +/-  6721.86      
#   3    2   simpl      FracSctr            9.99948E-05  +/-  0.336144     
#   4    2   simpl      UpScOnly            1.00000      frozen
#   5    3   diskbb     Tin        keV      0.268214     +/-  0.120561     
#   6    3   diskbb     norm                834.433      +/-  2079.93      
#________________________________________________________________________
#
#
!XSPEC12> show fit
#
#Fit statistic  : PG-Statistic                 715.14     using 88 bins.
#
#Test statistic : Chi-Squared                 1605.76     using 88 bins.
# Null hypothesis probability of 7.99e-280 with 84 degrees of freedom
#
!XSPEC12> log none
#