#XSPEC version: 12.11.0m
#Build Date/Time: Sat Nov 21 22:38:27 2020
#
!XSPEC12> show data
#
#1 file 1 spectrum 
#Spectrum 1  Spectral Data File: /home/thaddaeus/FMU/Steiner/thaddaeus/1050360105/jspipe/js_ni1050360105_0mpu7_silver_GTI8.jsgrp
#Net count rate (cts/s) for Spectrum:1  4.779e+03 +/- 1.333e+01 (100.0 % total)
# Assigned to Data Group 1 and Plot Group 1
#  Noticed Channels:  22-54,83-254
#  Telescope: NICER Instrument: XTI  Channel Type: PI
#  Exposure Time: 26.89 sec
# Using fit statistic: pgstat
# Using Background File                /home/thaddaeus/FMU/Steiner/thaddaeus/1050360105/jspipe/js_ni1050360105_0mpu7_silver_GTI8.bg
#  Background Exposure Time: 26.89 sec
# Using Response (RMF) File            /home/thaddaeus/FMU/Steiner/thaddaeus/nicer_d48_53019466.rmf for Source 1
# Using Auxiliary Response (ARF) File  /home/thaddaeus/FMU/Steiner/thaddaeus/nicer_d48_53019466.arf
#
#
!XSPEC12> show model
#
#Current model list:
#
#Model TBabs<1>(simpl<2>*diskbb<3>) Source No.: 1   Active/On
#      For Data Group(s): 1 
#
#   Using energies from responses.
#
#
!XSPEC12> show param
#
#Parameters defined:
#========================================================================
#Model TBabs<1>(simpl<2>*diskbb<3>) Source No.: 1   Active/On
#Model Model Component  Parameter  Unit     Value
# par  comp
#   1    1   TBabs      nH         10^22    3.20000      frozen
#   2    2   simpl      Gamma               2.22349      +/-  4.45707E-02  
#   3    2   simpl      FracSctr            0.858528     +/-  0.202827     
#   4    2   simpl      UpScOnly            1.00000      frozen
#   5    3   diskbb     Tin        keV      0.573850     +/-  0.100712     
#   6    3   diskbb     norm                2.41021E+04  +/-  1.34801E+04  
#________________________________________________________________________
#
#
!XSPEC12> show fit
#
#Fit statistic  : PG-Statistic                 224.16     using 205 bins.
#
#Test statistic : Chi-Squared                  243.79     using 205 bins.
# Null hypothesis probability of 2.11e-02 with 201 degrees of freedom
#
!XSPEC12> log none
#