#XSPEC version: 12.11.0m
#Build Date/Time: Sat Nov 21 22:38:27 2020
#
!XSPEC12> show data
#
#1 file 1 spectrum 
#Spectrum 1  Spectral Data File: /home/thaddaeus/FMU/Steiner/thaddaeus/1130360266/jspipe/js_ni1130360266_0mpu7_silver_GTI1.jsgrp
#Net count rate (cts/s) for Spectrum:1  -5.214e+01 +/- 4.628e-01 (-270.2 % total)
# Assigned to Data Group 1 and Plot Group 1
#  Noticed Channels:  22-53,82-253
#  Telescope: NICER Instrument: XTI  Channel Type: PI
#  Exposure Time: 145.5 sec
# Using fit statistic: pgstat
# Using Background File                /home/thaddaeus/FMU/Steiner/thaddaeus/1130360266/jspipe/js_ni1130360266_0mpu7_silver_GTI1.bg
#  Background Exposure Time: 145.5 sec
# Using Response (RMF) File            /home/thaddaeus/FMU/Steiner/thaddaeus/nicer_d49_u100_150_55575341.rmf for Source 1
# Using Auxiliary Response (ARF) File  /home/thaddaeus/FMU/Steiner/thaddaeus/nicer_d49_55575341.arf
#
#
!XSPEC12> show model
#
#Current model list:
#
#Model TBabs<1>(simpl<2>*diskbb<3>) Source No.: 1   Active/On
#      For Data Group(s): 1 
#
#   Using energies from responses.
#
#
!XSPEC12> show param
#
#Parameters defined:
#========================================================================
#Model TBabs<1>(simpl<2>*diskbb<3>) Source No.: 1   Active/On
#Model Model Component  Parameter  Unit     Value
# par  comp
#   1    1   TBabs      nH         10^22    3.20000      frozen
#   2    2   simpl      Gamma               3.28677      +/-  2.35901E+05  
#   3    2   simpl      FracSctr            0.991300     +/-  2.57772E+08  
#   4    2   simpl      UpScOnly            1.00000      frozen
#   5    3   diskbb     Tin        keV      6.60415E-02  +/-  1.98073E+07  
#   6    3   diskbb     norm                4.28918E-02  +/-  4.26096E+07  
#________________________________________________________________________
#
#
!XSPEC12> show fit
#
#Fit statistic  : PG-Statistic                8529.70     using 204 bins.
#
#Test statistic : Chi-Squared                14468.50     using 204 bins.
# Null hypothesis probability of 0.00e+00 with 200 degrees of freedom
#
!XSPEC12> log none
#