#XSPEC version: 12.11.0m
#Build Date/Time: Sat Nov 21 22:38:27 2020
#
!XSPEC12> show data
#
#1 file 1 spectrum 
#Spectrum 1  Spectral Data File: /home/thaddaeus/FMU/Steiner/thaddaeus/1130360168/jspipe/js_ni1130360168_0mpu7_silver_GTI1.jsgrp
#Net count rate (cts/s) for Spectrum:1  1.429e+00 +/- 5.443e-02 (64.2 % total)
# Assigned to Data Group 1 and Plot Group 1
#  Noticed Channels:  22-54,83-200
#  Telescope: NICER Instrument: XTI  Channel Type: PI
#  Exposure Time: 776.7 sec
# Using fit statistic: pgstat
# Using Background File                /home/thaddaeus/FMU/Steiner/thaddaeus/1130360168/jspipe/js_ni1130360168_0mpu7_silver_GTI1.bg
#  Background Exposure Time: 776.7 sec
# Using Response (RMF) File            /home/thaddaeus/FMU/Steiner/thaddaeus/nicer_d49_55575341.rmf for Source 1
# Using Auxiliary Response (ARF) File  /home/thaddaeus/FMU/Steiner/thaddaeus/nicer_d49_55575341.arf
#
#
!XSPEC12> show model
#
#Current model list:
#
#Model TBabs<1>(simpl<2>*diskbb<3>) Source No.: 1   Active/On
#      For Data Group(s): 1 
#
#   Using energies from responses.
#
#
!XSPEC12> show param
#
#Parameters defined:
#========================================================================
#Model TBabs<1>(simpl<2>*diskbb<3>) Source No.: 1   Active/On
#Model Model Component  Parameter  Unit     Value
# par  comp
#   1    1   TBabs      nH         10^22    3.20000      frozen
#   2    2   simpl      Gamma               1.96626      +/-  0.215154     
#   3    2   simpl      FracSctr            4.68277E-03  +/-  1.92491E-03  
#   4    2   simpl      UpScOnly            1.00000      frozen
#   5    3   diskbb     Tin        keV      0.146752     +/-  9.55889E-03  
#   6    3   diskbb     norm                1.46335E+05  +/-  9.02359E+04  
#________________________________________________________________________
#
#
!XSPEC12> show fit
#
#Fit statistic  : PG-Statistic                 175.79     using 151 bins.
#
#Test statistic : Chi-Squared                  156.96     using 151 bins.
# Null hypothesis probability of 2.72e-01 with 147 degrees of freedom
#
!XSPEC12> log none
#