#XSPEC version: 12.11.0m
#Build Date/Time: Sat Nov 21 22:38:27 2020
#
!XSPEC12> show data
#
#1 file 1 spectrum 
#Spectrum 1  Spectral Data File: /home/thaddaeus/FMU/Steiner/thaddaeus/1130360167/jspipe/js_ni1130360167_0mpu7_silver_GTI1.jsgrp
#Net count rate (cts/s) for Spectrum:1  8.111e-01 +/- 1.259e-01 (60.5 % total)
# Assigned to Data Group 1 and Plot Group 1
#  Noticed Channels:  15-28,44-50
#  Telescope: NICER Instrument: XTI  Channel Type: PI
#  Exposure Time: 84.97 sec
# Using fit statistic: pgstat
# Using Background File                /home/thaddaeus/FMU/Steiner/thaddaeus/1130360167/jspipe/js_ni1130360167_0mpu7_silver_GTI1.bg
#  Background Exposure Time: 84.97 sec
# Using Response (RMF) File            /home/thaddaeus/FMU/Steiner/thaddaeus/nicer_d49_55575341.rmf for Source 1
# Using Auxiliary Response (ARF) File  /home/thaddaeus/FMU/Steiner/thaddaeus/nicer_d49_55575341.arf
#
#
!XSPEC12> show model
#
#Current model list:
#
#Model TBabs<1>(simpl<2>*diskbb<3>) Source No.: 1   Active/On
#      For Data Group(s): 1 
#
#   Using energies from responses.
#
#
!XSPEC12> show param
#
#Parameters defined:
#========================================================================
#Model TBabs<1>(simpl<2>*diskbb<3>) Source No.: 1   Active/On
#Model Model Component  Parameter  Unit     Value
# par  comp
#   1    1   TBabs      nH         10^22    3.20000      frozen
#   2    2   simpl      Gamma               3.40000      +/-  6.08366      
#   3    2   simpl      FracSctr            5.09448E-03  +/-  2.16702E-02  
#   4    2   simpl      UpScOnly            1.00000      frozen
#   5    3   diskbb     Tin        keV      0.140547     +/-  2.68340E-02  
#   6    3   diskbb     norm                2.54328E+05  +/-  4.56544E+05  
#________________________________________________________________________
#
#
!XSPEC12> show fit
#
#Fit statistic  : PG-Statistic                  13.84     using 21 bins.
#
#Test statistic : Chi-Squared                   11.87     using 21 bins.
# Null hypothesis probability of 8.08e-01 with 17 degrees of freedom
#
!XSPEC12> log none
#