#XSPEC version: 12.11.0m
#Build Date/Time: Sat Nov 21 22:38:27 2020
#
!XSPEC12> show data
#
#1 file 1 spectrum 
#Spectrum 1  Spectral Data File: /home/thaddaeus/FMU/Steiner/thaddaeus/1130360186/jspipe/js_ni1130360186_0mpu7_silver_GTI0.jsgrp
#Net count rate (cts/s) for Spectrum:1  3.208e+01 +/- 2.706e-01 (96.5 % total)
# Assigned to Data Group 1 and Plot Group 1
#  Noticed Channels:  22-54,83-246
#  Telescope: NICER Instrument: XTI  Channel Type: PI
#  Exposure Time: 454.8 sec
# Using fit statistic: pgstat
# Using Background File                /home/thaddaeus/FMU/Steiner/thaddaeus/1130360186/jspipe/js_ni1130360186_0mpu7_silver_GTI0.bg
#  Background Exposure Time: 454.8 sec
# Using Response (RMF) File            /home/thaddaeus/FMU/Steiner/thaddaeus/nicer_d49_55575341.rmf for Source 1
# Using Auxiliary Response (ARF) File  /home/thaddaeus/FMU/Steiner/thaddaeus/nicer_d49_55575341.arf
#
#
!XSPEC12> show model
#
#Current model list:
#
#Model TBabs<1>(simpl<2>*diskbb<3>) Source No.: 1   Active/On
#      For Data Group(s): 1 
#
#   Using energies from responses.
#
#
!XSPEC12> show param
#
#Parameters defined:
#========================================================================
#Model TBabs<1>(simpl<2>*diskbb<3>) Source No.: 1   Active/On
#Model Model Component  Parameter  Unit     Value
# par  comp
#   1    1   TBabs      nH         10^22    3.20000      frozen
#   2    2   simpl      Gamma               2.01853      +/-  6.60210E-02  
#   3    2   simpl      FracSctr            0.145888     +/-  9.05745E-03  
#   4    2   simpl      UpScOnly            1.00000      frozen
#   5    3   diskbb     Tin        keV      0.322885     +/-  1.28419E-02  
#   6    3   diskbb     norm                6297.72      +/-  1224.72      
#________________________________________________________________________
#
#
!XSPEC12> show fit
#
#Fit statistic  : PG-Statistic                 244.36     using 197 bins.
#
#Test statistic : Chi-Squared                  286.82     using 197 bins.
# Null hypothesis probability of 1.34e-05 with 193 degrees of freedom
#
!XSPEC12> log none
#