#XSPEC version: 12.11.0m
#Build Date/Time: Sat Nov 21 22:38:27 2020
#
!XSPEC12> show data
#
#1 file 1 spectrum 
#Spectrum 1  Spectral Data File: /home/thaddaeus/FMU/Steiner/thaddaeus/1130360184/jspipe/js_ni1130360184_0mpu7_silver_GTI10.jsgrp
#Net count rate (cts/s) for Spectrum:1  6.817e+01 +/- 8.457e-01 (99.3 % total)
# Assigned to Data Group 1 and Plot Group 1
#  Noticed Channels:  22-52,81-175
#  Telescope: NICER Instrument: XTI  Channel Type: PI
#  Exposure Time: 95.96 sec
# Using fit statistic: pgstat
# Using Background File                /home/thaddaeus/FMU/Steiner/thaddaeus/1130360184/jspipe/js_ni1130360184_0mpu7_silver_GTI10.bg
#  Background Exposure Time: 95.96 sec
# Using Response (RMF) File            /home/thaddaeus/FMU/Steiner/thaddaeus/nicer_d49_55575341.rmf for Source 1
# Using Auxiliary Response (ARF) File  /home/thaddaeus/FMU/Steiner/thaddaeus/nicer_d49_55575341.arf
#
#
!XSPEC12> show model
#
#Current model list:
#
#Model TBabs<1>(simpl<2>*diskbb<3>) Source No.: 1   Active/On
#      For Data Group(s): 1 
#
#   Using energies from responses.
#
#
!XSPEC12> show param
#
#Parameters defined:
#========================================================================
#Model TBabs<1>(simpl<2>*diskbb<3>) Source No.: 1   Active/On
#Model Model Component  Parameter  Unit     Value
# par  comp
#   1    1   TBabs      nH         10^22    3.20000      frozen
#   2    2   simpl      Gamma               3.39614      +/-  0.867966     
#   3    2   simpl      FracSctr            0.107018     +/-  4.82824E-02  
#   4    2   simpl      UpScOnly            1.00000      frozen
#   5    3   diskbb     Tin        keV      0.431129     +/-  1.39471E-02  
#   6    3   diskbb     norm                5104.40      +/-  698.845      
#________________________________________________________________________
#
#
!XSPEC12> show fit
#
#Fit statistic  : PG-Statistic                 125.35     using 126 bins.
#
#Test statistic : Chi-Squared                  127.92     using 126 bins.
# Null hypothesis probability of 3.39e-01 with 122 degrees of freedom
#
!XSPEC12> log none
#