#XSPEC version: 12.11.0m
#Build Date/Time: Sat Nov 21 22:38:27 2020
#
!XSPEC12> show data
#
#1 file 1 spectrum 
#Spectrum 1  Spectral Data File: /home/thaddaeus/FMU/Steiner/thaddaeus/1130360167/jspipe/js_ni1130360167_0mpu7_silver_GTI2.jsgrp
#Net count rate (cts/s) for Spectrum:1  1.069e+00 +/- 7.819e-02 (68.2 % total)
# Assigned to Data Group 1 and Plot Group 1
#  Noticed Channels:  17-40,66-96
#  Telescope: NICER Instrument: XTI  Channel Type: PI
#  Exposure Time: 258.9 sec
# Using fit statistic: pgstat
# Using Background File                /home/thaddaeus/FMU/Steiner/thaddaeus/1130360167/jspipe/js_ni1130360167_0mpu7_silver_GTI2.bg
#  Background Exposure Time: 258.9 sec
# Using Response (RMF) File            /home/thaddaeus/FMU/Steiner/thaddaeus/nicer_d49_55575341.rmf for Source 1
# Using Auxiliary Response (ARF) File  /home/thaddaeus/FMU/Steiner/thaddaeus/nicer_d49_55575341.arf
#
#
!XSPEC12> show model
#
#Current model list:
#
#Model TBabs<1>(simpl<2>*diskbb<3>) Source No.: 1   Active/On
#      For Data Group(s): 1 
#
#   Using energies from responses.
#
#
!XSPEC12> show param
#
#Parameters defined:
#========================================================================
#Model TBabs<1>(simpl<2>*diskbb<3>) Source No.: 1   Active/On
#Model Model Component  Parameter  Unit     Value
# par  comp
#   1    1   TBabs      nH         10^22    3.20000      frozen
#   2    2   simpl      Gamma               2.59276      +/-  0.846343     
#   3    2   simpl      FracSctr            2.00429E-02  +/-  1.76065E-02  
#   4    2   simpl      UpScOnly            1.00000      frozen
#   5    3   diskbb     Tin        keV      0.213797     +/-  3.61182E-02  
#   6    3   diskbb     norm                7194.57      +/-  7056.59      
#________________________________________________________________________
#
#
!XSPEC12> show fit
#
#Fit statistic  : PG-Statistic                  48.52     using 55 bins.
#
#Test statistic : Chi-Squared                   48.97     using 55 bins.
# Null hypothesis probability of 5.55e-01 with 51 degrees of freedom
#
!XSPEC12> log none
#