#XSPEC version: 12.11.0m
#Build Date/Time: Sat Nov 21 22:38:27 2020
#
!XSPEC12> show data
#
#1 file 1 spectrum 
#Spectrum 1  Spectral Data File: /home/thaddaeus/FMU/Steiner/thaddaeus/1130360198/jspipe/js_ni1130360198_0mpu7_silver_GTI0.jsgrp
#Net count rate (cts/s) for Spectrum:1  8.471e-01 +/- 5.106e-02 (39.8 % total)
# Assigned to Data Group 1 and Plot Group 1
#  Noticed Channels:  22-52,81-218
#  Telescope: NICER Instrument: XTI  Channel Type: PI
#  Exposure Time: 872.7 sec
# Using fit statistic: pgstat
# Using Background File                /home/thaddaeus/FMU/Steiner/thaddaeus/1130360198/jspipe/js_ni1130360198_0mpu7_silver_GTI0.bg
#  Background Exposure Time: 872.7 sec
# Using Response (RMF) File            /home/thaddaeus/FMU/Steiner/thaddaeus/nicer_d49_55575341.rmf for Source 1
# Using Auxiliary Response (ARF) File  /home/thaddaeus/FMU/Steiner/thaddaeus/nicer_d49_55575341.arf
#
#
!XSPEC12> show model
#
#Current model list:
#
#Model TBabs<1>(simpl<2>*diskbb<3>) Source No.: 1   Active/On
#      For Data Group(s): 1 
#
#   Using energies from responses.
#
#
!XSPEC12> show param
#
#Parameters defined:
#========================================================================
#Model TBabs<1>(simpl<2>*diskbb<3>) Source No.: 1   Active/On
#Model Model Component  Parameter  Unit     Value
# par  comp
#   1    1   TBabs      nH         10^22    3.20000      frozen
#   2    2   simpl      Gamma               3.15836      +/-  10.6557      
#   3    2   simpl      FracSctr            1.00000      +/-  748.198      
#   4    2   simpl      UpScOnly            1.00000      frozen
#   5    3   diskbb     Tin        keV      0.999994     +/-  352.079      
#   6    3   diskbb     norm                0.704323     +/-  370.490      
#________________________________________________________________________
#
#
!XSPEC12> show fit
#
#Fit statistic  : PG-Statistic                 364.57     using 169 bins.
#
#Test statistic : Chi-Squared                  540.93     using 169 bins.
# Null hypothesis probability of 1.55e-41 with 165 degrees of freedom
#
!XSPEC12> log none
#