#XSPEC version: 12.11.0m
#Build Date/Time: Sat Nov 21 22:38:27 2020
#
!XSPEC12> show data
#
#1 file 1 spectrum 
#Spectrum 1  Spectral Data File: /home/thaddaeus/FMU/Steiner/thaddaeus/1130360162/jspipe/js_ni1130360162_0mpu7_silver_GTI3.jsgrp
#Net count rate (cts/s) for Spectrum:1  5.407e+00 +/- 2.234e-01 (51.2 % total)
# Assigned to Data Group 1 and Plot Group 1
#  Noticed Channels:  21-53,82-226
#  Telescope: NICER Instrument: XTI  Channel Type: PI
#  Exposure Time: 216.9 sec
# Using fit statistic: pgstat
# Using Background File                /home/thaddaeus/FMU/Steiner/thaddaeus/1130360162/jspipe/js_ni1130360162_0mpu7_silver_GTI3.bg
#  Background Exposure Time: 216.9 sec
# Using Response (RMF) File            /home/thaddaeus/FMU/Steiner/thaddaeus/nicer_d49_55575341.rmf for Source 1
# Using Auxiliary Response (ARF) File  /home/thaddaeus/FMU/Steiner/thaddaeus/nicer_d49_55575341.arf
#
#
!XSPEC12> show model
#
#Current model list:
#
#Model TBabs<1>(simpl<2>*diskbb<3>) Source No.: 1   Active/On
#      For Data Group(s): 1 
#
#   Using energies from responses.
#
#
!XSPEC12> show param
#
#Parameters defined:
#========================================================================
#Model TBabs<1>(simpl<2>*diskbb<3>) Source No.: 1   Active/On
#Model Model Component  Parameter  Unit     Value
# par  comp
#   1    1   TBabs      nH         10^22    3.20000      frozen
#   2    2   simpl      Gamma               1.40000      +/-  1.06103      
#   3    2   simpl      FracSctr            1.29223E-02  +/-  1.91042E-03  
#   4    2   simpl      UpScOnly            1.00000      frozen
#   5    3   diskbb     Tin        keV      0.285562     +/-  1.60469E-02  
#   6    3   diskbb     norm                5979.53      +/-  1963.09      
#________________________________________________________________________
#
#
!XSPEC12> show fit
#
#Fit statistic  : PG-Statistic                 332.54     using 178 bins.
#
#Test statistic : Chi-Squared                  473.04     using 178 bins.
# Null hypothesis probability of 1.75e-29 with 174 degrees of freedom
#
!XSPEC12> log none
#