#XSPEC version: 12.11.0m
#Build Date/Time: Sat Nov 21 22:38:27 2020
#
!XSPEC12> show data
#
#1 file 1 spectrum 
#Spectrum 1  Spectral Data File: /home/thaddaeus/FMU/Steiner/thaddaeus/1130360196/jspipe/js_ni1130360196_0mpu7_silver_GTI1.jsgrp
#Net count rate (cts/s) for Spectrum:1  -1.115e+00 +/- 6.254e-02 (-41.6 % total)
# Assigned to Data Group 1 and Plot Group 1
#  Noticed Channels:  22-54,83-251
#  Telescope: NICER Instrument: XTI  Channel Type: PI
#  Exposure Time: 843.7 sec
# Using fit statistic: pgstat
# Using Background File                /home/thaddaeus/FMU/Steiner/thaddaeus/1130360196/jspipe/js_ni1130360196_0mpu7_silver_GTI1.bg
#  Background Exposure Time: 843.7 sec
# Using Response (RMF) File            /home/thaddaeus/FMU/Steiner/thaddaeus/nicer_d49_55575341.rmf for Source 1
# Using Auxiliary Response (ARF) File  /home/thaddaeus/FMU/Steiner/thaddaeus/nicer_d49_55575341.arf
#
#
!XSPEC12> show model
#
#Current model list:
#
#Model TBabs<1>(simpl<2>*diskbb<3>) Source No.: 1   Active/On
#      For Data Group(s): 1 
#
#   Using energies from responses.
#
#
!XSPEC12> show param
#
#Parameters defined:
#========================================================================
#Model TBabs<1>(simpl<2>*diskbb<3>) Source No.: 1   Active/On
#Model Model Component  Parameter  Unit     Value
# par  comp
#   1    1   TBabs      nH         10^22    3.20000      frozen
#   2    2   simpl      Gamma               3.40000      +/-  501.321      
#   3    2   simpl      FracSctr            1.000000     +/-  1.31941E+04  
#   4    2   simpl      UpScOnly            1.00000      frozen
#   5    3   diskbb     Tin        keV      1.000000     +/-  5586.29      
#   6    3   diskbb     norm                5.09104E-02  +/-  422.367      
#________________________________________________________________________
#
#
!XSPEC12> show fit
#
#Fit statistic  : PG-Statistic                1197.11     using 202 bins.
#
#Test statistic : Chi-Squared                 1674.21     using 202 bins.
# Null hypothesis probability of 9.18e-232 with 198 degrees of freedom
#
!XSPEC12> log none
#