
!XSPEC12> parallel error 4
#
!XSPEC12> error 1. 3
#
#***Warning: Number of trials exceeded before bracketing of delta fit-stat.
#Last attempt: 1e-05, with delta statistic: 0.910182
#
#
#*** Parameter lower bound is INVALID.
#
#***Warning: New best fit found, fit parameters will be set to new values.
#Apparent non-monotonicity in statistic space detected.
#Current bracket values 0.999998, -5703.72
#and delta stat 0, 1.0499
#but latest trial -5566.51 gives 1.04992
#Suggest that you check this result using the steppar command.
#***Warning: Parameter pegged at hard limit: 1
#     3  1.00201e-05            0    (-0.99999,-1)
#
!XSPEC12> 
#
!XSPEC12> n
#
!XSPEC12> 
#
!XSPEC12> log none
#