
!XSPEC12> parallel error 4
#
!XSPEC12> error 1. 3
#***Warning: New best fit found, fit parameters will be set to new values.
#***Warning: New best fit found, fit parameters will be set to new values.
#***Warning: New best fit found, fit parameters will be set to new values.
#
#***Warning: Number of trials exceeded before bracketing of delta fit-stat.
#Last attempt: 1.07825e-05, with delta statistic: 0.134811
#
#
#*** Parameter lower bound is INVALID.
#
#
#***Warning: Number of trials exceeded before convergence.
#Current trial values -0.831633, 0.67624
#and delta statistic 0.110326, 9.37536
#
#     3            0  9.64331e-05    (-4.26105e-05,5.38227e-05)
#
!XSPEC12> n
#
!XSPEC12> 
#
!XSPEC12> log none
#