
!XSPEC12> parallel error 4
#
!XSPEC12> error 1. 3
#***Warning: New best fit found, fit parameters will be set to new values.
#Apparent non-monotonicity in statistic space detected.
#Current bracket values 0.00184626, -0.00255746
#and delta stat 0, 1.23689
#but latest trial -0.00211337 gives 2.1354
#Suggest that you check this result using the steppar command.
#Apparent non-monotonicity in statistic space detected.
#Current bracket values 0.00186071, 0.0370905
#and delta stat 0, 1.26801
#but latest trial 0.0331467 gives 3.81556
#Suggest that you check this result using the steppar command.
#     3  9.99739e-05    0.0194756    (-0.00176074,0.0176149)
#
!XSPEC12> n
#
!XSPEC12> 
#
!XSPEC12> n
#
!XSPEC12> 
#
!XSPEC12> log none
#