#XSPEC version: 12.11.0m
#Build Date/Time: Sat Nov 21 22:38:27 2020
#
!XSPEC12> show data
#
#1 file 1 spectrum 
#Spectrum 1  Spectral Data File: /home/thaddaeus/FMU/Steiner/thaddaeus/1130360266/jspipe/js_ni1130360266_0mpu7_silver_GTI2.jsgrp
#Net count rate (cts/s) for Spectrum:1  9.365e-01 +/- 8.669e-02 (67.0 % total)
# Assigned to Data Group 1 and Plot Group 1
#  Noticed Channels:  20-27,46-88
#  Telescope: NICER Instrument: XTI  Channel Type: PI
#  Exposure Time: 187.4 sec
# Using fit statistic: pgstat
# Using Background File                /home/thaddaeus/FMU/Steiner/thaddaeus/1130360266/jspipe/js_ni1130360266_0mpu7_silver_GTI2.bg
#  Background Exposure Time: 187.4 sec
# Using Response (RMF) File            /home/thaddaeus/FMU/Steiner/thaddaeus/nicer_d48_u100_150_53019469.rmf for Source 1
# Using Auxiliary Response (ARF) File  /home/thaddaeus/FMU/Steiner/thaddaeus/nicer_d48_53019469.arf
#
#
!XSPEC12> show model
#
#Current model list:
#
#Model TBabs<1>(simpl<2>*diskbb<3>) Source No.: 1   Active/On
#      For Data Group(s): 1 
#
#   Using energies from responses.
#
#
!XSPEC12> show param
#
#Parameters defined:
#========================================================================
#Model TBabs<1>(simpl<2>*diskbb<3>) Source No.: 1   Active/On
#Model Model Component  Parameter  Unit     Value
# par  comp
#   1    1   TBabs      nH         10^22    3.20000      frozen
#   2    2   simpl      Gamma               1.40007      +/-  8.98762      
#   3    2   simpl      FracSctr            0.836749     +/-  3.69275      
#   4    2   simpl      UpScOnly            1.00000      frozen
#   5    3   diskbb     Tin        keV      0.998147     +/-  12.6870      
#   6    3   diskbb     norm                0.674251     +/-  12.4295      
#________________________________________________________________________
#
#
!XSPEC12> show fit
#
#Fit statistic  : PG-Statistic                  33.76     using 51 bins.
#
#Test statistic : Chi-Squared                   31.70     using 51 bins.
# Null hypothesis probability of 9.57e-01 with 47 degrees of freedom
#
!XSPEC12> log none
#