#XSPEC version: 12.11.0m
#Build Date/Time: Sat Nov 21 22:38:27 2020
#
!XSPEC12> show data
#
#1 file 1 spectrum 
#Spectrum 1  Spectral Data File: /home/thaddaeus/FMU/Steiner/thaddaeus/2130360201/jspipe/js_ni2130360201_0mpu7_silver_GTI1.jsgrp
#Net count rate (cts/s) for Spectrum:1  1.960e+00 +/- 1.873e-01 (83.6 % total)
# Assigned to Data Group 1 and Plot Group 1
#  Noticed Channels:  15-17,29-54
#  Telescope: NICER Instrument: XTI  Channel Type: PI
#  Exposure Time: 66.94 sec
# Using fit statistic: pgstat
# Using Background File                /home/thaddaeus/FMU/Steiner/thaddaeus/2130360201/jspipe/js_ni2130360201_0mpu7_silver_GTI1.bg
#  Background Exposure Time: 66.94 sec
# Using Response (RMF) File            /home/thaddaeus/FMU/Steiner/thaddaeus/nicer_d49_u25_50_55575341.rmf for Source 1
# Using Auxiliary Response (ARF) File  /home/thaddaeus/FMU/Steiner/thaddaeus/nicer_d49_55575341.arf
#
#
!XSPEC12> show model
#
#Current model list:
#
#Model TBabs<1>(simpl<2>*diskbb<3>) Source No.: 1   Active/On
#      For Data Group(s): 1 
#
#   Using energies from responses.
#
#
!XSPEC12> show param
#
#Parameters defined:
#========================================================================
#Model TBabs<1>(simpl<2>*diskbb<3>) Source No.: 1   Active/On
#Model Model Component  Parameter  Unit     Value
# par  comp
#   1    1   TBabs      nH         10^22    3.20000      frozen
#   2    2   simpl      Gamma               2.74735      +/-  14.2164      
#   3    2   simpl      FracSctr            0.996931     +/-  252.104      
#   4    2   simpl      UpScOnly            1.00000      frozen
#   5    3   diskbb     Tin        keV      0.945136     +/-  137.449      
#   6    3   diskbb     norm                1.47696      +/-  650.492      
#________________________________________________________________________
#
#
!XSPEC12> show fit
#
#Fit statistic  : PG-Statistic                  45.90     using 29 bins.
#
#Test statistic : Chi-Squared                   48.45     using 29 bins.
# Null hypothesis probability of 3.29e-03 with 25 degrees of freedom
#
!XSPEC12> log none
#