#XSPEC version: 12.11.0m
#Build Date/Time: Sat Nov 21 22:38:27 2020
#
!XSPEC12> show data
#
#1 file 1 spectrum 
#Spectrum 1  Spectral Data File: /home/thaddaeus/FMU/Steiner/thaddaeus/1130360233/jspipe/js_ni1130360233_0mpu7_silver_GTI4.jsgrp
#Net count rate (cts/s) for Spectrum:1  7.262e+00 +/- 1.597e-01 (95.5 % total)
# Assigned to Data Group 1 and Plot Group 1
#  Noticed Channels:  17-40,69-195
#  Telescope: NICER Instrument: XTI  Channel Type: PI
#  Exposure Time: 298.9 sec
# Using fit statistic: pgstat
# Using Background File                /home/thaddaeus/FMU/Steiner/thaddaeus/1130360233/jspipe/js_ni1130360233_0mpu7_silver_GTI4.bg
#  Background Exposure Time: 298.9 sec
# Using Response (RMF) File            /home/thaddaeus/FMU/Steiner/thaddaeus/nicer_d49_55575341.rmf for Source 1
# Using Auxiliary Response (ARF) File  /home/thaddaeus/FMU/Steiner/thaddaeus/nicer_d49_55575341.arf
#
#
!XSPEC12> show model
#
#Current model list:
#
#Model TBabs<1>(simpl<2>*diskbb<3>) Source No.: 1   Active/On
#      For Data Group(s): 1 
#
#   Using energies from responses.
#
#
!XSPEC12> show param
#
#Parameters defined:
#========================================================================
#Model TBabs<1>(simpl<2>*diskbb<3>) Source No.: 1   Active/On
#Model Model Component  Parameter  Unit     Value
# par  comp
#   1    1   TBabs      nH         10^22    3.20000      frozen
#   2    2   simpl      Gamma               1.64967      +/-  7.33822E-02  
#   3    2   simpl      FracSctr            3.62054E-02  +/-  4.84836E-02  
#   4    2   simpl      UpScOnly            1.00000      frozen
#   5    3   diskbb     Tin        keV      0.133074     +/-  3.19615E-02  
#   6    3   diskbb     norm                1.92203E+05  +/-  4.24868E+05  
#________________________________________________________________________
#
#
!XSPEC12> show fit
#
#Fit statistic  : PG-Statistic                 193.85     using 151 bins.
#
#Test statistic : Chi-Squared                  220.01     using 151 bins.
# Null hypothesis probability of 9.08e-05 with 147 degrees of freedom
#
!XSPEC12> log none
#