#XSPEC version: 12.11.0m
#Build Date/Time: Sat Nov 21 22:38:27 2020
#
!XSPEC12> show data
#
#1 file 1 spectrum 
#Spectrum 1  Spectral Data File: /home/thaddaeus/FMU/Steiner/thaddaeus/1130360238/jspipe/js_ni1130360238_0mpu7_silver_GTI1.jsgrp
#Net count rate (cts/s) for Spectrum:1  9.208e-01 +/- 1.170e-01 (72.6 % total)
# Assigned to Data Group 1 and Plot Group 1
#  Noticed Channels:  15-17,31-50
#  Telescope: NICER Instrument: XTI  Channel Type: PI
#  Exposure Time: 92.97 sec
# Using fit statistic: pgstat
# Using Background File                /home/thaddaeus/FMU/Steiner/thaddaeus/1130360238/jspipe/js_ni1130360238_0mpu7_silver_GTI1.bg
#  Background Exposure Time: 92.97 sec
# Using Response (RMF) File            /home/thaddaeus/FMU/Steiner/thaddaeus/nicer_d49_55575341.rmf for Source 1
# Using Auxiliary Response (ARF) File  /home/thaddaeus/FMU/Steiner/thaddaeus/nicer_d49_55575341.arf
#
#
!XSPEC12> show model
#
#Current model list:
#
#Model TBabs<1>(simpl<2>*diskbb<3>) Source No.: 1   Active/On
#      For Data Group(s): 1 
#
#   Using energies from responses.
#
#
!XSPEC12> show param
#
#Parameters defined:
#========================================================================
#Model TBabs<1>(simpl<2>*diskbb<3>) Source No.: 1   Active/On
#Model Model Component  Parameter  Unit     Value
# par  comp
#   1    1   TBabs      nH         10^22    3.20000      frozen
#   2    2   simpl      Gamma               1.50283      +/-  0.882583     
#   3    2   simpl      FracSctr            0.437548     +/-  0.405876     
#   4    2   simpl      UpScOnly            1.00000      frozen
#   5    3   diskbb     Tin        keV      0.351576     +/-  0.683970     
#   6    3   diskbb     norm                47.8103      +/-  362.474      
#________________________________________________________________________
#
#
!XSPEC12> show fit
#
#Fit statistic  : PG-Statistic                  18.35     using 23 bins.
#
#Test statistic : Chi-Squared                   19.06     using 23 bins.
# Null hypothesis probability of 4.53e-01 with 19 degrees of freedom
#
!XSPEC12> log none
#