#XSPEC version: 12.11.0m
#Build Date/Time: Sat Nov 21 22:38:27 2020
#
!XSPEC12> show data
#
#1 file 1 spectrum 
#Spectrum 1  Spectral Data File: /home/thaddaeus/FMU/Steiner/thaddaeus/1130360256/jspipe/js_ni1130360256_0mpu7_silver_GTI1.jsgrp
#Net count rate (cts/s) for Spectrum:1  2.085e+00 +/- 1.564e-01 (69.7 % total)
# Assigned to Data Group 1 and Plot Group 1
#  Noticed Channels:  18-28,49-103
#  Telescope: NICER Instrument: XTI  Channel Type: PI
#  Exposure Time: 122.8 sec
# Using fit statistic: pgstat
# Using Background File                /home/thaddaeus/FMU/Steiner/thaddaeus/1130360256/jspipe/js_ni1130360256_0mpu7_silver_GTI1.bg
#  Background Exposure Time: 122.8 sec
# Using Response (RMF) File            /home/thaddaeus/FMU/Steiner/thaddaeus/nicer_d49_u50_100_55575341.rmf for Source 1
# Using Auxiliary Response (ARF) File  /home/thaddaeus/FMU/Steiner/thaddaeus/nicer_d49_55575341.arf
#
#
!XSPEC12> show model
#
#Current model list:
#
#Model TBabs<1>(simpl<2>*diskbb<3>) Source No.: 1   Active/On
#      For Data Group(s): 1 
#
#   Using energies from responses.
#
#
!XSPEC12> show param
#
#Parameters defined:
#========================================================================
#Model TBabs<1>(simpl<2>*diskbb<3>) Source No.: 1   Active/On
#Model Model Component  Parameter  Unit     Value
# par  comp
#   1    1   TBabs      nH         10^22    3.20000      frozen
#   2    2   simpl      Gamma               1.40002      +/-  6.52923      
#   3    2   simpl      FracSctr            0.473421     +/-  0.344049     
#   4    2   simpl      UpScOnly            1.00000      frozen
#   5    3   diskbb     Tin        keV      0.918411     +/-  0.923068     
#   6    3   diskbb     norm                2.40459      +/-  4.97264      
#________________________________________________________________________
#
#
!XSPEC12> show fit
#
#Fit statistic  : PG-Statistic                  69.99     using 66 bins.
#
#Test statistic : Chi-Squared                   85.10     using 66 bins.
# Null hypothesis probability of 2.74e-02 with 62 degrees of freedom
#
!XSPEC12> log none
#