
!XSPEC12> parallel error 4
#
!XSPEC12> error 1. 3
#Apparent non-monotonicity in statistic space detected.
#Current bracket values -0.0580761, -0.31895
#and delta stat 0.802304, 28.279
#but latest trial -0.188513 gives 28.6211
#Suggest that you check this result using the steppar command.
#Apparent non-monotonicity in statistic space detected.
#Current bracket values 0.209995, 0.210037
#and delta stat 0.609712, 1.27243
#but latest trial 0.210016 gives 1.37055
#Suggest that you check this result using the steppar command.
#     3  8.93187e-05     0.210016    (-0.0357591,0.174168)
#
!XSPEC12> n
#
!XSPEC12> 
#
!XSPEC12> n
#
!XSPEC12> 
#
!XSPEC12> log none
#