
!XSPEC12> parallel error 4
#
!XSPEC12> error 1. 3
#***Warning: New best fit found, fit parameters will be set to new values.
#***Warning: New best fit found, fit parameters will be set to new values.
#***Warning: New best fit found, fit parameters will be set to new values.
#Apparent non-monotonicity in statistic space detected.
#Current bracket values 0.112932, 0.0795078
#and delta stat 0.564202, 14.4409
#but latest trial 0.0962199 gives 0.523938
#Suggest that you check this result using the steppar command.
#***Warning: Parameter pegged at hard limit: 1
#     3    0.0962199            0    (-0.327188,-0.423408)
#
!XSPEC12> n
#
!XSPEC12> 
#
!XSPEC12> n
#
!XSPEC12> 
#
!XSPEC12> log none
#