#XSPEC version: 12.11.0m
#Build Date/Time: Sat Nov 21 22:38:27 2020
#
!XSPEC12> show data
#
#1 file 1 spectrum 
#Spectrum 1  Spectral Data File: /home/thaddaeus/FMU/Steiner/thaddaeus/1130360175/jspipe/js_ni1130360175_0mpu7_silver_GTI7.jsgrp
#Net count rate (cts/s) for Spectrum:1  3.690e-01 +/- 7.960e-02 (22.4 % total)
# Assigned to Data Group 1 and Plot Group 1
#  Noticed Channels:  19-39,58-117
#  Telescope: NICER Instrument: XTI  Channel Type: PI
#  Exposure Time: 266.9 sec
# Using fit statistic: pgstat
# Using Background File                /home/thaddaeus/FMU/Steiner/thaddaeus/1130360175/jspipe/js_ni1130360175_0mpu7_silver_GTI7.bg
#  Background Exposure Time: 266.9 sec
# Using Response (RMF) File            /home/thaddaeus/FMU/Steiner/thaddaeus/nicer_d49_55575341.rmf for Source 1
# Using Auxiliary Response (ARF) File  /home/thaddaeus/FMU/Steiner/thaddaeus/nicer_d49_55575341.arf
#
#
!XSPEC12> show model
#
#Current model list:
#
#Model TBabs<1>(simpl<2>*diskbb<3>) Source No.: 1   Active/On
#      For Data Group(s): 1 
#
#   Using energies from responses.
#
#
!XSPEC12> show param
#
#Parameters defined:
#========================================================================
#Model TBabs<1>(simpl<2>*diskbb<3>) Source No.: 1   Active/On
#Model Model Component  Parameter  Unit     Value
# par  comp
#   1    1   TBabs      nH         10^22    3.20000      frozen
#   2    2   simpl      Gamma               1.40000      +/-  4.64657      
#   3    2   simpl      FracSctr            0.880996     +/-  3.93339      
#   4    2   simpl      UpScOnly            1.00000      frozen
#   5    3   diskbb     Tin        keV      0.609099     +/-  6.57479      
#   6    3   diskbb     norm                1.59685      +/-  53.2068      
#________________________________________________________________________
#
#
!XSPEC12> show fit
#
#Fit statistic  : PG-Statistic                 131.35     using 81 bins.
#
#Test statistic : Chi-Squared                  155.74     using 81 bins.
# Null hypothesis probability of 2.86e-07 with 77 degrees of freedom
#
!XSPEC12> log none
#