
!XSPEC12> parallel error 4
#
!XSPEC12> error 1. 3
#Apparent non-monotonicity in statistic space detected.
#Current bracket values -1.34957, -1.49861
#and delta stat 0.973864, 1.13496
#but latest trial -1.37335 gives 0.919124
#Suggest that you check this result using the steppar command.
#***Warning: New best fit found, fit parameters will be set to new values.
#Apparent non-monotonicity in statistic space detected.
#Current bracket values -1.61674, -1.8922
#and delta stat 0.263801, 1.21581
#but latest trial -1.83545 gives 1.32865
#Suggest that you check this result using the steppar command.
#***Warning: New best fit found, fit parameters will be set to new values.
#Apparent non-monotonicity in statistic space detected.
#Current bracket values 0.168654, -1.07439
#and delta stat 0, 1.63306
#but latest trial -0.804065 gives 2.1751
#Suggest that you check this result using the steppar command.
#***Warning: New best fit found, fit parameters will be set to new values.
#Apparent non-monotonicity in statistic space detected.
#Current bracket values 0.136408, -1.17002
#and delta stat 0, 1.00235
#but latest trial -1.16849 gives 1.01986
#Suggest that you check this result using the steppar command.
#Apparent non-monotonicity in statistic space detected.
#Current bracket values 0.000284247, 0.000286136
#and delta stat 0, 2.0698
#but latest trial 0.000284924 gives 2.13147
#Suggest that you check this result using the steppar command.
#     3  7.26653e-05  0.000285191    (-0.000211582,9.44425e-07)
#
!XSPEC12> n
#
!XSPEC12> 
#
!XSPEC12> n
#
!XSPEC12> 
#
!XSPEC12> log none
#