
!XSPEC12> parallel error 4
#
!XSPEC12> error 1. 3
#***Warning: New best fit found, fit parameters will be set to new values.
#Apparent non-monotonicity in statistic space detected.
#Current bracket values 1, -164.237
#and delta stat 0, 5.72605
#but latest trial -68.0527 gives 5.73239
#Suggest that you check this result using the steppar command.
#***Warning: Parameter pegged at hard limit: 1
#     3   1.0702e-05            0    (-0.999989,-1)
#
!XSPEC12> n
#
!XSPEC12> 
#
!XSPEC12> n
#
!XSPEC12> 
#
!XSPEC12> log none
#