
!XSPEC12> parallel error 4
#
!XSPEC12> error 1. 3
#
#***Warning: Number of trials exceeded before bracketing of delta fit-stat.
#Last attempt: 1, with delta statistic: 0
#
#
#*** Parameter lower bound is INVALID.
#
#
#***Warning: Number of trials exceeded before bracketing of delta fit-stat.
#Last attempt: 9.99948e-05, with delta statistic: 0
#
#
#*** Parameter upper bound is INVALID.
#
#     3            0            0    (-0.0763834,-0.0763834)
#
!XSPEC12> n
#
!XSPEC12> 
#
!XSPEC12> log none
#