
!XSPEC12> parallel error 4
#
!XSPEC12> error 1. 3
#***Warning: New best fit found, fit parameters will be set to new values.
#Apparent non-monotonicity in statistic space detected.
#Current bracket values 1, -21.3606
#and delta stat 0, 88.0612
#but latest trial -1.38282 gives 88.0793
#Suggest that you check this result using the steppar command.
#***Warning: Parameter pegged at hard limit: 1
#     3  1.56101e-05            0    (-0.999984,-1)
#
!XSPEC12> n
#
!XSPEC12> 
#
!XSPEC12> n
#
!XSPEC12> 
#
!XSPEC12> log none
#