#XSPEC version: 12.11.0m
#Build Date/Time: Sat Nov 21 22:38:27 2020
#
!XSPEC12> show data
#
#1 file 1 spectrum 
#Spectrum 1  Spectral Data File: /home/thaddaeus/FMU/Steiner/thaddaeus/1130360282/jspipe/js_ni1130360282_0mpu7_silver_GTI0.jsgrp
#Net count rate (cts/s) for Spectrum:1  1.934e+00 +/- 1.888e-01 (82.3 % total)
# Assigned to Data Group 1 and Plot Group 1
#  Noticed Channels:  14-17,32-57
#  Telescope: NICER Instrument: XTI  Channel Type: PI
#  Exposure Time: 65.98 sec
# Using fit statistic: pgstat
# Using Background File                /home/thaddaeus/FMU/Steiner/thaddaeus/1130360282/jspipe/js_ni1130360282_0mpu7_silver_GTI0.bg
#  Background Exposure Time: 65.98 sec
# Using Response (RMF) File            /home/thaddaeus/FMU/Steiner/thaddaeus/nicer_d49_55575341.rmf for Source 1
# Using Auxiliary Response (ARF) File  /home/thaddaeus/FMU/Steiner/thaddaeus/nicer_d49_55575341.arf
#
#
!XSPEC12> show model
#
#Current model list:
#
#Model TBabs<1>(simpl<2>*diskbb<3>) Source No.: 1   Active/On
#      For Data Group(s): 1 
#
#   Using energies from responses.
#
#
!XSPEC12> show param
#
#Parameters defined:
#========================================================================
#Model TBabs<1>(simpl<2>*diskbb<3>) Source No.: 1   Active/On
#Model Model Component  Parameter  Unit     Value
# par  comp
#   1    1   TBabs      nH         10^22    3.20000      frozen
#   2    2   simpl      Gamma               1.72573      +/-  3.30318      
#   3    2   simpl      FracSctr            0.781889     +/-  3.11128      
#   4    2   simpl      UpScOnly            1.00000      frozen
#   5    3   diskbb     Tin        keV      0.733613     +/-  2.79464      
#   6    3   diskbb     norm                3.53074      +/-  28.8320      
#________________________________________________________________________
#
#
!XSPEC12> show fit
#
#Fit statistic  : PG-Statistic                  19.69     using 30 bins.
#
#Test statistic : Chi-Squared                   19.89     using 30 bins.
# Null hypothesis probability of 7.97e-01 with 26 degrees of freedom
#
!XSPEC12> log none
#