
!XSPEC12> parallel error 4
#
!XSPEC12> error 1. 3
#***Warning: New best fit found, fit parameters will be set to new values.
#
#***Warning: Number of trials exceeded before bracketing of delta fit-stat.
#Last attempt: 1e-05, with delta statistic: 0
#
#
#*** Parameter lower bound is INVALID.
#
#
#***Warning: Number of trials exceeded before bracketing of delta fit-stat.
#Last attempt: 9.99948e-05, with delta statistic: 0.20392
#
#
#*** Parameter upper bound is INVALID.
#
#     3            0            0    (-1e-05,-1e-05)
#
!XSPEC12> n
#
!XSPEC12> 
#
!XSPEC12> log none
#