
!XSPEC12> parallel error 4
#
!XSPEC12> error 1. 3
#***Warning: New best fit found, fit parameters will be set to new values.
#***Warning: New best fit found, fit parameters will be set to new values.
#***Warning: New best fit found, fit parameters will be set to new values.
#Apparent non-monotonicity in statistic space detected.
#Current bracket values 0.0255404, -0.0348916
#and delta stat 0.0885224, 52.4729
#but latest trial -0.0118559 gives 53.4691
#Suggest that you check this result using the steppar command.
#     3  9.97264e-05     0.200015    (-0.0421523,0.157763)
#
!XSPEC12> n
#
!XSPEC12> 
#
!XSPEC12> n
#
!XSPEC12> 
#
!XSPEC12> log none
#