#XSPEC version: 12.11.0m
#Build Date/Time: Sat Nov 21 22:38:27 2020
#
!XSPEC12> show data
#
#1 file 1 spectrum 
#Spectrum 1  Spectral Data File: /home/thaddaeus/FMU/Steiner/thaddaeus/1130360208/jspipe/js_ni1130360208_0mpu7_silver_GTI0.jsgrp
#Net count rate (cts/s) for Spectrum:1  2.393e+01 +/- 2.004e-01 (97.7 % total)
# Assigned to Data Group 1 and Plot Group 1
#  Noticed Channels:  22-54,83-244
#  Telescope: NICER Instrument: XTI  Channel Type: PI
#  Exposure Time: 610.7 sec
# Using fit statistic: pgstat
# Using Background File                /home/thaddaeus/FMU/Steiner/thaddaeus/1130360208/jspipe/js_ni1130360208_0mpu7_silver_GTI0.bg
#  Background Exposure Time: 610.7 sec
# Using Response (RMF) File            /home/thaddaeus/FMU/Steiner/thaddaeus/nicer_d49_55575341.rmf for Source 1
# Using Auxiliary Response (ARF) File  /home/thaddaeus/FMU/Steiner/thaddaeus/nicer_d49_55575341.arf
#
#
!XSPEC12> show model
#
#Current model list:
#
#Model TBabs<1>(simpl<2>*diskbb<3>) Source No.: 1   Active/On
#      For Data Group(s): 1 
#
#   Using energies from responses.
#
#
!XSPEC12> show param
#
#Parameters defined:
#========================================================================
#Model TBabs<1>(simpl<2>*diskbb<3>) Source No.: 1   Active/On
#Model Model Component  Parameter  Unit     Value
# par  comp
#   1    1   TBabs      nH         10^22    3.20000      frozen
#   2    2   simpl      Gamma               1.91102      +/-  4.52843E-02  
#   3    2   simpl      FracSctr            0.170506     +/-  1.23269E-02  
#   4    2   simpl      UpScOnly            1.00000      frozen
#   5    3   diskbb     Tin        keV      0.273534     +/-  1.70385E-02  
#   6    3   diskbb     norm                8335.69      +/-  2779.91      
#________________________________________________________________________
#
#
!XSPEC12> show fit
#
#Fit statistic  : PG-Statistic                 220.58     using 195 bins.
#
#Test statistic : Chi-Squared                  227.69     using 195 bins.
# Null hypothesis probability of 3.57e-02 with 191 degrees of freedom
#
!XSPEC12> log none
#