#XSPEC version: 12.11.0m
#Build Date/Time: Sat Nov 21 22:38:27 2020
#
!XSPEC12> show data
#
#1 file 1 spectrum 
#Spectrum 1  Spectral Data File: /home/thaddaeus/FMU/Steiner/thaddaeus/1130360215/jspipe/js_ni1130360215_0mpu7_silver_GTI0.jsgrp
#Net count rate (cts/s) for Spectrum:1  2.252e+00 +/- 1.014e-01 (69.5 % total)
# Assigned to Data Group 1 and Plot Group 1
#  Noticed Channels:  22-51,80-181
#  Telescope: NICER Instrument: XTI  Channel Type: PI
#  Exposure Time: 318.9 sec
# Using fit statistic: pgstat
# Using Background File                /home/thaddaeus/FMU/Steiner/thaddaeus/1130360215/jspipe/js_ni1130360215_0mpu7_silver_GTI0.bg
#  Background Exposure Time: 318.9 sec
# Using Response (RMF) File            /home/thaddaeus/FMU/Steiner/thaddaeus/nicer_d49_55575341.rmf for Source 1
# Using Auxiliary Response (ARF) File  /home/thaddaeus/FMU/Steiner/thaddaeus/nicer_d49_55575341.arf
#
#
!XSPEC12> show model
#
#Current model list:
#
#Model TBabs<1>(simpl<2>*diskbb<3>) Source No.: 1   Active/On
#      For Data Group(s): 1 
#
#   Using energies from responses.
#
#
!XSPEC12> show param
#
#Parameters defined:
#========================================================================
#Model TBabs<1>(simpl<2>*diskbb<3>) Source No.: 1   Active/On
#Model Model Component  Parameter  Unit     Value
# par  comp
#   1    1   TBabs      nH         10^22    3.20000      frozen
#   2    2   simpl      Gamma               1.48133      +/-  0.171555     
#   3    2   simpl      FracSctr            3.42541E-02  +/-  3.30426E-02  
#   4    2   simpl      UpScOnly            1.00000      frozen
#   5    3   diskbb     Tin        keV      0.174299     +/-  3.85340E-02  
#   6    3   diskbb     norm                1.65786E+04  +/-  2.92788E+04  
#________________________________________________________________________
#
#
!XSPEC12> show fit
#
#Fit statistic  : PG-Statistic                 126.89     using 132 bins.
#
#Test statistic : Chi-Squared                  128.72     using 132 bins.
# Null hypothesis probability of 4.65e-01 with 128 degrees of freedom
#
!XSPEC12> log none
#