#XSPEC version: 12.11.0m
#Build Date/Time: Sat Nov 21 22:38:27 2020
#
!XSPEC12> show data
#
#1 file 1 spectrum 
#Spectrum 1  Spectral Data File: /home/thaddaeus/FMU/Steiner/thaddaeus/1130360178/jspipe/js_ni1130360178_0mpu7_silver_GTI0.jsgrp
#Net count rate (cts/s) for Spectrum:1  6.487e-01 +/- 6.176e-02 (48.6 % total)
# Assigned to Data Group 1 and Plot Group 1
#  Noticed Channels:  17-34,61-123
#  Telescope: NICER Instrument: XTI  Channel Type: PI
#  Exposure Time: 357.9 sec
# Using fit statistic: pgstat
# Using Background File                /home/thaddaeus/FMU/Steiner/thaddaeus/1130360178/jspipe/js_ni1130360178_0mpu7_silver_GTI0.bg
#  Background Exposure Time: 357.9 sec
# Using Response (RMF) File            /home/thaddaeus/FMU/Steiner/thaddaeus/nicer_d49_55575341.rmf for Source 1
# Using Auxiliary Response (ARF) File  /home/thaddaeus/FMU/Steiner/thaddaeus/nicer_d49_55575341.arf
#
#
!XSPEC12> show model
#
#Current model list:
#
#Model TBabs<1>(simpl<2>*diskbb<3>) Source No.: 1   Active/On
#      For Data Group(s): 1 
#
#   Using energies from responses.
#
#
!XSPEC12> show param
#
#Parameters defined:
#========================================================================
#Model TBabs<1>(simpl<2>*diskbb<3>) Source No.: 1   Active/On
#Model Model Component  Parameter  Unit     Value
# par  comp
#   1    1   TBabs      nH         10^22    3.20000      frozen
#   2    2   simpl      Gamma               1.93320      +/-  0.530750     
#   3    2   simpl      FracSctr            0.411760     +/-  0.335868     
#   4    2   simpl      UpScOnly            1.00000      frozen
#   5    3   diskbb     Tin        keV      0.290701     +/-  0.491746     
#   6    3   diskbb     norm                98.5391      +/-  723.436      
#________________________________________________________________________
#
#
!XSPEC12> show fit
#
#Fit statistic  : PG-Statistic                  96.74     using 81 bins.
#
#Test statistic : Chi-Squared                  116.72     using 81 bins.
# Null hypothesis probability of 2.36e-03 with 77 degrees of freedom
#
!XSPEC12> log none
#