#XSPEC version: 12.11.0m
#Build Date/Time: Sat Nov 21 22:38:27 2020
#
!XSPEC12> show data
#
#1 file 1 spectrum 
#Spectrum 1  Spectral Data File: /home/thaddaeus/FMU/Steiner/thaddaeus/1130360226/jspipe/js_ni1130360226_0mpu7_silver_GTI3.jsgrp
#Net count rate (cts/s) for Spectrum:1  1.010e+01 +/- 1.521e-01 (95.1 % total)
# Assigned to Data Group 1 and Plot Group 1
#  Noticed Channels:  20-48,77-230
#  Telescope: NICER Instrument: XTI  Channel Type: PI
#  Exposure Time: 459.7 sec
# Using fit statistic: pgstat
# Using Background File                /home/thaddaeus/FMU/Steiner/thaddaeus/1130360226/jspipe/js_ni1130360226_0mpu7_silver_GTI3.bg
#  Background Exposure Time: 459.7 sec
# Using Response (RMF) File            /home/thaddaeus/FMU/Steiner/thaddaeus/nicer_d49_u12p5_25_55575341.rmf for Source 1
# Using Auxiliary Response (ARF) File  /home/thaddaeus/FMU/Steiner/thaddaeus/nicer_d49_55575341.arf
#
#
!XSPEC12> show model
#
#Current model list:
#
#Model TBabs<1>(simpl<2>*diskbb<3>) Source No.: 1   Active/On
#      For Data Group(s): 1 
#
#   Using energies from responses.
#
#
!XSPEC12> show param
#
#Parameters defined:
#========================================================================
#Model TBabs<1>(simpl<2>*diskbb<3>) Source No.: 1   Active/On
#Model Model Component  Parameter  Unit     Value
# par  comp
#   1    1   TBabs      nH         10^22    3.20000      frozen
#   2    2   simpl      Gamma               1.40000      +/-  0.231121     
#   3    2   simpl      FracSctr            0.611849     +/-  5.07750E-02  
#   4    2   simpl      UpScOnly            1.00000      frozen
#   5    3   diskbb     Tin        keV      0.437479     +/-  0.116410     
#   6    3   diskbb     norm                160.062      +/-  147.213      
#________________________________________________________________________
#
#
!XSPEC12> show fit
#
#Fit statistic  : PG-Statistic                 190.33     using 183 bins.
#
#Test statistic : Chi-Squared                  194.96     using 183 bins.
# Null hypothesis probability of 1.96e-01 with 179 degrees of freedom
#
!XSPEC12> log none
#