#XSPEC version: 12.11.0m
#Build Date/Time: Sat Nov 21 22:38:27 2020
#
!XSPEC12> show data
#
#1 file 1 spectrum 
#Spectrum 1  Spectral Data File: /home/thaddaeus/FMU/Steiner/thaddaeus/1130360196/jspipe/js_ni1130360196_0mpu7_silver_GTI3.jsgrp
#Net count rate (cts/s) for Spectrum:1  1.372e+00 +/- 5.969e-02 (77.1 % total)
# Assigned to Data Group 1 and Plot Group 1
#  Noticed Channels:  18-38,67-160
#  Telescope: NICER Instrument: XTI  Channel Type: PI
#  Exposure Time: 505.8 sec
# Using fit statistic: pgstat
# Using Background File                /home/thaddaeus/FMU/Steiner/thaddaeus/1130360196/jspipe/js_ni1130360196_0mpu7_silver_GTI3.bg
#  Background Exposure Time: 505.8 sec
# Using Response (RMF) File            /home/thaddaeus/FMU/Steiner/thaddaeus/nicer_d49_55575341.rmf for Source 1
# Using Auxiliary Response (ARF) File  /home/thaddaeus/FMU/Steiner/thaddaeus/nicer_d49_55575341.arf
#
#
!XSPEC12> show model
#
#Current model list:
#
#Model TBabs<1>(simpl<2>*diskbb<3>) Source No.: 1   Active/On
#      For Data Group(s): 1 
#
#   Using energies from responses.
#
#
!XSPEC12> show param
#
#Parameters defined:
#========================================================================
#Model TBabs<1>(simpl<2>*diskbb<3>) Source No.: 1   Active/On
#Model Model Component  Parameter  Unit     Value
# par  comp
#   1    1   TBabs      nH         10^22    3.20000      frozen
#   2    2   simpl      Gamma               1.64784      +/-  0.378814     
#   3    2   simpl      FracSctr            0.392647     +/-  0.121694     
#   4    2   simpl      UpScOnly            1.00000      frozen
#   5    3   diskbb     Tin        keV      0.406170     +/-  0.171541     
#   6    3   diskbb     norm                42.2390      +/-  67.5368      
#________________________________________________________________________
#
#
!XSPEC12> show fit
#
#Fit statistic  : PG-Statistic                 137.39     using 115 bins.
#
#Test statistic : Chi-Squared                  160.01     using 115 bins.
# Null hypothesis probability of 1.62e-03 with 111 degrees of freedom
#
!XSPEC12> log none
#