
!XSPEC12> parallel error 4
#
!XSPEC12> error 1. 3
#***Warning: New best fit found, fit parameters will be set to new values.
#***Warning: New best fit found, fit parameters will be set to new values.
#Apparent non-monotonicity in statistic space detected.
#Current bracket values 0.159171, -0.252085
#and delta stat 0.088435, 37.0124
#but latest trial -0.186475 gives 37.0137
#Suggest that you check this result using the steppar command.
#     3  9.73344e-05      0.56751    (-0.295969,0.271444)
#
!XSPEC12> n
#
!XSPEC12> 
#
!XSPEC12> n
#
!XSPEC12> 
#
!XSPEC12> log none
#