
!XSPEC12> parallel error 4
#
!XSPEC12> error 1. 3
#Apparent non-monotonicity in statistic space detected.
#Current bracket values 1, -100.967
#and delta stat 0, 27.5846
#but latest trial -2.1206 gives 30.8883
#Suggest that you check this result using the steppar command.
#***Warning: New best fit found, fit parameters will be set to new values.
#Apparent non-monotonicity in statistic space detected.
#Current bracket values 1, -456.48
#and delta stat 0, 27.9535
#but latest trial -85.5275 gives 29.2144
#Suggest that you check this result using the steppar command.
#***Warning: Parameter pegged at hard limit: 1
#     3  1.02516e-05            0    (-0.99999,-1)
#
!XSPEC12> n
#
!XSPEC12> 
#
!XSPEC12> n
#
!XSPEC12> 
#
!XSPEC12> log none
#