
!XSPEC12> parallel error 4
#
!XSPEC12> error 1. 3
#***Warning: New best fit found, fit parameters will be set to new values.
#Apparent non-monotonicity in statistic space detected.
#Current bracket values 0.109463, -1.58813
#and delta stat 0, 6.44741
#but latest trial -0.559097 gives 9.98754
#Suggest that you check this result using the steppar command.
#***Warning: Parameter pegged at hard limit: 1
#     3  6.35196e-05            0    (-0.107103,-0.107166)
#
!XSPEC12> n
#
!XSPEC12> 
#
!XSPEC12> n
#
!XSPEC12> 
#
!XSPEC12> log none
#