#XSPEC version: 12.11.0m
#Build Date/Time: Sat Nov 21 22:38:27 2020
#
!XSPEC12> show data
#
#1 file 1 spectrum 
#Spectrum 1  Spectral Data File: /home/thaddaeus/FMU/Steiner/thaddaeus/1130360175/jspipe/js_ni1130360175_0mpu7_silver_GTI3.jsgrp
#Net count rate (cts/s) for Spectrum:1  3.284e-02 +/- 6.368e-02 (2.1 % total)
# Assigned to Data Group 1 and Plot Group 1
#  Noticed Channels:  21-47,72-156
#  Telescope: NICER Instrument: XTI  Channel Type: PI
#  Exposure Time: 407.9 sec
# Using fit statistic: pgstat
# Using Background File                /home/thaddaeus/FMU/Steiner/thaddaeus/1130360175/jspipe/js_ni1130360175_0mpu7_silver_GTI3.bg
#  Background Exposure Time: 407.9 sec
# Using Response (RMF) File            /home/thaddaeus/FMU/Steiner/thaddaeus/nicer_d49_55575341.rmf for Source 1
# Using Auxiliary Response (ARF) File  /home/thaddaeus/FMU/Steiner/thaddaeus/nicer_d49_55575341.arf
#
#
!XSPEC12> show model
#
#Current model list:
#
#Model TBabs<1>(simpl<2>*diskbb<3>) Source No.: 1   Active/On
#      For Data Group(s): 1 
#
#   Using energies from responses.
#
#
!XSPEC12> show param
#
#Parameters defined:
#========================================================================
#Model TBabs<1>(simpl<2>*diskbb<3>) Source No.: 1   Active/On
#Model Model Component  Parameter  Unit     Value
# par  comp
#   1    1   TBabs      nH         10^22    3.20000      frozen
#   2    2   simpl      Gamma               1.40000      +/-  4.04508      
#   3    2   simpl      FracSctr            0.999998     +/-  84.3774      
#   4    2   simpl      UpScOnly            1.00000      frozen
#   5    3   diskbb     Tin        keV      0.639923     +/-  74.0427      
#   6    3   diskbb     norm                0.879629     +/-  323.937      
#________________________________________________________________________
#
#
!XSPEC12> show fit
#
#Fit statistic  : PG-Statistic                 187.48     using 112 bins.
#
#Test statistic : Chi-Squared                  256.80     using 112 bins.
# Null hypothesis probability of 3.86e-14 with 108 degrees of freedom
#
!XSPEC12> log none
#