#XSPEC version: 12.11.0m
#Build Date/Time: Sat Nov 21 22:38:27 2020
#
!XSPEC12> show data
#
#1 file 1 spectrum 
#Spectrum 1  Spectral Data File: /home/thaddaeus/FMU/Steiner/thaddaeus/1130360185/jspipe/js_ni1130360185_0mpu7_silver_GTI1.jsgrp
#Net count rate (cts/s) for Spectrum:1  7.240e+01 +/- 4.765e-01 (99.1 % total)
# Assigned to Data Group 1 and Plot Group 1
#  Noticed Channels:  22-54,83-224
#  Telescope: NICER Instrument: XTI  Channel Type: PI
#  Exposure Time: 321.9 sec
# Using fit statistic: pgstat
# Using Background File                /home/thaddaeus/FMU/Steiner/thaddaeus/1130360185/jspipe/js_ni1130360185_0mpu7_silver_GTI1.bg
#  Background Exposure Time: 321.9 sec
# Using Response (RMF) File            /home/thaddaeus/FMU/Steiner/thaddaeus/nicer_d49_55575341.rmf for Source 1
# Using Auxiliary Response (ARF) File  /home/thaddaeus/FMU/Steiner/thaddaeus/nicer_d49_55575341.arf
#
#
!XSPEC12> show model
#
#Current model list:
#
#Model TBabs<1>(simpl<2>*diskbb<3>) Source No.: 1   Active/On
#      For Data Group(s): 1 
#
#   Using energies from responses.
#
#
!XSPEC12> show param
#
#Parameters defined:
#========================================================================
#Model TBabs<1>(simpl<2>*diskbb<3>) Source No.: 1   Active/On
#Model Model Component  Parameter  Unit     Value
# par  comp
#   1    1   TBabs      nH         10^22    3.20000      frozen
#   2    2   simpl      Gamma               2.67127      +/-  0.150217     
#   3    2   simpl      FracSctr            9.21968E-02  +/-  1.51365E-02  
#   4    2   simpl      UpScOnly            1.00000      frozen
#   5    3   diskbb     Tin        keV      0.422936     +/-  6.75408E-03  
#   6    3   diskbb     norm                5586.94      +/-  391.829      
#________________________________________________________________________
#
#
!XSPEC12> show fit
#
#Fit statistic  : PG-Statistic                 168.25     using 175 bins.
#
#Test statistic : Chi-Squared                  183.68     using 175 bins.
# Null hypothesis probability of 2.40e-01 with 171 degrees of freedom
#
!XSPEC12> log none
#