
!XSPEC12> parallel error 4
#
!XSPEC12> error 1. 3
#***Warning: New best fit found, fit parameters will be set to new values.
#Apparent non-monotonicity in statistic space detected.
#Current bracket values 0.689907, 0.665903
#and delta stat 0.982731, 1.30451
#but latest trial 0.688443 gives 2.28566
#Suggest that you check this result using the steppar command.
#***Warning: Parameter pegged at hard limit: 1
#     3     0.677905            0    (-0.268561,-0.946466)
#
!XSPEC12> n
#
!XSPEC12> 
#
!XSPEC12> n
#
!XSPEC12> 
#
!XSPEC12> log none
#