
!XSPEC12> parallel error 4
#
!XSPEC12> error 1. 3
#Apparent non-monotonicity in statistic space detected.
#Current bracket values 1, -322.416
#and delta stat 0, 2.11259
#but latest trial -119.661 gives 2.47252
#Suggest that you check this result using the steppar command.
#***Warning: New best fit found, fit parameters will be set to new values.
#Apparent non-monotonicity in statistic space detected.
#Current bracket values 1, -1049.5
#and delta stat 0, 2.97459
#but latest trial -244.301 gives 2.97614
#Suggest that you check this result using the steppar command.
#***Warning: Parameter pegged at hard limit: 1
#     3  1.01093e-05            0    (-0.99999,-1)
#
!XSPEC12> n
#
!XSPEC12> 
#
!XSPEC12> n
#
!XSPEC12> 
#
!XSPEC12> log none
#