#XSPEC version: 12.11.0m
#Build Date/Time: Sat Nov 21 22:38:27 2020
#
!XSPEC12> show data
#
#1 file 1 spectrum 
#Spectrum 1  Spectral Data File: /home/thaddaeus/FMU/Steiner/thaddaeus/2130360203/jspipe/js_ni2130360203_0mpu7_silver_GTI0.jsgrp
#Net count rate (cts/s) for Spectrum:1  6.983e-01 +/- 4.678e-02 (55.1 % total)
# Assigned to Data Group 1 and Plot Group 1
#  Noticed Channels:  21-43,72-163
#  Telescope: NICER Instrument: XTI  Channel Type: PI
#  Exposure Time: 597.2 sec
# Using fit statistic: pgstat
# Using Background File                /home/thaddaeus/FMU/Steiner/thaddaeus/2130360203/jspipe/js_ni2130360203_0mpu7_silver_GTI0.bg
#  Background Exposure Time: 597.2 sec
# Using Response (RMF) File            /home/thaddaeus/FMU/Steiner/thaddaeus/nicer_d49_55575341.rmf for Source 1
# Using Auxiliary Response (ARF) File  /home/thaddaeus/FMU/Steiner/thaddaeus/nicer_d49_55575341.arf
#
#
!XSPEC12> show model
#
#Current model list:
#
#Model TBabs<1>(simpl<2>*diskbb<3>) Source No.: 1   Active/On
#      For Data Group(s): 1 
#
#   Using energies from responses.
#
#
!XSPEC12> show param
#
#Parameters defined:
#========================================================================
#Model TBabs<1>(simpl<2>*diskbb<3>) Source No.: 1   Active/On
#Model Model Component  Parameter  Unit     Value
# par  comp
#   1    1   TBabs      nH         10^22    3.20000      frozen
#   2    2   simpl      Gamma               1.63491      +/-  0.577266     
#   3    2   simpl      FracSctr            0.999551     +/-  45.2610      
#   4    2   simpl      UpScOnly            1.00000      frozen
#   5    3   diskbb     Tin        keV      0.565245     +/-  23.9542      
#   6    3   diskbb     norm                3.17052      +/-  420.289      
#________________________________________________________________________
#
#
!XSPEC12> show fit
#
#Fit statistic  : PG-Statistic                 145.82     using 115 bins.
#
#Test statistic : Chi-Squared                  210.09     using 115 bins.
# Null hypothesis probability of 4.18e-08 with 111 degrees of freedom
#
!XSPEC12> log none
#