#XSPEC version: 12.11.0m
#Build Date/Time: Sat Nov 21 22:38:27 2020
#
!XSPEC12> show data
#
#1 file 1 spectrum 
#Spectrum 1  Spectral Data File: /home/thaddaeus/FMU/Steiner/thaddaeus/1130360235/jspipe/js_ni1130360235_0mpu7_silver_GTI1.jsgrp
#Net count rate (cts/s) for Spectrum:1  3.894e+00 +/- 7.266e-02 (87.4 % total)
# Assigned to Data Group 1 and Plot Group 1
#  Noticed Channels:  22-53,82-233
#  Telescope: NICER Instrument: XTI  Channel Type: PI
#  Exposure Time: 854.7 sec
# Using fit statistic: pgstat
# Using Background File                /home/thaddaeus/FMU/Steiner/thaddaeus/1130360235/jspipe/js_ni1130360235_0mpu7_silver_GTI1.bg
#  Background Exposure Time: 854.7 sec
# Using Response (RMF) File            /home/thaddaeus/FMU/Steiner/thaddaeus/nicer_d49_55575341.rmf for Source 1
# Using Auxiliary Response (ARF) File  /home/thaddaeus/FMU/Steiner/thaddaeus/nicer_d49_55575341.arf
#
#
!XSPEC12> show model
#
#Current model list:
#
#Model TBabs<1>(simpl<2>*diskbb<3>) Source No.: 1   Active/On
#      For Data Group(s): 1 
#
#   Using energies from responses.
#
#
!XSPEC12> show param
#
#Parameters defined:
#========================================================================
#Model TBabs<1>(simpl<2>*diskbb<3>) Source No.: 1   Active/On
#Model Model Component  Parameter  Unit     Value
# par  comp
#   1    1   TBabs      nH         10^22    3.20000      frozen
#   2    2   simpl      Gamma               1.56743      +/-  6.75693E-02  
#   3    2   simpl      FracSctr            0.237029     +/-  0.190135     
#   4    2   simpl      UpScOnly            1.00000      frozen
#   5    3   diskbb     Tin        keV      0.213861     +/-  7.42722E-02  
#   6    3   diskbb     norm                2274.47      +/-  4678.83      
#________________________________________________________________________
#
#
!XSPEC12> show fit
#
#Fit statistic  : PG-Statistic                 171.94     using 184 bins.
#
#Test statistic : Chi-Squared                  180.19     using 184 bins.
# Null hypothesis probability of 4.82e-01 with 180 degrees of freedom
#
!XSPEC12> log none
#