#XSPEC version: 12.11.0m
#Build Date/Time: Sat Nov 21 22:38:27 2020
#
!XSPEC12> show data
#
#1 file 1 spectrum 
#Spectrum 1  Spectral Data File: /home/thaddaeus/FMU/Steiner/thaddaeus/1130360283/jspipe/js_ni1130360283_0mpu7_silver_GTI2.jsgrp
#Net count rate (cts/s) for Spectrum:1  1.992e+00 +/- 4.660e-02 (81.7 % total)
# Assigned to Data Group 1 and Plot Group 1
#  Noticed Channels:  22-52,81-218
#  Telescope: NICER Instrument: XTI  Channel Type: PI
#  Exposure Time: 1149 sec
# Using fit statistic: pgstat
# Using Background File                /home/thaddaeus/FMU/Steiner/thaddaeus/1130360283/jspipe/js_ni1130360283_0mpu7_silver_GTI2.bg
#  Background Exposure Time: 1149 sec
# Using Response (RMF) File            /home/thaddaeus/FMU/Steiner/thaddaeus/nicer_d48_u100_150_53019466.rmf for Source 1
# Using Auxiliary Response (ARF) File  /home/thaddaeus/FMU/Steiner/thaddaeus/nicer_d48_53019466.arf
#
#
!XSPEC12> show model
#
#Current model list:
#
#Model TBabs<1>(simpl<2>*diskbb<3>) Source No.: 1   Active/On
#      For Data Group(s): 1 
#
#   Using energies from responses.
#
#
!XSPEC12> show param
#
#Parameters defined:
#========================================================================
#Model TBabs<1>(simpl<2>*diskbb<3>) Source No.: 1   Active/On
#Model Model Component  Parameter  Unit     Value
# par  comp
#   1    1   TBabs      nH         10^22    3.20000      frozen
#   2    2   simpl      Gamma               1.97777      +/-  1.15568      
#   3    2   simpl      FracSctr            0.943787     +/-  6.74500      
#   4    2   simpl      UpScOnly            1.00000      frozen
#   5    3   diskbb     Tin        keV      0.858118     +/-  5.81791      
#   6    3   diskbb     norm                1.96415      +/-  39.1884      
#________________________________________________________________________
#
#
!XSPEC12> show fit
#
#Fit statistic  : PG-Statistic                 176.96     using 169 bins.
#
#Test statistic : Chi-Squared                  203.98     using 169 bins.
# Null hypothesis probability of 2.10e-02 with 165 degrees of freedom
#
!XSPEC12> log none
#