#XSPEC version: 12.11.0
#Build Date/Time: Thu Jul  2 16:22:45 2020
#
!XSPEC12> chatter 10
#
!XSPEC12> show data
#
#1 file 1 spectrum 
#Spectrum 1  Spectral Data File: /home/thaddaeus/FMU/Steiner/thaddaeus/1130360219/jspipe/js_ni1130360219_0mpu7_silver_GTI0.jsgrp
#Net count rate (cts/s) for Spectrum:1  1.025e+00 +/- 3.507e-02 (81.5 % total)
# Assigned to Data Group 1 and Plot Group 1
#  Noticed Channels:  81-206
#  Telescope: NICER Instrument: XTI  Channel Type: PI
#  Exposure Time: 1043 sec
# Using fit statistic: pgstat
# Using Background File                /home/thaddaeus/FMU/Steiner/thaddaeus/1130360219/jspipe/js_ni1130360219_0mpu7_silver_GTI0.bg
#  Background Exposure Time: 1043 sec
# Using Response (RMF) File            /home/thaddaeus/FMU/Steiner/thaddaeus/nicer_d49_55575341.rmf for Source 1
# Using Auxiliary Response (ARF) File  /home/thaddaeus/FMU/Steiner/thaddaeus/nicer_d49_55575341.arf
#
#
!XSPEC12> show fit
#
#Fit statistic  : PG-Statistic                 114.57     using 126 bins.
#
#Test statistic : Chi-Squared                  137.05     using 126 bins.
# Null hypothesis probability of 1.23e-01 with 119 degrees of freedom
#
!XSPEC12> show param
#
#Parameters defined:
#========================================================================
#Model TBfeo<1>*simpl<2>*diskbb<3> Source No.: 1   Active/On
#Model Model Component  Parameter  Unit     Value
# par  comp
#   1    1   TBfeo      nH         10^22    3.61973      +/-  32.2643      
#   2    1   TBfeo      O                   0.440886     +/-  29.3748      
#   3    1   TBfeo      Fe                  1.44535      +/-  22.4575      
#   4    1   TBfeo      redshift            0.0          frozen
#   5    2   simpl      Gamma               1.55979      +/-  1.77009      
#   6    2   simpl      FracSctr            0.620015     +/-  10.0599      
#   7    2   simpl      UpScOnly            1.00000      frozen
#   8    3   diskbb     Tin        keV      0.459987     +/-  2.21303      
#   9    3   diskbb     norm                14.5282      +/-  481.697      
#________________________________________________________________________
#
#
!XSPEC12> log none
#