#XSPEC version: 12.11.0
#Build Date/Time: Thu Jul  2 16:22:45 2020
#
!XSPEC12> chatter 10
#
!XSPEC12> show data
#
#1 file 1 spectrum 
#Spectrum 1  Spectral Data File: /home/thaddaeus/FMU/Steiner/thaddaeus/1130360257/jspipe/js_ni1130360257_0mpu7_silver_GTI0.jsgrp
#Net count rate (cts/s) for Spectrum:1  -2.222e+00 +/- 2.684e-01 (-37.7 % total)
# Assigned to Data Group 1 and Plot Group 1
#  Noticed Channels:  47-138
#  Telescope: NICER Instrument: XTI  Channel Type: PI
#  Exposure Time: 83.82 sec
# Using fit statistic: pgstat
# Using Background File                /home/thaddaeus/FMU/Steiner/thaddaeus/1130360257/jspipe/js_ni1130360257_0mpu7_silver_GTI0.bg
#  Background Exposure Time: 83.82 sec
# Using Response (RMF) File            /home/thaddaeus/FMU/Steiner/thaddaeus/nicer_d49_55575341.rmf for Source 1
# Using Auxiliary Response (ARF) File  /home/thaddaeus/FMU/Steiner/thaddaeus/nicer_d49_55575341.arf
#
#
!XSPEC12> show fit
#
#Fit statistic  : PG-Statistic                 129.83     using 92 bins.
#
#Test statistic : Chi-Squared                  204.02     using 92 bins.
# Null hypothesis probability of 8.78e-12 with 85 degrees of freedom
#
!XSPEC12> show param
#
#Parameters defined:
#========================================================================
#Model TBfeo<1>*simpl<2>*diskbb<3> Source No.: 1   Active/On
#Model Model Component  Parameter  Unit     Value
# par  comp
#   1    1   TBfeo      nH         10^22    3.16830      +/-  4.62964E+07  
#   2    1   TBfeo      O                   4.95506E-02  +/-  5.45943E+07  
#   3    1   TBfeo      Fe                  0.399132     +/-  8.28902E+07  
#   4    1   TBfeo      redshift            0.0          frozen
#   5    2   simpl      Gamma               2.87114      +/-  2.12473E+06  
#   6    2   simpl      FracSctr            0.381809     +/-  3.70104E+11  
#   7    2   simpl      UpScOnly            1.00000      frozen
#   8    3   diskbb     Tin        keV      0.148940     +/-  3.20352E+10  
#   9    3   diskbb     norm                7.92216E-03  +/-  1.39943E+10  
#________________________________________________________________________
#
#
!XSPEC12> log none
#