#XSPEC version: 12.11.0
#Build Date/Time: Thu Jul  2 16:22:45 2020
#
!XSPEC12> chatter 10
#
!XSPEC12> show data
#
#1 file 1 spectrum 
#Spectrum 1  Spectral Data File: /home/thaddaeus/FMU/Steiner/thaddaeus/1130360205/jspipe/js_ni1130360205_0mpu7_silver_GTI0.jsgrp
#Net count rate (cts/s) for Spectrum:1  4.261e+01 +/- 3.396e-01 (99.0 % total)
# Assigned to Data Group 1 and Plot Group 1
#  Noticed Channels:  83-234
#  Telescope: NICER Instrument: XTI  Channel Type: PI
#  Exposure Time: 373.4 sec
# Using fit statistic: pgstat
# Using Background File                /home/thaddaeus/FMU/Steiner/thaddaeus/1130360205/jspipe/js_ni1130360205_0mpu7_silver_GTI0.bg
#  Background Exposure Time: 373.4 sec
# Using Response (RMF) File            /home/thaddaeus/FMU/Steiner/thaddaeus/nicer_d49_55575341.rmf for Source 1
# Using Auxiliary Response (ARF) File  /home/thaddaeus/FMU/Steiner/thaddaeus/nicer_d49_55575341.arf
#
#
!XSPEC12> show fit
#
#Fit statistic  : PG-Statistic                 164.37     using 152 bins.
#
#Test statistic : Chi-Squared                  171.89     using 152 bins.
# Null hypothesis probability of 6.31e-02 with 145 degrees of freedom
#
!XSPEC12> show param
#
#Parameters defined:
#========================================================================
#Model TBfeo<1>*simpl<2>*diskbb<3> Source No.: 1   Active/On
#Model Model Component  Parameter  Unit     Value
# par  comp
#   1    1   TBfeo      nH         10^22    3.69354      +/-  5.30406      
#   2    1   TBfeo      O                   0.465096     +/-  3.38852      
#   3    1   TBfeo      Fe                  1.37991      +/-  6.24065      
#   4    1   TBfeo      redshift            0.0          frozen
#   5    2   simpl      Gamma               2.32793      +/-  0.424035     
#   6    2   simpl      FracSctr            6.55808E-02  +/-  3.18166E-02  
#   7    2   simpl      UpScOnly            1.00000      frozen
#   8    3   diskbb     Tin        keV      0.435131     +/-  7.84449E-02  
#   9    3   diskbb     norm                4978.88      +/-  8161.40      
#________________________________________________________________________
#
#
!XSPEC12> log none
#