#XSPEC version: 12.11.0
#Build Date/Time: Thu Jul  2 16:22:45 2020
#
!XSPEC12> chatter 10
#
!XSPEC12> show data
#
#1 file 1 spectrum 
#Spectrum 1  Spectral Data File: /home/thaddaeus/FMU/Steiner/thaddaeus/1130360261/jspipe/js_ni1130360261_0mpu7_silver_GTI0.jsgrp
#Net count rate (cts/s) for Spectrum:1  3.431e-01 +/- 4.990e-02 (38.3 % total)
# Assigned to Data Group 1 and Plot Group 1
#  Noticed Channels:  56-117
#  Telescope: NICER Instrument: XTI  Channel Type: PI
#  Exposure Time: 369.1 sec
# Using fit statistic: pgstat
# Using Background File                /home/thaddaeus/FMU/Steiner/thaddaeus/1130360261/jspipe/js_ni1130360261_0mpu7_silver_GTI0.bg
#  Background Exposure Time: 369.1 sec
# Using Response (RMF) File            /home/thaddaeus/FMU/Steiner/thaddaeus/nicer_d49_55575341.rmf for Source 1
# Using Auxiliary Response (ARF) File  /home/thaddaeus/FMU/Steiner/thaddaeus/nicer_d49_55575341.arf
#
#
!XSPEC12> show fit
#
#Fit statistic  : PG-Statistic                  81.04     using 62 bins.
#
#Test statistic : Chi-Squared                   96.05     using 62 bins.
# Null hypothesis probability of 5.13e-04 with 55 degrees of freedom
#
!XSPEC12> show param
#
#Parameters defined:
#========================================================================
#Model TBfeo<1>*simpl<2>*diskbb<3> Source No.: 1   Active/On
#Model Model Component  Parameter  Unit     Value
# par  comp
#   1    1   TBfeo      nH         10^22    4.20634      +/-  96.3662      
#   2    1   TBfeo      O                   1.02511      +/-  72.5445      
#   3    1   TBfeo      Fe                  1.44758      +/-  145.596      
#   4    1   TBfeo      redshift            0.0          frozen
#   5    2   simpl      Gamma               2.77027      +/-  25.9119      
#   6    2   simpl      FracSctr            0.990052     +/-  2642.36      
#   7    2   simpl      UpScOnly            1.00000      frozen
#   8    3   diskbb     Tin        keV      0.729085     +/-  1049.60      
#   9    3   diskbb     norm                0.999209     +/-  4357.02      
#________________________________________________________________________
#
#
!XSPEC12> log none
#