#XSPEC version: 12.11.0
#Build Date/Time: Thu Jul  2 16:22:45 2020
#
!XSPEC12> chatter 10
#
!XSPEC12> show data
#
#1 file 1 spectrum 
#Spectrum 1  Spectral Data File: /home/thaddaeus/FMU/Steiner/thaddaeus/1130360217/jspipe/js_ni1130360217_0mpu7_silver_GTI0.jsgrp
#Net count rate (cts/s) for Spectrum:1  1.193e+00 +/- 4.406e-02 (86.1 % total)
# Assigned to Data Group 1 and Plot Group 1
#  Noticed Channels:  74-179
#  Telescope: NICER Instrument: XTI  Channel Type: PI
#  Exposure Time: 720.8 sec
# Using fit statistic: pgstat
# Using Background File                /home/thaddaeus/FMU/Steiner/thaddaeus/1130360217/jspipe/js_ni1130360217_0mpu7_silver_GTI0.bg
#  Background Exposure Time: 720.8 sec
# Using Response (RMF) File            /home/thaddaeus/FMU/Steiner/thaddaeus/nicer_d49_55575341.rmf for Source 1
# Using Auxiliary Response (ARF) File  /home/thaddaeus/FMU/Steiner/thaddaeus/nicer_d49_55575341.arf
#
#
!XSPEC12> show fit
#
#Fit statistic  : PG-Statistic                  80.67     using 106 bins.
#
#Test statistic : Chi-Squared                   91.85     using 106 bins.
# Null hypothesis probability of 6.82e-01 with 99 degrees of freedom
#
!XSPEC12> show param
#
#Parameters defined:
#========================================================================
#Model TBfeo<1>*simpl<2>*diskbb<3> Source No.: 1   Active/On
#Model Model Component  Parameter  Unit     Value
# par  comp
#   1    1   TBfeo      nH         10^22    3.61104      +/-  32.1714      
#   2    1   TBfeo      O                   0.485314     +/-  22.6375      
#   3    1   TBfeo      Fe                  1.33855      +/-  22.8663      
#   4    1   TBfeo      redshift            0.0          frozen
#   5    2   simpl      Gamma               1.60180      +/-  1.86289      
#   6    2   simpl      FracSctr            0.323317     +/-  3.44263      
#   7    2   simpl      UpScOnly            1.00000      frozen
#   8    3   diskbb     Tin        keV      0.467121     +/-  1.26118      
#   9    3   diskbb     norm                27.9786      +/-  610.225      
#________________________________________________________________________
#
#
!XSPEC12> log none
#