#XSPEC version: 12.11.0
#Build Date/Time: Thu Jul  2 16:22:45 2020
#
!XSPEC12> chatter 10
#
!XSPEC12> show data
#
#1 file 1 spectrum 
#Spectrum 1  Spectral Data File: /home/thaddaeus/FMU/Steiner/thaddaeus/1130360227/jspipe/js_ni1130360227_0mpu7_silver_GTI0.jsgrp
#Net count rate (cts/s) for Spectrum:1  1.140e+01 +/- 1.463e-01 (98.1 % total)
# Assigned to Data Group 1 and Plot Group 1
#  Noticed Channels:  79-238
#  Telescope: NICER Instrument: XTI  Channel Type: PI
#  Exposure Time: 543.7 sec
# Using fit statistic: pgstat
# Using Background File                /home/thaddaeus/FMU/Steiner/thaddaeus/1130360227/jspipe/js_ni1130360227_0mpu7_silver_GTI0.bg
#  Background Exposure Time: 543.7 sec
# Using Response (RMF) File            /home/thaddaeus/FMU/Steiner/thaddaeus/nicer_d49_55575341.rmf for Source 1
# Using Auxiliary Response (ARF) File  /home/thaddaeus/FMU/Steiner/thaddaeus/nicer_d49_55575341.arf
#
#
!XSPEC12> show fit
#
#Fit statistic  : PG-Statistic                 155.29     using 160 bins.
#
#Test statistic : Chi-Squared                  165.49     using 160 bins.
# Null hypothesis probability of 2.32e-01 with 153 degrees of freedom
#
!XSPEC12> show param
#
#Parameters defined:
#========================================================================
#Model TBfeo<1>*simpl<2>*diskbb<3> Source No.: 1   Active/On
#Model Model Component  Parameter  Unit     Value
# par  comp
#   1    1   TBfeo      nH         10^22    3.44915      +/-  10.1957      
#   2    1   TBfeo      O                   0.131664     +/-  4.64894      
#   3    1   TBfeo      Fe                  0.307675     +/-  4.48223      
#   4    1   TBfeo      redshift            0.0          frozen
#   5    2   simpl      Gamma               1.39365      +/-  1.02398      
#   6    2   simpl      FracSctr            0.795264     +/-  0.593275     
#   7    2   simpl      UpScOnly            1.00000      frozen
#   8    3   diskbb     Tin        keV      0.971810     +/-  2.48708      
#   9    3   diskbb     norm                8.63067      +/-  70.0314      
#________________________________________________________________________
#
#
!XSPEC12> log none
#