#XSPEC version: 12.11.0
#Build Date/Time: Thu Jul  2 16:22:45 2020
#
!XSPEC12> chatter 10
#
!XSPEC12> show data
#
#1 file 1 spectrum 
#Spectrum 1  Spectral Data File: /home/thaddaeus/FMU/Steiner/thaddaeus/1130360236/jspipe/js_ni1130360236_0mpu7_silver_GTI0.jsgrp
#Net count rate (cts/s) for Spectrum:1  1.279e+00 +/- 5.284e-02 (41.3 % total)
# Assigned to Data Group 1 and Plot Group 1
#  Noticed Channels:  83-253
#  Telescope: NICER Instrument: XTI  Channel Type: PI
#  Exposure Time: 1207 sec
# Using fit statistic: pgstat
# Using Background File                /home/thaddaeus/FMU/Steiner/thaddaeus/1130360236/jspipe/js_ni1130360236_0mpu7_silver_GTI0.bg
#  Background Exposure Time: 1207 sec
# Using Response (RMF) File            /home/thaddaeus/FMU/Steiner/thaddaeus/nicer_d49_55575341.rmf for Source 1
# Using Auxiliary Response (ARF) File  /home/thaddaeus/FMU/Steiner/thaddaeus/nicer_d49_55575341.arf
#
#
!XSPEC12> show fit
#
#Fit statistic  : PG-Statistic                 228.46     using 171 bins.
#
#Test statistic : Chi-Squared                  253.57     using 171 bins.
# Null hypothesis probability of 8.93e-06 with 164 degrees of freedom
#
!XSPEC12> show param
#
#Parameters defined:
#========================================================================
#Model TBfeo<1>*simpl<2>*diskbb<3> Source No.: 1   Active/On
#Model Model Component  Parameter  Unit     Value
# par  comp
#   1    1   TBfeo      nH         10^22    4.20634      +/-  21.7951      
#   2    1   TBfeo      O                   1.02513      +/-  23.0128      
#   3    1   TBfeo      Fe                  1.44758      +/-  49.6132      
#   4    1   TBfeo      redshift            0.0          frozen
#   5    2   simpl      Gamma               2.87114      +/-  28.5715      
#   6    2   simpl      FracSctr            0.305350     +/-  7.70461      
#   7    2   simpl      UpScOnly            1.00000      frozen
#   8    3   diskbb     Tin        keV      0.964781     +/-  3.27175      
#   9    3   diskbb     norm                1.84849      +/-  22.6297      
#________________________________________________________________________
#
#
!XSPEC12> log none
#