#XSPEC version: 12.11.0
#Build Date/Time: Thu Jul  2 16:22:45 2020
#
!XSPEC12> chatter 10
#
!XSPEC12> show data
#
#1 file 1 spectrum 
#Spectrum 1  Spectral Data File: /home/thaddaeus/FMU/Steiner/thaddaeus/1130360244/jspipe/js_ni1130360244_0mpu7_silver_GTI0.jsgrp
#Net count rate (cts/s) for Spectrum:1  -2.114e+01 +/- 2.149e-01 (-294.4 % total)
# Assigned to Data Group 1 and Plot Group 1
#  Noticed Channels:  80-250
#  Telescope: NICER Instrument: XTI  Channel Type: PI
#  Exposure Time: 226.9 sec
# Using fit statistic: pgstat
# Using Background File                /home/thaddaeus/FMU/Steiner/thaddaeus/1130360244/jspipe/js_ni1130360244_0mpu7_silver_GTI0.bg
#  Background Exposure Time: 226.9 sec
# Using Response (RMF) File            /home/thaddaeus/FMU/Steiner/thaddaeus/nicer_d49_55575341.rmf for Source 1
# Using Auxiliary Response (ARF) File  /home/thaddaeus/FMU/Steiner/thaddaeus/nicer_d49_55575341.arf
#
#
!XSPEC12> show fit
#
#Fit statistic  : PG-Statistic                5405.91     using 171 bins.
#
#Test statistic : Chi-Squared                11112.18     using 171 bins.
# Null hypothesis probability of 0.00e+00 with 164 degrees of freedom
#
!XSPEC12> show param
#
#Parameters defined:
#========================================================================
#Model TBfeo<1>*simpl<2>*diskbb<3> Source No.: 1   Active/On
#Model Model Component  Parameter  Unit     Value
# par  comp
#   1    1   TBfeo      nH         10^22    3.09956      +/-  1.29817E+09  
#   2    1   TBfeo      O                   0.187382     +/-  1.24918E+09  
#   3    1   TBfeo      Fe                  0.489486     +/-  1.71045E+09  
#   4    1   TBfeo      redshift            0.0          frozen
#   5    2   simpl      Gamma               2.86986      +/-  4.37037E+07  
#   6    2   simpl      FracSctr            8.22921E-03  +/-  6.87439E+09  
#   7    2   simpl      UpScOnly            1.00000      frozen
#   8    3   diskbb     Tin        keV      0.148412     +/-  9.82049E+08  
#   9    3   diskbb     norm                1.39351E-03  +/-  1.77277E+09  
#________________________________________________________________________
#
#
!XSPEC12> log none
#