#XSPEC version: 12.11.0
#Build Date/Time: Thu Jul  2 16:22:45 2020
#
!XSPEC12> chatter 10
#
!XSPEC12> show data
#
#1 file 1 spectrum 
#Spectrum 1  Spectral Data File: /home/thaddaeus/FMU/Steiner/thaddaeus/1130360140/jspipe/js_ni1130360140_0mpu7_silver_GTI0.jsgrp
#Net count rate (cts/s) for Spectrum:1  2.235e+02 +/- 8.546e-01 (96.9 % total)
# Assigned to Data Group 1 and Plot Group 1
#  Noticed Channels:  83-254
#  Telescope: NICER Instrument: XTI  Channel Type: PI
#  Exposure Time: 316.5 sec
# Using fit statistic: pgstat
# Using Background File                /home/thaddaeus/FMU/Steiner/thaddaeus/1130360140/jspipe/js_ni1130360140_0mpu7_silver_GTI0.bg
#  Background Exposure Time: 316.5 sec
# Using Response (RMF) File            /home/thaddaeus/FMU/Steiner/thaddaeus/nicer_d49_55575341.rmf for Source 1
# Using Auxiliary Response (ARF) File  /home/thaddaeus/FMU/Steiner/thaddaeus/nicer_d49_55575341.arf
#
#
!XSPEC12> show fit
#
#Fit statistic  : PG-Statistic                 209.80     using 172 bins.
#
#Test statistic : Chi-Squared                  249.70     using 172 bins.
# Null hypothesis probability of 2.28e-05 with 165 degrees of freedom
#
!XSPEC12> show param
#
#Parameters defined:
#========================================================================
#Model TBfeo<1>*simpl<2>*diskbb<3> Source No.: 1   Active/On
#Model Model Component  Parameter  Unit     Value
# par  comp
#   1    1   TBfeo      nH         10^22    3.69114      +/-  2.17754      
#   2    1   TBfeo      O                   0.598455     +/-  11.5301      
#   3    1   TBfeo      Fe                  0.995983     +/-  27.9711      
#   4    1   TBfeo      redshift            0.0          frozen
#   5    2   simpl      Gamma               2.87114      +/-  8.96489      
#   6    2   simpl      FracSctr            4.98981E-03  +/-  4.20548E-02  
#   7    2   simpl      UpScOnly            1.00000      frozen
#   8    3   diskbb     Tin        keV      0.610995     +/-  4.05576E-02  
#   9    3   diskbb     norm                4098.32      +/-  2180.54      
#________________________________________________________________________
#
#
!XSPEC12> log none
#