#XSPEC version: 12.11.0
#Build Date/Time: Thu Jul  2 16:22:45 2020
#
!XSPEC12> chatter 10
#
!XSPEC12> show data
#
#1 file 1 spectrum 
#Spectrum 1  Spectral Data File: /home/thaddaeus/FMU/Steiner/thaddaeus/1130360179/jspipe/js_ni1130360179_0mpu7_silver_GTI0.jsgrp
#Net count rate (cts/s) for Spectrum:1  2.072e+01 +/- 4.617e-01 (98.2 % total)
# Assigned to Data Group 1 and Plot Group 1
#  Noticed Channels:  74-174
#  Telescope: NICER Instrument: XTI  Channel Type: PI
#  Exposure Time: 98.96 sec
# Using fit statistic: pgstat
# Using Background File                /home/thaddaeus/FMU/Steiner/thaddaeus/1130360179/jspipe/js_ni1130360179_0mpu7_silver_GTI0.bg
#  Background Exposure Time: 98.96 sec
# Using Response (RMF) File            /home/thaddaeus/FMU/Steiner/thaddaeus/nicer_d49_55575341.rmf for Source 1
# Using Auxiliary Response (ARF) File  /home/thaddaeus/FMU/Steiner/thaddaeus/nicer_d49_55575341.arf
#
#
!XSPEC12> show fit
#
#Fit statistic  : PG-Statistic                  81.58     using 101 bins.
#
#Test statistic : Chi-Squared                   86.64     using 101 bins.
# Null hypothesis probability of 6.92e-01 with 94 degrees of freedom
#
!XSPEC12> show param
#
#Parameters defined:
#========================================================================
#Model TBfeo<1>*simpl<2>*diskbb<3> Source No.: 1   Active/On
#Model Model Component  Parameter  Unit     Value
# par  comp
#   1    1   TBfeo      nH         10^22    3.09901      +/-  14.7389      
#   2    1   TBfeo      O                   4.89820E-02  +/-  10.0159      
#   3    1   TBfeo      Fe                  0.391957     +/-  16.7200      
#   4    1   TBfeo      redshift            0.0          frozen
#   5    2   simpl      Gamma               1.56127      +/-  1.08974      
#   6    2   simpl      FracSctr            4.98415E-02  +/-  9.70833E-02  
#   7    2   simpl      UpScOnly            1.00000      frozen
#   8    3   diskbb     Tin        keV      0.445076     +/-  0.209573     
#   9    3   diskbb     norm                1716.92      +/-  7327.50      
#________________________________________________________________________
#
#
!XSPEC12> log none
#