#XSPEC version: 12.11.0
#Build Date/Time: Thu Jul  2 16:22:45 2020
#
!XSPEC12> chatter 10
#
!XSPEC12> show data
#
#1 file 1 spectrum 
#Spectrum 1  Spectral Data File: /home/thaddaeus/FMU/Steiner/thaddaeus/1130360269/jspipe/js_ni1130360269_0mpu7_silver_GTI0.jsgrp
#Net count rate (cts/s) for Spectrum:1  -3.369e-01 +/- 8.164e-02 (-6.1 % total)
# Assigned to Data Group 1 and Plot Group 1
#  Noticed Channels:  83-254
#  Telescope: NICER Instrument: XTI  Channel Type: PI
#  Exposure Time: 981.8 sec
# Using fit statistic: pgstat
# Using Background File                /home/thaddaeus/FMU/Steiner/thaddaeus/1130360269/jspipe/js_ni1130360269_0mpu7_silver_GTI0.bg
#  Background Exposure Time: 981.8 sec
# Using Response (RMF) File            /home/thaddaeus/FMU/Steiner/thaddaeus/nicer_d49_55575341.rmf for Source 1
# Using Auxiliary Response (ARF) File  /home/thaddaeus/FMU/Steiner/thaddaeus/nicer_d49_55575341.arf
#
#
!XSPEC12> show fit
#
#Fit statistic  : PG-Statistic                 296.64     using 172 bins.
#
#Test statistic : Chi-Squared                  305.11     using 172 bins.
# Null hypothesis probability of 2.00e-10 with 165 degrees of freedom
#
!XSPEC12> show param
#
#Parameters defined:
#========================================================================
#Model TBfeo<1>*simpl<2>*diskbb<3> Source No.: 1   Active/On
#Model Model Component  Parameter  Unit     Value
# par  comp
#   1    1   TBfeo      nH         10^22    3.67459      +/-  93.3731      
#   2    1   TBfeo      O                   0.578696     +/-  1258.20      
#   3    1   TBfeo      Fe                  0.957764     +/-  3041.91      
#   4    1   TBfeo      redshift            0.0          frozen
#   5    2   simpl      Gamma               2.87114      +/-  4133.84      
#   6    2   simpl      FracSctr            4.98981E-03  +/-  16.8135      
#   7    2   simpl      UpScOnly            1.00000      frozen
#   8    3   diskbb     Tin        keV      0.764310     +/-  10.2007      
#   9    3   diskbb     norm                1.53600      +/-  124.488      
#________________________________________________________________________
#
#
!XSPEC12> log none
#