#XSPEC version: 12.11.0
#Build Date/Time: Thu Jul  2 16:22:45 2020
#
!XSPEC12> chatter 10
#
!XSPEC12> show data
#
#1 file 1 spectrum 
#Spectrum 1  Spectral Data File: /home/thaddaeus/FMU/Steiner/thaddaeus/1130360225/jspipe/js_ni1130360225_0mpu7_silver_GTI0.jsgrp
#Net count rate (cts/s) for Spectrum:1  5.664e+00 +/- 1.624e-01 (88.0 % total)
# Assigned to Data Group 1 and Plot Group 1
#  Noticed Channels:  68-193
#  Telescope: NICER Instrument: XTI  Channel Type: PI
#  Exposure Time: 244.9 sec
# Using fit statistic: pgstat
# Using Background File                /home/thaddaeus/FMU/Steiner/thaddaeus/1130360225/jspipe/js_ni1130360225_0mpu7_silver_GTI0.bg
#  Background Exposure Time: 244.9 sec
# Using Response (RMF) File            /home/thaddaeus/FMU/Steiner/thaddaeus/nicer_d49_55575341.rmf for Source 1
# Using Auxiliary Response (ARF) File  /home/thaddaeus/FMU/Steiner/thaddaeus/nicer_d49_55575341.arf
#
#
!XSPEC12> show fit
#
#Fit statistic  : PG-Statistic                 106.65     using 126 bins.
#
#Test statistic : Chi-Squared                  124.30     using 126 bins.
# Null hypothesis probability of 3.51e-01 with 119 degrees of freedom
#
!XSPEC12> show param
#
#Parameters defined:
#========================================================================
#Model TBfeo<1>*simpl<2>*diskbb<3> Source No.: 1   Active/On
#Model Model Component  Parameter  Unit     Value
# par  comp
#   1    1   TBfeo      nH         10^22    3.90500      +/-  22.2113      
#   2    1   TBfeo      O                   0.835037     +/-  14.6750      
#   3    1   TBfeo      Fe                  1.44758      +/-  15.6047      
#   4    1   TBfeo      redshift            0.0          frozen
#   5    2   simpl      Gamma               2.09226      +/-  5.93921      
#   6    2   simpl      FracSctr            0.990052     +/-  327.594      
#   7    2   simpl      UpScOnly            1.00000      frozen
#   8    3   diskbb     Tin        keV      1.01531      +/-  293.677      
#   9    3   diskbb     norm                3.27830      +/-  2870.29      
#________________________________________________________________________
#
#
!XSPEC12> log none
#