#XSPEC version: 12.11.0
#Build Date/Time: Thu Jul  2 16:22:45 2020
#
!XSPEC12> chatter 10
#
!XSPEC12> show data
#
#1 file 1 spectrum 
#Spectrum 1  Spectral Data File: /home/thaddaeus/FMU/Steiner/thaddaeus/1130360266/jspipe/js_ni1130360266_0mpu7_silver_GTI0.jsgrp
#Net count rate (cts/s) for Spectrum:1  -4.651e+00 +/- 1.269e-01 (-164.0 % total)
# Assigned to Data Group 1 and Plot Group 1
#  Noticed Channels:  61-157
#  Telescope: NICER Instrument: XTI  Channel Type: PI
#  Exposure Time: 195.3 sec
# Using fit statistic: pgstat
# Using Background File                /home/thaddaeus/FMU/Steiner/thaddaeus/1130360266/jspipe/js_ni1130360266_0mpu7_silver_GTI0.bg
#  Background Exposure Time: 195.3 sec
# Using Response (RMF) File            /home/thaddaeus/FMU/Steiner/thaddaeus/nicer_d49_55575341.rmf for Source 1
# Using Auxiliary Response (ARF) File  /home/thaddaeus/FMU/Steiner/thaddaeus/nicer_d49_55575341.arf
#
#
!XSPEC12> show fit
#
#Fit statistic  : PG-Statistic                 860.73     using 97 bins.
#
#Test statistic : Chi-Squared                 2046.04     using 97 bins.
# Null hypothesis probability of 0.00e+00 with 90 degrees of freedom
#
!XSPEC12> show param
#
#Parameters defined:
#========================================================================
#Model TBfeo<1>*simpl<2>*diskbb<3> Source No.: 1   Active/On
#Model Model Component  Parameter  Unit     Value
# par  comp
#   1    1   TBfeo      nH         10^22    3.09847      +/-  4.92634E+07  
#   2    1   TBfeo      O                   0.130650     +/-  4.86737E+07  
#   3    1   TBfeo      Fe                  0.356962     +/-  7.44105E+07  
#   4    1   TBfeo      redshift            0.0          frozen
#   5    2   simpl      Gamma               2.86983      +/-  1.71275E+06  
#   6    2   simpl      FracSctr            0.144013     +/-  2.56268E+09  
#   7    2   simpl      UpScOnly            1.00000      frozen
#   8    3   diskbb     Tin        keV      0.148471     +/-  1.63361E+08  
#   9    3   diskbb     norm                3.07966E-02  +/-  9.21956E+08  
#________________________________________________________________________
#
#
!XSPEC12> log none
#