#XSPEC version: 12.11.0
#Build Date/Time: Thu Jul  2 16:22:45 2020
#
!XSPEC12> chatter 10
#
!XSPEC12> show data
#
#1 file 1 spectrum 
#Spectrum 1  Spectral Data File: /home/thaddaeus/FMU/Steiner/thaddaeus/1130360162/jspipe/js_ni1130360162_0mpu7_silver_GTI0.jsgrp
#Net count rate (cts/s) for Spectrum:1  -6.554e+00 +/- 4.318e-01 (-87.8 % total)
# Assigned to Data Group 1 and Plot Group 1
#  Noticed Channels:  62-117
#  Telescope: NICER Instrument: XTI  Channel Type: PI
#  Exposure Time: 40.99 sec
# Using fit statistic: pgstat
# Using Background File                /home/thaddaeus/FMU/Steiner/thaddaeus/1130360162/jspipe/js_ni1130360162_0mpu7_silver_GTI0.bg
#  Background Exposure Time: 40.99 sec
# Using Response (RMF) File            /home/thaddaeus/FMU/Steiner/thaddaeus/nicer_d49_55575341.rmf for Source 1
# Using Auxiliary Response (ARF) File  /home/thaddaeus/FMU/Steiner/thaddaeus/nicer_d49_55575341.arf
#
#
!XSPEC12> show fit
#
#Fit statistic  : PG-Statistic                 245.22     using 56 bins.
#
#Test statistic : Chi-Squared                  517.57     using 56 bins.
# Null hypothesis probability of 1.80e-79 with 49 degrees of freedom
#
!XSPEC12> show param
#
#Parameters defined:
#========================================================================
#Model TBfeo<1>*simpl<2>*diskbb<3> Source No.: 1   Active/On
#Model Model Component  Parameter  Unit     Value
# par  comp
#   1    1   TBfeo      nH         10^22    3.09725      +/-  2.75646E+08  
#   2    1   TBfeo      O                   8.11982E-02  +/-  4.10964E+08  
#   3    1   TBfeo      Fe                  0.496262     +/-  6.10841E+08  
#   4    1   TBfeo      redshift            0.0          frozen
#   5    2   simpl      Gamma               2.86512      +/-  1.71573E+07  
#   6    2   simpl      FracSctr            4.99028E-03  +/-  1.74212E+07  
#   7    2   simpl      UpScOnly            1.00000      frozen
#   8    3   diskbb     Tin        keV      0.148603     +/-  2.28503E+07  
#   9    3   diskbb     norm                5.88934E-02  +/-  1.02784E+09  
#________________________________________________________________________
#
#
!XSPEC12> log none
#