#XSPEC version: 12.11.0
#Build Date/Time: Thu Jul  2 16:22:45 2020
#
!XSPEC12> chatter 10
#
!XSPEC12> show data
#
#1 file 1 spectrum 
#Spectrum 1  Spectral Data File: /home/thaddaeus/FMU/Steiner/thaddaeus/1130360238/jspipe/js_ni1130360238_0mpu7_silver_GTI0.jsgrp
#Net count rate (cts/s) for Spectrum:1  3.977e-01 +/- 4.987e-02 (15.8 % total)
# Assigned to Data Group 1 and Plot Group 1
#  Noticed Channels:  83-252
#  Telescope: NICER Instrument: XTI  Channel Type: PI
#  Exposure Time: 1138 sec
# Using fit statistic: pgstat
# Using Background File                /home/thaddaeus/FMU/Steiner/thaddaeus/1130360238/jspipe/js_ni1130360238_0mpu7_silver_GTI0.bg
#  Background Exposure Time: 1138 sec
# Using Response (RMF) File            /home/thaddaeus/FMU/Steiner/thaddaeus/nicer_d49_55575341.rmf for Source 1
# Using Auxiliary Response (ARF) File  /home/thaddaeus/FMU/Steiner/thaddaeus/nicer_d49_55575341.arf
#
#
!XSPEC12> show fit
#
#Fit statistic  : PG-Statistic                 265.15     using 170 bins.
#
#Test statistic : Chi-Squared                  321.86     using 170 bins.
# Null hypothesis probability of 1.70e-12 with 163 degrees of freedom
#
!XSPEC12> show param
#
#Parameters defined:
#========================================================================
#Model TBfeo<1>*simpl<2>*diskbb<3> Source No.: 1   Active/On
#Model Model Component  Parameter  Unit     Value
# par  comp
#   1    1   TBfeo      nH         10^22    4.20025      +/-  38.3766      
#   2    1   TBfeo      O                   1.01848      +/-  127.983      
#   3    1   TBfeo      Fe                  1.44758      +/-  310.933      
#   4    1   TBfeo      redshift            0.0          frozen
#   5    2   simpl      Gamma               2.87114      +/-  3171.88      
#   6    2   simpl      FracSctr            4.98981E-03  +/-  11.1010      
#   7    2   simpl      UpScOnly            1.00000      frozen
#   8    3   diskbb     Tin        keV      0.993293     +/-  4.11731      
#   9    3   diskbb     norm                0.893446     +/-  14.9793      
#________________________________________________________________________
#
#
!XSPEC12> log none
#