#XSPEC version: 12.11.0
#Build Date/Time: Thu Jul  2 16:22:45 2020
#
!XSPEC12> chatter 10
#
!XSPEC12> show data
#
#1 file 1 spectrum 
#Spectrum 1  Spectral Data File: /home/thaddaeus/FMU/Steiner/thaddaeus/1130360231/jspipe/js_ni1130360231_0mpu7_silver_GTI0.jsgrp
#Net count rate (cts/s) for Spectrum:1  2.937e+01 +/- 1.615e-01 (99.1 % total)
# Assigned to Data Group 1 and Plot Group 1
#  Noticed Channels:  83-253
#  Telescope: NICER Instrument: XTI  Channel Type: PI
#  Exposure Time: 1137 sec
# Using fit statistic: pgstat
# Using Background File                /home/thaddaeus/FMU/Steiner/thaddaeus/1130360231/jspipe/js_ni1130360231_0mpu7_silver_GTI0.bg
#  Background Exposure Time: 1137 sec
# Using Response (RMF) File            /home/thaddaeus/FMU/Steiner/thaddaeus/nicer_d49_55575341.rmf for Source 1
# Using Auxiliary Response (ARF) File  /home/thaddaeus/FMU/Steiner/thaddaeus/nicer_d49_55575341.arf
#
#
!XSPEC12> show fit
#
#Fit statistic  : PG-Statistic                 198.14     using 171 bins.
#
#Test statistic : Chi-Squared                  217.18     using 171 bins.
# Null hypothesis probability of 3.43e-03 with 164 degrees of freedom
#
!XSPEC12> show param
#
#Parameters defined:
#========================================================================
#Model TBfeo<1>*simpl<2>*diskbb<3> Source No.: 1   Active/On
#Model Model Component  Parameter  Unit     Value
# par  comp
#   1    1   TBfeo      nH         10^22    3.67737      +/-  4.75875      
#   2    1   TBfeo      O                   0.503519     +/-  3.26039      
#   3    1   TBfeo      Fe                  1.30312      +/-  3.07921      
#   4    1   TBfeo      redshift            0.0          frozen
#   5    2   simpl      Gamma               1.90141      +/-  0.231217     
#   6    2   simpl      FracSctr            0.301560     +/-  0.458798     
#   7    2   simpl      UpScOnly            1.00000      frozen
#   8    3   diskbb     Tin        keV      0.430899     +/-  0.137835     
#   9    3   diskbb     norm                1135.28      +/-  3395.55      
#________________________________________________________________________
#
#
!XSPEC12> log none
#