#XSPEC version: 12.11.0
#Build Date/Time: Thu Jul  2 16:22:45 2020
#
!XSPEC12> chatter 10
#
!XSPEC12> show data
#
#1 file 1 spectrum 
#Spectrum 1  Spectral Data File: /home/thaddaeus/FMU/Steiner/thaddaeus/1130360210/jspipe/js_ni1130360210_0mpu7_silver_GTI0.jsgrp
#Net count rate (cts/s) for Spectrum:1  1.112e+01 +/- 3.028e-01 (94.2 % total)
# Assigned to Data Group 1 and Plot Group 1
#  Noticed Channels:  74-192
#  Telescope: NICER Instrument: XTI  Channel Type: PI
#  Exposure Time: 128.9 sec
# Using fit statistic: pgstat
# Using Background File                /home/thaddaeus/FMU/Steiner/thaddaeus/1130360210/jspipe/js_ni1130360210_0mpu7_silver_GTI0.bg
#  Background Exposure Time: 128.9 sec
# Using Response (RMF) File            /home/thaddaeus/FMU/Steiner/thaddaeus/nicer_d49_55575341.rmf for Source 1
# Using Auxiliary Response (ARF) File  /home/thaddaeus/FMU/Steiner/thaddaeus/nicer_d49_55575341.arf
#
#
!XSPEC12> show fit
#
#Fit statistic  : PG-Statistic                 120.62     using 119 bins.
#
#Test statistic : Chi-Squared                  125.44     using 119 bins.
# Null hypothesis probability of 1.82e-01 with 112 degrees of freedom
#
!XSPEC12> show param
#
#Parameters defined:
#========================================================================
#Model TBfeo<1>*simpl<2>*diskbb<3> Source No.: 1   Active/On
#Model Model Component  Parameter  Unit     Value
# par  comp
#   1    1   TBfeo      nH         10^22    3.09366      +/-  18.9253      
#   2    1   TBfeo      O                   4.89820E-02  +/-  10.8069      
#   3    1   TBfeo      Fe                  0.994304     +/-  15.8089      
#   4    1   TBfeo      redshift            0.0          frozen
#   5    2   simpl      Gamma               1.39377      +/-  5.28141      
#   6    2   simpl      FracSctr            0.552087     +/-  0.620452     
#   7    2   simpl      UpScOnly            1.00000      frozen
#   8    3   diskbb     Tin        keV      1.15948      +/-  3.15874      
#   9    3   diskbb     norm                4.92921      +/-  34.6680      
#________________________________________________________________________
#
#
!XSPEC12> log none
#