#XSPEC version: 12.11.0
#Build Date/Time: Thu Jul  2 16:22:45 2020
#
!XSPEC12> chatter 10
#
!XSPEC12> show data
#
#1 file 1 spectrum 
#Spectrum 1  Spectral Data File: /home/thaddaeus/FMU/Steiner/thaddaeus/1130360282/jspipe/js_ni1130360282_0mpu7_silver_GTI0.jsgrp
#Net count rate (cts/s) for Spectrum:1  1.787e+00 +/- 1.755e-01 (88.0 % total)
# Assigned to Data Group 1 and Plot Group 1
#  Noticed Channels:  32-57
#  Telescope: NICER Instrument: XTI  Channel Type: PI
#  Exposure Time: 65.98 sec
# Using fit statistic: pgstat
# Using Background File                /home/thaddaeus/FMU/Steiner/thaddaeus/1130360282/jspipe/js_ni1130360282_0mpu7_silver_GTI0.bg
#  Background Exposure Time: 65.98 sec
# Using Response (RMF) File            /home/thaddaeus/FMU/Steiner/thaddaeus/nicer_d49_55575341.rmf for Source 1
# Using Auxiliary Response (ARF) File  /home/thaddaeus/FMU/Steiner/thaddaeus/nicer_d49_55575341.arf
#
#
!XSPEC12> show fit
#
#Fit statistic  : PG-Statistic                  17.12     using 26 bins.
#
#Test statistic : Chi-Squared                   18.92     using 26 bins.
# Null hypothesis probability of 4.62e-01 with 19 degrees of freedom
#
!XSPEC12> show param
#
#Parameters defined:
#========================================================================
#Model TBfeo<1>*simpl<2>*diskbb<3> Source No.: 1   Active/On
#Model Model Component  Parameter  Unit     Value
# par  comp
#   1    1   TBfeo      nH         10^22    3.79629      +/-  102.406      
#   2    1   TBfeo      O                   0.281774     +/-  60.2551      
#   3    1   TBfeo      Fe                  1.41152      +/-  96.8185      
#   4    1   TBfeo      redshift            0.0          frozen
#   5    2   simpl      Gamma               1.83480      +/-  14.1040      
#   6    2   simpl      FracSctr            0.990026     +/-  525.176      
#   7    2   simpl      UpScOnly            1.00000      frozen
#   8    3   diskbb     Tin        keV      0.726680     +/-  485.924      
#   9    3   diskbb     norm                3.32894      +/-  6889.44      
#________________________________________________________________________
#
#
!XSPEC12> log none
#