#XSPEC version: 12.11.0
#Build Date/Time: Thu Jul  2 16:22:45 2020
#
!XSPEC12> chatter 10
#
!XSPEC12> show data
#
#1 file 1 spectrum 
#Spectrum 1  Spectral Data File: /home/thaddaeus/FMU/Steiner/thaddaeus/1130360187/jspipe/js_ni1130360187_0mpu7_silver_GTI0.jsgrp
#Net count rate (cts/s) for Spectrum:1  2.280e+01 +/- 1.402e-01 (97.6 % total)
# Assigned to Data Group 1 and Plot Group 1
#  Noticed Channels:  83-254
#  Telescope: NICER Instrument: XTI  Channel Type: PI
#  Exposure Time: 1192 sec
# Using fit statistic: pgstat
# Using Background File                /home/thaddaeus/FMU/Steiner/thaddaeus/1130360187/jspipe/js_ni1130360187_0mpu7_silver_GTI0.bg
#  Background Exposure Time: 1192 sec
# Using Response (RMF) File            /home/thaddaeus/FMU/Steiner/thaddaeus/nicer_d49_55575341.rmf for Source 1
# Using Auxiliary Response (ARF) File  /home/thaddaeus/FMU/Steiner/thaddaeus/nicer_d49_55575341.arf
#
#
!XSPEC12> show fit
#
#Fit statistic  : PG-Statistic                 156.75     using 172 bins.
#
#Test statistic : Chi-Squared                  172.16     using 172 bins.
# Null hypothesis probability of 3.35e-01 with 165 degrees of freedom
#
!XSPEC12> show param
#
#Parameters defined:
#========================================================================
#Model TBfeo<1>*simpl<2>*diskbb<3> Source No.: 1   Active/On
#Model Model Component  Parameter  Unit     Value
# par  comp
#   1    1   TBfeo      nH         10^22    3.62887      +/-  5.21237      
#   2    1   TBfeo      O                   0.576041     +/-  3.43078      
#   3    1   TBfeo      Fe                  1.30064      +/-  3.48613      
#   4    1   TBfeo      redshift            0.0          frozen
#   5    2   simpl      Gamma               1.85655      +/-  0.255889     
#   6    2   simpl      FracSctr            0.224131     +/-  0.326840     
#   7    2   simpl      UpScOnly            1.00000      frozen
#   8    3   diskbb     Tin        keV      0.423884     +/-  0.122567     
#   9    3   diskbb     norm                1182.75      +/-  3359.46      
#________________________________________________________________________
#
#
!XSPEC12> log none
#