#XSPEC version: 12.11.0
#Build Date/Time: Thu Jul  2 16:22:45 2020
#
!XSPEC12> chatter 10
#
!XSPEC12> show data
#
#1 file 1 spectrum 
#Spectrum 1  Spectral Data File: /home/thaddaeus/FMU/Steiner/thaddaeus/1130360228/jspipe/js_ni1130360228_0mpu7_silver_GTI0.jsgrp
#Net count rate (cts/s) for Spectrum:1  2.082e+01 +/- 1.854e-01 (64.6 % total)
# Assigned to Data Group 1 and Plot Group 1
#  Noticed Channels:  83-254
#  Telescope: NICER Instrument: XTI  Channel Type: PI
#  Exposure Time: 1023 sec
# Using fit statistic: pgstat
# Using Background File                /home/thaddaeus/FMU/Steiner/thaddaeus/1130360228/jspipe/js_ni1130360228_0mpu7_silver_GTI0.bg
#  Background Exposure Time: 1023 sec
# Using Response (RMF) File            /home/thaddaeus/FMU/Steiner/thaddaeus/nicer_d49_55575341.rmf for Source 1
# Using Auxiliary Response (ARF) File  /home/thaddaeus/FMU/Steiner/thaddaeus/nicer_d49_55575341.arf
#
#
!XSPEC12> show fit
#
#Fit statistic  : PG-Statistic                 339.58     using 172 bins.
#
#Test statistic : Chi-Squared                  307.23     using 172 bins.
# Null hypothesis probability of 1.21e-10 with 165 degrees of freedom
#
!XSPEC12> show param
#
#Parameters defined:
#========================================================================
#Model TBfeo<1>*simpl<2>*diskbb<3> Source No.: 1   Active/On
#Model Model Component  Parameter  Unit     Value
# par  comp
#   1    1   TBfeo      nH         10^22    3.09949      +/-  5.03705      
#   2    1   TBfeo      O                   4.89820E-02  +/-  5.27620      
#   3    1   TBfeo      Fe                  1.21995      +/-  11.3832      
#   4    1   TBfeo      redshift            0.0          frozen
#   5    2   simpl      Gamma               2.87114      +/-  5.03951      
#   6    2   simpl      FracSctr            0.600444     +/-  3.82432      
#   7    2   simpl      UpScOnly            1.00000      frozen
#   8    3   diskbb     Tin        keV      0.988687     +/-  1.83578      
#   9    3   diskbb     norm                16.6877      +/-  103.331      
#________________________________________________________________________
#
#
!XSPEC12> log none
#