#XSPEC version: 12.11.0
#Build Date/Time: Thu Jul  2 16:22:45 2020
#
!XSPEC12> chatter 10
#
!XSPEC12> show data
#
#1 file 1 spectrum 
#Spectrum 1  Spectral Data File: /home/thaddaeus/FMU/Steiner/thaddaeus/1130360215/jspipe/js_ni1130360215_0mpu7_silver_GTI0.jsgrp
#Net count rate (cts/s) for Spectrum:1  1.715e+00 +/- 8.522e-02 (74.7 % total)
# Assigned to Data Group 1 and Plot Group 1
#  Noticed Channels:  80-181
#  Telescope: NICER Instrument: XTI  Channel Type: PI
#  Exposure Time: 318.9 sec
# Using fit statistic: pgstat
# Using Background File                /home/thaddaeus/FMU/Steiner/thaddaeus/1130360215/jspipe/js_ni1130360215_0mpu7_silver_GTI0.bg
#  Background Exposure Time: 318.9 sec
# Using Response (RMF) File            /home/thaddaeus/FMU/Steiner/thaddaeus/nicer_d49_55575341.rmf for Source 1
# Using Auxiliary Response (ARF) File  /home/thaddaeus/FMU/Steiner/thaddaeus/nicer_d49_55575341.arf
#
#
!XSPEC12> show fit
#
#Fit statistic  : PG-Statistic                  99.71     using 102 bins.
#
#Test statistic : Chi-Squared                  107.50     using 102 bins.
# Null hypothesis probability of 1.79e-01 with 95 degrees of freedom
#
!XSPEC12> show param
#
#Parameters defined:
#========================================================================
#Model TBfeo<1>*simpl<2>*diskbb<3> Source No.: 1   Active/On
#Model Model Component  Parameter  Unit     Value
# par  comp
#   1    1   TBfeo      nH         10^22    3.65888      +/-  39.7854      
#   2    1   TBfeo      O                   0.844714     +/-  24.3713      
#   3    1   TBfeo      Fe                  0.818824     +/-  25.6445      
#   4    1   TBfeo      redshift            0.0          frozen
#   5    2   simpl      Gamma               1.39365      +/-  5.49907      
#   6    2   simpl      FracSctr            0.709352     +/-  1.65474      
#   7    2   simpl      UpScOnly            1.00000      frozen
#   8    3   diskbb     Tin        keV      0.927417     +/-  7.40064      
#   9    3   diskbb     norm                1.75084      +/-  43.9196      
#________________________________________________________________________
#
#
!XSPEC12> log none
#