#XSPEC version: 12.11.0
#Build Date/Time: Thu Jul  2 16:22:45 2020
#
!XSPEC12> chatter 10
#
!XSPEC12> show data
#
#1 file 1 spectrum 
#Spectrum 1  Spectral Data File: /home/thaddaeus/FMU/Steiner/thaddaeus/1130360173/jspipe/js_ni1130360173_0mpu7_silver_GTI0.jsgrp
#Net count rate (cts/s) for Spectrum:1  2.180e-01 +/- 9.066e-02 (26.5 % total)
# Assigned to Data Group 1 and Plot Group 1
#  Noticed Channels:  44-59
#  Telescope: NICER Instrument: XTI  Channel Type: PI
#  Exposure Time: 100.9 sec
# Using fit statistic: pgstat
# Using Background File                /home/thaddaeus/FMU/Steiner/thaddaeus/1130360173/jspipe/js_ni1130360173_0mpu7_silver_GTI0.bg
#  Background Exposure Time: 100.9 sec
# Using Response (RMF) File            /home/thaddaeus/FMU/Steiner/thaddaeus/nicer_d49_55575341.rmf for Source 1
# Using Auxiliary Response (ARF) File  /home/thaddaeus/FMU/Steiner/thaddaeus/nicer_d49_55575341.arf
#
#
!XSPEC12> show fit
#
#Fit statistic  : PG-Statistic                  15.46     using 16 bins.
#
#Test statistic : Chi-Squared                   15.16     using 16 bins.
# Null hypothesis probability of 8.66e-02 with 9 degrees of freedom
#
!XSPEC12> show param
#
#Parameters defined:
#========================================================================
#Model TBfeo<1>*simpl<2>*diskbb<3> Source No.: 1   Active/On
#Model Model Component  Parameter  Unit     Value
# par  comp
#   1    1   TBfeo      nH         10^22    4.06954      +/-  388.011      
#   2    1   TBfeo      O                   0.796849     +/-  329.665      
#   3    1   TBfeo      Fe                  1.34003      +/-  674.452      
#   4    1   TBfeo      redshift            0.0          frozen
#   5    2   simpl      Gamma               2.81855      +/-  95.3682      
#   6    2   simpl      FracSctr            0.887553     +/-  591.333      
#   7    2   simpl      UpScOnly            1.00000      frozen
#   8    3   diskbb     Tin        keV      0.691619     +/-  272.205      
#   9    3   diskbb     norm                0.645746     +/-  833.058      
#________________________________________________________________________
#
#
!XSPEC12> log none
#