#XSPEC version: 12.11.0
#Build Date/Time: Thu Jul  2 16:22:45 2020
#
!XSPEC12> chatter 10
#
!XSPEC12> show data
#
#1 file 1 spectrum 
#Spectrum 1  Spectral Data File: /home/thaddaeus/FMU/Steiner/thaddaeus/1130360197/jspipe/js_ni1130360197_0mpu7_silver_GTI0.jsgrp
#Net count rate (cts/s) for Spectrum:1  1.304e+00 +/- 6.615e-02 (84.7 % total)
# Assigned to Data Group 1 and Plot Group 1
#  Noticed Channels:  69-152
#  Telescope: NICER Instrument: XTI  Channel Type: PI
#  Exposure Time: 353.9 sec
# Using fit statistic: pgstat
# Using Background File                /home/thaddaeus/FMU/Steiner/thaddaeus/1130360197/jspipe/js_ni1130360197_0mpu7_silver_GTI0.bg
#  Background Exposure Time: 353.9 sec
# Using Response (RMF) File            /home/thaddaeus/FMU/Steiner/thaddaeus/nicer_d49_55575341.rmf for Source 1
# Using Auxiliary Response (ARF) File  /home/thaddaeus/FMU/Steiner/thaddaeus/nicer_d49_55575341.arf
#
#
!XSPEC12> show fit
#
#Fit statistic  : PG-Statistic                  56.00     using 84 bins.
#
#Test statistic : Chi-Squared                   59.12     using 84 bins.
# Null hypothesis probability of 9.35e-01 with 77 degrees of freedom
#
!XSPEC12> show param
#
#Parameters defined:
#========================================================================
#Model TBfeo<1>*simpl<2>*diskbb<3> Source No.: 1   Active/On
#Model Model Component  Parameter  Unit     Value
# par  comp
#   1    1   TBfeo      nH         10^22    3.21346      +/-  37.8609      
#   2    1   TBfeo      O                   0.391077     +/-  22.5309      
#   3    1   TBfeo      Fe                  0.307676     +/-  27.4009      
#   4    1   TBfeo      redshift            0.0          frozen
#   5    2   simpl      Gamma               1.39365      +/-  3.64482      
#   6    2   simpl      FracSctr            0.579427     +/-  2.04045      
#   7    2   simpl      UpScOnly            1.00000      frozen
#   8    3   diskbb     Tin        keV      0.742237     +/-  3.93557      
#   9    3   diskbb     norm                3.06503      +/-  63.9167      
#________________________________________________________________________
#
#
!XSPEC12> log none
#