#XSPEC version: 12.11.0
#Build Date/Time: Thu Jul  2 16:22:45 2020
#
!XSPEC12> chatter 10
#
!XSPEC12> show data
#
#1 file 1 spectrum 
#Spectrum 1  Spectral Data File: /home/thaddaeus/FMU/Steiner/thaddaeus/1130360103/jspipe/js_ni1130360103_0mpu7_silver_GTI0.jsgrp
#Net count rate (cts/s) for Spectrum:1  8.191e+03 +/- 2.590e+00 (100.0 % total)
# Assigned to Data Group 1 and Plot Group 1
#  Noticed Channels:  83-254
#  Telescope: NICER Instrument: XTI  Channel Type: PI
#  Exposure Time: 1221 sec
# Using fit statistic: pgstat
# Using Background File                /home/thaddaeus/FMU/Steiner/thaddaeus/1130360103/jspipe/js_ni1130360103_0mpu7_silver_GTI0.bg
#  Background Exposure Time: 1221 sec
# Using Response (RMF) File            /home/thaddaeus/FMU/Steiner/thaddaeus/nicer_d49_55575341.rmf for Source 1
# Using Auxiliary Response (ARF) File  /home/thaddaeus/FMU/Steiner/thaddaeus/nicer_d49_55575341.arf
#
#
!XSPEC12> show fit
#
#Fit statistic  : PG-Statistic                 588.79     using 172 bins.
#
#Test statistic : Chi-Squared                  589.80     using 172 bins.
# Null hypothesis probability of 4.22e-49 with 165 degrees of freedom
#
!XSPEC12> show param
#
#Parameters defined:
#========================================================================
#Model TBfeo<1>*simpl<2>*diskbb<3> Source No.: 1   Active/On
#Model Model Component  Parameter  Unit     Value
# par  comp
#   1    1   TBfeo      nH         10^22    3.20323      +/-  0.203419     
#   2    1   TBfeo      O                   1.02512      +/-  0.182990     
#   3    1   TBfeo      Fe                  1.35093      +/-  0.205330     
#   4    1   TBfeo      redshift            0.0          frozen
#   5    2   simpl      Gamma               2.64981      +/-  0.194439     
#   6    2   simpl      FracSctr            0.229503     +/-  3.79082E-02  
#   7    2   simpl      UpScOnly            1.00000      frozen
#   8    3   diskbb     Tin        keV      1.15930      +/-  2.14488E-02  
#   9    3   diskbb     norm                4319.16      +/-  294.889      
#________________________________________________________________________
#
#
!XSPEC12> log none
#