#XSPEC version: 12.11.0
#Build Date/Time: Thu Jul  2 16:22:45 2020
#
!XSPEC12> chatter 10
#
!XSPEC12> show data
#
#1 file 1 spectrum 
#Spectrum 1  Spectral Data File: /home/thaddaeus/FMU/Steiner/thaddaeus/1130360168/jspipe/js_ni1130360168_0mpu7_silver_GTI0.jsgrp
#Net count rate (cts/s) for Spectrum:1  4.417e-01 +/- 3.697e-02 (54.2 % total)
# Assigned to Data Group 1 and Plot Group 1
#  Noticed Channels:  82-166
#  Telescope: NICER Instrument: XTI  Channel Type: PI
#  Exposure Time: 613.8 sec
# Using fit statistic: pgstat
# Using Background File                /home/thaddaeus/FMU/Steiner/thaddaeus/1130360168/jspipe/js_ni1130360168_0mpu7_silver_GTI0.bg
#  Background Exposure Time: 613.8 sec
# Using Response (RMF) File            /home/thaddaeus/FMU/Steiner/thaddaeus/nicer_d49_55575341.rmf for Source 1
# Using Auxiliary Response (ARF) File  /home/thaddaeus/FMU/Steiner/thaddaeus/nicer_d49_55575341.arf
#
#
!XSPEC12> show fit
#
#Fit statistic  : PG-Statistic                  70.83     using 85 bins.
#
#Test statistic : Chi-Squared                   67.05     using 85 bins.
# Null hypothesis probability of 8.07e-01 with 78 degrees of freedom
#
!XSPEC12> show param
#
#Parameters defined:
#========================================================================
#Model TBfeo<1>*simpl<2>*diskbb<3> Source No.: 1   Active/On
#Model Model Component  Parameter  Unit     Value
# par  comp
#   1    1   TBfeo      nH         10^22    3.78586      +/-  68.1492      
#   2    1   TBfeo      O                   0.625678     +/-  47.3877      
#   3    1   TBfeo      Fe                  1.24547      +/-  52.4533      
#   4    1   TBfeo      redshift            0.0          frozen
#   5    2   simpl      Gamma               1.39365      +/-  3.93961      
#   6    2   simpl      FracSctr            0.316848     +/-  7.21139      
#   7    2   simpl      UpScOnly            1.00000      frozen
#   8    3   diskbb     Tin        keV      0.464837     +/-  2.37161      
#   9    3   diskbb     norm                10.8595      +/-  439.644      
#________________________________________________________________________
#
#
!XSPEC12> log none
#