#XSPEC version: 12.11.0
#Build Date/Time: Thu Jul  2 16:22:45 2020
#
!XSPEC12> chatter 10
#
!XSPEC12> show data
#
#1 file 1 spectrum 
#Spectrum 1  Spectral Data File: /home/thaddaeus/FMU/Steiner/thaddaeus/1130360192/jspipe/js_ni1130360192_0mpu7_silver_GTI0.jsgrp
#Net count rate (cts/s) for Spectrum:1  2.149e+00 +/- 4.560e-02 (78.9 % total)
# Assigned to Data Group 1 and Plot Group 1
#  Noticed Channels:  83-245
#  Telescope: NICER Instrument: XTI  Channel Type: PI
#  Exposure Time: 1350 sec
# Using fit statistic: pgstat
# Using Background File                /home/thaddaeus/FMU/Steiner/thaddaeus/1130360192/jspipe/js_ni1130360192_0mpu7_silver_GTI0.bg
#  Background Exposure Time: 1350 sec
# Using Response (RMF) File            /home/thaddaeus/FMU/Steiner/thaddaeus/nicer_d49_55575341.rmf for Source 1
# Using Auxiliary Response (ARF) File  /home/thaddaeus/FMU/Steiner/thaddaeus/nicer_d49_55575341.arf
#
#
!XSPEC12> show fit
#
#Fit statistic  : PG-Statistic                 144.72     using 163 bins.
#
#Test statistic : Chi-Squared                  147.25     using 163 bins.
# Null hypothesis probability of 6.80e-01 with 156 degrees of freedom
#
!XSPEC12> show param
#
#Parameters defined:
#========================================================================
#Model TBfeo<1>*simpl<2>*diskbb<3> Source No.: 1   Active/On
#Model Model Component  Parameter  Unit     Value
# par  comp
#   1    1   TBfeo      nH         10^22    4.20113      +/-  17.7903      
#   2    1   TBfeo      O                   0.201214     +/-  10.7364      
#   3    1   TBfeo      Fe                  1.34061      +/-  12.0623      
#   4    1   TBfeo      redshift            0.0          frozen
#   5    2   simpl      Gamma               1.88396      +/-  1.40052      
#   6    2   simpl      FracSctr            0.794683     +/-  2.01933      
#   7    2   simpl      UpScOnly            1.00000      frozen
#   8    3   diskbb     Tin        keV      0.598969     +/-  5.19753      
#   9    3   diskbb     norm                9.74874      +/-  334.999      
#________________________________________________________________________
#
#
!XSPEC12> log none
#