#XSPEC version: 12.11.0
#Build Date/Time: Thu Jul  2 16:22:45 2020
#
!XSPEC12> chatter 10
#
!XSPEC12> show data
#
#1 file 1 spectrum 
#Spectrum 1  Spectral Data File: /home/thaddaeus/FMU/Steiner/thaddaeus/1130360262/jspipe/js_ni1130360262_0mpu7_silver_GTI0.jsgrp
#Net count rate (cts/s) for Spectrum:1  6.668e-01 +/- 4.252e-02 (75.1 % total)
# Assigned to Data Group 1 and Plot Group 1
#  Noticed Channels:  64-136
#  Telescope: NICER Instrument: XTI  Channel Type: PI
#  Exposure Time: 497.6 sec
# Using fit statistic: pgstat
# Using Background File                /home/thaddaeus/FMU/Steiner/thaddaeus/1130360262/jspipe/js_ni1130360262_0mpu7_silver_GTI0.bg
#  Background Exposure Time: 497.6 sec
# Using Response (RMF) File            /home/thaddaeus/FMU/Steiner/thaddaeus/nicer_d49_55575341.rmf for Source 1
# Using Auxiliary Response (ARF) File  /home/thaddaeus/FMU/Steiner/thaddaeus/nicer_d49_55575341.arf
#
#
!XSPEC12> show fit
#
#Fit statistic  : PG-Statistic                  66.32     using 73 bins.
#
#Test statistic : Chi-Squared                   65.83     using 73 bins.
# Null hypothesis probability of 4.83e-01 with 66 degrees of freedom
#
!XSPEC12> show param
#
#Parameters defined:
#========================================================================
#Model TBfeo<1>*simpl<2>*diskbb<3> Source No.: 1   Active/On
#Model Model Component  Parameter  Unit     Value
# par  comp
#   1    1   TBfeo      nH         10^22    3.55831      +/-  48.0942      
#   2    1   TBfeo      O                   0.682604     +/-  31.2705      
#   3    1   TBfeo      Fe                  1.44727      +/-  47.3382      
#   4    1   TBfeo      redshift            0.0          frozen
#   5    2   simpl      Gamma               2.04579      +/-  9.89430      
#   6    2   simpl      FracSctr            0.990052     +/-  692.683      
#   7    2   simpl      UpScOnly            1.00000      frozen
#   8    3   diskbb     Tin        keV      0.882410     +/-  565.475      
#   9    3   diskbb     norm                0.620995     +/-  1208.05      
#________________________________________________________________________
#
#
!XSPEC12> log none
#