#XSPEC version: 12.11.0
#Build Date/Time: Thu Jul  2 16:22:45 2020
#
!XSPEC12> chatter 10
#
!XSPEC12> show data
#
#1 file 1 spectrum 
#Spectrum 1  Spectral Data File: /home/thaddaeus/FMU/Steiner/thaddaeus/1130360149/jspipe/js_ni1130360149_0mpu7_silver_GTI0.jsgrp
#Net count rate (cts/s) for Spectrum:1  1.287e+02 +/- 9.379e-01 (95.2 % total)
# Assigned to Data Group 1 and Plot Group 1
#  Noticed Channels:  83-226
#  Telescope: NICER Instrument: XTI  Channel Type: PI
#  Exposure Time: 153.8 sec
# Using fit statistic: pgstat
# Using Background File                /home/thaddaeus/FMU/Steiner/thaddaeus/1130360149/jspipe/js_ni1130360149_0mpu7_silver_GTI0.bg
#  Background Exposure Time: 153.8 sec
# Using Response (RMF) File            /home/thaddaeus/FMU/Steiner/thaddaeus/nicer_d49_55575341.rmf for Source 1
# Using Auxiliary Response (ARF) File  /home/thaddaeus/FMU/Steiner/thaddaeus/nicer_d49_55575341.arf
#
#
!XSPEC12> show fit
#
#Fit statistic  : PG-Statistic                 214.40     using 144 bins.
#
#Test statistic : Chi-Squared                  313.54     using 144 bins.
# Null hypothesis probability of 7.25e-16 with 137 degrees of freedom
#
!XSPEC12> show param
#
#Parameters defined:
#========================================================================
#Model TBfeo<1>*simpl<2>*diskbb<3> Source No.: 1   Active/On
#Model Model Component  Parameter  Unit     Value
# par  comp
#   1    1   TBfeo      nH         10^22    3.68833      +/-  4.28242      
#   2    1   TBfeo      O                   0.593260     +/-  31.7475      
#   3    1   TBfeo      Fe                  1.00128      +/-  76.9614      
#   4    1   TBfeo      redshift            0.0          frozen
#   5    2   simpl      Gamma               2.87114      +/-  11.9331      
#   6    2   simpl      FracSctr            4.98981E-03  +/-  5.81384E-02  
#   7    2   simpl      UpScOnly            1.00000      frozen
#   8    3   diskbb     Tin        keV      0.553012     +/-  7.77522E-02  
#   9    3   diskbb     norm                4622.94      +/-  6186.64      
#________________________________________________________________________
#
#
!XSPEC12> log none
#