#XSPEC version: 12.11.0
#Build Date/Time: Thu Jul  2 16:22:45 2020
#
!XSPEC12> chatter 10
#
!XSPEC12> show data
#
#1 file 1 spectrum 
#Spectrum 1  Spectral Data File: /home/thaddaeus/FMU/Steiner/thaddaeus/1130360222/jspipe/js_ni1130360222_0mpu7_silver_GTI0.jsgrp
#Net count rate (cts/s) for Spectrum:1  1.494e+00 +/- 4.690e-02 (80.4 % total)
# Assigned to Data Group 1 and Plot Group 1
#  Noticed Channels:  79-216
#  Telescope: NICER Instrument: XTI  Channel Type: PI
#  Exposure Time: 859.7 sec
# Using fit statistic: pgstat
# Using Background File                /home/thaddaeus/FMU/Steiner/thaddaeus/1130360222/jspipe/js_ni1130360222_0mpu7_silver_GTI0.bg
#  Background Exposure Time: 859.7 sec
# Using Response (RMF) File            /home/thaddaeus/FMU/Steiner/thaddaeus/nicer_d49_55575341.rmf for Source 1
# Using Auxiliary Response (ARF) File  /home/thaddaeus/FMU/Steiner/thaddaeus/nicer_d49_55575341.arf
#
#
!XSPEC12> show fit
#
#Fit statistic  : PG-Statistic                 136.77     using 138 bins.
#
#Test statistic : Chi-Squared                  135.05     using 138 bins.
# Null hypothesis probability of 3.86e-01 with 131 degrees of freedom
#
!XSPEC12> show param
#
#Parameters defined:
#========================================================================
#Model TBfeo<1>*simpl<2>*diskbb<3> Source No.: 1   Active/On
#Model Model Component  Parameter  Unit     Value
# par  comp
#   1    1   TBfeo      nH         10^22    3.52473      +/-  25.0783      
#   2    1   TBfeo      O                   4.89820E-02  +/-  11.7750      
#   3    1   TBfeo      Fe                  0.307675     +/-  12.9573      
#   4    1   TBfeo      redshift            0.0          frozen
#   5    2   simpl      Gamma               1.39365      +/-  2.10877      
#   6    2   simpl      FracSctr            0.776886     +/-  1.26944      
#   7    2   simpl      UpScOnly            1.00000      frozen
#   8    3   diskbb     Tin        keV      0.772895     +/-  5.33535      
#   9    3   diskbb     norm                2.52444      +/-  60.9939      
#________________________________________________________________________
#
#
!XSPEC12> log none
#