#XSPEC version: 12.11.0
#Build Date/Time: Thu Jul  2 16:22:45 2020
#
!XSPEC12> chatter 10
#
!XSPEC12> show data
#
#1 file 1 spectrum 
#Spectrum 1  Spectral Data File: /home/thaddaeus/FMU/Steiner/thaddaeus/1130360158/jspipe/js_ni1130360158_0mpu7_silver_GTI0.jsgrp
#Net count rate (cts/s) for Spectrum:1  1.412e+01 +/- 3.546e-01 (95.3 % total)
# Assigned to Data Group 1 and Plot Group 1
#  Noticed Channels:  79-157
#  Telescope: NICER Instrument: XTI  Channel Type: PI
#  Exposure Time: 118 sec
# Using fit statistic: pgstat
# Using Background File                /home/thaddaeus/FMU/Steiner/thaddaeus/1130360158/jspipe/js_ni1130360158_0mpu7_silver_GTI0.bg
#  Background Exposure Time: 118 sec
# Using Response (RMF) File            /home/thaddaeus/FMU/Steiner/thaddaeus/nicer_d49_55575341.rmf for Source 1
# Using Auxiliary Response (ARF) File  /home/thaddaeus/FMU/Steiner/thaddaeus/nicer_d49_55575341.arf
#
#
!XSPEC12> show fit
#
#Fit statistic  : PG-Statistic                  98.47     using 79 bins.
#
#Test statistic : Chi-Squared                  109.97     using 79 bins.
# Null hypothesis probability of 2.66e-03 with 72 degrees of freedom
#
!XSPEC12> show param
#
#Parameters defined:
#========================================================================
#Model TBfeo<1>*simpl<2>*diskbb<3> Source No.: 1   Active/On
#Model Model Component  Parameter  Unit     Value
# par  comp
#   1    1   TBfeo      nH         10^22    3.67779      +/-  14.2516      
#   2    1   TBfeo      O                   0.563695     +/-  12.2882      
#   3    1   TBfeo      Fe                  0.905604     +/-  26.1991      
#   4    1   TBfeo      redshift            0.0          frozen
#   5    2   simpl      Gamma               1.39365      +/-  1.62446      
#   6    2   simpl      FracSctr            5.49403E-03  +/-  1.07293E-02  
#   7    2   simpl      UpScOnly            1.00000      frozen
#   8    3   diskbb     Tin        keV      0.376620     +/-  0.106098     
#   9    3   diskbb     norm                7612.40      +/-  2.34194E+04  
#________________________________________________________________________
#
#
!XSPEC12> log none
#