#XSPEC version: 12.11.0
#Build Date/Time: Thu Jul  2 16:22:45 2020
#
!XSPEC12> chatter 10
#
!XSPEC12> show data
#
#1 file 1 spectrum 
#Spectrum 1  Spectral Data File: /home/thaddaeus/FMU/Steiner/thaddaeus/1130360165/jspipe/js_ni1130360165_0mpu7_silver_GTI0.jsgrp
#Net count rate (cts/s) for Spectrum:1  3.160e-01 +/- 6.900e-02 (24.8 % total)
# Assigned to Data Group 1 and Plot Group 1
#  Noticed Channels:  73-130
#  Telescope: NICER Instrument: XTI  Channel Type: PI
#  Exposure Time: 273.9 sec
# Using fit statistic: pgstat
# Using Background File                /home/thaddaeus/FMU/Steiner/thaddaeus/1130360165/jspipe/js_ni1130360165_0mpu7_silver_GTI0.bg
#  Background Exposure Time: 273.9 sec
# Using Response (RMF) File            /home/thaddaeus/FMU/Steiner/thaddaeus/nicer_d49_55575341.rmf for Source 1
# Using Auxiliary Response (ARF) File  /home/thaddaeus/FMU/Steiner/thaddaeus/nicer_d49_55575341.arf
#
#
!XSPEC12> show fit
#
#Fit statistic  : PG-Statistic                  53.71     using 58 bins.
#
#Test statistic : Chi-Squared                   62.55     using 58 bins.
# Null hypothesis probability of 1.29e-01 with 51 degrees of freedom
#
!XSPEC12> show param
#
#Parameters defined:
#========================================================================
#Model TBfeo<1>*simpl<2>*diskbb<3> Source No.: 1   Active/On
#Model Model Component  Parameter  Unit     Value
# par  comp
#   1    1   TBfeo      nH         10^22    3.09506      +/-  79.7448      
#   2    1   TBfeo      O                   4.90959E-02  +/-  794.003      
#   3    1   TBfeo      Fe                  0.308191     +/-  1886.98      
#   4    1   TBfeo      redshift            0.0          frozen
#   5    2   simpl      Gamma               2.87114      +/-  45.1003      
#   6    2   simpl      FracSctr            4.98981E-03  +/-  0.213022     
#   7    2   simpl      UpScOnly            1.00000      frozen
#   8    3   diskbb     Tin        keV      0.323749     +/-  1.10807      
#   9    3   diskbb     norm                771.768      +/-  3.43343E+04  
#________________________________________________________________________
#
#
!XSPEC12> log none
#