#XSPEC version: 12.11.0
#Build Date/Time: Thu Jul  2 16:22:45 2020
#
!XSPEC12> chatter 10
#
!XSPEC12> show data
#
#1 file 1 spectrum 
#Spectrum 1  Spectral Data File: /home/thaddaeus/FMU/Steiner/thaddaeus/1130360133/jspipe/js_ni1130360133_0mpu7_silver_GTI0.jsgrp
#Net count rate (cts/s) for Spectrum:1  9.755e+02 +/- 1.717e+00 (100.0 % total)
# Assigned to Data Group 1 and Plot Group 1
#  Noticed Channels:  83-232
#  Telescope: NICER Instrument: XTI  Channel Type: PI
#  Exposure Time: 331 sec
# Using fit statistic: pgstat
# Using Background File                /home/thaddaeus/FMU/Steiner/thaddaeus/1130360133/jspipe/js_ni1130360133_0mpu7_silver_GTI0.bg
#  Background Exposure Time: 331 sec
# Using Response (RMF) File            /home/thaddaeus/FMU/Steiner/thaddaeus/nicer_d49_55575341.rmf for Source 1
# Using Auxiliary Response (ARF) File  /home/thaddaeus/FMU/Steiner/thaddaeus/nicer_d49_55575341.arf
#
#
!XSPEC12> show fit
#
#Fit statistic  : PG-Statistic                 186.50     using 150 bins.
#
#Test statistic : Chi-Squared                  234.97     using 150 bins.
# Null hypothesis probability of 1.96e-06 with 143 degrees of freedom
#
!XSPEC12> show param
#
#Parameters defined:
#========================================================================
#Model TBfeo<1>*simpl<2>*diskbb<3> Source No.: 1   Active/On
#Model Model Component  Parameter  Unit     Value
# par  comp
#   1    1   TBfeo      nH         10^22    3.51220      +/-  0.930666     
#   2    1   TBfeo      O                   0.815044     +/-  1.43455      
#   3    1   TBfeo      Fe                  1.31614      +/-  3.04413      
#   4    1   TBfeo      redshift            0.0          frozen
#   5    2   simpl      Gamma               2.87114      +/-  5.00430      
#   6    2   simpl      FracSctr            4.98981E-03  +/-  2.40331E-02  
#   7    2   simpl      UpScOnly            1.00000      frozen
#   8    3   diskbb     Tin        keV      0.780855     +/-  2.08018E-02  
#   9    3   diskbb     norm                4310.87      +/-  674.944      
#________________________________________________________________________
#
#
!XSPEC12> log none
#