#XSPEC version: 12.11.0
#Build Date/Time: Thu Jul  2 16:22:45 2020
#
!XSPEC12> chatter 10
#
!XSPEC12> show data
#
#1 file 1 spectrum 
#Spectrum 1  Spectral Data File: /home/thaddaeus/FMU/Steiner/thaddaeus/1130360147/jspipe/js_ni1130360147_0mpu7_silver_GTI0.jsgrp
#Net count rate (cts/s) for Spectrum:1  1.345e+02 +/- 1.341e+00 (47.7 % total)
# Assigned to Data Group 1 and Plot Group 1
#  Noticed Channels:  83-254
#  Telescope: NICER Instrument: XTI  Channel Type: PI
#  Exposure Time: 188.6 sec
# Using fit statistic: pgstat
# Using Background File                /home/thaddaeus/FMU/Steiner/thaddaeus/1130360147/jspipe/js_ni1130360147_0mpu7_silver_GTI0.bg
#  Background Exposure Time: 188.6 sec
# Using Response (RMF) File            /home/thaddaeus/FMU/Steiner/thaddaeus/nicer_d49_55575341.rmf for Source 1
# Using Auxiliary Response (ARF) File  /home/thaddaeus/FMU/Steiner/thaddaeus/nicer_d49_55575341.arf
#
#
!XSPEC12> show fit
#
#Fit statistic  : PG-Statistic                 708.21     using 172 bins.
#
#Test statistic : Chi-Squared                  573.73     using 172 bins.
# Null hypothesis probability of 1.39e-46 with 165 degrees of freedom
#
!XSPEC12> show param
#
#Parameters defined:
#========================================================================
#Model TBfeo<1>*simpl<2>*diskbb<3> Source No.: 1   Active/On
#Model Model Component  Parameter  Unit     Value
# par  comp
#   1    1   TBfeo      nH         10^22    3.52182      +/-  4.50425      
#   2    1   TBfeo      O                   0.538152     +/-  73.4701      
#   3    1   TBfeo      Fe                  0.813455     +/-  177.164      
#   4    1   TBfeo      redshift            0.0          frozen
#   5    2   simpl      Gamma               2.87114      +/-  31.4963      
#   6    2   simpl      FracSctr            4.98981E-03  +/-  0.150107     
#   7    2   simpl      UpScOnly            1.00000      frozen
#   8    3   diskbb     Tin        keV      0.551011     +/-  0.214519     
#   9    3   diskbb     norm                5214.83      +/-  1.86938E+04  
#________________________________________________________________________
#
#
!XSPEC12> log none
#