#XSPEC version: 12.11.0
#Build Date/Time: Thu Jul  2 16:22:45 2020
#
!XSPEC12> chatter 10
#
!XSPEC12> show data
#
#1 file 1 spectrum 
#Spectrum 1  Spectral Data File: /home/thaddaeus/FMU/Steiner/thaddaeus/1130360144/jspipe/js_ni1130360144_0mpu7_silver_GTI0.jsgrp
#Net count rate (cts/s) for Spectrum:1  1.899e+02 +/- 5.529e-01 (94.5 % total)
# Assigned to Data Group 1 and Plot Group 1
#  Noticed Channels:  83-254
#  Telescope: NICER Instrument: XTI  Channel Type: PI
#  Exposure Time: 663.2 sec
# Using fit statistic: pgstat
# Using Background File                /home/thaddaeus/FMU/Steiner/thaddaeus/1130360144/jspipe/js_ni1130360144_0mpu7_silver_GTI0.bg
#  Background Exposure Time: 663.2 sec
# Using Response (RMF) File            /home/thaddaeus/FMU/Steiner/thaddaeus/nicer_d49_55575341.rmf for Source 1
# Using Auxiliary Response (ARF) File  /home/thaddaeus/FMU/Steiner/thaddaeus/nicer_d49_55575341.arf
#
#
!XSPEC12> show fit
#
#Fit statistic  : PG-Statistic                 229.13     using 172 bins.
#
#Test statistic : Chi-Squared                  224.41     using 172 bins.
# Null hypothesis probability of 1.44e-03 with 165 degrees of freedom
#
!XSPEC12> show param
#
#Parameters defined:
#========================================================================
#Model TBfeo<1>*simpl<2>*diskbb<3> Source No.: 1   Active/On
#Model Model Component  Parameter  Unit     Value
# par  comp
#   1    1   TBfeo      nH         10^22    3.54563      +/-  1.68123      
#   2    1   TBfeo      O                   0.725045     +/-  10.6726      
#   3    1   TBfeo      Fe                  1.15055      +/-  25.9884      
#   4    1   TBfeo      redshift            0.0          frozen
#   5    2   simpl      Gamma               2.87114      +/-  6.41653      
#   6    2   simpl      FracSctr            5.28774E-03  +/-  3.21519E-02  
#   7    2   simpl      UpScOnly            1.00000      frozen
#   8    3   diskbb     Tin        keV      0.592484     +/-  3.26600E-02  
#   9    3   diskbb     norm                4256.96      +/-  1966.08      
#________________________________________________________________________
#
#
!XSPEC12> log none
#