#XSPEC version: 12.11.0
#Build Date/Time: Thu Jul  2 16:22:45 2020
#
!XSPEC12> chatter 10
#
!XSPEC12> show data
#
#1 file 1 spectrum 
#Spectrum 1  Spectral Data File: /home/thaddaeus/FMU/Steiner/thaddaeus/1130360288/jspipe/js_ni1130360288_0mpu7_silver_GTI0.jsgrp
#Net count rate (cts/s) for Spectrum:1  9.861e+00 +/- 1.943e-01 (32.8 % total)
# Assigned to Data Group 1 and Plot Group 1
#  Noticed Channels:  83-254
#  Telescope: NICER Instrument: XTI  Channel Type: PI
#  Exposure Time: 992.6 sec
# Using fit statistic: pgstat
# Using Background File                /home/thaddaeus/FMU/Steiner/thaddaeus/1130360288/jspipe/js_ni1130360288_0mpu7_silver_GTI0.bg
#  Background Exposure Time: 992.6 sec
# Using Response (RMF) File            /home/thaddaeus/FMU/Steiner/thaddaeus/nicer_d49_55575341.rmf for Source 1
# Using Auxiliary Response (ARF) File  /home/thaddaeus/FMU/Steiner/thaddaeus/nicer_d49_55575341.arf
#
#
!XSPEC12> show fit
#
#Fit statistic  : PG-Statistic                 706.30     using 172 bins.
#
#Test statistic : Chi-Squared                  511.29     using 172 bins.
# Null hypothesis probability of 4.39e-37 with 165 degrees of freedom
#
!XSPEC12> show param
#
#Parameters defined:
#========================================================================
#Model TBfeo<1>*simpl<2>*diskbb<3> Source No.: 1   Active/On
#Model Model Component  Parameter  Unit     Value
# par  comp
#   1    1   TBfeo      nH         10^22    4.20635      +/-  16.9530      
#   2    1   TBfeo      O                   1.02513      +/-  8.97725      
#   3    1   TBfeo      Fe                  1.44758      +/-  8.93253      
#   4    1   TBfeo      redshift            0.0          frozen
#   5    2   simpl      Gamma               1.39365      +/-  15.4249      
#   6    2   simpl      FracSctr            0.990052     +/-  35.2101      
#   7    2   simpl      UpScOnly            1.00000      frozen
#   8    3   diskbb     Tin        keV      2.80241      +/-  263.052      
#   9    3   diskbb     norm                0.244087     +/-  72.0245      
#________________________________________________________________________
#
#
!XSPEC12> log none
#