#XSPEC version: 12.11.0
#Build Date/Time: Thu Jul  2 16:22:45 2020
#
!XSPEC12> chatter 10
#
!XSPEC12> show data
#
#1 file 1 spectrum 
#Spectrum 1  Spectral Data File: /home/thaddaeus/FMU/Steiner/thaddaeus/1130360223/jspipe/js_ni1130360223_0mpu7_silver_GTI0.jsgrp
#Net count rate (cts/s) for Spectrum:1  1.396e+00 +/- 5.156e-02 (88.9 % total)
# Assigned to Data Group 1 and Plot Group 1
#  Noticed Channels:  66-170
#  Telescope: NICER Instrument: XTI  Channel Type: PI
#  Exposure Time: 594.8 sec
# Using fit statistic: pgstat
# Using Background File                /home/thaddaeus/FMU/Steiner/thaddaeus/1130360223/jspipe/js_ni1130360223_0mpu7_silver_GTI0.bg
#  Background Exposure Time: 594.8 sec
# Using Response (RMF) File            /home/thaddaeus/FMU/Steiner/thaddaeus/nicer_d49_55575341.rmf for Source 1
# Using Auxiliary Response (ARF) File  /home/thaddaeus/FMU/Steiner/thaddaeus/nicer_d49_55575341.arf
#
#
!XSPEC12> show fit
#
#Fit statistic  : PG-Statistic                 113.80     using 105 bins.
#
#Test statistic : Chi-Squared                  138.58     using 105 bins.
# Null hypothesis probability of 4.40e-03 with 98 degrees of freedom
#
!XSPEC12> show param
#
#Parameters defined:
#========================================================================
#Model TBfeo<1>*simpl<2>*diskbb<3> Source No.: 1   Active/On
#Model Model Component  Parameter  Unit     Value
# par  comp
#   1    1   TBfeo      nH         10^22    4.20627      +/-  28.9494      
#   2    1   TBfeo      O                   0.640319     +/-  13.7969      
#   3    1   TBfeo      Fe                  0.308071     +/-  12.6298      
#   4    1   TBfeo      redshift            0.0          frozen
#   5    2   simpl      Gamma               1.39365      +/-  3.53694      
#   6    2   simpl      FracSctr            0.610054     +/-  0.729717     
#   7    2   simpl      UpScOnly            1.00000      frozen
#   8    3   diskbb     Tin        keV      0.902324     +/-  3.42530      
#   9    3   diskbb     norm                1.65446      +/-  20.9213      
#________________________________________________________________________
#
#
!XSPEC12> log none
#