#XSPEC version: 12.11.0
#Build Date/Time: Thu Jul  2 16:22:45 2020
#
!XSPEC12> chatter 10
#
!XSPEC12> show data
#
#1 file 1 spectrum 
#Spectrum 1  Spectral Data File: /home/thaddaeus/FMU/Steiner/thaddaeus/1130360245/jspipe/js_ni1130360245_0mpu7_silver_GTI0.jsgrp
#Net count rate (cts/s) for Spectrum:1  9.282e-01 +/- 6.497e-02 (73.7 % total)
# Assigned to Data Group 1 and Plot Group 1
#  Noticed Channels:  54-120
#  Telescope: NICER Instrument: XTI  Channel Type: PI
#  Exposure Time: 300.9 sec
# Using fit statistic: pgstat
# Using Background File                /home/thaddaeus/FMU/Steiner/thaddaeus/1130360245/jspipe/js_ni1130360245_0mpu7_silver_GTI0.bg
#  Background Exposure Time: 300.9 sec
# Using Response (RMF) File            /home/thaddaeus/FMU/Steiner/thaddaeus/nicer_d49_55575341.rmf for Source 1
# Using Auxiliary Response (ARF) File  /home/thaddaeus/FMU/Steiner/thaddaeus/nicer_d49_55575341.arf
#
#
!XSPEC12> show fit
#
#Fit statistic  : PG-Statistic                  59.23     using 67 bins.
#
#Test statistic : Chi-Squared                   59.96     using 67 bins.
# Null hypothesis probability of 4.77e-01 with 60 degrees of freedom
#
!XSPEC12> show param
#
#Parameters defined:
#========================================================================
#Model TBfeo<1>*simpl<2>*diskbb<3> Source No.: 1   Active/On
#Model Model Component  Parameter  Unit     Value
# par  comp
#   1    1   TBfeo      nH         10^22    3.84946      +/-  57.2340      
#   2    1   TBfeo      O                   0.384401     +/-  29.3215      
#   3    1   TBfeo      Fe                  0.369826     +/-  34.6020      
#   4    1   TBfeo      redshift            0.0          frozen
#   5    2   simpl      Gamma               1.39365      +/-  5.58788      
#   6    2   simpl      FracSctr            0.771074     +/-  2.97147      
#   7    2   simpl      UpScOnly            1.00000      frozen
#   8    3   diskbb     Tin        keV      0.768440     +/-  12.7939      
#   9    3   diskbb     norm                1.67562      +/-  96.8787      
#________________________________________________________________________
#
#
!XSPEC12> log none
#