#XSPEC version: 12.11.0
#Build Date/Time: Thu Jul  2 16:22:45 2020
#
!XSPEC12> chatter 10
#
!XSPEC12> show data
#
#1 file 1 spectrum 
#Spectrum 1  Spectral Data File: /home/thaddaeus/FMU/Steiner/thaddaeus/1130360229/jspipe/js_ni1130360229_0mpu7_silver_GTI0.jsgrp
#Net count rate (cts/s) for Spectrum:1  2.551e+01 +/- 4.293e-01 (81.0 % total)
# Assigned to Data Group 1 and Plot Group 1
#  Noticed Channels:  81-246
#  Telescope: NICER Instrument: XTI  Channel Type: PI
#  Exposure Time: 171.9 sec
# Using fit statistic: pgstat
# Using Background File                /home/thaddaeus/FMU/Steiner/thaddaeus/1130360229/jspipe/js_ni1130360229_0mpu7_silver_GTI0.bg
#  Background Exposure Time: 171.9 sec
# Using Response (RMF) File            /home/thaddaeus/FMU/Steiner/thaddaeus/nicer_d49_55575341.rmf for Source 1
# Using Auxiliary Response (ARF) File  /home/thaddaeus/FMU/Steiner/thaddaeus/nicer_d49_55575341.arf
#
#
!XSPEC12> show fit
#
#Fit statistic  : PG-Statistic                 164.00     using 166 bins.
#
#Test statistic : Chi-Squared                  180.95     using 166 bins.
# Null hypothesis probability of 1.12e-01 with 159 degrees of freedom
#
!XSPEC12> show param
#
#Parameters defined:
#========================================================================
#Model TBfeo<1>*simpl<2>*diskbb<3> Source No.: 1   Active/On
#Model Model Component  Parameter  Unit     Value
# par  comp
#   1    1   TBfeo      nH         10^22    3.78971      +/-  13.1930      
#   2    1   TBfeo      O                   4.89942E-02  +/-  9.15794      
#   3    1   TBfeo      Fe                  1.37197      +/-  13.7513      
#   4    1   TBfeo      redshift            0.0          frozen
#   5    2   simpl      Gamma               2.51275      +/-  1.48252      
#   6    2   simpl      FracSctr            0.738099     +/-  3.03037      
#   7    2   simpl      UpScOnly            1.00000      frozen
#   8    3   diskbb     Tin        keV      0.579507     +/-  3.03400      
#   9    3   diskbb     norm                169.121      +/-  3628.88      
#________________________________________________________________________
#
#
!XSPEC12> log none
#