#XSPEC version: 12.11.0
#Build Date/Time: Thu Jul  2 16:22:45 2020
#
!XSPEC12> chatter 10
#
!XSPEC12> show data
#
#1 file 1 spectrum 
#Spectrum 1  Spectral Data File: /home/thaddaeus/FMU/Steiner/thaddaeus/1130360155/jspipe/js_ni1130360155_0mpu7_silver_GTI0.jsgrp
#Net count rate (cts/s) for Spectrum:1  3.567e+01 +/- 2.752e-01 (99.4 % total)
# Assigned to Data Group 1 and Plot Group 1
#  Noticed Channels:  83-183
#  Telescope: NICER Instrument: XTI  Channel Type: PI
#  Exposure Time: 473.8 sec
# Using fit statistic: pgstat
# Using Background File                /home/thaddaeus/FMU/Steiner/thaddaeus/1130360155/jspipe/js_ni1130360155_0mpu7_silver_GTI0.bg
#  Background Exposure Time: 473.8 sec
# Using Response (RMF) File            /home/thaddaeus/FMU/Steiner/thaddaeus/nicer_d49_55575341.rmf for Source 1
# Using Auxiliary Response (ARF) File  /home/thaddaeus/FMU/Steiner/thaddaeus/nicer_d49_55575341.arf
#
#
!XSPEC12> show fit
#
#Fit statistic  : PG-Statistic                 101.44     using 101 bins.
#
#Test statistic : Chi-Squared                  108.03     using 101 bins.
# Null hypothesis probability of 1.53e-01 with 94 degrees of freedom
#
!XSPEC12> show param
#
#Parameters defined:
#========================================================================
#Model TBfeo<1>*simpl<2>*diskbb<3> Source No.: 1   Active/On
#Model Model Component  Parameter  Unit     Value
# par  comp
#   1    1   TBfeo      nH         10^22    3.09365      +/-  4.13430      
#   2    1   TBfeo      O                   4.89820E-02  +/-  20.9264      
#   3    1   TBfeo      Fe                  0.307675     +/-  49.7255      
#   4    1   TBfeo      redshift            0.0          frozen
#   5    2   simpl      Gamma               2.87114      +/-  5.26706      
#   6    2   simpl      FracSctr            4.98981E-03  +/-  2.76081E-02  
#   7    2   simpl      UpScOnly            1.00000      frozen
#   8    3   diskbb     Tin        keV      0.496652     +/-  4.11100E-02  
#   9    3   diskbb     norm                2212.46      +/-  1708.96      
#________________________________________________________________________
#
#
!XSPEC12> log none
#