#XSPEC version: 12.11.0
#Build Date/Time: Thu Jul  2 16:22:45 2020
#
!XSPEC12> chatter 10
#
!XSPEC12> show data
#
#1 file 1 spectrum 
#Spectrum 1  Spectral Data File: /home/thaddaeus/FMU/Steiner/thaddaeus/1130360145/jspipe/js_ni1130360145_0mpu7_silver_GTI0.jsgrp
#Net count rate (cts/s) for Spectrum:1  1.847e+02 +/- 1.114e+00 (99.3 % total)
# Assigned to Data Group 1 and Plot Group 1
#  Noticed Channels:  83-212
#  Telescope: NICER Instrument: XTI  Channel Type: PI
#  Exposure Time: 149.8 sec
# Using fit statistic: pgstat
# Using Background File                /home/thaddaeus/FMU/Steiner/thaddaeus/1130360145/jspipe/js_ni1130360145_0mpu7_silver_GTI0.bg
#  Background Exposure Time: 149.8 sec
# Using Response (RMF) File            /home/thaddaeus/FMU/Steiner/thaddaeus/nicer_d49_55575341.rmf for Source 1
# Using Auxiliary Response (ARF) File  /home/thaddaeus/FMU/Steiner/thaddaeus/nicer_d49_55575341.arf
#
#
!XSPEC12> show fit
#
#Fit statistic  : PG-Statistic                 107.73     using 130 bins.
#
#Test statistic : Chi-Squared                  116.99     using 130 bins.
# Null hypothesis probability of 6.36e-01 with 123 degrees of freedom
#
!XSPEC12> show param
#
#Parameters defined:
#========================================================================
#Model TBfeo<1>*simpl<2>*diskbb<3> Source No.: 1   Active/On
#Model Model Component  Parameter  Unit     Value
# par  comp
#   1    1   TBfeo      nH         10^22    3.62493      +/-  3.10243      
#   2    1   TBfeo      O                   0.554238     +/-  7.19925      
#   3    1   TBfeo      Fe                  0.904106     +/-  17.0596      
#   4    1   TBfeo      redshift            0.0          frozen
#   5    2   simpl      Gamma               1.39365      +/-  2.09856      
#   6    2   simpl      FracSctr            4.98981E-03  +/-  2.07359E-03  
#   7    2   simpl      UpScOnly            1.00000      frozen
#   8    3   diskbb     Tin        keV      0.591921     +/-  3.13961E-02  
#   9    3   diskbb     norm                4027.46      +/-  1738.49      
#________________________________________________________________________
#
#
!XSPEC12> log none
#