#XSPEC version: 12.11.0
#Build Date/Time: Thu Jul  2 16:22:45 2020
#
!XSPEC12> chatter 10
#
!XSPEC12> show data
#
#1 file 1 spectrum 
#Spectrum 1  Spectral Data File: /home/thaddaeus/FMU/Steiner/thaddaeus/1130360218/jspipe/js_ni1130360218_0mpu7_silver_GTI0.jsgrp
#Net count rate (cts/s) for Spectrum:1  1.062e+00 +/- 4.085e-02 (83.2 % total)
# Assigned to Data Group 1 and Plot Group 1
#  Noticed Channels:  76-191
#  Telescope: NICER Instrument: XTI  Channel Type: PI
#  Exposure Time: 775.7 sec
# Using fit statistic: pgstat
# Using Background File                /home/thaddaeus/FMU/Steiner/thaddaeus/1130360218/jspipe/js_ni1130360218_0mpu7_silver_GTI0.bg
#  Background Exposure Time: 775.7 sec
# Using Response (RMF) File            /home/thaddaeus/FMU/Steiner/thaddaeus/nicer_d49_55575341.rmf for Source 1
# Using Auxiliary Response (ARF) File  /home/thaddaeus/FMU/Steiner/thaddaeus/nicer_d49_55575341.arf
#
#
!XSPEC12> show fit
#
#Fit statistic  : PG-Statistic                 133.34     using 116 bins.
#
#Test statistic : Chi-Squared                  141.94     using 116 bins.
# Null hypothesis probability of 1.86e-02 with 109 degrees of freedom
#
!XSPEC12> show param
#
#Parameters defined:
#========================================================================
#Model TBfeo<1>*simpl<2>*diskbb<3> Source No.: 1   Active/On
#Model Model Component  Parameter  Unit     Value
# par  comp
#   1    1   TBfeo      nH         10^22    3.09365      +/-  29.4579      
#   2    1   TBfeo      O                   4.89820E-02  +/-  15.3637      
#   3    1   TBfeo      Fe                  0.458850     +/-  19.6333      
#   4    1   TBfeo      redshift            0.0          frozen
#   5    2   simpl      Gamma               1.39365      +/-  5.57219      
#   6    2   simpl      FracSctr            0.949687     +/-  17.2301      
#   7    2   simpl      UpScOnly            1.00000      frozen
#   8    3   diskbb     Tin        keV      1.12103      +/-  50.3708      
#   9    3   diskbb     norm                0.451954     +/-  61.5941      
#________________________________________________________________________
#
#
!XSPEC12> log none
#