#XSPEC version: 12.11.0
#Build Date/Time: Thu Jul  2 16:22:45 2020
#
!XSPEC12> chatter 10
#
!XSPEC12> show data
#
#1 file 1 spectrum 
#Spectrum 1  Spectral Data File: /home/thaddaeus/FMU/Steiner/thaddaeus/1130360181/jspipe/js_ni1130360181_0mpu7_silver_GTI0.jsgrp
#Net count rate (cts/s) for Spectrum:1  4.488e+01 +/- 2.244e-01 (92.5 % total)
# Assigned to Data Group 1 and Plot Group 1
#  Noticed Channels:  83-254
#  Telescope: NICER Instrument: XTI  Channel Type: PI
#  Exposure Time: 974.1 sec
# Using fit statistic: pgstat
# Using Background File                /home/thaddaeus/FMU/Steiner/thaddaeus/1130360181/jspipe/js_ni1130360181_0mpu7_silver_GTI0.bg
#  Background Exposure Time: 974.1 sec
# Using Response (RMF) File            /home/thaddaeus/FMU/Steiner/thaddaeus/nicer_d49_55575341.rmf for Source 1
# Using Auxiliary Response (ARF) File  /home/thaddaeus/FMU/Steiner/thaddaeus/nicer_d49_55575341.arf
#
#
!XSPEC12> show fit
#
#Fit statistic  : PG-Statistic                 188.10     using 172 bins.
#
#Test statistic : Chi-Squared                  180.04     using 172 bins.
# Null hypothesis probability of 2.00e-01 with 165 degrees of freedom
#
!XSPEC12> show param
#
#Parameters defined:
#========================================================================
#Model TBfeo<1>*simpl<2>*diskbb<3> Source No.: 1   Active/On
#Model Model Component  Parameter  Unit     Value
# par  comp
#   1    1   TBfeo      nH         10^22    4.20635      +/-  2.69534      
#   2    1   TBfeo      O                   0.470759     +/-  7.19779      
#   3    1   TBfeo      Fe                  0.307675     +/-  17.1274      
#   4    1   TBfeo      redshift            0.0          frozen
#   5    2   simpl      Gamma               1.85247      +/-  1.60638      
#   6    2   simpl      FracSctr            4.98981E-03  +/-  6.91969E-03  
#   7    2   simpl      UpScOnly            1.00000      frozen
#   8    3   diskbb     Tin        keV      0.475063     +/-  2.75747E-02  
#   9    3   diskbb     norm                4344.54      +/-  2236.40      
#________________________________________________________________________
#
#
!XSPEC12> log none
#