#XSPEC version: 12.11.0
#Build Date/Time: Thu Jul  2 16:22:45 2020
#
!XSPEC12> chatter 10
#
!XSPEC12> show data
#
#1 file 1 spectrum 
#Spectrum 1  Spectral Data File: /home/thaddaeus/FMU/Steiner/thaddaeus/1130360216/jspipe/js_ni1130360216_0mpu7_silver_GTI0.jsgrp
#Net count rate (cts/s) for Spectrum:1  1.663e+00 +/- 1.047e-01 (85.0 % total)
# Assigned to Data Group 1 and Plot Group 1
#  Noticed Channels:  58-119
#  Telescope: NICER Instrument: XTI  Channel Type: PI
#  Exposure Time: 178.9 sec
# Using fit statistic: pgstat
# Using Background File                /home/thaddaeus/FMU/Steiner/thaddaeus/1130360216/jspipe/js_ni1130360216_0mpu7_silver_GTI0.bg
#  Background Exposure Time: 178.9 sec
# Using Response (RMF) File            /home/thaddaeus/FMU/Steiner/thaddaeus/nicer_d49_55575341.rmf for Source 1
# Using Auxiliary Response (ARF) File  /home/thaddaeus/FMU/Steiner/thaddaeus/nicer_d49_55575341.arf
#
#
!XSPEC12> show fit
#
#Fit statistic  : PG-Statistic                  45.10     using 62 bins.
#
#Test statistic : Chi-Squared                   42.38     using 62 bins.
# Null hypothesis probability of 8.93e-01 with 55 degrees of freedom
#
!XSPEC12> show param
#
#Parameters defined:
#========================================================================
#Model TBfeo<1>*simpl<2>*diskbb<3> Source No.: 1   Active/On
#Model Model Component  Parameter  Unit     Value
# par  comp
#   1    1   TBfeo      nH         10^22    3.81520      +/-  45.7157      
#   2    1   TBfeo      O                   1.02511      +/-  30.7726      
#   3    1   TBfeo      Fe                  0.321561     +/-  26.9042      
#   4    1   TBfeo      redshift            0.0          frozen
#   5    2   simpl      Gamma               1.39365      +/-  11.7595      
#   6    2   simpl      FracSctr            0.598187     +/-  1.93852      
#   7    2   simpl      UpScOnly            1.00000      frozen
#   8    3   diskbb     Tin        keV      1.13573      +/-  8.31886      
#   9    3   diskbb     norm                0.850834     +/-  16.3737      
#________________________________________________________________________
#
#
!XSPEC12> log none
#