#XSPEC version: 12.11.0
#Build Date/Time: Thu Jul  2 16:22:45 2020
#
!XSPEC12> chatter 10
#
!XSPEC12> show data
#
#1 file 1 spectrum 
#Spectrum 1  Spectral Data File: /home/thaddaeus/FMU/Steiner/thaddaeus/1130360265/jspipe/js_ni1130360265_0mpu7_silver_GTI0.jsgrp
#Net count rate (cts/s) for Spectrum:1  1.358e+00 +/- 1.511e-01 (85.4 % total)
# Assigned to Data Group 1 and Plot Group 1
#  Noticed Channels:  31-52
#  Telescope: NICER Instrument: XTI  Channel Type: PI
#  Exposure Time: 69.78 sec
# Using fit statistic: pgstat
# Using Background File                /home/thaddaeus/FMU/Steiner/thaddaeus/1130360265/jspipe/js_ni1130360265_0mpu7_silver_GTI0.bg
#  Background Exposure Time: 69.78 sec
# Using Response (RMF) File            /home/thaddaeus/FMU/Steiner/thaddaeus/nicer_d49_55575341.rmf for Source 1
# Using Auxiliary Response (ARF) File  /home/thaddaeus/FMU/Steiner/thaddaeus/nicer_d49_55575341.arf
#
#
!XSPEC12> show fit
#
#Fit statistic  : PG-Statistic                  27.67     using 22 bins.
#
#Test statistic : Chi-Squared                   30.30     using 22 bins.
# Null hypothesis probability of 1.09e-02 with 15 degrees of freedom
#
!XSPEC12> show param
#
#Parameters defined:
#========================================================================
#Model TBfeo<1>*simpl<2>*diskbb<3> Source No.: 1   Active/On
#Model Model Component  Parameter  Unit     Value
# par  comp
#   1    1   TBfeo      nH         10^22    4.20635      +/-  641.837      
#   2    1   TBfeo      O                   1.02513      +/-  412.958      
#   3    1   TBfeo      Fe                  1.44758      +/-  224.737      
#   4    1   TBfeo      redshift            0.0          frozen
#   5    2   simpl      Gamma               1.39987      +/-  41.2758      
#   6    2   simpl      FracSctr            0.990052     +/-  435.590      
#   7    2   simpl      UpScOnly            1.00000      frozen
#   8    3   diskbb     Tin        keV      2.22587      +/-  2321.75      
#   9    3   diskbb     norm                8.63347E-02  +/-  273.989      
#________________________________________________________________________
#
#
!XSPEC12> log none
#