#XSPEC version: 12.11.0
#Build Date/Time: Thu Jul  2 16:22:45 2020
#
!XSPEC12> chatter 10
#
!XSPEC12> show data
#
#1 file 1 spectrum 
#Spectrum 1  Spectral Data File: /home/thaddaeus/FMU/Steiner/thaddaeus/1130360163/jspipe/js_ni1130360163_0mpu7_silver_GTI0.jsgrp
#Net count rate (cts/s) for Spectrum:1  1.707e+00 +/- 7.541e-02 (67.1 % total)
# Assigned to Data Group 1 and Plot Group 1
#  Noticed Channels:  82-224
#  Telescope: NICER Instrument: XTI  Channel Type: PI
#  Exposure Time: 454.9 sec
# Using fit statistic: pgstat
# Using Background File                /home/thaddaeus/FMU/Steiner/thaddaeus/1130360163/jspipe/js_ni1130360163_0mpu7_silver_GTI0.bg
#  Background Exposure Time: 454.9 sec
# Using Response (RMF) File            /home/thaddaeus/FMU/Steiner/thaddaeus/nicer_d49_55575341.rmf for Source 1
# Using Auxiliary Response (ARF) File  /home/thaddaeus/FMU/Steiner/thaddaeus/nicer_d49_55575341.arf
#
#
!XSPEC12> show fit
#
#Fit statistic  : PG-Statistic                 181.79     using 143 bins.
#
#Test statistic : Chi-Squared                  158.94     using 143 bins.
# Null hypothesis probability of 8.70e-02 with 136 degrees of freedom
#
!XSPEC12> show param
#
#Parameters defined:
#========================================================================
#Model TBfeo<1>*simpl<2>*diskbb<3> Source No.: 1   Active/On
#Model Model Component  Parameter  Unit     Value
# par  comp
#   1    1   TBfeo      nH         10^22    4.20635      +/-  37.0734      
#   2    1   TBfeo      O                   0.960940     +/-  19.6165      
#   3    1   TBfeo      Fe                  0.515336     +/-  17.8287      
#   4    1   TBfeo      redshift            0.0          frozen
#   5    2   simpl      Gamma               1.39365      +/-  1.63789      
#   6    2   simpl      FracSctr            4.59171E-02  +/-  0.371000     
#   7    2   simpl      UpScOnly            1.00000      frozen
#   8    3   diskbb     Tin        keV      0.336384     +/-  0.280407     
#   9    3   diskbb     norm                764.701      +/-  8652.82      
#________________________________________________________________________
#
#
!XSPEC12> log none
#