#XSPEC version: 12.11.0
#Build Date/Time: Thu Jul  2 16:22:45 2020
#
!XSPEC12> chatter 10
#
!XSPEC12> show data
#
#1 file 1 spectrum 
#Spectrum 1  Spectral Data File: /home/thaddaeus/FMU/Steiner/thaddaeus/1130360235/jspipe/js_ni1130360235_0mpu7_silver_GTI0.jsgrp
#Net count rate (cts/s) for Spectrum:1  3.589e+00 +/- 6.771e-02 (92.3 % total)
# Assigned to Data Group 1 and Plot Group 1
#  Noticed Channels:  83-239
#  Telescope: NICER Instrument: XTI  Channel Type: PI
#  Exposure Time: 853.7 sec
# Using fit statistic: pgstat
# Using Background File                /home/thaddaeus/FMU/Steiner/thaddaeus/1130360235/jspipe/js_ni1130360235_0mpu7_silver_GTI0.bg
#  Background Exposure Time: 853.7 sec
# Using Response (RMF) File            /home/thaddaeus/FMU/Steiner/thaddaeus/nicer_d49_55575341.rmf for Source 1
# Using Auxiliary Response (ARF) File  /home/thaddaeus/FMU/Steiner/thaddaeus/nicer_d49_55575341.arf
#
#
!XSPEC12> show fit
#
#Fit statistic  : PG-Statistic                 173.61     using 157 bins.
#
#Test statistic : Chi-Squared                  177.54     using 157 bins.
# Null hypothesis probability of 6.18e-02 with 150 degrees of freedom
#
!XSPEC12> show param
#
#Parameters defined:
#========================================================================
#Model TBfeo<1>*simpl<2>*diskbb<3> Source No.: 1   Active/On
#Model Model Component  Parameter  Unit     Value
# par  comp
#   1    1   TBfeo      nH         10^22    3.46033      +/-  14.8404      
#   2    1   TBfeo      O                   0.123726     +/-  7.08848      
#   3    1   TBfeo      Fe                  0.307675     +/-  7.37257      
#   4    1   TBfeo      redshift            0.0          frozen
#   5    2   simpl      Gamma               1.39365      +/-  1.34568      
#   6    2   simpl      FracSctr            0.857049     +/-  1.32630      
#   7    2   simpl      UpScOnly            1.00000      frozen
#   8    3   diskbb     Tin        keV      0.900565     +/-  5.21258      
#   9    3   diskbb     norm                3.40825      +/-  63.4026      
#________________________________________________________________________
#
#
!XSPEC12> log none
#