#XSPEC version: 12.11.0
#Build Date/Time: Thu Jul  2 16:22:45 2020
#
!XSPEC12> chatter 10
#
!XSPEC12> show data
#
#1 file 1 spectrum 
#Spectrum 1  Spectral Data File: /home/thaddaeus/FMU/Steiner/thaddaeus/1130360242/jspipe/js_ni1130360242_0mpu7_silver_GTI0.jsgrp
#Net count rate (cts/s) for Spectrum:1  -1.848e+00 +/- 1.662e-01 (-13.5 % total)
# Assigned to Data Group 1 and Plot Group 1
#  Noticed Channels:  83-254
#  Telescope: NICER Instrument: XTI  Channel Type: PI
#  Exposure Time: 596.7 sec
# Using fit statistic: pgstat
# Using Background File                /home/thaddaeus/FMU/Steiner/thaddaeus/1130360242/jspipe/js_ni1130360242_0mpu7_silver_GTI0.bg
#  Background Exposure Time: 596.7 sec
# Using Response (RMF) File            /home/thaddaeus/FMU/Steiner/thaddaeus/nicer_d49_55575341.rmf for Source 1
# Using Auxiliary Response (ARF) File  /home/thaddaeus/FMU/Steiner/thaddaeus/nicer_d49_55575341.arf
#
#
!XSPEC12> show fit
#
#Fit statistic  : PG-Statistic                 330.69     using 172 bins.
#
#Test statistic : Chi-Squared                  324.02     using 172 bins.
# Null hypothesis probability of 1.98e-12 with 165 degrees of freedom
#
!XSPEC12> show param
#
#Parameters defined:
#========================================================================
#Model TBfeo<1>*simpl<2>*diskbb<3> Source No.: 1   Active/On
#Model Model Component  Parameter  Unit     Value
# par  comp
#   1    1   TBfeo      nH         10^22    3.31456      +/-  2.16986E+09  
#   2    1   TBfeo      O                   0.102811     +/-  2.81380E+09  
#   3    1   TBfeo      Fe                  0.322948     +/-  4.68476E+09  
#   4    1   TBfeo      redshift            0.0          frozen
#   5    2   simpl      Gamma               2.87101      +/-  9.93370E+07  
#   6    2   simpl      FracSctr            3.88210E-02  +/-  1.51452E+10  
#   7    2   simpl      UpScOnly            1.00000      frozen
#   8    3   diskbb     Tin        keV      0.148412     +/-  2.03150E+09  
#   9    3   diskbb     norm                5.71482E-04  +/-  3.39796E+08  
#________________________________________________________________________
#
#
!XSPEC12> log none
#