#XSPEC version: 12.11.0
#Build Date/Time: Thu Jul  2 16:22:45 2020
#
!XSPEC12> chatter 10
#
!XSPEC12> show data
#
#1 file 1 spectrum 
#Spectrum 1  Spectral Data File: /home/thaddaeus/FMU/Steiner/thaddaeus/1130360171/jspipe/js_ni1130360171_0mpu7_silver_GTI0.jsgrp
#Net count rate (cts/s) for Spectrum:1  6.795e-02 +/- 5.740e-02 (13.3 % total)
# Assigned to Data Group 1 and Plot Group 1
#  Noticed Channels:  45-60
#  Telescope: NICER Instrument: XTI  Channel Type: PI
#  Exposure Time: 157.9 sec
# Using fit statistic: pgstat
# Using Background File                /home/thaddaeus/FMU/Steiner/thaddaeus/1130360171/jspipe/js_ni1130360171_0mpu7_silver_GTI0.bg
#  Background Exposure Time: 157.9 sec
# Using Response (RMF) File            /home/thaddaeus/FMU/Steiner/thaddaeus/nicer_d49_55575341.rmf for Source 1
# Using Auxiliary Response (ARF) File  /home/thaddaeus/FMU/Steiner/thaddaeus/nicer_d49_55575341.arf
#
#
!XSPEC12> show fit
#
#Fit statistic  : PG-Statistic                  20.20     using 16 bins.
#
#Test statistic : Chi-Squared                   27.26     using 16 bins.
# Null hypothesis probability of 1.27e-03 with 9 degrees of freedom
#
!XSPEC12> show param
#
#Parameters defined:
#========================================================================
#Model TBfeo<1>*simpl<2>*diskbb<3> Source No.: 1   Active/On
#Model Model Component  Parameter  Unit     Value
# par  comp
#   1    1   TBfeo      nH         10^22    4.20542      +/-  501.410      
#   2    1   TBfeo      O                   1.00161      +/-  519.958      
#   3    1   TBfeo      Fe                  1.44678      +/-  984.534      
#   4    1   TBfeo      redshift            0.0          frozen
#   5    2   simpl      Gamma               2.81971      +/-  71.7417      
#   6    2   simpl      FracSctr            0.990052     +/-  1.61850E+04  
#   7    2   simpl      UpScOnly            1.00000      frozen
#   8    3   diskbb     Tin        keV      0.540072     +/-  4721.81      
#   9    3   diskbb     norm                1.02578      +/-  2.72222E+04  
#________________________________________________________________________
#
#
!XSPEC12> log none
#