#XSPEC version: 12.11.0
#Build Date/Time: Thu Jul  2 16:22:45 2020
#
!XSPEC12> chatter 10
#
!XSPEC12> show data
#
#1 file 1 spectrum 
#Spectrum 1  Spectral Data File: /home/thaddaeus/FMU/Steiner/thaddaeus/1130360196/jspipe/js_ni1130360196_0mpu7_silver_GTI0.jsgrp
#Net count rate (cts/s) for Spectrum:1  -2.158e+00 +/- 7.010e-02 (-79.9 % total)
# Assigned to Data Group 1 and Plot Group 1
#  Noticed Channels:  82-251
#  Telescope: NICER Instrument: XTI  Channel Type: PI
#  Exposure Time: 658.8 sec
# Using fit statistic: pgstat
# Using Background File                /home/thaddaeus/FMU/Steiner/thaddaeus/1130360196/jspipe/js_ni1130360196_0mpu7_silver_GTI0.bg
#  Background Exposure Time: 658.8 sec
# Using Response (RMF) File            /home/thaddaeus/FMU/Steiner/thaddaeus/nicer_d49_55575341.rmf for Source 1
# Using Auxiliary Response (ARF) File  /home/thaddaeus/FMU/Steiner/thaddaeus/nicer_d49_55575341.arf
#
#
!XSPEC12> show fit
#
#Fit statistic  : PG-Statistic                 936.73     using 170 bins.
#
#Test statistic : Chi-Squared                 1420.49     using 170 bins.
# Null hypothesis probability of 2.12e-199 with 163 degrees of freedom
#
!XSPEC12> show param
#
#Parameters defined:
#========================================================================
#Model TBfeo<1>*simpl<2>*diskbb<3> Source No.: 1   Active/On
#Model Model Component  Parameter  Unit     Value
# par  comp
#   1    1   TBfeo      nH         10^22    3.09591      +/-  3.55103E+08  
#   2    1   TBfeo      O                   5.11536E-02  +/-  4.13553E+08  
#   3    1   TBfeo      Fe                  0.341048     +/-  6.33798E+08  
#   4    1   TBfeo      redshift            0.0          frozen
#   5    2   simpl      Gamma               2.86992      +/-  1.47465E+07  
#   6    2   simpl      FracSctr            9.94915E-03  +/-  3.62530E+08  
#   7    2   simpl      UpScOnly            1.00000      frozen
#   8    3   diskbb     Tin        keV      0.148422     +/-  1.14318E+08  
#   9    3   diskbb     norm                4.06855E-03  +/-  2.34560E+08  
#________________________________________________________________________
#
#
!XSPEC12> log none
#