#XSPEC version: 12.11.0
#Build Date/Time: Thu Jul  2 16:22:45 2020
#
!XSPEC12> chatter 10
#
!XSPEC12> show data
#
#1 file 1 spectrum 
#Spectrum 1  Spectral Data File: /home/thaddaeus/FMU/Steiner/thaddaeus/1130360211/jspipe/js_ni1130360211_0mpu7_silver_GTI0.jsgrp
#Net count rate (cts/s) for Spectrum:1  9.102e+00 +/- 2.349e-01 (93.4 % total)
# Assigned to Data Group 1 and Plot Group 1
#  Noticed Channels:  77-200
#  Telescope: NICER Instrument: XTI  Channel Type: PI
#  Exposure Time: 176.9 sec
# Using fit statistic: pgstat
# Using Background File                /home/thaddaeus/FMU/Steiner/thaddaeus/1130360211/jspipe/js_ni1130360211_0mpu7_silver_GTI0.bg
#  Background Exposure Time: 176.9 sec
# Using Response (RMF) File            /home/thaddaeus/FMU/Steiner/thaddaeus/nicer_d49_55575341.rmf for Source 1
# Using Auxiliary Response (ARF) File  /home/thaddaeus/FMU/Steiner/thaddaeus/nicer_d49_55575341.arf
#
#
!XSPEC12> show fit
#
#Fit statistic  : PG-Statistic                 115.40     using 124 bins.
#
#Test statistic : Chi-Squared                  124.69     using 124 bins.
# Null hypothesis probability of 2.96e-01 with 117 degrees of freedom
#
!XSPEC12> show param
#
#Parameters defined:
#========================================================================
#Model TBfeo<1>*simpl<2>*diskbb<3> Source No.: 1   Active/On
#Model Model Component  Parameter  Unit     Value
# par  comp
#   1    1   TBfeo      nH         10^22    3.49687      +/-  19.0016      
#   2    1   TBfeo      O                   4.92102E-02  +/-  9.38428      
#   3    1   TBfeo      Fe                  1.22858      +/-  14.4070      
#   4    1   TBfeo      redshift            0.0          frozen
#   5    2   simpl      Gamma               1.78568      +/-  3.24819      
#   6    2   simpl      FracSctr            0.764644     +/-  4.02439      
#   7    2   simpl      UpScOnly            1.00000      frozen
#   8    3   diskbb     Tin        keV      0.927895     +/-  5.95109      
#   9    3   diskbb     norm                7.49308      +/-  160.996      
#________________________________________________________________________
#
#
!XSPEC12> log none
#