#XSPEC version: 12.11.0
#Build Date/Time: Thu Jul  2 16:22:45 2020
#
!XSPEC12> chatter 10
#
!XSPEC12> show data
#
#1 file 1 spectrum 
#Spectrum 1  Spectral Data File: /home/thaddaeus/FMU/Steiner/thaddaeus/1130360153/jspipe/js_ni1130360153_0mpu7_silver_GTI0.jsgrp
#Net count rate (cts/s) for Spectrum:1  5.119e+01 +/- 3.627e-01 (99.6 % total)
# Assigned to Data Group 1 and Plot Group 1
#  Noticed Channels:  83-183
#  Telescope: NICER Instrument: XTI  Channel Type: PI
#  Exposure Time: 390.8 sec
# Using fit statistic: pgstat
# Using Background File                /home/thaddaeus/FMU/Steiner/thaddaeus/1130360153/jspipe/js_ni1130360153_0mpu7_silver_GTI0.bg
#  Background Exposure Time: 390.8 sec
# Using Response (RMF) File            /home/thaddaeus/FMU/Steiner/thaddaeus/nicer_d49_55575341.rmf for Source 1
# Using Auxiliary Response (ARF) File  /home/thaddaeus/FMU/Steiner/thaddaeus/nicer_d49_55575341.arf
#
#
!XSPEC12> show fit
#
#Fit statistic  : PG-Statistic                  99.83     using 101 bins.
#
#Test statistic : Chi-Squared                  109.65     using 101 bins.
# Null hypothesis probability of 1.29e-01 with 94 degrees of freedom
#
!XSPEC12> show param
#
#Parameters defined:
#========================================================================
#Model TBfeo<1>*simpl<2>*diskbb<3> Source No.: 1   Active/On
#Model Model Component  Parameter  Unit     Value
# par  comp
#   1    1   TBfeo      nH         10^22    4.02948      +/-  3.82877      
#   2    1   TBfeo      O                   0.433065     +/-  10.6082      
#   3    1   TBfeo      Fe                  1.44758      +/-  25.7494      
#   4    1   TBfeo      redshift            0.0          frozen
#   5    2   simpl      Gamma               2.87114      +/-  2.86220      
#   6    2   simpl      FracSctr            6.01092E-03  +/-  1.84061E-02  
#   7    2   simpl      UpScOnly            1.00000      frozen
#   8    3   diskbb     Tin        keV      0.469935     +/-  3.38661E-02  
#   9    3   diskbb     norm                5772.59      +/-  3796.20      
#________________________________________________________________________
#
#
!XSPEC12> log none
#