#XSPEC version: 12.11.0
#Build Date/Time: Thu Jul  2 16:22:45 2020
#
!XSPEC12> chatter 10
#
!XSPEC12> show data
#
#1 file 1 spectrum 
#Spectrum 1  Spectral Data File: /home/thaddaeus/FMU/Steiner/thaddaeus/1130360212/jspipe/js_ni1130360212_0mpu7_silver_GTI0.jsgrp
#Net count rate (cts/s) for Spectrum:1  6.311e+00 +/- 2.281e-01 (74.0 % total)
# Assigned to Data Group 1 and Plot Group 1
#  Noticed Channels:  68-193
#  Telescope: NICER Instrument: XTI  Channel Type: PI
#  Exposure Time: 164.9 sec
# Using fit statistic: pgstat
# Using Background File                /home/thaddaeus/FMU/Steiner/thaddaeus/1130360212/jspipe/js_ni1130360212_0mpu7_silver_GTI0.bg
#  Background Exposure Time: 164.9 sec
# Using Response (RMF) File            /home/thaddaeus/FMU/Steiner/thaddaeus/nicer_d49_55575341.rmf for Source 1
# Using Auxiliary Response (ARF) File  /home/thaddaeus/FMU/Steiner/thaddaeus/nicer_d49_55575341.arf
#
#
!XSPEC12> show fit
#
#Fit statistic  : PG-Statistic                 121.23     using 126 bins.
#
#Test statistic : Chi-Squared                  152.66     using 126 bins.
# Null hypothesis probability of 2.03e-02 with 119 degrees of freedom
#
!XSPEC12> show param
#
#Parameters defined:
#========================================================================
#Model TBfeo<1>*simpl<2>*diskbb<3> Source No.: 1   Active/On
#Model Model Component  Parameter  Unit     Value
# par  comp
#   1    1   TBfeo      nH         10^22    4.20634      +/-  27.7222      
#   2    1   TBfeo      O                   1.00948      +/-  16.0038      
#   3    1   TBfeo      Fe                  1.44758      +/-  24.2563      
#   4    1   TBfeo      redshift            0.0          frozen
#   5    2   simpl      Gamma               2.46409      +/-  5.05092      
#   6    2   simpl      FracSctr            0.990052     +/-  546.856      
#   7    2   simpl      UpScOnly            1.00000      frozen
#   8    3   diskbb     Tin        keV      0.740755     +/-  268.044      
#   9    3   diskbb     norm                13.9746      +/-  1.53379E+04  
#________________________________________________________________________
#
#
!XSPEC12> log none
#