#XSPEC version: 12.11.0
#Build Date/Time: Thu Jul  2 16:22:45 2020
#
!XSPEC12> chatter 10
#
!XSPEC12> show data
#
#1 file 1 spectrum 
#Spectrum 1  Spectral Data File: /home/thaddaeus/FMU/Steiner/thaddaeus/1130360239/jspipe/js_ni1130360239_0mpu7_silver_GTI0.jsgrp
#Net count rate (cts/s) for Spectrum:1  9.233e-01 +/- 6.155e-02 (75.4 % total)
# Assigned to Data Group 1 and Plot Group 1
#  Noticed Channels:  58-123
#  Telescope: NICER Instrument: XTI  Channel Type: PI
#  Exposure Time: 325.9 sec
# Using fit statistic: pgstat
# Using Background File                /home/thaddaeus/FMU/Steiner/thaddaeus/1130360239/jspipe/js_ni1130360239_0mpu7_silver_GTI0.bg
#  Background Exposure Time: 325.9 sec
# Using Response (RMF) File            /home/thaddaeus/FMU/Steiner/thaddaeus/nicer_d49_55575341.rmf for Source 1
# Using Auxiliary Response (ARF) File  /home/thaddaeus/FMU/Steiner/thaddaeus/nicer_d49_55575341.arf
#
#
!XSPEC12> show fit
#
#Fit statistic  : PG-Statistic                  65.92     using 66 bins.
#
#Test statistic : Chi-Squared                   69.59     using 66 bins.
# Null hypothesis probability of 1.63e-01 with 59 degrees of freedom
#
!XSPEC12> show param
#
#Parameters defined:
#========================================================================
#Model TBfeo<1>*simpl<2>*diskbb<3> Source No.: 1   Active/On
#Model Model Component  Parameter  Unit     Value
# par  comp
#   1    1   TBfeo      nH         10^22    3.73996      +/-  55.3963      
#   2    1   TBfeo      O                   0.526490     +/-  32.7365      
#   3    1   TBfeo      Fe                  1.11376      +/-  49.3401      
#   4    1   TBfeo      redshift            0.0          frozen
#   5    2   simpl      Gamma               1.92811      +/-  5.76644      
#   6    2   simpl      FracSctr            0.990004     +/-  335.828      
#   7    2   simpl      UpScOnly            1.00000      frozen
#   8    3   diskbb     Tin        keV      0.658385     +/-  260.137      
#   9    3   diskbb     norm                2.44727      +/-  3011.72      
#________________________________________________________________________
#
#
!XSPEC12> log none
#