#XSPEC version: 12.11.0
#Build Date/Time: Thu Jul  2 16:22:45 2020
#
!XSPEC12> chatter 10
#
!XSPEC12> show data
#
#1 file 1 spectrum 
#Spectrum 1  Spectral Data File: /home/thaddaeus/FMU/Steiner/thaddaeus/1130360260/jspipe/js_ni1130360260_0mpu7_silver_GTI0.jsgrp
#Net count rate (cts/s) for Spectrum:1  -7.152e-02 +/- 1.345e-01 (-0.9 % total)
# Assigned to Data Group 1 and Plot Group 1
#  Noticed Channels:  83-254
#  Telescope: NICER Instrument: XTI  Channel Type: PI
#  Exposure Time: 464.8 sec
# Using fit statistic: pgstat
# Using Background File                /home/thaddaeus/FMU/Steiner/thaddaeus/1130360260/jspipe/js_ni1130360260_0mpu7_silver_GTI0.bg
#  Background Exposure Time: 464.8 sec
# Using Response (RMF) File            /home/thaddaeus/FMU/Steiner/thaddaeus/nicer_d49_55575341.rmf for Source 1
# Using Auxiliary Response (ARF) File  /home/thaddaeus/FMU/Steiner/thaddaeus/nicer_d49_55575341.arf
#
#
!XSPEC12> show fit
#
#Fit statistic  : PG-Statistic                 187.62     using 172 bins.
#
#Test statistic : Chi-Squared                  195.55     using 172 bins.
# Null hypothesis probability of 5.22e-02 with 165 degrees of freedom
#
!XSPEC12> show param
#
#Parameters defined:
#========================================================================
#Model TBfeo<1>*simpl<2>*diskbb<3> Source No.: 1   Active/On
#Model Model Component  Parameter  Unit     Value
# par  comp
#   1    1   TBfeo      nH         10^22    4.20258      +/-  2053.02      
#   2    1   TBfeo      O                   1.01414      +/-  2053.78      
#   3    1   TBfeo      Fe                  1.43600      +/-  2103.98      
#   4    1   TBfeo      redshift            0.0          frozen
#   5    2   simpl      Gamma               1.39630      +/-  180.322      
#   6    2   simpl      FracSctr            0.990050     +/-  2.88709E+04  
#   7    2   simpl      UpScOnly            1.00000      frozen
#   8    3   diskbb     Tin        keV      0.505053     +/-  1.91143E+04  
#   9    3   diskbb     norm                0.406708     +/-  4.48169E+04  
#________________________________________________________________________
#
#
!XSPEC12> log none
#