#XSPEC version: 12.11.0
#Build Date/Time: Thu Jul  2 16:22:45 2020
#
!XSPEC12> chatter 10
#
!XSPEC12> show data
#
#1 file 1 spectrum 
#Spectrum 1  Spectral Data File: /home/thaddaeus/FMU/Steiner/thaddaeus/1130360142/jspipe/js_ni1130360142_0mpu7_silver_GTI0.jsgrp
#Net count rate (cts/s) for Spectrum:1  1.781e+02 +/- 1.016e+00 (60.0 % total)
# Assigned to Data Group 1 and Plot Group 1
#  Noticed Channels:  83-254
#  Telescope: NICER Instrument: XTI  Channel Type: PI
#  Exposure Time: 355.3 sec
# Using fit statistic: pgstat
# Using Background File                /home/thaddaeus/FMU/Steiner/thaddaeus/1130360142/jspipe/js_ni1130360142_0mpu7_silver_GTI0.bg
#  Background Exposure Time: 355.3 sec
# Using Response (RMF) File            /home/thaddaeus/FMU/Steiner/thaddaeus/nicer_d49_55575341.rmf for Source 1
# Using Auxiliary Response (ARF) File  /home/thaddaeus/FMU/Steiner/thaddaeus/nicer_d49_55575341.arf
#
#
!XSPEC12> show fit
#
#Fit statistic  : PG-Statistic                1992.73     using 172 bins.
#
#Test statistic : Chi-Squared                 1371.82     using 172 bins.
# Null hypothesis probability of 4.02e-189 with 165 degrees of freedom
#
!XSPEC12> show param
#
#Parameters defined:
#========================================================================
#Model TBfeo<1>*simpl<2>*diskbb<3> Source No.: 1   Active/On
#Model Model Component  Parameter  Unit     Value
# par  comp
#   1    1   TBfeo      nH         10^22    3.17319      +/-  2.78044      
#   2    1   TBfeo      O                   1.00001      +/-  42.9747      
#   3    1   TBfeo      Fe                  1.07555      +/-  104.470      
#   4    1   TBfeo      redshift            0.0          frozen
#   5    2   simpl      Gamma               2.87114      +/-  19.6666      
#   6    2   simpl      FracSctr            4.98981E-03  +/-  9.24500E-02  
#   7    2   simpl      UpScOnly            1.00000      frozen
#   8    3   diskbb     Tin        keV      0.573287     +/-  0.119325     
#   9    3   diskbb     norm                5423.91      +/-  1.00426E+04  
#________________________________________________________________________
#
#
!XSPEC12> log none
#