#XSPEC version: 12.11.0
#Build Date/Time: Thu Jul  2 16:22:45 2020
#
!XSPEC12> chatter 10
#
!XSPEC12> show data
#
#1 file 1 spectrum 
#Spectrum 1  Spectral Data File: /home/thaddaeus/FMU/Steiner/thaddaeus/1130360220/jspipe/js_ni1130360220_0mpu7_silver_GTI0.jsgrp
#Net count rate (cts/s) for Spectrum:1  -3.118e+00 +/- 3.988e-01 (-14.8 % total)
# Assigned to Data Group 1 and Plot Group 1
#  Noticed Channels:  83-254
#  Telescope: NICER Instrument: XTI  Channel Type: PI
#  Exposure Time: 141.9 sec
# Using fit statistic: pgstat
# Using Background File                /home/thaddaeus/FMU/Steiner/thaddaeus/1130360220/jspipe/js_ni1130360220_0mpu7_silver_GTI0.bg
#  Background Exposure Time: 141.9 sec
# Using Response (RMF) File            /home/thaddaeus/FMU/Steiner/thaddaeus/nicer_d49_55575341.rmf for Source 1
# Using Auxiliary Response (ARF) File  /home/thaddaeus/FMU/Steiner/thaddaeus/nicer_d49_55575341.arf
#
#
!XSPEC12> show fit
#
#Fit statistic  : PG-Statistic                 278.60     using 172 bins.
#
#Test statistic : Chi-Squared                  357.92     using 172 bins.
# Null hypothesis probability of 2.63e-16 with 165 degrees of freedom
#
!XSPEC12> show param
#
#Parameters defined:
#========================================================================
#Model TBfeo<1>*simpl<2>*diskbb<3> Source No.: 1   Active/On
#Model Model Component  Parameter  Unit     Value
# par  comp
#   1    1   TBfeo      nH         10^22    4.20227      +/-  3.82890E+07  
#   2    1   TBfeo      O                   1.00234      +/-  3.18015E+07  
#   3    1   TBfeo      Fe                  1.35808      +/-  3.34573E+07  
#   4    1   TBfeo      redshift            0.0          frozen
#   5    2   simpl      Gamma               2.78098      +/-  7.96907E+05  
#   6    2   simpl      FracSctr            0.449795     +/-  2.66793E+11  
#   7    2   simpl      UpScOnly            1.00000      frozen
#   8    3   diskbb     Tin        keV      0.148606     +/-  4.22879E+10  
#   9    3   diskbb     norm                5.56689E-03  +/-  1.12658E+10  
#________________________________________________________________________
#
#
!XSPEC12> log none
#