#XSPEC version: 12.11.0
#Build Date/Time: Thu Jul  2 16:22:45 2020
#
!XSPEC12> chatter 10
#
!XSPEC12> show data
#
#1 file 1 spectrum 
#Spectrum 1  Spectral Data File: /home/thaddaeus/FMU/Steiner/thaddaeus/1130360111/jspipe/js_ni1130360111_0mpu7_silver_GTI0.jsgrp
#Net count rate (cts/s) for Spectrum:1  6.640e+03 +/- 2.058e+00 (100.0 % total)
# Assigned to Data Group 1 and Plot Group 1
#  Noticed Channels:  83-254
#  Telescope: NICER Instrument: XTI  Channel Type: PI
#  Exposure Time: 1568 sec
# Using fit statistic: pgstat
# Using Background File                /home/thaddaeus/FMU/Steiner/thaddaeus/1130360111/jspipe/js_ni1130360111_0mpu7_silver_GTI0.bg
#  Background Exposure Time: 1568 sec
# Using Response (RMF) File            /home/thaddaeus/FMU/Steiner/thaddaeus/nicer_d49_55575341.rmf for Source 1
# Using Auxiliary Response (ARF) File  /home/thaddaeus/FMU/Steiner/thaddaeus/nicer_d49_55575341.arf
#
#
!XSPEC12> show fit
#
#Fit statistic  : PG-Statistic                 739.24     using 172 bins.
#
#Test statistic : Chi-Squared                  739.08     using 172 bins.
# Null hypothesis probability of 1.46e-73 with 165 degrees of freedom
#
!XSPEC12> show param
#
#Parameters defined:
#========================================================================
#Model TBfeo<1>*simpl<2>*diskbb<3> Source No.: 1   Active/On
#Model Model Component  Parameter  Unit     Value
# par  comp
#   1    1   TBfeo      nH         10^22    3.18257      +/-  0.195751     
#   2    1   TBfeo      O                   1.02513      +/-  0.181401     
#   3    1   TBfeo      Fe                  1.44758      +/-  0.217483     
#   4    1   TBfeo      redshift            0.0          frozen
#   5    2   simpl      Gamma               2.70717      +/-  0.192642     
#   6    2   simpl      FracSctr            0.187681     +/-  3.04127E-02  
#   7    2   simpl      UpScOnly            1.00000      frozen
#   8    3   diskbb     Tin        keV      1.11319      +/-  1.69586E-02  
#   9    3   diskbb     norm                4296.09      +/-  250.700      
#________________________________________________________________________
#
#
!XSPEC12> log none
#