#XSPEC version: 12.11.0
#Build Date/Time: Thu Jul  2 16:22:45 2020
#
!XSPEC12> chatter 10
#
!XSPEC12> show data
#
#1 file 1 spectrum 
#Spectrum 1  Spectral Data File: /home/thaddaeus/FMU/Steiner/thaddaeus/1130360152/jspipe/js_ni1130360152_0mpu7_silver_GTI0.jsgrp
#Net count rate (cts/s) for Spectrum:1  5.209e+01 +/- 3.560e-01 (99.6 % total)
# Assigned to Data Group 1 and Plot Group 1
#  Noticed Channels:  83-182
#  Telescope: NICER Instrument: XTI  Channel Type: PI
#  Exposure Time: 412.8 sec
# Using fit statistic: pgstat
# Using Background File                /home/thaddaeus/FMU/Steiner/thaddaeus/1130360152/jspipe/js_ni1130360152_0mpu7_silver_GTI0.bg
#  Background Exposure Time: 412.8 sec
# Using Response (RMF) File            /home/thaddaeus/FMU/Steiner/thaddaeus/nicer_d49_55575341.rmf for Source 1
# Using Auxiliary Response (ARF) File  /home/thaddaeus/FMU/Steiner/thaddaeus/nicer_d49_55575341.arf
#
#
!XSPEC12> show fit
#
#Fit statistic  : PG-Statistic                  85.59     using 100 bins.
#
#Test statistic : Chi-Squared                   86.66     using 100 bins.
# Null hypothesis probability of 6.65e-01 with 93 degrees of freedom
#
!XSPEC12> show param
#
#Parameters defined:
#========================================================================
#Model TBfeo<1>*simpl<2>*diskbb<3> Source No.: 1   Active/On
#Model Model Component  Parameter  Unit     Value
# par  comp
#   1    1   TBfeo      nH         10^22    3.09606      +/-  3.62813      
#   2    1   TBfeo      O                   0.993096     +/-  12.8313      
#   3    1   TBfeo      Fe                  1.32027      +/-  31.2816      
#   4    1   TBfeo      redshift            0.0          frozen
#   5    2   simpl      Gamma               2.83474      +/-  3.12758      
#   6    2   simpl      FracSctr            4.98981E-03  +/-  1.68364E-02  
#   7    2   simpl      UpScOnly            1.00000      frozen
#   8    3   diskbb     Tin        keV      0.472818     +/-  3.13855E-02  
#   9    3   diskbb     norm                5370.23      +/-  3262.79      
#________________________________________________________________________
#
#
!XSPEC12> log none
#