#XSPEC version: 12.11.0
#Build Date/Time: Thu Jul  2 16:22:45 2020
#
!XSPEC12> chatter 10
#
!XSPEC12> show data
#
#1 file 1 spectrum 
#Spectrum 1  Spectral Data File: /home/thaddaeus/FMU/Steiner/thaddaeus/1130360161/jspipe/js_ni1130360161_0mpu7_silver_GTI0.jsgrp
#Net count rate (cts/s) for Spectrum:1  2.704e+00 +/- 5.932e-02 (82.8 % total)
# Assigned to Data Group 1 and Plot Group 1
#  Noticed Channels:  83-214
#  Telescope: NICER Instrument: XTI  Channel Type: PI
#  Exposure Time: 943.7 sec
# Using fit statistic: pgstat
# Using Background File                /home/thaddaeus/FMU/Steiner/thaddaeus/1130360161/jspipe/js_ni1130360161_0mpu7_silver_GTI0.bg
#  Background Exposure Time: 943.7 sec
# Using Response (RMF) File            /home/thaddaeus/FMU/Steiner/thaddaeus/nicer_d49_55575341.rmf for Source 1
# Using Auxiliary Response (ARF) File  /home/thaddaeus/FMU/Steiner/thaddaeus/nicer_d49_55575341.arf
#
#
!XSPEC12> show fit
#
#Fit statistic  : PG-Statistic                 112.65     using 132 bins.
#
#Test statistic : Chi-Squared                  130.36     using 132 bins.
# Null hypothesis probability of 3.53e-01 with 125 degrees of freedom
#
!XSPEC12> show param
#
#Parameters defined:
#========================================================================
#Model TBfeo<1>*simpl<2>*diskbb<3> Source No.: 1   Active/On
#Model Model Component  Parameter  Unit     Value
# par  comp
#   1    1   TBfeo      nH         10^22    3.09365      +/-  12.2917      
#   2    1   TBfeo      O                   4.89820E-02  +/-  16.1942      
#   3    1   TBfeo      Fe                  0.307675     +/-  34.8381      
#   4    1   TBfeo      redshift            0.0          frozen
#   5    2   simpl      Gamma               1.39365      +/-  1.54398      
#   6    2   simpl      FracSctr            4.98981E-03  +/-  1.09315E-02  
#   7    2   simpl      UpScOnly            1.00000      frozen
#   8    3   diskbb     Tin        keV      0.352465     +/-  0.104599     
#   9    3   diskbb     norm                2239.31      +/-  7592.27      
#________________________________________________________________________
#
#
!XSPEC12> log none
#