#XSPEC version: 12.11.0
#Build Date/Time: Thu Jul  2 16:22:45 2020
#
!XSPEC12> chatter 10
#
!XSPEC12> show data
#
#1 file 1 spectrum 
#Spectrum 1  Spectral Data File: /home/thaddaeus/FMU/Steiner/thaddaeus/1130360268/jspipe/js_ni1130360268_0mpu7_silver_GTI0.jsgrp
#Net count rate (cts/s) for Spectrum:1  1.292e+00 +/- 2.914e-02 (82.6 % total)
# Assigned to Data Group 1 and Plot Group 1
#  Noticed Channels:  83-240
#  Telescope: NICER Instrument: XTI  Channel Type: PI
#  Exposure Time: 1905 sec
# Using fit statistic: pgstat
# Using Background File                /home/thaddaeus/FMU/Steiner/thaddaeus/1130360268/jspipe/js_ni1130360268_0mpu7_silver_GTI0.bg
#  Background Exposure Time: 1905 sec
# Using Response (RMF) File            /home/thaddaeus/FMU/Steiner/thaddaeus/nicer_d49_55575341.rmf for Source 1
# Using Auxiliary Response (ARF) File  /home/thaddaeus/FMU/Steiner/thaddaeus/nicer_d49_55575341.arf
#
#
!XSPEC12> show fit
#
#Fit statistic  : PG-Statistic                 147.74     using 158 bins.
#
#Test statistic : Chi-Squared                  147.59     using 158 bins.
# Null hypothesis probability of 5.63e-01 with 151 degrees of freedom
#
!XSPEC12> show param
#
#Parameters defined:
#========================================================================
#Model TBfeo<1>*simpl<2>*diskbb<3> Source No.: 1   Active/On
#Model Model Component  Parameter  Unit     Value
# par  comp
#   1    1   TBfeo      nH         10^22    3.45856      +/-  18.0358      
#   2    1   TBfeo      O                   0.172086     +/-  9.11688      
#   3    1   TBfeo      Fe                  0.307675     +/-  9.71499      
#   4    1   TBfeo      redshift            0.0          frozen
#   5    2   simpl      Gamma               1.39365      +/-  1.80278      
#   6    2   simpl      FracSctr            0.844464     +/-  1.45515      
#   7    2   simpl      UpScOnly            1.00000      frozen
#   8    3   diskbb     Tin        keV      0.840580     +/-  6.21869      
#   9    3   diskbb     norm                1.58186      +/-  38.1652      
#________________________________________________________________________
#
#
!XSPEC12> log none
#