#XSPEC version: 12.11.0
#Build Date/Time: Thu Jul  2 16:22:45 2020
#
!XSPEC12> chatter 10
#
!XSPEC12> show data
#
#1 file 1 spectrum 
#Spectrum 1  Spectral Data File: /home/thaddaeus/FMU/Steiner/thaddaeus/1130360248/jspipe/js_ni1130360248_0mpu7_silver_GTI0.jsgrp
#Net count rate (cts/s) for Spectrum:1  6.110e+00 +/- 1.019e-01 (88.3 % total)
# Assigned to Data Group 1 and Plot Group 1
#  Noticed Channels:  83-242
#  Telescope: NICER Instrument: XTI  Channel Type: PI
#  Exposure Time: 672.8 sec
# Using fit statistic: pgstat
# Using Background File                /home/thaddaeus/FMU/Steiner/thaddaeus/1130360248/jspipe/js_ni1130360248_0mpu7_silver_GTI0.bg
#  Background Exposure Time: 672.8 sec
# Using Response (RMF) File            /home/thaddaeus/FMU/Steiner/thaddaeus/nicer_d49_55575341.rmf for Source 1
# Using Auxiliary Response (ARF) File  /home/thaddaeus/FMU/Steiner/thaddaeus/nicer_d49_55575341.arf
#
#
!XSPEC12> show fit
#
#Fit statistic  : PG-Statistic                 162.47     using 160 bins.
#
#Test statistic : Chi-Squared                  175.63     using 160 bins.
# Null hypothesis probability of 1.02e-01 with 153 degrees of freedom
#
!XSPEC12> show param
#
#Parameters defined:
#========================================================================
#Model TBfeo<1>*simpl<2>*diskbb<3> Source No.: 1   Active/On
#Model Model Component  Parameter  Unit     Value
# par  comp
#   1    1   TBfeo      nH         10^22    3.70404      +/-  12.3994      
#   2    1   TBfeo      O                   0.600009     +/-  7.82075      
#   3    1   TBfeo      Fe                  1.01326      +/-  7.93338      
#   4    1   TBfeo      redshift            0.0          frozen
#   5    2   simpl      Gamma               2.11825      +/-  3.10276      
#   6    2   simpl      FracSctr            0.990031     +/-  178.948      
#   7    2   simpl      UpScOnly            1.00000      frozen
#   8    3   diskbb     Tin        keV      1.00622      +/-  155.147      
#   9    3   diskbb     norm                3.50182      +/-  1634.71      
#________________________________________________________________________
#
#
!XSPEC12> log none
#