#XSPEC version: 12.11.0
#Build Date/Time: Thu Jul  2 16:22:45 2020
#
!XSPEC12> chatter 10
#
!XSPEC12> show data
#
#1 file 1 spectrum 
#Spectrum 1  Spectral Data File: /home/thaddaeus/FMU/Steiner/thaddaeus/1130360184/jspipe/js_ni1130360184_0mpu7_silver_GTI0.jsgrp
#Net count rate (cts/s) for Spectrum:1  4.108e+01 +/- 4.384e-01 (99.5 % total)
# Assigned to Data Group 1 and Plot Group 1
#  Noticed Channels:  83-196
#  Telescope: NICER Instrument: XTI  Channel Type: PI
#  Exposure Time: 214.9 sec
# Using fit statistic: pgstat
# Using Background File                /home/thaddaeus/FMU/Steiner/thaddaeus/1130360184/jspipe/js_ni1130360184_0mpu7_silver_GTI0.bg
#  Background Exposure Time: 214.9 sec
# Using Response (RMF) File            /home/thaddaeus/FMU/Steiner/thaddaeus/nicer_d49_55575341.rmf for Source 1
# Using Auxiliary Response (ARF) File  /home/thaddaeus/FMU/Steiner/thaddaeus/nicer_d49_55575341.arf
#
#
!XSPEC12> show fit
#
#Fit statistic  : PG-Statistic                 105.58     using 114 bins.
#
#Test statistic : Chi-Squared                  108.82     using 114 bins.
# Null hypothesis probability of 4.33e-01 with 107 degrees of freedom
#
!XSPEC12> show param
#
#Parameters defined:
#========================================================================
#Model TBfeo<1>*simpl<2>*diskbb<3> Source No.: 1   Active/On
#Model Model Component  Parameter  Unit     Value
# par  comp
#   1    1   TBfeo      nH         10^22    3.11998      +/-  5.86748      
#   2    1   TBfeo      O                   4.89820E-02  +/-  6.58447      
#   3    1   TBfeo      Fe                  0.307675     +/-  14.2683      
#   4    1   TBfeo      redshift            0.0          frozen
#   5    2   simpl      Gamma               1.88076      +/-  1.15044      
#   6    2   simpl      FracSctr            2.00955E-02  +/-  1.54590E-02  
#   7    2   simpl      UpScOnly            1.00000      frozen
#   8    3   diskbb     Tin        keV      0.498446     +/-  7.11990E-02  
#   9    3   diskbb     norm                2190.30      +/-  2559.15      
#________________________________________________________________________
#
#
!XSPEC12> log none
#