#XSPEC version: 12.11.0
#Build Date/Time: Thu Jul  2 16:22:45 2020
#
!XSPEC12> chatter 10
#
!XSPEC12> show data
#
#1 file 1 spectrum 
#Spectrum 1  Spectral Data File: /home/thaddaeus/FMU/Steiner/thaddaeus/1130360285/jspipe/js_ni1130360285_0mpu7_silver_GTI0.jsgrp
#Net count rate (cts/s) for Spectrum:1  -5.697e+00 +/- 2.577e-01 (-38.9 % total)
# Assigned to Data Group 1 and Plot Group 1
#  Noticed Channels:  83-254
#  Telescope: NICER Instrument: XTI  Channel Type: PI
#  Exposure Time: 248.9 sec
# Using fit statistic: pgstat
# Using Background File                /home/thaddaeus/FMU/Steiner/thaddaeus/1130360285/jspipe/js_ni1130360285_0mpu7_silver_GTI0.bg
#  Background Exposure Time: 248.9 sec
# Using Response (RMF) File            /home/thaddaeus/FMU/Steiner/thaddaeus/nicer_d49_55575341.rmf for Source 1
# Using Auxiliary Response (ARF) File  /home/thaddaeus/FMU/Steiner/thaddaeus/nicer_d49_55575341.arf
#
#
!XSPEC12> show fit
#
#Fit statistic  : PG-Statistic                 649.52     using 172 bins.
#
#Test statistic : Chi-Squared                  855.31     using 172 bins.
# Null hypothesis probability of 1.19e-93 with 165 degrees of freedom
#
!XSPEC12> show param
#
#Parameters defined:
#========================================================================
#Model TBfeo<1>*simpl<2>*diskbb<3> Source No.: 1   Active/On
#Model Model Component  Parameter  Unit     Value
# par  comp
#   1    1   TBfeo      nH         10^22    3.22710      +/-  8.53005E+07  
#   2    1   TBfeo      O                   0.284234     +/-  1.08471E+08  
#   3    1   TBfeo      Fe                  0.477420     +/-  1.81487E+08  
#   4    1   TBfeo      redshift            0.0          frozen
#   5    2   simpl      Gamma               2.86473      +/-  3.87046E+06  
#   6    2   simpl      FracSctr            6.03329E-02  +/-  4.38161E+09  
#   7    2   simpl      UpScOnly            1.00000      frozen
#   8    3   diskbb     Tin        keV      0.148524     +/-  2.93826E+08  
#   9    3   diskbb     norm                5.48913E-03  +/-  6.75402E+08  
#________________________________________________________________________
#
#
!XSPEC12> log none
#