#XSPEC version: 12.11.0
#Build Date/Time: Thu Jul  2 16:22:45 2020
#
!XSPEC12> chatter 10
#
!XSPEC12> show data
#
#1 file 1 spectrum 
#Spectrum 1  Spectral Data File: /home/thaddaeus/FMU/Steiner/thaddaeus/1130360131/jspipe/js_ni1130360131_0mpu7_silver_GTI0.jsgrp
#Net count rate (cts/s) for Spectrum:1  9.810e+02 +/- 1.035e+00 (100.0 % total)
# Assigned to Data Group 1 and Plot Group 1
#  Noticed Channels:  83-245
#  Telescope: NICER Instrument: XTI  Channel Type: PI
#  Exposure Time: 915.9 sec
# Using fit statistic: pgstat
# Using Background File                /home/thaddaeus/FMU/Steiner/thaddaeus/1130360131/jspipe/js_ni1130360131_0mpu7_silver_GTI0.bg
#  Background Exposure Time: 915.9 sec
# Using Response (RMF) File            /home/thaddaeus/FMU/Steiner/thaddaeus/nicer_d49_55575341.rmf for Source 1
# Using Auxiliary Response (ARF) File  /home/thaddaeus/FMU/Steiner/thaddaeus/nicer_d49_55575341.arf
#
#
!XSPEC12> show fit
#
#Fit statistic  : PG-Statistic                 239.63     using 163 bins.
#
#Test statistic : Chi-Squared                  303.77     using 163 bins.
# Null hypothesis probability of 1.42e-11 with 156 degrees of freedom
#
!XSPEC12> show param
#
#Parameters defined:
#========================================================================
#Model TBfeo<1>*simpl<2>*diskbb<3> Source No.: 1   Active/On
#Model Model Component  Parameter  Unit     Value
# par  comp
#   1    1   TBfeo      nH         10^22    3.58275      +/-  0.558560     
#   2    1   TBfeo      O                   1.01878      +/-  0.890693     
#   3    1   TBfeo      Fe                  1.44758      +/-  1.88211      
#   4    1   TBfeo      redshift            0.0          frozen
#   5    2   simpl      Gamma               2.87114      +/-  2.60884      
#   6    2   simpl      FracSctr            4.98981E-03  +/-  1.26422E-02  
#   7    2   simpl      UpScOnly            1.00000      frozen
#   8    3   diskbb     Tin        keV      0.760998     +/-  1.15409E-02  
#   9    3   diskbb     norm                5176.42      +/-  475.924      
#________________________________________________________________________
#
#
!XSPEC12> log none
#