#XSPEC version: 12.11.0
#Build Date/Time: Thu Jul  2 16:22:45 2020
#
!XSPEC12> chatter 10
#
!XSPEC12> show data
#
#1 file 1 spectrum 
#Spectrum 1  Spectral Data File: /home/thaddaeus/FMU/Steiner/thaddaeus/1130360208/jspipe/js_ni1130360208_0mpu7_silver_GTI0.jsgrp
#Net count rate (cts/s) for Spectrum:1  1.808e+01 +/- 1.736e-01 (98.4 % total)
# Assigned to Data Group 1 and Plot Group 1
#  Noticed Channels:  83-244
#  Telescope: NICER Instrument: XTI  Channel Type: PI
#  Exposure Time: 610.7 sec
# Using fit statistic: pgstat
# Using Background File                /home/thaddaeus/FMU/Steiner/thaddaeus/1130360208/jspipe/js_ni1130360208_0mpu7_silver_GTI0.bg
#  Background Exposure Time: 610.7 sec
# Using Response (RMF) File            /home/thaddaeus/FMU/Steiner/thaddaeus/nicer_d49_55575341.rmf for Source 1
# Using Auxiliary Response (ARF) File  /home/thaddaeus/FMU/Steiner/thaddaeus/nicer_d49_55575341.arf
#
#
!XSPEC12> show fit
#
#Fit statistic  : PG-Statistic                 187.82     using 162 bins.
#
#Test statistic : Chi-Squared                  202.35     using 162 bins.
# Null hypothesis probability of 6.34e-03 with 155 degrees of freedom
#
!XSPEC12> show param
#
#Parameters defined:
#========================================================================
#Model TBfeo<1>*simpl<2>*diskbb<3> Source No.: 1   Active/On
#Model Model Component  Parameter  Unit     Value
# par  comp
#   1    1   TBfeo      nH         10^22    3.99646      +/-  8.59722      
#   2    1   TBfeo      O                   4.92291E-02  +/-  5.86490      
#   3    1   TBfeo      Fe                  1.44758      +/-  5.17944      
#   4    1   TBfeo      redshift            0.0          frozen
#   5    2   simpl      Gamma               1.77808      +/-  0.423077     
#   6    2   simpl      FracSctr            0.414486     +/-  1.35264      
#   7    2   simpl      UpScOnly            1.00000      frozen
#   8    3   diskbb     Tin        keV      0.446871     +/-  0.340808     
#   9    3   diskbb     norm                428.879      +/-  2762.18      
#________________________________________________________________________
#
#
!XSPEC12> log none
#