#XSPEC version: 12.11.0
#Build Date/Time: Thu Jul  2 16:22:45 2020
#
!XSPEC12> chatter 10
#
!XSPEC12> show data
#
#1 file 1 spectrum 
#Spectrum 1  Spectral Data File: /home/thaddaeus/FMU/Steiner/thaddaeus/1130360107/jspipe/js_ni1130360107_0mpu7_silver_GTI0.jsgrp
#Net count rate (cts/s) for Spectrum:1  5.770e+03 +/- 3.216e+00 (100.0 % total)
# Assigned to Data Group 1 and Plot Group 1
#  Noticed Channels:  83-254
#  Telescope: NICER Instrument: XTI  Channel Type: PI
#  Exposure Time: 558.2 sec
# Using fit statistic: pgstat
# Using Background File                /home/thaddaeus/FMU/Steiner/thaddaeus/1130360107/jspipe/js_ni1130360107_0mpu7_silver_GTI0.bg
#  Background Exposure Time: 558.2 sec
# Using Response (RMF) File            /home/thaddaeus/FMU/Steiner/thaddaeus/nicer_d49_55575341.rmf for Source 1
# Using Auxiliary Response (ARF) File  /home/thaddaeus/FMU/Steiner/thaddaeus/nicer_d49_55575341.arf
#
#
!XSPEC12> show fit
#
#Fit statistic  : PG-Statistic                 385.23     using 172 bins.
#
#Test statistic : Chi-Squared                  386.11     using 172 bins.
# Null hypothesis probability of 9.03e-20 with 165 degrees of freedom
#
!XSPEC12> show param
#
#Parameters defined:
#========================================================================
#Model TBfeo<1>*simpl<2>*diskbb<3> Source No.: 1   Active/On
#Model Model Component  Parameter  Unit     Value
# par  comp
#   1    1   TBfeo      nH         10^22    3.43822      +/-  0.405953     
#   2    1   TBfeo      O                   0.731931     +/-  0.259936     
#   3    1   TBfeo      Fe                  1.44758      +/-  0.331219     
#   4    1   TBfeo      redshift            0.0          frozen
#   5    2   simpl      Gamma               2.72354      +/-  5.54557E-02  
#   6    2   simpl      FracSctr            0.757858     +/-  0.134064     
#   7    2   simpl      UpScOnly            1.00000      frozen
#   8    3   diskbb     Tin        keV      0.765002     +/-  8.56546E-02  
#   9    3   diskbb     norm                1.25640E+04  +/-  5056.51      
#________________________________________________________________________
#
#
!XSPEC12> log none
#