#XSPEC version: 12.11.0
#Build Date/Time: Thu Jul  2 16:22:45 2020
#
!XSPEC12> chatter 10
#
!XSPEC12> show data
#
#1 file 1 spectrum 
#Spectrum 1  Spectral Data File: /home/thaddaeus/FMU/Steiner/thaddaeus/1130360256/jspipe/js_ni1130360256_0mpu7_silver_GTI0.jsgrp
#Net count rate (cts/s) for Spectrum:1  1.764e+00 +/- 1.681e-01 (84.6 % total)
# Assigned to Data Group 1 and Plot Group 1
#  Noticed Channels:  39-68
#  Telescope: NICER Instrument: XTI  Channel Type: PI
#  Exposure Time: 73.87 sec
# Using fit statistic: pgstat
# Using Background File                /home/thaddaeus/FMU/Steiner/thaddaeus/1130360256/jspipe/js_ni1130360256_0mpu7_silver_GTI0.bg
#  Background Exposure Time: 73.87 sec
# Using Response (RMF) File            /home/thaddaeus/FMU/Steiner/thaddaeus/nicer_d49_55575341.rmf for Source 1
# Using Auxiliary Response (ARF) File  /home/thaddaeus/FMU/Steiner/thaddaeus/nicer_d49_55575341.arf
#
#
!XSPEC12> show fit
#
#Fit statistic  : PG-Statistic                  29.89     using 30 bins.
#
#Test statistic : Chi-Squared                   29.40     using 30 bins.
# Null hypothesis probability of 1.67e-01 with 23 degrees of freedom
#
!XSPEC12> show param
#
#Parameters defined:
#========================================================================
#Model TBfeo<1>*simpl<2>*diskbb<3> Source No.: 1   Active/On
#Model Model Component  Parameter  Unit     Value
# par  comp
#   1    1   TBfeo      nH         10^22    4.20634      +/-  93.0830      
#   2    1   TBfeo      O                   1.02513      +/-  66.9335      
#   3    1   TBfeo      Fe                  1.44758      +/-  71.7747      
#   4    1   TBfeo      redshift            0.0          frozen
#   5    2   simpl      Gamma               1.42710      +/-  355.990      
#   6    2   simpl      FracSctr            0.142400     +/-  6.98339      
#   7    2   simpl      UpScOnly            1.00000      frozen
#   8    3   diskbb     Tin        keV      1.79845      +/-  21.6813      
#   9    3   diskbb     norm                0.191119     +/-  2.41362      
#________________________________________________________________________
#
#
!XSPEC12> log none
#