#XSPEC version: 12.11.0
#Build Date/Time: Thu Jul  2 16:22:45 2020
#
!XSPEC12> chatter 10
#
!XSPEC12> show data
#
#1 file 1 spectrum 
#Spectrum 1  Spectral Data File: /home/thaddaeus/FMU/Steiner/thaddaeus/1130360108/jspipe/js_ni1130360108_0mpu7_silver_GTI0.jsgrp
#Net count rate (cts/s) for Spectrum:1  5.789e+03 +/- 1.288e+01 (98.8 % total)
# Assigned to Data Group 1 and Plot Group 1
#  Noticed Channels:  83-254
#  Telescope: NICER Instrument: XTI  Channel Type: PI
#  Exposure Time: 35.37 sec
# Using fit statistic: pgstat
# Using Background File                /home/thaddaeus/FMU/Steiner/thaddaeus/1130360108/jspipe/js_ni1130360108_0mpu7_silver_GTI0.bg
#  Background Exposure Time: 35.37 sec
# Using Response (RMF) File            /home/thaddaeus/FMU/Steiner/thaddaeus/nicer_d49_55575341.rmf for Source 1
# Using Auxiliary Response (ARF) File  /home/thaddaeus/FMU/Steiner/thaddaeus/nicer_d49_55575341.arf
#
#
!XSPEC12> show fit
#
#Fit statistic  : PG-Statistic                 192.55     using 172 bins.
#
#Test statistic : Chi-Squared                  191.73     using 172 bins.
# Null hypothesis probability of 7.57e-02 with 165 degrees of freedom
#
!XSPEC12> show param
#
#Parameters defined:
#========================================================================
#Model TBfeo<1>*simpl<2>*diskbb<3> Source No.: 1   Active/On
#Model Model Component  Parameter  Unit     Value
# par  comp
#   1    1   TBfeo      nH         10^22    3.56271      +/-  1.45173      
#   2    1   TBfeo      O                   0.508942     +/-  0.941911     
#   3    1   TBfeo      Fe                  1.32199      +/-  1.20214      
#   4    1   TBfeo      redshift            0.0          frozen
#   5    2   simpl      Gamma               1.40257      +/-  0.454158     
#   6    2   simpl      FracSctr            0.249157     +/-  1.46780E-02  
#   7    2   simpl      UpScOnly            1.00000      frozen
#   8    3   diskbb     Tin        keV      1.07343      +/-  9.46977E-02  
#   9    3   diskbb     norm                4287.19      +/-  1159.51      
#________________________________________________________________________
#
#
!XSPEC12> log none
#