#XSPEC version: 12.11.0
#Build Date/Time: Thu Jul  2 16:22:45 2020
#
!XSPEC12> chatter 10
#
!XSPEC12> show data
#
#1 file 1 spectrum 
#Spectrum 1  Spectral Data File: /home/thaddaeus/FMU/Steiner/thaddaeus/1130360213/jspipe/js_ni1130360213_0mpu7_silver_GTI0.jsgrp
#Net count rate (cts/s) for Spectrum:1  3.835e+00 +/- 1.680e-01 (85.9 % total)
# Assigned to Data Group 1 and Plot Group 1
#  Noticed Channels:  73-170
#  Telescope: NICER Instrument: XTI  Channel Type: PI
#  Exposure Time: 158.6 sec
# Using fit statistic: pgstat
# Using Background File                /home/thaddaeus/FMU/Steiner/thaddaeus/1130360213/jspipe/js_ni1130360213_0mpu7_silver_GTI0.bg
#  Background Exposure Time: 158.6 sec
# Using Response (RMF) File            /home/thaddaeus/FMU/Steiner/thaddaeus/nicer_d49_55575341.rmf for Source 1
# Using Auxiliary Response (ARF) File  /home/thaddaeus/FMU/Steiner/thaddaeus/nicer_d49_55575341.arf
#
#
!XSPEC12> show fit
#
#Fit statistic  : PG-Statistic                  94.40     using 98 bins.
#
#Test statistic : Chi-Squared                   97.41     using 98 bins.
# Null hypothesis probability of 3.04e-01 with 91 degrees of freedom
#
!XSPEC12> show param
#
#Parameters defined:
#========================================================================
#Model TBfeo<1>*simpl<2>*diskbb<3> Source No.: 1   Active/On
#Model Model Component  Parameter  Unit     Value
# par  comp
#   1    1   TBfeo      nH         10^22    3.66862      +/-  34.1761      
#   2    1   TBfeo      O                   0.584630     +/-  19.6913      
#   3    1   TBfeo      Fe                  0.753896     +/-  20.7604      
#   4    1   TBfeo      redshift            0.0          frozen
#   5    2   simpl      Gamma               1.39365      +/-  4.79052      
#   6    2   simpl      FracSctr            0.714370     +/-  1.53695      
#   7    2   simpl      UpScOnly            1.00000      frozen
#   8    3   diskbb     Tin        keV      0.970605     +/-  6.60308      
#   9    3   diskbb     norm                3.22944      +/-  67.9447      
#________________________________________________________________________
#
#
!XSPEC12> log none
#