#XSPEC version: 12.11.0
#Build Date/Time: Thu Jul  2 16:22:45 2020
#
!XSPEC12> chatter 10
#
!XSPEC12> show data
#
#1 file 1 spectrum 
#Spectrum 1  Spectral Data File: /home/thaddaeus/FMU/Steiner/thaddaeus/1130360274/jspipe/js_ni1130360274_0mpu7_silver_GTI0.jsgrp
#Net count rate (cts/s) for Spectrum:1  1.880e+00 +/- 4.024e-02 (91.8 % total)
# Assigned to Data Group 1 and Plot Group 1
#  Noticed Channels:  82-223
#  Telescope: NICER Instrument: XTI  Channel Type: PI
#  Exposure Time: 1278 sec
# Using fit statistic: pgstat
# Using Background File                /home/thaddaeus/FMU/Steiner/thaddaeus/1130360274/jspipe/js_ni1130360274_0mpu7_silver_GTI0.bg
#  Background Exposure Time: 1278 sec
# Using Response (RMF) File            /home/thaddaeus/FMU/Steiner/thaddaeus/nicer_d49_55575341.rmf for Source 1
# Using Auxiliary Response (ARF) File  /home/thaddaeus/FMU/Steiner/thaddaeus/nicer_d49_55575341.arf
#
#
!XSPEC12> show fit
#
#Fit statistic  : PG-Statistic                 129.03     using 142 bins.
#
#Test statistic : Chi-Squared                  140.36     using 142 bins.
# Null hypothesis probability of 3.58e-01 with 135 degrees of freedom
#
!XSPEC12> show param
#
#Parameters defined:
#========================================================================
#Model TBfeo<1>*simpl<2>*diskbb<3> Source No.: 1   Active/On
#Model Model Component  Parameter  Unit     Value
# par  comp
#   1    1   TBfeo      nH         10^22    3.85468      +/-  15.0778      
#   2    1   TBfeo      O                   0.582904     +/-  8.79485      
#   3    1   TBfeo      Fe                  0.375512     +/-  8.27280      
#   4    1   TBfeo      redshift            0.0          frozen
#   5    2   simpl      Gamma               1.39365      +/-  12.2566      
#   6    2   simpl      FracSctr            0.474278     +/-  0.748290     
#   7    2   simpl      UpScOnly            1.00000      frozen
#   8    3   diskbb     Tin        keV      1.54032      +/-  4.45210      
#   9    3   diskbb     norm                0.318512     +/-  1.34699      
#________________________________________________________________________
#
#
!XSPEC12> log none
#