#XSPEC version: 12.11.0
#Build Date/Time: Thu Jul  2 16:22:45 2020
#
!XSPEC12> chatter 10
#
!XSPEC12> show data
#
#1 file 1 spectrum 
#Spectrum 1  Spectral Data File: /home/thaddaeus/FMU/Steiner/thaddaeus/1130360241/jspipe/js_ni1130360241_0mpu7_silver_GTI0.jsgrp
#Net count rate (cts/s) for Spectrum:1  5.798e+00 +/- 1.867e-01 (35.7 % total)
# Assigned to Data Group 1 and Plot Group 1
#  Noticed Channels:  83-254
#  Telescope: NICER Instrument: XTI  Channel Type: PI
#  Exposure Time: 502.7 sec
# Using fit statistic: pgstat
# Using Background File                /home/thaddaeus/FMU/Steiner/thaddaeus/1130360241/jspipe/js_ni1130360241_0mpu7_silver_GTI0.bg
#  Background Exposure Time: 502.7 sec
# Using Response (RMF) File            /home/thaddaeus/FMU/Steiner/thaddaeus/nicer_d49_55575341.rmf for Source 1
# Using Auxiliary Response (ARF) File  /home/thaddaeus/FMU/Steiner/thaddaeus/nicer_d49_55575341.arf
#
#
!XSPEC12> show fit
#
#Fit statistic  : PG-Statistic                 417.51     using 172 bins.
#
#Test statistic : Chi-Squared                  340.62     using 172 bins.
# Null hypothesis probability of 2.76e-14 with 165 degrees of freedom
#
!XSPEC12> show param
#
#Parameters defined:
#========================================================================
#Model TBfeo<1>*simpl<2>*diskbb<3> Source No.: 1   Active/On
#Model Model Component  Parameter  Unit     Value
# par  comp
#   1    1   TBfeo      nH         10^22    4.20635      +/-  30.5555      
#   2    1   TBfeo      O                   1.02513      +/-  52.4640      
#   3    1   TBfeo      Fe                  1.44607      +/-  17.9542      
#   4    1   TBfeo      redshift            0.0          frozen
#   5    2   simpl      Gamma               1.39365      +/-  26.8740      
#   6    2   simpl      FracSctr            0.990052     +/-  473.854      
#   7    2   simpl      UpScOnly            1.00000      frozen
#   8    3   diskbb     Tin        keV      1.42150      +/-  1647.95      
#   9    3   diskbb     norm                0.998817     +/-  3541.68      
#________________________________________________________________________
#
#
!XSPEC12> log none
#