#XSPEC version: 12.11.0
#Build Date/Time: Thu Jul  2 16:22:45 2020
#
!XSPEC12> chatter 10
#
!XSPEC12> show data
#
#1 file 1 spectrum 
#Spectrum 1  Spectral Data File: /home/thaddaeus/FMU/Steiner/thaddaeus/1130360195/jspipe/js_ni1130360195_0mpu7_silver_GTI0.jsgrp
#Net count rate (cts/s) for Spectrum:1  -1.183e+00 +/- 4.948e-02 (-55.0 % total)
# Assigned to Data Group 1 and Plot Group 1
#  Noticed Channels:  83-253
#  Telescope: NICER Instrument: XTI  Channel Type: PI
#  Exposure Time: 1098 sec
# Using fit statistic: pgstat
# Using Background File                /home/thaddaeus/FMU/Steiner/thaddaeus/1130360195/jspipe/js_ni1130360195_0mpu7_silver_GTI0.bg
#  Background Exposure Time: 1098 sec
# Using Response (RMF) File            /home/thaddaeus/FMU/Steiner/thaddaeus/nicer_d49_55575341.rmf for Source 1
# Using Auxiliary Response (ARF) File  /home/thaddaeus/FMU/Steiner/thaddaeus/nicer_d49_55575341.arf
#
#
!XSPEC12> show fit
#
#Fit statistic  : PG-Statistic                 793.19     using 171 bins.
#
#Test statistic : Chi-Squared                 1080.09     using 171 bins.
# Null hypothesis probability of 1.25e-134 with 164 degrees of freedom
#
!XSPEC12> show param
#
#Parameters defined:
#========================================================================
#Model TBfeo<1>*simpl<2>*diskbb<3> Source No.: 1   Active/On
#Model Model Component  Parameter  Unit     Value
# par  comp
#   1    1   TBfeo      nH         10^22    3.24038      +/-  1.59688E+08  
#   2    1   TBfeo      O                   4.90313E-02  +/-  2.01621E+08  
#   3    1   TBfeo      Fe                  0.307696     +/-  3.43262E+08  
#   4    1   TBfeo      redshift            0.0          frozen
#   5    2   simpl      Gamma               2.86969      +/-  7.66615E+06  
#   6    2   simpl      FracSctr            5.48397E-02  +/-  1.01837E+12  
#   7    2   simpl      UpScOnly            1.00000      frozen
#   8    3   diskbb     Tin        keV      0.148551     +/-  9.24550E+10  
#   9    3   diskbb     norm                6.16726E-05  +/-  2.29022E+09  
#________________________________________________________________________
#
#
!XSPEC12> log none
#