#XSPEC version: 12.11.0
#Build Date/Time: Thu Jul  2 16:22:45 2020
#
!XSPEC12> chatter 10
#
!XSPEC12> show data
#
#1 file 1 spectrum 
#Spectrum 1  Spectral Data File: /home/thaddaeus/FMU/Steiner/thaddaeus/1130360193/jspipe/js_ni1130360193_0mpu7_silver_GTI0.jsgrp
#Net count rate (cts/s) for Spectrum:1  -2.353e+00 +/- 2.025e-01 (-41.3 % total)
# Assigned to Data Group 1 and Plot Group 1
#  Noticed Channels:  65-195
#  Telescope: NICER Instrument: XTI  Channel Type: PI
#  Exposure Time: 145 sec
# Using fit statistic: pgstat
# Using Background File                /home/thaddaeus/FMU/Steiner/thaddaeus/1130360193/jspipe/js_ni1130360193_0mpu7_silver_GTI0.bg
#  Background Exposure Time: 145 sec
# Using Response (RMF) File            /home/thaddaeus/FMU/Steiner/thaddaeus/nicer_d49_55575341.rmf for Source 1
# Using Auxiliary Response (ARF) File  /home/thaddaeus/FMU/Steiner/thaddaeus/nicer_d49_55575341.arf
#
#
!XSPEC12> show fit
#
#Fit statistic  : PG-Statistic                 249.54     using 131 bins.
#
#Test statistic : Chi-Squared                  404.41     using 131 bins.
# Null hypothesis probability of 1.93e-31 with 124 degrees of freedom
#
!XSPEC12> show param
#
#Parameters defined:
#========================================================================
#Model TBfeo<1>*simpl<2>*diskbb<3> Source No.: 1   Active/On
#Model Model Component  Parameter  Unit     Value
# par  comp
#   1    1   TBfeo      nH         10^22    3.23958      +/-  3.02137E+09  
#   2    1   TBfeo      O                   1.00645      +/-  4.21145E+09  
#   3    1   TBfeo      Fe                  1.33263      +/-  6.97330E+09  
#   4    1   TBfeo      redshift            0.0          frozen
#   5    2   simpl      Gamma               2.87106      +/-  3.39873E+08  
#   6    2   simpl      FracSctr            0.452422     +/-  9.96808E+13  
#   7    2   simpl      UpScOnly            1.00000      frozen
#   8    3   diskbb     Tin        keV      0.148527     +/-  8.20056E+12  
#   9    3   diskbb     norm                1.79777E-04  +/-  6.70017E+10  
#________________________________________________________________________
#
#
!XSPEC12> log none
#