#XSPEC version: 12.11.0
#Build Date/Time: Thu Jul  2 16:22:45 2020
#
!XSPEC12> chatter 10
#
!XSPEC12> show data
#
#1 file 1 spectrum 
#Spectrum 1  Spectral Data File: /home/thaddaeus/FMU/Steiner/thaddaeus/1130360169/jspipe/js_ni1130360169_0mpu7_silver_GTI0.jsgrp
#Net count rate (cts/s) for Spectrum:1  2.479e-01 +/- 8.999e-02 (49.6 % total)
# Assigned to Data Group 1 and Plot Group 1
#  Noticed Channels:  32-37
#  Telescope: NICER Instrument: XTI  Channel Type: PI
#  Exposure Time: 61.98 sec
# Using fit statistic: pgstat
# Using Background File                /home/thaddaeus/FMU/Steiner/thaddaeus/1130360169/jspipe/js_ni1130360169_0mpu7_silver_GTI0.bg
#  Background Exposure Time: 61.98 sec
# Using Response (RMF) File            /home/thaddaeus/FMU/Steiner/thaddaeus/nicer_d49_55575341.rmf for Source 1
# Using Auxiliary Response (ARF) File  /home/thaddaeus/FMU/Steiner/thaddaeus/nicer_d49_55575341.arf
#
#
!XSPEC12> show fit
#Ill-formed Fit problem - number of variable parameters exceeds number of bins
#
!XSPEC12> show param
#
#Parameters defined:
#========================================================================
#Model TBfeo<1>*simpl<2>*diskbb<3> Source No.: 1   Active/On
#Model Model Component  Parameter  Unit     Value
# par  comp
#   1    1   TBfeo      nH         10^22    3.70000      +/-  0.0          
#   2    1   TBfeo      O                   0.600000     +/-  0.0          
#   3    1   TBfeo      Fe                  1.00000      +/-  0.0          
#   4    1   TBfeo      redshift            0.0          frozen
#   5    2   simpl      Gamma               1.96661      +/-  21.9646      
#   6    2   simpl      FracSctr            0.982687     +/-  511.017      
#   7    2   simpl      UpScOnly            1.00000      frozen
#   8    3   diskbb     Tin        keV      0.667600     +/-  370.175      
#   9    3   diskbb     norm                0.711150     +/-  1218.90      
#________________________________________________________________________
#
#
!XSPEC12> log none
#