#XSPEC version: 12.11.0
#Build Date/Time: Thu Jul  2 16:22:45 2020
#
!XSPEC12> chatter 10
#
!XSPEC12> show data
#
#1 file 1 spectrum 
#Spectrum 1  Spectral Data File: /home/thaddaeus/FMU/Steiner/thaddaeus/1130360270/jspipe/js_ni1130360270_0mpu7_silver_GTI0.jsgrp
#Net count rate (cts/s) for Spectrum:1  1.221e+00 +/- 3.850e-02 (44.4 % total)
# Assigned to Data Group 1 and Plot Group 1
#  Noticed Channels:  83-254
#  Telescope: NICER Instrument: XTI  Channel Type: PI
#  Exposure Time: 2117 sec
# Using fit statistic: pgstat
# Using Background File                /home/thaddaeus/FMU/Steiner/thaddaeus/1130360270/jspipe/js_ni1130360270_0mpu7_silver_GTI0.bg
#  Background Exposure Time: 2117 sec
# Using Response (RMF) File            /home/thaddaeus/FMU/Steiner/thaddaeus/nicer_d49_55575341.rmf for Source 1
# Using Auxiliary Response (ARF) File  /home/thaddaeus/FMU/Steiner/thaddaeus/nicer_d49_55575341.arf
#
#
!XSPEC12> show fit
#
#Fit statistic  : PG-Statistic                 190.71     using 172 bins.
#
#Test statistic : Chi-Squared                  177.85     using 172 bins.
# Null hypothesis probability of 2.34e-01 with 165 degrees of freedom
#
!XSPEC12> show param
#
#Parameters defined:
#========================================================================
#Model TBfeo<1>*simpl<2>*diskbb<3> Source No.: 1   Active/On
#Model Model Component  Parameter  Unit     Value
# par  comp
#   1    1   TBfeo      nH         10^22    4.00841      +/-  21.3085      
#   2    1   TBfeo      O                   1.02513      +/-  13.4864      
#   3    1   TBfeo      Fe                  1.41148      +/-  17.0613      
#   4    1   TBfeo      redshift            0.0          frozen
#   5    2   simpl      Gamma               1.49691      +/-  3.79641      
#   6    2   simpl      FracSctr            0.760002     +/-  2.50071      
#   7    2   simpl      UpScOnly            1.00000      frozen
#   8    3   diskbb     Tin        keV      0.889024     +/-  6.73362      
#   9    3   diskbb     norm                1.41772      +/-  34.8357      
#________________________________________________________________________
#
#
!XSPEC12> log none
#