#XSPEC version: 12.11.0
#Build Date/Time: Thu Jul  2 16:22:45 2020
#
!XSPEC12> chatter 10
#
!XSPEC12> show data
#
#1 file 1 spectrum 
#Spectrum 1  Spectral Data File: /home/thaddaeus/FMU/Steiner/thaddaeus/1130360132/jspipe/js_ni1130360132_0mpu7_silver_GTI0.jsgrp
#Net count rate (cts/s) for Spectrum:1  9.871e+02 +/- 1.107e+00 (100.0 % total)
# Assigned to Data Group 1 and Plot Group 1
#  Noticed Channels:  83-243
#  Telescope: NICER Instrument: XTI  Channel Type: PI
#  Exposure Time: 805.7 sec
# Using fit statistic: pgstat
# Using Background File                /home/thaddaeus/FMU/Steiner/thaddaeus/1130360132/jspipe/js_ni1130360132_0mpu7_silver_GTI0.bg
#  Background Exposure Time: 805.7 sec
# Using Response (RMF) File            /home/thaddaeus/FMU/Steiner/thaddaeus/nicer_d49_55575341.rmf for Source 1
# Using Auxiliary Response (ARF) File  /home/thaddaeus/FMU/Steiner/thaddaeus/nicer_d49_55575341.arf
#
#
!XSPEC12> show fit
#
#Fit statistic  : PG-Statistic                 272.71     using 161 bins.
#
#Test statistic : Chi-Squared                  329.46     using 161 bins.
# Null hypothesis probability of 8.37e-15 with 154 degrees of freedom
#
!XSPEC12> show param
#
#Parameters defined:
#========================================================================
#Model TBfeo<1>*simpl<2>*diskbb<3> Source No.: 1   Active/On
#Model Model Component  Parameter  Unit     Value
# par  comp
#   1    1   TBfeo      nH         10^22    3.55032      +/-  0.595414     
#   2    1   TBfeo      O                   0.998225     +/-  0.965763     
#   3    1   TBfeo      Fe                  1.44758      +/-  2.05536      
#   4    1   TBfeo      redshift            0.0          frozen
#   5    2   simpl      Gamma               2.87114      +/-  2.99527      
#   6    2   simpl      FracSctr            4.98981E-03  +/-  1.43856E-02  
#   7    2   simpl      UpScOnly            1.00000      frozen
#   8    3   diskbb     Tin        keV      0.766561     +/-  1.27257E-02  
#   9    3   diskbb     norm                4974.25      +/-  494.973      
#________________________________________________________________________
#
#
!XSPEC12> log none
#