#XSPEC version: 12.11.0
#Build Date/Time: Thu Jul  2 16:22:45 2020
#
!XSPEC12> chatter 10
#
!XSPEC12> show data
#
#1 file 1 spectrum 
#Spectrum 1  Spectral Data File: /home/thaddaeus/FMU/Steiner/thaddaeus/1130360247/jspipe/js_ni1130360247_0mpu7_silver_GTI0.jsgrp
#Net count rate (cts/s) for Spectrum:1  3.178e+00 +/- 1.075e-01 (57.0 % total)
# Assigned to Data Group 1 and Plot Group 1
#  Noticed Channels:  82-243
#  Telescope: NICER Instrument: XTI  Channel Type: PI
#  Exposure Time: 496.8 sec
# Using fit statistic: pgstat
# Using Background File                /home/thaddaeus/FMU/Steiner/thaddaeus/1130360247/jspipe/js_ni1130360247_0mpu7_silver_GTI0.bg
#  Background Exposure Time: 496.8 sec
# Using Response (RMF) File            /home/thaddaeus/FMU/Steiner/thaddaeus/nicer_d49_55575341.rmf for Source 1
# Using Auxiliary Response (ARF) File  /home/thaddaeus/FMU/Steiner/thaddaeus/nicer_d49_55575341.arf
#
#
!XSPEC12> show fit
#
#Fit statistic  : PG-Statistic                 190.59     using 162 bins.
#
#Test statistic : Chi-Squared                  232.26     using 162 bins.
# Null hypothesis probability of 5.82e-05 with 155 degrees of freedom
#
!XSPEC12> show param
#
#Parameters defined:
#========================================================================
#Model TBfeo<1>*simpl<2>*diskbb<3> Source No.: 1   Active/On
#Model Model Component  Parameter  Unit     Value
# par  comp
#   1    1   TBfeo      nH         10^22    4.20635      +/-  25.5527      
#   2    1   TBfeo      O                   1.02488      +/-  14.6005      
#   3    1   TBfeo      Fe                  1.44758      +/-  24.3619      
#   4    1   TBfeo      redshift            0.0          frozen
#   5    2   simpl      Gamma               2.41773      +/-  3.50717      
#   6    2   simpl      FracSctr            0.990052     +/-  518.431      
#   7    2   simpl      UpScOnly            1.00000      frozen
#   8    3   diskbb     Tin        keV      0.653947     +/-  233.601      
#   9    3   diskbb     norm                11.6113      +/-  1.26266E+04  
#________________________________________________________________________
#
#
!XSPEC12> log none
#