#XSPEC version: 12.11.0
#Build Date/Time: Thu Jul  2 16:22:45 2020
#
!XSPEC12> chatter 10
#
!XSPEC12> show data
#
#1 file 1 spectrum 
#Spectrum 1  Spectral Data File: /home/thaddaeus/FMU/Steiner/thaddaeus/1130360110/jspipe/js_ni1130360110_0mpu7_silver_GTI0.jsgrp
#Net count rate (cts/s) for Spectrum:1  6.279e+03 +/- 1.760e+00 (100.0 % total)
# Assigned to Data Group 1 and Plot Group 1
#  Noticed Channels:  83-254
#  Telescope: NICER Instrument: XTI  Channel Type: PI
#  Exposure Time: 2028 sec
# Using fit statistic: pgstat
# Using Background File                /home/thaddaeus/FMU/Steiner/thaddaeus/1130360110/jspipe/js_ni1130360110_0mpu7_silver_GTI0.bg
#  Background Exposure Time: 2028 sec
# Using Response (RMF) File            /home/thaddaeus/FMU/Steiner/thaddaeus/nicer_d49_55575341.rmf for Source 1
# Using Auxiliary Response (ARF) File  /home/thaddaeus/FMU/Steiner/thaddaeus/nicer_d49_55575341.arf
#
#
!XSPEC12> show fit
#
#Fit statistic  : PG-Statistic                 802.93     using 172 bins.
#
#Test statistic : Chi-Squared                  802.80     using 172 bins.
# Null hypothesis probability of 1.76e-84 with 165 degrees of freedom
#
!XSPEC12> show param
#
#Parameters defined:
#========================================================================
#Model TBfeo<1>*simpl<2>*diskbb<3> Source No.: 1   Active/On
#Model Model Component  Parameter  Unit     Value
# par  comp
#   1    1   TBfeo      nH         10^22    3.36032      +/-  0.184151     
#   2    1   TBfeo      O                   0.811958     +/-  0.140503     
#   3    1   TBfeo      Fe                  1.44741      +/-  0.173060     
#   4    1   TBfeo      redshift            0.0          frozen
#   5    2   simpl      Gamma               2.80941      +/-  7.52383E-02  
#   6    2   simpl      FracSctr            0.388745     +/-  3.02044E-02  
#   7    2   simpl      UpScOnly            1.00000      frozen
#   8    3   diskbb     Tin        keV      0.990902     +/-  1.80883E-02  
#   9    3   diskbb     norm                5943.64      +/-  414.266      
#________________________________________________________________________
#
#
!XSPEC12> log none
#