#XSPEC version: 12.11.0
#Build Date/Time: Thu Jul  2 16:22:45 2020
#
!XSPEC12> chatter 10
#
!XSPEC12> show data
#
#1 file 1 spectrum 
#Spectrum 1  Spectral Data File: /home/thaddaeus/FMU/Steiner/thaddaeus/1130360105/jspipe/js_ni1130360105_0mpu7_silver_GTI0.jsgrp
#Net count rate (cts/s) for Spectrum:1  6.803e+03 +/- 2.375e+00 (100.0 % total)
# Assigned to Data Group 1 and Plot Group 1
#  Noticed Channels:  83-254
#  Telescope: NICER Instrument: XTI  Channel Type: PI
#  Exposure Time: 1206 sec
# Using fit statistic: pgstat
# Using Background File                /home/thaddaeus/FMU/Steiner/thaddaeus/1130360105/jspipe/js_ni1130360105_0mpu7_silver_GTI0.bg
#  Background Exposure Time: 1206 sec
# Using Response (RMF) File            /home/thaddaeus/FMU/Steiner/thaddaeus/nicer_d49_55575341.rmf for Source 1
# Using Auxiliary Response (ARF) File  /home/thaddaeus/FMU/Steiner/thaddaeus/nicer_d49_55575341.arf
#
#
!XSPEC12> show fit
#
#Fit statistic  : PG-Statistic                 663.76     using 172 bins.
#
#Test statistic : Chi-Squared                  665.92     using 172 bins.
# Null hypothesis probability of 2.37e-61 with 165 degrees of freedom
#
!XSPEC12> show param
#
#Parameters defined:
#========================================================================
#Model TBfeo<1>*simpl<2>*diskbb<3> Source No.: 1   Active/On
#Model Model Component  Parameter  Unit     Value
# par  comp
#   1    1   TBfeo      nH         10^22    3.49353      +/-  0.238093     
#   2    1   TBfeo      O                   0.706280     +/-  0.160953     
#   3    1   TBfeo      Fe                  1.44758      +/-  0.200678     
#   4    1   TBfeo      redshift            0.0          frozen
#   5    2   simpl      Gamma               2.82255      +/-  6.89876E-02  
#   6    2   simpl      FracSctr            0.525042     +/-  4.72144E-02  
#   7    2   simpl      UpScOnly            1.00000      frozen
#   8    3   diskbb     Tin        keV      0.939052     +/-  2.92720E-02  
#   9    3   diskbb     norm                7439.51      +/-  862.678      
#________________________________________________________________________
#
#
!XSPEC12> log none
#