#XSPEC version: 12.11.0
#Build Date/Time: Thu Jul  2 16:22:45 2020
#
!XSPEC12> chatter 10
#
!XSPEC12> show data
#
#1 file 1 spectrum 
#Spectrum 1  Spectral Data File: /home/thaddaeus/FMU/Steiner/thaddaeus/1130360209/jspipe/js_ni1130360209_0mpu7_silver_GTI0.jsgrp
#Net count rate (cts/s) for Spectrum:1  1.436e+01 +/- 2.165e-01 (96.8 % total)
# Assigned to Data Group 1 and Plot Group 1
#  Noticed Channels:  80-224
#  Telescope: NICER Instrument: XTI  Channel Type: PI
#  Exposure Time: 316.8 sec
# Using fit statistic: pgstat
# Using Background File                /home/thaddaeus/FMU/Steiner/thaddaeus/1130360209/jspipe/js_ni1130360209_0mpu7_silver_GTI0.bg
#  Background Exposure Time: 316.8 sec
# Using Response (RMF) File            /home/thaddaeus/FMU/Steiner/thaddaeus/nicer_d49_55575341.rmf for Source 1
# Using Auxiliary Response (ARF) File  /home/thaddaeus/FMU/Steiner/thaddaeus/nicer_d49_55575341.arf
#
#
!XSPEC12> show fit
#
#Fit statistic  : PG-Statistic                 177.95     using 145 bins.
#
#Test statistic : Chi-Squared                  202.41     using 145 bins.
# Null hypothesis probability of 2.94e-04 with 138 degrees of freedom
#
!XSPEC12> show param
#
#Parameters defined:
#========================================================================
#Model TBfeo<1>*simpl<2>*diskbb<3> Source No.: 1   Active/On
#Model Model Component  Parameter  Unit     Value
# par  comp
#   1    1   TBfeo      nH         10^22    3.66702      +/-  13.7862      
#   2    1   TBfeo      O                   0.430164     +/-  9.68860      
#   3    1   TBfeo      Fe                  1.31680      +/-  8.84092      
#   4    1   TBfeo      redshift            0.0          frozen
#   5    2   simpl      Gamma               1.88800      +/-  0.810049     
#   6    2   simpl      FracSctr            0.866534     +/-  2.65577      
#   7    2   simpl      UpScOnly            1.00000      frozen
#   8    3   diskbb     Tin        keV      0.548767     +/-  5.23651      
#   9    3   diskbb     norm                83.0837      +/-  3049.77      
#________________________________________________________________________
#
#
!XSPEC12> log none
#