#XSPEC version: 12.11.0
#Build Date/Time: Thu Jul  2 16:22:45 2020
#
!XSPEC12> chatter 10
#
!XSPEC12> show data
#
#1 file 1 spectrum 
#Spectrum 1  Spectral Data File: /home/thaddaeus/FMU/Steiner/thaddaeus/1130360258/jspipe/js_ni1130360258_0mpu7_silver_GTI0.jsgrp
#Net count rate (cts/s) for Spectrum:1  1.310e+00 +/- 4.664e-02 (72.4 % total)
# Assigned to Data Group 1 and Plot Group 1
#  Noticed Channels:  83-227
#  Telescope: NICER Instrument: XTI  Channel Type: PI
#  Exposure Time: 852.2 sec
# Using fit statistic: pgstat
# Using Background File                /home/thaddaeus/FMU/Steiner/thaddaeus/1130360258/jspipe/js_ni1130360258_0mpu7_silver_GTI0.bg
#  Background Exposure Time: 852.2 sec
# Using Response (RMF) File            /home/thaddaeus/FMU/Steiner/thaddaeus/nicer_d49_55575341.rmf for Source 1
# Using Auxiliary Response (ARF) File  /home/thaddaeus/FMU/Steiner/thaddaeus/nicer_d49_55575341.arf
#
#
!XSPEC12> show fit
#
#Fit statistic  : PG-Statistic                 161.63     using 145 bins.
#
#Test statistic : Chi-Squared                  162.11     using 145 bins.
# Null hypothesis probability of 7.87e-02 with 138 degrees of freedom
#
!XSPEC12> show param
#
#Parameters defined:
#========================================================================
#Model TBfeo<1>*simpl<2>*diskbb<3> Source No.: 1   Active/On
#Model Model Component  Parameter  Unit     Value
# par  comp
#   1    1   TBfeo      nH         10^22    4.20237      +/-  26.9800      
#   2    1   TBfeo      O                   1.02188      +/-  16.5102      
#   3    1   TBfeo      Fe                  0.313120     +/-  12.2675      
#   4    1   TBfeo      redshift            0.0          frozen
#   5    2   simpl      Gamma               1.39365      +/-  15.7212      
#   6    2   simpl      FracSctr            0.711173     +/-  5.77720      
#   7    2   simpl      UpScOnly            1.00000      frozen
#   8    3   diskbb     Tin        keV      1.50718      +/-  15.6063      
#   9    3   diskbb     norm                0.243498     +/-  5.36025      
#________________________________________________________________________
#
#
!XSPEC12> log none
#