#XSPEC version: 12.11.0
#Build Date/Time: Thu Jul  2 16:22:45 2020
#
!XSPEC12> chatter 10
#
!XSPEC12> show data
#
#1 file 1 spectrum 
#Spectrum 1  Spectral Data File: /home/thaddaeus/FMU/Steiner/thaddaeus/1130360177/jspipe/js_ni1130360177_0mpu7_silver_GTI0.jsgrp
#Net count rate (cts/s) for Spectrum:1  -6.520e+00 +/- 1.118e-01 (-165.5 % total)
# Assigned to Data Group 1 and Plot Group 1
#  Noticed Channels:  80-249
#  Telescope: NICER Instrument: XTI  Channel Type: PI
#  Exposure Time: 398.9 sec
# Using fit statistic: pgstat
# Using Background File                /home/thaddaeus/FMU/Steiner/thaddaeus/1130360177/jspipe/js_ni1130360177_0mpu7_silver_GTI0.bg
#  Background Exposure Time: 398.9 sec
# Using Response (RMF) File            /home/thaddaeus/FMU/Steiner/thaddaeus/nicer_d49_55575341.rmf for Source 1
# Using Auxiliary Response (ARF) File  /home/thaddaeus/FMU/Steiner/thaddaeus/nicer_d49_55575341.arf
#
#
!XSPEC12> show fit
#
#Fit statistic  : PG-Statistic                2390.59     using 170 bins.
#
#Test statistic : Chi-Squared                 4442.27     using 170 bins.
# Null hypothesis probability of 0.00e+00 with 163 degrees of freedom
#
!XSPEC12> show param
#
#Parameters defined:
#========================================================================
#Model TBfeo<1>*simpl<2>*diskbb<3> Source No.: 1   Active/On
#Model Model Component  Parameter  Unit     Value
# par  comp
#   1    1   TBfeo      nH         10^22    3.15371      +/-  5.54848E+07  
#   2    1   TBfeo      O                   0.222167     +/-  5.71913E+07  
#   3    1   TBfeo      Fe                  0.420564     +/-  7.73162E+07  
#   4    1   TBfeo      redshift            0.0          frozen
#   5    2   simpl      Gamma               2.87110      +/-  2.55030E+06  
#   6    2   simpl      FracSctr            0.145661     +/-  7.71589E+11  
#   7    2   simpl      UpScOnly            1.00000      frozen
#   8    3   diskbb     Tin        keV      0.148435     +/-  6.32966E+10  
#   9    3   diskbb     norm                2.85582E-03  +/-  2.17766E+10  
#________________________________________________________________________
#
#
!XSPEC12> log none
#