#XSPEC version: 12.11.0
#Build Date/Time: Thu Jul  2 16:22:45 2020
#
!XSPEC12> chatter 10
#
!XSPEC12> show data
#
#1 file 1 spectrum 
#Spectrum 1  Spectral Data File: /home/thaddaeus/FMU/Steiner/thaddaeus/1130360175/jspipe/js_ni1130360175_0mpu7_silver_GTI0.jsgrp
#Net count rate (cts/s) for Spectrum:1  -1.241e+00 +/- 1.251e-01 (-48.5 % total)
# Assigned to Data Group 1 and Plot Group 1
#  Noticed Channels:  54-133
#  Telescope: NICER Instrument: XTI  Channel Type: PI
#  Exposure Time: 169.9 sec
# Using fit statistic: pgstat
# Using Background File                /home/thaddaeus/FMU/Steiner/thaddaeus/1130360175/jspipe/js_ni1130360175_0mpu7_silver_GTI0.bg
#  Background Exposure Time: 169.9 sec
# Using Response (RMF) File            /home/thaddaeus/FMU/Steiner/thaddaeus/nicer_d49_55575341.rmf for Source 1
# Using Auxiliary Response (ARF) File  /home/thaddaeus/FMU/Steiner/thaddaeus/nicer_d49_55575341.arf
#
#
!XSPEC12> show fit
#
#Fit statistic  : PG-Statistic                 183.47     using 80 bins.
#
#Test statistic : Chi-Squared                  351.56     using 80 bins.
# Null hypothesis probability of 4.59e-38 with 73 degrees of freedom
#
!XSPEC12> show param
#
#Parameters defined:
#========================================================================
#Model TBfeo<1>*simpl<2>*diskbb<3> Source No.: 1   Active/On
#Model Model Component  Parameter  Unit     Value
# par  comp
#   1    1   TBfeo      nH         10^22    4.09074      +/-  9.96078E+06  
#   2    1   TBfeo      O                   0.939838     +/-  6.25151E+06  
#   3    1   TBfeo      Fe                  1.42417      +/-  3.81370E+06  
#   4    1   TBfeo      redshift            0.0          frozen
#   5    2   simpl      Gamma               2.59053      +/-  1.26523E+05  
#   6    2   simpl      FracSctr            0.119126     +/-  1.34289E+09  
#   7    2   simpl      UpScOnly            1.00000      frozen
#   8    3   diskbb     Tin        keV      0.148588     +/-  7.84622E+07  
#   9    3   diskbb     norm                4.42159E-02  +/-  6.93985E+08  
#________________________________________________________________________
#
#
!XSPEC12> log none
#