#XSPEC version: 12.11.0
#Build Date/Time: Thu Jul  2 16:22:45 2020
#
!XSPEC12> chatter 10
#
!XSPEC12> show data
#
#1 file 1 spectrum 
#Spectrum 1  Spectral Data File: /home/thaddaeus/FMU/Steiner/thaddaeus/2130360205/jspipe/js_ni2130360205_0mpu7_silver_GTI0.jsgrp
#Net count rate (cts/s) for Spectrum:1  7.490e-01 +/- 5.392e-02 (43.8 % total)
# Assigned to Data Group 1 and Plot Group 1
#  Noticed Channels:  83-224
#  Telescope: NICER Instrument: XTI  Channel Type: PI
#  Exposure Time: 611.8 sec
# Using fit statistic: pgstat
# Using Background File                /home/thaddaeus/FMU/Steiner/thaddaeus/2130360205/jspipe/js_ni2130360205_0mpu7_silver_GTI0.bg
#  Background Exposure Time: 611.8 sec
# Using Response (RMF) File            /home/thaddaeus/FMU/Steiner/thaddaeus/nicer_d49_55575341.rmf for Source 1
# Using Auxiliary Response (ARF) File  /home/thaddaeus/FMU/Steiner/thaddaeus/nicer_d49_55575341.arf
#
#
!XSPEC12> show fit
#
#Fit statistic  : PG-Statistic                 149.46     using 142 bins.
#
#Test statistic : Chi-Squared                  146.79     using 142 bins.
# Null hypothesis probability of 2.30e-01 with 135 degrees of freedom
#
!XSPEC12> show param
#
#Parameters defined:
#========================================================================
#Model TBfeo<1>*simpl<2>*diskbb<3> Source No.: 1   Active/On
#Model Model Component  Parameter  Unit     Value
# par  comp
#   1    1   TBfeo      nH         10^22    3.98344      +/-  63.2998      
#   2    1   TBfeo      O                   0.821423     +/-  34.6454      
#   3    1   TBfeo      Fe                  0.311041     +/-  33.1919      
#   4    1   TBfeo      redshift            0.0          frozen
#   5    2   simpl      Gamma               1.39365      +/-  5.28538      
#   6    2   simpl      FracSctr            0.901515     +/-  8.24073      
#   7    2   simpl      UpScOnly            1.00000      frozen
#   8    3   diskbb     Tin        keV      0.734159     +/-  34.8140      
#   9    3   diskbb     norm                1.41312      +/-  222.667      
#________________________________________________________________________
#
#
!XSPEC12> log none
#