#XSPEC version: 12.11.0
#Build Date/Time: Thu Jul  2 16:22:45 2020
#
!XSPEC12> chatter 10
#
!XSPEC12> show data
#
#1 file 1 spectrum 
#Spectrum 1  Spectral Data File: /home/thaddaeus/FMU/Steiner/thaddaeus/2130360201/jspipe/js_ni2130360201_0mpu7_silver_GTI0.jsgrp
#Net count rate (cts/s) for Spectrum:1  1.576e+00 +/- 9.680e-02 (34.6 % total)
# Assigned to Data Group 1 and Plot Group 1
#  Noticed Channels:  83-253
#  Telescope: NICER Instrument: XTI  Channel Type: PI
#  Exposure Time: 508.5 sec
# Using fit statistic: pgstat
# Using Background File                /home/thaddaeus/FMU/Steiner/thaddaeus/2130360201/jspipe/js_ni2130360201_0mpu7_silver_GTI0.bg
#  Background Exposure Time: 508.5 sec
# Using Response (RMF) File            /home/thaddaeus/FMU/Steiner/thaddaeus/nicer_d49_55575341.rmf for Source 1
# Using Auxiliary Response (ARF) File  /home/thaddaeus/FMU/Steiner/thaddaeus/nicer_d49_55575341.arf
#
#
!XSPEC12> show fit
#
#Fit statistic  : PG-Statistic                 188.22     using 171 bins.
#
#Test statistic : Chi-Squared                  211.73     using 171 bins.
# Null hypothesis probability of 7.11e-03 with 164 degrees of freedom
#
!XSPEC12> show param
#
#Parameters defined:
#========================================================================
#Model TBfeo<1>*simpl<2>*diskbb<3> Source No.: 1   Active/On
#Model Model Component  Parameter  Unit     Value
# par  comp
#   1    1   TBfeo      nH         10^22    4.12764      +/-  39.9552      
#   2    1   TBfeo      O                   1.01913      +/-  30.0941      
#   3    1   TBfeo      Fe                  1.44621      +/-  34.5834      
#   4    1   TBfeo      redshift            0.0          frozen
#   5    2   simpl      Gamma               2.87114      +/-  96.5046      
#   6    2   simpl      FracSctr            0.979692     +/-  2526.39      
#   7    2   simpl      UpScOnly            1.00000      frozen
#   8    3   diskbb     Tin        keV      1.58110      +/-  2004.17      
#   9    3   diskbb     norm                0.225062     +/-  848.043      
#________________________________________________________________________
#
#
!XSPEC12> log none
#