#XSPEC version: 12.11.0
#Build Date/Time: Thu Jul  2 16:22:45 2020
#
!XSPEC12> chatter 10
#
!XSPEC12> show data
#
#1 file 1 spectrum 
#Spectrum 1  Spectral Data File: /home/thaddaeus/FMU/Steiner/thaddaeus/2130360207/jspipe/js_ni2130360207_0mpu7_silver_GTI0.jsgrp
#Net count rate (cts/s) for Spectrum:1  -3.335e+00 +/- 5.251e-02 (-204.3 % total)
# Assigned to Data Group 1 and Plot Group 1
#  Noticed Channels:  83-242
#  Telescope: NICER Instrument: XTI  Channel Type: PI
#  Exposure Time: 855.7 sec
# Using fit statistic: pgstat
# Using Background File                /home/thaddaeus/FMU/Steiner/thaddaeus/2130360207/jspipe/js_ni2130360207_0mpu7_silver_GTI0.bg
#  Background Exposure Time: 855.7 sec
# Using Response (RMF) File            /home/thaddaeus/FMU/Steiner/thaddaeus/nicer_d49_55575341.rmf for Source 1
# Using Auxiliary Response (ARF) File  /home/thaddaeus/FMU/Steiner/thaddaeus/nicer_d49_55575341.arf
#
#
!XSPEC12> show fit
#
#Fit statistic  : PG-Statistic                2793.65     using 160 bins.
#
#Test statistic : Chi-Squared                 4928.28     using 160 bins.
# Null hypothesis probability of 0.00e+00 with 153 degrees of freedom
#
!XSPEC12> show param
#
#Parameters defined:
#========================================================================
#Model TBfeo<1>*simpl<2>*diskbb<3> Source No.: 1   Active/On
#Model Model Component  Parameter  Unit     Value
# par  comp
#   1    1   TBfeo      nH         10^22    3.18786      +/-  3.53708E+07  
#   2    1   TBfeo      O                   0.218162     +/-  4.57135E+07  
#   3    1   TBfeo      Fe                  0.396855     +/-  7.57614E+07  
#   4    1   TBfeo      redshift            0.0          frozen
#   5    2   simpl      Gamma               2.87066      +/-  1.59609E+06  
#   6    2   simpl      FracSctr            1.16540E-02  +/-  3.61776E+08  
#   7    2   simpl      UpScOnly            1.00000      frozen
#   8    3   diskbb     Tin        keV      0.148411     +/-  4.07844E+07  
#   9    3   diskbb     norm                5.29704E-03  +/-  2.55308E+08  
#________________________________________________________________________
#
#
!XSPEC12> log none
#