#XSPEC version: 12.11.0
#Build Date/Time: Thu Jul  2 16:22:45 2020
#
!XSPEC12> chatter 10
#
!XSPEC12> show data
#
#1 file 1 spectrum 
#Spectrum 1  Spectral Data File: /home/thaddaeus/FMU/Steiner/thaddaeus/2130360203/jspipe/js_ni2130360203_0mpu7_silver_GTI0.jsgrp
#Net count rate (cts/s) for Spectrum:1  7.154e-01 +/- 4.199e-02 (69.2 % total)
# Assigned to Data Group 1 and Plot Group 1
#  Noticed Channels:  72-163
#  Telescope: NICER Instrument: XTI  Channel Type: PI
#  Exposure Time: 597.2 sec
# Using fit statistic: pgstat
# Using Background File                /home/thaddaeus/FMU/Steiner/thaddaeus/2130360203/jspipe/js_ni2130360203_0mpu7_silver_GTI0.bg
#  Background Exposure Time: 597.2 sec
# Using Response (RMF) File            /home/thaddaeus/FMU/Steiner/thaddaeus/nicer_d49_55575341.rmf for Source 1
# Using Auxiliary Response (ARF) File  /home/thaddaeus/FMU/Steiner/thaddaeus/nicer_d49_55575341.arf
#
#
!XSPEC12> show fit
#
#Fit statistic  : PG-Statistic                  79.85     using 92 bins.
#
#Test statistic : Chi-Squared                   84.85     using 92 bins.
# Null hypothesis probability of 4.84e-01 with 85 degrees of freedom
#
!XSPEC12> show param
#
#Parameters defined:
#========================================================================
#Model TBfeo<1>*simpl<2>*diskbb<3> Source No.: 1   Active/On
#Model Model Component  Parameter  Unit     Value
# par  comp
#   1    1   TBfeo      nH         10^22    4.20635      +/-  49.1705      
#   2    1   TBfeo      O                   1.02513      +/-  29.3464      
#   3    1   TBfeo      Fe                  1.44758      +/-  34.9681      
#   4    1   TBfeo      redshift            0.0          frozen
#   5    2   simpl      Gamma               2.08034      +/-  7.35138      
#   6    2   simpl      FracSctr            0.990052     +/-  664.736      
#   7    2   simpl      UpScOnly            1.00000      frozen
#   8    3   diskbb     Tin        keV      0.791452     +/-  472.848      
#   9    3   diskbb     norm                1.10081      +/-  2002.84      
#________________________________________________________________________
#
#
!XSPEC12> log none
#