#XSPEC version: 12.11.0
#Build Date/Time: Thu Jul  2 16:22:45 2020
#
!XSPEC12> chatter 10
#
!XSPEC12> show data
#
#1 file 1 spectrum 
#Spectrum 1  Spectral Data File: /home/thaddaeus/FMU/Steiner/thaddaeus/1130360219/jspipe/js_ni1130360219_0mpu7_silver_GTI0.jsgrp
#Net count rate (cts/s) for Spectrum:1  1.743e+00 +/- 4.558e-02 (82.1 % total)
# Assigned to Data Group 1 and Plot Group 1
#  Noticed Channels:  36-207
#  Telescope: NICER Instrument: XTI  Channel Type: PI
#  Exposure Time: 1043 sec
# Using fit statistic: pgstat
# Using Background File                /home/thaddaeus/FMU/Steiner/thaddaeus/1130360219/jspipe/js_ni1130360219_0mpu7_silver_GTI0.bg
#  Background Exposure Time: 1043 sec
# Using Response (RMF) File            /home/thaddaeus/FMU/Steiner/thaddaeus/nicer_d49_55575341.rmf for Source 1
# Using Auxiliary Response (ARF) File  /home/thaddaeus/FMU/Steiner/thaddaeus/nicer_d49_55575341.arf
#
#
!XSPEC12> show fit
#
#Fit statistic  : PG-Statistic                 171.92     using 172 bins.
#
#Test statistic : Chi-Squared                  210.57     using 172 bins.
# Null hypothesis probability of 1.26e-02 with 167 degrees of freedom
#
!XSPEC12> show param
#
#Parameters defined:
#========================================================================
#Model TBabs<1>*simpl<2>*diskbb<3> Source No.: 1   Active/On
#Model Model Component  Parameter  Unit     Value
# par  comp
#   1    1   TBabs      nH         10^22    2.16499      +/-  1.71588      
#   2    2   simpl      Gamma               1.69028      +/-  1.97770      
#   3    2   simpl      FracSctr            0.986256     +/-  47.4807      
#   4    2   simpl      UpScOnly            1.00000      frozen
#   5    3   diskbb     Tin        keV      0.888474     +/-  62.2637      
#   6    3   diskbb     norm                0.824693     +/-  176.144      
#________________________________________________________________________
#
#
!XSPEC12> log none
#