#XSPEC version: 12.11.0
#Build Date/Time: Thu Jul  2 16:22:45 2020
#
!XSPEC12> chatter 10
#
!XSPEC12> show data
#
#1 file 1 spectrum 
#Spectrum 1  Spectral Data File: /home/thaddaeus/FMU/Steiner/thaddaeus/1130360188/jspipe/js_ni1130360188_0mpu7_silver_GTI0.jsgrp
#Net count rate (cts/s) for Spectrum:1  2.427e+01 +/- 1.776e-01 (98.1 % total)
# Assigned to Data Group 1 and Plot Group 1
#  Noticed Channels:  38-248
#  Telescope: NICER Instrument: XTI  Channel Type: PI
#  Exposure Time: 785.7 sec
# Using fit statistic: pgstat
# Using Background File                /home/thaddaeus/FMU/Steiner/thaddaeus/1130360188/jspipe/js_ni1130360188_0mpu7_silver_GTI0.bg
#  Background Exposure Time: 785.7 sec
# Using Response (RMF) File            /home/thaddaeus/FMU/Steiner/thaddaeus/nicer_d49_55575341.rmf for Source 1
# Using Auxiliary Response (ARF) File  /home/thaddaeus/FMU/Steiner/thaddaeus/nicer_d49_55575341.arf
#
#
!XSPEC12> show fit
#
#Fit statistic  : PG-Statistic                 204.74     using 211 bins.
#
#Test statistic : Chi-Squared                  216.30     using 211 bins.
# Null hypothesis probability of 2.97e-01 with 206 degrees of freedom
#
!XSPEC12> show param
#
#Parameters defined:
#========================================================================
#Model TBabs<1>*simpl<2>*diskbb<3> Source No.: 1   Active/On
#Model Model Component  Parameter  Unit     Value
# par  comp
#   1    1   TBabs      nH         10^22    1.97439      +/-  8.96952E-02  
#   2    2   simpl      Gamma               1.39581      +/-  0.193660     
#   3    2   simpl      FracSctr            0.658481     +/-  6.38962E-02  
#   4    2   simpl      UpScOnly            1.00000      frozen
#   5    3   diskbb     Tin        keV      0.712200     +/-  0.162343     
#   6    3   diskbb     norm                30.5277      +/-  20.6202      
#________________________________________________________________________
#
#
!XSPEC12> log none
#