#XSPEC version: 12.11.0
#Build Date/Time: Thu Jul  2 16:22:45 2020
#
!XSPEC12> chatter 10
#
!XSPEC12> show data
#
#1 file 1 spectrum 
#Spectrum 1  Spectral Data File: /home/thaddaeus/FMU/Steiner/thaddaeus/1130360259/jspipe/js_ni1130360259_0mpu7_silver_GTI0.jsgrp
#Net count rate (cts/s) for Spectrum:1  7.371e-01 +/- 1.176e-01 (22.1 % total)
# Assigned to Data Group 1 and Plot Group 1
#  Noticed Channels:  34-172
#  Telescope: NICER Instrument: XTI  Channel Type: PI
#  Exposure Time: 247.5 sec
# Using fit statistic: pgstat
# Using Background File                /home/thaddaeus/FMU/Steiner/thaddaeus/1130360259/jspipe/js_ni1130360259_0mpu7_silver_GTI0.bg
#  Background Exposure Time: 247.5 sec
# Using Response (RMF) File            /home/thaddaeus/FMU/Steiner/thaddaeus/nicer_d49_55575341.rmf for Source 1
# Using Auxiliary Response (ARF) File  /home/thaddaeus/FMU/Steiner/thaddaeus/nicer_d49_55575341.arf
#
#
!XSPEC12> show fit
#
#Fit statistic  : PG-Statistic                 151.81     using 139 bins.
#
#Test statistic : Chi-Squared                  171.04     using 139 bins.
# Null hypothesis probability of 1.69e-02 with 134 degrees of freedom
#
!XSPEC12> show param
#
#Parameters defined:
#========================================================================
#Model TBabs<1>*simpl<2>*diskbb<3> Source No.: 1   Active/On
#Model Model Component  Parameter  Unit     Value
# par  comp
#   1    1   TBabs      nH         10^22    4.55565      +/-  8.39842      
#   2    2   simpl      Gamma               1.62517      +/-  3.19392      
#   3    2   simpl      FracSctr            0.990052     +/-  302.108      
#   4    2   simpl      UpScOnly            1.00000      frozen
#   5    3   diskbb     Tin        keV      0.602843     +/-  287.839      
#   6    3   diskbb     norm                2.77100      +/-  4115.71      
#________________________________________________________________________
#
#
!XSPEC12> log none
#