#XSPEC version: 12.11.0
#Build Date/Time: Thu Jul  2 16:22:45 2020
#
!XSPEC12> chatter 10
#
!XSPEC12> show data
#
#1 file 1 spectrum 
#Spectrum 1  Spectral Data File: /home/thaddaeus/FMU/Steiner/thaddaeus/2130360211/jspipe/js_ni2130360211_0mpu7_silver_GTI0.jsgrp
#Net count rate (cts/s) for Spectrum:1  1.566e-01 +/- 2.832e-02 (32.8 % total)
# Assigned to Data Group 1 and Plot Group 1
#  Noticed Channels:  31-87
#  Telescope: NICER Instrument: XTI  Channel Type: PI
#  Exposure Time: 621.8 sec
# Using fit statistic: pgstat
# Using Background File                /home/thaddaeus/FMU/Steiner/thaddaeus/2130360211/jspipe/js_ni2130360211_0mpu7_silver_GTI0.bg
#  Background Exposure Time: 621.8 sec
# Using Response (RMF) File            /home/thaddaeus/FMU/Steiner/thaddaeus/nicer_d49_55575341.rmf for Source 1
# Using Auxiliary Response (ARF) File  /home/thaddaeus/FMU/Steiner/thaddaeus/nicer_d49_55575341.arf
#
#
!XSPEC12> show fit
#
#Fit statistic  : PG-Statistic                  48.90     using 57 bins.
#
#Test statistic : Chi-Squared                   44.55     using 57 bins.
# Null hypothesis probability of 7.59e-01 with 52 degrees of freedom
#
!XSPEC12> show param
#
#Parameters defined:
#========================================================================
#Model TBabs<1>*simpl<2>*diskbb<3> Source No.: 1   Active/On
#Model Model Component  Parameter  Unit     Value
# par  comp
#   1    1   TBabs      nH         10^22    1.85242      +/-  3.27536      
#   2    2   simpl      Gamma               1.39365      +/-  5.57926      
#   3    2   simpl      FracSctr            0.661150     +/-  1.54155      
#   4    2   simpl      UpScOnly            1.00000      frozen
#   5    3   diskbb     Tin        keV      0.599077     +/-  4.66332      
#   6    3   diskbb     norm                0.285870     +/-  7.02243      
#________________________________________________________________________
#
#
!XSPEC12> log none
#