#XSPEC version: 12.11.0
#Build Date/Time: Thu Jul  2 16:22:45 2020
#
!XSPEC12> show param
#
#Parameters defined:
#========================================================================
#Model phabs<1>(powerlaw<2> + diskbb<3> + gaussian<4>) Source No.: 1   Active/On
#Model Model Component  Parameter  Unit     Value
# par  comp
#   1    1   phabs      nH         10^22    3.33959      +/-  7.11802E-02  
#   2    2   powerlaw   PhoIndex            4.38550      +/-  4.33508E-02  
#   3    2   powerlaw   norm                26.5496      +/-  1.56891      
#   4    3   diskbb     Tin        keV      0.109936     +/-  2.79714E-02  
#   5    3   diskbb     norm                9.99333E+07  +/-  2.29521E+08  
#   6    4   gaussian   LineE      keV      6.40000      frozen
#   7    4   gaussian   Sigma      keV      19.3655      +/-  -1.00000     
#   8    4   gaussian   norm                2.17585E-19  +/-  -1.00000     
#________________________________________________________________________
#
#
!XSPEC12> show fit
#
#Fit statistic  : PG-Statistic                6056.89     using 935 bins.
#
#Test statistic : Chi-Squared                 5051.32     using 935 bins.
# Null hypothesis probability of 0.00e+00 with 928 degrees of freedom
#
!XSPEC12> log none
#