#XSPEC version: 12.11.0m
#Build Date/Time: Sun Oct 25 08:05:27 2020
#
!XSPEC12> show data
#
#1 file 1 spectrum 
#Spectrum 1  Spectral Data File: /home/thaddaeus/FMU/Steiner/thaddaeus/1130360272/jspipe/js_ni1130360272_0mpu7_silver_GTI0.jsgrp
#Net count rate (cts/s) for Spectrum:1  1.152e+00 +/- 1.161e-01 (64.6 % total)
# Assigned to Data Group 1 and Plot Group 1
#  Noticed Channels:  16-22,37-74
#  Telescope: NICER Instrument: XTI  Channel Type: PI
#  Exposure Time: 133 sec
# Using fit statistic: pgstat
# Using Background File                /home/thaddaeus/FMU/Steiner/thaddaeus/1130360272/jspipe/js_ni1130360272_0mpu7_silver_GTI0.bg
#  Background Exposure Time: 133 sec
# Using Response (RMF) File            /home/thaddaeus/FMU/Steiner/thaddaeus/nicer_d49_55575341.rmf for Source 1
# Using Auxiliary Response (ARF) File  /home/thaddaeus/FMU/Steiner/thaddaeus/nicer_d49_55575341.arf
#
#
!XSPEC12> show fit
#
#Fit statistic  : PG-Statistic                  41.49     using 45 bins.
#
#Test statistic : Chi-Squared                   38.63     using 45 bins.
# Null hypothesis probability of 3.96e-01 with 37 degrees of freedom
#
!XSPEC12> show param
#
#Parameters defined:
#========================================================================
#Model TBfeo<1>(simpl<2>(diskbb<3> + relxill<4>)) Source No.: 1   Active/On
#Model Model Component  Parameter  Unit     Value
# par  comp
#   1    1   TBfeo      nH         10^22    3.76232      frozen
#   2    1   TBfeo      O                   0.675630     frozen
#   3    1   TBfeo      Fe                  0.909694     frozen
#   4    1   TBfeo      redshift            0.0          frozen
#   5    2   simpl      Gamma               3.00191      +/-  11.3421      
#   6    2   simpl      FracSctr            6.40730E-02  +/-  1.29821      
#   7    2   simpl      UpScOnly            1.00000      frozen
#   8    3   diskbb     Tin        keV      2.36172      +/-  14.4872      
#   9    3   diskbb     norm                1.94678E-02  +/-  0.324285     
#  10    4   relxill    Index1              3.00000      frozen
#  11    4   relxill    Index2              3.00000      frozen
#  12    4   relxill    Rbr                 15.0000      frozen
#  13    4   relxill    a                   0.947743     +/-  0.531172     
#  14    4   relxill    Incl       deg      62.9010      +/-  17.6270      
#  15    4   relxill    Rin                 -1.00000     frozen
#  16    4   relxill    Rout                400.000      frozen
#  17    4   relxill    z                   0.0          frozen
#  18    4   relxill    gamma               3.00191      = p5
#  19    4   relxill    logxi               2.20053E-02  frozen
#  20    4   relxill    Afe                 10.0000      +/-  260.813      
#  21    4   relxill    Ecut       keV      100.000      frozen
#  22    4   relxill    refl_frac           -1.00000     frozen
#  23    4   relxill    norm                1.63585E-03  +/-  5.19726E-02  
#________________________________________________________________________
#
#
!XSPEC12> log none
#