#XSPEC version: 12.11.0m
#Build Date/Time: Sun Oct 25 08:05:27 2020
#
!XSPEC12> show data
#
#1 file 1 spectrum 
#Spectrum 1  Spectral Data File: /home/thaddaeus/FMU/Steiner/thaddaeus/1130360218/jspipe/js_ni1130360218_0mpu7_silver_GTI0.jsgrp
#Net count rate (cts/s) for Spectrum:1  1.274e+00 +/- 4.678e-02 (76.6 % total)
# Assigned to Data Group 1 and Plot Group 1
#  Noticed Channels:  21-47,73-191
#  Telescope: NICER Instrument: XTI  Channel Type: PI
#  Exposure Time: 775.7 sec
# Using fit statistic: pgstat
# Using Background File                /home/thaddaeus/FMU/Steiner/thaddaeus/1130360218/jspipe/js_ni1130360218_0mpu7_silver_GTI0.bg
#  Background Exposure Time: 775.7 sec
# Using Response (RMF) File            /home/thaddaeus/FMU/Steiner/thaddaeus/nicer_d49_55575341.rmf for Source 1
# Using Auxiliary Response (ARF) File  /home/thaddaeus/FMU/Steiner/thaddaeus/nicer_d49_55575341.arf
#
#
!XSPEC12> show fit
#
#Fit statistic  : PG-Statistic                 152.59     using 146 bins.
#
#Test statistic : Chi-Squared                  165.81     using 146 bins.
# Null hypothesis probability of 5.34e-02 with 138 degrees of freedom
#
!XSPEC12> show param
#
#Parameters defined:
#========================================================================
#Model TBfeo<1>(simpl<2>(diskbb<3> + relxill<4>)) Source No.: 1   Active/On
#Model Model Component  Parameter  Unit     Value
# par  comp
#   1    1   TBfeo      nH         10^22    3.76232      frozen
#   2    1   TBfeo      O                   0.675630     frozen
#   3    1   TBfeo      Fe                  0.909694     frozen
#   4    1   TBfeo      redshift            0.0          frozen
#   5    2   simpl      Gamma               1.46248      +/-  4.62723      
#   6    2   simpl      FracSctr            0.256642     +/-  0.421991     
#   7    2   simpl      UpScOnly            1.00000      frozen
#   8    3   diskbb     Tin        keV      0.432695     +/-  0.181947     
#   9    3   diskbb     norm                34.5723      +/-  26.1814      
#  10    4   relxill    Index1              3.00000      frozen
#  11    4   relxill    Index2              3.00000      frozen
#  12    4   relxill    Rbr                 15.0000      frozen
#  13    4   relxill    a                   -0.998000    +/-  4.48381      
#  14    4   relxill    Incl       deg      8.97369      +/-  24.8315      
#  15    4   relxill    Rin                 -1.00000     frozen
#  16    4   relxill    Rout                400.000      frozen
#  17    4   relxill    z                   0.0          frozen
#  18    4   relxill    gamma               1.46248      = p5
#  19    4   relxill    logxi               0.493234     frozen
#  20    4   relxill    Afe                 1.54190      +/-  27.0760      
#  21    4   relxill    Ecut       keV      100.000      frozen
#  22    4   relxill    refl_frac           -1.00000     frozen
#  23    4   relxill    norm                1.20835E-04  +/-  5.44091E-04  
#________________________________________________________________________
#
#
!XSPEC12> log none
#