#XSPEC version: 12.11.0m
#Build Date/Time: Sun Oct 25 08:05:27 2020
#
!XSPEC12> show data
#
#1 file 1 spectrum 
#Spectrum 1  Spectral Data File: /home/thaddaeus/FMU/Steiner/thaddaeus/1130360205/jspipe/js_ni1130360205_0mpu7_silver_GTI0.jsgrp
#Net count rate (cts/s) for Spectrum:1  7.787e+01 +/- 4.590e-01 (99.0 % total)
# Assigned to Data Group 1 and Plot Group 1
#  Noticed Channels:  22-54,79-234
#  Telescope: NICER Instrument: XTI  Channel Type: PI
#  Exposure Time: 373.4 sec
# Using fit statistic: pgstat
# Using Background File                /home/thaddaeus/FMU/Steiner/thaddaeus/1130360205/jspipe/js_ni1130360205_0mpu7_silver_GTI0.bg
#  Background Exposure Time: 373.4 sec
# Using Response (RMF) File            /home/thaddaeus/FMU/Steiner/thaddaeus/nicer_d49_55575341.rmf for Source 1
# Using Auxiliary Response (ARF) File  /home/thaddaeus/FMU/Steiner/thaddaeus/nicer_d49_55575341.arf
#
#
!XSPEC12> show fit
#
#Fit statistic  : PG-Statistic                 201.47     using 189 bins.
#
#Test statistic : Chi-Squared                  209.31     using 189 bins.
# Null hypothesis probability of 7.33e-02 with 181 degrees of freedom
#
!XSPEC12> show param
#
#Parameters defined:
#========================================================================
#Model TBfeo<1>(simpl<2>(diskbb<3> + relxill<4>)) Source No.: 1   Active/On
#Model Model Component  Parameter  Unit     Value
# par  comp
#   1    1   TBfeo      nH         10^22    3.76232      frozen
#   2    1   TBfeo      O                   0.675630     frozen
#   3    1   TBfeo      Fe                  0.909694     frozen
#   4    1   TBfeo      redshift            0.0          frozen
#   5    2   simpl      Gamma               2.34656      +/-  0.131679     
#   6    2   simpl      FracSctr            6.44522E-02  +/-  9.01852E-03  
#   7    2   simpl      UpScOnly            1.00000      frozen
#   8    3   diskbb     Tin        keV      0.430025     +/-  5.12819E-03  
#   9    3   diskbb     norm                5453.16      +/-  299.899      
#  10    4   relxill    Index1              3.00000      frozen
#  11    4   relxill    Index2              3.00000      frozen
#  12    4   relxill    Rbr                 15.0000      frozen
#  13    4   relxill    a                   0.998000     +/-  -1.00000     
#  14    4   relxill    Incl       deg      5.00000      +/-  -1.00000     
#  15    4   relxill    Rin                 -1.00000     frozen
#  16    4   relxill    Rout                400.000      frozen
#  17    4   relxill    z                   0.0          frozen
#  18    4   relxill    gamma               2.34656      = p5
#  19    4   relxill    logxi               0.104780     frozen
#  20    4   relxill    Afe                 10.0000      +/-  -1.00000     
#  21    4   relxill    Ecut       keV      100.000      frozen
#  22    4   relxill    refl_frac           -1.00000     frozen
#  23    4   relxill    norm                2.16688E-21  +/-  -1.00000     
#________________________________________________________________________
#
#
!XSPEC12> log none
#