#XSPEC version: 12.11.0m
#Build Date/Time: Sun Oct 25 08:05:27 2020
#
!XSPEC12> show data
#
#1 file 1 spectrum 
#Spectrum 1  Spectral Data File: /home/thaddaeus/FMU/Steiner/thaddaeus/1130360222/jspipe/js_ni1130360222_0mpu7_silver_GTI0.jsgrp
#Net count rate (cts/s) for Spectrum:1  1.599e+00 +/- 5.203e-02 (70.7 % total)
# Assigned to Data Group 1 and Plot Group 1
#  Noticed Channels:  22-50,76-216
#  Telescope: NICER Instrument: XTI  Channel Type: PI
#  Exposure Time: 859.7 sec
# Using fit statistic: pgstat
# Using Background File                /home/thaddaeus/FMU/Steiner/thaddaeus/1130360222/jspipe/js_ni1130360222_0mpu7_silver_GTI0.bg
#  Background Exposure Time: 859.7 sec
# Using Response (RMF) File            /home/thaddaeus/FMU/Steiner/thaddaeus/nicer_d49_55575341.rmf for Source 1
# Using Auxiliary Response (ARF) File  /home/thaddaeus/FMU/Steiner/thaddaeus/nicer_d49_55575341.arf
#
#
!XSPEC12> show fit
#
#Fit statistic  : PG-Statistic                 224.88     using 170 bins.
#
#Test statistic : Chi-Squared                  269.47     using 170 bins.
# Null hypothesis probability of 2.34e-07 with 162 degrees of freedom
#
!XSPEC12> show param
#
#Parameters defined:
#========================================================================
#Model TBfeo<1>(simpl<2>(diskbb<3> + relxill<4>)) Source No.: 1   Active/On
#Model Model Component  Parameter  Unit     Value
# par  comp
#   1    1   TBfeo      nH         10^22    3.76232      frozen
#   2    1   TBfeo      O                   0.675630     frozen
#   3    1   TBfeo      Fe                  0.909694     frozen
#   4    1   TBfeo      redshift            0.0          frozen
#   5    2   simpl      Gamma               1.30000      +/-  12.7083      
#   6    2   simpl      FracSctr            4.98981E-03  +/-  6.07856      
#   7    2   simpl      UpScOnly            1.00000      frozen
#   8    3   diskbb     Tin        keV      1.14150      +/-  1.38732      
#   9    3   diskbb     norm                0.667325     +/-  4.90588      
#  10    4   relxill    Index1              3.00000      frozen
#  11    4   relxill    Index2              3.00000      frozen
#  12    4   relxill    Rbr                 15.0000      frozen
#  13    4   relxill    a                   0.670663     +/-  0.916802     
#  14    4   relxill    Incl       deg      87.0000      +/-  22.3905      
#  15    4   relxill    Rin                 -1.00000     frozen
#  16    4   relxill    Rout                400.000      frozen
#  17    4   relxill    z                   0.0          frozen
#  18    4   relxill    gamma               1.30000      = p5
#  19    4   relxill    logxi               4.20551E-07  frozen
#  20    4   relxill    Afe                 4.47535      +/-  47.6243      
#  21    4   relxill    Ecut       keV      100.000      frozen
#  22    4   relxill    refl_frac           -1.00000     frozen
#  23    4   relxill    norm                1.92783E-04  +/-  1.11414E-03  
#________________________________________________________________________
#
#
!XSPEC12> log none
#