#XSPEC version: 12.11.0m
#Build Date/Time: Sun Oct 25 08:05:27 2020
#
!XSPEC12> show data
#
#1 file 1 spectrum 
#Spectrum 1  Spectral Data File: /home/thaddaeus/FMU/Steiner/thaddaeus/1130360185/jspipe/js_ni1130360185_0mpu7_silver_GTI0.jsgrp
#Net count rate (cts/s) for Spectrum:1  7.807e+01 +/- 5.132e-01 (99.5 % total)
# Assigned to Data Group 1 and Plot Group 1
#  Noticed Channels:  22-54,79-213
#  Telescope: NICER Instrument: XTI  Channel Type: PI
#  Exposure Time: 297.9 sec
# Using fit statistic: pgstat
# Using Background File                /home/thaddaeus/FMU/Steiner/thaddaeus/1130360185/jspipe/js_ni1130360185_0mpu7_silver_GTI0.bg
#  Background Exposure Time: 297.9 sec
# Using Response (RMF) File            /home/thaddaeus/FMU/Steiner/thaddaeus/nicer_d49_55575341.rmf for Source 1
# Using Auxiliary Response (ARF) File  /home/thaddaeus/FMU/Steiner/thaddaeus/nicer_d49_55575341.arf
#
#
!XSPEC12> show fit
#
#Fit statistic  : PG-Statistic                 195.27     using 168 bins.
#
#Test statistic : Chi-Squared                  205.17     using 168 bins.
# Null hypothesis probability of 9.22e-03 with 160 degrees of freedom
#
!XSPEC12> show param
#
#Parameters defined:
#========================================================================
#Model TBfeo<1>(simpl<2>(diskbb<3> + relxill<4>)) Source No.: 1   Active/On
#Model Model Component  Parameter  Unit     Value
# par  comp
#   1    1   TBfeo      nH         10^22    3.76232      frozen
#   2    1   TBfeo      O                   0.675630     frozen
#   3    1   TBfeo      Fe                  0.909694     frozen
#   4    1   TBfeo      redshift            0.0          frozen
#   5    2   simpl      Gamma               3.37842      +/-  0.322832     
#   6    2   simpl      FracSctr            9.53201E-02  +/-  2.74310E-02  
#   7    2   simpl      UpScOnly            1.00000      frozen
#   8    3   diskbb     Tin        keV      0.415863     +/-  7.72261E-03  
#   9    3   diskbb     norm                6774.34      +/-  580.541      
#  10    4   relxill    Index1              3.00000      frozen
#  11    4   relxill    Index2              3.00000      frozen
#  12    4   relxill    Rbr                 15.0000      frozen
#  13    4   relxill    a                   0.977320     +/-  0.281451     
#  14    4   relxill    Incl       deg      85.5960      +/-  21.6410      
#  15    4   relxill    Rin                 -1.00000     frozen
#  16    4   relxill    Rout                400.000      frozen
#  17    4   relxill    z                   0.0          frozen
#  18    4   relxill    gamma               3.37842      = p5
#  19    4   relxill    logxi               0.512991     frozen
#  20    4   relxill    Afe                 9.54884      +/-  22.9041      
#  21    4   relxill    Ecut       keV      100.000      frozen
#  22    4   relxill    refl_frac           -1.00000     frozen
#  23    4   relxill    norm                5.99757E-03  +/-  9.75849E-03  
#________________________________________________________________________
#
#
!XSPEC12> log none
#