#XSPEC version: 12.11.0m
#Build Date/Time: Sun Oct 25 08:05:27 2020
#
!XSPEC12> show data
#
#1 file 1 spectrum 
#Spectrum 1  Spectral Data File: /home/thaddaeus/FMU/Steiner/thaddaeus/1130360187/jspipe/js_ni1130360187_0mpu7_silver_GTI0.jsgrp
#Net count rate (cts/s) for Spectrum:1  3.500e+01 +/- 1.743e-01 (97.1 % total)
# Assigned to Data Group 1 and Plot Group 1
#  Noticed Channels:  22-54,79-254
#  Telescope: NICER Instrument: XTI  Channel Type: PI
#  Exposure Time: 1192 sec
# Using fit statistic: pgstat
# Using Background File                /home/thaddaeus/FMU/Steiner/thaddaeus/1130360187/jspipe/js_ni1130360187_0mpu7_silver_GTI0.bg
#  Background Exposure Time: 1192 sec
# Using Response (RMF) File            /home/thaddaeus/FMU/Steiner/thaddaeus/nicer_d49_55575341.rmf for Source 1
# Using Auxiliary Response (ARF) File  /home/thaddaeus/FMU/Steiner/thaddaeus/nicer_d49_55575341.arf
#
#
!XSPEC12> show fit
#
#Fit statistic  : PG-Statistic                 227.70     using 209 bins.
#
#Test statistic : Chi-Squared                  242.77     using 209 bins.
# Null hypothesis probability of 2.35e-02 with 201 degrees of freedom
#
!XSPEC12> show param
#
#Parameters defined:
#========================================================================
#Model TBfeo<1>(simpl<2>(diskbb<3> + relxill<4>)) Source No.: 1   Active/On
#Model Model Component  Parameter  Unit     Value
# par  comp
#   1    1   TBfeo      nH         10^22    3.76232      frozen
#   2    1   TBfeo      O                   0.675630     frozen
#   3    1   TBfeo      Fe                  0.909694     frozen
#   4    1   TBfeo      redshift            0.0          frozen
#   5    2   simpl      Gamma               2.90940      +/-  0.355317     
#   6    2   simpl      FracSctr            0.168237     +/-  2.69980E-02  
#   7    2   simpl      UpScOnly            1.00000      frozen
#   8    3   diskbb     Tin        keV      0.276200     +/-  1.35444E-02  
#   9    3   diskbb     norm                1.31118E+04  +/-  3784.38      
#  10    4   relxill    Index1              3.00000      frozen
#  11    4   relxill    Index2              3.00000      frozen
#  12    4   relxill    Rbr                 15.0000      frozen
#  13    4   relxill    a                   0.998000     +/-  1.12862      
#  14    4   relxill    Incl       deg      54.5581      +/-  6.51454      
#  15    4   relxill    Rin                 -1.00000     frozen
#  16    4   relxill    Rout                400.000      frozen
#  17    4   relxill    z                   0.0          frozen
#  18    4   relxill    gamma               2.90940      = p5
#  19    4   relxill    logxi               0.158561     frozen
#  20    4   relxill    Afe                 0.521284     +/-  0.352877     
#  21    4   relxill    Ecut       keV      100.000      frozen
#  22    4   relxill    refl_frac           -1.00000     frozen
#  23    4   relxill    norm                1.77487E-02  +/-  3.19965E-02  
#________________________________________________________________________
#
#
!XSPEC12> log none
#