#XSPEC version: 12.11.0m
#Build Date/Time: Sun Oct 25 08:05:27 2020
#
!XSPEC12> show data
#
#1 file 1 spectrum 
#Spectrum 1  Spectral Data File: /home/thaddaeus/FMU/Steiner/thaddaeus/1130360192/jspipe/js_ni1130360192_0mpu7_silver_GTI0.jsgrp
#Net count rate (cts/s) for Spectrum:1  2.836e+00 +/- 5.443e-02 (74.0 % total)
# Assigned to Data Group 1 and Plot Group 1
#  Noticed Channels:  22-54,79-245
#  Telescope: NICER Instrument: XTI  Channel Type: PI
#  Exposure Time: 1350 sec
# Using fit statistic: pgstat
# Using Background File                /home/thaddaeus/FMU/Steiner/thaddaeus/1130360192/jspipe/js_ni1130360192_0mpu7_silver_GTI0.bg
#  Background Exposure Time: 1350 sec
# Using Response (RMF) File            /home/thaddaeus/FMU/Steiner/thaddaeus/nicer_d49_55575341.rmf for Source 1
# Using Auxiliary Response (ARF) File  /home/thaddaeus/FMU/Steiner/thaddaeus/nicer_d49_55575341.arf
#
#
!XSPEC12> show fit
#
#Fit statistic  : PG-Statistic                 186.16     using 200 bins.
#
#Test statistic : Chi-Squared                  186.16     using 200 bins.
# Null hypothesis probability of 6.05e-01 with 192 degrees of freedom
#
!XSPEC12> show param
#
#Parameters defined:
#========================================================================
#Model TBfeo<1>(simpl<2>(diskbb<3> + relxill<4>)) Source No.: 1   Active/On
#Model Model Component  Parameter  Unit     Value
# par  comp
#   1    1   TBfeo      nH         10^22    3.76232      frozen
#   2    1   TBfeo      O                   0.675630     frozen
#   3    1   TBfeo      Fe                  0.909694     frozen
#   4    1   TBfeo      redshift            0.0          frozen
#   5    2   simpl      Gamma               1.84409      +/-  0.700027     
#   6    2   simpl      FracSctr            9.39609E-02  +/-  2.34357      
#   7    2   simpl      UpScOnly            1.00000      frozen
#   8    3   diskbb     Tin        keV      0.190526     +/-  5.60791E-02  
#   9    3   diskbb     norm                7288.88      +/-  3.27371E+04  
#  10    4   relxill    Index1              3.00000      frozen
#  11    4   relxill    Index2              3.00000      frozen
#  12    4   relxill    Rbr                 15.0000      frozen
#  13    4   relxill    a                   -0.997931    +/-  7051.72      
#  14    4   relxill    Incl       deg      86.3677      +/-  3.30453E+04  
#  15    4   relxill    Rin                 -1.00000     frozen
#  16    4   relxill    Rout                400.000      frozen
#  17    4   relxill    z                   0.0          frozen
#  18    4   relxill    gamma               1.84409      = p5
#  19    4   relxill    logxi               4.56073      frozen
#  20    4   relxill    Afe                 9.87925      +/-  6385.47      
#  21    4   relxill    Ecut       keV      100.000      frozen
#  22    4   relxill    refl_frac           -1.00000     frozen
#  23    4   relxill    norm                1.25666E-06  +/-  7.94594E-04  
#________________________________________________________________________
#
#
!XSPEC12> log none
#