#XSPEC version: 12.11.0m
#Build Date/Time: Sun Oct 25 08:05:27 2020
#
!XSPEC12> show data
#
#1 file 1 spectrum 
#Spectrum 1  Spectral Data File: /home/thaddaeus/FMU/Steiner/thaddaeus/1130360226/jspipe/js_ni1130360226_0mpu7_silver_GTI0.jsgrp
#Net count rate (cts/s) for Spectrum:1  8.593e+00 +/- 1.485e-01 (96.0 % total)
# Assigned to Data Group 1 and Plot Group 1
#  Noticed Channels:  20-41,67-214
#  Telescope: NICER Instrument: XTI  Channel Type: PI
#  Exposure Time: 406.8 sec
# Using fit statistic: pgstat
# Using Background File                /home/thaddaeus/FMU/Steiner/thaddaeus/1130360226/jspipe/js_ni1130360226_0mpu7_silver_GTI0.bg
#  Background Exposure Time: 406.8 sec
# Using Response (RMF) File            /home/thaddaeus/FMU/Steiner/thaddaeus/nicer_d49_u12p5_25_55575341.rmf for Source 1
# Using Auxiliary Response (ARF) File  /home/thaddaeus/FMU/Steiner/thaddaeus/nicer_d49_55575341.arf
#
#
!XSPEC12> show fit
#
#Fit statistic  : PG-Statistic                 160.45     using 170 bins.
#
#Test statistic : Chi-Squared                  182.52     using 170 bins.
# Null hypothesis probability of 1.29e-01 with 162 degrees of freedom
#
!XSPEC12> show param
#
#Parameters defined:
#========================================================================
#Model TBfeo<1>(simpl<2>(diskbb<3> + relxill<4>)) Source No.: 1   Active/On
#Model Model Component  Parameter  Unit     Value
# par  comp
#   1    1   TBfeo      nH         10^22    3.76232      frozen
#   2    1   TBfeo      O                   0.675630     frozen
#   3    1   TBfeo      Fe                  0.909694     frozen
#   4    1   TBfeo      redshift            0.0          frozen
#   5    2   simpl      Gamma               1.57110      +/-  0.658708     
#   6    2   simpl      FracSctr            0.540929     +/-  0.688311     
#   7    2   simpl      UpScOnly            1.00000      frozen
#   8    3   diskbb     Tin        keV      0.222178     +/-  0.286102     
#   9    3   diskbb     norm                1820.57      +/-  1.05293E+04  
#  10    4   relxill    Index1              3.00000      frozen
#  11    4   relxill    Index2              3.00000      frozen
#  12    4   relxill    Rbr                 15.0000      frozen
#  13    4   relxill    a                   0.998000     +/-  184.713      
#  14    4   relxill    Incl       deg      51.5922      +/-  882.152      
#  15    4   relxill    Rin                 -1.00000     frozen
#  16    4   relxill    Rout                400.000      frozen
#  17    4   relxill    z                   0.0          frozen
#  18    4   relxill    gamma               1.57110      = p5
#  19    4   relxill    logxi               2.68205      frozen
#  20    4   relxill    Afe                 0.500000     +/-  90.8702      
#  21    4   relxill    Ecut       keV      100.000      frozen
#  22    4   relxill    refl_frac           -1.00000     frozen
#  23    4   relxill    norm                1.32713E-05  +/-  1.21548E-03  
#________________________________________________________________________
#
#
!XSPEC12> log none
#