#XSPEC version: 12.11.0m
#Build Date/Time: Sun Oct 25 08:05:27 2020
#
!XSPEC12> chatter 5 5
#
!XSPEC12> parallel error 2
#
!XSPEC12> error 1. 5 6 8
#***Warning: New best fit found, fit parameters will be set to new values.
#***Warning: New best fit found, fit parameters will be set to new values.
#***Warning: Parameter pegged at hard limit: 1.3
#Apparent non-monotonicity in statistic space detected.
#Current bracket values 3.39265, 3.4
#and delta stat 0.986762, 1.0536
#but latest trial 3.39413 gives 1.1475
#Suggest that you check this result using the steppar command.
#     5            0      3.39633    (-3.11481,0.281518)
#Apparent non-monotonicity in statistic space detected.
#Current bracket values 1.01599, 0.867815
#and delta stat 0.94256, 3.04672
#but latest trial 1.00598 gives 0.93166
#Suggest that you check this result using the steppar command.
#***Warning: New best fit found, fit parameters will be set to new values.
#Apparent non-monotonicity in statistic space detected.
#Current bracket values 2.99339, 2.82425
#and delta stat 0, 1.2892
#but latest trial 2.84858 gives 1.54617
#Suggest that you check this result using the steppar command.
#Apparent non-monotonicity in statistic space detected.
#Current bracket values 1.35124, 1.42924
#and delta stat 0.490018, 1.20357
#but latest trial 1.41004 gives 3.69188
#Suggest that you check this result using the steppar command.
#     8      1.03217      1.39024    (-0.135308,0.222758)
#***Warning: New best fit found, fit parameters will be set to new values.
#Apparent non-monotonicity in statistic space detected.
#Current bracket values 3.05349, 2.94492
#and delta stat 0, 1.02091
#but latest trial 2.94615 gives 1.16624
#Suggest that you check this result using the steppar command.
#Apparent non-monotonicity in statistic space detected.
#Current bracket values 3.37169, 3.37482
#and delta stat 0.964387, 1.08168
#but latest trial 3.37282 gives 0.935494
#Suggest that you check this result using the steppar command.
#     5      2.99921      3.37325    (-0.0538651,0.320181)
#Apparent non-monotonicity in statistic space detected.
#Current bracket values 1.29277, 1.94011
#and delta stat 0.58671, 9.07297
#but latest trial 1.35418 gives 0.559317
#Suggest that you check this result using the steppar command.
#     8      1.03736      1.61644    (-0.130655,0.448423)
#***Warning: New best fit found, fit parameters will be set to new values.
#Apparent non-monotonicity in statistic space detected.
#Current bracket values 2.16824, 2.07107
#and delta stat 0.0159064, 1.23315
#but latest trial 2.10188 gives 3.35682
#Suggest that you check this result using the steppar command.
#     5      2.11965      3.39377    (-0.884824,0.389299)
#
#***Warning: Number of trials exceeded before bracketing of delta fit-stat.
#Last attempt: 0.001, with delta statistic: 3.49727e-08
#
#
#***Warning: Number of trials exceeded before bracketing of delta fit-stat.
#Last attempt: 0.001, with delta statistic: 3.49728e-08
#
#
#***Warning: Number of trials exceeded before bracketing of delta fit-stat.
#Last attempt: 0.001, with delta statistic: 3.49728e-08
#
#
#***Warning: Number of trials exceeded before bracketing of delta fit-stat.
#Last attempt: 0.001, with delta statistic: 3.49728e-08
#
#***Warning: Error search cannot find bracket around delta fit-stat,
#   will automatically exit from trials loop.
#   parameter lower  bound is INVALID.
#
#
#***Warning: Number of trials exceeded before bracketing of delta fit-stat.
#Last attempt: 0.001, with delta statistic: 3.49727e-08
#
#
#***Warning: Number of trials exceeded before bracketing of delta fit-stat.
#Last attempt: 0.001, with delta statistic: 3.49729e-08
#
#Apparent non-monotonicity in statistic space detected.
#Current bracket values -1.10945e+12, 4.70097e+11
#and delta stat 3.49729e-08, 4.40526
#but latest trial -5.63922e+11 gives 3.49729e-08
#Suggest that you check this result using the steppar command.
#     6            0        0.001    (-0.001,7.96585e-15)
#Apparent non-monotonicity in statistic space detected.
#Current bracket values 1.025, 1.02358
#and delta stat 0.94654, 1.04209
#but latest trial 1.02424 gives 0.942316
#Suggest that you check this result using the steppar command.
#Apparent non-monotonicity in statistic space detected.
#Current bracket values 1.29833, 1.39435
#and delta stat 0.722095, 8.21257
#but latest trial 1.30756 gives 0.685895
#Suggest that you check this result using the steppar command.
#     8      1.02429      1.34634    (-0.1662,0.155853)
#
!XSPEC12> log none
#