#XSPEC version: 12.11.0m
#Build Date/Time: Sun Oct 25 08:05:27 2020
#
!XSPEC12> chatter 5 5
#
!XSPEC12> parallel error 2
#
!XSPEC12> error 1. 5 6 8
#***Warning: New best fit found, fit parameters will be set to new values.
#Apparent non-monotonicity in statistic space detected.
#Current bracket values 0.392997, 0.457542
#and delta stat 0.397392, 1.15536
#but latest trial 0.446566 gives 1.92669
#Suggest that you check this result using the steppar command.
#     8     0.196184     0.425269    (-0.0703734,0.158711)
#***Warning: New best fit found, fit parameters will be set to new values.
#     8     0.205381     0.412649    (-0.0878698,0.119398)
#***Warning: New best fit found, fit parameters will be set to new values.
#***Warning: New best fit found, fit parameters will be set to new values.
#***Warning: Parameter pegged at hard limit: 1.3
#     5            0      2.66769    (-1.84883,0.81886)
#     6     0.114135     0.291194    (-0.11421,0.0628483)
#     8     0.211292     0.408729    (-0.0917041,0.105732)
#
!XSPEC12> log none
#