#XSPEC version: 12.11.0m
#Build Date/Time: Sun Oct 25 08:05:27 2020
#
!XSPEC12> chatter 5 5
#
!XSPEC12> parallel error 2
#
!XSPEC12> error 1. 5 6 8
#***Warning: Parameter pegged at hard limit: 1.3
#     5            0      1.32588    (-1.3,0.0258787)
#***Warning: New best fit found, fit parameters will be set to new values.
#***Warning: Parameter pegged at hard limit: 1.3
#     5            0      1.32601    (-1.3,0.0260064)
#
#***Warning: Number of trials exceeded before bracketing of delta fit-stat.
#Last attempt: 0.999, with delta statistic: 0.000187469
#
#Apparent non-monotonicity in statistic space detected.
#Current bracket values 3.78223e+12, -1.33267e+12
#and delta stat 0.000187469, 13.17
#but latest trial 2.83464e+12 gives 0.000187469
#Suggest that you check this result using the steppar command.
#
#***Warning: Number of trials exceeded before bracketing of delta fit-stat.
#Last attempt: 0.999, with delta statistic: 0.000187469
#
#
#***Warning: Number of trials exceeded before bracketing of delta fit-stat.
#Last attempt: 0.999, with delta statistic: 0.000187469
#
#
#***Warning: Number of trials exceeded before bracketing of delta fit-stat.
#Last attempt: 0.999, with delta statistic: 0.000187469
#
#
#***Warning: Number of trials exceeded before bracketing of delta fit-stat.
#Last attempt: 0.999, with delta statistic: 0.000187469
#
#***Warning: Error search cannot find bracket around delta fit-stat,
#   will automatically exit from trials loop.
#   parameter upper  bound is INVALID.
#
#     6        0.999            0    (-4.66294e-15,-0.999)
#***Warning: New best fit found, fit parameters will be set to new values.
#***Warning: Parameter pegged at hard limit: 1.3
#     5            0      1.31405    (-1.3,0.0140492)
#
#***Warning: Number of trials exceeded before bracketing of delta fit-stat.
#Last attempt: 0.999, with delta statistic: 0
#
#
#***Warning: Number of trials exceeded before convergence.
#Current trial values 5.72776e+12, -8.1142e+11
#and delta statistic 0, 233.682
#
#
#***Warning: Number of trials exceeded before convergence.
#Current trial values 5.72776e+12, -8.1142e+11
#and delta statistic 0, 233.682
#
#***Warning: Error search cannot converge any further,
#              will automatically exit from trials loop.
#
#
#***Warning: Number of trials exceeded before bracketing of delta fit-stat.
#Last attempt: 0.999, with delta statistic: 0
#
#
#***Warning: Number of trials exceeded before bracketing of delta fit-stat.
#Last attempt: 0.999, with delta statistic: 0
#
#
#***Warning: Number of trials exceeded before bracketing of delta fit-stat.
#Last attempt: 0.999, with delta statistic: 0
#
#***Warning: Error search cannot find bracket around delta fit-stat,
#   will automatically exit from trials loop.
#   parameter upper  bound is INVALID.
#
#     6        0.999            0    (-3.4639e-13,-0.999)
#
#***Warning: Number of trials exceeded before bracketing of delta fit-stat.
#Last attempt: 3, with delta statistic: 0
#
#
#***Warning: Number of trials exceeded before convergence.
#Current trial values 1.27668e+14, -1.26561e+14
#and delta statistic 0, 3.83592
#
#
#***Warning: Number of trials exceeded before convergence.
#Current trial values 1.27668e+14, -1.26561e+14
#and delta statistic 0, 3.83592
#
#***Warning: Error search cannot converge any further,
#              will automatically exit from trials loop.
#
#
#***Warning: Number of trials exceeded before bracketing of delta fit-stat.
#Last attempt: 3, with delta statistic: 0
#
#
#***Warning: Number of trials exceeded before bracketing of delta fit-stat.
#Last attempt: 3, with delta statistic: 0
#
#***Warning: Error search cannot find bracket around delta fit-stat,
#   will automatically exit from trials loop.
#   parameter upper  bound is INVALID.
#
#     8            3            0    (-2.22045e-14,-3)
#
!XSPEC12> log none
#