#XSPEC version: 12.11.0m
#Build Date/Time: Sun Oct 25 08:05:27 2020
#
!XSPEC12> chatter 5 5
#
!XSPEC12> parallel error 2
#
!XSPEC12> error 1. 5 6 8
#Apparent non-monotonicity in statistic space detected.
#Current bracket values 2.25294, 2.25292
#and delta stat 0.913078, 1.35614
#but latest trial 2.25292 gives 1.52648
#Suggest that you check this result using the steppar command.
#     5      2.25293      2.39173    (-0.088074,0.050726)
#***Warning: New best fit found, fit parameters will be set to new values.
#Apparent non-monotonicity in statistic space detected.
#Current bracket values 2.24202, 2.24194
#and delta stat 0.411782, 1.17782
#but latest trial 2.24196 gives 1.18647
#Suggest that you check this result using the steppar command.
#Apparent non-monotonicity in statistic space detected.
#Current bracket values 2.34775, 2.34944
#and delta stat 0.985181, 1.01829
#but latest trial 2.34837 gives 1.03193
#Suggest that you check this result using the steppar command.
#     5      2.24198       2.3486    (-0.0721132,0.0345078)
#Apparent non-monotonicity in statistic space detected.
#Current bracket values 0.159557, 0.159555
#and delta stat 0.9829, 1.02407
#but latest trial 0.159556 gives 0.916352
#Suggest that you check this result using the steppar command.
#Apparent non-monotonicity in statistic space detected.
#Current bracket values 0.274128, 0.274091
#and delta stat 0.55876, 1.13848
#but latest trial 0.2741 gives 1.13943
#Suggest that you check this result using the steppar command.
#Apparent non-monotonicity in statistic space detected.
#Current bracket values 0.308074, 0.308086
#and delta stat 0.968641, 1.13368
#but latest trial 0.308076 gives 0.966066
#Suggest that you check this result using the steppar command.
#     8     0.274109      0.30808    (-0.0185075,0.0154633)
#***Warning: New best fit found, fit parameters will be set to new values.
#     5      2.22113      2.36204    (-0.0920601,0.0488463)
#     6     0.159345     0.175315    (-0.00949521,0.00647466)
#Apparent non-monotonicity in statistic space detected.
#Current bracket values 0.272117, 0.270169
#and delta stat 0.790679, 1.01223
#but latest trial 0.270271 gives 1.55763
#Suggest that you check this result using the steppar command.
#Apparent non-monotonicity in statistic space detected.
#Current bracket values 0.306353, 0.306479
#and delta stat 0.876179, 1.17609
#but latest trial 0.306399 gives 0.836378
#Suggest that you check this result using the steppar command.
#     8     0.271143     0.306416    (-0.0210774,0.0141956)
#
!XSPEC12> log none
#