#XSPEC version: 12.11.0m
#Build Date/Time: Sun Oct 25 08:05:27 2020
#
!XSPEC12> chatter 5 5
#
!XSPEC12> parallel error 2
#
!XSPEC12> error 1. 5 6 8
#Apparent non-monotonicity in statistic space detected.
#Current bracket values 2.36172, -12.1255
#and delta stat 0, 1.25877
#but latest trial -10.5508 gives 1.2588
#Suggest that you check this result using the steppar command.
#***Warning: New best fit found, fit parameters will be set to new values.
#Apparent non-monotonicity in statistic space detected.
#Current bracket values 2.03204, -22.9213
#and delta stat 0, 1.25057
#but latest trial -20.2818 gives 1.3355
#Suggest that you check this result using the steppar command.
#***Warning: New best fit found, fit parameters will be set to new values.
#Apparent non-monotonicity in statistic space detected.
#Current bracket values 1.52292, -5.9571
#and delta stat 0, 2.37744
#but latest trial -3.32827 gives 2.68886
#Suggest that you check this result using the steppar command.
#Apparent non-monotonicity in statistic space detected.
#Current bracket values 8.1365, 9.00246
#and delta stat 0.535659, 1.70481
#but latest trial 8.57681 gives 1.70843
#Suggest that you check this result using the steppar command.
#     8     0.112723      2.97815    (-1.40971,1.45571)
#***Warning: New best fit found, fit parameters will be set to new values.
#Apparent non-monotonicity in statistic space detected.
#Current bracket values -1.26175, -7.16838
#and delta stat 0.441138, 2.19242
#but latest trial -3.59264 gives 2.23661
#Suggest that you check this result using the steppar command.
#Apparent non-monotonicity in statistic space detected.
#Current bracket values 8.9685, 27.6293
#and delta stat 0.452246, 1.79819
#but latest trial 17.0822 gives 0.432638
#Suggest that you check this result using the steppar command.
#     8     0.107169       2.9918    (-1.41054,1.47409)
#***Warning: New best fit found, fit parameters will be set to new values.
#Apparent non-monotonicity in statistic space detected.
#Current bracket values -2.37043, -4.89281
#and delta stat 0.550543, 2.72152
#but latest trial -3.05701 gives 2.79981
#Suggest that you check this result using the steppar command.
#Apparent non-monotonicity in statistic space detected.
#Current bracket values 4.70675, 7.90911
#and delta stat 0.135494, 1.76789
#but latest trial 6.7427 gives 1.8282
#Suggest that you check this result using the steppar command.
#     8     0.108229      2.96464    (-1.39615,1.46026)
#***Warning: New best fit found, fit parameters will be set to new values.
#Apparent non-monotonicity in statistic space detected.
#Current bracket values 0.400738, 0.394424
#and delta stat 0.918424, 2.21804
#but latest trial 0.400339 gives 2.68993
#Suggest that you check this result using the steppar command.
#Apparent non-monotonicity in statistic space detected.
#Current bracket values 7.86549, 14.2247
#and delta stat 0.693035, 1.84157
#but latest trial 9.83465 gives 0.677647
#Suggest that you check this result using the steppar command.
#     8     0.397581      2.98463    (-1.10871,1.47835)
#***Warning: New best fit found, fit parameters will be set to new values.
#Apparent non-monotonicity in statistic space detected.
#Current bracket values 1.50082, -4.7166
#and delta stat 0, 2.48094
#but latest trial -2.4465 gives 2.52184
#Suggest that you check this result using the steppar command.
#Apparent non-monotonicity in statistic space detected.
#Current bracket values 2.91129, 4.06685
#and delta stat 0.4539, 1.89017
#but latest trial 3.44654 gives 2.00913
#Suggest that you check this result using the steppar command.
#     8     0.116463      2.87682    (-1.38379,1.37657)
#***Warning: New best fit found, fit parameters will be set to new values.
#Apparent non-monotonicity in statistic space detected.
#Current bracket values 1.493, -2.61877
#and delta stat 0, 2.20064
#but latest trial 0.212584 gives 2.37823
#Suggest that you check this result using the steppar command.
#Apparent non-monotonicity in statistic space detected.
#Current bracket values 3.08179, 3.77992
#and delta stat 0.639828, 1.96407
#but latest trial 3.35677 gives 0.624657
#Suggest that you check this result using the steppar command.
#     8     0.130286      2.87166    (-1.3622,1.37917)
#***Warning: New best fit found, fit parameters will be set to new values.
#Apparent non-monotonicity in statistic space detected.
#Current bracket values 1.48582, -4.50999
#and delta stat 0, 1.27249
#but latest trial -3.82939 gives 1.60928
#Suggest that you check this result using the steppar command.
#Apparent non-monotonicity in statistic space detected.
#Current bracket values 6.74694, 6.90583
#and delta stat 0.908809, 1.41161
#but latest trial 6.78316 gives 0.796384
#Suggest that you check this result using the steppar command.
#     8     0.117241        2.969    (-1.36806,1.48371)
#***Warning: New best fit found, fit parameters will be set to new values.
#***Warning: New best fit found, fit parameters will be set to new values.
#***Warning: Parameter pegged at hard limit: 1.3
#***Warning: New best fit found, fit parameters will be set to new values.
#
#***Warning: Number of trials exceeded before bracketing of delta fit-stat.
#Last attempt: 0.1, with delta statistic: 0
#
#
#***Warning: Number of trials exceeded before bracketing of delta fit-stat.
#Last attempt: 0.1, with delta statistic: 0
#
#***Warning: Error search cannot find bracket around delta fit-stat,
#   will automatically exit from trials loop.
#   parameter lower  bound is INVALID.
#
#
#***Warning: Number of trials exceeded before bracketing of delta fit-stat.
#Last attempt: 0.1, with delta statistic: 0
#
#
#***Warning: Number of trials exceeded before bracketing of delta fit-stat.
#Last attempt: 0.1, with delta statistic: 0
#
#***Warning: Error search cannot find bracket around delta fit-stat,
#   will automatically exit from trials loop.
#   parameter upper  bound is INVALID.
#
#     8     0.117241        2.969    (0.0172408,2.869)
#***Warning: New best fit found, fit parameters will be set to new values.
#
#***Warning: Number of trials exceeded before bracketing of delta fit-stat.
#Last attempt: 0.1, with delta statistic: 0
#
#
#***Warning: Number of trials exceeded before bracketing of delta fit-stat.
#Last attempt: 0.1, with delta statistic: 0
#
#***Warning: Error search cannot find bracket around delta fit-stat,
#   will automatically exit from trials loop.
#   parameter lower  bound is INVALID.
#
#
#***Warning: Number of trials exceeded before bracketing of delta fit-stat.
#Last attempt: 0.1, with delta statistic: 0
#
#
#***Warning: Number of trials exceeded before bracketing of delta fit-stat.
#Last attempt: 0.1, with delta statistic: 0
#
#***Warning: Error search cannot find bracket around delta fit-stat,
#   will automatically exit from trials loop.
#   parameter upper  bound is INVALID.
#
#     8     0.117241        2.969    (0.0172408,2.869)
#***Warning: New best fit found, fit parameters will be set to new values.
#
#***Warning: Number of trials exceeded before bracketing of delta fit-stat.
#Last attempt: 0.1, with delta statistic: 0
#
#
#***Warning: Number of trials exceeded before bracketing of delta fit-stat.
#Last attempt: 0.1, with delta statistic: 0
#
#***Warning: Error search cannot find bracket around delta fit-stat,
#   will automatically exit from trials loop.
#   parameter lower  bound is INVALID.
#
#
#***Warning: Number of trials exceeded before bracketing of delta fit-stat.
#Last attempt: 0.1, with delta statistic: 0
#
#
#***Warning: Number of trials exceeded before bracketing of delta fit-stat.
#Last attempt: 0.1, with delta statistic: 0
#
#***Warning: Error search cannot find bracket around delta fit-stat,
#   will automatically exit from trials loop.
#   parameter upper  bound is INVALID.
#
#     8     0.117241        2.969    (0.0172408,2.869)
#***Warning: New best fit found, fit parameters will be set to new values.
#Apparent non-monotonicity in statistic space detected.
#Current bracket values 1.51029, 1.47365
#and delta stat 0.187173, 1.80456
#but latest trial 1.48895 gives 0.180721
#Suggest that you check this result using the steppar command.
#Apparent non-monotonicity in statistic space detected.
#Current bracket values 2.14456, 2.18153
#and delta stat 0.498214, 1.13618
#but latest trial 2.16867 gives 1.27595
#Suggest that you check this result using the steppar command.
#     5      1.49197      2.16305    (-0.169322,0.501755)
#Apparent non-monotonicity in statistic space detected.
#Current bracket values 0.086524, 0.0971867
#and delta stat 0.0106742, 1.56961
#but latest trial 0.0940884 gives 1.78455
#Suggest that you check this result using the steppar command.
#     6   0.00941196    0.0918553    (-0.0585087,0.0239347)
#
#***Warning: Number of trials exceeded before bracketing of delta fit-stat.
#Last attempt: 0.1, with delta statistic: 0
#
#
#***Warning: Number of trials exceeded before bracketing of delta fit-stat.
#Last attempt: 0.1, with delta statistic: 0
#
#***Warning: Error search cannot find bracket around delta fit-stat,
#   will automatically exit from trials loop.
#   parameter lower  bound is INVALID.
#
#
#***Warning: Number of trials exceeded before bracketing of delta fit-stat.
#Last attempt: 0.1, with delta statistic: 0
#
#
#***Warning: Number of trials exceeded before bracketing of delta fit-stat.
#Last attempt: 0.1, with delta statistic: 0
#
#***Warning: Error search cannot find bracket around delta fit-stat,
#   will automatically exit from trials loop.
#   parameter upper  bound is INVALID.
#
#     8     0.117241        2.969    (0.0172408,2.869)
#
!XSPEC12> log none
#