#XSPEC version: 12.11.0
#Build Date/Time: Thu Jul  2 16:22:45 2020
#
!XSPEC12> chatter 10
#
!XSPEC12> show data
#
#1 file 1 spectrum 
#Spectrum 1  Spectral Data File: /home/thaddaeus/FMU/Steiner/thaddaeus/1130360217/jspipe/js_ni1130360217_0mpu7_silver_GTI0.jsgrp
#Net count rate (cts/s) for Spectrum:1  2.192e+00 +/- 5.942e-02 (87.0 % total)
# Assigned to Data Group 1 and Plot Group 1
#  Noticed Channels:  29-180
#  Telescope: NICER Instrument: XTI  Channel Type: PI
#  Exposure Time: 720.8 sec
# Using fit statistic: pgstat
# Using Background File                /home/thaddaeus/FMU/Steiner/thaddaeus/1130360217/jspipe/js_ni1130360217_0mpu7_silver_GTI0.bg
#  Background Exposure Time: 720.8 sec
# Using Response (RMF) File            /home/thaddaeus/FMU/Steiner/thaddaeus/nicer_d49_55575341.rmf for Source 1
# Using Auxiliary Response (ARF) File  /home/thaddaeus/FMU/Steiner/thaddaeus/nicer_d49_55575341.arf
#
#
!XSPEC12> show fit
#
#Fit statistic  : PG-Statistic                 142.67     using 152 bins.
#
#Test statistic : Chi-Squared                  163.92     using 152 bins.
# Null hypothesis probability of 1.61e-01 with 147 degrees of freedom
#
!XSPEC12> show param
#
#Parameters defined:
#========================================================================
#Model TBabs<1>*simpl<2>*diskbb<3> Source No.: 1   Active/On
#Model Model Component  Parameter  Unit     Value
# par  comp
#   1    1   TBabs      nH         10^22    2.21169      +/-  1.12160      
#   2    2   simpl      Gamma               1.67827      +/-  0.276588     
#   3    2   simpl      FracSctr            0.990025     +/-  66.9755      
#   4    2   simpl      UpScOnly            1.00000      frozen
#   5    3   diskbb     Tin        keV      0.408684     +/-  40.8406      
#   6    3   diskbb     norm                15.7698      +/-  4961.64      
#________________________________________________________________________
#
#
!XSPEC12> log none
#