#XSPEC version: 12.11.0
#Build Date/Time: Thu Jul  2 16:22:45 2020
#
!XSPEC12> chatter 10
#
!XSPEC12> show data
#
#1 file 1 spectrum 
#Spectrum 1  Spectral Data File: /home/thaddaeus/FMU/Steiner/thaddaeus/1130360211/jspipe/js_ni1130360211_0mpu7_silver_GTI0.jsgrp
#Net count rate (cts/s) for Spectrum:1  1.675e+01 +/- 3.175e-01 (94.0 % total)
# Assigned to Data Group 1 and Plot Group 1
#  Noticed Channels:  32-201
#  Telescope: NICER Instrument: XTI  Channel Type: PI
#  Exposure Time: 176.9 sec
# Using fit statistic: pgstat
# Using Background File                /home/thaddaeus/FMU/Steiner/thaddaeus/1130360211/jspipe/js_ni1130360211_0mpu7_silver_GTI0.bg
#  Background Exposure Time: 176.9 sec
# Using Response (RMF) File            /home/thaddaeus/FMU/Steiner/thaddaeus/nicer_d49_55575341.rmf for Source 1
# Using Auxiliary Response (ARF) File  /home/thaddaeus/FMU/Steiner/thaddaeus/nicer_d49_55575341.arf
#
#
!XSPEC12> show fit
#
#Fit statistic  : PG-Statistic                 154.17     using 170 bins.
#
#Test statistic : Chi-Squared                  164.00     using 170 bins.
# Null hypothesis probability of 5.07e-01 with 165 degrees of freedom
#
!XSPEC12> show param
#
#Parameters defined:
#========================================================================
#Model TBabs<1>*simpl<2>*diskbb<3> Source No.: 1   Active/On
#Model Model Component  Parameter  Unit     Value
# par  comp
#   1    1   TBabs      nH         10^22    1.99964      +/-  1.81913      
#   2    2   simpl      Gamma               1.85836      +/-  1.04601      
#   3    2   simpl      FracSctr            0.990051     +/-  70.7476      
#   4    2   simpl      UpScOnly            1.00000      frozen
#   5    3   diskbb     Tin        keV      0.812266     +/-  64.8948      
#   6    3   diskbb     norm                9.99114      +/-  2435.63      
#________________________________________________________________________
#
#
!XSPEC12> log none
#