#XSPEC version: 12.11.0
#Build Date/Time: Thu Jul  2 16:22:45 2020
#
!XSPEC12> chatter 10
#
!XSPEC12> show data
#
#1 file 1 spectrum 
#Spectrum 1  Spectral Data File: /home/thaddaeus/FMU/Steiner/thaddaeus/1130360210/jspipe/js_ni1130360210_0mpu7_silver_GTI0.jsgrp
#Net count rate (cts/s) for Spectrum:1  2.146e+01 +/- 4.182e-01 (95.2 % total)
# Assigned to Data Group 1 and Plot Group 1
#  Noticed Channels:  29-193
#  Telescope: NICER Instrument: XTI  Channel Type: PI
#  Exposure Time: 128.9 sec
# Using fit statistic: pgstat
# Using Background File                /home/thaddaeus/FMU/Steiner/thaddaeus/1130360210/jspipe/js_ni1130360210_0mpu7_silver_GTI0.bg
#  Background Exposure Time: 128.9 sec
# Using Response (RMF) File            /home/thaddaeus/FMU/Steiner/thaddaeus/nicer_d49_55575341.rmf for Source 1
# Using Auxiliary Response (ARF) File  /home/thaddaeus/FMU/Steiner/thaddaeus/nicer_d49_55575341.arf
#
#
!XSPEC12> show fit
#
#Fit statistic  : PG-Statistic                 166.88     using 165 bins.
#
#Test statistic : Chi-Squared                  172.38     using 165 bins.
# Null hypothesis probability of 2.38e-01 with 160 degrees of freedom
#
!XSPEC12> show param
#
#Parameters defined:
#========================================================================
#Model TBabs<1>*simpl<2>*diskbb<3> Source No.: 1   Active/On
#Model Model Component  Parameter  Unit     Value
# par  comp
#   1    1   TBabs      nH         10^22    1.89926      +/-  0.194125     
#   2    2   simpl      Gamma               1.74526      +/-  0.481020     
#   3    2   simpl      FracSctr            0.968175     +/-  7.07465      
#   4    2   simpl      UpScOnly            1.00000      frozen
#   5    3   diskbb     Tin        keV      0.624611     +/-  6.35577      
#   6    3   diskbb     norm                31.3276      +/-  939.281      
#________________________________________________________________________
#
#
!XSPEC12> log none
#