#XSPEC version: 12.11.0
#Build Date/Time: Thu Jul  2 16:22:45 2020
#
!XSPEC12> chatter 10
#
!XSPEC12> show data
#
#1 file 1 spectrum 
#Spectrum 1  Spectral Data File: /home/thaddaeus/FMU/Steiner/thaddaeus/1130360189/jspipe/js_ni1130360189_0mpu7_silver_GTI0.jsgrp
#Net count rate (cts/s) for Spectrum:1  1.903e+01 +/- 4.045e-01 (82.8 % total)
# Assigned to Data Group 1 and Plot Group 1
#  Noticed Channels:  31-220
#  Telescope: NICER Instrument: XTI  Channel Type: PI
#  Exposure Time: 140.9 sec
# Using fit statistic: pgstat
# Using Background File                /home/thaddaeus/FMU/Steiner/thaddaeus/1130360189/jspipe/js_ni1130360189_0mpu7_silver_GTI0.bg
#  Background Exposure Time: 140.9 sec
# Using Response (RMF) File            /home/thaddaeus/FMU/Steiner/thaddaeus/nicer_d49_55575341.rmf for Source 1
# Using Auxiliary Response (ARF) File  /home/thaddaeus/FMU/Steiner/thaddaeus/nicer_d49_55575341.arf
#
#
!XSPEC12> show fit
#
#Fit statistic  : PG-Statistic                 186.83     using 190 bins.
#
#Test statistic : Chi-Squared                  211.18     using 190 bins.
# Null hypothesis probability of 9.08e-02 with 185 degrees of freedom
#
!XSPEC12> show param
#
#Parameters defined:
#========================================================================
#Model TBabs<1>*simpl<2>*diskbb<3> Source No.: 1   Active/On
#Model Model Component  Parameter  Unit     Value
# par  comp
#   1    1   TBabs      nH         10^22    2.94012      +/-  0.372496     
#   2    2   simpl      Gamma               1.39365      +/-  0.361124     
#   3    2   simpl      FracSctr            0.373462     +/-  0.107962     
#   4    2   simpl      UpScOnly            1.00000      frozen
#   5    3   diskbb     Tin        keV      0.495876     +/-  0.149667     
#   6    3   diskbb     norm                159.547      +/-  203.673      
#________________________________________________________________________
#
#
!XSPEC12> log none
#