#XSPEC version: 12.11.0
#Build Date/Time: Thu Jul  2 16:22:45 2020
#
!XSPEC12> chatter 10
#
!XSPEC12> show data
#
#1 file 1 spectrum 
#Spectrum 1  Spectral Data File: /home/thaddaeus/FMU/Steiner/thaddaeus/1130360199/jspipe/js_ni1130360199_0mpu7_silver_GTI0.jsgrp
#Net count rate (cts/s) for Spectrum:1  1.326e+01 +/- 2.576e-01 (95.7 % total)
# Assigned to Data Group 1 and Plot Group 1
#  Noticed Channels:  26-198
#  Telescope: NICER Instrument: XTI  Channel Type: PI
#  Exposure Time: 208.9 sec
# Using fit statistic: pgstat
# Using Background File                /home/thaddaeus/FMU/Steiner/thaddaeus/1130360199/jspipe/js_ni1130360199_0mpu7_silver_GTI0.bg
#  Background Exposure Time: 208.9 sec
# Using Response (RMF) File            /home/thaddaeus/FMU/Steiner/thaddaeus/nicer_d49_55575341.rmf for Source 1
# Using Auxiliary Response (ARF) File  /home/thaddaeus/FMU/Steiner/thaddaeus/nicer_d49_55575341.arf
#
#
!XSPEC12> show fit
#
#Fit statistic  : PG-Statistic                 170.32     using 173 bins.
#
#Test statistic : Chi-Squared                  191.21     using 173 bins.
# Null hypothesis probability of 1.06e-01 with 168 degrees of freedom
#
!XSPEC12> show param
#
#Parameters defined:
#========================================================================
#Model TBabs<1>*simpl<2>*diskbb<3> Source No.: 1   Active/On
#Model Model Component  Parameter  Unit     Value
# par  comp
#   1    1   TBabs      nH         10^22    2.28817      +/-  0.197921     
#   2    2   simpl      Gamma               1.39365      +/-  3.84271      
#   3    2   simpl      FracSctr            0.704296     +/-  1.17031      
#   4    2   simpl      UpScOnly            1.00000      frozen
#   5    3   diskbb     Tin        keV      1.52715      +/-  2.58264      
#   6    3   diskbb     norm                1.35261      +/-  3.60870      
#________________________________________________________________________
#
#
!XSPEC12> log none
#